TpTrace Verbose: 0 : 23848, 1, 2023/01/09, 19:20:32.776, 12058517942909, vstest.console.dll, Version: 17.4.0-release-20221019-01 Current process architecture: X64
TpTrace Verbose: 0 : 23848, 1, 2023/01/09, 19:20:32.777, 12058517955708, vstest.console.dll, Runtime location: C:\Program Files\dotnet\shared\Microsoft.NETCore.App\7.0.1
TpTrace Verbose: 0 : 23848, 1, 2023/01/09, 19:20:32.779, 12058517978475, vstest.console.dll, ArtifactProcessingPostProcessModeProcessorExecutor.Initialize: ArtifactProcessingMode.Collect
TpTrace Verbose: 0 : 23848, 1, 2023/01/09, 19:20:32.780, 12058517979467, vstest.console.dll, TestSessionCorrelationIdProcessorModeProcessorExecutor.Initialize: TestSessionCorrelationId '30260_5eeb4ecf-442e-4257-8a9b-0e4e504b1cfc'
TpTrace Information: 0 : 23848, 1, 2023/01/09, 19:20:32.785, 12058518032757, vstest.console.dll, FilePatternParser: The given file F:\Projetos ASP.NET\Curso Testes\TestesDeSoftware\Features.Tests\bin\Debug\net6.0\fine-code-coverage\build-output\Features.Tests.dll is a full path.
TpTrace Verbose: 0 : 23848, 1, 2023/01/09, 19:20:32.789, 12058518071362, vstest.console.dll, TestPluginCache.DiscoverTestExtensions: finding test extensions in assemblies ends with: RuntimeProvider.dll TPluginInfo: Microsoft.VisualStudio.TestPlatform.Common.ExtensionFramework.Utilities.TestRuntimePluginInformation TExtension: Microsoft.VisualStudio.TestPlatform.ObjectModel.Host.ITestRuntimeProvider
TpTrace Verbose: 0 : 23848, 1, 2023/01/09, 19:20:32.789, 12058518072930, vstest.console.dll, TestPluginCache.GetExtensionPaths: Filtered extension paths: 
TpTrace Verbose: 0 : 23848, 1, 2023/01/09, 19:20:32.789, 12058518073497, vstest.console.dll, TestPluginCache.GetExtensionPaths: Added default extension paths: C:\Program Files\dotnet\sdk\7.0.101\Extensions\Microsoft.Diagnostics.NETCore.Client.dll
C:\Program Files\dotnet\sdk\7.0.101\Extensions\Microsoft.TestPlatform.Extensions.BlameDataCollector.dll
C:\Program Files\dotnet\sdk\7.0.101\Extensions\Microsoft.TestPlatform.Extensions.EventLogCollector.dll
C:\Program Files\dotnet\sdk\7.0.101\Extensions\Microsoft.TestPlatform.TestHostRuntimeProvider.dll
C:\Program Files\dotnet\sdk\7.0.101\Extensions\Microsoft.VisualStudio.TestPlatform.Extensions.Html.TestLogger.dll
C:\Program Files\dotnet\sdk\7.0.101\Extensions\Microsoft.VisualStudio.TestPlatform.Extensions.Trx.TestLogger.dll
TpTrace Verbose: 0 : 23848, 1, 2023/01/09, 19:20:32.789, 12058518073787, vstest.console.dll, TestPluginCache.GetExtensionPaths: Added unfilterableExtensionPaths: 
TpTrace Information: 0 : 23848, 1, 2023/01/09, 19:20:32.789, 12058518078440, vstest.console.dll, AssemblyResolver.ctor: Creating AssemblyResolver with searchDirectories C:\Program Files\dotnet\sdk\7.0.101\Extensions,C:\Program Files\dotnet\sdk\7.0.101
TpTrace Verbose: 0 : 23848, 1, 2023/01/09, 19:20:32.791, 12058518088680, vstest.console.dll, TestPluginCache.DiscoverTestExtensions: Discovering the extensions using extension path.
TpTrace Verbose: 0 : 23848, 1, 2023/01/09, 19:20:32.791, 12058518089682, vstest.console.dll, TestPluginCache.GetExtensionPaths: Filtered extension paths: 
TpTrace Verbose: 0 : 23848, 1, 2023/01/09, 19:20:32.791, 12058518089962, vstest.console.dll, TestPluginCache.GetExtensionPaths: Added default extension paths: C:\Program Files\dotnet\sdk\7.0.101\Extensions\Microsoft.Diagnostics.NETCore.Client.dll
C:\Program Files\dotnet\sdk\7.0.101\Extensions\Microsoft.TestPlatform.Extensions.BlameDataCollector.dll
C:\Program Files\dotnet\sdk\7.0.101\Extensions\Microsoft.TestPlatform.Extensions.EventLogCollector.dll
C:\Program Files\dotnet\sdk\7.0.101\Extensions\Microsoft.TestPlatform.TestHostRuntimeProvider.dll
C:\Program Files\dotnet\sdk\7.0.101\Extensions\Microsoft.VisualStudio.TestPlatform.Extensions.Html.TestLogger.dll
C:\Program Files\dotnet\sdk\7.0.101\Extensions\Microsoft.VisualStudio.TestPlatform.Extensions.Trx.TestLogger.dll
TpTrace Verbose: 0 : 23848, 1, 2023/01/09, 19:20:32.791, 12058518090222, vstest.console.dll, TestPluginCache.GetExtensionPaths: Added unfilterableExtensionPaths: 
TpTrace Verbose: 0 : 23848, 1, 2023/01/09, 19:20:32.791, 12058518090811, vstest.console.dll, TestPluginCache.DiscoverTestExtensions: Discovering the extensions using allExtensionPaths: C:\Program Files\dotnet\sdk\7.0.101\Extensions\Microsoft.Diagnostics.NETCore.Client.dll
C:\Program Files\dotnet\sdk\7.0.101\Extensions\Microsoft.TestPlatform.Extensions.BlameDataCollector.dll
C:\Program Files\dotnet\sdk\7.0.101\Extensions\Microsoft.TestPlatform.Extensions.EventLogCollector.dll
C:\Program Files\dotnet\sdk\7.0.101\Extensions\Microsoft.TestPlatform.TestHostRuntimeProvider.dll
C:\Program Files\dotnet\sdk\7.0.101\Extensions\Microsoft.VisualStudio.TestPlatform.Extensions.Html.TestLogger.dll
C:\Program Files\dotnet\sdk\7.0.101\Extensions\Microsoft.VisualStudio.TestPlatform.Extensions.Trx.TestLogger.dll
TpTrace Information: 0 : 23848, 1, 2023/01/09, 19:20:32.791, 12058518091845, vstest.console.dll, AssemblyResolver.AddSearchDirectories: Adding more searchDirectories C:\Program Files\dotnet\sdk\7.0.101\Extensions,C:\Program Files\dotnet\sdk\7.0.101
TpTrace Information: 0 : 23848, 1, 2023/01/09, 19:20:32.791, 12058518092211, vstest.console.dll, AssemblyResolver.AddSearchDirectories: Adding more searchDirectories C:\Program Files\dotnet\sdk\7.0.101\Extensions,C:\Program Files\dotnet\sdk\7.0.101
TpTrace Information: 0 : 23848, 1, 2023/01/09, 19:20:32.791, 12058518092450, vstest.console.dll, AssemblyResolver.AddSearchDirectories: Adding more searchDirectories C:\Program Files\dotnet\sdk\7.0.101\Extensions,C:\Program Files\dotnet\sdk\7.0.101
TpTrace Information: 0 : 23848, 1, 2023/01/09, 19:20:32.791, 12058518092722, vstest.console.dll, AssemblyResolver.AddSearchDirectories: Adding more searchDirectories C:\Program Files\dotnet\sdk\7.0.101\Extensions,C:\Program Files\dotnet\sdk\7.0.101
TpTrace Information: 0 : 23848, 1, 2023/01/09, 19:20:32.791, 12058518092930, vstest.console.dll, AssemblyResolver.AddSearchDirectories: Adding more searchDirectories C:\Program Files\dotnet\sdk\7.0.101\Extensions,C:\Program Files\dotnet\sdk\7.0.101
TpTrace Information: 0 : 23848, 1, 2023/01/09, 19:20:32.791, 12058518093130, vstest.console.dll, AssemblyResolver.AddSearchDirectories: Adding more searchDirectories C:\Program Files\dotnet\sdk\7.0.101\Extensions,C:\Program Files\dotnet\sdk\7.0.101
TpTrace Information: 0 : 23848, 1, 2023/01/09, 19:20:32.791, 12058518096098, vstest.console.dll, AssemblyResolver.OnResolve: Microsoft.Diagnostics.NETCore.Client: Resolving assembly.
TpTrace Information: 0 : 23848, 1, 2023/01/09, 19:20:32.791, 12058518096554, vstest.console.dll, AssemblyResolver.OnResolve: Microsoft.Diagnostics.NETCore.Client: Searching in: 'C:\Program Files\dotnet\sdk\7.0.101\Extensions'.
TpTrace Information: 0 : 23848, 1, 2023/01/09, 19:20:32.798, 12058518163495, vstest.console.dll, AssemblyResolver.OnResolve: Microsoft.Diagnostics.NETCore.Client: Loading assembly 'C:\Program Files\dotnet\sdk\7.0.101\Extensions\Microsoft.Diagnostics.NETCore.Client.dll'.
TpTrace Information: 0 : 23848, 1, 2023/01/09, 19:20:32.799, 12058518168974, vstest.console.dll, AssemblyResolver.OnResolve: Resolved assembly: Microsoft.Diagnostics.NETCore.Client, from path: C:\Program Files\dotnet\sdk\7.0.101\Extensions\Microsoft.Diagnostics.NETCore.Client.dll
TpTrace Verbose: 0 : 23848, 1, 2023/01/09, 19:20:32.799, 12058518178060, vstest.console.dll, MetadataReaderExtensionsHelper: Discovering extensions inside assembly 'Microsoft.Diagnostics.NETCore.Client, Version=0.2.6.42401, Culture=neutral, PublicKeyToken=31bf3856ad364e35' file path 'C:\Program Files\dotnet\sdk\7.0.101\Extensions\Microsoft.Diagnostics.NETCore.Client.dll'
TpTrace Information: 0 : 23848, 1, 2023/01/09, 19:20:32.803, 12058518211053, vstest.console.dll, AssemblyResolver.OnResolve: Microsoft.Bcl.AsyncInterfaces: Resolving assembly.
TpTrace Information: 0 : 23848, 1, 2023/01/09, 19:20:32.803, 12058518211695, vstest.console.dll, AssemblyResolver.OnResolve: Microsoft.Bcl.AsyncInterfaces: Searching in: 'C:\Program Files\dotnet\sdk\7.0.101\Extensions'.
TpTrace Information: 0 : 23848, 1, 2023/01/09, 19:20:32.803, 12058518212405, vstest.console.dll, AssemblyResolver.OnResolve: Microsoft.Bcl.AsyncInterfaces: Assembly path does not exist: 'C:\Program Files\dotnet\sdk\7.0.101\Extensions\Microsoft.Bcl.AsyncInterfaces.dll', returning.
TpTrace Information: 0 : 23848, 1, 2023/01/09, 19:20:32.803, 12058518213279, vstest.console.dll, AssemblyResolver.OnResolve: Microsoft.Bcl.AsyncInterfaces: Assembly path does not exist: 'C:\Program Files\dotnet\sdk\7.0.101\Extensions\Microsoft.Bcl.AsyncInterfaces.exe', returning.
TpTrace Information: 0 : 23848, 1, 2023/01/09, 19:20:32.803, 12058518213606, vstest.console.dll, AssemblyResolver.OnResolve: Microsoft.Bcl.AsyncInterfaces: Searching in: 'C:\Program Files\dotnet\sdk\7.0.101'.
TpTrace Information: 0 : 23848, 1, 2023/01/09, 19:20:32.803, 12058518214091, vstest.console.dll, AssemblyResolver.OnResolve: Microsoft.Bcl.AsyncInterfaces: Assembly path does not exist: 'C:\Program Files\dotnet\sdk\7.0.101\Microsoft.Bcl.AsyncInterfaces.dll', returning.
TpTrace Information: 0 : 23848, 1, 2023/01/09, 19:20:32.803, 12058518214525, vstest.console.dll, AssemblyResolver.OnResolve: Microsoft.Bcl.AsyncInterfaces: Assembly path does not exist: 'C:\Program Files\dotnet\sdk\7.0.101\Microsoft.Bcl.AsyncInterfaces.exe', returning.
TpTrace Information: 0 : 23848, 1, 2023/01/09, 19:20:32.803, 12058518214731, vstest.console.dll, AssemblyResolver.OnResolve: Microsoft.Bcl.AsyncInterfaces: Failed to load assembly.
TpTrace Verbose: 0 : 23848, 1, 2023/01/09, 19:20:32.803, 12058518215023, vstest.console.dll, CurrentDomainAssemblyResolve: Resolving assembly 'Microsoft.Bcl.AsyncInterfaces'.
TpTrace Information: 0 : 23848, 1, 2023/01/09, 19:20:32.803, 12058518215419, vstest.console.dll, AssemblyResolver.OnResolve: Microsoft.Bcl.AsyncInterfaces: Resolving assembly.
TpTrace Information: 0 : 23848, 1, 2023/01/09, 19:20:32.803, 12058518215683, vstest.console.dll, AssemblyResolver.OnResolve: Microsoft.Bcl.AsyncInterfaces: Resolved from cache.
TpTrace Verbose: 0 : 23848, 1, 2023/01/09, 19:20:32.803, 12058518215858, vstest.console.dll, CurrentDomainAssemblyResolve: Resolving assembly 'Microsoft.Bcl.AsyncInterfaces'.
TpTrace Verbose: 0 : 23848, 1, 2023/01/09, 19:20:32.803, 12058518216077, vstest.console.dll, CurrentDomainAssemblyResolve: Failed to resolve assembly 'Microsoft.Bcl.AsyncInterfaces'.
TpTrace Verbose: 0 : 23848, 1, 2023/01/09, 19:20:32.804, 12058518223061, vstest.console.dll, CurrentDomainAssemblyResolve: Failed to resolve assembly 'Microsoft.Bcl.AsyncInterfaces'.
TpTrace Warning: 0 : 23848, 1, 2023/01/09, 19:20:32.809, 12058518275686, vstest.console.dll, TestPluginDiscoverer: Failed to get types from assembly 'Microsoft.Diagnostics.NETCore.Client, Version=0.2.6.42401, Culture=neutral, PublicKeyToken=31bf3856ad364e35'. Error: System.Reflection.ReflectionTypeLoadException: Unable to load one or more of the requested types.
Could not load file or assembly 'Microsoft.Bcl.AsyncInterfaces, Version=1.0.0.0, Culture=neutral, PublicKeyToken=cc7b13ffcd2ddd51'. O sistema não pode encontrar o arquivo especificado.
   at System.Reflection.RuntimeModule.GetTypes(RuntimeModule module)
   at System.Reflection.Assembly.GetTypes()
   at Microsoft.VisualStudio.TestPlatform.Common.ExtensionFramework.TestPluginDiscoverer.GetTestExtensionsFromAssembly[TPluginInfo,TExtension](Assembly assembly, Dictionary`2 pluginInfos, String filePath)
System.IO.FileNotFoundException: Could not load file or assembly 'Microsoft.Bcl.AsyncInterfaces, Version=1.0.0.0, Culture=neutral, PublicKeyToken=cc7b13ffcd2ddd51'. O sistema não pode encontrar o arquivo especificado.
File name: 'Microsoft.Bcl.AsyncInterfaces, Version=1.0.0.0, Culture=neutral, PublicKeyToken=cc7b13ffcd2ddd51'
 ---> System.IO.FileNotFoundException: Could not load file or assembly 'Microsoft.Bcl.AsyncInterfaces, Culture=neutral, PublicKeyToken=null'. O sistema não pode encontrar o arquivo especificado.
File name: 'Microsoft.Bcl.AsyncInterfaces, Culture=neutral, PublicKeyToken=null'
   at System.Reflection.RuntimeAssembly.InternalLoad(AssemblyName assemblyName, StackCrawlMark& stackMark, AssemblyLoadContext assemblyLoadContext, RuntimeAssembly requestingAssembly, Boolean throwOnFileNotFound)
   at System.Reflection.Assembly.Load(AssemblyName assemblyRef)
   at Microsoft.VisualStudio.TestPlatform.Common.ExtensionFramework.TestPluginCache.CurrentDomainAssemblyResolve(Object sender, AssemblyResolveEventArgs args)
   at System.Runtime.Loader.AssemblyLoadContext.GetFirstResolvedAssemblyFromResolvingEvent(AssemblyName assemblyName)
   at System.Runtime.Loader.AssemblyLoadContext.ResolveUsingEvent(AssemblyName assemblyName)
   at System.Runtime.Loader.AssemblyLoadContext.ResolveUsingResolvingEvent(IntPtr gchManagedAssemblyLoadContext, AssemblyName assemblyName)
TpTrace Warning: 0 : 23848, 1, 2023/01/09, 19:20:32.809, 12058518278400, vstest.console.dll, LoaderExceptions: System.IO.FileNotFoundException: Could not load file or assembly 'Microsoft.Bcl.AsyncInterfaces, Version=1.0.0.0, Culture=neutral, PublicKeyToken=cc7b13ffcd2ddd51'. O sistema não pode encontrar o arquivo especificado.
File name: 'Microsoft.Bcl.AsyncInterfaces, Version=1.0.0.0, Culture=neutral, PublicKeyToken=cc7b13ffcd2ddd51'
 ---> System.IO.FileNotFoundException: Could not load file or assembly 'Microsoft.Bcl.AsyncInterfaces, Culture=neutral, PublicKeyToken=null'. O sistema não pode encontrar o arquivo especificado.
File name: 'Microsoft.Bcl.AsyncInterfaces, Culture=neutral, PublicKeyToken=null'
   at System.Reflection.RuntimeAssembly.InternalLoad(AssemblyName assemblyName, StackCrawlMark& stackMark, AssemblyLoadContext assemblyLoadContext, RuntimeAssembly requestingAssembly, Boolean throwOnFileNotFound)
   at System.Reflection.Assembly.Load(AssemblyName assemblyRef)
   at Microsoft.VisualStudio.TestPlatform.Common.ExtensionFramework.TestPluginCache.CurrentDomainAssemblyResolve(Object sender, AssemblyResolveEventArgs args)
   at System.Runtime.Loader.AssemblyLoadContext.GetFirstResolvedAssemblyFromResolvingEvent(AssemblyName assemblyName)
   at System.Runtime.Loader.AssemblyLoadContext.ResolveUsingEvent(AssemblyName assemblyName)
   at System.Runtime.Loader.AssemblyLoadContext.ResolveUsingResolvingEvent(IntPtr gchManagedAssemblyLoadContext, AssemblyName assemblyName)
TpTrace Information: 0 : 23848, 1, 2023/01/09, 19:20:32.810, 12058518279628, vstest.console.dll, AssemblyResolver.OnResolve: Microsoft.TestPlatform.Extensions.BlameDataCollector: Resolving assembly.
TpTrace Information: 0 : 23848, 1, 2023/01/09, 19:20:32.810, 12058518279917, vstest.console.dll, AssemblyResolver.OnResolve: Microsoft.TestPlatform.Extensions.BlameDataCollector: Searching in: 'C:\Program Files\dotnet\sdk\7.0.101\Extensions'.
TpTrace Information: 0 : 23848, 1, 2023/01/09, 19:20:32.810, 12058518284138, vstest.console.dll, AssemblyResolver.OnResolve: Microsoft.TestPlatform.Extensions.BlameDataCollector: Loading assembly 'C:\Program Files\dotnet\sdk\7.0.101\Extensions\Microsoft.TestPlatform.Extensions.BlameDataCollector.dll'.
TpTrace Information: 0 : 23848, 1, 2023/01/09, 19:20:32.811, 12058518288736, vstest.console.dll, AssemblyResolver.OnResolve: Resolved assembly: Microsoft.TestPlatform.Extensions.BlameDataCollector, from path: C:\Program Files\dotnet\sdk\7.0.101\Extensions\Microsoft.TestPlatform.Extensions.BlameDataCollector.dll
TpTrace Verbose: 0 : 23848, 1, 2023/01/09, 19:20:32.811, 12058518289762, vstest.console.dll, MetadataReaderExtensionsHelper: Discovering extensions inside assembly 'Microsoft.TestPlatform.Extensions.BlameDataCollector, Version=15.0.0.0, Culture=neutral, PublicKeyToken=b03f5f7f11d50a3a' file path 'C:\Program Files\dotnet\sdk\7.0.101\Extensions\Microsoft.TestPlatform.Extensions.BlameDataCollector.dll'
TpTrace Information: 0 : 23848, 1, 2023/01/09, 19:20:32.812, 12058518305903, vstest.console.dll, AssemblyResolver.OnResolve: Microsoft.TestPlatform.Extensions.EventLogCollector: Resolving assembly.
TpTrace Information: 0 : 23848, 1, 2023/01/09, 19:20:32.812, 12058518306544, vstest.console.dll, AssemblyResolver.OnResolve: Microsoft.TestPlatform.Extensions.EventLogCollector: Searching in: 'C:\Program Files\dotnet\sdk\7.0.101\Extensions'.
TpTrace Information: 0 : 23848, 1, 2023/01/09, 19:20:32.813, 12058518311354, vstest.console.dll, AssemblyResolver.OnResolve: Microsoft.TestPlatform.Extensions.EventLogCollector: Loading assembly 'C:\Program Files\dotnet\sdk\7.0.101\Extensions\Microsoft.TestPlatform.Extensions.EventLogCollector.dll'.
TpTrace Information: 0 : 23848, 1, 2023/01/09, 19:20:32.813, 12058518315128, vstest.console.dll, AssemblyResolver.OnResolve: Resolved assembly: Microsoft.TestPlatform.Extensions.EventLogCollector, from path: C:\Program Files\dotnet\sdk\7.0.101\Extensions\Microsoft.TestPlatform.Extensions.EventLogCollector.dll
TpTrace Verbose: 0 : 23848, 1, 2023/01/09, 19:20:32.813, 12058518315617, vstest.console.dll, MetadataReaderExtensionsHelper: Discovering extensions inside assembly 'Microsoft.TestPlatform.Extensions.EventLogCollector, Version=15.0.0.0, Culture=neutral, PublicKeyToken=b03f5f7f11d50a3a' file path 'C:\Program Files\dotnet\sdk\7.0.101\Extensions\Microsoft.TestPlatform.Extensions.EventLogCollector.dll'
TpTrace Information: 0 : 23848, 1, 2023/01/09, 19:20:32.815, 12058518336484, vstest.console.dll, AssemblyResolver.OnResolve: Microsoft.TestPlatform.TestHostRuntimeProvider: Resolving assembly.
TpTrace Information: 0 : 23848, 1, 2023/01/09, 19:20:32.815, 12058518337395, vstest.console.dll, AssemblyResolver.OnResolve: Microsoft.TestPlatform.TestHostRuntimeProvider: Searching in: 'C:\Program Files\dotnet\sdk\7.0.101\Extensions'.
TpTrace Information: 0 : 23848, 1, 2023/01/09, 19:20:32.816, 12058518341558, vstest.console.dll, AssemblyResolver.OnResolve: Microsoft.TestPlatform.TestHostRuntimeProvider: Loading assembly 'C:\Program Files\dotnet\sdk\7.0.101\Extensions\Microsoft.TestPlatform.TestHostRuntimeProvider.dll'.
TpTrace Information: 0 : 23848, 1, 2023/01/09, 19:20:32.816, 12058518345133, vstest.console.dll, AssemblyResolver.OnResolve: Resolved assembly: Microsoft.TestPlatform.TestHostRuntimeProvider, from path: C:\Program Files\dotnet\sdk\7.0.101\Extensions\Microsoft.TestPlatform.TestHostRuntimeProvider.dll
TpTrace Verbose: 0 : 23848, 1, 2023/01/09, 19:20:32.816, 12058518345631, vstest.console.dll, MetadataReaderExtensionsHelper: Discovering extensions inside assembly 'Microsoft.TestPlatform.TestHostRuntimeProvider, Version=15.0.0.0, Culture=neutral, PublicKeyToken=b03f5f7f11d50a3a' file path 'C:\Program Files\dotnet\sdk\7.0.101\Extensions\Microsoft.TestPlatform.TestHostRuntimeProvider.dll'
TpTrace Information: 0 : 23848, 1, 2023/01/09, 19:20:32.818, 12058518360329, vstest.console.dll, GetTestExtensionFromType: Register extension with identifier data 'HostProvider://DefaultTestHost' and type 'Microsoft.VisualStudio.TestPlatform.CrossPlatEngine.Hosting.DefaultTestHostManager, Microsoft.TestPlatform.TestHostRuntimeProvider, Version=15.0.0.0, Culture=neutral, PublicKeyToken=b03f5f7f11d50a3a' inside file 'C:\Program Files\dotnet\sdk\7.0.101\Extensions\Microsoft.TestPlatform.TestHostRuntimeProvider.dll'
TpTrace Information: 0 : 23848, 1, 2023/01/09, 19:20:32.818, 12058518362577, vstest.console.dll, GetTestExtensionFromType: Register extension with identifier data 'HostProvider://DotnetTestHost' and type 'Microsoft.VisualStudio.TestPlatform.CrossPlatEngine.Hosting.DotnetTestHostManager, Microsoft.TestPlatform.TestHostRuntimeProvider, Version=15.0.0.0, Culture=neutral, PublicKeyToken=b03f5f7f11d50a3a' inside file 'C:\Program Files\dotnet\sdk\7.0.101\Extensions\Microsoft.TestPlatform.TestHostRuntimeProvider.dll'
TpTrace Information: 0 : 23848, 1, 2023/01/09, 19:20:32.818, 12058518363169, vstest.console.dll, AssemblyResolver.OnResolve: Microsoft.VisualStudio.TestPlatform.Extensions.Html.TestLogger: Resolving assembly.
TpTrace Information: 0 : 23848, 1, 2023/01/09, 19:20:32.818, 12058518363434, vstest.console.dll, AssemblyResolver.OnResolve: Microsoft.VisualStudio.TestPlatform.Extensions.Html.TestLogger: Searching in: 'C:\Program Files\dotnet\sdk\7.0.101\Extensions'.
TpTrace Information: 0 : 23848, 1, 2023/01/09, 19:20:32.818, 12058518367142, vstest.console.dll, AssemblyResolver.OnResolve: Microsoft.VisualStudio.TestPlatform.Extensions.Html.TestLogger: Loading assembly 'C:\Program Files\dotnet\sdk\7.0.101\Extensions\Microsoft.VisualStudio.TestPlatform.Extensions.Html.TestLogger.dll'.
TpTrace Information: 0 : 23848, 1, 2023/01/09, 19:20:32.819, 12058518370983, vstest.console.dll, AssemblyResolver.OnResolve: Resolved assembly: Microsoft.VisualStudio.TestPlatform.Extensions.Html.TestLogger, from path: C:\Program Files\dotnet\sdk\7.0.101\Extensions\Microsoft.VisualStudio.TestPlatform.Extensions.Html.TestLogger.dll
TpTrace Verbose: 0 : 23848, 1, 2023/01/09, 19:20:32.819, 12058518371571, vstest.console.dll, MetadataReaderExtensionsHelper: Discovering extensions inside assembly 'Microsoft.VisualStudio.TestPlatform.Extensions.Html.TestLogger, Version=15.0.0.0, Culture=neutral, PublicKeyToken=b03f5f7f11d50a3a' file path 'C:\Program Files\dotnet\sdk\7.0.101\Extensions\Microsoft.VisualStudio.TestPlatform.Extensions.Html.TestLogger.dll'
TpTrace Information: 0 : 23848, 1, 2023/01/09, 19:20:32.820, 12058518378580, vstest.console.dll, AssemblyResolver.OnResolve: Microsoft.VisualStudio.TestPlatform.Extensions.Trx.TestLogger: Resolving assembly.
TpTrace Information: 0 : 23848, 1, 2023/01/09, 19:20:32.820, 12058518379019, vstest.console.dll, AssemblyResolver.OnResolve: Microsoft.VisualStudio.TestPlatform.Extensions.Trx.TestLogger: Searching in: 'C:\Program Files\dotnet\sdk\7.0.101\Extensions'.
TpTrace Information: 0 : 23848, 1, 2023/01/09, 19:20:32.820, 12058518382880, vstest.console.dll, AssemblyResolver.OnResolve: Microsoft.VisualStudio.TestPlatform.Extensions.Trx.TestLogger: Loading assembly 'C:\Program Files\dotnet\sdk\7.0.101\Extensions\Microsoft.VisualStudio.TestPlatform.Extensions.Trx.TestLogger.dll'.
TpTrace Information: 0 : 23848, 1, 2023/01/09, 19:20:32.820, 12058518387243, vstest.console.dll, AssemblyResolver.OnResolve: Resolved assembly: Microsoft.VisualStudio.TestPlatform.Extensions.Trx.TestLogger, from path: C:\Program Files\dotnet\sdk\7.0.101\Extensions\Microsoft.VisualStudio.TestPlatform.Extensions.Trx.TestLogger.dll
TpTrace Verbose: 0 : 23848, 1, 2023/01/09, 19:20:32.820, 12058518387824, vstest.console.dll, MetadataReaderExtensionsHelper: Discovering extensions inside assembly 'Microsoft.VisualStudio.TestPlatform.Extensions.Trx.TestLogger, Version=15.0.0.0, Culture=neutral, PublicKeyToken=b03f5f7f11d50a3a' file path 'C:\Program Files\dotnet\sdk\7.0.101\Extensions\Microsoft.VisualStudio.TestPlatform.Extensions.Trx.TestLogger.dll'
TpTrace Verbose: 0 : 23848, 1, 2023/01/09, 19:20:32.821, 12058518397346, vstest.console.dll, TestPluginCache: Discovered the extensions using extension path ''.
TpTrace Verbose: 0 : 23848, 1, 2023/01/09, 19:20:32.821, 12058518397842, vstest.console.dll, TestPluginCache: Discoverers are ''.
TpTrace Verbose: 0 : 23848, 1, 2023/01/09, 19:20:32.821, 12058518398032, vstest.console.dll, TestPluginCache: Executors are ''.
TpTrace Verbose: 0 : 23848, 1, 2023/01/09, 19:20:32.821, 12058518398189, vstest.console.dll, TestPluginCache: Executors2 are ''.
TpTrace Verbose: 0 : 23848, 1, 2023/01/09, 19:20:32.821, 12058518398336, vstest.console.dll, TestPluginCache: Setting providers are ''.
TpTrace Verbose: 0 : 23848, 1, 2023/01/09, 19:20:32.821, 12058518398484, vstest.console.dll, TestPluginCache: Loggers are ''.
TpTrace Verbose: 0 : 23848, 1, 2023/01/09, 19:20:32.822, 12058518399483, vstest.console.dll, TestPluginCache: TestHosts are 'HostProvider://DefaultTestHost,HostProvider://DotnetTestHost'.
TpTrace Verbose: 0 : 23848, 1, 2023/01/09, 19:20:32.822, 12058518399744, vstest.console.dll, TestPluginCache: DataCollectors are ''.
TpTrace Information: 0 : 23848, 1, 2023/01/09, 19:20:32.830, 12058518487368, vstest.console.dll, RunTestsArgumentProcessor:Execute: Test run is starting.
TpTrace Verbose: 0 : 23848, 1, 2023/01/09, 19:20:32.830, 12058518488051, vstest.console.dll, RunTestsArgumentProcessor:Execute: Queuing Test run.
TpTrace Information: 0 : 23848, 1, 2023/01/09, 19:20:32.831, 12058518489760, vstest.console.dll, TestRequestManager.RunTests: run tests started.
TpTrace Information: 0 : 23848, 1, 2023/01/09, 19:20:32.832, 12058518498675, vstest.console.dll, AssemblyMetadataProvider.GetFrameworkName: Determined framework:'.NETCoreApp,Version=v6.0' for source: 'F:\Projetos ASP.NET\Curso Testes\TestesDeSoftware\Features.Tests\bin\Debug\net6.0\fine-code-coverage\build-output\Features.Tests.dll'
TpTrace Information: 0 : 23848, 1, 2023/01/09, 19:20:32.832, 12058518499988, vstest.console.dll, Determined framework for all sources: .NETCoreApp,Version=v6.0
TpTrace Verbose: 0 : 23848, 1, 2023/01/09, 19:20:32.832, 12058518502785, vstest.console.dll, TestRequestManager.UpdateRunSettingsIfRequired: Default architecture: X64 IsDefaultTargetArchitecture: True, Current process architecture: X64 OperatingSystem: Windows.
TpTrace Information: 0 : 23848, 1, 2023/01/09, 19:20:32.833, 12058518517686, vstest.console.dll, AssemblyMetadataProvider.GetArchitecture: Determined architecture:AnyCPU info for assembly: F:\Projetos ASP.NET\Curso Testes\TestesDeSoftware\Features.Tests\bin\Debug\net6.0\fine-code-coverage\build-output\Features.Tests.dll
TpTrace Information: 0 : 23848, 1, 2023/01/09, 19:20:32.833, 12058518518309, vstest.console.dll, Determined platform for source 'F:\Projetos ASP.NET\Curso Testes\TestesDeSoftware\Features.Tests\bin\Debug\net6.0\fine-code-coverage\build-output\Features.Tests.dll' was AnyCPU and it will use the default plaform X64.
TpTrace Information: 0 : 23848, 1, 2023/01/09, 19:20:32.833, 12058518518520, vstest.console.dll, None of the sources provided any runnable platform, using the default platform: X64
TpTrace Information: 0 : 23848, 1, 2023/01/09, 19:20:32.834, 12058518519245, vstest.console.dll, Platform was updated to 'X64'.
TpTrace Information: 0 : 23848, 1, 2023/01/09, 19:20:32.836, 12058518543644, vstest.console.dll, InferRunSettingsHelper.IsTestSettingsEnabled: Unable to navigate to RunSettings/MSTest. Current node: RunSettings
TpTrace Information: 0 : 23848, 1, 2023/01/09, 19:20:32.837, 12058518548809, vstest.console.dll, AssemblyResolver.OnResolve: Microsoft.VisualStudio.TestPlatform.Fakes: Resolving assembly.
TpTrace Information: 0 : 23848, 1, 2023/01/09, 19:20:32.837, 12058518549371, vstest.console.dll, AssemblyResolver.OnResolve: Microsoft.VisualStudio.TestPlatform.Fakes: Searching in: 'C:\Program Files\dotnet\sdk\7.0.101\Extensions'.
TpTrace Information: 0 : 23848, 1, 2023/01/09, 19:20:32.837, 12058518550047, vstest.console.dll, AssemblyResolver.OnResolve: Microsoft.VisualStudio.TestPlatform.Fakes: Assembly path does not exist: 'C:\Program Files\dotnet\sdk\7.0.101\Extensions\Microsoft.VisualStudio.TestPlatform.Fakes.dll', returning.
TpTrace Information: 0 : 23848, 1, 2023/01/09, 19:20:32.837, 12058518550552, vstest.console.dll, AssemblyResolver.OnResolve: Microsoft.VisualStudio.TestPlatform.Fakes: Assembly path does not exist: 'C:\Program Files\dotnet\sdk\7.0.101\Extensions\Microsoft.VisualStudio.TestPlatform.Fakes.exe', returning.
TpTrace Information: 0 : 23848, 1, 2023/01/09, 19:20:32.837, 12058518550766, vstest.console.dll, AssemblyResolver.OnResolve: Microsoft.VisualStudio.TestPlatform.Fakes: Searching in: 'C:\Program Files\dotnet\sdk\7.0.101'.
TpTrace Information: 0 : 23848, 1, 2023/01/09, 19:20:32.837, 12058518551336, vstest.console.dll, AssemblyResolver.OnResolve: Microsoft.VisualStudio.TestPlatform.Fakes: Assembly path does not exist: 'C:\Program Files\dotnet\sdk\7.0.101\Microsoft.VisualStudio.TestPlatform.Fakes.dll', returning.
TpTrace Information: 0 : 23848, 1, 2023/01/09, 19:20:32.837, 12058518551804, vstest.console.dll, AssemblyResolver.OnResolve: Microsoft.VisualStudio.TestPlatform.Fakes: Assembly path does not exist: 'C:\Program Files\dotnet\sdk\7.0.101\Microsoft.VisualStudio.TestPlatform.Fakes.exe', returning.
TpTrace Information: 0 : 23848, 1, 2023/01/09, 19:20:32.837, 12058518552016, vstest.console.dll, AssemblyResolver.OnResolve: Microsoft.VisualStudio.TestPlatform.Fakes: Failed to load assembly.
TpTrace Information: 0 : 23848, 1, 2023/01/09, 19:20:32.837, 12058518553912, vstest.console.dll, Failed to load assembly Microsoft.VisualStudio.TestPlatform.Fakes, Version=17.0.0.0, Culture=neutral. Reason:System.IO.FileNotFoundException: Could not load file or assembly 'Microsoft.VisualStudio.TestPlatform.Fakes, Version=17.0.0.0, Culture=neutral, PublicKeyToken=null'. O sistema não pode encontrar o arquivo especificado.
File name: 'Microsoft.VisualStudio.TestPlatform.Fakes, Version=17.0.0.0, Culture=neutral, PublicKeyToken=null'
   at System.Reflection.RuntimeAssembly.InternalLoad(AssemblyName assemblyName, StackCrawlMark& stackMark, AssemblyLoadContext assemblyLoadContext, RuntimeAssembly requestingAssembly, Boolean throwOnFileNotFound)
   at System.Reflection.Assembly.Load(AssemblyName assemblyRef)
   at Microsoft.VisualStudio.TestPlatform.Common.Utilities.FakesUtilities.LoadTestPlatformAssembly()
TpTrace Verbose: 0 : 23848, 1, 2023/01/09, 19:20:32.840, 12058518580676, vstest.console.dll, TestPluginCache.DiscoverTestExtensions: finding test extensions in assemblies ends with: TestLogger.dll TPluginInfo: Microsoft.VisualStudio.TestPlatform.Common.ExtensionFramework.Utilities.TestLoggerPluginInformation TExtension: Microsoft.VisualStudio.TestPlatform.ObjectModel.Client.ITestLogger
TpTrace Verbose: 0 : 23848, 1, 2023/01/09, 19:20:32.840, 12058518581463, vstest.console.dll, TestPluginCache.GetExtensionPaths: Filtered extension paths: 
TpTrace Verbose: 0 : 23848, 1, 2023/01/09, 19:20:32.840, 12058518581729, vstest.console.dll, TestPluginCache.GetExtensionPaths: Added default extension paths: C:\Program Files\dotnet\sdk\7.0.101\Extensions\Microsoft.Diagnostics.NETCore.Client.dll
C:\Program Files\dotnet\sdk\7.0.101\Extensions\Microsoft.TestPlatform.Extensions.BlameDataCollector.dll
C:\Program Files\dotnet\sdk\7.0.101\Extensions\Microsoft.TestPlatform.Extensions.EventLogCollector.dll
C:\Program Files\dotnet\sdk\7.0.101\Extensions\Microsoft.TestPlatform.TestHostRuntimeProvider.dll
C:\Program Files\dotnet\sdk\7.0.101\Extensions\Microsoft.VisualStudio.TestPlatform.Extensions.Html.TestLogger.dll
C:\Program Files\dotnet\sdk\7.0.101\Extensions\Microsoft.VisualStudio.TestPlatform.Extensions.Trx.TestLogger.dll
TpTrace Verbose: 0 : 23848, 1, 2023/01/09, 19:20:32.840, 12058518581968, vstest.console.dll, TestPluginCache.GetExtensionPaths: Added unfilterableExtensionPaths: 
TpTrace Information: 0 : 23848, 1, 2023/01/09, 19:20:32.840, 12058518583054, vstest.console.dll, AssemblyResolver.AddSearchDirectories: Adding more searchDirectories C:\Program Files\dotnet\sdk\7.0.101\Extensions,C:\Program Files\dotnet\sdk\7.0.101
TpTrace Verbose: 0 : 23848, 1, 2023/01/09, 19:20:32.840, 12058518583425, vstest.console.dll, TestPluginCache.DiscoverTestExtensions: Discovering the extensions using extension path.
TpTrace Verbose: 0 : 23848, 1, 2023/01/09, 19:20:32.840, 12058518583702, vstest.console.dll, TestPluginCache.GetExtensionPaths: Filtered extension paths: 
TpTrace Verbose: 0 : 23848, 1, 2023/01/09, 19:20:32.840, 12058518583881, vstest.console.dll, TestPluginCache.GetExtensionPaths: Added default extension paths: C:\Program Files\dotnet\sdk\7.0.101\Extensions\Microsoft.Diagnostics.NETCore.Client.dll
C:\Program Files\dotnet\sdk\7.0.101\Extensions\Microsoft.TestPlatform.Extensions.BlameDataCollector.dll
C:\Program Files\dotnet\sdk\7.0.101\Extensions\Microsoft.TestPlatform.Extensions.EventLogCollector.dll
C:\Program Files\dotnet\sdk\7.0.101\Extensions\Microsoft.TestPlatform.TestHostRuntimeProvider.dll
C:\Program Files\dotnet\sdk\7.0.101\Extensions\Microsoft.VisualStudio.TestPlatform.Extensions.Html.TestLogger.dll
C:\Program Files\dotnet\sdk\7.0.101\Extensions\Microsoft.VisualStudio.TestPlatform.Extensions.Trx.TestLogger.dll
TpTrace Verbose: 0 : 23848, 1, 2023/01/09, 19:20:32.840, 12058518584078, vstest.console.dll, TestPluginCache.GetExtensionPaths: Added unfilterableExtensionPaths: 
TpTrace Verbose: 0 : 23848, 1, 2023/01/09, 19:20:32.840, 12058518584330, vstest.console.dll, TestPluginCache.DiscoverTestExtensions: Discovering the extensions using allExtensionPaths: C:\Program Files\dotnet\sdk\7.0.101\Extensions\Microsoft.Diagnostics.NETCore.Client.dll
C:\Program Files\dotnet\sdk\7.0.101\Extensions\Microsoft.TestPlatform.Extensions.BlameDataCollector.dll
C:\Program Files\dotnet\sdk\7.0.101\Extensions\Microsoft.TestPlatform.Extensions.EventLogCollector.dll
C:\Program Files\dotnet\sdk\7.0.101\Extensions\Microsoft.TestPlatform.TestHostRuntimeProvider.dll
C:\Program Files\dotnet\sdk\7.0.101\Extensions\Microsoft.VisualStudio.TestPlatform.Extensions.Html.TestLogger.dll
C:\Program Files\dotnet\sdk\7.0.101\Extensions\Microsoft.VisualStudio.TestPlatform.Extensions.Trx.TestLogger.dll
TpTrace Information: 0 : 23848, 1, 2023/01/09, 19:20:32.840, 12058518585122, vstest.console.dll, AssemblyResolver.AddSearchDirectories: Adding more searchDirectories C:\Program Files\dotnet\sdk\7.0.101\Extensions,C:\Program Files\dotnet\sdk\7.0.101
TpTrace Information: 0 : 23848, 1, 2023/01/09, 19:20:32.840, 12058518585399, vstest.console.dll, AssemblyResolver.AddSearchDirectories: Adding more searchDirectories C:\Program Files\dotnet\sdk\7.0.101\Extensions,C:\Program Files\dotnet\sdk\7.0.101
TpTrace Information: 0 : 23848, 1, 2023/01/09, 19:20:32.840, 12058518585591, vstest.console.dll, AssemblyResolver.AddSearchDirectories: Adding more searchDirectories C:\Program Files\dotnet\sdk\7.0.101\Extensions,C:\Program Files\dotnet\sdk\7.0.101
TpTrace Information: 0 : 23848, 1, 2023/01/09, 19:20:32.840, 12058518585816, vstest.console.dll, AssemblyResolver.AddSearchDirectories: Adding more searchDirectories C:\Program Files\dotnet\sdk\7.0.101\Extensions,C:\Program Files\dotnet\sdk\7.0.101
TpTrace Information: 0 : 23848, 1, 2023/01/09, 19:20:32.840, 12058518586004, vstest.console.dll, AssemblyResolver.AddSearchDirectories: Adding more searchDirectories C:\Program Files\dotnet\sdk\7.0.101\Extensions,C:\Program Files\dotnet\sdk\7.0.101
TpTrace Information: 0 : 23848, 1, 2023/01/09, 19:20:32.840, 12058518586178, vstest.console.dll, AssemblyResolver.AddSearchDirectories: Adding more searchDirectories C:\Program Files\dotnet\sdk\7.0.101\Extensions,C:\Program Files\dotnet\sdk\7.0.101
TpTrace Verbose: 0 : 23848, 1, 2023/01/09, 19:20:32.840, 12058518586958, vstest.console.dll, MetadataReaderExtensionsHelper: Discovering extensions inside assembly 'Microsoft.Diagnostics.NETCore.Client, Version=0.2.6.42401, Culture=neutral, PublicKeyToken=31bf3856ad364e35' file path 'C:\Program Files\dotnet\sdk\7.0.101\Extensions\Microsoft.Diagnostics.NETCore.Client.dll'
TpTrace Information: 0 : 23848, 1, 2023/01/09, 19:20:32.841, 12058518593203, vstest.console.dll, AssemblyResolver.OnResolve: Microsoft.Bcl.AsyncInterfaces: Resolving assembly.
TpTrace Information: 0 : 23848, 1, 2023/01/09, 19:20:32.841, 12058518593735, vstest.console.dll, AssemblyResolver.OnResolve: Microsoft.Bcl.AsyncInterfaces: Resolved from cache.
TpTrace Verbose: 0 : 23848, 1, 2023/01/09, 19:20:32.841, 12058518593932, vstest.console.dll, CurrentDomainAssemblyResolve: Resolving assembly 'Microsoft.Bcl.AsyncInterfaces'.
TpTrace Information: 0 : 23848, 1, 2023/01/09, 19:20:32.841, 12058518594234, vstest.console.dll, AssemblyResolver.OnResolve: Microsoft.Bcl.AsyncInterfaces: Resolving assembly.
TpTrace Information: 0 : 23848, 1, 2023/01/09, 19:20:32.841, 12058518594453, vstest.console.dll, AssemblyResolver.OnResolve: Microsoft.Bcl.AsyncInterfaces: Resolved from cache.
TpTrace Verbose: 0 : 23848, 1, 2023/01/09, 19:20:32.841, 12058518594615, vstest.console.dll, CurrentDomainAssemblyResolve: Resolving assembly 'Microsoft.Bcl.AsyncInterfaces'.
TpTrace Verbose: 0 : 23848, 1, 2023/01/09, 19:20:32.841, 12058518594767, vstest.console.dll, CurrentDomainAssemblyResolve: Failed to resolve assembly 'Microsoft.Bcl.AsyncInterfaces'.
TpTrace Verbose: 0 : 23848, 1, 2023/01/09, 19:20:32.841, 12058518595699, vstest.console.dll, CurrentDomainAssemblyResolve: Failed to resolve assembly 'Microsoft.Bcl.AsyncInterfaces'.
TpTrace Warning: 0 : 23848, 1, 2023/01/09, 19:20:32.841, 12058518597965, vstest.console.dll, TestPluginDiscoverer: Failed to get types from assembly 'Microsoft.Diagnostics.NETCore.Client, Version=0.2.6.42401, Culture=neutral, PublicKeyToken=31bf3856ad364e35'. Error: System.Reflection.ReflectionTypeLoadException: Unable to load one or more of the requested types.
Could not load file or assembly 'Microsoft.Bcl.AsyncInterfaces, Version=1.0.0.0, Culture=neutral, PublicKeyToken=cc7b13ffcd2ddd51'. O sistema não pode encontrar o arquivo especificado.
   at System.Reflection.RuntimeModule.GetTypes(RuntimeModule module)
   at System.Reflection.Assembly.GetTypes()
   at Microsoft.VisualStudio.TestPlatform.Common.ExtensionFramework.TestPluginDiscoverer.GetTestExtensionsFromAssembly[TPluginInfo,TExtension](Assembly assembly, Dictionary`2 pluginInfos, String filePath)
System.IO.FileNotFoundException: Could not load file or assembly 'Microsoft.Bcl.AsyncInterfaces, Version=1.0.0.0, Culture=neutral, PublicKeyToken=cc7b13ffcd2ddd51'. O sistema não pode encontrar o arquivo especificado.
File name: 'Microsoft.Bcl.AsyncInterfaces, Version=1.0.0.0, Culture=neutral, PublicKeyToken=cc7b13ffcd2ddd51'
 ---> System.IO.FileNotFoundException: Could not load file or assembly 'Microsoft.Bcl.AsyncInterfaces, Culture=neutral, PublicKeyToken=null'. O sistema não pode encontrar o arquivo especificado.
File name: 'Microsoft.Bcl.AsyncInterfaces, Culture=neutral, PublicKeyToken=null'
   at System.Reflection.RuntimeAssembly.InternalLoad(AssemblyName assemblyName, StackCrawlMark& stackMark, AssemblyLoadContext assemblyLoadContext, RuntimeAssembly requestingAssembly, Boolean throwOnFileNotFound)
   at System.Reflection.Assembly.Load(AssemblyName assemblyRef)
   at Microsoft.VisualStudio.TestPlatform.Common.ExtensionFramework.TestPluginCache.CurrentDomainAssemblyResolve(Object sender, AssemblyResolveEventArgs args)
   at System.Runtime.Loader.AssemblyLoadContext.GetFirstResolvedAssemblyFromResolvingEvent(AssemblyName assemblyName)
   at System.Runtime.Loader.AssemblyLoadContext.ResolveUsingEvent(AssemblyName assemblyName)
   at System.Runtime.Loader.AssemblyLoadContext.ResolveUsingResolvingEvent(IntPtr gchManagedAssemblyLoadContext, AssemblyName assemblyName)
TpTrace Warning: 0 : 23848, 1, 2023/01/09, 19:20:32.842, 12058518599021, vstest.console.dll, LoaderExceptions: System.IO.FileNotFoundException: Could not load file or assembly 'Microsoft.Bcl.AsyncInterfaces, Version=1.0.0.0, Culture=neutral, PublicKeyToken=cc7b13ffcd2ddd51'. O sistema não pode encontrar o arquivo especificado.
File name: 'Microsoft.Bcl.AsyncInterfaces, Version=1.0.0.0, Culture=neutral, PublicKeyToken=cc7b13ffcd2ddd51'
 ---> System.IO.FileNotFoundException: Could not load file or assembly 'Microsoft.Bcl.AsyncInterfaces, Culture=neutral, PublicKeyToken=null'. O sistema não pode encontrar o arquivo especificado.
File name: 'Microsoft.Bcl.AsyncInterfaces, Culture=neutral, PublicKeyToken=null'
   at System.Reflection.RuntimeAssembly.InternalLoad(AssemblyName assemblyName, StackCrawlMark& stackMark, AssemblyLoadContext assemblyLoadContext, RuntimeAssembly requestingAssembly, Boolean throwOnFileNotFound)
   at System.Reflection.Assembly.Load(AssemblyName assemblyRef)
   at Microsoft.VisualStudio.TestPlatform.Common.ExtensionFramework.TestPluginCache.CurrentDomainAssemblyResolve(Object sender, AssemblyResolveEventArgs args)
   at System.Runtime.Loader.AssemblyLoadContext.GetFirstResolvedAssemblyFromResolvingEvent(AssemblyName assemblyName)
   at System.Runtime.Loader.AssemblyLoadContext.ResolveUsingEvent(AssemblyName assemblyName)
   at System.Runtime.Loader.AssemblyLoadContext.ResolveUsingResolvingEvent(IntPtr gchManagedAssemblyLoadContext, AssemblyName assemblyName)
TpTrace Verbose: 0 : 23848, 1, 2023/01/09, 19:20:32.842, 12058518599650, vstest.console.dll, MetadataReaderExtensionsHelper: Discovering extensions inside assembly 'Microsoft.TestPlatform.Extensions.BlameDataCollector, Version=15.0.0.0, Culture=neutral, PublicKeyToken=b03f5f7f11d50a3a' file path 'C:\Program Files\dotnet\sdk\7.0.101\Extensions\Microsoft.TestPlatform.Extensions.BlameDataCollector.dll'
TpTrace Information: 0 : 23848, 1, 2023/01/09, 19:20:32.842, 12058518604720, vstest.console.dll, GetTestExtensionFromType: Register extension with identifier data 'logger://Microsoft/TestPlatform/Extensions/Blame/v1' and type 'Microsoft.TestPlatform.Extensions.BlameDataCollector.BlameLogger, Microsoft.TestPlatform.Extensions.BlameDataCollector, Version=15.0.0.0, Culture=neutral, PublicKeyToken=b03f5f7f11d50a3a' inside file 'C:\Program Files\dotnet\sdk\7.0.101\Extensions\Microsoft.TestPlatform.Extensions.BlameDataCollector.dll'
TpTrace Verbose: 0 : 23848, 1, 2023/01/09, 19:20:32.842, 12058518605229, vstest.console.dll, MetadataReaderExtensionsHelper: Discovering extensions inside assembly 'Microsoft.TestPlatform.Extensions.EventLogCollector, Version=15.0.0.0, Culture=neutral, PublicKeyToken=b03f5f7f11d50a3a' file path 'C:\Program Files\dotnet\sdk\7.0.101\Extensions\Microsoft.TestPlatform.Extensions.EventLogCollector.dll'
TpTrace Verbose: 0 : 23848, 1, 2023/01/09, 19:20:32.842, 12058518608518, vstest.console.dll, MetadataReaderExtensionsHelper: Discovering extensions inside assembly 'Microsoft.TestPlatform.TestHostRuntimeProvider, Version=15.0.0.0, Culture=neutral, PublicKeyToken=b03f5f7f11d50a3a' file path 'C:\Program Files\dotnet\sdk\7.0.101\Extensions\Microsoft.TestPlatform.TestHostRuntimeProvider.dll'
TpTrace Verbose: 0 : 23848, 1, 2023/01/09, 19:20:32.843, 12058518611288, vstest.console.dll, MetadataReaderExtensionsHelper: Discovering extensions inside assembly 'Microsoft.VisualStudio.TestPlatform.Extensions.Html.TestLogger, Version=15.0.0.0, Culture=neutral, PublicKeyToken=b03f5f7f11d50a3a' file path 'C:\Program Files\dotnet\sdk\7.0.101\Extensions\Microsoft.VisualStudio.TestPlatform.Extensions.Html.TestLogger.dll'
TpTrace Information: 0 : 23848, 1, 2023/01/09, 19:20:32.843, 12058518615412, vstest.console.dll, GetTestExtensionFromType: Register extension with identifier data 'logger://Microsoft/TestPlatform/HtmlLogger/v1' and type 'Microsoft.VisualStudio.TestPlatform.Extensions.HtmlLogger.HtmlLogger, Microsoft.VisualStudio.TestPlatform.Extensions.Html.TestLogger, Version=15.0.0.0, Culture=neutral, PublicKeyToken=b03f5f7f11d50a3a' inside file 'C:\Program Files\dotnet\sdk\7.0.101\Extensions\Microsoft.VisualStudio.TestPlatform.Extensions.Html.TestLogger.dll'
TpTrace Verbose: 0 : 23848, 1, 2023/01/09, 19:20:32.843, 12058518615857, vstest.console.dll, MetadataReaderExtensionsHelper: Discovering extensions inside assembly 'Microsoft.VisualStudio.TestPlatform.Extensions.Trx.TestLogger, Version=15.0.0.0, Culture=neutral, PublicKeyToken=b03f5f7f11d50a3a' file path 'C:\Program Files\dotnet\sdk\7.0.101\Extensions\Microsoft.VisualStudio.TestPlatform.Extensions.Trx.TestLogger.dll'
TpTrace Information: 0 : 23848, 1, 2023/01/09, 19:20:32.844, 12058518619908, vstest.console.dll, GetTestExtensionFromType: Register extension with identifier data 'logger://Microsoft/TestPlatform/TrxLogger/v1' and type 'Microsoft.VisualStudio.TestPlatform.Extensions.TrxLogger.TrxLogger, Microsoft.VisualStudio.TestPlatform.Extensions.Trx.TestLogger, Version=15.0.0.0, Culture=neutral, PublicKeyToken=b03f5f7f11d50a3a' inside file 'C:\Program Files\dotnet\sdk\7.0.101\Extensions\Microsoft.VisualStudio.TestPlatform.Extensions.Trx.TestLogger.dll'
TpTrace Verbose: 0 : 23848, 1, 2023/01/09, 19:20:32.844, 12058518620655, vstest.console.dll, TestPluginCache: Discovered the extensions using extension path ''.
TpTrace Verbose: 0 : 23848, 1, 2023/01/09, 19:20:32.844, 12058518621238, vstest.console.dll, TestPluginCache: Discoverers are ''.
TpTrace Verbose: 0 : 23848, 1, 2023/01/09, 19:20:32.844, 12058518621688, vstest.console.dll, TestPluginCache: Executors are ''.
TpTrace Verbose: 0 : 23848, 1, 2023/01/09, 19:20:32.844, 12058518622105, vstest.console.dll, TestPluginCache: Executors2 are ''.
TpTrace Verbose: 0 : 23848, 1, 2023/01/09, 19:20:32.844, 12058518622386, vstest.console.dll, TestPluginCache: Setting providers are ''.
TpTrace Verbose: 0 : 23848, 1, 2023/01/09, 19:20:32.844, 12058518623014, vstest.console.dll, TestPluginCache: Loggers are 'logger://Microsoft/TestPlatform/Extensions/Blame/v1,logger://Microsoft/TestPlatform/HtmlLogger/v1,logger://Microsoft/TestPlatform/TrxLogger/v1'.
TpTrace Verbose: 0 : 23848, 1, 2023/01/09, 19:20:32.844, 12058518623451, vstest.console.dll, TestPluginCache: TestHosts are 'HostProvider://DefaultTestHost,HostProvider://DotnetTestHost'.
TpTrace Verbose: 0 : 23848, 1, 2023/01/09, 19:20:32.844, 12058518623673, vstest.console.dll, TestPluginCache: DataCollectors are ''.
TpTrace Information: 0 : 23848, 1, 2023/01/09, 19:20:32.845, 12058518632007, vstest.console.dll, TestPluginManager.CreateTestExtension: Attempting to load test extension: Microsoft.TestPlatform.Extensions.BlameDataCollector.BlameLogger
TpTrace Verbose: 0 : 23848, 1, 2023/01/09, 19:20:32.851, 12058518690119, vstest.console.dll, TestEngine: Initializing Parallel Execution as MaxCpuCount is set to: 1
TpTrace Information: 0 : 23848, 1, 2023/01/09, 19:20:32.852, 12058518701617, vstest.console.dll, TestPluginManager.CreateTestExtension: Attempting to load test extension: Microsoft.VisualStudio.TestPlatform.CrossPlatEngine.Hosting.DefaultTestHostManager
TpTrace Information: 0 : 23848, 1, 2023/01/09, 19:20:32.853, 12058518711048, vstest.console.dll, TestPluginManager.CreateTestExtension: Attempting to load test extension: Microsoft.VisualStudio.TestPlatform.CrossPlatEngine.Hosting.DotnetTestHostManager
TpTrace Information: 0 : 23848, 1, 2023/01/09, 19:20:32.853, 12058518715813, vstest.console.dll, InferRunSettingsHelper.IsTestSettingsEnabled: Unable to navigate to RunSettings/MSTest. Current node: RunSettings
TpTrace Verbose: 0 : 23848, 1, 2023/01/09, 19:20:32.856, 12058518746376, vstest.console.dll, TestEngine.GetExecutionManager: Chosen execution manager 'Microsoft.VisualStudio.TestPlatform.CrossPlatEngine.Client.Parallel.ParallelProxyExecutionManager, Microsoft.TestPlatform.CrossPlatEngine, Version=15.0.0.0, Culture=neutral, PublicKeyToken=b03f5f7f11d50a3a' ParallelLevel '1'.
TpTrace Verbose: 0 : 23848, 1, 2023/01/09, 19:20:32.856, 12058518747500, vstest.console.dll, TestRunRequest.ExecuteAsync: Creating test run request.
TpTrace Verbose: 0 : 23848, 1, 2023/01/09, 19:20:32.857, 12058518749081, vstest.console.dll, TestRunRequest.ExecuteAsync: Starting.
TpTrace Information: 0 : 23848, 1, 2023/01/09, 19:20:32.857, 12058518751055, vstest.console.dll, TestRunRequest.ExecuteAsync: Starting run with settings:TestRunCriteria:
   KeepAlive=False,FrequencyOfRunStatsChangeEvent=10,RunStatsChangeEventTimeout=00:00:01.5000000,TestCaseFilter=,TestExecutorLauncher=
   Settingsxml=<RunSettings>
  <RunConfiguration>
    <ResultsDirectory>F:\Projetos ASP.NET\Curso Testes\TestesDeSoftware\Features.Tests\bin\Debug\net6.0\fine-code-coverage\coverage-tool-output</ResultsDirectory>
    <TargetPlatform>X64</TargetPlatform>
    <TargetFrameworkVersion>.NETCoreApp,Version=v6.0</TargetFrameworkVersion>
    <DesignMode>False</DesignMode>
    <CollectSourceInformation>False</CollectSourceInformation>
  </RunConfiguration>
  <LoggerRunSettings>
    <Loggers>
      <Logger friendlyName="blame" enabled="True" />
      <Logger friendlyName="Console" uri="logger://microsoft/TestPlatform/ConsoleLogger/v1" assemblyQualifiedName="Microsoft.VisualStudio.TestPlatform.CommandLine.Internal.ConsoleLogger, vstest.console, Version=15.0.0.0, Culture=neutral, PublicKeyToken=b03f5f7f11d50a3a" codeBase="C:\Program Files\dotnet\sdk\7.0.101\vstest.console.dll" enabled="True" />
    </Loggers>
  </LoggerRunSettings>
  <DataCollectionRunSettings>
    <DataCollectors>
      <DataCollector friendlyName="blame" enabled="True">
        <Configuration>
          <ResultsDirectory>F:\Projetos ASP.NET\Curso Testes\TestesDeSoftware\Features.Tests\bin\Debug\net6.0\fine-code-coverage\coverage-tool-output</ResultsDirectory>
        </Configuration>
      </DataCollector>
    </DataCollectors>
  </DataCollectionRunSettings>
</RunSettings>

TpTrace Verbose: 0 : 23848, 1, 2023/01/09, 19:20:32.857, 12058518751442, vstest.console.dll, TestRunRequest.ExecuteAsync: Wait for the first run request is over.
TpTrace Verbose: 0 : 23848, 1, 2023/01/09, 19:20:32.857, 12058518753336, vstest.console.dll, MulticastDelegateUtilities.SafeInvoke: TestRun.TestRunStart: Invoking callbacks was skipped because there are no subscribers.
TpTrace Verbose: 0 : 23848, 4, 2023/01/09, 19:20:32.857, 12058518754702, vstest.console.dll, MulticastDelegateUtilities.SafeInvoke: InternalTestLoggerEvents.SendTestRunStart: Invoking callback 1/1 for Microsoft.VisualStudio.TestPlatform.CommandLine.Internal.ConsoleLogger., took 0 ms.
TpTrace Verbose: 0 : 23848, 1, 2023/01/09, 19:20:32.858, 12058518760914, vstest.console.dll, ParallelProxyExecutionManager: Start execution. Total sources: 1
TpTrace Verbose: 0 : 23848, 1, 2023/01/09, 19:20:32.859, 12058518772018, vstest.console.dll, TestRequestSender is acting as server.
TpTrace Verbose: 0 : 23848, 1, 2023/01/09, 19:20:32.860, 12058518780792, vstest.console.dll, DataCollectionRequestSender.InitializeCommunication : Initialize communication. 
TpTrace Information: 0 : 23848, 1, 2023/01/09, 19:20:32.863, 12058518809680, vstest.console.dll, Listening on Endpoint : 127.0.0.1:65516
TpTrace Verbose: 0 : 23848, 1, 2023/01/09, 19:20:32.868, 12058518862523, vstest.console.dll, DotnetDataCollectionLauncher: Adding  --runtimeconfig "C:\Program Files\dotnet\sdk\7.0.101\datacollector.runtimeconfig.json" in args
TpTrace Verbose: 0 : 23848, 1, 2023/01/09, 19:20:32.868, 12058518863550, vstest.console.dll, DotnetDataCollectionLauncher: Adding  --depsfile "C:\Program Files\dotnet\sdk\7.0.101\datacollector.deps.json" in args
TpTrace Verbose: 0 : 23848, 1, 2023/01/09, 19:20:32.868, 12058518864514, vstest.console.dll, DotnetDataCollectionLauncher: Full path of dotnet.exe is C:\Program Files\dotnet\dotnet.exe
TpTrace Information: 0 : 23848, 1, 2023/01/09, 19:20:32.875, 12058518934631, vstest.console.dll, ProxyDataCollectionManager.Initialize: Launched datacollector processId: 5404 port: 65516
TpTrace Information: 0 : 23848, 1, 2023/01/09, 19:20:32.875, 12058518935828, vstest.console.dll, ProxyDataCollectionManager.Initialize: waiting for connection with timeout: 90 seconds
TpTrace Verbose: 0 : 23848, 1, 2023/01/09, 19:20:32.875, 12058518936186, vstest.console.dll, DataCollectionRequestSender.WaitForRequestHandlerConnection : Waiting for connection with timeout: 90000
TpTrace Information: 0 : 23848, 7, 2023/01/09, 19:20:32.975, 12058519928592, vstest.console.dll, Using the buffer size of 16384 bytes
TpTrace Information: 0 : 23848, 7, 2023/01/09, 19:20:32.975, 12058519929406, vstest.console.dll, Accepted Client request and set the flag
TpTrace Verbose: 0 : 23848, 1, 2023/01/09, 19:20:32.975, 12058519929098, vstest.console.dll, SocketCommunicationManager.WaitForClientConnection took: 99 ms, with 90000 ms timeout, and finished with True.
TpTrace Verbose: 0 : 23848, 1, 2023/01/09, 19:20:32.975, 12058519930491, vstest.console.dll, ProxyDataCollectionManager.InvokeDataCollectionServiceAction: Starting.
TpTrace Information: 0 : 23848, 1, 2023/01/09, 19:20:32.975, 12058519931073, vstest.console.dll, ProxyDataCollectionManager.BeforeTestRunStart: Get environment variable and port for datacollector processId: 5404 port: 65516
TpTrace Verbose: 0 : 23848, 1, 2023/01/09, 19:20:32.975, 12058519931786, vstest.console.dll, DataCollectionRequestSender.SendBeforeTestRunStartAndGetResult: Send BeforeTestRunStart message with settingsXml <RunSettings><RunConfiguration><ResultsDirectory>F:\Projetos ASP.NET\Curso Testes\TestesDeSoftware\Features.Tests\bin\Debug\net6.0\fine-code-coverage\coverage-tool-output</ResultsDirectory><TargetPlatform>X64</TargetPlatform><TargetFrameworkVersion>.NETCoreApp,Version=v6.0</TargetFrameworkVersion><DesignMode>False</DesignMode><CollectSourceInformation>False</CollectSourceInformation><TestAdaptersPaths>C:\Program Files\dotnet\sdk\7.0.101\Extensions</TestAdaptersPaths></RunConfiguration><LoggerRunSettings><Loggers><Logger friendlyName="blame" enabled="True" /><Logger friendlyName="Console" uri="logger://microsoft/TestPlatform/ConsoleLogger/v1" assemblyQualifiedName="Microsoft.VisualStudio.TestPlatform.CommandLine.Internal.ConsoleLogger, vstest.console, Version=15.0.0.0, Culture=neutral, PublicKeyToken=b03f5f7f11d50a3a" codeBase="C:\Program Files\dotnet\sdk\7.0.101\vstest.console.dll" enabled="True" /></Loggers></LoggerRunSettings><DataCollectionRunSettings><DataCollectors><DataCollector friendlyName="blame" enabled="True"><Configuration><ResultsDirectory>F:\Projetos ASP.NET\Curso Testes\TestesDeSoftware\Features.Tests\bin\Debug\net6.0\fine-code-coverage\coverage-tool-output</ResultsDirectory></Configuration></DataCollector></DataCollectors></DataCollectionRunSettings></RunSettings> and sources System.Collections.Generic.List`1[System.String]: 
TpTrace Verbose: 0 : 23848, 1, 2023/01/09, 19:20:33.032, 12058520506992, vstest.console.dll, DataCollectionRequestSender.SendBeforeTestRunStartAndGetResult: Received message: (DataCollection.SendMessage) -> {"MessageType":"DataCollection.SendMessage","Payload":{"FriendlyName":null,"Uri":null,"TestCaseId":"00000000-0000-0000-0000-000000000000","Message":"Logging DataCollector Diagnostics in file: F:\\Projetos ASP.NET\\Curso Testes\\TestesDeSoftware\\Features.Tests\\bin\\Debug\\net6.0\\fine-code-coverage\\coverage-tool-output\\diagnostics.datacollector.23-01-09_19-20-32_86818_1.log","Level":0}}
TpTrace Verbose: 0 : 23848, 1, 2023/01/09, 19:20:33.091, 12058521097990, vstest.console.dll, DataCollectionRequestSender.SendBeforeTestRunStartAndGetResult: Received message: (DataCollection.BeforeTestRunStartResult) -> {"MessageType":"DataCollection.BeforeTestRunStartResult","Payload":{"EnvironmentVariables":{},"DataCollectionEventsPort":65518}}
TpTrace Information: 0 : 23848, 1, 2023/01/09, 19:20:33.095, 12058521134552, vstest.console.dll, ProxyDataCollectionManager.BeforeTestRunStart: SendBeforeTestRunStartAndGetResult successful, env variable from datacollector:   and testhost port: 65518
TpTrace Information: 0 : 23848, 1, 2023/01/09, 19:20:33.095, 12058521135448, vstest.console.dll, ProxyDataCollectionManager.InvokeDataCollectionServiceAction: Completed.
TpTrace Verbose: 0 : 23848, 1, 2023/01/09, 19:20:33.095, 12058521136406, vstest.console.dll, ProxyParallelExecutionManager: No sources available for execution.
TpTrace Verbose: 0 : 23848, 7, 2023/01/09, 19:20:33.095, 12058521136503, vstest.console.dll, ParallelProxyExecutionManager: Execution started. Started clients: 1
TpTrace Information: 0 : 23848, 1, 2023/01/09, 19:20:33.095, 12058521136780, vstest.console.dll, TestRunRequest.ExecuteAsync: Started.
TpTrace Verbose: 0 : 23848, 1, 2023/01/09, 19:20:33.095, 12058521137733, vstest.console.dll, TestRunRequest.WaitForCompletion: Waiting with timeout -1.
TpTrace Verbose: 0 : 23848, 7, 2023/01/09, 19:20:33.095, 12058521138515, vstest.console.dll, TestRunRequest:SendTestRunMessage: Starting.
TpTrace Verbose: 0 : 23848, 7, 2023/01/09, 19:20:33.096, 12058521139492, vstest.console.dll, MulticastDelegateUtilities.SafeInvoke: TestRun.LogMessages: Invoking callback 1/1 for Microsoft.VisualStudio.TestPlatform.CommandLine.TestRunResultAggregator., took 0 ms.
TpTrace Information: 0 : 23848, 7, 2023/01/09, 19:20:33.096, 12058521139739, vstest.console.dll, TestRunRequest:SendTestRunMessage: Completed.
TpTrace Verbose: 0 : 23848, 4, 2023/01/09, 19:20:33.096, 12058521140962, vstest.console.dll, MulticastDelegateUtilities.SafeInvoke: InternalTestLoggerEvents.SendTestRunMessage: Invoking callback 1/1 for Microsoft.VisualStudio.TestPlatform.CommandLine.Internal.ConsoleLogger., took 0 ms.
TpTrace Verbose: 0 : 23848, 7, 2023/01/09, 19:20:33.096, 12058521140999, vstest.console.dll, ProxyExecutionManager: Test host is always Lazy initialize.
TpTrace Verbose: 0 : 23848, 7, 2023/01/09, 19:20:33.096, 12058521143553, vstest.console.dll, TestRequestSender.InitializeCommunication: initialize communication. 
TpTrace Information: 0 : 23848, 7, 2023/01/09, 19:20:33.096, 12058521147160, vstest.console.dll, SocketServer.Start: Listening on endpoint : 127.0.0.1:65519
TpTrace Verbose: 0 : 23848, 7, 2023/01/09, 19:20:33.097, 12058521152561, vstest.console.dll, DotnetTestHostmanager.GetTestHostProcessStartInfo: Platform environment 'X64' target architecture 'X64' framework '.NETCoreApp,Version=v6.0' OS 'Windows'
TpTrace Verbose: 0 : 23848, 7, 2023/01/09, 19:20:33.097, 12058521153669, vstest.console.dll, DotnetTestHostmanager: Adding  --runtimeconfig "F:\Projetos ASP.NET\Curso Testes\TestesDeSoftware\Features.Tests\bin\Debug\net6.0\fine-code-coverage\build-output\Features.Tests.runtimeconfig.json" in args
TpTrace Verbose: 0 : 23848, 7, 2023/01/09, 19:20:33.097, 12058521154176, vstest.console.dll, DotnetTestHostmanager: Adding  --depsfile "F:\Projetos ASP.NET\Curso Testes\TestesDeSoftware\Features.Tests\bin\Debug\net6.0\fine-code-coverage\build-output\Features.Tests.deps.json" in args
TpTrace Verbose: 0 : 23848, 7, 2023/01/09, 19:20:33.097, 12058521155907, vstest.console.dll, DotnetTestHostmanager.IsWinOnArm: Current PROCESSOR_ARCHITECTURE from environment variable 'AMD64'
TpTrace Verbose: 0 : 23848, 7, 2023/01/09, 19:20:33.097, 12058521156385, vstest.console.dll, DotnetTestHostmanager.IsWinOnArm: Is Windows on ARM 'False'
TpTrace Verbose: 0 : 23848, 7, 2023/01/09, 19:20:33.097, 12058521156726, vstest.console.dll, DotnetTestHostManager: testhost.exe found at path: F:\Projetos ASP.NET\Curso Testes\TestesDeSoftware\Features.Tests\bin\Debug\net6.0\fine-code-coverage\build-output\testhost.exe
TpTrace Verbose: 0 : 23848, 7, 2023/01/09, 19:20:33.097, 12058521156961, vstest.console.dll, DotnetTestHostmanager: Full path of host exe is F:\Projetos ASP.NET\Curso Testes\TestesDeSoftware\Features.Tests\bin\Debug\net6.0\fine-code-coverage\build-output\testhost.exe
TpTrace Verbose: 0 : 23848, 7, 2023/01/09, 19:20:33.097, 12058521157816, vstest.console.dll, DotnetTestHostmanager.LaunchTestHostAsync: Found 'VSTEST_WINAPPHOST_DOTNET_ROOT' in env variables, value 'C:\Program Files\dotnet', forwarding to 'DOTNET_ROOT'
TpTrace Verbose: 0 : 23848, 7, 2023/01/09, 19:20:33.098, 12058521159080, vstest.console.dll, DotnetTestHostManager: Starting process 'F:\Projetos ASP.NET\Curso Testes\TestesDeSoftware\Features.Tests\bin\Debug\net6.0\fine-code-coverage\build-output\testhost.exe' with command line ' --runtimeconfig "F:\Projetos ASP.NET\Curso Testes\TestesDeSoftware\Features.Tests\bin\Debug\net6.0\fine-code-coverage\build-output\Features.Tests.runtimeconfig.json" --depsfile "F:\Projetos ASP.NET\Curso Testes\TestesDeSoftware\Features.Tests\bin\Debug\net6.0\fine-code-coverage\build-output\Features.Tests.deps.json" --port 65519 --endpoint 127.0.0.1:065519 --role client --parentprocessid 23848 --diag "F:\Projetos ASP.NET\Curso Testes\TestesDeSoftware\Features.Tests\bin\Debug\net6.0\fine-code-coverage\coverage-tool-output\diagnostics.host.23-01-09_19-20-33_09713_7.log" --tracelevel 4 --datacollectionport 65518 --telemetryoptedin false'
TpTrace Verbose: 0 : 23848, 7, 2023/01/09, 19:20:33.102, 12058521205139, vstest.console.dll, MulticastDelegateUtilities.SafeInvoke: HostProviderEvents.OnHostLaunched: Invoking callback 1/2 for Microsoft.VisualStudio.TestPlatform.CrossPlatEngine.Client.ProxyExecutionManagerWithDataCollection., took 0 ms.
TpTrace Verbose: 0 : 23848, 7, 2023/01/09, 19:20:33.102, 12058521206859, vstest.console.dll, Test Runtime launched
TpTrace Verbose: 0 : 23848, 7, 2023/01/09, 19:20:33.102, 12058521207295, vstest.console.dll, MulticastDelegateUtilities.SafeInvoke: HostProviderEvents.OnHostLaunched: Invoking callback 2/2 for Microsoft.VisualStudio.TestPlatform.CrossPlatEngine.Client.ProxyOperationManager., took 0 ms.
TpTrace Verbose: 0 : 23848, 7, 2023/01/09, 19:20:33.102, 12058521208220, vstest.console.dll, TestRequestSender.WaitForRequestHandlerConnection: waiting for connection with timeout: 90000.
TpTrace Verbose: 0 : 23848, 7, 2023/01/09, 19:20:33.205, 12058522234380, vstest.console.dll, TestRequestSender.WaitForRequestHandlerConnection: waiting took 102 ms, with timeout 90000 ms, and result 0, which is success.
TpTrace Verbose: 0 : 23848, 12, 2023/01/09, 19:20:33.205, 12058522234379, vstest.console.dll, MulticastDelegateUtilities.SafeInvoke: SocketServer: ClientConnected: Invoking callback 1/1 for Microsoft.VisualStudio.TestPlatform.CommunicationUtilities.TestRequestSender., took 0 ms.
TpTrace Verbose: 0 : 23848, 12, 2023/01/09, 19:20:33.205, 12058522235562, vstest.console.dll, SocketServer.OnClientConnected: Client connected for endPoint: 127.0.0.1:65519, starting MessageLoopAsync:
TpTrace Verbose: 0 : 23848, 10, 2023/01/09, 19:20:33.205, 12058522237448, vstest.console.dll, TcpClientExtensions.MessageLoopAsync: Polling on remoteEndPoint: 127.0.0.1:65520 localEndPoint: 127.0.0.1:65519
TpTrace Verbose: 0 : 23848, 7, 2023/01/09, 19:20:33.206, 12058522241464, vstest.console.dll, TestRequestSender.CheckVersionWithTestHost: Sending check version message: {"MessageType":"ProtocolVersion","Payload":7}
TpTrace Verbose: 0 : 23848, 10, 2023/01/09, 19:20:33.308, 12058523260318, vstest.console.dll, TcpClientExtensions.MessageLoopAsync: NotifyDataAvailable remoteEndPoint: 127.0.0.1:65520 localEndPoint: 127.0.0.1:65519
TpTrace Verbose: 0 : 23848, 10, 2023/01/09, 19:20:33.308, 12058523261667, vstest.console.dll, TestRequestSender.CheckVersionWithTestHost: onMessageReceived received message: (ProtocolVersion) -> {"MessageType":"ProtocolVersion","Payload":5}
TpTrace Verbose: 0 : 23848, 10, 2023/01/09, 19:20:33.308, 12058523266170, vstest.console.dll, MulticastDelegateUtilities.SafeInvoke: LengthPrefixCommunicationChannel: MessageReceived: Invoking callback 1/1 for Microsoft.VisualStudio.TestPlatform.CommunicationUtilities.TestRequestSender+<>c__DisplayClass26_0., took 0 ms.
TpTrace Verbose: 0 : 23848, 7, 2023/01/09, 19:20:33.308, 12058523266692, vstest.console.dll, TestPluginCache.GetExtensionPaths: Filtered extension paths: 
TpTrace Verbose: 0 : 23848, 7, 2023/01/09, 19:20:33.308, 12058523267223, vstest.console.dll, TestPluginCache.GetExtensionPaths: Added default extension paths: C:\Program Files\dotnet\sdk\7.0.101\Extensions\Microsoft.Diagnostics.NETCore.Client.dll
C:\Program Files\dotnet\sdk\7.0.101\Extensions\Microsoft.TestPlatform.Extensions.BlameDataCollector.dll
C:\Program Files\dotnet\sdk\7.0.101\Extensions\Microsoft.TestPlatform.Extensions.EventLogCollector.dll
C:\Program Files\dotnet\sdk\7.0.101\Extensions\Microsoft.TestPlatform.TestHostRuntimeProvider.dll
C:\Program Files\dotnet\sdk\7.0.101\Extensions\Microsoft.VisualStudio.TestPlatform.Extensions.Html.TestLogger.dll
C:\Program Files\dotnet\sdk\7.0.101\Extensions\Microsoft.VisualStudio.TestPlatform.Extensions.Trx.TestLogger.dll
TpTrace Verbose: 0 : 23848, 10, 2023/01/09, 19:20:33.308, 12058523266757, vstest.console.dll, TcpClientExtensions.MessageLoopAsync: Polling on remoteEndPoint: 127.0.0.1:65520 localEndPoint: 127.0.0.1:65519
TpTrace Verbose: 0 : 23848, 7, 2023/01/09, 19:20:33.308, 12058523267847, vstest.console.dll, TestPluginCache.GetExtensionPaths: Added unfilterableExtensionPaths: 
TpTrace Verbose: 0 : 23848, 7, 2023/01/09, 19:20:33.311, 12058523288577, vstest.console.dll, TestRequestSender.InitializeExecution: Sending initialize execution with message: {"Version":5,"MessageType":"TestExecution.Initialize","Payload":["F:\\Projetos ASP.NET\\Curso Testes\\TestesDeSoftware\\Features.Tests\\bin\\Debug\\net6.0\\fine-code-coverage\\build-output\\xunit.runner.visualstudio.dotnetcore.testadapter.dll"]}
TpTrace Warning: 0 : 23848, 7, 2023/01/09, 19:20:33.311, 12058523292491, vstest.console.dll, InferRunSettingsHelper.MakeRunsettingsCompatible: Removing the following settings: TargetPlatform from RunSettings file. To use those settings please move to latest version of Microsoft.NET.Test.Sdk
TpTrace Verbose: 0 : 23848, 10, 2023/01/09, 19:20:33.315, 12058523335321, vstest.console.dll, TcpClientExtensions.MessageLoopAsync: NotifyDataAvailable remoteEndPoint: 127.0.0.1:65520 localEndPoint: 127.0.0.1:65519
TpTrace Verbose: 0 : 23848, 10, 2023/01/09, 19:20:33.315, 12058523337743, vstest.console.dll, TestRequestSender.OnExecutionMessageReceived: Received message: {"Version":5,"MessageType":"TestSession.Message","Payload":{"MessageLevel":0,"Message":"Logging TestHost Diagnostics in file: F:\\Projetos ASP.NET\\Curso Testes\\TestesDeSoftware\\Features.Tests\\bin\\Debug\\net6.0\\fine-code-coverage\\coverage-tool-output\\diagnostics.host.23-01-09_19-20-33_09713_7.log"}}
TpTrace Verbose: 0 : 23848, 7, 2023/01/09, 19:20:33.317, 12058523348668, vstest.console.dll, TestRequestSender.StartTestRun: Sending test run with message: {"Version":5,"MessageType":"TestExecution.StartWithSources","Payload":{"AdapterSourceMap":{"_none_":["F:\\Projetos ASP.NET\\Curso Testes\\TestesDeSoftware\\Features.Tests\\bin\\Debug\\net6.0\\fine-code-coverage\\build-output\\Features.Tests.dll"]},"RunSettings":"<RunSettings>\r\n  <RunConfiguration>\r\n    <ResultsDirectory>F:\\Projetos ASP.NET\\Curso Testes\\TestesDeSoftware\\Features.Tests\\bin\\Debug\\net6.0\\fine-code-coverage\\coverage-tool-output</ResultsDirectory>\r\n    <TargetFrameworkVersion>.NETCoreApp,Version=v6.0</TargetFrameworkVersion>\r\n    <DesignMode>False</DesignMode>\r\n    <CollectSourceInformation>False</CollectSourceInformation>\r\n  </RunConfiguration>\r\n  <LoggerRunSettings>\r\n    <Loggers>\r\n      <Logger friendlyName=\"blame\" enabled=\"True\" />\r\n      <Logger friendlyName=\"Console\" uri=\"logger://microsoft/TestPlatform/ConsoleLogger/v1\" assemblyQualifiedName=\"Microsoft.VisualStudio.TestPlatform.CommandLine.Internal.ConsoleLogger, vstest.console, Version=15.0.0.0, Culture=neutral, PublicKeyToken=b03f5f7f11d50a3a\" codeBase=\"C:\\Program Files\\dotnet\\sdk\\7.0.101\\vstest.console.dll\" enabled=\"True\" />\r\n    </Loggers>\r\n  </LoggerRunSettings>\r\n  <DataCollectionRunSettings>\r\n    <DataCollectors>\r\n      <DataCollector friendlyName=\"blame\" enabled=\"True\">\r\n        <Configuration>\r\n          <ResultsDirectory>F:\\Projetos ASP.NET\\Curso Testes\\TestesDeSoftware\\Features.Tests\\bin\\Debug\\net6.0\\fine-code-coverage\\coverage-tool-output</ResultsDirectory>\r\n        </Configuration>\r\n      </DataCollector>\r\n    </DataCollectors>\r\n  </DataCollectionRunSettings>\r\n</RunSettings>","TestExecutionContext":{"FrequencyOfRunStatsChangeEvent":10,"RunStatsChangeEventTimeout":"00:00:01.5000000","InIsolation":false,"KeepAlive":false,"AreTestCaseLevelEventsRequired":false,"IsDebug":false,"TestCaseFilter":null,"FilterOptions":null},"Package":null}}
TpTrace Verbose: 0 : 23848, 10, 2023/01/09, 19:20:33.317, 12058523353857, vstest.console.dll, TestRunRequest:SendTestRunMessage: Starting.
TpTrace Verbose: 0 : 23848, 10, 2023/01/09, 19:20:33.317, 12058523354782, vstest.console.dll, MulticastDelegateUtilities.SafeInvoke: TestRun.LogMessages: Invoking callback 1/1 for Microsoft.VisualStudio.TestPlatform.CommandLine.TestRunResultAggregator., took 0 ms.
TpTrace Information: 0 : 23848, 10, 2023/01/09, 19:20:33.317, 12058523355042, vstest.console.dll, TestRunRequest:SendTestRunMessage: Completed.
TpTrace Verbose: 0 : 23848, 4, 2023/01/09, 19:20:33.317, 12058523355120, vstest.console.dll, MulticastDelegateUtilities.SafeInvoke: InternalTestLoggerEvents.SendTestRunMessage: Invoking callback 1/1 for Microsoft.VisualStudio.TestPlatform.CommandLine.Internal.ConsoleLogger., took 0 ms.
TpTrace Verbose: 0 : 23848, 10, 2023/01/09, 19:20:33.317, 12058523355296, vstest.console.dll, MulticastDelegateUtilities.SafeInvoke: LengthPrefixCommunicationChannel: MessageReceived: Invoking callback 1/1 for Microsoft.VisualStudio.TestPlatform.CommunicationUtilities.TestRequestSender+<>c__DisplayClass31_0., took 1 ms.
TpTrace Verbose: 0 : 23848, 10, 2023/01/09, 19:20:33.317, 12058523355826, vstest.console.dll, TcpClientExtensions.MessageLoopAsync: Polling on remoteEndPoint: 127.0.0.1:65520 localEndPoint: 127.0.0.1:65519
TpTrace Verbose: 0 : 23848, 10, 2023/01/09, 19:20:33.433, 12058524514344, vstest.console.dll, TcpClientExtensions.MessageLoopAsync: NotifyDataAvailable remoteEndPoint: 127.0.0.1:65520 localEndPoint: 127.0.0.1:65519
TpTrace Verbose: 0 : 23848, 10, 2023/01/09, 19:20:33.433, 12058524515473, vstest.console.dll, TestRequestSender.OnExecutionMessageReceived: Received message: {"Version":5,"MessageType":"TestSession.Message","Payload":{"MessageLevel":0,"Message":"[xUnit.net 00:00:00.00] xUnit.net VSTest Adapter v2.4.3+1b45f5407b (64-bit .NET 6.0.5)"}}
TpTrace Verbose: 0 : 23848, 10, 2023/01/09, 19:20:33.433, 12058524516934, vstest.console.dll, TestRunRequest:SendTestRunMessage: Starting.
TpTrace Verbose: 0 : 23848, 10, 2023/01/09, 19:20:33.433, 12058524517373, vstest.console.dll, MulticastDelegateUtilities.SafeInvoke: TestRun.LogMessages: Invoking callback 1/1 for Microsoft.VisualStudio.TestPlatform.CommandLine.TestRunResultAggregator., took 0 ms.
TpTrace Verbose: 0 : 23848, 4, 2023/01/09, 19:20:33.433, 12058524517543, vstest.console.dll, MulticastDelegateUtilities.SafeInvoke: InternalTestLoggerEvents.SendTestRunMessage: Invoking callback 1/1 for Microsoft.VisualStudio.TestPlatform.CommandLine.Internal.ConsoleLogger., took 0 ms.
TpTrace Information: 0 : 23848, 10, 2023/01/09, 19:20:33.433, 12058524517605, vstest.console.dll, TestRunRequest:SendTestRunMessage: Completed.
TpTrace Verbose: 0 : 23848, 10, 2023/01/09, 19:20:33.434, 12058524518597, vstest.console.dll, MulticastDelegateUtilities.SafeInvoke: LengthPrefixCommunicationChannel: MessageReceived: Invoking callback 1/1 for Microsoft.VisualStudio.TestPlatform.CommunicationUtilities.TestRequestSender+<>c__DisplayClass31_0., took 0 ms.
TpTrace Verbose: 0 : 23848, 10, 2023/01/09, 19:20:33.434, 12058524518824, vstest.console.dll, TcpClientExtensions.MessageLoopAsync: Polling on remoteEndPoint: 127.0.0.1:65520 localEndPoint: 127.0.0.1:65519
TpTrace Verbose: 0 : 23848, 10, 2023/01/09, 19:20:33.787, 12058528056857, vstest.console.dll, TcpClientExtensions.MessageLoopAsync: NotifyDataAvailable remoteEndPoint: 127.0.0.1:65520 localEndPoint: 127.0.0.1:65519
TpTrace Verbose: 0 : 23848, 10, 2023/01/09, 19:20:33.787, 12058528058306, vstest.console.dll, TestRequestSender.OnExecutionMessageReceived: Received message: {"Version":5,"MessageType":"TestSession.Message","Payload":{"MessageLevel":0,"Message":"[xUnit.net 00:00:00.36]   Discovering: Features.Tests"}}
TpTrace Verbose: 0 : 23848, 10, 2023/01/09, 19:20:33.788, 12058528059333, vstest.console.dll, TestRunRequest:SendTestRunMessage: Starting.
TpTrace Verbose: 0 : 23848, 10, 2023/01/09, 19:20:33.788, 12058528059823, vstest.console.dll, MulticastDelegateUtilities.SafeInvoke: TestRun.LogMessages: Invoking callback 1/1 for Microsoft.VisualStudio.TestPlatform.CommandLine.TestRunResultAggregator., took 0 ms.
TpTrace Information: 0 : 23848, 10, 2023/01/09, 19:20:33.788, 12058528060051, vstest.console.dll, TestRunRequest:SendTestRunMessage: Completed.
TpTrace Verbose: 0 : 23848, 4, 2023/01/09, 19:20:33.788, 12058528059984, vstest.console.dll, MulticastDelegateUtilities.SafeInvoke: InternalTestLoggerEvents.SendTestRunMessage: Invoking callback 1/1 for Microsoft.VisualStudio.TestPlatform.CommandLine.Internal.ConsoleLogger., took 0 ms.
TpTrace Verbose: 0 : 23848, 10, 2023/01/09, 19:20:33.788, 12058528060267, vstest.console.dll, MulticastDelegateUtilities.SafeInvoke: LengthPrefixCommunicationChannel: MessageReceived: Invoking callback 1/1 for Microsoft.VisualStudio.TestPlatform.CommunicationUtilities.TestRequestSender+<>c__DisplayClass31_0., took 0 ms.
TpTrace Verbose: 0 : 23848, 10, 2023/01/09, 19:20:33.788, 12058528061138, vstest.console.dll, TcpClientExtensions.MessageLoopAsync: Polling on remoteEndPoint: 127.0.0.1:65520 localEndPoint: 127.0.0.1:65519
TpTrace Verbose: 0 : 23848, 10, 2023/01/09, 19:20:33.838, 12058528562545, vstest.console.dll, TcpClientExtensions.MessageLoopAsync: NotifyDataAvailable remoteEndPoint: 127.0.0.1:65520 localEndPoint: 127.0.0.1:65519
TpTrace Verbose: 0 : 23848, 10, 2023/01/09, 19:20:33.838, 12058528563961, vstest.console.dll, TestRequestSender.OnExecutionMessageReceived: Received message: {"Version":5,"MessageType":"TestSession.Message","Payload":{"MessageLevel":0,"Message":"[xUnit.net 00:00:00.41]   Discovered:  Features.Tests"}}
TpTrace Verbose: 0 : 23848, 10, 2023/01/09, 19:20:33.838, 12058528564940, vstest.console.dll, TestRunRequest:SendTestRunMessage: Starting.
TpTrace Verbose: 0 : 23848, 10, 2023/01/09, 19:20:33.838, 12058528565387, vstest.console.dll, MulticastDelegateUtilities.SafeInvoke: TestRun.LogMessages: Invoking callback 1/1 for Microsoft.VisualStudio.TestPlatform.CommandLine.TestRunResultAggregator., took 0 ms.
TpTrace Verbose: 0 : 23848, 4, 2023/01/09, 19:20:33.838, 12058528565587, vstest.console.dll, MulticastDelegateUtilities.SafeInvoke: InternalTestLoggerEvents.SendTestRunMessage: Invoking callback 1/1 for Microsoft.VisualStudio.TestPlatform.CommandLine.Internal.ConsoleLogger., took 0 ms.
TpTrace Information: 0 : 23848, 10, 2023/01/09, 19:20:33.838, 12058528565809, vstest.console.dll, TestRunRequest:SendTestRunMessage: Completed.
TpTrace Verbose: 0 : 23848, 10, 2023/01/09, 19:20:33.838, 12058528566595, vstest.console.dll, MulticastDelegateUtilities.SafeInvoke: LengthPrefixCommunicationChannel: MessageReceived: Invoking callback 1/1 for Microsoft.VisualStudio.TestPlatform.CommunicationUtilities.TestRequestSender+<>c__DisplayClass31_0., took 0 ms.
TpTrace Verbose: 0 : 23848, 10, 2023/01/09, 19:20:33.838, 12058528566898, vstest.console.dll, TcpClientExtensions.MessageLoopAsync: Polling on remoteEndPoint: 127.0.0.1:65520 localEndPoint: 127.0.0.1:65519
TpTrace Verbose: 0 : 23848, 10, 2023/01/09, 19:20:33.840, 12058528579451, vstest.console.dll, TcpClientExtensions.MessageLoopAsync: NotifyDataAvailable remoteEndPoint: 127.0.0.1:65520 localEndPoint: 127.0.0.1:65519
TpTrace Verbose: 0 : 23848, 10, 2023/01/09, 19:20:33.840, 12058528580416, vstest.console.dll, TestRequestSender.OnExecutionMessageReceived: Received message: {"Version":5,"MessageType":"TestSession.Message","Payload":{"MessageLevel":0,"Message":"[xUnit.net 00:00:00.41]   Starting:    Features.Tests"}}
TpTrace Verbose: 0 : 23848, 10, 2023/01/09, 19:20:33.840, 12058528581635, vstest.console.dll, TestRunRequest:SendTestRunMessage: Starting.
TpTrace Verbose: 0 : 23848, 10, 2023/01/09, 19:20:33.840, 12058528582145, vstest.console.dll, MulticastDelegateUtilities.SafeInvoke: TestRun.LogMessages: Invoking callback 1/1 for Microsoft.VisualStudio.TestPlatform.CommandLine.TestRunResultAggregator., took 0 ms.
TpTrace Verbose: 0 : 23848, 4, 2023/01/09, 19:20:33.840, 12058528582313, vstest.console.dll, MulticastDelegateUtilities.SafeInvoke: InternalTestLoggerEvents.SendTestRunMessage: Invoking callback 1/1 for Microsoft.VisualStudio.TestPlatform.CommandLine.Internal.ConsoleLogger., took 0 ms.
TpTrace Information: 0 : 23848, 10, 2023/01/09, 19:20:33.840, 12058528582396, vstest.console.dll, TestRunRequest:SendTestRunMessage: Completed.
TpTrace Verbose: 0 : 23848, 10, 2023/01/09, 19:20:33.840, 12058528582981, vstest.console.dll, MulticastDelegateUtilities.SafeInvoke: LengthPrefixCommunicationChannel: MessageReceived: Invoking callback 1/1 for Microsoft.VisualStudio.TestPlatform.CommunicationUtilities.TestRequestSender+<>c__DisplayClass31_0., took 0 ms.
TpTrace Verbose: 0 : 23848, 10, 2023/01/09, 19:20:33.840, 12058528583286, vstest.console.dll, TcpClientExtensions.MessageLoopAsync: Polling on remoteEndPoint: 127.0.0.1:65520 localEndPoint: 127.0.0.1:65519
TpTrace Verbose: 0 : 23848, 10, 2023/01/09, 19:20:33.918, 12058529362555, vstest.console.dll, TcpClientExtensions.MessageLoopAsync: NotifyDataAvailable remoteEndPoint: 127.0.0.1:65520 localEndPoint: 127.0.0.1:65519
TpTrace Verbose: 0 : 23848, 10, 2023/01/09, 19:20:33.918, 12058529363561, vstest.console.dll, TestRequestSender.OnExecutionMessageReceived: Received message: {"Version":5,"MessageType":"TestSession.Message","Payload":{"MessageLevel":1,"Message":"[xUnit.net 00:00:00.49]     Novo Cliente 2.0 [SKIP]"}}
TpTrace Verbose: 0 : 23848, 10, 2023/01/09, 19:20:33.918, 12058529364472, vstest.console.dll, TestRunRequest:SendTestRunMessage: Starting.
TpTrace Verbose: 0 : 23848, 10, 2023/01/09, 19:20:33.918, 12058529364900, vstest.console.dll, MulticastDelegateUtilities.SafeInvoke: TestRun.LogMessages: Invoking callback 1/1 for Microsoft.VisualStudio.TestPlatform.CommandLine.TestRunResultAggregator., took 0 ms.
TpTrace Information: 0 : 23848, 10, 2023/01/09, 19:20:33.918, 12058529365154, vstest.console.dll, TestRunRequest:SendTestRunMessage: Completed.
TpTrace Verbose: 0 : 23848, 10, 2023/01/09, 19:20:33.918, 12058529365395, vstest.console.dll, MulticastDelegateUtilities.SafeInvoke: LengthPrefixCommunicationChannel: MessageReceived: Invoking callback 1/1 for Microsoft.VisualStudio.TestPlatform.CommunicationUtilities.TestRequestSender+<>c__DisplayClass31_0., took 0 ms.
TpTrace Verbose: 0 : 23848, 10, 2023/01/09, 19:20:33.918, 12058529365788, vstest.console.dll, TcpClientExtensions.MessageLoopAsync: Polling on remoteEndPoint: 127.0.0.1:65520 localEndPoint: 127.0.0.1:65519
TpTrace Verbose: 0 : 23848, 10, 2023/01/09, 19:20:33.918, 12058529366060, vstest.console.dll, TcpClientExtensions.MessageLoopAsync: NotifyDataAvailable remoteEndPoint: 127.0.0.1:65520 localEndPoint: 127.0.0.1:65519
TpTrace Verbose: 0 : 23848, 4, 2023/01/09, 19:20:33.918, 12058529366228, vstest.console.dll, MulticastDelegateUtilities.SafeInvoke: InternalTestLoggerEvents.SendTestRunMessage: Invoking callback 1/1 for Microsoft.VisualStudio.TestPlatform.CommandLine.Internal.ConsoleLogger., took 0 ms.
TpTrace Verbose: 0 : 23848, 10, 2023/01/09, 19:20:33.918, 12058529366380, vstest.console.dll, TestRequestSender.OnExecutionMessageReceived: Received message: {"Version":5,"MessageType":"TestSession.Message","Payload":{"MessageLevel":0,"Message":"[xUnit.net 00:00:00.49]       Este teste não é compativel com a Nova versão 2.0"}}
TpTrace Verbose: 0 : 23848, 10, 2023/01/09, 19:20:33.918, 12058529367470, vstest.console.dll, TestRunRequest:SendTestRunMessage: Starting.
TpTrace Verbose: 0 : 23848, 10, 2023/01/09, 19:20:33.918, 12058529367883, vstest.console.dll, MulticastDelegateUtilities.SafeInvoke: TestRun.LogMessages: Invoking callback 1/1 for Microsoft.VisualStudio.TestPlatform.CommandLine.TestRunResultAggregator., took 0 ms.
TpTrace Information: 0 : 23848, 10, 2023/01/09, 19:20:33.918, 12058529368089, vstest.console.dll, TestRunRequest:SendTestRunMessage: Completed.
TpTrace Verbose: 0 : 23848, 10, 2023/01/09, 19:20:33.918, 12058529368331, vstest.console.dll, MulticastDelegateUtilities.SafeInvoke: LengthPrefixCommunicationChannel: MessageReceived: Invoking callback 1/1 for Microsoft.VisualStudio.TestPlatform.CommunicationUtilities.TestRequestSender+<>c__DisplayClass31_0., took 0 ms.
TpTrace Verbose: 0 : 23848, 10, 2023/01/09, 19:20:33.918, 12058529368524, vstest.console.dll, TcpClientExtensions.MessageLoopAsync: Polling on remoteEndPoint: 127.0.0.1:65520 localEndPoint: 127.0.0.1:65519
TpTrace Verbose: 0 : 23848, 4, 2023/01/09, 19:20:33.918, 12058529368547, vstest.console.dll, MulticastDelegateUtilities.SafeInvoke: InternalTestLoggerEvents.SendTestRunMessage: Invoking callback 1/1 for Microsoft.VisualStudio.TestPlatform.CommandLine.Internal.ConsoleLogger., took 0 ms.
TpTrace Verbose: 0 : 23848, 10, 2023/01/09, 19:20:33.968, 12058529865645, vstest.console.dll, TcpClientExtensions.MessageLoopAsync: NotifyDataAvailable remoteEndPoint: 127.0.0.1:65520 localEndPoint: 127.0.0.1:65519
TpTrace Verbose: 0 : 23848, 10, 2023/01/09, 19:20:33.968, 12058529867528, vstest.console.dll, TestRequestSender.OnExecutionMessageReceived: Received message: {"Version":5,"MessageType":"TestExecution.StatsChange","Payload":{"NewTestResults":[{"TestCase":{"Id":"2d7ea565-1cc7-ae0a-fd18-9de755928f83","FullyQualifiedName":"Features.Tests.TesteNaoPassandoMotivoEspecifico.Teste_NaoEstaPassando_VersaoNovaNaoCompativel","DisplayName":"Novo Cliente 2.0","ExecutorUri":"executor://xunit/VsTestRunner2/netcoreapp","Source":"F:\\Projetos ASP.NET\\Curso Testes\\TestesDeSoftware\\Features.Tests\\bin\\Debug\\net6.0\\fine-code-coverage\\build-output\\Features.Tests.dll","CodeFilePath":null,"LineNumber":0,"Properties":[{"Key":{"Id":"TestObject.Traits","Label":"Traits","Category":"","Description":"","Attributes":5,"ValueType":"System.Collections.Generic.KeyValuePair`2[[System.String],[System.String]][]"},"Value":[{"Key":"Categoria","Value":"Escapando dos Testes"}]}]},"Attachments":[],"Outcome":3,"ErrorMessage":null,"ErrorStackTrace":null,"DisplayName":"Novo Cliente 2.0","Messages":[{"Category":"StdOutMsgs","Text":"Este teste não é compativel com a Nova versão 2.0"}],"ComputerName":"DESKTOP-I8JNLH9","Duration":"00:00:00.0010000","StartTime":"2023-01-09T22:20:33.9191375+00:00","EndTime":"2023-01-09T22:20:33.9191571+00:00","Properties":[]},{"TestCase":{"Id":"b0f2754a-3b42-2083-3d57-c9bfa7f0520c","FullyQualifiedName":"Features.Tests.CpfValidationTests.Cpf_ValidarMultiplosNumeros_TodosDevemSerInvalidos","DisplayName":"CPF Invalidos(cpf: \"15231766607213\")","ExecutorUri":"executor://xunit/VsTestRunner2/netcoreapp","Source":"F:\\Projetos ASP.NET\\Curso Testes\\TestesDeSoftware\\Features.Tests\\bin\\Debug\\net6.0\\fine-code-coverage\\build-output\\Features.Tests.dll","CodeFilePath":null,"LineNumber":0,"Properties":[{"Key":{"Id":"TestObject.Traits","Label":"Traits","Category":"","Description":"","Attributes":5,"ValueType":"System.Collections.Generic.KeyValuePair`2[[System.String],[System.String]][]"},"Value":[{"Key":"Categoria","Value":"CPF Validation Tests"}]}]},"Attachments":[],"Outcome":1,"ErrorMessage":null,"ErrorStackTrace":null,"DisplayName":"CPF Invalidos(cpf: \"15231766607213\")","Messages":[],"ComputerName":"DESKTOP-I8JNLH9","Duration":"00:00:00.0024467","StartTime":"2023-01-09T22:20:33.9374975+00:00","EndTime":"2023-01-09T22:20:33.9374976+00:00","Properties":[]},{"TestCase":{"Id":"8baa0b5a-77ab-a376-fee2-b974a47a7213","FullyQualifiedName":"Features.Tests.OrdemTestes.Teste03","DisplayName":"Teste 03","ExecutorUri":"executor://xunit/VsTestRunner2/netcoreapp","Source":"F:\\Projetos ASP.NET\\Curso Testes\\TestesDeSoftware\\Features.Tests\\bin\\Debug\\net6.0\\fine-code-coverage\\build-output\\Features.Tests.dll","CodeFilePath":null,"LineNumber":0,"Properties":[{"Key":{"Id":"TestObject.Traits","Label":"Traits","Category":"","Description":"","Attributes":5,"ValueType":"System.Collections.Generic.KeyValuePair`2[[System.String],[System.String]][]"},"Value":[{"Key":"Categoria","Value":"Ordenacao Testes"}]}]},"Attachments":[],"Outcome":1,"ErrorMessage":null,"ErrorStackTrace":null,"DisplayName":"Teste 03","Messages":[],"ComputerName":"DESKTOP-I8JNLH9","Duration":"00:00:00.0016789","StartTime":"2023-01-09T22:20:33.9388638+00:00","EndTime":"2023-01-09T22:20:33.9388638+00:00","Properties":[]},{"TestCase":{"Id":"51763406-ccc8-8cb6-7deb-a6f95aeba95b","FullyQualifiedName":"Features.Tests.CpfValidationTests.Cpf_ValidarMultiplosNumeros_TodosDevemSerInvalidos","DisplayName":"CPF Invalidos(cpf: \"528781682082\")","ExecutorUri":"executor://xunit/VsTestRunner2/netcoreapp","Source":"F:\\Projetos ASP.NET\\Curso Testes\\TestesDeSoftware\\Features.Tests\\bin\\Debug\\net6.0\\fine-code-coverage\\build-output\\Features.Tests.dll","CodeFilePath":null,"LineNumber":0,"Properties":[{"Key":{"Id":"TestObject.Traits","Label":"Traits","Category":"","Description":"","Attributes":5,"ValueType":"System.Collections.Generic.KeyValuePair`2[[System.String],[System.String]][]"},"Value":[{"Key":"Categoria","Value":"CPF Validation Tests"}]}]},"Attachments":[],"Outcome":1,"ErrorMessage":null,"ErrorStackTrace":null,"DisplayName":"CPF Invalidos(cpf: \"528781682082\")","Messages":[],"ComputerName":"DESKTOP-I8JNLH9","Duration":"00:00:00.0000090","StartTime":"2023-01-09T22:20:33.941027+00:00","EndTime":"2023-01-09T22:20:33.9410271+00:00","Properties":[]}],"TestRunStatistics":{"ExecutedTests":4,"Stats":{"Skipped":1,"Passed":3}},"ActiveTests":[{"Id":"f55f6a9c-e1a6-7189-fc13-edeb3bddd1f8","FullyQualifiedName":"Features.Tests.ClienteBogusTests.Cliente_NovoCliente_DeveEstarValido","DisplayName":"Novo Cliente Válido","ExecutorUri":"executor://xunit/VsTestRunner2/netcoreapp","Source":"F:\\Projetos ASP.NET\\Curso Testes\\TestesDeSoftware\\Features.Tests\\bin\\Debug\\net6.0\\fine-code-coverage\\build-output\\Features.Tests.dll","CodeFilePath":null,"LineNumber":0,"Properties":[{"Key":{"Id":"TestObject.Traits","Label":"Traits","Category":"","Description":"","Attributes":5,"ValueType":"System.Collections.Generic.KeyValuePair`2[[System.String],[System.String]][]"},"Value":[{"Key":"Categoria","Value":"Cliente Bogus Testes"}]}]},{"Id":"8aca03f0-e200-4a65-2212-a053e214df61","FullyQualifiedName":"Features.Tests.ClienteServiceAutoMockerFixtureTests.ClienteService_Adicionar_DeveFalharDevidoClienteInvalido","DisplayName":"Adicionar Cliente com Falha","ExecutorUri":"executor://xunit/VsTestRunner2/netcoreapp","Source":"F:\\Projetos ASP.NET\\Curso Testes\\TestesDeSoftware\\Features.Tests\\bin\\Debug\\net6.0\\fine-code-coverage\\build-output\\Features.Tests.dll","CodeFilePath":null,"LineNumber":0,"Properties":[{"Key":{"Id":"TestObject.Traits","Label":"Traits","Category":"","Description":"","Attributes":5,"ValueType":"System.Collections.Generic.KeyValuePair`2[[System.String],[System.String]][]"},"Value":[{"Key":"Categoria","Value":"Cliente Service AutoMockFixture Tests"}]}]},{"Id":"89733d6f-c5db-9f2a-58ad-377360492227","FullyQualifiedName":"Features.Tests.ClienteTesteInvalido.Cliente_NovoCliente_DeveEstarInvalido","DisplayName":"Novo Cliente Inválido","ExecutorUri":"executor://xunit/VsTestRunner2/netcoreapp","Source":"F:\\Projetos ASP.NET\\Curso Testes\\TestesDeSoftware\\Features.Tests\\bin\\Debug\\net6.0\\fine-code-coverage\\build-output\\Features.Tests.dll","CodeFilePath":null,"LineNumber":0,"Properties":[{"Key":{"Id":"TestObject.Traits","Label":"Traits","Category":"","Description":"","Attributes":5,"ValueType":"System.Collections.Generic.KeyValuePair`2[[System.String],[System.String]][]"},"Value":[{"Key":"Categoria","Value":"Cliente Fixture Testes"}]}]},{"Id":"e19d25ea-f50a-eefe-6e5d-a708ed609e08","FullyQualifiedName":"Features.Tests.ClienteTests.Cliente_NovoCliente_DeveEstarValido","DisplayName":"Novo Cliente Válido","ExecutorUri":"executor://xunit/VsTestRunner2/netcoreapp","Source":"F:\\Projetos ASP.NET\\Curso Testes\\TestesDeSoftware\\Features.Tests\\bin\\Debug\\net6.0\\fine-code-coverage\\build-output\\Features.Tests.dll","CodeFilePath":null,"LineNumber":0,"Properties":[{"Key":{"Id":"TestObject.Traits","Label":"Traits","Category":"","Description":"","Attributes":5,"ValueType":"System.Collections.Generic.KeyValuePair`2[[System.String],[System.String]][]"},"Value":[{"Key":"Categoria","Value":"Cliente Trait Testes"}]}]},{"Id":"fe8897c3-21e9-9c9c-da13-66fbccffb342","FullyQualifiedName":"Features.Tests.OrdemTestes.Teste01","DisplayName":"Teste 01","ExecutorUri":"executor://xunit/VsTestRunner2/netcoreapp","Source":"F:\\Projetos ASP.NET\\Curso Testes\\TestesDeSoftware\\Features.Tests\\bin\\Debug\\net6.0\\fine-code-coverage\\build-output\\Features.Tests.dll","CodeFilePath":null,"LineNumber":0,"Properties":[{"Key":{"Id":"TestObject.Traits","Label":"Traits","Category":"","Description":"","Attributes":5,"ValueType":"System.Collections.Generic.KeyValuePair`2[[System.String],[System.String]][]"},"Value":[{"Key":"Categoria","Value":"Ordenacao Testes"}]}]},{"Id":"28ab2ec5-00a7-fe38-b512-a1992355d862","FullyQualifiedName":"Features.Tests.CpfValidationTests.Cpf_ValidarMultiplosNumeros_TodosDevemSerInvalidos","DisplayName":"CPF Invalidos(cpf: \"23775274811\")","ExecutorUri":"executor://xunit/VsTestRunner2/netcoreapp","Source":"F:\\Projetos ASP.NET\\Curso Testes\\TestesDeSoftware\\Features.Tests\\bin\\Debug\\net6.0\\fine-code-coverage\\build-output\\Features.Tests.dll","CodeFilePath":null,"LineNumber":0,"Properties":[{"Key":{"Id":"TestObject.Traits","Label":"Traits","Category":"","Description":"","Attributes":5,"ValueType":"System.Collections.Generic.KeyValuePair`2[[System.String],[System.String]][]"},"Value":[{"Key":"Categoria","Value":"CPF Validation Tests"}]}]}]}}
TpTrace Verbose: 0 : 23848, 10, 2023/01/09, 19:20:34.003, 12058530215893, vstest.console.dll, TestRunRequest:SendTestRunStatsChange: Starting.
TpTrace Verbose: 0 : 23848, 10, 2023/01/09, 19:20:34.003, 12058530217372, vstest.console.dll, InProgress is Novo Cliente Válido
TpTrace Verbose: 0 : 23848, 10, 2023/01/09, 19:20:34.003, 12058530217710, vstest.console.dll, InProgress is Adicionar Cliente com Falha
TpTrace Verbose: 0 : 23848, 10, 2023/01/09, 19:20:34.003, 12058530217894, vstest.console.dll, InProgress is Novo Cliente Inválido
TpTrace Verbose: 0 : 23848, 10, 2023/01/09, 19:20:34.003, 12058530218065, vstest.console.dll, InProgress is Novo Cliente Válido
TpTrace Verbose: 0 : 23848, 10, 2023/01/09, 19:20:34.003, 12058530218227, vstest.console.dll, InProgress is Teste 01
TpTrace Verbose: 0 : 23848, 10, 2023/01/09, 19:20:34.003, 12058530218392, vstest.console.dll, InProgress is CPF Invalidos(cpf: "23775274811")
TpTrace Verbose: 0 : 23848, 10, 2023/01/09, 19:20:34.004, 12058530220492, vstest.console.dll, MulticastDelegateUtilities.SafeInvoke: TestRun.RunStatsChanged: Invoking callbacks was skipped because there are no subscribers.
TpTrace Information: 0 : 23848, 10, 2023/01/09, 19:20:34.004, 12058530220828, vstest.console.dll, TestRunRequest:SendTestRunStatsChange: Completed.
TpTrace Verbose: 0 : 23848, 10, 2023/01/09, 19:20:34.004, 12058530221069, vstest.console.dll, MulticastDelegateUtilities.SafeInvoke: LengthPrefixCommunicationChannel: MessageReceived: Invoking callback 1/1 for Microsoft.VisualStudio.TestPlatform.CommunicationUtilities.TestRequestSender+<>c__DisplayClass31_0., took 35 ms.
TpTrace Verbose: 0 : 23848, 10, 2023/01/09, 19:20:34.004, 12058530221295, vstest.console.dll, TcpClientExtensions.MessageLoopAsync: Polling on remoteEndPoint: 127.0.0.1:65520 localEndPoint: 127.0.0.1:65519
TpTrace Verbose: 0 : 23848, 10, 2023/01/09, 19:20:34.004, 12058530221603, vstest.console.dll, TcpClientExtensions.MessageLoopAsync: NotifyDataAvailable remoteEndPoint: 127.0.0.1:65520 localEndPoint: 127.0.0.1:65519
TpTrace Verbose: 0 : 23848, 10, 2023/01/09, 19:20:34.004, 12058530222701, vstest.console.dll, TestRequestSender.OnExecutionMessageReceived: Received message: {"Version":5,"MessageType":"TestExecution.StatsChange","Payload":{"NewTestResults":[{"TestCase":{"Id":"28ab2ec5-00a7-fe38-b512-a1992355d862","FullyQualifiedName":"Features.Tests.CpfValidationTests.Cpf_ValidarMultiplosNumeros_TodosDevemSerInvalidos","DisplayName":"CPF Invalidos(cpf: \"23775274811\")","ExecutorUri":"executor://xunit/VsTestRunner2/netcoreapp","Source":"F:\\Projetos ASP.NET\\Curso Testes\\TestesDeSoftware\\Features.Tests\\bin\\Debug\\net6.0\\fine-code-coverage\\build-output\\Features.Tests.dll","CodeFilePath":null,"LineNumber":0,"Properties":[{"Key":{"Id":"TestObject.Traits","Label":"Traits","Category":"","Description":"","Attributes":5,"ValueType":"System.Collections.Generic.KeyValuePair`2[[System.String],[System.String]][]"},"Value":[{"Key":"Categoria","Value":"CPF Validation Tests"}]}]},"Attachments":[],"Outcome":1,"ErrorMessage":null,"ErrorStackTrace":null,"DisplayName":"CPF Invalidos(cpf: \"23775274811\")","Messages":[],"ComputerName":"DESKTOP-I8JNLH9","Duration":"00:00:00.0000202","StartTime":"2023-01-09T22:20:33.9695457+00:00","EndTime":"2023-01-09T22:20:33.969546+00:00","Properties":[]},{"TestCase":{"Id":"fef5161e-6545-e146-1cf2-b5684dd0659b","FullyQualifiedName":"Features.Tests.CpfValidationTests.Cpf_ValidarMultiplosNumeros_TodosDevemSerInvalidos","DisplayName":"CPF Invalidos(cpf: \"35555868512\")","ExecutorUri":"executor://xunit/VsTestRunner2/netcoreapp","Source":"F:\\Projetos ASP.NET\\Curso Testes\\TestesDeSoftware\\Features.Tests\\bin\\Debug\\net6.0\\fine-code-coverage\\build-output\\Features.Tests.dll","CodeFilePath":null,"LineNumber":0,"Properties":[{"Key":{"Id":"TestObject.Traits","Label":"Traits","Category":"","Description":"","Attributes":5,"ValueType":"System.Collections.Generic.KeyValuePair`2[[System.String],[System.String]][]"},"Value":[{"Key":"Categoria","Value":"CPF Validation Tests"}]}]},"Attachments":[],"Outcome":1,"ErrorMessage":null,"ErrorStackTrace":null,"DisplayName":"CPF Invalidos(cpf: \"35555868512\")","Messages":[],"ComputerName":"DESKTOP-I8JNLH9","Duration":"00:00:00.0000083","StartTime":"2023-01-09T22:20:33.9710534+00:00","EndTime":"2023-01-09T22:20:33.9710535+00:00","Properties":[]},{"TestCase":{"Id":"00ed880b-d209-0ad6-0ff2-3da9bc436a05","FullyQualifiedName":"Features.Tests.CpfValidationTests.Cpf_ValidarMultiplosNumeros_TodosDevemSerInvalidos","DisplayName":"CPF Invalidos(cpf: \"36014132822\")","ExecutorUri":"executor://xunit/VsTestRunner2/netcoreapp","Source":"F:\\Projetos ASP.NET\\Curso Testes\\TestesDeSoftware\\Features.Tests\\bin\\Debug\\net6.0\\fine-code-coverage\\build-output\\Features.Tests.dll","CodeFilePath":null,"LineNumber":0,"Properties":[{"Key":{"Id":"TestObject.Traits","Label":"Traits","Category":"","Description":"","Attributes":5,"ValueType":"System.Collections.Generic.KeyValuePair`2[[System.String],[System.String]][]"},"Value":[{"Key":"Categoria","Value":"CPF Validation Tests"}]}]},"Attachments":[],"Outcome":1,"ErrorMessage":null,"ErrorStackTrace":null,"DisplayName":"CPF Invalidos(cpf: \"36014132822\")","Messages":[],"ComputerName":"DESKTOP-I8JNLH9","Duration":"00:00:00.0000077","StartTime":"2023-01-09T22:20:33.972296+00:00","EndTime":"2023-01-09T22:20:33.972296+00:00","Properties":[]},{"TestCase":{"Id":"a19f706f-7605-93a5-c026-a0b75281a293","FullyQualifiedName":"Features.Tests.CpfValidationTests.Cpf_ValidarMultiplosNumeros_TodosDevemSerInvalidos","DisplayName":"CPF Invalidos(cpf: \"72186126500\")","ExecutorUri":"executor://xunit/VsTestRunner2/netcoreapp","Source":"F:\\Projetos ASP.NET\\Curso Testes\\TestesDeSoftware\\Features.Tests\\bin\\Debug\\net6.0\\fine-code-coverage\\build-output\\Features.Tests.dll","CodeFilePath":null,"LineNumber":0,"Properties":[{"Key":{"Id":"TestObject.Traits","Label":"Traits","Category":"","Description":"","Attributes":5,"ValueType":"System.Collections.Generic.KeyValuePair`2[[System.String],[System.String]][]"},"Value":[{"Key":"Categoria","Value":"CPF Validation Tests"}]}]},"Attachments":[],"Outcome":1,"ErrorMessage":null,"ErrorStackTrace":null,"DisplayName":"CPF Invalidos(cpf: \"72186126500\")","Messages":[],"ComputerName":"DESKTOP-I8JNLH9","Duration":"00:00:00.0000081","StartTime":"2023-01-09T22:20:33.9736099+00:00","EndTime":"2023-01-09T22:20:33.97361+00:00","Properties":[]},{"TestCase":{"Id":"fe8897c3-21e9-9c9c-da13-66fbccffb342","FullyQualifiedName":"Features.Tests.OrdemTestes.Teste01","DisplayName":"Teste 01","ExecutorUri":"executor://xunit/VsTestRunner2/netcoreapp","Source":"F:\\Projetos ASP.NET\\Curso Testes\\TestesDeSoftware\\Features.Tests\\bin\\Debug\\net6.0\\fine-code-coverage\\build-output\\Features.Tests.dll","CodeFilePath":null,"LineNumber":0,"Properties":[{"Key":{"Id":"TestObject.Traits","Label":"Traits","Category":"","Description":"","Attributes":5,"ValueType":"System.Collections.Generic.KeyValuePair`2[[System.String],[System.String]][]"},"Value":[{"Key":"Categoria","Value":"Ordenacao Testes"}]}]},"Attachments":[],"Outcome":1,"ErrorMessage":null,"ErrorStackTrace":null,"DisplayName":"Teste 01","Messages":[],"ComputerName":"DESKTOP-I8JNLH9","Duration":"00:00:00.0001279","StartTime":"2023-01-09T22:20:33.974809+00:00","EndTime":"2023-01-09T22:20:33.9748091+00:00","Properties":[]},{"TestCase":{"Id":"7902fe89-0948-9ee2-88ba-c3852f094c8a","FullyQualifiedName":"Features.Tests.OrdemTestes.Teste04","DisplayName":"Teste 04","ExecutorUri":"executor://xunit/VsTestRunner2/netcoreapp","Source":"F:\\Projetos ASP.NET\\Curso Testes\\TestesDeSoftware\\Features.Tests\\bin\\Debug\\net6.0\\fine-code-coverage\\build-output\\Features.Tests.dll","CodeFilePath":null,"LineNumber":0,"Properties":[{"Key":{"Id":"TestObject.Traits","Label":"Traits","Category":"","Description":"","Attributes":5,"ValueType":"System.Collections.Generic.KeyValuePair`2[[System.String],[System.String]][]"},"Value":[{"Key":"Categoria","Value":"Ordenacao Testes"}]}]},"Attachments":[],"Outcome":1,"ErrorMessage":null,"ErrorStackTrace":null,"DisplayName":"Teste 04","Messages":[],"ComputerName":"DESKTOP-I8JNLH9","Duration":"00:00:00.0000458","StartTime":"2023-01-09T22:20:33.9760513+00:00","EndTime":"2023-01-09T22:20:33.9760514+00:00","Properties":[]},{"TestCase":{"Id":"77e1562e-8d8f-a2fd-4b1a-5d174e2e3ca5","FullyQualifiedName":"Features.Tests.OrdemTestes.Teste02","DisplayName":"Teste 02","ExecutorUri":"executor://xunit/VsTestRunner2/netcoreapp","Source":"F:\\Projetos ASP.NET\\Curso Testes\\TestesDeSoftware\\Features.Tests\\bin\\Debug\\net6.0\\fine-code-coverage\\build-output\\Features.Tests.dll","CodeFilePath":null,"LineNumber":0,"Properties":[{"Key":{"Id":"TestObject.Traits","Label":"Traits","Category":"","Description":"","Attributes":5,"ValueType":"System.Collections.Generic.KeyValuePair`2[[System.String],[System.String]][]"},"Value":[{"Key":"Categoria","Value":"Ordenacao Testes"}]}]},"Attachments":[],"Outcome":1,"ErrorMessage":null,"ErrorStackTrace":null,"DisplayName":"Teste 02","Messages":[],"ComputerName":"DESKTOP-I8JNLH9","Duration":"00:00:00.0000494","StartTime":"2023-01-09T22:20:33.9774031+00:00","EndTime":"2023-01-09T22:20:33.9774033+00:00","Properties":[]},{"TestCase":{"Id":"03cb5259-a73d-60fa-a5a4-3da77ca7dc84","FullyQualifiedName":"Features.Tests.CpfValidationTests.Cpf_ValidarMultiplosNumeros_TodosDevemSerValidos","DisplayName":"CPF Validos(cpf: \"13830803800\")","ExecutorUri":"executor://xunit/VsTestRunner2/netcoreapp","Source":"F:\\Projetos ASP.NET\\Curso Testes\\TestesDeSoftware\\Features.Tests\\bin\\Debug\\net6.0\\fine-code-coverage\\build-output\\Features.Tests.dll","CodeFilePath":null,"LineNumber":0,"Properties":[{"Key":{"Id":"TestObject.Traits","Label":"Traits","Category":"","Description":"","Attributes":5,"ValueType":"System.Collections.Generic.KeyValuePair`2[[System.String],[System.String]][]"},"Value":[{"Key":"Categoria","Value":"CPF Validation Tests"}]}]},"Attachments":[],"Outcome":1,"ErrorMessage":null,"ErrorStackTrace":null,"DisplayName":"CPF Validos(cpf: \"13830803800\")","Messages":[],"ComputerName":"DESKTOP-I8JNLH9","Duration":"00:00:00.0001763","StartTime":"2023-01-09T22:20:33.9784783+00:00","EndTime":"2023-01-09T22:20:33.9784784+00:00","Properties":[]},{"TestCase":{"Id":"698ff58b-76ec-7277-b1fe-b8a520da4bac","FullyQualifiedName":"Features.Tests.CpfValidationTests.Cpf_ValidarMultiplosNumeros_TodosDevemSerValidos","DisplayName":"CPF Validos(cpf: \"64184957307\")","ExecutorUri":"executor://xunit/VsTestRunner2/netcoreapp","Source":"F:\\Projetos ASP.NET\\Curso Testes\\TestesDeSoftware\\Features.Tests\\bin\\Debug\\net6.0\\fine-code-coverage\\build-output\\Features.Tests.dll","CodeFilePath":null,"LineNumber":0,"Properties":[{"Key":{"Id":"TestObject.Traits","Label":"Traits","Category":"","Description":"","Attributes":5,"ValueType":"System.Collections.Generic.KeyValuePair`2[[System.String],[System.String]][]"},"Value":[{"Key":"Categoria","Value":"CPF Validation Tests"}]}]},"Attachments":[],"Outcome":1,"ErrorMessage":null,"ErrorStackTrace":null,"DisplayName":"CPF Validos(cpf: \"64184957307\")","Messages":[],"ComputerName":"DESKTOP-I8JNLH9","Duration":"00:00:00.0000110","StartTime":"2023-01-09T22:20:33.9799732+00:00","EndTime":"2023-01-09T22:20:33.9799734+00:00","Properties":[]}],"TestRunStatistics":{"ExecutedTests":13,"Stats":{"Skipped":1,"Passed":12}},"ActiveTests":[{"Id":"90ab4909-a9d3-0ff5-48f4-7d2cda37136f","FullyQualifiedName":"Features.Tests.CpfValidationTests.Cpf_ValidarMultiplosNumeros_TodosDevemSerValidos","DisplayName":"CPF Validos(cpf: \"21681764423\")","ExecutorUri":"executor://xunit/VsTestRunner2/netcoreapp","Source":"F:\\Projetos ASP.NET\\Curso Testes\\TestesDeSoftware\\Features.Tests\\bin\\Debug\\net6.0\\fine-code-coverage\\build-output\\Features.Tests.dll","CodeFilePath":null,"LineNumber":0,"Properties":[{"Key":{"Id":"TestObject.Traits","Label":"Traits","Category":"","Description":"","Attributes":5,"ValueType":"System.Collections.Generic.KeyValuePair`2[[System.String],[System.String]][]"},"Value":[{"Key":"Categoria","Value":"CPF Validation Tests"}]}]}]}}
TpTrace Verbose: 0 : 23848, 4, 2023/01/09, 19:20:34.010, 12058530284555, vstest.console.dll, MulticastDelegateUtilities.SafeInvoke: InternalTestLoggerEvents.SendTestResult: Invoking callback 1/1 for Microsoft.VisualStudio.TestPlatform.CommandLine.Internal.ConsoleLogger., took 6 ms.
TpTrace Verbose: 0 : 23848, 4, 2023/01/09, 19:20:34.010, 12058530287463, vstest.console.dll, MulticastDelegateUtilities.SafeInvoke: InternalTestLoggerEvents.SendTestResult: Invoking callback 1/1 for Microsoft.VisualStudio.TestPlatform.CommandLine.Internal.ConsoleLogger., took 0 ms.
TpTrace Verbose: 0 : 23848, 4, 2023/01/09, 19:20:34.011, 12058530288958, vstest.console.dll, MulticastDelegateUtilities.SafeInvoke: InternalTestLoggerEvents.SendTestResult: Invoking callback 1/1 for Microsoft.VisualStudio.TestPlatform.CommandLine.Internal.ConsoleLogger., took 0 ms.
TpTrace Verbose: 0 : 23848, 4, 2023/01/09, 19:20:34.011, 12058530289597, vstest.console.dll, MulticastDelegateUtilities.SafeInvoke: InternalTestLoggerEvents.SendTestResult: Invoking callback 1/1 for Microsoft.VisualStudio.TestPlatform.CommandLine.Internal.ConsoleLogger., took 0 ms.
TpTrace Verbose: 0 : 23848, 10, 2023/01/09, 19:20:34.011, 12058530290197, vstest.console.dll, TestRunRequest:SendTestRunStatsChange: Starting.
TpTrace Verbose: 0 : 23848, 10, 2023/01/09, 19:20:34.011, 12058530291011, vstest.console.dll, InProgress is CPF Validos(cpf: "21681764423")
TpTrace Verbose: 0 : 23848, 10, 2023/01/09, 19:20:34.011, 12058530291999, vstest.console.dll, MulticastDelegateUtilities.SafeInvoke: TestRun.RunStatsChanged: Invoking callbacks was skipped because there are no subscribers.
TpTrace Information: 0 : 23848, 10, 2023/01/09, 19:20:34.011, 12058530292291, vstest.console.dll, TestRunRequest:SendTestRunStatsChange: Completed.
TpTrace Verbose: 0 : 23848, 10, 2023/01/09, 19:20:34.011, 12058530292572, vstest.console.dll, MulticastDelegateUtilities.SafeInvoke: LengthPrefixCommunicationChannel: MessageReceived: Invoking callback 1/1 for Microsoft.VisualStudio.TestPlatform.CommunicationUtilities.TestRequestSender+<>c__DisplayClass31_0., took 7 ms.
TpTrace Verbose: 0 : 23848, 4, 2023/01/09, 19:20:34.011, 12058530292817, vstest.console.dll, MulticastDelegateUtilities.SafeInvoke: InternalTestLoggerEvents.SendTestResult: Invoking callback 1/1 for Microsoft.VisualStudio.TestPlatform.CommandLine.Internal.ConsoleLogger., took 0 ms.
TpTrace Verbose: 0 : 23848, 10, 2023/01/09, 19:20:34.011, 12058530293312, vstest.console.dll, TcpClientExtensions.MessageLoopAsync: Polling on remoteEndPoint: 127.0.0.1:65520 localEndPoint: 127.0.0.1:65519
TpTrace Verbose: 0 : 23848, 4, 2023/01/09, 19:20:34.011, 12058530293776, vstest.console.dll, MulticastDelegateUtilities.SafeInvoke: InternalTestLoggerEvents.SendTestResult: Invoking callback 1/1 for Microsoft.VisualStudio.TestPlatform.CommandLine.Internal.ConsoleLogger., took 0 ms.
TpTrace Verbose: 0 : 23848, 4, 2023/01/09, 19:20:34.011, 12058530294815, vstest.console.dll, MulticastDelegateUtilities.SafeInvoke: InternalTestLoggerEvents.SendTestResult: Invoking callback 1/1 for Microsoft.VisualStudio.TestPlatform.CommandLine.Internal.ConsoleLogger., took 0 ms.
TpTrace Verbose: 0 : 23848, 10, 2023/01/09, 19:20:34.011, 12058530295568, vstest.console.dll, TcpClientExtensions.MessageLoopAsync: NotifyDataAvailable remoteEndPoint: 127.0.0.1:65520 localEndPoint: 127.0.0.1:65519
TpTrace Verbose: 0 : 23848, 4, 2023/01/09, 19:20:34.011, 12058530295683, vstest.console.dll, MulticastDelegateUtilities.SafeInvoke: InternalTestLoggerEvents.SendTestResult: Invoking callback 1/1 for Microsoft.VisualStudio.TestPlatform.CommandLine.Internal.ConsoleLogger., took 0 ms.
TpTrace Verbose: 0 : 23848, 4, 2023/01/09, 19:20:34.011, 12058530296583, vstest.console.dll, MulticastDelegateUtilities.SafeInvoke: InternalTestLoggerEvents.SendTestResult: Invoking callback 1/1 for Microsoft.VisualStudio.TestPlatform.CommandLine.Internal.ConsoleLogger., took 0 ms.
TpTrace Verbose: 0 : 23848, 10, 2023/01/09, 19:20:34.011, 12058530296737, vstest.console.dll, TestRequestSender.OnExecutionMessageReceived: Received message: {"Version":5,"MessageType":"TestExecution.StatsChange","Payload":{"NewTestResults":[{"TestCase":{"Id":"90ab4909-a9d3-0ff5-48f4-7d2cda37136f","FullyQualifiedName":"Features.Tests.CpfValidationTests.Cpf_ValidarMultiplosNumeros_TodosDevemSerValidos","DisplayName":"CPF Validos(cpf: \"21681764423\")","ExecutorUri":"executor://xunit/VsTestRunner2/netcoreapp","Source":"F:\\Projetos ASP.NET\\Curso Testes\\TestesDeSoftware\\Features.Tests\\bin\\Debug\\net6.0\\fine-code-coverage\\build-output\\Features.Tests.dll","CodeFilePath":null,"LineNumber":0,"Properties":[{"Key":{"Id":"TestObject.Traits","Label":"Traits","Category":"","Description":"","Attributes":5,"ValueType":"System.Collections.Generic.KeyValuePair`2[[System.String],[System.String]][]"},"Value":[{"Key":"Categoria","Value":"CPF Validation Tests"}]}]},"Attachments":[],"Outcome":1,"ErrorMessage":null,"ErrorStackTrace":null,"DisplayName":"CPF Validos(cpf: \"21681764423\")","Messages":[],"ComputerName":"DESKTOP-I8JNLH9","Duration":"00:00:00.0000094","StartTime":"2023-01-09T22:20:33.9819757+00:00","EndTime":"2023-01-09T22:20:33.9819762+00:00","Properties":[]},{"TestCase":{"Id":"74c964d7-4325-9df2-05ae-d3ffdda655af","FullyQualifiedName":"Features.Tests.CpfValidationTests.Cpf_ValidarMultiplosNumeros_TodosDevemSerValidos","DisplayName":"CPF Validos(cpf: \"15231766607\")","ExecutorUri":"executor://xunit/VsTestRunner2/netcoreapp","Source":"F:\\Projetos ASP.NET\\Curso Testes\\TestesDeSoftware\\Features.Tests\\bin\\Debug\\net6.0\\fine-code-coverage\\build-output\\Features.Tests.dll","CodeFilePath":null,"LineNumber":0,"Properties":[{"Key":{"Id":"TestObject.Traits","Label":"Traits","Category":"","Description":"","Attributes":5,"ValueType":"System.Collections.Generic.KeyValuePair`2[[System.String],[System.String]][]"},"Value":[{"Key":"Categoria","Value":"CPF Validation Tests"}]}]},"Attachments":[],"Outcome":1,"ErrorMessage":null,"ErrorStackTrace":null,"DisplayName":"CPF Validos(cpf: \"15231766607\")","Messages":[],"ComputerName":"DESKTOP-I8JNLH9","Duration":"00:00:00.0000076","StartTime":"2023-01-09T22:20:33.9858775+00:00","EndTime":"2023-01-09T22:20:33.9858777+00:00","Properties":[]},{"TestCase":{"Id":"5e7a8d41-30c9-1abf-cf25-f77f3bd75a2e","FullyQualifiedName":"Features.Tests.CpfValidationTests.Cpf_ValidarMultiplosNumeros_TodosDevemSerValidos","DisplayName":"CPF Validos(cpf: \"78246847333\")","ExecutorUri":"executor://xunit/VsTestRunner2/netcoreapp","Source":"F:\\Projetos ASP.NET\\Curso Testes\\TestesDeSoftware\\Features.Tests\\bin\\Debug\\net6.0\\fine-code-coverage\\build-output\\Features.Tests.dll","CodeFilePath":null,"LineNumber":0,"Properties":[{"Key":{"Id":"TestObject.Traits","Label":"Traits","Category":"","Description":"","Attributes":5,"ValueType":"System.Collections.Generic.KeyValuePair`2[[System.String],[System.String]][]"},"Value":[{"Key":"Categoria","Value":"CPF Validation Tests"}]}]},"Attachments":[],"Outcome":1,"ErrorMessage":null,"ErrorStackTrace":null,"DisplayName":"CPF Validos(cpf: \"78246847333\")","Messages":[],"ComputerName":"DESKTOP-I8JNLH9","Duration":"00:00:00.0000074","StartTime":"2023-01-09T22:20:33.9875344+00:00","EndTime":"2023-01-09T22:20:33.9875345+00:00","Properties":[]},{"TestCase":{"Id":"e19d25ea-f50a-eefe-6e5d-a708ed609e08","FullyQualifiedName":"Features.Tests.ClienteTests.Cliente_NovoCliente_DeveEstarValido","DisplayName":"Novo Cliente Válido","ExecutorUri":"executor://xunit/VsTestRunner2/netcoreapp","Source":"F:\\Projetos ASP.NET\\Curso Testes\\TestesDeSoftware\\Features.Tests\\bin\\Debug\\net6.0\\fine-code-coverage\\build-output\\Features.Tests.dll","CodeFilePath":null,"LineNumber":0,"Properties":[{"Key":{"Id":"TestObject.Traits","Label":"Traits","Category":"","Description":"","Attributes":5,"ValueType":"System.Collections.Generic.KeyValuePair`2[[System.String],[System.String]][]"},"Value":[{"Key":"Categoria","Value":"Cliente Trait Testes"}]}]},"Attachments":[],"Outcome":1,"ErrorMessage":null,"ErrorStackTrace":null,"DisplayName":"Novo Cliente Válido","Messages":[],"ComputerName":"DESKTOP-I8JNLH9","Duration":"00:00:00.0395277","StartTime":"2023-01-09T22:20:33.9883197+00:00","EndTime":"2023-01-09T22:20:33.9883197+00:00","Properties":[]},{"TestCase":{"Id":"89733d6f-c5db-9f2a-58ad-377360492227","FullyQualifiedName":"Features.Tests.ClienteTesteInvalido.Cliente_NovoCliente_DeveEstarInvalido","DisplayName":"Novo Cliente Inválido","ExecutorUri":"executor://xunit/VsTestRunner2/netcoreapp","Source":"F:\\Projetos ASP.NET\\Curso Testes\\TestesDeSoftware\\Features.Tests\\bin\\Debug\\net6.0\\fine-code-coverage\\build-output\\Features.Tests.dll","CodeFilePath":null,"LineNumber":0,"Properties":[{"Key":{"Id":"TestObject.Traits","Label":"Traits","Category":"","Description":"","Attributes":5,"ValueType":"System.Collections.Generic.KeyValuePair`2[[System.String],[System.String]][]"},"Value":[{"Key":"Categoria","Value":"Cliente Fixture Testes"}]}]},"Attachments":[],"Outcome":1,"ErrorMessage":null,"ErrorStackTrace":null,"DisplayName":"Novo Cliente Inválido","Messages":[],"ComputerName":"DESKTOP-I8JNLH9","Duration":"00:00:00.0417511","StartTime":"2023-01-09T22:20:33.989623+00:00","EndTime":"2023-01-09T22:20:33.9896231+00:00","Properties":[]},{"TestCase":{"Id":"f6a55296-1fd1-6537-200a-3577bcfc6c38","FullyQualifiedName":"Features.Tests.ClienteTests.Cliente_NovoCliente_DeveEstarInvalido","DisplayName":"Novo Cliente Inválido","ExecutorUri":"executor://xunit/VsTestRunner2/netcoreapp","Source":"F:\\Projetos ASP.NET\\Curso Testes\\TestesDeSoftware\\Features.Tests\\bin\\Debug\\net6.0\\fine-code-coverage\\build-output\\Features.Tests.dll","CodeFilePath":null,"LineNumber":0,"Properties":[{"Key":{"Id":"TestObject.Traits","Label":"Traits","Category":"","Description":"","Attributes":5,"ValueType":"System.Collections.Generic.KeyValuePair`2[[System.String],[System.String]][]"},"Value":[{"Key":"Categoria","Value":"Cliente Trait Testes"}]}]},"Attachments":[],"Outcome":1,"ErrorMessage":null,"ErrorStackTrace":null,"DisplayName":"Novo Cliente Inválido","Messages":[],"ComputerName":"DESKTOP-I8JNLH9","Duration":"00:00:00.0021455","StartTime":"2023-01-09T22:20:33.9902448+00:00","EndTime":"2023-01-09T22:20:33.9902449+00:00","Properties":[]},{"TestCase":{"Id":"2616a635-b101-6c27-1144-ec446fba1461","FullyQualifiedName":"Features.Tests.ClienteTesteValido.Cliente_NovoCliente_DeveEstarValido","DisplayName":"Novo Cliente Válido","ExecutorUri":"executor://xunit/VsTestRunner2/netcoreapp","Source":"F:\\Projetos ASP.NET\\Curso Testes\\TestesDeSoftware\\Features.Tests\\bin\\Debug\\net6.0\\fine-code-coverage\\build-output\\Features.Tests.dll","CodeFilePath":null,"LineNumber":0,"Properties":[{"Key":{"Id":"TestObject.Traits","Label":"Traits","Category":"","Description":"","Attributes":5,"ValueType":"System.Collections.Generic.KeyValuePair`2[[System.String],[System.String]][]"},"Value":[{"Key":"Categoria","Value":"Cliente Fixture Testes"}]}]},"Attachments":[],"Outcome":1,"ErrorMessage":null,"ErrorStackTrace":null,"DisplayName":"Novo Cliente Válido","Messages":[],"ComputerName":"DESKTOP-I8JNLH9","Duration":"00:00:00.0004510","StartTime":"2023-01-09T22:20:33.9947215+00:00","EndTime":"2023-01-09T22:20:33.9947217+00:00","Properties":[]},{"TestCase":{"Id":"f55f6a9c-e1a6-7189-fc13-edeb3bddd1f8","FullyQualifiedName":"Features.Tests.ClienteBogusTests.Cliente_NovoCliente_DeveEstarValido","DisplayName":"Novo Cliente Válido","ExecutorUri":"executor://xunit/VsTestRunner2/netcoreapp","Source":"F:\\Projetos ASP.NET\\Curso Testes\\TestesDeSoftware\\Features.Tests\\bin\\Debug\\net6.0\\fine-code-coverage\\build-output\\Features.Tests.dll","CodeFilePath":null,"LineNumber":0,"Properties":[{"Key":{"Id":"TestObject.Traits","Label":"Traits","Category":"","Description":"","Attributes":5,"ValueType":"System.Collections.Generic.KeyValuePair`2[[System.String],[System.String]][]"},"Value":[{"Key":"Categoria","Value":"Cliente Bogus Testes"}]}]},"Attachments":[],"Outcome":1,"ErrorMessage":null,"ErrorStackTrace":null,"DisplayName":"Novo Cliente Válido","Messages":[],"ComputerName":"DESKTOP-I8JNLH9","Duration":"00:00:00.0541324","StartTime":"2023-01-09T22:20:33.9957357+00:00","EndTime":"2023-01-09T22:20:33.9957358+00:00","Properties":[]},{"TestCase":{"Id":"3e006f34-26d7-f9c8-f255-c75680aa88f0","FullyQualifiedName":"Features.Tests.ClienteBogusTests.Cliente_NovoCliente_DeveEstarInvalido","DisplayName":"Novo Cliente Inválido","ExecutorUri":"executor://xunit/VsTestRunner2/netcoreapp","Source":"F:\\Projetos ASP.NET\\Curso Testes\\TestesDeSoftware\\Features.Tests\\bin\\Debug\\net6.0\\fine-code-coverage\\build-output\\Features.Tests.dll","CodeFilePath":null,"LineNumber":0,"Properties":[{"Key":{"Id":"TestObject.Traits","Label":"Traits","Category":"","Description":"","Attributes":5,"ValueType":"System.Collections.Generic.KeyValuePair`2[[System.String],[System.String]][]"},"Value":[{"Key":"Categoria","Value":"Cliente Bogus Testes"}]}]},"Attachments":[],"Outcome":1,"ErrorMessage":null,"ErrorStackTrace":null,"DisplayName":"Novo Cliente Inválido","Messages":[],"ComputerName":"DESKTOP-I8JNLH9","Duration":"00:00:00.0031099","StartTime":"2023-01-09T22:20:33.9971061+00:00","EndTime":"2023-01-09T22:20:33.9971062+00:00","Properties":[]}],"TestRunStatistics":{"ExecutedTests":22,"Stats":{"Skipped":1,"Passed":21}},"ActiveTests":[{"Id":"0d8661dc-4aab-5aff-48ea-d09b65e56dd3","FullyQualifiedName":"Features.Tests.ClienteServiceTests.ClienteService_Adicionar_DeveFalharDevidoClienteInvalido","DisplayName":"Adicionar Cliente com Falha","ExecutorUri":"executor://xunit/VsTestRunner2/netcoreapp","Source":"F:\\Projetos ASP.NET\\Curso Testes\\TestesDeSoftware\\Features.Tests\\bin\\Debug\\net6.0\\fine-code-coverage\\build-output\\Features.Tests.dll","CodeFilePath":null,"LineNumber":0,"Properties":[{"Key":{"Id":"TestObject.Traits","Label":"Traits","Category":"","Description":"","Attributes":5,"ValueType":"System.Collections.Generic.KeyValuePair`2[[System.String],[System.String]][]"},"Value":[{"Key":"Categoria","Value":"Cliente Service Mock Tests"}]}]}]}}
TpTrace Verbose: 0 : 23848, 4, 2023/01/09, 19:20:34.011, 12058530296961, vstest.console.dll, MulticastDelegateUtilities.SafeInvoke: InternalTestLoggerEvents.SendTestResult: Invoking callback 1/1 for Microsoft.VisualStudio.TestPlatform.CommandLine.Internal.ConsoleLogger., took 0 ms.
TpTrace Verbose: 0 : 23848, 4, 2023/01/09, 19:20:34.011, 12058530298129, vstest.console.dll, MulticastDelegateUtilities.SafeInvoke: InternalTestLoggerEvents.SendTestResult: Invoking callback 1/1 for Microsoft.VisualStudio.TestPlatform.CommandLine.Internal.ConsoleLogger., took 0 ms.
TpTrace Verbose: 0 : 23848, 4, 2023/01/09, 19:20:34.011, 12058530298524, vstest.console.dll, MulticastDelegateUtilities.SafeInvoke: InternalTestLoggerEvents.SendTestResult: Invoking callback 1/1 for Microsoft.VisualStudio.TestPlatform.CommandLine.Internal.ConsoleLogger., took 0 ms.
TpTrace Verbose: 0 : 23848, 4, 2023/01/09, 19:20:34.012, 12058530298861, vstest.console.dll, MulticastDelegateUtilities.SafeInvoke: InternalTestLoggerEvents.SendTestResult: Invoking callback 1/1 for Microsoft.VisualStudio.TestPlatform.CommandLine.Internal.ConsoleLogger., took 0 ms.
TpTrace Verbose: 0 : 23848, 10, 2023/01/09, 19:20:34.013, 12058530309343, vstest.console.dll, TestRunRequest:SendTestRunStatsChange: Starting.
TpTrace Verbose: 0 : 23848, 10, 2023/01/09, 19:20:34.013, 12058530309889, vstest.console.dll, InProgress is Adicionar Cliente com Falha
TpTrace Verbose: 0 : 23848, 10, 2023/01/09, 19:20:34.013, 12058530310241, vstest.console.dll, MulticastDelegateUtilities.SafeInvoke: TestRun.RunStatsChanged: Invoking callbacks was skipped because there are no subscribers.
TpTrace Information: 0 : 23848, 10, 2023/01/09, 19:20:34.013, 12058530310436, vstest.console.dll, TestRunRequest:SendTestRunStatsChange: Completed.
TpTrace Verbose: 0 : 23848, 10, 2023/01/09, 19:20:34.013, 12058530310664, vstest.console.dll, MulticastDelegateUtilities.SafeInvoke: LengthPrefixCommunicationChannel: MessageReceived: Invoking callback 1/1 for Microsoft.VisualStudio.TestPlatform.CommunicationUtilities.TestRequestSender+<>c__DisplayClass31_0., took 1 ms.
TpTrace Verbose: 0 : 23848, 10, 2023/01/09, 19:20:34.013, 12058530310891, vstest.console.dll, TcpClientExtensions.MessageLoopAsync: Polling on remoteEndPoint: 127.0.0.1:65520 localEndPoint: 127.0.0.1:65519
TpTrace Verbose: 0 : 23848, 4, 2023/01/09, 19:20:34.013, 12058530317272, vstest.console.dll, MulticastDelegateUtilities.SafeInvoke: InternalTestLoggerEvents.SendTestResult: Invoking callback 1/1 for Microsoft.VisualStudio.TestPlatform.CommandLine.Internal.ConsoleLogger., took 0 ms.
TpTrace Verbose: 0 : 23848, 4, 2023/01/09, 19:20:34.013, 12058530318100, vstest.console.dll, MulticastDelegateUtilities.SafeInvoke: InternalTestLoggerEvents.SendTestResult: Invoking callback 1/1 for Microsoft.VisualStudio.TestPlatform.CommandLine.Internal.ConsoleLogger., took 0 ms.
TpTrace Verbose: 0 : 23848, 4, 2023/01/09, 19:20:34.013, 12058530318447, vstest.console.dll, MulticastDelegateUtilities.SafeInvoke: InternalTestLoggerEvents.SendTestResult: Invoking callback 1/1 for Microsoft.VisualStudio.TestPlatform.CommandLine.Internal.ConsoleLogger., took 0 ms.
TpTrace Verbose: 0 : 23848, 4, 2023/01/09, 19:20:34.014, 12058530318825, vstest.console.dll, MulticastDelegateUtilities.SafeInvoke: InternalTestLoggerEvents.SendTestResult: Invoking callback 1/1 for Microsoft.VisualStudio.TestPlatform.CommandLine.Internal.ConsoleLogger., took 0 ms.
TpTrace Verbose: 0 : 23848, 4, 2023/01/09, 19:20:34.014, 12058530319170, vstest.console.dll, MulticastDelegateUtilities.SafeInvoke: InternalTestLoggerEvents.SendTestResult: Invoking callback 1/1 for Microsoft.VisualStudio.TestPlatform.CommandLine.Internal.ConsoleLogger., took 0 ms.
TpTrace Verbose: 0 : 23848, 4, 2023/01/09, 19:20:34.014, 12058530319845, vstest.console.dll, MulticastDelegateUtilities.SafeInvoke: InternalTestLoggerEvents.SendTestResult: Invoking callback 1/1 for Microsoft.VisualStudio.TestPlatform.CommandLine.Internal.ConsoleLogger., took 0 ms.
TpTrace Verbose: 0 : 23848, 4, 2023/01/09, 19:20:34.014, 12058530320169, vstest.console.dll, MulticastDelegateUtilities.SafeInvoke: InternalTestLoggerEvents.SendTestResult: Invoking callback 1/1 for Microsoft.VisualStudio.TestPlatform.CommandLine.Internal.ConsoleLogger., took 0 ms.
TpTrace Verbose: 0 : 23848, 4, 2023/01/09, 19:20:34.014, 12058530320466, vstest.console.dll, MulticastDelegateUtilities.SafeInvoke: InternalTestLoggerEvents.SendTestResult: Invoking callback 1/1 for Microsoft.VisualStudio.TestPlatform.CommandLine.Internal.ConsoleLogger., took 0 ms.
TpTrace Verbose: 0 : 23848, 4, 2023/01/09, 19:20:34.014, 12058530320772, vstest.console.dll, MulticastDelegateUtilities.SafeInvoke: InternalTestLoggerEvents.SendTestResult: Invoking callback 1/1 for Microsoft.VisualStudio.TestPlatform.CommandLine.Internal.ConsoleLogger., took 0 ms.
TpTrace Verbose: 0 : 23848, 10, 2023/01/09, 19:20:34.020, 12058530386032, vstest.console.dll, TcpClientExtensions.MessageLoopAsync: NotifyDataAvailable remoteEndPoint: 127.0.0.1:65520 localEndPoint: 127.0.0.1:65519
TpTrace Verbose: 0 : 23848, 10, 2023/01/09, 19:20:34.020, 12058530388316, vstest.console.dll, TestRequestSender.OnExecutionMessageReceived: Received message: {"Version":5,"MessageType":"TestExecution.StatsChange","Payload":{"NewTestResults":[{"TestCase":{"Id":"8aca03f0-e200-4a65-2212-a053e214df61","FullyQualifiedName":"Features.Tests.ClienteServiceAutoMockerFixtureTests.ClienteService_Adicionar_DeveFalharDevidoClienteInvalido","DisplayName":"Adicionar Cliente com Falha","ExecutorUri":"executor://xunit/VsTestRunner2/netcoreapp","Source":"F:\\Projetos ASP.NET\\Curso Testes\\TestesDeSoftware\\Features.Tests\\bin\\Debug\\net6.0\\fine-code-coverage\\build-output\\Features.Tests.dll","CodeFilePath":null,"LineNumber":0,"Properties":[{"Key":{"Id":"TestObject.Traits","Label":"Traits","Category":"","Description":"","Attributes":5,"ValueType":"System.Collections.Generic.KeyValuePair`2[[System.String],[System.String]][]"},"Value":[{"Key":"Categoria","Value":"Cliente Service AutoMockFixture Tests"}]}]},"Attachments":[],"Outcome":1,"ErrorMessage":null,"ErrorStackTrace":null,"DisplayName":"Adicionar Cliente com Falha","Messages":[],"ComputerName":"DESKTOP-I8JNLH9","Duration":"00:00:00.1001706","StartTime":"2023-01-09T22:20:34.0037902+00:00","EndTime":"2023-01-09T22:20:34.0037904+00:00","Properties":[]},{"TestCase":{"Id":"0d8661dc-4aab-5aff-48ea-d09b65e56dd3","FullyQualifiedName":"Features.Tests.ClienteServiceTests.ClienteService_Adicionar_DeveFalharDevidoClienteInvalido","DisplayName":"Adicionar Cliente com Falha","ExecutorUri":"executor://xunit/VsTestRunner2/netcoreapp","Source":"F:\\Projetos ASP.NET\\Curso Testes\\TestesDeSoftware\\Features.Tests\\bin\\Debug\\net6.0\\fine-code-coverage\\build-output\\Features.Tests.dll","CodeFilePath":null,"LineNumber":0,"Properties":[{"Key":{"Id":"TestObject.Traits","Label":"Traits","Category":"","Description":"","Attributes":5,"ValueType":"System.Collections.Generic.KeyValuePair`2[[System.String],[System.String]][]"},"Value":[{"Key":"Categoria","Value":"Cliente Service Mock Tests"}]}]},"Attachments":[],"Outcome":1,"ErrorMessage":null,"ErrorStackTrace":null,"DisplayName":"Adicionar Cliente com Falha","Messages":[],"ComputerName":"DESKTOP-I8JNLH9","Duration":"00:00:00.0401069","StartTime":"2023-01-09T22:20:34.0046894+00:00","EndTime":"2023-01-09T22:20:34.0046895+00:00","Properties":[]},{"TestCase":{"Id":"edc2c6c6-5baf-e371-5965-1c37ad193b56","FullyQualifiedName":"Features.Tests.ClienteServiceTests.ClienteService_Adicionar_DeveExecutarComSucesso","DisplayName":"Adicionar Cliente com Sucesso","ExecutorUri":"executor://xunit/VsTestRunner2/netcoreapp","Source":"F:\\Projetos ASP.NET\\Curso Testes\\TestesDeSoftware\\Features.Tests\\bin\\Debug\\net6.0\\fine-code-coverage\\build-output\\Features.Tests.dll","CodeFilePath":null,"LineNumber":0,"Properties":[{"Key":{"Id":"TestObject.Traits","Label":"Traits","Category":"","Description":"","Attributes":5,"ValueType":"System.Collections.Generic.KeyValuePair`2[[System.String],[System.String]][]"},"Value":[{"Key":"Categoria","Value":"Cliente Service Mock Tests"}]}]},"Attachments":[],"Outcome":1,"ErrorMessage":null,"ErrorStackTrace":null,"DisplayName":"Adicionar Cliente com Sucesso","Messages":[],"ComputerName":"DESKTOP-I8JNLH9","Duration":"00:00:00.0118586","StartTime":"2023-01-09T22:20:34.0070999+00:00","EndTime":"2023-01-09T22:20:34.0071+00:00","Properties":[]},{"TestCase":{"Id":"d26a0894-a94b-c48c-0ee6-a7aed558b970","FullyQualifiedName":"Features.Tests.ClienteServiceAutoMockerFixtureTests.ClienteService_Adicionar_DeveExecutarComSucesso","DisplayName":"Adicionar Cliente com Sucesso","ExecutorUri":"executor://xunit/VsTestRunner2/netcoreapp","Source":"F:\\Projetos ASP.NET\\Curso Testes\\TestesDeSoftware\\Features.Tests\\bin\\Debug\\net6.0\\fine-code-coverage\\build-output\\Features.Tests.dll","CodeFilePath":null,"LineNumber":0,"Properties":[{"Key":{"Id":"TestObject.Traits","Label":"Traits","Category":"","Description":"","Attributes":5,"ValueType":"System.Collections.Generic.KeyValuePair`2[[System.String],[System.String]][]"},"Value":[{"Key":"Categoria","Value":"Cliente Service AutoMockFixture Tests"}]}]},"Attachments":[],"Outcome":1,"ErrorMessage":null,"ErrorStackTrace":null,"DisplayName":"Adicionar Cliente com Sucesso","Messages":[],"ComputerName":"DESKTOP-I8JNLH9","Duration":"00:00:00.0118587","StartTime":"2023-01-09T22:20:34.0078169+00:00","EndTime":"2023-01-09T22:20:34.007817+00:00","Properties":[]},{"TestCase":{"Id":"ada978e0-5a50-7bcf-daa3-7080a75f8447","FullyQualifiedName":"Features.Tests.ClienteServiceAutoMockerFixtureTests.ClienteService_ObterTodosAtivos_DeveRetornarApenasClientesAtivos","DisplayName":"Obter Clientes Ativos","ExecutorUri":"executor://xunit/VsTestRunner2/netcoreapp","Source":"F:\\Projetos ASP.NET\\Curso Testes\\TestesDeSoftware\\Features.Tests\\bin\\Debug\\net6.0\\fine-code-coverage\\build-output\\Features.Tests.dll","CodeFilePath":null,"LineNumber":0,"Properties":[{"Key":{"Id":"TestObject.Traits","Label":"Traits","Category":"","Description":"","Attributes":5,"ValueType":"System.Collections.Generic.KeyValuePair`2[[System.String],[System.String]][]"},"Value":[{"Key":"Categoria","Value":"Cliente Service AutoMockFixture Tests"}]}]},"Attachments":[],"Outcome":1,"ErrorMessage":null,"ErrorStackTrace":null,"DisplayName":"Obter Clientes Ativos","Messages":[],"ComputerName":"DESKTOP-I8JNLH9","Duration":"00:00:00.0149738","StartTime":"2023-01-09T22:20:34.0124436+00:00","EndTime":"2023-01-09T22:20:34.0124438+00:00","Properties":[]},{"TestCase":{"Id":"f5b0083f-35dd-00c1-f19f-f683277825b9","FullyQualifiedName":"Features.Tests.ClienteServiceTests.ClienteService_ObterTodosAtivos_DeveRetornarApenasClientesAtivos","DisplayName":"Obter Clientes Ativos","ExecutorUri":"executor://xunit/VsTestRunner2/netcoreapp","Source":"F:\\Projetos ASP.NET\\Curso Testes\\TestesDeSoftware\\Features.Tests\\bin\\Debug\\net6.0\\fine-code-coverage\\build-output\\Features.Tests.dll","CodeFilePath":null,"LineNumber":0,"Properties":[{"Key":{"Id":"TestObject.Traits","Label":"Traits","Category":"","Description":"","Attributes":5,"ValueType":"System.Collections.Generic.KeyValuePair`2[[System.String],[System.String]][]"},"Value":[{"Key":"Categoria","Value":"Cliente Service Mock Tests"}]}]},"Attachments":[],"Outcome":1,"ErrorMessage":null,"ErrorStackTrace":null,"DisplayName":"Obter Clientes Ativos","Messages":[],"ComputerName":"DESKTOP-I8JNLH9","Duration":"00:00:00.0149775","StartTime":"2023-01-09T22:20:34.013453+00:00","EndTime":"2023-01-09T22:20:34.0134531+00:00","Properties":[]},{"TestCase":{"Id":"1a1f8db5-d417-89b0-8505-b029306173c5","FullyQualifiedName":"Features.Tests.ClienteFluentAssertionsTests.Cliente_NovoCliente_DeveEstarInvalido","DisplayName":"Novo Cliente Inválido","ExecutorUri":"executor://xunit/VsTestRunner2/netcoreapp","Source":"F:\\Projetos ASP.NET\\Curso Testes\\TestesDeSoftware\\Features.Tests\\bin\\Debug\\net6.0\\fine-code-coverage\\build-output\\Features.Tests.dll","CodeFilePath":null,"LineNumber":0,"Properties":[{"Key":{"Id":"TestObject.Traits","Label":"Traits","Category":"","Description":"","Attributes":5,"ValueType":"System.Collections.Generic.KeyValuePair`2[[System.String],[System.String]][]"},"Value":[{"Key":"Categoria","Value":"Cliente Fluent Assertion Testes"}]}]},"Attachments":[],"Outcome":1,"ErrorMessage":null,"ErrorStackTrace":null,"DisplayName":"Novo Cliente Inválido","Messages":[{"Category":"StdOutMsgs","Text":"Foram encontrados 3 erros nesta validação\r\n"}],"ComputerName":"DESKTOP-I8JNLH9","Duration":"00:00:00.0075796","StartTime":"2023-01-09T22:20:34.0160941+00:00","EndTime":"2023-01-09T22:20:34.0160942+00:00","Properties":[]},{"TestCase":{"Id":"9415aca5-7dd4-d7bb-3cbd-958b0a899bf2","FullyQualifiedName":"Features.Tests.ClienteServiceAutoMockerTests.ClienteService_ObterTodosAtivos_DeveRetornarApenasClientesAtivos","DisplayName":"Obter Clientes Ativos","ExecutorUri":"executor://xunit/VsTestRunner2/netcoreapp","Source":"F:\\Projetos ASP.NET\\Curso Testes\\TestesDeSoftware\\Features.Tests\\bin\\Debug\\net6.0\\fine-code-coverage\\build-output\\Features.Tests.dll","CodeFilePath":null,"LineNumber":0,"Properties":[{"Key":{"Id":"TestObject.Traits","Label":"Traits","Category":"","Description":"","Attributes":5,"ValueType":"System.Collections.Generic.KeyValuePair`2[[System.String],[System.String]][]"},"Value":[{"Key":"Categoria","Value":"Cliente Service AutoMock Tests"}]}]},"Attachments":[],"Outcome":1,"ErrorMessage":null,"ErrorStackTrace":null,"DisplayName":"Obter Clientes Ativos","Messages":[],"ComputerName":"DESKTOP-I8JNLH9","Duration":"00:00:00.0086699","StartTime":"2023-01-09T22:20:34.0175861+00:00","EndTime":"2023-01-09T22:20:34.0175863+00:00","Properties":[]}],"TestRunStatistics":{"ExecutedTests":30,"Stats":{"Skipped":1,"Passed":29}},"ActiveTests":[{"Id":"a34bda76-9551-cd18-6c3f-f642a53ad366","FullyQualifiedName":"Features.Tests.ClienteFluentAssertionsTests.Cliente_NovoCliente_DeveEstarValido","DisplayName":"Novo Cliente Válido","ExecutorUri":"executor://xunit/VsTestRunner2/netcoreapp","Source":"F:\\Projetos ASP.NET\\Curso Testes\\TestesDeSoftware\\Features.Tests\\bin\\Debug\\net6.0\\fine-code-coverage\\build-output\\Features.Tests.dll","CodeFilePath":null,"LineNumber":0,"Properties":[{"Key":{"Id":"TestObject.Traits","Label":"Traits","Category":"","Description":"","Attributes":5,"ValueType":"System.Collections.Generic.KeyValuePair`2[[System.String],[System.String]][]"},"Value":[{"Key":"Categoria","Value":"Cliente Fluent Assertion Testes"}]}]},{"Id":"585d9d84-444c-cbac-cb88-09b8bf1482c2","FullyQualifiedName":"Features.Tests.ClienteServiceAutoMockerTests.ClienteService_Adicionar_DeveExecutarComSucesso","DisplayName":"Adicionar Cliente com Sucesso","ExecutorUri":"executor://xunit/VsTestRunner2/netcoreapp","Source":"F:\\Projetos ASP.NET\\Curso Testes\\TestesDeSoftware\\Features.Tests\\bin\\Debug\\net6.0\\fine-code-coverage\\build-output\\Features.Tests.dll","CodeFilePath":null,"LineNumber":0,"Properties":[{"Key":{"Id":"TestObject.Traits","Label":"Traits","Category":"","Description":"","Attributes":5,"ValueType":"System.Collections.Generic.KeyValuePair`2[[System.String],[System.String]][]"},"Value":[{"Key":"Categoria","Value":"Cliente Service AutoMock Tests"}]}]}]}}
TpTrace Verbose: 0 : 23848, 10, 2023/01/09, 19:20:34.022, 12058530399972, vstest.console.dll, TestRunRequest:SendTestRunStatsChange: Starting.
TpTrace Verbose: 0 : 23848, 10, 2023/01/09, 19:20:34.022, 12058530400670, vstest.console.dll, InProgress is Novo Cliente Válido
TpTrace Verbose: 0 : 23848, 10, 2023/01/09, 19:20:34.022, 12058530400925, vstest.console.dll, InProgress is Adicionar Cliente com Sucesso
TpTrace Verbose: 0 : 23848, 10, 2023/01/09, 19:20:34.022, 12058530402053, vstest.console.dll, MulticastDelegateUtilities.SafeInvoke: TestRun.RunStatsChanged: Invoking callbacks was skipped because there are no subscribers.
TpTrace Information: 0 : 23848, 10, 2023/01/09, 19:20:34.022, 12058530402350, vstest.console.dll, TestRunRequest:SendTestRunStatsChange: Completed.
TpTrace Verbose: 0 : 23848, 4, 2023/01/09, 19:20:34.022, 12058530402457, vstest.console.dll, MulticastDelegateUtilities.SafeInvoke: InternalTestLoggerEvents.SendTestResult: Invoking callback 1/1 for Microsoft.VisualStudio.TestPlatform.CommandLine.Internal.ConsoleLogger., took 0 ms.
TpTrace Verbose: 0 : 23848, 10, 2023/01/09, 19:20:34.022, 12058530402609, vstest.console.dll, MulticastDelegateUtilities.SafeInvoke: LengthPrefixCommunicationChannel: MessageReceived: Invoking callback 1/1 for Microsoft.VisualStudio.TestPlatform.CommunicationUtilities.TestRequestSender+<>c__DisplayClass31_0., took 1 ms.
TpTrace Verbose: 0 : 23848, 4, 2023/01/09, 19:20:34.022, 12058530403170, vstest.console.dll, MulticastDelegateUtilities.SafeInvoke: InternalTestLoggerEvents.SendTestResult: Invoking callback 1/1 for Microsoft.VisualStudio.TestPlatform.CommandLine.Internal.ConsoleLogger., took 0 ms.
TpTrace Verbose: 0 : 23848, 10, 2023/01/09, 19:20:34.022, 12058530403401, vstest.console.dll, TcpClientExtensions.MessageLoopAsync: Polling on remoteEndPoint: 127.0.0.1:65520 localEndPoint: 127.0.0.1:65519
TpTrace Verbose: 0 : 23848, 4, 2023/01/09, 19:20:34.022, 12058530404007, vstest.console.dll, MulticastDelegateUtilities.SafeInvoke: InternalTestLoggerEvents.SendTestResult: Invoking callback 1/1 for Microsoft.VisualStudio.TestPlatform.CommandLine.Internal.ConsoleLogger., took 0 ms.
TpTrace Verbose: 0 : 23848, 4, 2023/01/09, 19:20:34.022, 12058530404523, vstest.console.dll, MulticastDelegateUtilities.SafeInvoke: InternalTestLoggerEvents.SendTestResult: Invoking callback 1/1 for Microsoft.VisualStudio.TestPlatform.CommandLine.Internal.ConsoleLogger., took 0 ms.
TpTrace Verbose: 0 : 23848, 4, 2023/01/09, 19:20:34.022, 12058530404875, vstest.console.dll, MulticastDelegateUtilities.SafeInvoke: InternalTestLoggerEvents.SendTestResult: Invoking callback 1/1 for Microsoft.VisualStudio.TestPlatform.CommandLine.Internal.ConsoleLogger., took 0 ms.
TpTrace Verbose: 0 : 23848, 4, 2023/01/09, 19:20:34.022, 12058530405177, vstest.console.dll, MulticastDelegateUtilities.SafeInvoke: InternalTestLoggerEvents.SendTestResult: Invoking callback 1/1 for Microsoft.VisualStudio.TestPlatform.CommandLine.Internal.ConsoleLogger., took 0 ms.
TpTrace Verbose: 0 : 23848, 4, 2023/01/09, 19:20:34.022, 12058530405502, vstest.console.dll, MulticastDelegateUtilities.SafeInvoke: InternalTestLoggerEvents.SendTestResult: Invoking callback 1/1 for Microsoft.VisualStudio.TestPlatform.CommandLine.Internal.ConsoleLogger., took 0 ms.
TpTrace Verbose: 0 : 23848, 4, 2023/01/09, 19:20:34.022, 12058530405810, vstest.console.dll, MulticastDelegateUtilities.SafeInvoke: InternalTestLoggerEvents.SendTestResult: Invoking callback 1/1 for Microsoft.VisualStudio.TestPlatform.CommandLine.Internal.ConsoleLogger., took 0 ms.
TpTrace Verbose: 0 : 23848, 10, 2023/01/09, 19:20:34.049, 12058530670977, vstest.console.dll, TcpClientExtensions.MessageLoopAsync: NotifyDataAvailable remoteEndPoint: 127.0.0.1:65520 localEndPoint: 127.0.0.1:65519
TpTrace Verbose: 0 : 23848, 10, 2023/01/09, 19:20:34.049, 12058530672089, vstest.console.dll, TestRequestSender.OnExecutionMessageReceived: Received message: {"Version":5,"MessageType":"TestSession.Message","Payload":{"MessageLevel":0,"Message":"[xUnit.net 00:00:00.62]   Finished:    Features.Tests"}}
TpTrace Verbose: 0 : 23848, 10, 2023/01/09, 19:20:34.049, 12058530672943, vstest.console.dll, TestRunRequest:SendTestRunMessage: Starting.
TpTrace Verbose: 0 : 23848, 10, 2023/01/09, 19:20:34.049, 12058530673552, vstest.console.dll, MulticastDelegateUtilities.SafeInvoke: TestRun.LogMessages: Invoking callback 1/1 for Microsoft.VisualStudio.TestPlatform.CommandLine.TestRunResultAggregator., took 0 ms.
TpTrace Verbose: 0 : 23848, 4, 2023/01/09, 19:20:34.049, 12058530673756, vstest.console.dll, MulticastDelegateUtilities.SafeInvoke: InternalTestLoggerEvents.SendTestRunMessage: Invoking callback 1/1 for Microsoft.VisualStudio.TestPlatform.CommandLine.Internal.ConsoleLogger., took 0 ms.
TpTrace Information: 0 : 23848, 10, 2023/01/09, 19:20:34.049, 12058530673825, vstest.console.dll, TestRunRequest:SendTestRunMessage: Completed.
TpTrace Verbose: 0 : 23848, 10, 2023/01/09, 19:20:34.049, 12058530674808, vstest.console.dll, MulticastDelegateUtilities.SafeInvoke: LengthPrefixCommunicationChannel: MessageReceived: Invoking callback 1/1 for Microsoft.VisualStudio.TestPlatform.CommunicationUtilities.TestRequestSender+<>c__DisplayClass31_0., took 0 ms.
TpTrace Verbose: 0 : 23848, 10, 2023/01/09, 19:20:34.049, 12058530675075, vstest.console.dll, TcpClientExtensions.MessageLoopAsync: Polling on remoteEndPoint: 127.0.0.1:65520 localEndPoint: 127.0.0.1:65519
TpTrace Verbose: 0 : 23848, 10, 2023/01/09, 19:20:34.058, 12058530765667, vstest.console.dll, TcpClientExtensions.MessageLoopAsync: NotifyDataAvailable remoteEndPoint: 127.0.0.1:65520 localEndPoint: 127.0.0.1:65519
TpTrace Verbose: 0 : 23848, 10, 2023/01/09, 19:20:34.058, 12058530767103, vstest.console.dll, TestRequestSender.OnExecutionMessageReceived: Received message: {"Version":5,"MessageType":"TestExecution.Completed","Payload":{"TestRunCompleteArgs":{"TestRunStatistics":{"ExecutedTests":36,"Stats":{"Skipped":1,"Passed":35}},"IsCanceled":false,"IsAborted":false,"Error":null,"AttachmentSets":[],"ElapsedTimeInRunningTests":"00:00:00.6286750","Metrics":{}},"LastRunTests":{"NewTestResults":[{"TestCase":{"Id":"a34bda76-9551-cd18-6c3f-f642a53ad366","FullyQualifiedName":"Features.Tests.ClienteFluentAssertionsTests.Cliente_NovoCliente_DeveEstarValido","DisplayName":"Novo Cliente Válido","ExecutorUri":"executor://xunit/VsTestRunner2/netcoreapp","Source":"F:\\Projetos ASP.NET\\Curso Testes\\TestesDeSoftware\\Features.Tests\\bin\\Debug\\net6.0\\fine-code-coverage\\build-output\\Features.Tests.dll","CodeFilePath":null,"LineNumber":0,"Properties":[{"Key":{"Id":"TestObject.Traits","Label":"Traits","Category":"","Description":"","Attributes":5,"ValueType":"System.Collections.Generic.KeyValuePair`2[[System.String],[System.String]][]"},"Value":[{"Key":"Categoria","Value":"Cliente Fluent Assertion Testes"}]}]},"Attachments":[],"Outcome":1,"ErrorMessage":null,"ErrorStackTrace":null,"DisplayName":"Novo Cliente Válido","Messages":[{"Category":"StdOutMsgs","Text":"Foram encontrados 0 erros nesta validação\r\n"}],"ComputerName":"DESKTOP-I8JNLH9","Duration":"00:00:00.0053236","StartTime":"2023-01-09T22:20:34.0214944+00:00","EndTime":"2023-01-09T22:20:34.0214945+00:00","Properties":[]},{"TestCase":{"Id":"585d9d84-444c-cbac-cb88-09b8bf1482c2","FullyQualifiedName":"Features.Tests.ClienteServiceAutoMockerTests.ClienteService_Adicionar_DeveExecutarComSucesso","DisplayName":"Adicionar Cliente com Sucesso","ExecutorUri":"executor://xunit/VsTestRunner2/netcoreapp","Source":"F:\\Projetos ASP.NET\\Curso Testes\\TestesDeSoftware\\Features.Tests\\bin\\Debug\\net6.0\\fine-code-coverage\\build-output\\Features.Tests.dll","CodeFilePath":null,"LineNumber":0,"Properties":[{"Key":{"Id":"TestObject.Traits","Label":"Traits","Category":"","Description":"","Attributes":5,"ValueType":"System.Collections.Generic.KeyValuePair`2[[System.String],[System.String]][]"},"Value":[{"Key":"Categoria","Value":"Cliente Service AutoMock Tests"}]}]},"Attachments":[],"Outcome":1,"ErrorMessage":null,"ErrorStackTrace":null,"DisplayName":"Adicionar Cliente com Sucesso","Messages":[],"ComputerName":"DESKTOP-I8JNLH9","Duration":"00:00:00.0058952","StartTime":"2023-01-09T22:20:34.0231215+00:00","EndTime":"2023-01-09T22:20:34.0231216+00:00","Properties":[]},{"TestCase":{"Id":"609a7a9b-1538-cfe7-c47d-77a55abdaadf","FullyQualifiedName":"Features.Tests.ClienteServiceFluentAssertionTests.ClienteService_Adicionar_DeveExecutarComSucesso","DisplayName":"Adicionar Cliente com Sucesso","ExecutorUri":"executor://xunit/VsTestRunner2/netcoreapp","Source":"F:\\Projetos ASP.NET\\Curso Testes\\TestesDeSoftware\\Features.Tests\\bin\\Debug\\net6.0\\fine-code-coverage\\build-output\\Features.Tests.dll","CodeFilePath":null,"LineNumber":0,"Properties":[{"Key":{"Id":"TestObject.Traits","Label":"Traits","Category":"","Description":"","Attributes":5,"ValueType":"System.Collections.Generic.KeyValuePair`2[[System.String],[System.String]][]"},"Value":[{"Key":"Categoria","Value":"Cliente Service Fluent Assertion Tests"}]}]},"Attachments":[],"Outcome":1,"ErrorMessage":null,"ErrorStackTrace":null,"DisplayName":"Adicionar Cliente com Sucesso","Messages":[],"ComputerName":"DESKTOP-I8JNLH9","Duration":"00:00:00.0077632","StartTime":"2023-01-09T22:20:34.0292801+00:00","EndTime":"2023-01-09T22:20:34.0292802+00:00","Properties":[]},{"TestCase":{"Id":"05fa09b1-0d8b-306b-29e2-b77b2ebe3135","FullyQualifiedName":"Features.Tests.ClienteServiceAutoMockerTests.ClienteService_Adicionar_DeveFalharDevidoClienteInvalido","DisplayName":"Adicionar Cliente com Falha","ExecutorUri":"executor://xunit/VsTestRunner2/netcoreapp","Source":"F:\\Projetos ASP.NET\\Curso Testes\\TestesDeSoftware\\Features.Tests\\bin\\Debug\\net6.0\\fine-code-coverage\\build-output\\Features.Tests.dll","CodeFilePath":null,"LineNumber":0,"Properties":[{"Key":{"Id":"TestObject.Traits","Label":"Traits","Category":"","Description":"","Attributes":5,"ValueType":"System.Collections.Generic.KeyValuePair`2[[System.String],[System.String]][]"},"Value":[{"Key":"Categoria","Value":"Cliente Service AutoMock Tests"}]}]},"Attachments":[],"Outcome":1,"ErrorMessage":null,"ErrorStackTrace":null,"DisplayName":"Adicionar Cliente com Falha","Messages":[],"ComputerName":"DESKTOP-I8JNLH9","Duration":"00:00:00.0070991","StartTime":"2023-01-09T22:20:34.0309423+00:00","EndTime":"2023-01-09T22:20:34.0309424+00:00","Properties":[]},{"TestCase":{"Id":"c36d3e58-f12a-5004-b424-df76a0863221","FullyQualifiedName":"Features.Tests.ClienteServiceFluentAssertionTests.ClienteService_Adicionar_DeveFalharDevidoClienteInvalido","DisplayName":"Adicionar Cliente com Falha","ExecutorUri":"executor://xunit/VsTestRunner2/netcoreapp","Source":"F:\\Projetos ASP.NET\\Curso Testes\\TestesDeSoftware\\Features.Tests\\bin\\Debug\\net6.0\\fine-code-coverage\\build-output\\Features.Tests.dll","CodeFilePath":null,"LineNumber":0,"Properties":[{"Key":{"Id":"TestObject.Traits","Label":"Traits","Category":"","Description":"","Attributes":5,"ValueType":"System.Collections.Generic.KeyValuePair`2[[System.String],[System.String]][]"},"Value":[{"Key":"Categoria","Value":"Cliente Service Fluent Assertion Tests"}]}]},"Attachments":[],"Outcome":1,"ErrorMessage":null,"ErrorStackTrace":null,"DisplayName":"Adicionar Cliente com Falha","Messages":[],"ComputerName":"DESKTOP-I8JNLH9","Duration":"00:00:00.0038011","StartTime":"2023-01-09T22:20:34.0331084+00:00","EndTime":"2023-01-09T22:20:34.0331085+00:00","Properties":[]},{"TestCase":{"Id":"8d386030-4574-552e-bb56-a27d1aa67954","FullyQualifiedName":"Features.Tests.ClienteServiceFluentAssertionTests.ClienteService_ObterTodosAtivos_DeveRetornarApenasClientesAtivos","DisplayName":"Obter Clientes Ativos","ExecutorUri":"executor://xunit/VsTestRunner2/netcoreapp","Source":"F:\\Projetos ASP.NET\\Curso Testes\\TestesDeSoftware\\Features.Tests\\bin\\Debug\\net6.0\\fine-code-coverage\\build-output\\Features.Tests.dll","CodeFilePath":null,"LineNumber":0,"Properties":[{"Key":{"Id":"TestObject.Traits","Label":"Traits","Category":"","Description":"","Attributes":5,"ValueType":"System.Collections.Generic.KeyValuePair`2[[System.String],[System.String]][]"},"Value":[{"Key":"Categoria","Value":"Cliente Service Fluent Assertion Tests"}]}]},"Attachments":[],"Outcome":1,"ErrorMessage":null,"ErrorStackTrace":null,"DisplayName":"Obter Clientes Ativos","Messages":[],"ComputerName":"DESKTOP-I8JNLH9","Duration":"00:00:00.0143560","StartTime":"2023-01-09T22:20:34.0475405+00:00","EndTime":"2023-01-09T22:20:34.0475407+00:00","Properties":[]}],"TestRunStatistics":{"ExecutedTests":36,"Stats":{"Skipped":1,"Passed":35}},"ActiveTests":[]},"RunAttachments":[],"ExecutorUris":["executor://xunit/VsTestRunner2/netcoreapp"]}}
TpTrace Verbose: 0 : 23848, 10, 2023/01/09, 19:20:34.058, 12058530767959, vstest.console.dll, TestRequestSender.EndSession: Sending end session.
TpTrace Verbose: 0 : 23848, 10, 2023/01/09, 19:20:34.059, 12058530768996, vstest.console.dll, ProxyOperationManager.Close: waiting for test host to exit for 100 ms
TpTrace Warning: 0 : 23848, 11, 2023/01/09, 19:20:34.075, 12058530929842, vstest.console.dll, TestHostManagerCallbacks.ErrorReceivedCallback Test host standard error line: 
TpTrace Verbose: 0 : 23848, 11, 2023/01/09, 19:20:34.082, 12058531003570, vstest.console.dll, TestHostProvider.ExitCallBack: Host exited starting callback.
TpTrace Information: 0 : 23848, 11, 2023/01/09, 19:20:34.082, 12058531005000, vstest.console.dll, TestHostManagerCallbacks.ExitCallBack: Testhost processId: 28860 exited with exitcode: 0 error: ''
TpTrace Verbose: 0 : 23848, 11, 2023/01/09, 19:20:34.082, 12058531005341, vstest.console.dll, DotnetTestHostManager.OnHostExited: invoking OnHostExited callback
TpTrace Verbose: 0 : 23848, 11, 2023/01/09, 19:20:34.082, 12058531005701, vstest.console.dll, CrossPlatEngine.TestHostManagerHostExited: calling on client process exit callback.
TpTrace Information: 0 : 23848, 11, 2023/01/09, 19:20:34.082, 12058531006043, vstest.console.dll, TestRequestSender.OnClientProcessExit: Test host process exited. Standard error: 
TpTrace Information: 0 : 23848, 11, 2023/01/09, 19:20:34.082, 12058531006334, vstest.console.dll, SocketServer.Stop: Stop server endPoint: 127.0.0.1:65519
TpTrace Information: 0 : 23848, 11, 2023/01/09, 19:20:34.082, 12058531006608, vstest.console.dll, SocketServer.Stop: Cancellation requested. Stopping message loop.
TpTrace Information: 0 : 23848, 10, 2023/01/09, 19:20:34.082, 12058531006720, vstest.console.dll, SocketServer.Stop: Stop server endPoint: 127.0.0.1:65519
TpTrace Information: 0 : 23848, 10, 2023/01/09, 19:20:34.082, 12058531007172, vstest.console.dll, SocketServer.Stop: Cancellation requested. Stopping message loop.
TpTrace Information: 0 : 23848, 10, 2023/01/09, 19:20:34.082, 12058531007469, vstest.console.dll, Closing the connection
TpTrace Verbose: 0 : 23848, 11, 2023/01/09, 19:20:34.082, 12058531007345, vstest.console.dll, MulticastDelegateUtilities.SafeInvoke: HostProviderEvents.OnHostExited: Invoking callback 1/1 for Microsoft.VisualStudio.TestPlatform.CrossPlatEngine.Client.ProxyOperationManager., took 0 ms.
TpTrace Verbose: 0 : 23848, 10, 2023/01/09, 19:20:34.083, 12058531008968, vstest.console.dll, ProxyDataCollectionManager.InvokeDataCollectionServiceAction: Starting.
TpTrace Information: 0 : 23848, 10, 2023/01/09, 19:20:34.083, 12058531009320, vstest.console.dll, ProxyDataCollectionManager.AfterTestRunEnd: Get attachment set and invoked data collectors processId: 5404 port: 65516
TpTrace Verbose: 0 : 23848, 10, 2023/01/09, 19:20:34.083, 12058531009639, vstest.console.dll, DataCollectionRequestSender.SendAfterTestRunStartAndGetResult: Send AfterTestRunEnd message with isCancelled: False
TpTrace Verbose: 0 : 23848, 10, 2023/01/09, 19:20:34.088, 12058531062929, vstest.console.dll, DataCollectionRequestSender.SendAfterTestRunStartAndGetResult: Received message: (DataCollection.AfterTestRunEndResult) -> {"MessageType":"DataCollection.AfterTestRunEndResult","Payload":{"AttachmentSets":[],"InvokedDataCollectors":[{"Uri":"datacollector://Microsoft/TestPlatform/Extensions/Blame/v1","FriendlyName":"Blame","AssemblyQualifiedName":"Microsoft.TestPlatform.Extensions.BlameDataCollector.BlameCollector, Microsoft.TestPlatform.Extensions.BlameDataCollector, Version=15.0.0.0, Culture=neutral, PublicKeyToken=b03f5f7f11d50a3a","FilePath":"C:\\Program Files\\dotnet\\sdk\\7.0.101\\Extensions\\Microsoft.TestPlatform.Extensions.BlameDataCollector.dll","HasAttachmentProcessor":false}],"Metrics":{}}}
TpTrace Warning: 0 : 23848, 9, 2023/01/09, 19:20:34.091, 12058531089249, vstest.console.dll, DataCollectionLauncher.ErrorReceivedCallback datacollector standard error line: 
TpTrace Information: 0 : 23848, 10, 2023/01/09, 19:20:34.092, 12058531103153, vstest.console.dll, ProxyDataCollectionManager.InvokeDataCollectionServiceAction: Completed.
TpTrace Information: 0 : 23848, 9, 2023/01/09, 19:20:34.095, 12058531133015, vstest.console.dll, DataCollectionLauncher.ExitCallBack: Data collector exited with exitcode: 0 error: ''
TpTrace Verbose: 0 : 23848, 10, 2023/01/09, 19:20:34.125, 12058531430118, vstest.console.dll, TestRunRequest:SendTestRunStatsChange: Starting.
TpTrace Verbose: 0 : 23848, 10, 2023/01/09, 19:20:34.125, 12058531430962, vstest.console.dll, MulticastDelegateUtilities.SafeInvoke: TestRun.RunStatsChanged: Invoking callbacks was skipped because there are no subscribers.
TpTrace Information: 0 : 23848, 10, 2023/01/09, 19:20:34.125, 12058531431177, vstest.console.dll, TestRunRequest:SendTestRunStatsChange: Completed.
TpTrace Verbose: 0 : 23848, 4, 2023/01/09, 19:20:34.125, 12058531431344, vstest.console.dll, MulticastDelegateUtilities.SafeInvoke: InternalTestLoggerEvents.SendTestResult: Invoking callback 1/1 for Microsoft.VisualStudio.TestPlatform.CommandLine.Internal.ConsoleLogger., took 0 ms.
TpTrace Verbose: 0 : 23848, 4, 2023/01/09, 19:20:34.125, 12058531431929, vstest.console.dll, MulticastDelegateUtilities.SafeInvoke: InternalTestLoggerEvents.SendTestResult: Invoking callback 1/1 for Microsoft.VisualStudio.TestPlatform.CommandLine.Internal.ConsoleLogger., took 0 ms.
TpTrace Verbose: 0 : 23848, 4, 2023/01/09, 19:20:34.125, 12058531432358, vstest.console.dll, MulticastDelegateUtilities.SafeInvoke: InternalTestLoggerEvents.SendTestResult: Invoking callback 1/1 for Microsoft.VisualStudio.TestPlatform.CommandLine.Internal.ConsoleLogger., took 0 ms.
TpTrace Verbose: 0 : 23848, 4, 2023/01/09, 19:20:34.125, 12058531432693, vstest.console.dll, MulticastDelegateUtilities.SafeInvoke: InternalTestLoggerEvents.SendTestResult: Invoking callback 1/1 for Microsoft.VisualStudio.TestPlatform.CommandLine.Internal.ConsoleLogger., took 0 ms.
TpTrace Verbose: 0 : 23848, 4, 2023/01/09, 19:20:34.125, 12058531432991, vstest.console.dll, MulticastDelegateUtilities.SafeInvoke: InternalTestLoggerEvents.SendTestResult: Invoking callback 1/1 for Microsoft.VisualStudio.TestPlatform.CommandLine.Internal.ConsoleLogger., took 0 ms.
TpTrace Verbose: 0 : 23848, 4, 2023/01/09, 19:20:34.125, 12058531433295, vstest.console.dll, MulticastDelegateUtilities.SafeInvoke: InternalTestLoggerEvents.SendTestResult: Invoking callback 1/1 for Microsoft.VisualStudio.TestPlatform.CommandLine.Internal.ConsoleLogger., took 0 ms.
TpTrace Verbose: 0 : 23848, 10, 2023/01/09, 19:20:34.125, 12058531433809, vstest.console.dll, ParallelProxyExecutionManager: HandlePartialRunComplete: Total completed clients = 1, Run complete = True, Run canceled: False.
TpTrace Verbose: 0 : 23848, 4, 2023/01/09, 19:20:34.134, 12058531528172, vstest.console.dll, MulticastDelegateUtilities.SafeInvoke: InternalTestLoggerEvents.SendTestRunComplete: Invoking callback 1/2 for Microsoft.TestPlatform.Extensions.BlameDataCollector.BlameLogger., took 0 ms.
TpTrace Verbose: 0 : 23848, 4, 2023/01/09, 19:20:34.138, 12058531568381, vstest.console.dll, MulticastDelegateUtilities.SafeInvoke: InternalTestLoggerEvents.SendTestRunComplete: Invoking callback 2/2 for Microsoft.VisualStudio.TestPlatform.CommandLine.Internal.ConsoleLogger., took 3 ms.
TpTrace Verbose: 0 : 23848, 10, 2023/01/09, 19:20:34.139, 12058531572808, vstest.console.dll, TestRunRequest:TestRunComplete: Starting. IsAborted:False IsCanceled:False.
TpTrace Verbose: 0 : 23848, 10, 2023/01/09, 19:20:34.140, 12058531584621, vstest.console.dll, TestLoggerManager.HandleTestRunComplete: Ignoring as the object is disposed.
TpTrace Verbose: 0 : 23848, 10, 2023/01/09, 19:20:34.140, 12058531586051, vstest.console.dll, MulticastDelegateUtilities.SafeInvoke: TestRun.TestRunComplete: Invoking callback 1/2 for Microsoft.VisualStudio.TestPlatform.CommandLine.TestRunResultAggregator., took 0 ms.
TpTrace Verbose: 0 : 23848, 10, 2023/01/09, 19:20:34.140, 12058531587008, vstest.console.dll, MulticastDelegateUtilities.SafeInvoke: TestRun.TestRunComplete: Invoking callback 2/2 for Microsoft.VisualStudio.TestPlatform.CommandLine.Processors.RunTestsArgumentExecutor+TestRunRequestEventsRegistrar., took 0 ms.
TpTrace Information: 0 : 23848, 10, 2023/01/09, 19:20:34.140, 12058531587656, vstest.console.dll, TestRunRequest:TestRunComplete: Completed.
TpTrace Verbose: 0 : 23848, 10, 2023/01/09, 19:20:34.140, 12058531588037, vstest.console.dll, TestRequestSender.SetOperationComplete: Setting operation complete.
TpTrace Verbose: 0 : 23848, 1, 2023/01/09, 19:20:34.140, 12058531588007, vstest.console.dll, TestRunRequest.Dispose: Starting.
TpTrace Information: 0 : 23848, 1, 2023/01/09, 19:20:34.141, 12058531588985, vstest.console.dll, TestRunRequest.Dispose: Completed.
TpTrace Information: 0 : 23848, 10, 2023/01/09, 19:20:34.140, 12058531588286, vstest.console.dll, SocketServer.Stop: Stop server endPoint: 127.0.0.1:65519
TpTrace Information: 0 : 23848, 1, 2023/01/09, 19:20:34.141, 12058531589313, vstest.console.dll, TestRequestManager.RunTests: run tests completed.
TpTrace Information: 0 : 23848, 10, 2023/01/09, 19:20:34.141, 12058531589598, vstest.console.dll, SocketServer.Stop: Cancellation requested. Stopping message loop.
TpTrace Verbose: 0 : 23848, 10, 2023/01/09, 19:20:34.141, 12058531590008, vstest.console.dll, MulticastDelegateUtilities.SafeInvoke: LengthPrefixCommunicationChannel: MessageReceived: Invoking callback 1/1 for Microsoft.VisualStudio.TestPlatform.CommunicationUtilities.TestRequestSender+<>c__DisplayClass31_0., took 82 ms.
TpTrace Information: 0 : 23848, 10, 2023/01/09, 19:20:34.141, 12058531590305, vstest.console.dll, SocketServer.PrivateStop: Stopping server endPoint: 127.0.0.1:65519 error: 
TpTrace Information: 0 : 23848, 1, 2023/01/09, 19:20:34.141, 12058531590410, vstest.console.dll, RunTestsArgumentProcessor:Execute: Test run is completed.
TpTrace Verbose: 0 : 23848, 1, 2023/01/09, 19:20:34.141, 12058531591640, vstest.console.dll, Executor.Execute: Exiting with exit code of 0
TpTrace Verbose: 0 : 23848, 10, 2023/01/09, 19:20:34.141, 12058531592925, vstest.console.dll, LengthPrefixCommunicationChannel.Dispose: Dispose reader and writer.
TpTrace Information: 0 : 23848, 10, 2023/01/09, 19:20:34.141, 12058531593710, vstest.console.dll, SocketServer.Stop: Raise disconnected event endPoint: 127.0.0.1:65519 error: 
TpTrace Verbose: 0 : 23848, 10, 2023/01/09, 19:20:34.141, 12058531594201, vstest.console.dll, TestRequestSender: OnTestRunAbort: Operation is already complete. Skip error message.
TpTrace Verbose: 0 : 23848, 10, 2023/01/09, 19:20:34.141, 12058531594502, vstest.console.dll, MulticastDelegateUtilities.SafeInvoke: SocketServer: ClientDisconnected: Invoking callback 1/1 for Microsoft.VisualStudio.TestPlatform.CommunicationUtilities.TestRequestSender., took 0 ms.
TpTrace Verbose: 0 : 23848, 10, 2023/01/09, 19:20:34.141, 12058531594698, vstest.console.dll, TcpClientExtensions.MessageLoopAsync: exiting MessageLoopAsync remoteEndPoint: 127.0.0.1:65520 localEndPoint: 127.0.0.1:65519
