TpTrace Verbose: 0 : 23024, 1, 2022/12/23, 18:25:02.901, 2004824783302, vstest.console.dll, Version: 17.2.0-preview-20220308-05
TpTrace Verbose: 0 : 23024, 1, 2022/12/23, 18:25:02.905, 2004824815773, vstest.console.dll, ArtifactProcessingPostProcessModeProcessorExecutor.Initialize: ArtifactProcessingMode.Collect
TpTrace Verbose: 0 : 23024, 1, 2022/12/23, 18:25:02.905, 2004824817527, vstest.console.dll, TestSessionCorrelationIdProcessorModeProcessorExecutor.Initialize: TestSessionCorrelationId '23480_8043d09a-01d7-4ae5-9008-5aab756f0790'
TpTrace Information: 0 : 23024, 1, 2022/12/23, 18:25:02.908, 2004824852626, vstest.console.dll, FilePatternParser: The given file F:\Projetos ASP.NET\Curso Testes\TestesDeSoftware\01 - Testes de Unidades\Demo.Teste\bin\Release\net6.0\fine-code-coverage\build-output\Demo.Teste.dll is a full path.
TpTrace Verbose: 0 : 23024, 1, 2022/12/23, 18:25:02.913, 2004824902340, vstest.console.dll, TestPluginCache.DiscoverTestExtensions: finding test extensions in assemblies ends with: RuntimeProvider.dll TPluginInfo: Microsoft.VisualStudio.TestPlatform.Common.ExtensionFramework.Utilities.TestRuntimePluginInformation TExtension: Microsoft.VisualStudio.TestPlatform.ObjectModel.Host.ITestRuntimeProvider
TpTrace Verbose: 0 : 23024, 1, 2022/12/23, 18:25:02.914, 2004824903764, vstest.console.dll, TestPluginCache.GetExtensionPaths: Filtered extension paths: 
TpTrace Verbose: 0 : 23024, 1, 2022/12/23, 18:25:02.914, 2004824904306, vstest.console.dll, TestPluginCache.GetExtensionPaths: Added default extension paths: C:\Program Files\dotnet\sdk\7.0.100-preview.3.22179.4\Extensions\DumpMinitool.exe
C:\Program Files\dotnet\sdk\7.0.100-preview.3.22179.4\Extensions\DumpMinitool.x86.exe
C:\Program Files\dotnet\sdk\7.0.100-preview.3.22179.4\Extensions\Microsoft.Diagnostics.NETCore.Client.dll
C:\Program Files\dotnet\sdk\7.0.100-preview.3.22179.4\Extensions\Microsoft.TestPlatform.Extensions.BlameDataCollector.dll
C:\Program Files\dotnet\sdk\7.0.100-preview.3.22179.4\Extensions\Microsoft.TestPlatform.Extensions.EventLogCollector.dll
C:\Program Files\dotnet\sdk\7.0.100-preview.3.22179.4\Extensions\Microsoft.TestPlatform.TestHostRuntimeProvider.dll
C:\Program Files\dotnet\sdk\7.0.100-preview.3.22179.4\Extensions\Microsoft.VisualStudio.TestPlatform.Extensions.Html.TestLogger.dll
C:\Program Files\dotnet\sdk\7.0.100-preview.3.22179.4\Extensions\Microsoft.VisualStudio.TestPlatform.Extensions.Trx.TestLogger.dll
TpTrace Verbose: 0 : 23024, 1, 2022/12/23, 18:25:02.914, 2004824904610, vstest.console.dll, TestPluginCache.GetExtensionPaths: Added unfilterableExtensionPaths: 
TpTrace Information: 0 : 23024, 1, 2022/12/23, 18:25:02.914, 2004824909164, vstest.console.dll, AssemblyResolver.ctor: Creating AssemblyResolver with searchDirectories C:\Program Files\dotnet\sdk\7.0.100-preview.3.22179.4\Extensions,C:\Program Files\dotnet\sdk\7.0.100-preview.3.22179.4
TpTrace Verbose: 0 : 23024, 1, 2022/12/23, 18:25:02.915, 2004824918722, vstest.console.dll, TestPluginCache.DiscoverTestExtensions: Discovering the extensions using extension path.
TpTrace Verbose: 0 : 23024, 1, 2022/12/23, 18:25:02.915, 2004824919590, vstest.console.dll, TestPluginCache.GetExtensionPaths: Filtered extension paths: 
TpTrace Verbose: 0 : 23024, 1, 2022/12/23, 18:25:02.915, 2004824919877, vstest.console.dll, TestPluginCache.GetExtensionPaths: Added default extension paths: C:\Program Files\dotnet\sdk\7.0.100-preview.3.22179.4\Extensions\DumpMinitool.exe
C:\Program Files\dotnet\sdk\7.0.100-preview.3.22179.4\Extensions\DumpMinitool.x86.exe
C:\Program Files\dotnet\sdk\7.0.100-preview.3.22179.4\Extensions\Microsoft.Diagnostics.NETCore.Client.dll
C:\Program Files\dotnet\sdk\7.0.100-preview.3.22179.4\Extensions\Microsoft.TestPlatform.Extensions.BlameDataCollector.dll
C:\Program Files\dotnet\sdk\7.0.100-preview.3.22179.4\Extensions\Microsoft.TestPlatform.Extensions.EventLogCollector.dll
C:\Program Files\dotnet\sdk\7.0.100-preview.3.22179.4\Extensions\Microsoft.TestPlatform.TestHostRuntimeProvider.dll
C:\Program Files\dotnet\sdk\7.0.100-preview.3.22179.4\Extensions\Microsoft.VisualStudio.TestPlatform.Extensions.Html.TestLogger.dll
C:\Program Files\dotnet\sdk\7.0.100-preview.3.22179.4\Extensions\Microsoft.VisualStudio.TestPlatform.Extensions.Trx.TestLogger.dll
TpTrace Verbose: 0 : 23024, 1, 2022/12/23, 18:25:02.915, 2004824920446, vstest.console.dll, TestPluginCache.GetExtensionPaths: Added unfilterableExtensionPaths: 
TpTrace Verbose: 0 : 23024, 1, 2022/12/23, 18:25:02.915, 2004824920963, vstest.console.dll, TestPluginCache.DiscoverTestExtensions: Discovering the extensions using allExtensionPaths: C:\Program Files\dotnet\sdk\7.0.100-preview.3.22179.4\Extensions\DumpMinitool.exe
C:\Program Files\dotnet\sdk\7.0.100-preview.3.22179.4\Extensions\DumpMinitool.x86.exe
C:\Program Files\dotnet\sdk\7.0.100-preview.3.22179.4\Extensions\Microsoft.Diagnostics.NETCore.Client.dll
C:\Program Files\dotnet\sdk\7.0.100-preview.3.22179.4\Extensions\Microsoft.TestPlatform.Extensions.BlameDataCollector.dll
C:\Program Files\dotnet\sdk\7.0.100-preview.3.22179.4\Extensions\Microsoft.TestPlatform.Extensions.EventLogCollector.dll
C:\Program Files\dotnet\sdk\7.0.100-preview.3.22179.4\Extensions\Microsoft.TestPlatform.TestHostRuntimeProvider.dll
C:\Program Files\dotnet\sdk\7.0.100-preview.3.22179.4\Extensions\Microsoft.VisualStudio.TestPlatform.Extensions.Html.TestLogger.dll
C:\Program Files\dotnet\sdk\7.0.100-preview.3.22179.4\Extensions\Microsoft.VisualStudio.TestPlatform.Extensions.Trx.TestLogger.dll
TpTrace Information: 0 : 23024, 1, 2022/12/23, 18:25:02.915, 2004824921907, vstest.console.dll, AssemblyResolver.AddSearchDirectories: Adding more searchDirectories C:\Program Files\dotnet\sdk\7.0.100-preview.3.22179.4\Extensions,C:\Program Files\dotnet\sdk\7.0.100-preview.3.22179.4
TpTrace Information: 0 : 23024, 1, 2022/12/23, 18:25:02.915, 2004824922293, vstest.console.dll, AssemblyResolver.AddSearchDirectories: Adding more searchDirectories C:\Program Files\dotnet\sdk\7.0.100-preview.3.22179.4\Extensions,C:\Program Files\dotnet\sdk\7.0.100-preview.3.22179.4
TpTrace Information: 0 : 23024, 1, 2022/12/23, 18:25:02.915, 2004824922513, vstest.console.dll, AssemblyResolver.AddSearchDirectories: Adding more searchDirectories C:\Program Files\dotnet\sdk\7.0.100-preview.3.22179.4\Extensions,C:\Program Files\dotnet\sdk\7.0.100-preview.3.22179.4
TpTrace Information: 0 : 23024, 1, 2022/12/23, 18:25:02.915, 2004824922701, vstest.console.dll, AssemblyResolver.AddSearchDirectories: Adding more searchDirectories C:\Program Files\dotnet\sdk\7.0.100-preview.3.22179.4\Extensions,C:\Program Files\dotnet\sdk\7.0.100-preview.3.22179.4
TpTrace Information: 0 : 23024, 1, 2022/12/23, 18:25:02.915, 2004824922918, vstest.console.dll, AssemblyResolver.AddSearchDirectories: Adding more searchDirectories C:\Program Files\dotnet\sdk\7.0.100-preview.3.22179.4\Extensions,C:\Program Files\dotnet\sdk\7.0.100-preview.3.22179.4
TpTrace Information: 0 : 23024, 1, 2022/12/23, 18:25:02.915, 2004824923103, vstest.console.dll, AssemblyResolver.AddSearchDirectories: Adding more searchDirectories C:\Program Files\dotnet\sdk\7.0.100-preview.3.22179.4\Extensions,C:\Program Files\dotnet\sdk\7.0.100-preview.3.22179.4
TpTrace Information: 0 : 23024, 1, 2022/12/23, 18:25:02.915, 2004824923281, vstest.console.dll, AssemblyResolver.AddSearchDirectories: Adding more searchDirectories C:\Program Files\dotnet\sdk\7.0.100-preview.3.22179.4\Extensions,C:\Program Files\dotnet\sdk\7.0.100-preview.3.22179.4
TpTrace Information: 0 : 23024, 1, 2022/12/23, 18:25:02.915, 2004824923488, vstest.console.dll, AssemblyResolver.AddSearchDirectories: Adding more searchDirectories C:\Program Files\dotnet\sdk\7.0.100-preview.3.22179.4\Extensions,C:\Program Files\dotnet\sdk\7.0.100-preview.3.22179.4
TpTrace Information: 0 : 23024, 1, 2022/12/23, 18:25:02.916, 2004824925719, vstest.console.dll, AssemblyResolver.OnResolve: DumpMinitool: Resolving assembly.
TpTrace Information: 0 : 23024, 1, 2022/12/23, 18:25:02.916, 2004824926156, vstest.console.dll, AssemblyResolver.OnResolve: DumpMinitool: Searching in: 'C:\Program Files\dotnet\sdk\7.0.100-preview.3.22179.4\Extensions'.
TpTrace Information: 0 : 23024, 1, 2022/12/23, 18:25:02.916, 2004824927276, vstest.console.dll, AssemblyResolver.OnResolve: DumpMinitool: Assembly path does not exist: 'C:\Program Files\dotnet\sdk\7.0.100-preview.3.22179.4\Extensions\DumpMinitool.dll', returning.
TpTrace Information: 0 : 23024, 1, 2022/12/23, 18:25:02.922, 2004824989661, vstest.console.dll, AssemblyResolver.OnResolve: DumpMinitool: Loading assembly 'C:\Program Files\dotnet\sdk\7.0.100-preview.3.22179.4\Extensions\DumpMinitool.exe'.
TpTrace Information: 0 : 23024, 1, 2022/12/23, 18:25:02.923, 2004824996224, vstest.console.dll, AssemblyResolver.OnResolve: Resolved assembly: DumpMinitool, from path: C:\Program Files\dotnet\sdk\7.0.100-preview.3.22179.4\Extensions\DumpMinitool.exe
TpTrace Verbose: 0 : 23024, 1, 2022/12/23, 18:25:02.926, 2004825031651, vstest.console.dll, MetadataReaderExtensionsHelper: Discovering extensions inside assembly 'DumpMinitool, Version=15.0.0.0, Culture=neutral, PublicKeyToken=b03f5f7f11d50a3a' file path 'C:\Program Files\dotnet\sdk\7.0.100-preview.3.22179.4\Extensions\DumpMinitool.exe'
TpTrace Information: 0 : 23024, 1, 2022/12/23, 18:25:02.929, 2004825054359, vstest.console.dll, AssemblyResolver.OnResolve: DumpMinitool.x86: Resolving assembly.
TpTrace Information: 0 : 23024, 1, 2022/12/23, 18:25:02.929, 2004825054883, vstest.console.dll, AssemblyResolver.OnResolve: DumpMinitool.x86: Searching in: 'C:\Program Files\dotnet\sdk\7.0.100-preview.3.22179.4\Extensions'.
TpTrace Information: 0 : 23024, 1, 2022/12/23, 18:25:02.929, 2004825055500, vstest.console.dll, AssemblyResolver.OnResolve: DumpMinitool.x86: Assembly path does not exist: 'C:\Program Files\dotnet\sdk\7.0.100-preview.3.22179.4\Extensions\DumpMinitool.x86.dll', returning.
TpTrace Information: 0 : 23024, 1, 2022/12/23, 18:25:02.929, 2004825059072, vstest.console.dll, AssemblyResolver.OnResolve: DumpMinitool.x86: Loading assembly 'C:\Program Files\dotnet\sdk\7.0.100-preview.3.22179.4\Extensions\DumpMinitool.x86.exe'.
TpTrace Information: 0 : 23024, 1, 2022/12/23, 18:25:02.929, 2004825063017, vstest.console.dll, AssemblyResolver.OnResolve: Resolved assembly: DumpMinitool.x86, from path: C:\Program Files\dotnet\sdk\7.0.100-preview.3.22179.4\Extensions\DumpMinitool.x86.exe
TpTrace Verbose: 0 : 23024, 1, 2022/12/23, 18:25:02.930, 2004825063646, vstest.console.dll, MetadataReaderExtensionsHelper: Discovering extensions inside assembly 'DumpMinitool.x86, Version=15.0.0.0, Culture=neutral, PublicKeyToken=b03f5f7f11d50a3a' file path 'C:\Program Files\dotnet\sdk\7.0.100-preview.3.22179.4\Extensions\DumpMinitool.x86.exe'
TpTrace Information: 0 : 23024, 1, 2022/12/23, 18:25:02.930, 2004825069412, vstest.console.dll, AssemblyResolver.OnResolve: Microsoft.Diagnostics.NETCore.Client: Resolving assembly.
TpTrace Information: 0 : 23024, 1, 2022/12/23, 18:25:02.930, 2004825069849, vstest.console.dll, AssemblyResolver.OnResolve: Microsoft.Diagnostics.NETCore.Client: Searching in: 'C:\Program Files\dotnet\sdk\7.0.100-preview.3.22179.4\Extensions'.
TpTrace Information: 0 : 23024, 1, 2022/12/23, 18:25:02.930, 2004825073156, vstest.console.dll, AssemblyResolver.OnResolve: Microsoft.Diagnostics.NETCore.Client: Loading assembly 'C:\Program Files\dotnet\sdk\7.0.100-preview.3.22179.4\Extensions\Microsoft.Diagnostics.NETCore.Client.dll'.
TpTrace Information: 0 : 23024, 1, 2022/12/23, 18:25:02.931, 2004825076894, vstest.console.dll, AssemblyResolver.OnResolve: Resolved assembly: Microsoft.Diagnostics.NETCore.Client, from path: C:\Program Files\dotnet\sdk\7.0.100-preview.3.22179.4\Extensions\Microsoft.Diagnostics.NETCore.Client.dll
TpTrace Verbose: 0 : 23024, 1, 2022/12/23, 18:25:02.931, 2004825077359, vstest.console.dll, MetadataReaderExtensionsHelper: Discovering extensions inside assembly 'Microsoft.Diagnostics.NETCore.Client, Version=0.2.5.801, Culture=neutral, PublicKeyToken=31bf3856ad364e35' file path 'C:\Program Files\dotnet\sdk\7.0.100-preview.3.22179.4\Extensions\Microsoft.Diagnostics.NETCore.Client.dll'
TpTrace Information: 0 : 23024, 1, 2022/12/23, 18:25:02.934, 2004825104240, vstest.console.dll, AssemblyResolver.OnResolve: Microsoft.Bcl.AsyncInterfaces: Resolving assembly.
TpTrace Information: 0 : 23024, 1, 2022/12/23, 18:25:02.934, 2004825104883, vstest.console.dll, AssemblyResolver.OnResolve: Microsoft.Bcl.AsyncInterfaces: Searching in: 'C:\Program Files\dotnet\sdk\7.0.100-preview.3.22179.4\Extensions'.
TpTrace Information: 0 : 23024, 1, 2022/12/23, 18:25:02.934, 2004825105540, vstest.console.dll, AssemblyResolver.OnResolve: Microsoft.Bcl.AsyncInterfaces: Assembly path does not exist: 'C:\Program Files\dotnet\sdk\7.0.100-preview.3.22179.4\Extensions\Microsoft.Bcl.AsyncInterfaces.dll', returning.
TpTrace Information: 0 : 23024, 1, 2022/12/23, 18:25:02.934, 2004825106006, vstest.console.dll, AssemblyResolver.OnResolve: Microsoft.Bcl.AsyncInterfaces: Assembly path does not exist: 'C:\Program Files\dotnet\sdk\7.0.100-preview.3.22179.4\Extensions\Microsoft.Bcl.AsyncInterfaces.exe', returning.
TpTrace Information: 0 : 23024, 1, 2022/12/23, 18:25:02.934, 2004825106250, vstest.console.dll, AssemblyResolver.OnResolve: Microsoft.Bcl.AsyncInterfaces: Searching in: 'C:\Program Files\dotnet\sdk\7.0.100-preview.3.22179.4'.
TpTrace Information: 0 : 23024, 1, 2022/12/23, 18:25:02.934, 2004825106675, vstest.console.dll, AssemblyResolver.OnResolve: Microsoft.Bcl.AsyncInterfaces: Assembly path does not exist: 'C:\Program Files\dotnet\sdk\7.0.100-preview.3.22179.4\Microsoft.Bcl.AsyncInterfaces.dll', returning.
TpTrace Information: 0 : 23024, 1, 2022/12/23, 18:25:02.934, 2004825107084, vstest.console.dll, AssemblyResolver.OnResolve: Microsoft.Bcl.AsyncInterfaces: Assembly path does not exist: 'C:\Program Files\dotnet\sdk\7.0.100-preview.3.22179.4\Microsoft.Bcl.AsyncInterfaces.exe', returning.
TpTrace Information: 0 : 23024, 1, 2022/12/23, 18:25:02.934, 2004825107339, vstest.console.dll, AssemblyResolver.OnResolve: Microsoft.Bcl.AsyncInterfaces: Failed to load assembly.
TpTrace Verbose: 0 : 23024, 1, 2022/12/23, 18:25:02.934, 2004825107587, vstest.console.dll, CurrentDomainAssemblyResolve: Resolving assembly 'Microsoft.Bcl.AsyncInterfaces'.
TpTrace Information: 0 : 23024, 1, 2022/12/23, 18:25:02.934, 2004825107984, vstest.console.dll, AssemblyResolver.OnResolve: Microsoft.Bcl.AsyncInterfaces: Resolving assembly.
TpTrace Information: 0 : 23024, 1, 2022/12/23, 18:25:02.934, 2004825108266, vstest.console.dll, AssemblyResolver.OnResolve: Microsoft.Bcl.AsyncInterfaces: Resolved from cache.
TpTrace Verbose: 0 : 23024, 1, 2022/12/23, 18:25:02.934, 2004825108471, vstest.console.dll, CurrentDomainAssemblyResolve: Resolving assembly 'Microsoft.Bcl.AsyncInterfaces'.
TpTrace Verbose: 0 : 23024, 1, 2022/12/23, 18:25:02.934, 2004825108719, vstest.console.dll, CurrentDomainAssemblyResolve: Failed to resolve assembly 'Microsoft.Bcl.AsyncInterfaces'.
TpTrace Verbose: 0 : 23024, 1, 2022/12/23, 18:25:02.935, 2004825113902, vstest.console.dll, CurrentDomainAssemblyResolve: Failed to resolve assembly 'Microsoft.Bcl.AsyncInterfaces'.
TpTrace Warning: 0 : 23024, 1, 2022/12/23, 18:25:02.942, 2004825192384, vstest.console.dll, TestPluginDiscoverer: Failed to get types from assembly 'Microsoft.Diagnostics.NETCore.Client, Version=0.2.5.801, Culture=neutral, PublicKeyToken=31bf3856ad364e35'. Error: System.Reflection.ReflectionTypeLoadException: Unable to load one or more of the requested types.
Could not load file or assembly 'Microsoft.Bcl.AsyncInterfaces, Version=1.0.0.0, Culture=neutral, PublicKeyToken=cc7b13ffcd2ddd51'. O sistema não pode encontrar o arquivo especificado.
   at System.Reflection.RuntimeModule.GetTypes(RuntimeModule module)
   at System.Reflection.Assembly.GetTypes()
   at Microsoft.VisualStudio.TestPlatform.Common.ExtensionFramework.TestPluginDiscoverer.GetTestExtensionsFromAssembly[TPluginInfo,TExtension](Assembly assembly, Dictionary`2 pluginInfos, String filePath)
System.IO.FileNotFoundException: Could not load file or assembly 'Microsoft.Bcl.AsyncInterfaces, Version=1.0.0.0, Culture=neutral, PublicKeyToken=cc7b13ffcd2ddd51'. O sistema não pode encontrar o arquivo especificado.
File name: 'Microsoft.Bcl.AsyncInterfaces, Version=1.0.0.0, Culture=neutral, PublicKeyToken=cc7b13ffcd2ddd51'
 ---> System.IO.FileNotFoundException: Could not load file or assembly 'Microsoft.Bcl.AsyncInterfaces, Culture=neutral, PublicKeyToken=null'. O sistema não pode encontrar o arquivo especificado.
File name: 'Microsoft.Bcl.AsyncInterfaces, Culture=neutral, PublicKeyToken=null'
   at System.Reflection.RuntimeAssembly.<InternalLoad>g____PInvoke__|48_0(ObjectHandleOnStack assemblyName, ObjectHandleOnStack requestingAssembly, StackCrawlMarkHandle stackMark, Int32 throwOnFileNotFound, ObjectHandleOnStack assemblyLoadContext, ObjectHandleOnStack retAssembly)
   at System.Reflection.RuntimeAssembly.InternalLoad(AssemblyName assemblyName, RuntimeAssembly requestingAssembly, StackCrawlMark& stackMark, Boolean throwOnFileNotFound, AssemblyLoadContext assemblyLoadContext)
   at System.Reflection.Assembly.Load(AssemblyName assemblyRef)
   at Microsoft.VisualStudio.TestPlatform.Common.ExtensionFramework.TestPluginCache.CurrentDomainAssemblyResolve(Object sender, AssemblyResolveEventArgs args)
   at System.Runtime.Loader.AssemblyLoadContext.GetFirstResolvedAssemblyFromResolvingEvent(AssemblyName assemblyName)
   at System.Runtime.Loader.AssemblyLoadContext.ResolveUsingEvent(AssemblyName assemblyName)
   at System.Runtime.Loader.AssemblyLoadContext.ResolveUsingResolvingEvent(IntPtr gchManagedAssemblyLoadContext, AssemblyName assemblyName)
TpTrace Warning: 0 : 23024, 1, 2022/12/23, 18:25:02.944, 2004825204175, vstest.console.dll, TestPluginDiscoverer: Failed to load extensions from file 'C:\Program Files\dotnet\sdk\7.0.100-preview.3.22179.4\Extensions\Microsoft.Diagnostics.NETCore.Client.dll'.  Skipping test extension scan for this file.  Error: System.ArgumentNullException: Value cannot be null. (Parameter 'type')
   at <PrivateImplementationDetails>.Throw(String paramName)
   at System.Reflection.IntrospectionExtensions.GetTypeInfo(Type type)
   at Microsoft.VisualStudio.TestPlatform.Common.ExtensionFramework.TestPluginDiscoverer.<>c__6`2.<GetTestExtensionsFromAssembly>b__6_1(Type type)
   at System.Linq.Enumerable.WhereArrayIterator`1.MoveNext()
   at System.Collections.Generic.List`1.InsertRange(Int32 index, IEnumerable`1 collection)
   at Microsoft.VisualStudio.TestPlatform.Common.ExtensionFramework.TestPluginDiscoverer.GetTestExtensionsFromAssembly[TPluginInfo,TExtension](Assembly assembly, Dictionary`2 pluginInfos, String filePath)
   at Microsoft.VisualStudio.TestPlatform.Common.ExtensionFramework.TestPluginDiscoverer.GetTestExtensionsFromFiles[TPluginInfo,TExtension](String[] files, Dictionary`2 pluginInfos)
TpTrace Information: 0 : 23024, 1, 2022/12/23, 18:25:02.944, 2004825205005, vstest.console.dll, AssemblyResolver.OnResolve: Microsoft.TestPlatform.Extensions.BlameDataCollector: Resolving assembly.
TpTrace Information: 0 : 23024, 1, 2022/12/23, 18:25:02.944, 2004825205265, vstest.console.dll, AssemblyResolver.OnResolve: Microsoft.TestPlatform.Extensions.BlameDataCollector: Searching in: 'C:\Program Files\dotnet\sdk\7.0.100-preview.3.22179.4\Extensions'.
TpTrace Information: 0 : 23024, 1, 2022/12/23, 18:25:02.944, 2004825208763, vstest.console.dll, AssemblyResolver.OnResolve: Microsoft.TestPlatform.Extensions.BlameDataCollector: Loading assembly 'C:\Program Files\dotnet\sdk\7.0.100-preview.3.22179.4\Extensions\Microsoft.TestPlatform.Extensions.BlameDataCollector.dll'.
TpTrace Information: 0 : 23024, 1, 2022/12/23, 18:25:02.944, 2004825212460, vstest.console.dll, AssemblyResolver.OnResolve: Resolved assembly: Microsoft.TestPlatform.Extensions.BlameDataCollector, from path: C:\Program Files\dotnet\sdk\7.0.100-preview.3.22179.4\Extensions\Microsoft.TestPlatform.Extensions.BlameDataCollector.dll
TpTrace Verbose: 0 : 23024, 1, 2022/12/23, 18:25:02.944, 2004825212906, vstest.console.dll, MetadataReaderExtensionsHelper: Discovering extensions inside assembly 'Microsoft.TestPlatform.Extensions.BlameDataCollector, Version=15.0.0.0, Culture=neutral, PublicKeyToken=b03f5f7f11d50a3a' file path 'C:\Program Files\dotnet\sdk\7.0.100-preview.3.22179.4\Extensions\Microsoft.TestPlatform.Extensions.BlameDataCollector.dll'
TpTrace Information: 0 : 23024, 1, 2022/12/23, 18:25:02.945, 2004825221335, vstest.console.dll, AssemblyResolver.OnResolve: Microsoft.TestPlatform.Extensions.EventLogCollector: Resolving assembly.
TpTrace Information: 0 : 23024, 1, 2022/12/23, 18:25:02.945, 2004825221742, vstest.console.dll, AssemblyResolver.OnResolve: Microsoft.TestPlatform.Extensions.EventLogCollector: Searching in: 'C:\Program Files\dotnet\sdk\7.0.100-preview.3.22179.4\Extensions'.
TpTrace Information: 0 : 23024, 1, 2022/12/23, 18:25:02.946, 2004825224541, vstest.console.dll, AssemblyResolver.OnResolve: Microsoft.TestPlatform.Extensions.EventLogCollector: Loading assembly 'C:\Program Files\dotnet\sdk\7.0.100-preview.3.22179.4\Extensions\Microsoft.TestPlatform.Extensions.EventLogCollector.dll'.
TpTrace Information: 0 : 23024, 1, 2022/12/23, 18:25:02.946, 2004825227731, vstest.console.dll, AssemblyResolver.OnResolve: Resolved assembly: Microsoft.TestPlatform.Extensions.EventLogCollector, from path: C:\Program Files\dotnet\sdk\7.0.100-preview.3.22179.4\Extensions\Microsoft.TestPlatform.Extensions.EventLogCollector.dll
TpTrace Verbose: 0 : 23024, 1, 2022/12/23, 18:25:02.946, 2004825228148, vstest.console.dll, MetadataReaderExtensionsHelper: Discovering extensions inside assembly 'Microsoft.TestPlatform.Extensions.EventLogCollector, Version=15.0.0.0, Culture=neutral, PublicKeyToken=b03f5f7f11d50a3a' file path 'C:\Program Files\dotnet\sdk\7.0.100-preview.3.22179.4\Extensions\Microsoft.TestPlatform.Extensions.EventLogCollector.dll'
TpTrace Information: 0 : 23024, 1, 2022/12/23, 18:25:02.947, 2004825238565, vstest.console.dll, AssemblyResolver.OnResolve: Microsoft.TestPlatform.TestHostRuntimeProvider: Resolving assembly.
TpTrace Information: 0 : 23024, 1, 2022/12/23, 18:25:02.947, 2004825238922, vstest.console.dll, AssemblyResolver.OnResolve: Microsoft.TestPlatform.TestHostRuntimeProvider: Searching in: 'C:\Program Files\dotnet\sdk\7.0.100-preview.3.22179.4\Extensions'.
TpTrace Information: 0 : 23024, 1, 2022/12/23, 18:25:02.947, 2004825241769, vstest.console.dll, AssemblyResolver.OnResolve: Microsoft.TestPlatform.TestHostRuntimeProvider: Loading assembly 'C:\Program Files\dotnet\sdk\7.0.100-preview.3.22179.4\Extensions\Microsoft.TestPlatform.TestHostRuntimeProvider.dll'.
TpTrace Information: 0 : 23024, 1, 2022/12/23, 18:25:02.948, 2004825245063, vstest.console.dll, AssemblyResolver.OnResolve: Resolved assembly: Microsoft.TestPlatform.TestHostRuntimeProvider, from path: C:\Program Files\dotnet\sdk\7.0.100-preview.3.22179.4\Extensions\Microsoft.TestPlatform.TestHostRuntimeProvider.dll
TpTrace Verbose: 0 : 23024, 1, 2022/12/23, 18:25:02.948, 2004825245579, vstest.console.dll, MetadataReaderExtensionsHelper: Discovering extensions inside assembly 'Microsoft.TestPlatform.TestHostRuntimeProvider, Version=15.0.0.0, Culture=neutral, PublicKeyToken=b03f5f7f11d50a3a' file path 'C:\Program Files\dotnet\sdk\7.0.100-preview.3.22179.4\Extensions\Microsoft.TestPlatform.TestHostRuntimeProvider.dll'
TpTrace Information: 0 : 23024, 1, 2022/12/23, 18:25:02.949, 2004825258829, vstest.console.dll, GetTestExtensionFromType: Register extension with identifier data 'HostProvider://DefaultTestHost' and type 'Microsoft.VisualStudio.TestPlatform.CrossPlatEngine.Hosting.DefaultTestHostManager, Microsoft.TestPlatform.TestHostRuntimeProvider, Version=15.0.0.0, Culture=neutral, PublicKeyToken=b03f5f7f11d50a3a' inside file 'C:\Program Files\dotnet\sdk\7.0.100-preview.3.22179.4\Extensions\Microsoft.TestPlatform.TestHostRuntimeProvider.dll'
TpTrace Information: 0 : 23024, 1, 2022/12/23, 18:25:02.949, 2004825259483, vstest.console.dll, GetTestExtensionFromType: Register extension with identifier data 'HostProvider://DotnetTestHost' and type 'Microsoft.VisualStudio.TestPlatform.CrossPlatEngine.Hosting.DotnetTestHostManager, Microsoft.TestPlatform.TestHostRuntimeProvider, Version=15.0.0.0, Culture=neutral, PublicKeyToken=b03f5f7f11d50a3a' inside file 'C:\Program Files\dotnet\sdk\7.0.100-preview.3.22179.4\Extensions\Microsoft.TestPlatform.TestHostRuntimeProvider.dll'
TpTrace Information: 0 : 23024, 1, 2022/12/23, 18:25:02.949, 2004825259982, vstest.console.dll, AssemblyResolver.OnResolve: Microsoft.VisualStudio.TestPlatform.Extensions.Html.TestLogger: Resolving assembly.
TpTrace Information: 0 : 23024, 1, 2022/12/23, 18:25:02.949, 2004825260221, vstest.console.dll, AssemblyResolver.OnResolve: Microsoft.VisualStudio.TestPlatform.Extensions.Html.TestLogger: Searching in: 'C:\Program Files\dotnet\sdk\7.0.100-preview.3.22179.4\Extensions'.
TpTrace Information: 0 : 23024, 1, 2022/12/23, 18:25:02.949, 2004825263187, vstest.console.dll, AssemblyResolver.OnResolve: Microsoft.VisualStudio.TestPlatform.Extensions.Html.TestLogger: Loading assembly 'C:\Program Files\dotnet\sdk\7.0.100-preview.3.22179.4\Extensions\Microsoft.VisualStudio.TestPlatform.Extensions.Html.TestLogger.dll'.
TpTrace Information: 0 : 23024, 1, 2022/12/23, 18:25:02.950, 2004825266620, vstest.console.dll, AssemblyResolver.OnResolve: Resolved assembly: Microsoft.VisualStudio.TestPlatform.Extensions.Html.TestLogger, from path: C:\Program Files\dotnet\sdk\7.0.100-preview.3.22179.4\Extensions\Microsoft.VisualStudio.TestPlatform.Extensions.Html.TestLogger.dll
TpTrace Verbose: 0 : 23024, 1, 2022/12/23, 18:25:02.950, 2004825267046, vstest.console.dll, MetadataReaderExtensionsHelper: Discovering extensions inside assembly 'Microsoft.VisualStudio.TestPlatform.Extensions.Html.TestLogger, Version=15.0.0.0, Culture=neutral, PublicKeyToken=b03f5f7f11d50a3a' file path 'C:\Program Files\dotnet\sdk\7.0.100-preview.3.22179.4\Extensions\Microsoft.VisualStudio.TestPlatform.Extensions.Html.TestLogger.dll'
TpTrace Information: 0 : 23024, 1, 2022/12/23, 18:25:02.950, 2004825271496, vstest.console.dll, AssemblyResolver.OnResolve: Microsoft.VisualStudio.TestPlatform.Extensions.Trx.TestLogger: Resolving assembly.
TpTrace Information: 0 : 23024, 1, 2022/12/23, 18:25:02.950, 2004825271863, vstest.console.dll, AssemblyResolver.OnResolve: Microsoft.VisualStudio.TestPlatform.Extensions.Trx.TestLogger: Searching in: 'C:\Program Files\dotnet\sdk\7.0.100-preview.3.22179.4\Extensions'.
TpTrace Information: 0 : 23024, 1, 2022/12/23, 18:25:02.951, 2004825274745, vstest.console.dll, AssemblyResolver.OnResolve: Microsoft.VisualStudio.TestPlatform.Extensions.Trx.TestLogger: Loading assembly 'C:\Program Files\dotnet\sdk\7.0.100-preview.3.22179.4\Extensions\Microsoft.VisualStudio.TestPlatform.Extensions.Trx.TestLogger.dll'.
TpTrace Information: 0 : 23024, 1, 2022/12/23, 18:25:02.951, 2004825278381, vstest.console.dll, AssemblyResolver.OnResolve: Resolved assembly: Microsoft.VisualStudio.TestPlatform.Extensions.Trx.TestLogger, from path: C:\Program Files\dotnet\sdk\7.0.100-preview.3.22179.4\Extensions\Microsoft.VisualStudio.TestPlatform.Extensions.Trx.TestLogger.dll
TpTrace Verbose: 0 : 23024, 1, 2022/12/23, 18:25:02.951, 2004825278812, vstest.console.dll, MetadataReaderExtensionsHelper: Discovering extensions inside assembly 'Microsoft.VisualStudio.TestPlatform.Extensions.Trx.TestLogger, Version=15.0.0.0, Culture=neutral, PublicKeyToken=b03f5f7f11d50a3a' file path 'C:\Program Files\dotnet\sdk\7.0.100-preview.3.22179.4\Extensions\Microsoft.VisualStudio.TestPlatform.Extensions.Trx.TestLogger.dll'
TpTrace Verbose: 0 : 23024, 1, 2022/12/23, 18:25:02.952, 2004825285375, vstest.console.dll, TestPluginCache: Discovered the extensions using extension path ''.
TpTrace Verbose: 0 : 23024, 1, 2022/12/23, 18:25:02.952, 2004825285775, vstest.console.dll, TestPluginCache: Discoverers are ''.
TpTrace Verbose: 0 : 23024, 1, 2022/12/23, 18:25:02.952, 2004825285961, vstest.console.dll, TestPluginCache: Executors are ''.
TpTrace Verbose: 0 : 23024, 1, 2022/12/23, 18:25:02.952, 2004825286154, vstest.console.dll, TestPluginCache: Executors2 are ''.
TpTrace Verbose: 0 : 23024, 1, 2022/12/23, 18:25:02.952, 2004825286332, vstest.console.dll, TestPluginCache: Setting providers are ''.
TpTrace Verbose: 0 : 23024, 1, 2022/12/23, 18:25:02.952, 2004825286491, vstest.console.dll, TestPluginCache: Loggers are ''.
TpTrace Verbose: 0 : 23024, 1, 2022/12/23, 18:25:02.952, 2004825287538, vstest.console.dll, TestPluginCache: TestHosts are 'HostProvider://DefaultTestHost,HostProvider://DotnetTestHost'.
TpTrace Verbose: 0 : 23024, 1, 2022/12/23, 18:25:02.952, 2004825287810, vstest.console.dll, TestPluginCache: DataCollectors are ''.
TpTrace Information: 0 : 23024, 1, 2022/12/23, 18:25:02.960, 2004825368271, vstest.console.dll, RunTestsArgumentProcessor:Execute: Test run is starting.
TpTrace Verbose: 0 : 23024, 1, 2022/12/23, 18:25:02.960, 2004825368928, vstest.console.dll, RunTestsArgumentProcessor:Execute: Queuing Test run.
TpTrace Information: 0 : 23024, 1, 2022/12/23, 18:25:02.960, 2004825370245, vstest.console.dll, TestRequestManager.RunTests: run tests started.
TpTrace Information: 0 : 23024, 1, 2022/12/23, 18:25:02.961, 2004825381368, vstest.console.dll, AssemblyMetadataProvider.GetFrameWork: Determined framework:'.NETCoreApp,Version=v6.0' for source: 'F:\Projetos ASP.NET\Curso Testes\TestesDeSoftware\01 - Testes de Unidades\Demo.Teste\bin\Release\net6.0\fine-code-coverage\build-output\Demo.Teste.dll'
TpTrace Information: 0 : 23024, 1, 2022/12/23, 18:25:02.961, 2004825382245, vstest.console.dll, Determined framework for all sources: .NETCoreApp,Version=v6.0
TpTrace Verbose: 0 : 23024, 1, 2022/12/23, 18:25:02.962, 2004825383763, vstest.console.dll, TestRequestManager.UpdateRunSettingsIfRequired: Default architecture: X64 IsDefaultTargetArchitecture: True, Current process architecture: X64.
TpTrace Information: 0 : 23024, 1, 2022/12/23, 18:25:02.962, 2004825386565, vstest.console.dll, AssemblyMetadataProvider.GetArchitecture: Determined architecture:AnyCPU info for assembly: F:\Projetos ASP.NET\Curso Testes\TestesDeSoftware\01 - Testes de Unidades\Demo.Teste\bin\Release\net6.0\fine-code-coverage\build-output\Demo.Teste.dll
TpTrace Information: 0 : 23024, 1, 2022/12/23, 18:25:02.962, 2004825386871, vstest.console.dll, Determined platform for source 'F:\Projetos ASP.NET\Curso Testes\TestesDeSoftware\01 - Testes de Unidades\Demo.Teste\bin\Release\net6.0\fine-code-coverage\build-output\Demo.Teste.dll' is 'AnyCPU'
TpTrace Information: 0 : 23024, 1, 2022/12/23, 18:25:02.963, 2004825400625, vstest.console.dll, Determined platform for all sources: X64
TpTrace Information: 0 : 23024, 1, 2022/12/23, 18:25:02.963, 2004825401037, vstest.console.dll, Infered platform 'X64'.
TpTrace Information: 0 : 23024, 1, 2022/12/23, 18:25:02.963, 2004825401249, vstest.console.dll, Platform update to 'X64' required.
TpTrace Information: 0 : 23024, 1, 2022/12/23, 18:25:02.965, 2004825420383, vstest.console.dll, Compatible sources list: 
TpTrace Information: 0 : 23024, 1, 2022/12/23, 18:25:02.965, 2004825420797, vstest.console.dll, F:\Projetos ASP.NET\Curso Testes\TestesDeSoftware\01 - Testes de Unidades\Demo.Teste\bin\Release\net6.0\fine-code-coverage\build-output\Demo.Teste.dll
TpTrace Information: 0 : 23024, 1, 2022/12/23, 18:25:02.967, 2004825437106, vstest.console.dll, InferRunSettingsHelper.IsTestSettingsEnabled: Unable to navigate to RunSettings/MSTest. Current node: RunSettings
TpTrace Information: 0 : 23024, 1, 2022/12/23, 18:25:02.967, 2004825441283, vstest.console.dll, AssemblyResolver.OnResolve: Microsoft.VisualStudio.TestPlatform.Fakes: Resolving assembly.
TpTrace Information: 0 : 23024, 1, 2022/12/23, 18:25:02.967, 2004825441635, vstest.console.dll, AssemblyResolver.OnResolve: Microsoft.VisualStudio.TestPlatform.Fakes: Searching in: 'C:\Program Files\dotnet\sdk\7.0.100-preview.3.22179.4\Extensions'.
TpTrace Information: 0 : 23024, 1, 2022/12/23, 18:25:02.967, 2004825442353, vstest.console.dll, AssemblyResolver.OnResolve: Microsoft.VisualStudio.TestPlatform.Fakes: Assembly path does not exist: 'C:\Program Files\dotnet\sdk\7.0.100-preview.3.22179.4\Extensions\Microsoft.VisualStudio.TestPlatform.Fakes.dll', returning.
TpTrace Information: 0 : 23024, 1, 2022/12/23, 18:25:02.967, 2004825442838, vstest.console.dll, AssemblyResolver.OnResolve: Microsoft.VisualStudio.TestPlatform.Fakes: Assembly path does not exist: 'C:\Program Files\dotnet\sdk\7.0.100-preview.3.22179.4\Extensions\Microsoft.VisualStudio.TestPlatform.Fakes.exe', returning.
TpTrace Information: 0 : 23024, 1, 2022/12/23, 18:25:02.967, 2004825443458, vstest.console.dll, AssemblyResolver.OnResolve: Microsoft.VisualStudio.TestPlatform.Fakes: Searching in: 'C:\Program Files\dotnet\sdk\7.0.100-preview.3.22179.4'.
TpTrace Information: 0 : 23024, 1, 2022/12/23, 18:25:02.968, 2004825443983, vstest.console.dll, AssemblyResolver.OnResolve: Microsoft.VisualStudio.TestPlatform.Fakes: Assembly path does not exist: 'C:\Program Files\dotnet\sdk\7.0.100-preview.3.22179.4\Microsoft.VisualStudio.TestPlatform.Fakes.dll', returning.
TpTrace Information: 0 : 23024, 1, 2022/12/23, 18:25:02.968, 2004825444422, vstest.console.dll, AssemblyResolver.OnResolve: Microsoft.VisualStudio.TestPlatform.Fakes: Assembly path does not exist: 'C:\Program Files\dotnet\sdk\7.0.100-preview.3.22179.4\Microsoft.VisualStudio.TestPlatform.Fakes.exe', returning.
TpTrace Information: 0 : 23024, 1, 2022/12/23, 18:25:02.968, 2004825444625, vstest.console.dll, AssemblyResolver.OnResolve: Microsoft.VisualStudio.TestPlatform.Fakes: Failed to load assembly.
TpTrace Information: 0 : 23024, 1, 2022/12/23, 18:25:02.968, 2004825446781, vstest.console.dll, Failed to load assembly Microsoft.VisualStudio.TestPlatform.Fakes, Version=17.0.0.0, Culture=neutral. Reason:System.IO.FileNotFoundException: Could not load file or assembly 'Microsoft.VisualStudio.TestPlatform.Fakes, Version=17.0.0.0, Culture=neutral, PublicKeyToken=null'. O sistema não pode encontrar o arquivo especificado.
File name: 'Microsoft.VisualStudio.TestPlatform.Fakes, Version=17.0.0.0, Culture=neutral, PublicKeyToken=null'
   at System.Reflection.RuntimeAssembly.<InternalLoad>g____PInvoke__|48_0(ObjectHandleOnStack assemblyName, ObjectHandleOnStack requestingAssembly, StackCrawlMarkHandle stackMark, Int32 throwOnFileNotFound, ObjectHandleOnStack assemblyLoadContext, ObjectHandleOnStack retAssembly)
   at System.Reflection.RuntimeAssembly.InternalLoad(AssemblyName assemblyName, RuntimeAssembly requestingAssembly, StackCrawlMark& stackMark, Boolean throwOnFileNotFound, AssemblyLoadContext assemblyLoadContext)
   at System.Reflection.Assembly.Load(AssemblyName assemblyRef)
   at Microsoft.VisualStudio.TestPlatform.Common.Utilities.FakesUtilities.LoadTestPlatformAssembly()
TpTrace Verbose: 0 : 23024, 1, 2022/12/23, 18:25:02.970, 2004825469576, vstest.console.dll, TestPluginCache.DiscoverTestExtensions: finding test extensions in assemblies ends with: TestLogger.dll TPluginInfo: Microsoft.VisualStudio.TestPlatform.Common.ExtensionFramework.Utilities.TestLoggerPluginInformation TExtension: Microsoft.VisualStudio.TestPlatform.ObjectModel.Client.ITestLogger
TpTrace Verbose: 0 : 23024, 1, 2022/12/23, 18:25:02.970, 2004825470113, vstest.console.dll, TestPluginCache.GetExtensionPaths: Filtered extension paths: 
TpTrace Verbose: 0 : 23024, 1, 2022/12/23, 18:25:02.970, 2004825470335, vstest.console.dll, TestPluginCache.GetExtensionPaths: Added default extension paths: C:\Program Files\dotnet\sdk\7.0.100-preview.3.22179.4\Extensions\DumpMinitool.exe
C:\Program Files\dotnet\sdk\7.0.100-preview.3.22179.4\Extensions\DumpMinitool.x86.exe
C:\Program Files\dotnet\sdk\7.0.100-preview.3.22179.4\Extensions\Microsoft.Diagnostics.NETCore.Client.dll
C:\Program Files\dotnet\sdk\7.0.100-preview.3.22179.4\Extensions\Microsoft.TestPlatform.Extensions.BlameDataCollector.dll
C:\Program Files\dotnet\sdk\7.0.100-preview.3.22179.4\Extensions\Microsoft.TestPlatform.Extensions.EventLogCollector.dll
C:\Program Files\dotnet\sdk\7.0.100-preview.3.22179.4\Extensions\Microsoft.TestPlatform.TestHostRuntimeProvider.dll
C:\Program Files\dotnet\sdk\7.0.100-preview.3.22179.4\Extensions\Microsoft.VisualStudio.TestPlatform.Extensions.Html.TestLogger.dll
C:\Program Files\dotnet\sdk\7.0.100-preview.3.22179.4\Extensions\Microsoft.VisualStudio.TestPlatform.Extensions.Trx.TestLogger.dll
TpTrace Verbose: 0 : 23024, 1, 2022/12/23, 18:25:02.970, 2004825470577, vstest.console.dll, TestPluginCache.GetExtensionPaths: Added unfilterableExtensionPaths: 
TpTrace Information: 0 : 23024, 1, 2022/12/23, 18:25:02.970, 2004825471495, vstest.console.dll, AssemblyResolver.AddSearchDirectories: Adding more searchDirectories C:\Program Files\dotnet\sdk\7.0.100-preview.3.22179.4\Extensions,C:\Program Files\dotnet\sdk\7.0.100-preview.3.22179.4
TpTrace Verbose: 0 : 23024, 1, 2022/12/23, 18:25:02.970, 2004825471821, vstest.console.dll, TestPluginCache.DiscoverTestExtensions: Discovering the extensions using extension path.
TpTrace Verbose: 0 : 23024, 1, 2022/12/23, 18:25:02.970, 2004825472040, vstest.console.dll, TestPluginCache.GetExtensionPaths: Filtered extension paths: 
TpTrace Verbose: 0 : 23024, 1, 2022/12/23, 18:25:02.970, 2004825472244, vstest.console.dll, TestPluginCache.GetExtensionPaths: Added default extension paths: C:\Program Files\dotnet\sdk\7.0.100-preview.3.22179.4\Extensions\DumpMinitool.exe
C:\Program Files\dotnet\sdk\7.0.100-preview.3.22179.4\Extensions\DumpMinitool.x86.exe
C:\Program Files\dotnet\sdk\7.0.100-preview.3.22179.4\Extensions\Microsoft.Diagnostics.NETCore.Client.dll
C:\Program Files\dotnet\sdk\7.0.100-preview.3.22179.4\Extensions\Microsoft.TestPlatform.Extensions.BlameDataCollector.dll
C:\Program Files\dotnet\sdk\7.0.100-preview.3.22179.4\Extensions\Microsoft.TestPlatform.Extensions.EventLogCollector.dll
C:\Program Files\dotnet\sdk\7.0.100-preview.3.22179.4\Extensions\Microsoft.TestPlatform.TestHostRuntimeProvider.dll
C:\Program Files\dotnet\sdk\7.0.100-preview.3.22179.4\Extensions\Microsoft.VisualStudio.TestPlatform.Extensions.Html.TestLogger.dll
C:\Program Files\dotnet\sdk\7.0.100-preview.3.22179.4\Extensions\Microsoft.VisualStudio.TestPlatform.Extensions.Trx.TestLogger.dll
TpTrace Verbose: 0 : 23024, 1, 2022/12/23, 18:25:02.970, 2004825472443, vstest.console.dll, TestPluginCache.GetExtensionPaths: Added unfilterableExtensionPaths: 
TpTrace Verbose: 0 : 23024, 1, 2022/12/23, 18:25:02.970, 2004825472643, vstest.console.dll, TestPluginCache.DiscoverTestExtensions: Discovering the extensions using allExtensionPaths: C:\Program Files\dotnet\sdk\7.0.100-preview.3.22179.4\Extensions\DumpMinitool.exe
C:\Program Files\dotnet\sdk\7.0.100-preview.3.22179.4\Extensions\DumpMinitool.x86.exe
C:\Program Files\dotnet\sdk\7.0.100-preview.3.22179.4\Extensions\Microsoft.Diagnostics.NETCore.Client.dll
C:\Program Files\dotnet\sdk\7.0.100-preview.3.22179.4\Extensions\Microsoft.TestPlatform.Extensions.BlameDataCollector.dll
C:\Program Files\dotnet\sdk\7.0.100-preview.3.22179.4\Extensions\Microsoft.TestPlatform.Extensions.EventLogCollector.dll
C:\Program Files\dotnet\sdk\7.0.100-preview.3.22179.4\Extensions\Microsoft.TestPlatform.TestHostRuntimeProvider.dll
C:\Program Files\dotnet\sdk\7.0.100-preview.3.22179.4\Extensions\Microsoft.VisualStudio.TestPlatform.Extensions.Html.TestLogger.dll
C:\Program Files\dotnet\sdk\7.0.100-preview.3.22179.4\Extensions\Microsoft.VisualStudio.TestPlatform.Extensions.Trx.TestLogger.dll
TpTrace Information: 0 : 23024, 1, 2022/12/23, 18:25:02.970, 2004825472994, vstest.console.dll, AssemblyResolver.AddSearchDirectories: Adding more searchDirectories C:\Program Files\dotnet\sdk\7.0.100-preview.3.22179.4\Extensions,C:\Program Files\dotnet\sdk\7.0.100-preview.3.22179.4
TpTrace Information: 0 : 23024, 1, 2022/12/23, 18:25:02.970, 2004825473225, vstest.console.dll, AssemblyResolver.AddSearchDirectories: Adding more searchDirectories C:\Program Files\dotnet\sdk\7.0.100-preview.3.22179.4\Extensions,C:\Program Files\dotnet\sdk\7.0.100-preview.3.22179.4
TpTrace Information: 0 : 23024, 1, 2022/12/23, 18:25:02.970, 2004825473416, vstest.console.dll, AssemblyResolver.AddSearchDirectories: Adding more searchDirectories C:\Program Files\dotnet\sdk\7.0.100-preview.3.22179.4\Extensions,C:\Program Files\dotnet\sdk\7.0.100-preview.3.22179.4
TpTrace Information: 0 : 23024, 1, 2022/12/23, 18:25:02.971, 2004825473624, vstest.console.dll, AssemblyResolver.AddSearchDirectories: Adding more searchDirectories C:\Program Files\dotnet\sdk\7.0.100-preview.3.22179.4\Extensions,C:\Program Files\dotnet\sdk\7.0.100-preview.3.22179.4
TpTrace Information: 0 : 23024, 1, 2022/12/23, 18:25:02.971, 2004825473830, vstest.console.dll, AssemblyResolver.AddSearchDirectories: Adding more searchDirectories C:\Program Files\dotnet\sdk\7.0.100-preview.3.22179.4\Extensions,C:\Program Files\dotnet\sdk\7.0.100-preview.3.22179.4
TpTrace Information: 0 : 23024, 1, 2022/12/23, 18:25:02.971, 2004825474029, vstest.console.dll, AssemblyResolver.AddSearchDirectories: Adding more searchDirectories C:\Program Files\dotnet\sdk\7.0.100-preview.3.22179.4\Extensions,C:\Program Files\dotnet\sdk\7.0.100-preview.3.22179.4
TpTrace Information: 0 : 23024, 1, 2022/12/23, 18:25:02.971, 2004825474238, vstest.console.dll, AssemblyResolver.AddSearchDirectories: Adding more searchDirectories C:\Program Files\dotnet\sdk\7.0.100-preview.3.22179.4\Extensions,C:\Program Files\dotnet\sdk\7.0.100-preview.3.22179.4
TpTrace Information: 0 : 23024, 1, 2022/12/23, 18:25:02.971, 2004825474425, vstest.console.dll, AssemblyResolver.AddSearchDirectories: Adding more searchDirectories C:\Program Files\dotnet\sdk\7.0.100-preview.3.22179.4\Extensions,C:\Program Files\dotnet\sdk\7.0.100-preview.3.22179.4
TpTrace Verbose: 0 : 23024, 1, 2022/12/23, 18:25:02.971, 2004825475169, vstest.console.dll, MetadataReaderExtensionsHelper: Discovering extensions inside assembly 'DumpMinitool, Version=15.0.0.0, Culture=neutral, PublicKeyToken=b03f5f7f11d50a3a' file path 'C:\Program Files\dotnet\sdk\7.0.100-preview.3.22179.4\Extensions\DumpMinitool.exe'
TpTrace Verbose: 0 : 23024, 1, 2022/12/23, 18:25:02.971, 2004825479300, vstest.console.dll, MetadataReaderExtensionsHelper: Discovering extensions inside assembly 'DumpMinitool.x86, Version=15.0.0.0, Culture=neutral, PublicKeyToken=b03f5f7f11d50a3a' file path 'C:\Program Files\dotnet\sdk\7.0.100-preview.3.22179.4\Extensions\DumpMinitool.x86.exe'
TpTrace Verbose: 0 : 23024, 1, 2022/12/23, 18:25:02.971, 2004825482292, vstest.console.dll, MetadataReaderExtensionsHelper: Discovering extensions inside assembly 'Microsoft.Diagnostics.NETCore.Client, Version=0.2.5.801, Culture=neutral, PublicKeyToken=31bf3856ad364e35' file path 'C:\Program Files\dotnet\sdk\7.0.100-preview.3.22179.4\Extensions\Microsoft.Diagnostics.NETCore.Client.dll'
TpTrace Information: 0 : 23024, 1, 2022/12/23, 18:25:02.972, 2004825485623, vstest.console.dll, AssemblyResolver.OnResolve: Microsoft.Bcl.AsyncInterfaces: Resolving assembly.
TpTrace Information: 0 : 23024, 1, 2022/12/23, 18:25:02.972, 2004825485934, vstest.console.dll, AssemblyResolver.OnResolve: Microsoft.Bcl.AsyncInterfaces: Resolved from cache.
TpTrace Verbose: 0 : 23024, 1, 2022/12/23, 18:25:02.972, 2004825486118, vstest.console.dll, CurrentDomainAssemblyResolve: Resolving assembly 'Microsoft.Bcl.AsyncInterfaces'.
TpTrace Information: 0 : 23024, 1, 2022/12/23, 18:25:02.972, 2004825486440, vstest.console.dll, AssemblyResolver.OnResolve: Microsoft.Bcl.AsyncInterfaces: Resolving assembly.
TpTrace Information: 0 : 23024, 1, 2022/12/23, 18:25:02.972, 2004825486638, vstest.console.dll, AssemblyResolver.OnResolve: Microsoft.Bcl.AsyncInterfaces: Resolved from cache.
TpTrace Verbose: 0 : 23024, 1, 2022/12/23, 18:25:02.972, 2004825486800, vstest.console.dll, CurrentDomainAssemblyResolve: Resolving assembly 'Microsoft.Bcl.AsyncInterfaces'.
TpTrace Verbose: 0 : 23024, 1, 2022/12/23, 18:25:02.972, 2004825486986, vstest.console.dll, CurrentDomainAssemblyResolve: Failed to resolve assembly 'Microsoft.Bcl.AsyncInterfaces'.
TpTrace Verbose: 0 : 23024, 1, 2022/12/23, 18:25:02.972, 2004825487915, vstest.console.dll, CurrentDomainAssemblyResolve: Failed to resolve assembly 'Microsoft.Bcl.AsyncInterfaces'.
TpTrace Warning: 0 : 23024, 1, 2022/12/23, 18:25:02.972, 2004825490134, vstest.console.dll, TestPluginDiscoverer: Failed to get types from assembly 'Microsoft.Diagnostics.NETCore.Client, Version=0.2.5.801, Culture=neutral, PublicKeyToken=31bf3856ad364e35'. Error: System.Reflection.ReflectionTypeLoadException: Unable to load one or more of the requested types.
Could not load file or assembly 'Microsoft.Bcl.AsyncInterfaces, Version=1.0.0.0, Culture=neutral, PublicKeyToken=cc7b13ffcd2ddd51'. O sistema não pode encontrar o arquivo especificado.
   at System.Reflection.RuntimeModule.GetTypes(RuntimeModule module)
   at System.Reflection.Assembly.GetTypes()
   at Microsoft.VisualStudio.TestPlatform.Common.ExtensionFramework.TestPluginDiscoverer.GetTestExtensionsFromAssembly[TPluginInfo,TExtension](Assembly assembly, Dictionary`2 pluginInfos, String filePath)
System.IO.FileNotFoundException: Could not load file or assembly 'Microsoft.Bcl.AsyncInterfaces, Version=1.0.0.0, Culture=neutral, PublicKeyToken=cc7b13ffcd2ddd51'. O sistema não pode encontrar o arquivo especificado.
File name: 'Microsoft.Bcl.AsyncInterfaces, Version=1.0.0.0, Culture=neutral, PublicKeyToken=cc7b13ffcd2ddd51'
 ---> System.IO.FileNotFoundException: Could not load file or assembly 'Microsoft.Bcl.AsyncInterfaces, Culture=neutral, PublicKeyToken=null'. O sistema não pode encontrar o arquivo especificado.
File name: 'Microsoft.Bcl.AsyncInterfaces, Culture=neutral, PublicKeyToken=null'
   at System.Reflection.RuntimeAssembly.<InternalLoad>g____PInvoke__|48_0(ObjectHandleOnStack assemblyName, ObjectHandleOnStack requestingAssembly, StackCrawlMarkHandle stackMark, Int32 throwOnFileNotFound, ObjectHandleOnStack assemblyLoadContext, ObjectHandleOnStack retAssembly)
   at System.Reflection.RuntimeAssembly.InternalLoad(AssemblyName assemblyName, RuntimeAssembly requestingAssembly, StackCrawlMark& stackMark, Boolean throwOnFileNotFound, AssemblyLoadContext assemblyLoadContext)
   at System.Reflection.Assembly.Load(AssemblyName assemblyRef)
   at Microsoft.VisualStudio.TestPlatform.Common.ExtensionFramework.TestPluginCache.CurrentDomainAssemblyResolve(Object sender, AssemblyResolveEventArgs args)
   at System.Runtime.Loader.AssemblyLoadContext.GetFirstResolvedAssemblyFromResolvingEvent(AssemblyName assemblyName)
   at System.Runtime.Loader.AssemblyLoadContext.ResolveUsingEvent(AssemblyName assemblyName)
   at System.Runtime.Loader.AssemblyLoadContext.ResolveUsingResolvingEvent(IntPtr gchManagedAssemblyLoadContext, AssemblyName assemblyName)
TpTrace Warning: 0 : 23024, 1, 2022/12/23, 18:25:02.972, 2004825491475, vstest.console.dll, TestPluginDiscoverer: Failed to load extensions from file 'C:\Program Files\dotnet\sdk\7.0.100-preview.3.22179.4\Extensions\Microsoft.Diagnostics.NETCore.Client.dll'.  Skipping test extension scan for this file.  Error: System.ArgumentNullException: Value cannot be null. (Parameter 'type')
   at <PrivateImplementationDetails>.Throw(String paramName)
   at System.Reflection.IntrospectionExtensions.GetTypeInfo(Type type)
   at Microsoft.VisualStudio.TestPlatform.Common.ExtensionFramework.TestPluginDiscoverer.<>c__6`2.<GetTestExtensionsFromAssembly>b__6_1(Type type)
   at System.Linq.Enumerable.WhereArrayIterator`1.MoveNext()
   at System.Collections.Generic.List`1.InsertRange(Int32 index, IEnumerable`1 collection)
   at Microsoft.VisualStudio.TestPlatform.Common.ExtensionFramework.TestPluginDiscoverer.GetTestExtensionsFromAssembly[TPluginInfo,TExtension](Assembly assembly, Dictionary`2 pluginInfos, String filePath)
   at Microsoft.VisualStudio.TestPlatform.Common.ExtensionFramework.TestPluginDiscoverer.GetTestExtensionsFromFiles[TPluginInfo,TExtension](String[] files, Dictionary`2 pluginInfos)
TpTrace Verbose: 0 : 23024, 1, 2022/12/23, 18:25:02.972, 2004825491937, vstest.console.dll, MetadataReaderExtensionsHelper: Discovering extensions inside assembly 'Microsoft.TestPlatform.Extensions.BlameDataCollector, Version=15.0.0.0, Culture=neutral, PublicKeyToken=b03f5f7f11d50a3a' file path 'C:\Program Files\dotnet\sdk\7.0.100-preview.3.22179.4\Extensions\Microsoft.TestPlatform.Extensions.BlameDataCollector.dll'
TpTrace Information: 0 : 23024, 1, 2022/12/23, 18:25:02.973, 2004825495470, vstest.console.dll, GetTestExtensionFromType: Register extension with identifier data 'logger://Microsoft/TestPlatform/Extensions/Blame/v1' and type 'Microsoft.TestPlatform.Extensions.BlameDataCollector.BlameLogger, Microsoft.TestPlatform.Extensions.BlameDataCollector, Version=15.0.0.0, Culture=neutral, PublicKeyToken=b03f5f7f11d50a3a' inside file 'C:\Program Files\dotnet\sdk\7.0.100-preview.3.22179.4\Extensions\Microsoft.TestPlatform.Extensions.BlameDataCollector.dll'
TpTrace Verbose: 0 : 23024, 1, 2022/12/23, 18:25:02.973, 2004825496362, vstest.console.dll, MetadataReaderExtensionsHelper: Discovering extensions inside assembly 'Microsoft.TestPlatform.Extensions.EventLogCollector, Version=15.0.0.0, Culture=neutral, PublicKeyToken=b03f5f7f11d50a3a' file path 'C:\Program Files\dotnet\sdk\7.0.100-preview.3.22179.4\Extensions\Microsoft.TestPlatform.Extensions.EventLogCollector.dll'
TpTrace Verbose: 0 : 23024, 1, 2022/12/23, 18:25:02.973, 2004825501177, vstest.console.dll, MetadataReaderExtensionsHelper: Discovering extensions inside assembly 'Microsoft.TestPlatform.TestHostRuntimeProvider, Version=15.0.0.0, Culture=neutral, PublicKeyToken=b03f5f7f11d50a3a' file path 'C:\Program Files\dotnet\sdk\7.0.100-preview.3.22179.4\Extensions\Microsoft.TestPlatform.TestHostRuntimeProvider.dll'
TpTrace Verbose: 0 : 23024, 1, 2022/12/23, 18:25:02.974, 2004825505042, vstest.console.dll, MetadataReaderExtensionsHelper: Discovering extensions inside assembly 'Microsoft.VisualStudio.TestPlatform.Extensions.Html.TestLogger, Version=15.0.0.0, Culture=neutral, PublicKeyToken=b03f5f7f11d50a3a' file path 'C:\Program Files\dotnet\sdk\7.0.100-preview.3.22179.4\Extensions\Microsoft.VisualStudio.TestPlatform.Extensions.Html.TestLogger.dll'
TpTrace Information: 0 : 23024, 1, 2022/12/23, 18:25:02.974, 2004825508617, vstest.console.dll, GetTestExtensionFromType: Register extension with identifier data 'logger://Microsoft/TestPlatform/HtmlLogger/v1' and type 'Microsoft.VisualStudio.TestPlatform.Extensions.HtmlLogger.HtmlLogger, Microsoft.VisualStudio.TestPlatform.Extensions.Html.TestLogger, Version=15.0.0.0, Culture=neutral, PublicKeyToken=b03f5f7f11d50a3a' inside file 'C:\Program Files\dotnet\sdk\7.0.100-preview.3.22179.4\Extensions\Microsoft.VisualStudio.TestPlatform.Extensions.Html.TestLogger.dll'
TpTrace Verbose: 0 : 23024, 1, 2022/12/23, 18:25:02.974, 2004825509124, vstest.console.dll, MetadataReaderExtensionsHelper: Discovering extensions inside assembly 'Microsoft.VisualStudio.TestPlatform.Extensions.Trx.TestLogger, Version=15.0.0.0, Culture=neutral, PublicKeyToken=b03f5f7f11d50a3a' file path 'C:\Program Files\dotnet\sdk\7.0.100-preview.3.22179.4\Extensions\Microsoft.VisualStudio.TestPlatform.Extensions.Trx.TestLogger.dll'
TpTrace Information: 0 : 23024, 1, 2022/12/23, 18:25:02.974, 2004825512733, vstest.console.dll, GetTestExtensionFromType: Register extension with identifier data 'logger://Microsoft/TestPlatform/TrxLogger/v1' and type 'Microsoft.VisualStudio.TestPlatform.Extensions.TrxLogger.TrxLogger, Microsoft.VisualStudio.TestPlatform.Extensions.Trx.TestLogger, Version=15.0.0.0, Culture=neutral, PublicKeyToken=b03f5f7f11d50a3a' inside file 'C:\Program Files\dotnet\sdk\7.0.100-preview.3.22179.4\Extensions\Microsoft.VisualStudio.TestPlatform.Extensions.Trx.TestLogger.dll'
TpTrace Verbose: 0 : 23024, 1, 2022/12/23, 18:25:02.974, 2004825513243, vstest.console.dll, TestPluginCache: Discovered the extensions using extension path ''.
TpTrace Verbose: 0 : 23024, 1, 2022/12/23, 18:25:02.974, 2004825513450, vstest.console.dll, TestPluginCache: Discoverers are ''.
TpTrace Verbose: 0 : 23024, 1, 2022/12/23, 18:25:02.975, 2004825513606, vstest.console.dll, TestPluginCache: Executors are ''.
TpTrace Verbose: 0 : 23024, 1, 2022/12/23, 18:25:02.975, 2004825513840, vstest.console.dll, TestPluginCache: Executors2 are ''.
TpTrace Verbose: 0 : 23024, 1, 2022/12/23, 18:25:02.975, 2004825513989, vstest.console.dll, TestPluginCache: Setting providers are ''.
TpTrace Verbose: 0 : 23024, 1, 2022/12/23, 18:25:02.975, 2004825514497, vstest.console.dll, TestPluginCache: Loggers are 'logger://Microsoft/TestPlatform/Extensions/Blame/v1,logger://Microsoft/TestPlatform/HtmlLogger/v1,logger://Microsoft/TestPlatform/TrxLogger/v1'.
TpTrace Verbose: 0 : 23024, 1, 2022/12/23, 18:25:02.975, 2004825514805, vstest.console.dll, TestPluginCache: TestHosts are 'HostProvider://DefaultTestHost,HostProvider://DotnetTestHost'.
TpTrace Verbose: 0 : 23024, 1, 2022/12/23, 18:25:02.975, 2004825515013, vstest.console.dll, TestPluginCache: DataCollectors are ''.
TpTrace Information: 0 : 23024, 1, 2022/12/23, 18:25:02.975, 2004825519468, vstest.console.dll, TestPluginManager.CreateTestExtension: Attempting to load test extension: Microsoft.TestPlatform.Extensions.BlameDataCollector.BlameLogger
TpTrace Information: 0 : 23024, 1, 2022/12/23, 18:25:02.980, 2004825568430, vstest.console.dll, TestPluginManager.CreateTestExtension: Attempting to load test extension: Microsoft.VisualStudio.TestPlatform.CrossPlatEngine.Hosting.DefaultTestHostManager
TpTrace Information: 0 : 23024, 1, 2022/12/23, 18:25:02.981, 2004825577009, vstest.console.dll, TestPluginManager.CreateTestExtension: Attempting to load test extension: Microsoft.VisualStudio.TestPlatform.CrossPlatEngine.Hosting.DotnetTestHostManager
TpTrace Verbose: 0 : 23024, 1, 2022/12/23, 18:25:02.981, 2004825581317, vstest.console.dll, TestEngine: Initializing Parallel Execution as MaxCpuCount is set to: 1
TpTrace Information: 0 : 23024, 1, 2022/12/23, 18:25:02.982, 2004825585337, vstest.console.dll, InferRunSettingsHelper.IsTestSettingsEnabled: Unable to navigate to RunSettings/MSTest. Current node: RunSettings
TpTrace Verbose: 0 : 23024, 1, 2022/12/23, 18:25:02.982, 2004825592139, vstest.console.dll, TestRequestSender is acting as server.
TpTrace Verbose: 0 : 23024, 1, 2022/12/23, 18:25:02.983, 2004825599251, vstest.console.dll, TestEngine.GetExecutionManager: Chosen execution manager 'Microsoft.VisualStudio.TestPlatform.CrossPlatEngine.Client.Parallel.ParallelProxyExecutionManager, Microsoft.TestPlatform.CrossPlatEngine, Version=15.0.0.0, Culture=neutral, PublicKeyToken=b03f5f7f11d50a3a' ParallelLevel '1' Shared host 'False'
TpTrace Verbose: 0 : 23024, 5, 2022/12/23, 18:25:02.985, 2004825618379, vstest.console.dll, DataCollectionRequestSender.InitializeCommunication : Initialize communication. 
TpTrace Information: 0 : 23024, 5, 2022/12/23, 18:25:02.987, 2004825640391, vstest.console.dll, Listening on Endpoint : 127.0.0.1:63812
TpTrace Verbose: 0 : 23024, 5, 2022/12/23, 18:25:02.993, 2004825695606, vstest.console.dll, DotnetDataCollectionLauncher: Full path of dotnet.exe is C:\Program Files\dotnet\dotnet.exe
TpTrace Verbose: 0 : 23024, 5, 2022/12/23, 18:25:02.993, 2004825697096, vstest.console.dll, DotnetDataCollectionLauncher: Adding  --runtimeconfig "C:\Program Files\dotnet\sdk\7.0.100-preview.3.22179.4\datacollector.runtimeconfig.json" in args
TpTrace Verbose: 0 : 23024, 5, 2022/12/23, 18:25:02.993, 2004825697668, vstest.console.dll, DotnetDataCollectionLauncher: Adding  --depsfile "C:\Program Files\dotnet\sdk\7.0.100-preview.3.22179.4\datacollector.deps.json" in args
TpTrace Information: 0 : 23024, 5, 2022/12/23, 18:25:02.997, 2004825737222, vstest.console.dll, ProxyDataCollectionManager.Initialize: Launched datacollector processId: 21568 port: 63812
TpTrace Information: 0 : 23024, 5, 2022/12/23, 18:25:02.997, 2004825738220, vstest.console.dll, ProxyDataCollectionManager.Initialize: waiting for connection with timeout: 90 seconds
TpTrace Verbose: 0 : 23024, 5, 2022/12/23, 18:25:02.997, 2004825738593, vstest.console.dll, DataCollectionRequestSender.WaitForRequestHandlerConnection : Waiting for connection with timeout: 90000
TpTrace Information: 0 : 23024, 7, 2022/12/23, 18:25:03.091, 2004826683287, vstest.console.dll, Using the buffer size of 16384 bytes
TpTrace Verbose: 0 : 23024, 5, 2022/12/23, 18:25:03.091, 2004826683365, vstest.console.dll, SocketCommunicationManager.WaitForClientConnection took: 94 ms, with 90000 ms timeout, and finished with True.
TpTrace Information: 0 : 23024, 7, 2022/12/23, 18:25:03.092, 2004826684121, vstest.console.dll, Accepted Client request and set the flag
TpTrace Verbose: 0 : 23024, 5, 2022/12/23, 18:25:03.092, 2004826685188, vstest.console.dll, ProxyDataCollectionManager.InvokeDataCollectionServiceAction: Starting.
TpTrace Information: 0 : 23024, 5, 2022/12/23, 18:25:03.092, 2004826685810, vstest.console.dll, ProxyDataCollectionManager.BeforeTestRunStart: Get environment variable and port for datacollector processId: 21568 port: 63812
TpTrace Verbose: 0 : 23024, 5, 2022/12/23, 18:25:03.092, 2004826686685, vstest.console.dll, DataCollectionRequestSender.SendBeforeTestRunStartAndGetResult: Send BeforeTestRunStart message with settingsXml <RunSettings><RunConfiguration><ResultsDirectory>F:\Projetos ASP.NET\Curso Testes\TestesDeSoftware\01 - Testes de Unidades\Demo.Teste\bin\Release\net6.0\fine-code-coverage\coverage-tool-output</ResultsDirectory><TargetPlatform>X64</TargetPlatform><TargetFrameworkVersion>.NETCoreApp,Version=v6.0</TargetFrameworkVersion><DesignMode>False</DesignMode><CollectSourceInformation>False</CollectSourceInformation><TestAdaptersPaths>C:\Program Files\dotnet\sdk\7.0.100-preview.3.22179.4\Extensions</TestAdaptersPaths></RunConfiguration><LoggerRunSettings><Loggers><Logger friendlyName="blame" enabled="True" /><Logger friendlyName="Console" uri="logger://microsoft/TestPlatform/ConsoleLogger/v1" assemblyQualifiedName="Microsoft.VisualStudio.TestPlatform.CommandLine.Internal.ConsoleLogger, vstest.console, Version=15.0.0.0, Culture=neutral, PublicKeyToken=b03f5f7f11d50a3a" codeBase="C:\Program Files\dotnet\sdk\7.0.100-preview.3.22179.4\vstest.console.dll" enabled="True" /></Loggers></LoggerRunSettings><DataCollectionRunSettings><DataCollectors><DataCollector friendlyName="blame" enabled="True"><Configuration><ResultsDirectory>F:\Projetos ASP.NET\Curso Testes\TestesDeSoftware\01 - Testes de Unidades\Demo.Teste\bin\Release\net6.0\fine-code-coverage\coverage-tool-output</ResultsDirectory></Configuration></DataCollector></DataCollectors></DataCollectionRunSettings></RunSettings> and sources System.Linq.Enumerable+Concat2Iterator`1[System.String]: 
TpTrace Verbose: 0 : 23024, 5, 2022/12/23, 18:25:03.147, 2004827237923, vstest.console.dll, DataCollectionRequestSender.SendBeforeTestRunStartAndGetResult: Received message: (DataCollection.SendMessage) -> {
  "FriendlyName": null,
  "Uri": null,
  "TestCaseId": "00000000-0000-0000-0000-000000000000",
  "Message": "Logging DataCollector Diagnostics in file: F:\\Projetos ASP.NET\\Curso Testes\\TestesDeSoftware\\01 - Testes de Unidades\\Demo.Teste\\bin\\Release\\net6.0\\fine-code-coverage\\coverage-tool-output\\diagnostics.datacollector.22-12-23_18-25-02_99301_5.log",
  "Level": 0
}
TpTrace Verbose: 0 : 23024, 5, 2022/12/23, 18:25:03.207, 2004827833954, vstest.console.dll, DataCollectionRequestSender.SendBeforeTestRunStartAndGetResult: Received message: (DataCollection.BeforeTestRunStartResult) -> {
  "EnvironmentVariables": {},
  "DataCollectionEventsPort": 63814
}
TpTrace Information: 0 : 23024, 5, 2022/12/23, 18:25:03.211, 2004827877153, vstest.console.dll, ProxyDataCollectionManager.BeforeTestRunStart: SendBeforeTestRunStartAndGetResult successful, env variable from datacollector:   and testhost port: 63814
TpTrace Information: 0 : 23024, 5, 2022/12/23, 18:25:03.211, 2004827877845, vstest.console.dll, ProxyDataCollectionManager.InvokeDataCollectionServiceAction: Completed.
TpTrace Verbose: 0 : 23024, 1, 2022/12/23, 18:25:03.211, 2004827878662, vstest.console.dll, TestRunRequest.ExecuteAsync: Creating test run request.
TpTrace Verbose: 0 : 23024, 1, 2022/12/23, 18:25:03.211, 2004827880452, vstest.console.dll, TestRunRequest.ExecuteAsync: Starting.
TpTrace Information: 0 : 23024, 1, 2022/12/23, 18:25:03.211, 2004827882660, vstest.console.dll, TestRunRequest.ExecuteAsync: Starting run with settings:TestRunCriteria:
   KeepAlive=False,FrequencyOfRunStatsChangeEvent=10,RunStatsChangeEventTimeout=00:00:01.5000000,TestCaseFilter=,TestExecutorLauncher=
   Settingsxml=<RunSettings>
  <RunConfiguration>
    <ResultsDirectory>F:\Projetos ASP.NET\Curso Testes\TestesDeSoftware\01 - Testes de Unidades\Demo.Teste\bin\Release\net6.0\fine-code-coverage\coverage-tool-output</ResultsDirectory>
    <TargetPlatform>X64</TargetPlatform>
    <TargetFrameworkVersion>.NETCoreApp,Version=v6.0</TargetFrameworkVersion>
    <DesignMode>False</DesignMode>
    <CollectSourceInformation>False</CollectSourceInformation>
  </RunConfiguration>
  <LoggerRunSettings>
    <Loggers>
      <Logger friendlyName="blame" enabled="True" />
      <Logger friendlyName="Console" uri="logger://microsoft/TestPlatform/ConsoleLogger/v1" assemblyQualifiedName="Microsoft.VisualStudio.TestPlatform.CommandLine.Internal.ConsoleLogger, vstest.console, Version=15.0.0.0, Culture=neutral, PublicKeyToken=b03f5f7f11d50a3a" codeBase="C:\Program Files\dotnet\sdk\7.0.100-preview.3.22179.4\vstest.console.dll" enabled="True" />
    </Loggers>
  </LoggerRunSettings>
  <DataCollectionRunSettings>
    <DataCollectors>
      <DataCollector friendlyName="blame" enabled="True">
        <Configuration>
          <ResultsDirectory>F:\Projetos ASP.NET\Curso Testes\TestesDeSoftware\01 - Testes de Unidades\Demo.Teste\bin\Release\net6.0\fine-code-coverage\coverage-tool-output</ResultsDirectory>
        </Configuration>
      </DataCollector>
    </DataCollectors>
  </DataCollectionRunSettings>
</RunSettings>

TpTrace Verbose: 0 : 23024, 1, 2022/12/23, 18:25:03.211, 2004827883057, vstest.console.dll, TestRunRequest.ExecuteAsync: Wait for the first run request is over.
TpTrace Verbose: 0 : 23024, 1, 2022/12/23, 18:25:03.212, 2004827885096, vstest.console.dll, MulticastDelegateUtilities.SafeInvoke: TestRun.TestRunStart: Invoking callbacks was skipped because there are no subscribers.
TpTrace Verbose: 0 : 23024, 1, 2022/12/23, 18:25:03.212, 2004827886453, vstest.console.dll, ParallelProxyExecutionManager: Start execution. Total sources: 1
TpTrace Verbose: 0 : 23024, 4, 2022/12/23, 18:25:03.212, 2004827887396, vstest.console.dll, MulticastDelegateUtilities.SafeInvoke: InternalTestLoggerEvents.SendTestRunStart: Invoking callback 1/1 for Microsoft.VisualStudio.TestPlatform.CommandLine.Internal.ConsoleLogger.TestRunStartHandler, took 0 ms.
TpTrace Information: 0 : 23024, 1, 2022/12/23, 18:25:03.212, 2004827890546, vstest.console.dll, ProxyParallelExecutionManager: Triggering test run for next source: F:\Projetos ASP.NET\Curso Testes\TestesDeSoftware\01 - Testes de Unidades\Demo.Teste\bin\Release\net6.0\fine-code-coverage\build-output\Demo.Teste.dll
TpTrace Verbose: 0 : 23024, 1, 2022/12/23, 18:25:03.212, 2004827891855, vstest.console.dll, ProxyParallelExecutionManager: No sources available for execution.
TpTrace Verbose: 0 : 23024, 5, 2022/12/23, 18:25:03.212, 2004827891960, vstest.console.dll, ParallelProxyExecutionManager: Execution started. Started clients: 1
TpTrace Information: 0 : 23024, 1, 2022/12/23, 18:25:03.212, 2004827892474, vstest.console.dll, TestRunRequest.ExecuteAsync: Started.
TpTrace Verbose: 0 : 23024, 1, 2022/12/23, 18:25:03.212, 2004827893136, vstest.console.dll, TestRunRequest.WaitForCompletion: Waiting with timeout -1.
TpTrace Verbose: 0 : 23024, 5, 2022/12/23, 18:25:03.213, 2004827894404, vstest.console.dll, TestRunRequest:SendTestRunMessage: Starting.
TpTrace Verbose: 0 : 23024, 5, 2022/12/23, 18:25:03.213, 2004827895399, vstest.console.dll, MulticastDelegateUtilities.SafeInvoke: TestRun.LogMessages: Invoking callback 1/1 for Microsoft.VisualStudio.TestPlatform.CommandLine.TestRunResultAggregator.TestRunMessageHandler, took 0 ms.
TpTrace Information: 0 : 23024, 5, 2022/12/23, 18:25:03.213, 2004827895673, vstest.console.dll, TestRunRequest:SendTestRunMessage: Completed.
TpTrace Verbose: 0 : 23024, 4, 2022/12/23, 18:25:03.213, 2004827895792, vstest.console.dll, MulticastDelegateUtilities.SafeInvoke: InternalTestLoggerEvents.SendTestRunMessage: Invoking callback 1/1 for Microsoft.VisualStudio.TestPlatform.CommandLine.Internal.ConsoleLogger.TestMessageHandler, took 0 ms.
TpTrace Verbose: 0 : 23024, 5, 2022/12/23, 18:25:03.213, 2004827897091, vstest.console.dll, ProxyExecutionManager: Test host is always Lazy initialize.
TpTrace Verbose: 0 : 23024, 5, 2022/12/23, 18:25:03.213, 2004827898601, vstest.console.dll, TestRequestSender.InitializeCommunication: initialize communication. 
TpTrace Information: 0 : 23024, 5, 2022/12/23, 18:25:03.213, 2004827901979, vstest.console.dll, SocketServer.Start: Listening on endpoint : 127.0.0.1:63815
TpTrace Verbose: 0 : 23024, 5, 2022/12/23, 18:25:03.214, 2004827906614, vstest.console.dll, DotnetTestHostmanager.GetTestHostProcessStartInfo: Platform environment 'X64' target architecture 'X64' framework '.NETCoreApp,Version=v6.0' OS 'Windows'
TpTrace Verbose: 0 : 23024, 5, 2022/12/23, 18:25:03.214, 2004827907616, vstest.console.dll, DotnetTestHostmanager: Adding  --runtimeconfig "F:\Projetos ASP.NET\Curso Testes\TestesDeSoftware\01 - Testes de Unidades\Demo.Teste\bin\Release\net6.0\fine-code-coverage\build-output\Demo.Teste.runtimeconfig.json" in args
TpTrace Verbose: 0 : 23024, 5, 2022/12/23, 18:25:03.214, 2004827908030, vstest.console.dll, DotnetTestHostmanager: Adding  --depsfile "F:\Projetos ASP.NET\Curso Testes\TestesDeSoftware\01 - Testes de Unidades\Demo.Teste\bin\Release\net6.0\fine-code-coverage\build-output\Demo.Teste.deps.json" in args
TpTrace Verbose: 0 : 23024, 5, 2022/12/23, 18:25:03.214, 2004827912801, vstest.console.dll, DotnetTestHostmanager.IsWinOnArm: Current PROCESSOR_ARCHITECTURE from registry 'AMD64'
TpTrace Verbose: 0 : 23024, 5, 2022/12/23, 18:25:03.214, 2004827913465, vstest.console.dll, DotnetTestHostmanager.IsWinOnArm: Is Windows on ARM 'False'
TpTrace Verbose: 0 : 23024, 5, 2022/12/23, 18:25:03.215, 2004827913849, vstest.console.dll, DotnetTestHostManager: testhost.exe found at path: F:\Projetos ASP.NET\Curso Testes\TestesDeSoftware\01 - Testes de Unidades\Demo.Teste\bin\Release\net6.0\fine-code-coverage\build-output\testhost.exe
TpTrace Verbose: 0 : 23024, 5, 2022/12/23, 18:25:03.215, 2004827914099, vstest.console.dll, DotnetTestHostmanager: Full path of host exe is F:\Projetos ASP.NET\Curso Testes\TestesDeSoftware\01 - Testes de Unidades\Demo.Teste\bin\Release\net6.0\fine-code-coverage\build-output\testhost.exe
TpTrace Verbose: 0 : 23024, 5, 2022/12/23, 18:25:03.215, 2004827915016, vstest.console.dll, DotnetTestHostmanager.LaunchTestHostAsync: Found 'VSTEST_WINAPPHOST_DOTNET_ROOT' in env variables, value 'C:\Program Files\dotnet', forwarding to 'DOTNET_ROOT'
TpTrace Verbose: 0 : 23024, 7, 2022/12/23, 18:25:03.215, 2004827921155, vstest.console.dll, DotnetTestHostManager: Starting process 'F:\Projetos ASP.NET\Curso Testes\TestesDeSoftware\01 - Testes de Unidades\Demo.Teste\bin\Release\net6.0\fine-code-coverage\build-output\testhost.exe' with command line ' --runtimeconfig "F:\Projetos ASP.NET\Curso Testes\TestesDeSoftware\01 - Testes de Unidades\Demo.Teste\bin\Release\net6.0\fine-code-coverage\build-output\Demo.Teste.runtimeconfig.json" --depsfile "F:\Projetos ASP.NET\Curso Testes\TestesDeSoftware\01 - Testes de Unidades\Demo.Teste\bin\Release\net6.0\fine-code-coverage\build-output\Demo.Teste.deps.json" --port 63815 --endpoint 127.0.0.1:063815 --role client --parentprocessid 23024 --diag "F:\Projetos ASP.NET\Curso Testes\TestesDeSoftware\01 - Testes de Unidades\Demo.Teste\bin\Release\net6.0\fine-code-coverage\coverage-tool-output\diagnostics.host.22-12-23_18-25-03_21408_5.log" --tracelevel 4 --datacollectionport 63814 --telemetryoptedin false'
TpTrace Verbose: 0 : 23024, 7, 2022/12/23, 18:25:03.219, 2004827955432, vstest.console.dll, MulticastDelegateUtilities.SafeInvoke: HostProviderEvents.OnHostLaunched: Invoking callback 1/2 for Microsoft.VisualStudio.TestPlatform.CrossPlatEngine.Client.ProxyExecutionManagerWithDataCollection.TestHostLaunchedHandler, took 0 ms.
TpTrace Verbose: 0 : 23024, 7, 2022/12/23, 18:25:03.219, 2004827956337, vstest.console.dll, Test Runtime launched
TpTrace Verbose: 0 : 23024, 7, 2022/12/23, 18:25:03.219, 2004827956677, vstest.console.dll, MulticastDelegateUtilities.SafeInvoke: HostProviderEvents.OnHostLaunched: Invoking callback 2/2 for Microsoft.VisualStudio.TestPlatform.CrossPlatEngine.Client.ProxyOperationManager.TestHostManagerHostLaunched, took 0 ms.
TpTrace Verbose: 0 : 23024, 5, 2022/12/23, 18:25:03.219, 2004827960791, vstest.console.dll, TestRequestSender.WaitForRequestHandlerConnection: waiting for connection with timeout: 90000.
TpTrace Verbose: 0 : 23024, 5, 2022/12/23, 18:25:03.305, 2004828814868, vstest.console.dll, TestRequestSender.WaitForRequestHandlerConnection: waiting took 85 ms, with timeout 90000 ms, and result 0, which is success.
TpTrace Verbose: 0 : 23024, 7, 2022/12/23, 18:25:03.305, 2004828814868, vstest.console.dll, MulticastDelegateUtilities.SafeInvoke: SocketServer: ClientConnected: Invoking callback 1/1 for Microsoft.VisualStudio.TestPlatform.CommunicationUtilities.TestRequestSender.<InitializeCommunication>b__23_0, took 0 ms.
TpTrace Verbose: 0 : 23024, 7, 2022/12/23, 18:25:03.305, 2004828815979, vstest.console.dll, SocketServer.OnClientConnected: Client connected for endPoint: 127.0.0.1:63815, starting MessageLoopAsync:
TpTrace Verbose: 0 : 23024, 7, 2022/12/23, 18:25:03.305, 2004828817634, vstest.console.dll, TcpClientExtensions.MessageLoopAsync: Polling on remoteEndPoint: 127.0.0.1:63816 localEndPoint: 127.0.0.1:63815
TpTrace Verbose: 0 : 23024, 5, 2022/12/23, 18:25:03.305, 2004828821175, vstest.console.dll, TestRequestSender.CheckVersionWithTestHost: Sending check version message: {"MessageType":"ProtocolVersion","Payload":6}
TpTrace Verbose: 0 : 23024, 7, 2022/12/23, 18:25:03.400, 2004829765086, vstest.console.dll, TcpClientExtensions.MessageLoopAsync: NotifyDataAvailable remoteEndPoint: 127.0.0.1:63816 localEndPoint: 127.0.0.1:63815
TpTrace Verbose: 0 : 23024, 7, 2022/12/23, 18:25:03.400, 2004829766913, vstest.console.dll, TestRequestSender.CheckVersionWithTestHost: onMessageReceived received message: (ProtocolVersion) -> 5
TpTrace Verbose: 0 : 23024, 7, 2022/12/23, 18:25:03.400, 2004829769846, vstest.console.dll, MulticastDelegateUtilities.SafeInvoke: LengthPrefixCommunicationChannel: MessageReceived: Invoking callback 1/1 for Microsoft.VisualStudio.TestPlatform.CommunicationUtilities.TestRequestSender+<>c__DisplayClass25_0.<CheckVersionWithTestHost>b__0, took 0 ms.
TpTrace Verbose: 0 : 23024, 7, 2022/12/23, 18:25:03.400, 2004829770300, vstest.console.dll, TcpClientExtensions.MessageLoopAsync: Polling on remoteEndPoint: 127.0.0.1:63816 localEndPoint: 127.0.0.1:63815
TpTrace Verbose: 0 : 23024, 5, 2022/12/23, 18:25:03.400, 2004829770394, vstest.console.dll, TestPluginCache.GetExtensionPaths: Filtered extension paths: 
TpTrace Verbose: 0 : 23024, 5, 2022/12/23, 18:25:03.400, 2004829770915, vstest.console.dll, TestPluginCache.GetExtensionPaths: Added default extension paths: C:\Program Files\dotnet\sdk\7.0.100-preview.3.22179.4\Extensions\DumpMinitool.exe
C:\Program Files\dotnet\sdk\7.0.100-preview.3.22179.4\Extensions\DumpMinitool.x86.exe
C:\Program Files\dotnet\sdk\7.0.100-preview.3.22179.4\Extensions\Microsoft.Diagnostics.NETCore.Client.dll
C:\Program Files\dotnet\sdk\7.0.100-preview.3.22179.4\Extensions\Microsoft.TestPlatform.Extensions.BlameDataCollector.dll
C:\Program Files\dotnet\sdk\7.0.100-preview.3.22179.4\Extensions\Microsoft.TestPlatform.Extensions.EventLogCollector.dll
C:\Program Files\dotnet\sdk\7.0.100-preview.3.22179.4\Extensions\Microsoft.TestPlatform.TestHostRuntimeProvider.dll
C:\Program Files\dotnet\sdk\7.0.100-preview.3.22179.4\Extensions\Microsoft.VisualStudio.TestPlatform.Extensions.Html.TestLogger.dll
C:\Program Files\dotnet\sdk\7.0.100-preview.3.22179.4\Extensions\Microsoft.VisualStudio.TestPlatform.Extensions.Trx.TestLogger.dll
TpTrace Verbose: 0 : 23024, 5, 2022/12/23, 18:25:03.400, 2004829771164, vstest.console.dll, TestPluginCache.GetExtensionPaths: Added unfilterableExtensionPaths: 
TpTrace Verbose: 0 : 23024, 5, 2022/12/23, 18:25:03.402, 2004829792730, vstest.console.dll, TestRequestSender.InitializeExecution: Sending initialize execution with message: {"Version":5,"MessageType":"TestExecution.Initialize","Payload":["F:\\Projetos ASP.NET\\Curso Testes\\TestesDeSoftware\\01 - Testes de Unidades\\Demo.Teste\\bin\\Release\\net6.0\\fine-code-coverage\\build-output\\xunit.runner.visualstudio.dotnetcore.testadapter.dll"]}
TpTrace Warning: 0 : 23024, 5, 2022/12/23, 18:25:03.403, 2004829795262, vstest.console.dll, InferRunSettingsHelper.MakeRunsettingsCompatible: Removing the following settings: TargetPlatform from RunSettings file. To use those settings please move to latest version of Microsoft.NET.Test.Sdk
TpTrace Verbose: 0 : 23024, 7, 2022/12/23, 18:25:03.406, 2004829833109, vstest.console.dll, TcpClientExtensions.MessageLoopAsync: NotifyDataAvailable remoteEndPoint: 127.0.0.1:63816 localEndPoint: 127.0.0.1:63815
TpTrace Verbose: 0 : 23024, 7, 2022/12/23, 18:25:03.407, 2004829834201, vstest.console.dll, TestRequestSender.OnExecutionMessageReceived: Received message: {"Version":5,"MessageType":"TestSession.Message","Payload":{"MessageLevel":0,"Message":"Logging TestHost Diagnostics in file: F:\\Projetos ASP.NET\\Curso Testes\\TestesDeSoftware\\01 - Testes de Unidades\\Demo.Teste\\bin\\Release\\net6.0\\fine-code-coverage\\coverage-tool-output\\diagnostics.host.22-12-23_18-25-03_21408_5.log"}}
TpTrace Verbose: 0 : 23024, 7, 2022/12/23, 18:25:03.408, 2004829847560, vstest.console.dll, TestRunRequest:SendTestRunMessage: Starting.
TpTrace Verbose: 0 : 23024, 7, 2022/12/23, 18:25:03.408, 2004829848496, vstest.console.dll, MulticastDelegateUtilities.SafeInvoke: TestRun.LogMessages: Invoking callback 1/1 for Microsoft.VisualStudio.TestPlatform.CommandLine.TestRunResultAggregator.TestRunMessageHandler, took 0 ms.
TpTrace Information: 0 : 23024, 7, 2022/12/23, 18:25:03.408, 2004829848745, vstest.console.dll, TestRunRequest:SendTestRunMessage: Completed.
TpTrace Verbose: 0 : 23024, 4, 2022/12/23, 18:25:03.408, 2004829848915, vstest.console.dll, MulticastDelegateUtilities.SafeInvoke: InternalTestLoggerEvents.SendTestRunMessage: Invoking callback 1/1 for Microsoft.VisualStudio.TestPlatform.CommandLine.Internal.ConsoleLogger.TestMessageHandler, took 0 ms.
TpTrace Verbose: 0 : 23024, 7, 2022/12/23, 18:25:03.408, 2004829849016, vstest.console.dll, MulticastDelegateUtilities.SafeInvoke: LengthPrefixCommunicationChannel: MessageReceived: Invoking callback 1/1 for Microsoft.VisualStudio.TestPlatform.CommunicationUtilities.TestRequestSender+<>c__DisplayClass30_0.<StartTestRun>b__1, took 1 ms.
TpTrace Verbose: 0 : 23024, 7, 2022/12/23, 18:25:03.408, 2004829849564, vstest.console.dll, TcpClientExtensions.MessageLoopAsync: Polling on remoteEndPoint: 127.0.0.1:63816 localEndPoint: 127.0.0.1:63815
TpTrace Verbose: 0 : 23024, 5, 2022/12/23, 18:25:03.409, 2004829854286, vstest.console.dll, TestRequestSender.StartTestRun: Sending test run with message: {"Version":5,"MessageType":"TestExecution.StartWithSources","Payload":{"AdapterSourceMap":{"_none_":["F:\\Projetos ASP.NET\\Curso Testes\\TestesDeSoftware\\01 - Testes de Unidades\\Demo.Teste\\bin\\Release\\net6.0\\fine-code-coverage\\build-output\\Demo.Teste.dll"]},"RunSettings":"<RunSettings>\r\n  <RunConfiguration>\r\n    <ResultsDirectory>F:\\Projetos ASP.NET\\Curso Testes\\TestesDeSoftware\\01 - Testes de Unidades\\Demo.Teste\\bin\\Release\\net6.0\\fine-code-coverage\\coverage-tool-output</ResultsDirectory>\r\n    <TargetFrameworkVersion>.NETCoreApp,Version=v6.0</TargetFrameworkVersion>\r\n    <DesignMode>False</DesignMode>\r\n    <CollectSourceInformation>False</CollectSourceInformation>\r\n  </RunConfiguration>\r\n  <LoggerRunSettings>\r\n    <Loggers>\r\n      <Logger friendlyName=\"blame\" enabled=\"True\" />\r\n      <Logger friendlyName=\"Console\" uri=\"logger://microsoft/TestPlatform/ConsoleLogger/v1\" assemblyQualifiedName=\"Microsoft.VisualStudio.TestPlatform.CommandLine.Internal.ConsoleLogger, vstest.console, Version=15.0.0.0, Culture=neutral, PublicKeyToken=b03f5f7f11d50a3a\" codeBase=\"C:\\Program Files\\dotnet\\sdk\\7.0.100-preview.3.22179.4\\vstest.console.dll\" enabled=\"True\" />\r\n    </Loggers>\r\n  </LoggerRunSettings>\r\n  <DataCollectionRunSettings>\r\n    <DataCollectors>\r\n      <DataCollector friendlyName=\"blame\" enabled=\"True\">\r\n        <Configuration>\r\n          <ResultsDirectory>F:\\Projetos ASP.NET\\Curso Testes\\TestesDeSoftware\\01 - Testes de Unidades\\Demo.Teste\\bin\\Release\\net6.0\\fine-code-coverage\\coverage-tool-output</ResultsDirectory>\r\n        </Configuration>\r\n      </DataCollector>\r\n    </DataCollectors>\r\n  </DataCollectionRunSettings>\r\n</RunSettings>","TestExecutionContext":{"FrequencyOfRunStatsChangeEvent":10,"RunStatsChangeEventTimeout":"00:00:01.5000000","InIsolation":false,"KeepAlive":false,"AreTestCaseLevelEventsRequired":false,"IsDebug":false,"TestCaseFilter":null,"FilterOptions":null},"Package":null}}
TpTrace Verbose: 0 : 23024, 7, 2022/12/23, 18:25:03.520, 2004830964085, vstest.console.dll, TcpClientExtensions.MessageLoopAsync: NotifyDataAvailable remoteEndPoint: 127.0.0.1:63816 localEndPoint: 127.0.0.1:63815
TpTrace Verbose: 0 : 23024, 7, 2022/12/23, 18:25:03.520, 2004830965083, vstest.console.dll, TestRequestSender.OnExecutionMessageReceived: Received message: {"Version":5,"MessageType":"TestSession.Message","Payload":{"MessageLevel":0,"Message":"[xUnit.net 00:00:00.00] xUnit.net VSTest Adapter v2.4.3+1b45f5407b (64-bit .NET 6.0.5)"}}
TpTrace Verbose: 0 : 23024, 7, 2022/12/23, 18:25:03.520, 2004830966681, vstest.console.dll, TestRunRequest:SendTestRunMessage: Starting.
TpTrace Verbose: 0 : 23024, 7, 2022/12/23, 18:25:03.520, 2004830967149, vstest.console.dll, MulticastDelegateUtilities.SafeInvoke: TestRun.LogMessages: Invoking callback 1/1 for Microsoft.VisualStudio.TestPlatform.CommandLine.TestRunResultAggregator.TestRunMessageHandler, took 0 ms.
TpTrace Information: 0 : 23024, 7, 2022/12/23, 18:25:03.520, 2004830967353, vstest.console.dll, TestRunRequest:SendTestRunMessage: Completed.
TpTrace Verbose: 0 : 23024, 7, 2022/12/23, 18:25:03.520, 2004830967537, vstest.console.dll, MulticastDelegateUtilities.SafeInvoke: LengthPrefixCommunicationChannel: MessageReceived: Invoking callback 1/1 for Microsoft.VisualStudio.TestPlatform.CommunicationUtilities.TestRequestSender+<>c__DisplayClass30_0.<StartTestRun>b__1, took 0 ms.
TpTrace Verbose: 0 : 23024, 4, 2022/12/23, 18:25:03.520, 2004830967632, vstest.console.dll, MulticastDelegateUtilities.SafeInvoke: InternalTestLoggerEvents.SendTestRunMessage: Invoking callback 1/1 for Microsoft.VisualStudio.TestPlatform.CommandLine.Internal.ConsoleLogger.TestMessageHandler, took 0 ms.
TpTrace Verbose: 0 : 23024, 7, 2022/12/23, 18:25:03.520, 2004830967746, vstest.console.dll, TcpClientExtensions.MessageLoopAsync: Polling on remoteEndPoint: 127.0.0.1:63816 localEndPoint: 127.0.0.1:63815
TpTrace Verbose: 0 : 23024, 7, 2022/12/23, 18:25:03.789, 2004833660019, vstest.console.dll, TcpClientExtensions.MessageLoopAsync: NotifyDataAvailable remoteEndPoint: 127.0.0.1:63816 localEndPoint: 127.0.0.1:63815
TpTrace Verbose: 0 : 23024, 7, 2022/12/23, 18:25:03.789, 2004833661219, vstest.console.dll, TestRequestSender.OnExecutionMessageReceived: Received message: {"Version":5,"MessageType":"TestSession.Message","Payload":{"MessageLevel":0,"Message":"[xUnit.net 00:00:00.27]   Discovering: Demo.Teste"}}
TpTrace Verbose: 0 : 23024, 7, 2022/12/23, 18:25:03.789, 2004833663440, vstest.console.dll, TestRunRequest:SendTestRunMessage: Starting.
TpTrace Verbose: 0 : 23024, 7, 2022/12/23, 18:25:03.790, 2004833664212, vstest.console.dll, MulticastDelegateUtilities.SafeInvoke: TestRun.LogMessages: Invoking callback 1/1 for Microsoft.VisualStudio.TestPlatform.CommandLine.TestRunResultAggregator.TestRunMessageHandler, took 0 ms.
TpTrace Verbose: 0 : 23024, 4, 2022/12/23, 18:25:03.790, 2004833664346, vstest.console.dll, MulticastDelegateUtilities.SafeInvoke: InternalTestLoggerEvents.SendTestRunMessage: Invoking callback 1/1 for Microsoft.VisualStudio.TestPlatform.CommandLine.Internal.ConsoleLogger.TestMessageHandler, took 0 ms.
TpTrace Information: 0 : 23024, 7, 2022/12/23, 18:25:03.790, 2004833664482, vstest.console.dll, TestRunRequest:SendTestRunMessage: Completed.
TpTrace Verbose: 0 : 23024, 7, 2022/12/23, 18:25:03.790, 2004833665587, vstest.console.dll, MulticastDelegateUtilities.SafeInvoke: LengthPrefixCommunicationChannel: MessageReceived: Invoking callback 1/1 for Microsoft.VisualStudio.TestPlatform.CommunicationUtilities.TestRequestSender+<>c__DisplayClass30_0.<StartTestRun>b__1, took 0 ms.
TpTrace Verbose: 0 : 23024, 7, 2022/12/23, 18:25:03.790, 2004833665858, vstest.console.dll, TcpClientExtensions.MessageLoopAsync: Polling on remoteEndPoint: 127.0.0.1:63816 localEndPoint: 127.0.0.1:63815
TpTrace Verbose: 0 : 23024, 7, 2022/12/23, 18:25:03.834, 2004834103579, vstest.console.dll, TcpClientExtensions.MessageLoopAsync: NotifyDataAvailable remoteEndPoint: 127.0.0.1:63816 localEndPoint: 127.0.0.1:63815
TpTrace Verbose: 0 : 23024, 7, 2022/12/23, 18:25:03.834, 2004834104652, vstest.console.dll, TestRequestSender.OnExecutionMessageReceived: Received message: {"Version":5,"MessageType":"TestSession.Message","Payload":{"MessageLevel":0,"Message":"[xUnit.net 00:00:00.32]   Discovered:  Demo.Teste"}}
TpTrace Verbose: 0 : 23024, 7, 2022/12/23, 18:25:03.834, 2004834106461, vstest.console.dll, TestRunRequest:SendTestRunMessage: Starting.
TpTrace Verbose: 0 : 23024, 7, 2022/12/23, 18:25:03.834, 2004834106955, vstest.console.dll, MulticastDelegateUtilities.SafeInvoke: TestRun.LogMessages: Invoking callback 1/1 for Microsoft.VisualStudio.TestPlatform.CommandLine.TestRunResultAggregator.TestRunMessageHandler, took 0 ms.
TpTrace Information: 0 : 23024, 7, 2022/12/23, 18:25:03.834, 2004834107174, vstest.console.dll, TestRunRequest:SendTestRunMessage: Completed.
TpTrace Verbose: 0 : 23024, 7, 2022/12/23, 18:25:03.834, 2004834107362, vstest.console.dll, MulticastDelegateUtilities.SafeInvoke: LengthPrefixCommunicationChannel: MessageReceived: Invoking callback 1/1 for Microsoft.VisualStudio.TestPlatform.CommunicationUtilities.TestRequestSender+<>c__DisplayClass30_0.<StartTestRun>b__1, took 0 ms.
TpTrace Verbose: 0 : 23024, 4, 2022/12/23, 18:25:03.834, 2004834107462, vstest.console.dll, MulticastDelegateUtilities.SafeInvoke: InternalTestLoggerEvents.SendTestRunMessage: Invoking callback 1/1 for Microsoft.VisualStudio.TestPlatform.CommandLine.Internal.ConsoleLogger.TestMessageHandler, took 0 ms.
TpTrace Verbose: 0 : 23024, 7, 2022/12/23, 18:25:03.834, 2004834107552, vstest.console.dll, TcpClientExtensions.MessageLoopAsync: Polling on remoteEndPoint: 127.0.0.1:63816 localEndPoint: 127.0.0.1:63815
TpTrace Verbose: 0 : 23024, 7, 2022/12/23, 18:25:03.835, 2004834118621, vstest.console.dll, TcpClientExtensions.MessageLoopAsync: NotifyDataAvailable remoteEndPoint: 127.0.0.1:63816 localEndPoint: 127.0.0.1:63815
TpTrace Verbose: 0 : 23024, 7, 2022/12/23, 18:25:03.835, 2004834119220, vstest.console.dll, TestRequestSender.OnExecutionMessageReceived: Received message: {"Version":5,"MessageType":"TestSession.Message","Payload":{"MessageLevel":0,"Message":"[xUnit.net 00:00:00.32]   Starting:    Demo.Teste"}}
TpTrace Verbose: 0 : 23024, 7, 2022/12/23, 18:25:03.835, 2004834120246, vstest.console.dll, TestRunRequest:SendTestRunMessage: Starting.
TpTrace Verbose: 0 : 23024, 7, 2022/12/23, 18:25:03.835, 2004834120660, vstest.console.dll, MulticastDelegateUtilities.SafeInvoke: TestRun.LogMessages: Invoking callback 1/1 for Microsoft.VisualStudio.TestPlatform.CommandLine.TestRunResultAggregator.TestRunMessageHandler, took 0 ms.
TpTrace Information: 0 : 23024, 7, 2022/12/23, 18:25:03.835, 2004834120863, vstest.console.dll, TestRunRequest:SendTestRunMessage: Completed.
TpTrace Verbose: 0 : 23024, 7, 2022/12/23, 18:25:03.835, 2004834121039, vstest.console.dll, MulticastDelegateUtilities.SafeInvoke: LengthPrefixCommunicationChannel: MessageReceived: Invoking callback 1/1 for Microsoft.VisualStudio.TestPlatform.CommunicationUtilities.TestRequestSender+<>c__DisplayClass30_0.<StartTestRun>b__1, took 0 ms.
TpTrace Verbose: 0 : 23024, 4, 2022/12/23, 18:25:03.835, 2004834121081, vstest.console.dll, MulticastDelegateUtilities.SafeInvoke: InternalTestLoggerEvents.SendTestRunMessage: Invoking callback 1/1 for Microsoft.VisualStudio.TestPlatform.CommandLine.Internal.ConsoleLogger.TestMessageHandler, took 0 ms.
TpTrace Verbose: 0 : 23024, 7, 2022/12/23, 18:25:03.835, 2004834121231, vstest.console.dll, TcpClientExtensions.MessageLoopAsync: Polling on remoteEndPoint: 127.0.0.1:63816 localEndPoint: 127.0.0.1:63815
TpTrace Verbose: 0 : 23024, 7, 2022/12/23, 18:25:03.947, 2004835238033, vstest.console.dll, TcpClientExtensions.MessageLoopAsync: NotifyDataAvailable remoteEndPoint: 127.0.0.1:63816 localEndPoint: 127.0.0.1:63815
TpTrace Verbose: 0 : 23024, 7, 2022/12/23, 18:25:03.947, 2004835239831, vstest.console.dll, TestRequestSender.OnExecutionMessageReceived: Received message: {"Version":5,"MessageType":"TestExecution.StatsChange","Payload":{"NewTestResults":[{"TestCase":{"Id":"5eb598a8-f2e6-7e35-1c72-8775511dfa24","FullyQualifiedName":"Demo.Teste.AssertNumbersTests.Calculadora_Somar_DeveSerIgual","DisplayName":"Demo.Teste.AssertNumbersTests.Calculadora_Somar_DeveSerIgual","ExecutorUri":"executor://xunit/VsTestRunner2/netcoreapp","Source":"F:\\Projetos ASP.NET\\Curso Testes\\TestesDeSoftware\\01 - Testes de Unidades\\Demo.Teste\\bin\\Release\\net6.0\\fine-code-coverage\\build-output\\Demo.Teste.dll","CodeFilePath":null,"LineNumber":0,"Properties":[]},"Attachments":[],"Outcome":1,"ErrorMessage":null,"ErrorStackTrace":null,"DisplayName":"Demo.Teste.AssertNumbersTests.Calculadora_Somar_DeveSerIgual","Messages":[],"ComputerName":"DESKTOP-I8JNLH9","Duration":"00:00:00.0033318","StartTime":"2022-12-23T21:25:03.9121634+00:00","EndTime":"2022-12-23T21:25:03.9121826+00:00","Properties":[]},{"TestCase":{"Id":"c553964d-5cb5-048e-6916-942b9ad1d09e","FullyQualifiedName":"Demo.Teste.AssertingRangesTests.Funcionario_Salario_FaixasSalariaisDevemRespeitarNivelProfissional","DisplayName":"Demo.Teste.AssertingRangesTests.Funcionario_Salario_FaixasSalariaisDevemRespeitarNivelProfissional(salario: 8000)","ExecutorUri":"executor://xunit/VsTestRunner2/netcoreapp","Source":"F:\\Projetos ASP.NET\\Curso Testes\\TestesDeSoftware\\01 - Testes de Unidades\\Demo.Teste\\bin\\Release\\net6.0\\fine-code-coverage\\build-output\\Demo.Teste.dll","CodeFilePath":null,"LineNumber":0,"Properties":[]},"Attachments":[],"Outcome":1,"ErrorMessage":null,"ErrorStackTrace":null,"DisplayName":"Demo.Teste.AssertingRangesTests.Funcionario_Salario_FaixasSalariaisDevemRespeitarNivelProfissional(salario: 8000)","Messages":[],"ComputerName":"DESKTOP-I8JNLH9","Duration":"00:00:00.0024740","StartTime":"2022-12-23T21:25:03.9235057+00:00","EndTime":"2022-12-23T21:25:03.9235058+00:00","Properties":[]},{"TestCase":{"Id":"1a40b63b-17d1-b855-2bfe-a6ffd32ed90f","FullyQualifiedName":"Demo.Teste.AssertStringsTests.StringsTools_UnirNomes_RetornarNomeCompleto","DisplayName":"Retorna Nome completo","ExecutorUri":"executor://xunit/VsTestRunner2/netcoreapp","Source":"F:\\Projetos ASP.NET\\Curso Testes\\TestesDeSoftware\\01 - Testes de Unidades\\Demo.Teste\\bin\\Release\\net6.0\\fine-code-coverage\\build-output\\Demo.Teste.dll","CodeFilePath":null,"LineNumber":0,"Properties":[{"Key":{"Id":"TestObject.Traits","Label":"Traits","Category":"","Description":"","Attributes":5,"ValueType":"System.Collections.Generic.KeyValuePair`2[[System.String],[System.String]][]"},"Value":[{"Key":"Demo","Value":"Validacao basicas"}]}]},"Attachments":[],"Outcome":1,"ErrorMessage":null,"ErrorStackTrace":null,"DisplayName":"Retorna Nome completo","Messages":[],"ComputerName":"DESKTOP-I8JNLH9","Duration":"00:00:00.0026647","StartTime":"2022-12-23T21:25:03.924375+00:00","EndTime":"2022-12-23T21:25:03.9243751+00:00","Properties":[]},{"TestCase":{"Id":"f2cc75d1-2699-3dd5-960e-a848870fb495","FullyQualifiedName":"Demo.Teste.AssertingCollectionsTests.Funcionario_Habilidades_JuniorDevePossuirHabilidadeBasica","DisplayName":"Demo.Teste.AssertingCollectionsTests.Funcionario_Habilidades_JuniorDevePossuirHabilidadeBasica","ExecutorUri":"executor://xunit/VsTestRunner2/netcoreapp","Source":"F:\\Projetos ASP.NET\\Curso Testes\\TestesDeSoftware\\01 - Testes de Unidades\\Demo.Teste\\bin\\Release\\net6.0\\fine-code-coverage\\build-output\\Demo.Teste.dll","CodeFilePath":null,"LineNumber":0,"Properties":[]},"Attachments":[],"Outcome":1,"ErrorMessage":null,"ErrorStackTrace":null,"DisplayName":"Demo.Teste.AssertingCollectionsTests.Funcionario_Habilidades_JuniorDevePossuirHabilidadeBasica","Messages":[],"ComputerName":"DESKTOP-I8JNLH9","Duration":"00:00:00.0024347","StartTime":"2022-12-23T21:25:03.9251074+00:00","EndTime":"2022-12-23T21:25:03.9251075+00:00","Properties":[]},{"TestCase":{"Id":"dfecff07-4b36-7cb7-a2b6-cdde299e42d1","FullyQualifiedName":"Demo.Teste.AssertingExceptionsTests.Calculadora_Dividir_DeveRetornarErroDivisaoPorZero","DisplayName":"Demo.Teste.AssertingExceptionsTests.Calculadora_Dividir_DeveRetornarErroDivisaoPorZero","ExecutorUri":"executor://xunit/VsTestRunner2/netcoreapp","Source":"F:\\Projetos ASP.NET\\Curso Testes\\TestesDeSoftware\\01 - Testes de Unidades\\Demo.Teste\\bin\\Release\\net6.0\\fine-code-coverage\\build-output\\Demo.Teste.dll","CodeFilePath":null,"LineNumber":0,"Properties":[]},"Attachments":[],"Outcome":1,"ErrorMessage":null,"ErrorStackTrace":null,"DisplayName":"Demo.Teste.AssertingExceptionsTests.Calculadora_Dividir_DeveRetornarErroDivisaoPorZero","Messages":[],"ComputerName":"DESKTOP-I8JNLH9","Duration":"00:00:00.0023528","StartTime":"2022-12-23T21:25:03.9256385+00:00","EndTime":"2022-12-23T21:25:03.9256386+00:00","Properties":[]},{"TestCase":{"Id":"50f771d2-3ad9-6072-503b-26b114ea6e4b","FullyQualifiedName":"Demo.Teste.AssertingObjectTypesTests.FuncionarioFactory_Criar_DeveRetornarTipoFuncionario","DisplayName":"Demo.Teste.AssertingObjectTypesTests.FuncionarioFactory_Criar_DeveRetornarTipoFuncionario","ExecutorUri":"executor://xunit/VsTestRunner2/netcoreapp","Source":"F:\\Projetos ASP.NET\\Curso Testes\\TestesDeSoftware\\01 - Testes de Unidades\\Demo.Teste\\bin\\Release\\net6.0\\fine-code-coverage\\build-output\\Demo.Teste.dll","CodeFilePath":null,"LineNumber":0,"Properties":[]},"Attachments":[],"Outcome":1,"ErrorMessage":null,"ErrorStackTrace":null,"DisplayName":"Demo.Teste.AssertingObjectTypesTests.FuncionarioFactory_Criar_DeveRetornarTipoFuncionario","Messages":[],"ComputerName":"DESKTOP-I8JNLH9","Duration":"00:00:00.0024903","StartTime":"2022-12-23T21:25:03.9261962+00:00","EndTime":"2022-12-23T21:25:03.9261963+00:00","Properties":[]},{"TestCase":{"Id":"00ec684f-6710-7da8-0104-a8dd95c8e7d1","FullyQualifiedName":"Demo.Teste.AssertNullBoolTests.Funcionario_Nome_NaoDeveSerNuloOuVazio","DisplayName":"Demo.Teste.AssertNullBoolTests.Funcionario_Nome_NaoDeveSerNuloOuVazio","ExecutorUri":"executor://xunit/VsTestRunner2/netcoreapp","Source":"F:\\Projetos ASP.NET\\Curso Testes\\TestesDeSoftware\\01 - Testes de Unidades\\Demo.Teste\\bin\\Release\\net6.0\\fine-code-coverage\\build-output\\Demo.Teste.dll","CodeFilePath":null,"LineNumber":0,"Properties":[]},"Attachments":[],"Outcome":1,"ErrorMessage":null,"ErrorStackTrace":null,"DisplayName":"Demo.Teste.AssertNullBoolTests.Funcionario_Nome_NaoDeveSerNuloOuVazio","Messages":[],"ComputerName":"DESKTOP-I8JNLH9","Duration":"00:00:00.0025465","StartTime":"2022-12-23T21:25:03.9267007+00:00","EndTime":"2022-12-23T21:25:03.9267007+00:00","Properties":[]},{"TestCase":{"Id":"6920337f-e925-2d58-53f5-3555e7d32461","FullyQualifiedName":"Demo.Teste.CalculadoraTests.Calculadora_Somar_RetornarValoresSomaCorretos","DisplayName":"Retornar valor soma correto(v1: 36, v2: 36, total: 72)","ExecutorUri":"executor://xunit/VsTestRunner2/netcoreapp","Source":"F:\\Projetos ASP.NET\\Curso Testes\\TestesDeSoftware\\01 - Testes de Unidades\\Demo.Teste\\bin\\Release\\net6.0\\fine-code-coverage\\build-output\\Demo.Teste.dll","CodeFilePath":null,"LineNumber":0,"Properties":[{"Key":{"Id":"TestObject.Traits","Label":"Traits","Category":"","Description":"","Attributes":5,"ValueType":"System.Collections.Generic.KeyValuePair`2[[System.String],[System.String]][]"},"Value":[{"Key":"Demo","Value":"Validacao basicas"}]}]},"Attachments":[],"Outcome":1,"ErrorMessage":null,"ErrorStackTrace":null,"DisplayName":"Retornar valor soma correto(v1: 36, v2: 36, total: 72)","Messages":[],"ComputerName":"DESKTOP-I8JNLH9","Duration":"00:00:00.0031619","StartTime":"2022-12-23T21:25:03.927204+00:00","EndTime":"2022-12-23T21:25:03.927204+00:00","Properties":[]}],"TestRunStatistics":{"ExecutedTests":8,"Stats":{"Passed":8}},"ActiveTests":[{"Id":"146faf9a-3f2e-71a0-d404-d4b28937489a","FullyQualifiedName":"Demo.Teste.CalculadoraTests.Calculadora_Somar_RetornarValoresSomaCorretos","DisplayName":"Retornar valor soma correto(v1: 1, v2: 1, total: 2)","ExecutorUri":"executor://xunit/VsTestRunner2/netcoreapp","Source":"F:\\Projetos ASP.NET\\Curso Testes\\TestesDeSoftware\\01 - Testes de Unidades\\Demo.Teste\\bin\\Release\\net6.0\\fine-code-coverage\\build-output\\Demo.Teste.dll","CodeFilePath":null,"LineNumber":0,"Properties":[{"Key":{"Id":"TestObject.Traits","Label":"Traits","Category":"","Description":"","Attributes":5,"ValueType":"System.Collections.Generic.KeyValuePair`2[[System.String],[System.String]][]"},"Value":[{"Key":"Demo","Value":"Validacao basicas"}]}]},{"Id":"e8f18a69-e4a7-6c88-8ed6-9e7fc8ec7c60","FullyQualifiedName":"Demo.Teste.AssertingRangesTests.Funcionario_Salario_FaixasSalariaisDevemRespeitarNivelProfissional","DisplayName":"Demo.Teste.AssertingRangesTests.Funcionario_Salario_FaixasSalariaisDevemRespeitarNivelProfissional(salario: 700)","ExecutorUri":"executor://xunit/VsTestRunner2/netcoreapp","Source":"F:\\Projetos ASP.NET\\Curso Testes\\TestesDeSoftware\\01 - Testes de Unidades\\Demo.Teste\\bin\\Release\\net6.0\\fine-code-coverage\\build-output\\Demo.Teste.dll","CodeFilePath":null,"LineNumber":0,"Properties":[]}]}}
TpTrace Verbose: 0 : 23024, 7, 2022/12/23, 18:25:03.989, 2004835661053, vstest.console.dll, TestRunRequest:SendTestRunStatsChange: Starting.
TpTrace Verbose: 0 : 23024, 7, 2022/12/23, 18:25:03.989, 2004835662923, vstest.console.dll, InProgress is Retornar valor soma correto(v1: 1, v2: 1, total: 2)
TpTrace Verbose: 0 : 23024, 7, 2022/12/23, 18:25:03.989, 2004835663453, vstest.console.dll, InProgress is Demo.Teste.AssertingRangesTests.Funcionario_Salario_FaixasSalariaisDevemRespeitarNivelProfissional(salario: 700)
TpTrace Verbose: 0 : 23024, 7, 2022/12/23, 18:25:03.990, 2004835664906, vstest.console.dll, MulticastDelegateUtilities.SafeInvoke: TestRun.RunStatsChanged: Invoking callbacks was skipped because there are no subscribers.
TpTrace Information: 0 : 23024, 7, 2022/12/23, 18:25:03.990, 2004835665313, vstest.console.dll, TestRunRequest:SendTestRunStatsChange: Completed.
TpTrace Verbose: 0 : 23024, 7, 2022/12/23, 18:25:03.990, 2004835665564, vstest.console.dll, MulticastDelegateUtilities.SafeInvoke: LengthPrefixCommunicationChannel: MessageReceived: Invoking callback 1/1 for Microsoft.VisualStudio.TestPlatform.CommunicationUtilities.TestRequestSender+<>c__DisplayClass30_0.<StartTestRun>b__1, took 42 ms.
TpTrace Verbose: 0 : 23024, 7, 2022/12/23, 18:25:03.990, 2004835665786, vstest.console.dll, TcpClientExtensions.MessageLoopAsync: Polling on remoteEndPoint: 127.0.0.1:63816 localEndPoint: 127.0.0.1:63815
TpTrace Verbose: 0 : 23024, 7, 2022/12/23, 18:25:03.990, 2004835666078, vstest.console.dll, TcpClientExtensions.MessageLoopAsync: NotifyDataAvailable remoteEndPoint: 127.0.0.1:63816 localEndPoint: 127.0.0.1:63815
TpTrace Verbose: 0 : 23024, 7, 2022/12/23, 18:25:03.990, 2004835666964, vstest.console.dll, TestRequestSender.OnExecutionMessageReceived: Received message: {"Version":5,"MessageType":"TestExecution.StatsChange","Payload":{"NewTestResults":[{"TestCase":{"Id":"e8f18a69-e4a7-6c88-8ed6-9e7fc8ec7c60","FullyQualifiedName":"Demo.Teste.AssertingRangesTests.Funcionario_Salario_FaixasSalariaisDevemRespeitarNivelProfissional","DisplayName":"Demo.Teste.AssertingRangesTests.Funcionario_Salario_FaixasSalariaisDevemRespeitarNivelProfissional(salario: 700)","ExecutorUri":"executor://xunit/VsTestRunner2/netcoreapp","Source":"F:\\Projetos ASP.NET\\Curso Testes\\TestesDeSoftware\\01 - Testes de Unidades\\Demo.Teste\\bin\\Release\\net6.0\\fine-code-coverage\\build-output\\Demo.Teste.dll","CodeFilePath":null,"LineNumber":0,"Properties":[]},"Attachments":[],"Outcome":1,"ErrorMessage":null,"ErrorStackTrace":null,"DisplayName":"Demo.Teste.AssertingRangesTests.Funcionario_Salario_FaixasSalariaisDevemRespeitarNivelProfissional(salario: 700)","Messages":[],"ComputerName":"DESKTOP-I8JNLH9","Duration":"00:00:00.0000128","StartTime":"2022-12-23T21:25:03.9480896+00:00","EndTime":"2022-12-23T21:25:03.9480897+00:00","Properties":[]},{"TestCase":{"Id":"146faf9a-3f2e-71a0-d404-d4b28937489a","FullyQualifiedName":"Demo.Teste.CalculadoraTests.Calculadora_Somar_RetornarValoresSomaCorretos","DisplayName":"Retornar valor soma correto(v1: 1, v2: 1, total: 2)","ExecutorUri":"executor://xunit/VsTestRunner2/netcoreapp","Source":"F:\\Projetos ASP.NET\\Curso Testes\\TestesDeSoftware\\01 - Testes de Unidades\\Demo.Teste\\bin\\Release\\net6.0\\fine-code-coverage\\build-output\\Demo.Teste.dll","CodeFilePath":null,"LineNumber":0,"Properties":[{"Key":{"Id":"TestObject.Traits","Label":"Traits","Category":"","Description":"","Attributes":5,"ValueType":"System.Collections.Generic.KeyValuePair`2[[System.String],[System.String]][]"},"Value":[{"Key":"Demo","Value":"Validacao basicas"}]}]},"Attachments":[],"Outcome":1,"ErrorMessage":null,"ErrorStackTrace":null,"DisplayName":"Retornar valor soma correto(v1: 1, v2: 1, total: 2)","Messages":[],"ComputerName":"DESKTOP-I8JNLH9","Duration":"00:00:00.0000164","StartTime":"2022-12-23T21:25:03.9493729+00:00","EndTime":"2022-12-23T21:25:03.949373+00:00","Properties":[]},{"TestCase":{"Id":"09312e06-96d5-f4e0-cdfb-163a44ff4afd","FullyQualifiedName":"Demo.Teste.AssertingRangesTests.Funcionario_Salario_FaixasSalariaisDevemRespeitarNivelProfissional","DisplayName":"Demo.Teste.AssertingRangesTests.Funcionario_Salario_FaixasSalariaisDevemRespeitarNivelProfissional(salario: 2000)","ExecutorUri":"executor://xunit/VsTestRunner2/netcoreapp","Source":"F:\\Projetos ASP.NET\\Curso Testes\\TestesDeSoftware\\01 - Testes de Unidades\\Demo.Teste\\bin\\Release\\net6.0\\fine-code-coverage\\build-output\\Demo.Teste.dll","CodeFilePath":null,"LineNumber":0,"Properties":[]},"Attachments":[],"Outcome":1,"ErrorMessage":null,"ErrorStackTrace":null,"DisplayName":"Demo.Teste.AssertingRangesTests.Funcionario_Salario_FaixasSalariaisDevemRespeitarNivelProfissional(salario: 2000)","Messages":[],"ComputerName":"DESKTOP-I8JNLH9","Duration":"00:00:00.0000046","StartTime":"2022-12-23T21:25:03.9508727+00:00","EndTime":"2022-12-23T21:25:03.9508728+00:00","Properties":[]},{"TestCase":{"Id":"ba8798b8-f218-00a2-909d-202085818d9b","FullyQualifiedName":"Demo.Teste.CalculadoraTests.Calculadora_Somar_RetornarValoresSomaCorretos","DisplayName":"Retornar valor soma correto(v1: 2, v2: 2, total: 4)","ExecutorUri":"executor://xunit/VsTestRunner2/netcoreapp","Source":"F:\\Projetos ASP.NET\\Curso Testes\\TestesDeSoftware\\01 - Testes de Unidades\\Demo.Teste\\bin\\Release\\net6.0\\fine-code-coverage\\build-output\\Demo.Teste.dll","CodeFilePath":null,"LineNumber":0,"Properties":[{"Key":{"Id":"TestObject.Traits","Label":"Traits","Category":"","Description":"","Attributes":5,"ValueType":"System.Collections.Generic.KeyValuePair`2[[System.String],[System.String]][]"},"Value":[{"Key":"Demo","Value":"Validacao basicas"}]}]},"Attachments":[],"Outcome":1,"ErrorMessage":null,"ErrorStackTrace":null,"DisplayName":"Retornar valor soma correto(v1: 2, v2: 2, total: 4)","Messages":[],"ComputerName":"DESKTOP-I8JNLH9","Duration":"00:00:00.0000027","StartTime":"2022-12-23T21:25:03.9514487+00:00","EndTime":"2022-12-23T21:25:03.9514488+00:00","Properties":[]},{"TestCase":{"Id":"5d626692-0e3d-0e37-ba76-dfb183295aa0","FullyQualifiedName":"Demo.Teste.AssertingRangesTests.Funcionario_Salario_FaixasSalariaisDevemRespeitarNivelProfissional","DisplayName":"Demo.Teste.AssertingRangesTests.Funcionario_Salario_FaixasSalariaisDevemRespeitarNivelProfissional(salario: 1500)","ExecutorUri":"executor://xunit/VsTestRunner2/netcoreapp","Source":"F:\\Projetos ASP.NET\\Curso Testes\\TestesDeSoftware\\01 - Testes de Unidades\\Demo.Teste\\bin\\Release\\net6.0\\fine-code-coverage\\build-output\\Demo.Teste.dll","CodeFilePath":null,"LineNumber":0,"Properties":[]},"Attachments":[],"Outcome":1,"ErrorMessage":null,"ErrorStackTrace":null,"DisplayName":"Demo.Teste.AssertingRangesTests.Funcionario_Salario_FaixasSalariaisDevemRespeitarNivelProfissional(salario: 1500)","Messages":[],"ComputerName":"DESKTOP-I8JNLH9","Duration":"00:00:00.0000031","StartTime":"2022-12-23T21:25:03.9558416+00:00","EndTime":"2022-12-23T21:25:03.9558417+00:00","Properties":[]},{"TestCase":{"Id":"18a3b0b1-ef65-f415-c8c4-dc04b317b096","FullyQualifiedName":"Demo.Teste.CalculadoraTests.Calculadora_Somar_RetornarValoresSomaCorretos","DisplayName":"Retornar valor soma correto(v1: 15, v2: 15, total: 30)","ExecutorUri":"executor://xunit/VsTestRunner2/netcoreapp","Source":"F:\\Projetos ASP.NET\\Curso Testes\\TestesDeSoftware\\01 - Testes de Unidades\\Demo.Teste\\bin\\Release\\net6.0\\fine-code-coverage\\build-output\\Demo.Teste.dll","CodeFilePath":null,"LineNumber":0,"Properties":[{"Key":{"Id":"TestObject.Traits","Label":"Traits","Category":"","Description":"","Attributes":5,"ValueType":"System.Collections.Generic.KeyValuePair`2[[System.String],[System.String]][]"},"Value":[{"Key":"Demo","Value":"Validacao basicas"}]}]},"Attachments":[],"Outcome":1,"ErrorMessage":null,"ErrorStackTrace":null,"DisplayName":"Retornar valor soma correto(v1: 15, v2: 15, total: 30)","Messages":[],"ComputerName":"DESKTOP-I8JNLH9","Duration":"00:00:00.0000024","StartTime":"2022-12-23T21:25:03.9563765+00:00","EndTime":"2022-12-23T21:25:03.9563766+00:00","Properties":[]},{"TestCase":{"Id":"ae0d6453-846c-c50d-28c1-d27955abd299","FullyQualifiedName":"Demo.Teste.AssertingRangesTests.Funcionario_Salario_FaixasSalariaisDevemRespeitarNivelProfissional","DisplayName":"Demo.Teste.AssertingRangesTests.Funcionario_Salario_FaixasSalariaisDevemRespeitarNivelProfissional(salario: 15000)","ExecutorUri":"executor://xunit/VsTestRunner2/netcoreapp","Source":"F:\\Projetos ASP.NET\\Curso Testes\\TestesDeSoftware\\01 - Testes de Unidades\\Demo.Teste\\bin\\Release\\net6.0\\fine-code-coverage\\build-output\\Demo.Teste.dll","CodeFilePath":null,"LineNumber":0,"Properties":[]},"Attachments":[],"Outcome":1,"ErrorMessage":null,"ErrorStackTrace":null,"DisplayName":"Demo.Teste.AssertingRangesTests.Funcionario_Salario_FaixasSalariaisDevemRespeitarNivelProfissional(salario: 15000)","Messages":[],"ComputerName":"DESKTOP-I8JNLH9","Duration":"00:00:00.0000032","StartTime":"2022-12-23T21:25:03.9586583+00:00","EndTime":"2022-12-23T21:25:03.9586585+00:00","Properties":[]},{"TestCase":{"Id":"f5a7c4d6-28e1-eba0-a39f-81f4a3e5327c","FullyQualifiedName":"Demo.Teste.CalculadoraTests.Calculadora_Somar_RetornarValoresSomaCorretos","DisplayName":"Retornar valor soma correto(v1: 3, v2: 3, total: 6)","ExecutorUri":"executor://xunit/VsTestRunner2/netcoreapp","Source":"F:\\Projetos ASP.NET\\Curso Testes\\TestesDeSoftware\\01 - Testes de Unidades\\Demo.Teste\\bin\\Release\\net6.0\\fine-code-coverage\\build-output\\Demo.Teste.dll","CodeFilePath":null,"LineNumber":0,"Properties":[{"Key":{"Id":"TestObject.Traits","Label":"Traits","Category":"","Description":"","Attributes":5,"ValueType":"System.Collections.Generic.KeyValuePair`2[[System.String],[System.String]][]"},"Value":[{"Key":"Demo","Value":"Validacao basicas"}]}]},"Attachments":[],"Outcome":1,"ErrorMessage":null,"ErrorStackTrace":null,"DisplayName":"Retornar valor soma correto(v1: 3, v2: 3, total: 6)","Messages":[],"ComputerName":"DESKTOP-I8JNLH9","Duration":"00:00:00.0000023","StartTime":"2022-12-23T21:25:03.9592923+00:00","EndTime":"2022-12-23T21:25:03.9592923+00:00","Properties":[]}],"TestRunStatistics":{"ExecutedTests":16,"Stats":{"Passed":16}},"ActiveTests":[{"Id":"694036d4-944f-c985-fad3-8399569a2aec","FullyQualifiedName":"Demo.Teste.AssertingRangesTests.Funcionario_Salario_FaixasSalariaisDevemRespeitarNivelProfissional","DisplayName":"Demo.Teste.AssertingRangesTests.Funcionario_Salario_FaixasSalariaisDevemRespeitarNivelProfissional(salario: 7500)","ExecutorUri":"executor://xunit/VsTestRunner2/netcoreapp","Source":"F:\\Projetos ASP.NET\\Curso Testes\\TestesDeSoftware\\01 - Testes de Unidades\\Demo.Teste\\bin\\Release\\net6.0\\fine-code-coverage\\build-output\\Demo.Teste.dll","CodeFilePath":null,"LineNumber":0,"Properties":[]},{"Id":"e8c170be-f623-23b9-5a21-346027c3e234","FullyQualifiedName":"Demo.Teste.CalculadoraTests.Calculadora_Somar_RetornarValoresSomaCorretos","DisplayName":"Retornar valor soma correto(v1: 8, v2: 8, total: 16)","ExecutorUri":"executor://xunit/VsTestRunner2/netcoreapp","Source":"F:\\Projetos ASP.NET\\Curso Testes\\TestesDeSoftware\\01 - Testes de Unidades\\Demo.Teste\\bin\\Release\\net6.0\\fine-code-coverage\\build-output\\Demo.Teste.dll","CodeFilePath":null,"LineNumber":0,"Properties":[{"Key":{"Id":"TestObject.Traits","Label":"Traits","Category":"","Description":"","Attributes":5,"ValueType":"System.Collections.Generic.KeyValuePair`2[[System.String],[System.String]][]"},"Value":[{"Key":"Demo","Value":"Validacao basicas"}]}]}]}}
TpTrace Verbose: 0 : 23024, 7, 2022/12/23, 18:25:03.992, 2004835684364, vstest.console.dll, TestRunRequest:SendTestRunStatsChange: Starting.
TpTrace Verbose: 0 : 23024, 7, 2022/12/23, 18:25:03.992, 2004835685053, vstest.console.dll, InProgress is Demo.Teste.AssertingRangesTests.Funcionario_Salario_FaixasSalariaisDevemRespeitarNivelProfissional(salario: 7500)
TpTrace Verbose: 0 : 23024, 7, 2022/12/23, 18:25:03.992, 2004835685252, vstest.console.dll, InProgress is Retornar valor soma correto(v1: 8, v2: 8, total: 16)
TpTrace Verbose: 0 : 23024, 7, 2022/12/23, 18:25:03.992, 2004835685582, vstest.console.dll, MulticastDelegateUtilities.SafeInvoke: TestRun.RunStatsChanged: Invoking callbacks was skipped because there are no subscribers.
TpTrace Information: 0 : 23024, 7, 2022/12/23, 18:25:03.992, 2004835685765, vstest.console.dll, TestRunRequest:SendTestRunStatsChange: Completed.
TpTrace Verbose: 0 : 23024, 7, 2022/12/23, 18:25:03.992, 2004835685966, vstest.console.dll, MulticastDelegateUtilities.SafeInvoke: LengthPrefixCommunicationChannel: MessageReceived: Invoking callback 1/1 for Microsoft.VisualStudio.TestPlatform.CommunicationUtilities.TestRequestSender+<>c__DisplayClass30_0.<StartTestRun>b__1, took 1 ms.
TpTrace Verbose: 0 : 23024, 7, 2022/12/23, 18:25:03.992, 2004835686167, vstest.console.dll, TcpClientExtensions.MessageLoopAsync: Polling on remoteEndPoint: 127.0.0.1:63816 localEndPoint: 127.0.0.1:63815
TpTrace Verbose: 0 : 23024, 7, 2022/12/23, 18:25:03.992, 2004835686437, vstest.console.dll, TcpClientExtensions.MessageLoopAsync: NotifyDataAvailable remoteEndPoint: 127.0.0.1:63816 localEndPoint: 127.0.0.1:63815
TpTrace Verbose: 0 : 23024, 7, 2022/12/23, 18:25:03.992, 2004835687183, vstest.console.dll, TestRequestSender.OnExecutionMessageReceived: Received message: {"Version":5,"MessageType":"TestExecution.StatsChange","Payload":{"NewTestResults":[{"TestCase":{"Id":"e8c170be-f623-23b9-5a21-346027c3e234","FullyQualifiedName":"Demo.Teste.CalculadoraTests.Calculadora_Somar_RetornarValoresSomaCorretos","DisplayName":"Retornar valor soma correto(v1: 8, v2: 8, total: 16)","ExecutorUri":"executor://xunit/VsTestRunner2/netcoreapp","Source":"F:\\Projetos ASP.NET\\Curso Testes\\TestesDeSoftware\\01 - Testes de Unidades\\Demo.Teste\\bin\\Release\\net6.0\\fine-code-coverage\\build-output\\Demo.Teste.dll","CodeFilePath":null,"LineNumber":0,"Properties":[{"Key":{"Id":"TestObject.Traits","Label":"Traits","Category":"","Description":"","Attributes":5,"ValueType":"System.Collections.Generic.KeyValuePair`2[[System.String],[System.String]][]"},"Value":[{"Key":"Demo","Value":"Validacao basicas"}]}]},"Attachments":[],"Outcome":1,"ErrorMessage":null,"ErrorStackTrace":null,"DisplayName":"Retornar valor soma correto(v1: 8, v2: 8, total: 16)","Messages":[],"ComputerName":"DESKTOP-I8JNLH9","Duration":"00:00:00.0000020","StartTime":"2022-12-23T21:25:03.9616677+00:00","EndTime":"2022-12-23T21:25:03.9616679+00:00","Properties":[]},{"TestCase":{"Id":"694036d4-944f-c985-fad3-8399569a2aec","FullyQualifiedName":"Demo.Teste.AssertingRangesTests.Funcionario_Salario_FaixasSalariaisDevemRespeitarNivelProfissional","DisplayName":"Demo.Teste.AssertingRangesTests.Funcionario_Salario_FaixasSalariaisDevemRespeitarNivelProfissional(salario: 7500)","ExecutorUri":"executor://xunit/VsTestRunner2/netcoreapp","Source":"F:\\Projetos ASP.NET\\Curso Testes\\TestesDeSoftware\\01 - Testes de Unidades\\Demo.Teste\\bin\\Release\\net6.0\\fine-code-coverage\\build-output\\Demo.Teste.dll","CodeFilePath":null,"LineNumber":0,"Properties":[]},"Attachments":[],"Outcome":1,"ErrorMessage":null,"ErrorStackTrace":null,"DisplayName":"Demo.Teste.AssertingRangesTests.Funcionario_Salario_FaixasSalariaisDevemRespeitarNivelProfissional(salario: 7500)","Messages":[],"ComputerName":"DESKTOP-I8JNLH9","Duration":"00:00:00.0000028","StartTime":"2022-12-23T21:25:03.9624064+00:00","EndTime":"2022-12-23T21:25:03.9624064+00:00","Properties":[]},{"TestCase":{"Id":"be5440e5-65f5-3d71-0a53-e13163c7fae5","FullyQualifiedName":"Demo.Teste.AssertStringsTests.StringsTools_UnirNomes_DeveComecarCom","DisplayName":"Nome deve comecar com","ExecutorUri":"executor://xunit/VsTestRunner2/netcoreapp","Source":"F:\\Projetos ASP.NET\\Curso Testes\\TestesDeSoftware\\01 - Testes de Unidades\\Demo.Teste\\bin\\Release\\net6.0\\fine-code-coverage\\build-output\\Demo.Teste.dll","CodeFilePath":null,"LineNumber":0,"Properties":[{"Key":{"Id":"TestObject.Traits","Label":"Traits","Category":"","Description":"","Attributes":5,"ValueType":"System.Collections.Generic.KeyValuePair`2[[System.String],[System.String]][]"},"Value":[{"Key":"Demo","Value":"Validacao basicas"}]}]},"Attachments":[],"Outcome":1,"ErrorMessage":null,"ErrorStackTrace":null,"DisplayName":"Nome deve comecar com","Messages":[],"ComputerName":"DESKTOP-I8JNLH9","Duration":"00:00:00.0001292","StartTime":"2022-12-23T21:25:03.9665347+00:00","EndTime":"2022-12-23T21:25:03.9665348+00:00","Properties":[]},{"TestCase":{"Id":"6bef9197-a9af-d1fd-5404-77e5ea7abc9b","FullyQualifiedName":"Demo.Teste.AssertingObjectTypesTests.FuncionarioFactory_Criar_DeveRetornarTipoDerivadoPessoa","DisplayName":"Demo.Teste.AssertingObjectTypesTests.FuncionarioFactory_Criar_DeveRetornarTipoDerivadoPessoa","ExecutorUri":"executor://xunit/VsTestRunner2/netcoreapp","Source":"F:\\Projetos ASP.NET\\Curso Testes\\TestesDeSoftware\\01 - Testes de Unidades\\Demo.Teste\\bin\\Release\\net6.0\\fine-code-coverage\\build-output\\Demo.Teste.dll","CodeFilePath":null,"LineNumber":0,"Properties":[]},"Attachments":[],"Outcome":1,"ErrorMessage":null,"ErrorStackTrace":null,"DisplayName":"Demo.Teste.AssertingObjectTypesTests.FuncionarioFactory_Criar_DeveRetornarTipoDerivadoPessoa","Messages":[],"ComputerName":"DESKTOP-I8JNLH9","Duration":"00:00:00.0001608","StartTime":"2022-12-23T21:25:03.9703457+00:00","EndTime":"2022-12-23T21:25:03.9703459+00:00","Properties":[]}],"TestRunStatistics":{"ExecutedTests":20,"Stats":{"Passed":20}},"ActiveTests":[{"Id":"5f2ed5e9-3637-cfc2-3411-67ab23cd8fe8","FullyQualifiedName":"Demo.Teste.CalculadoraTests.Calculadora_Somar_Retonar_Valor_Soma","DisplayName":"Retornar valor soma","ExecutorUri":"executor://xunit/VsTestRunner2/netcoreapp","Source":"F:\\Projetos ASP.NET\\Curso Testes\\TestesDeSoftware\\01 - Testes de Unidades\\Demo.Teste\\bin\\Release\\net6.0\\fine-code-coverage\\build-output\\Demo.Teste.dll","CodeFilePath":null,"LineNumber":0,"Properties":[{"Key":{"Id":"TestObject.Traits","Label":"Traits","Category":"","Description":"","Attributes":5,"ValueType":"System.Collections.Generic.KeyValuePair`2[[System.String],[System.String]][]"},"Value":[{"Key":"Demo","Value":"Validacao basicas"}]}]},{"Id":"7941526d-4966-276a-b3b4-b67ec4ab6e6b","FullyQualifiedName":"Demo.Teste.AssertingExceptionsTests.Funcionario_Salario_DeveRetornarErroSalarioInferiorPermitido","DisplayName":"Demo.Teste.AssertingExceptionsTests.Funcionario_Salario_DeveRetornarErroSalarioInferiorPermitido","ExecutorUri":"executor://xunit/VsTestRunner2/netcoreapp","Source":"F:\\Projetos ASP.NET\\Curso Testes\\TestesDeSoftware\\01 - Testes de Unidades\\Demo.Teste\\bin\\Release\\net6.0\\fine-code-coverage\\build-output\\Demo.Teste.dll","CodeFilePath":null,"LineNumber":0,"Properties":[]},{"Id":"9a741b33-24e4-2f13-bead-614346a7ae85","FullyQualifiedName":"Demo.Teste.AssertingCollectionsTests.Funcionario_Habilidades_JuniorNaoDevePossuirHabilidadeAvancada","DisplayName":"Demo.Teste.AssertingCollectionsTests.Funcionario_Habilidades_JuniorNaoDevePossuirHabilidadeAvancada","ExecutorUri":"executor://xunit/VsTestRunner2/netcoreapp","Source":"F:\\Projetos ASP.NET\\Curso Testes\\TestesDeSoftware\\01 - Testes de Unidades\\Demo.Teste\\bin\\Release\\net6.0\\fine-code-coverage\\build-output\\Demo.Teste.dll","CodeFilePath":null,"LineNumber":0,"Properties":[]},{"Id":"43393e7c-7a1d-e952-a916-99e7877f1f9f","FullyQualifiedName":"Demo.Teste.AssertNumbersTests.Calculadora_Somar_NaoDeveSerIgual","DisplayName":"Demo.Teste.AssertNumbersTests.Calculadora_Somar_NaoDeveSerIgual","ExecutorUri":"executor://xunit/VsTestRunner2/netcoreapp","Source":"F:\\Projetos ASP.NET\\Curso Testes\\TestesDeSoftware\\01 - Testes de Unidades\\Demo.Teste\\bin\\Release\\net6.0\\fine-code-coverage\\build-output\\Demo.Teste.dll","CodeFilePath":null,"LineNumber":0,"Properties":[]},{"Id":"06e821c6-943b-0769-2b1d-43930ce96740","FullyQualifiedName":"Demo.Teste.AssertStringsTests.StringsTools_UnirNomes_DeveIgnorarCase","DisplayName":"Nome deve ignorar case sensitive","ExecutorUri":"executor://xunit/VsTestRunner2/netcoreapp","Source":"F:\\Projetos ASP.NET\\Curso Testes\\TestesDeSoftware\\01 - Testes de Unidades\\Demo.Teste\\bin\\Release\\net6.0\\fine-code-coverage\\build-output\\Demo.Teste.dll","CodeFilePath":null,"LineNumber":0,"Properties":[{"Key":{"Id":"TestObject.Traits","Label":"Traits","Category":"","Description":"","Attributes":5,"ValueType":"System.Collections.Generic.KeyValuePair`2[[System.String],[System.String]][]"},"Value":[{"Key":"Demo","Value":"Validacao basicas"}]}]},{"Id":"8f7cc66e-e989-4d83-a572-9afb398e2623","FullyQualifiedName":"Demo.Teste.AssertNullBoolTests.Funcionario_Apelido_NaoDeveTerApelido","DisplayName":"Demo.Teste.AssertNullBoolTests.Funcionario_Apelido_NaoDeveTerApelido","ExecutorUri":"executor://xunit/VsTestRunner2/netcoreapp","Source":"F:\\Projetos ASP.NET\\Curso Testes\\TestesDeSoftware\\01 - Testes de Unidades\\Demo.Teste\\bin\\Release\\net6.0\\fine-code-coverage\\build-output\\Demo.Teste.dll","CodeFilePath":null,"LineNumber":0,"Properties":[]}]}}
TpTrace Verbose: 0 : 23024, 4, 2022/12/23, 18:25:03.992, 2004835693123, vstest.console.dll, MulticastDelegateUtilities.SafeInvoke: InternalTestLoggerEvents.SendTestResult: Invoking callback 1/1 for Microsoft.VisualStudio.TestPlatform.CommandLine.Internal.ConsoleLogger.TestResultHandler, took 2 ms.
TpTrace Verbose: 0 : 23024, 4, 2022/12/23, 18:25:03.993, 2004835693892, vstest.console.dll, MulticastDelegateUtilities.SafeInvoke: InternalTestLoggerEvents.SendTestResult: Invoking callback 1/1 for Microsoft.VisualStudio.TestPlatform.CommandLine.Internal.ConsoleLogger.TestResultHandler, took 0 ms.
TpTrace Verbose: 0 : 23024, 4, 2022/12/23, 18:25:03.993, 2004835694270, vstest.console.dll, MulticastDelegateUtilities.SafeInvoke: InternalTestLoggerEvents.SendTestResult: Invoking callback 1/1 for Microsoft.VisualStudio.TestPlatform.CommandLine.Internal.ConsoleLogger.TestResultHandler, took 0 ms.
TpTrace Verbose: 0 : 23024, 4, 2022/12/23, 18:25:03.993, 2004835694582, vstest.console.dll, MulticastDelegateUtilities.SafeInvoke: InternalTestLoggerEvents.SendTestResult: Invoking callback 1/1 for Microsoft.VisualStudio.TestPlatform.CommandLine.Internal.ConsoleLogger.TestResultHandler, took 0 ms.
TpTrace Verbose: 0 : 23024, 4, 2022/12/23, 18:25:03.993, 2004835694877, vstest.console.dll, MulticastDelegateUtilities.SafeInvoke: InternalTestLoggerEvents.SendTestResult: Invoking callback 1/1 for Microsoft.VisualStudio.TestPlatform.CommandLine.Internal.ConsoleLogger.TestResultHandler, took 0 ms.
TpTrace Verbose: 0 : 23024, 4, 2022/12/23, 18:25:03.993, 2004835695165, vstest.console.dll, MulticastDelegateUtilities.SafeInvoke: InternalTestLoggerEvents.SendTestResult: Invoking callback 1/1 for Microsoft.VisualStudio.TestPlatform.CommandLine.Internal.ConsoleLogger.TestResultHandler, took 0 ms.
TpTrace Verbose: 0 : 23024, 4, 2022/12/23, 18:25:03.993, 2004835695454, vstest.console.dll, MulticastDelegateUtilities.SafeInvoke: InternalTestLoggerEvents.SendTestResult: Invoking callback 1/1 for Microsoft.VisualStudio.TestPlatform.CommandLine.Internal.ConsoleLogger.TestResultHandler, took 0 ms.
TpTrace Verbose: 0 : 23024, 4, 2022/12/23, 18:25:03.993, 2004835695747, vstest.console.dll, MulticastDelegateUtilities.SafeInvoke: InternalTestLoggerEvents.SendTestResult: Invoking callback 1/1 for Microsoft.VisualStudio.TestPlatform.CommandLine.Internal.ConsoleLogger.TestResultHandler, took 0 ms.
TpTrace Verbose: 0 : 23024, 4, 2022/12/23, 18:25:03.993, 2004835696072, vstest.console.dll, MulticastDelegateUtilities.SafeInvoke: InternalTestLoggerEvents.SendTestResult: Invoking callback 1/1 for Microsoft.VisualStudio.TestPlatform.CommandLine.Internal.ConsoleLogger.TestResultHandler, took 0 ms.
TpTrace Verbose: 0 : 23024, 7, 2022/12/23, 18:25:03.993, 2004835698119, vstest.console.dll, TestRunRequest:SendTestRunStatsChange: Starting.
TpTrace Verbose: 0 : 23024, 7, 2022/12/23, 18:25:03.993, 2004835698481, vstest.console.dll, InProgress is Retornar valor soma
TpTrace Verbose: 0 : 23024, 7, 2022/12/23, 18:25:03.993, 2004835698665, vstest.console.dll, InProgress is Demo.Teste.AssertingExceptionsTests.Funcionario_Salario_DeveRetornarErroSalarioInferiorPermitido
TpTrace Verbose: 0 : 23024, 7, 2022/12/23, 18:25:03.993, 2004835698825, vstest.console.dll, InProgress is Demo.Teste.AssertingCollectionsTests.Funcionario_Habilidades_JuniorNaoDevePossuirHabilidadeAvancada
TpTrace Verbose: 0 : 23024, 7, 2022/12/23, 18:25:03.993, 2004835698987, vstest.console.dll, InProgress is Demo.Teste.AssertNumbersTests.Calculadora_Somar_NaoDeveSerIgual
TpTrace Verbose: 0 : 23024, 7, 2022/12/23, 18:25:03.993, 2004835699138, vstest.console.dll, InProgress is Nome deve ignorar case sensitive
TpTrace Verbose: 0 : 23024, 7, 2022/12/23, 18:25:03.993, 2004835699286, vstest.console.dll, InProgress is Demo.Teste.AssertNullBoolTests.Funcionario_Apelido_NaoDeveTerApelido
TpTrace Verbose: 0 : 23024, 7, 2022/12/23, 18:25:03.993, 2004835699488, vstest.console.dll, MulticastDelegateUtilities.SafeInvoke: TestRun.RunStatsChanged: Invoking callbacks was skipped because there are no subscribers.
TpTrace Information: 0 : 23024, 7, 2022/12/23, 18:25:03.993, 2004835699647, vstest.console.dll, TestRunRequest:SendTestRunStatsChange: Completed.
TpTrace Verbose: 0 : 23024, 7, 2022/12/23, 18:25:03.993, 2004835699835, vstest.console.dll, MulticastDelegateUtilities.SafeInvoke: LengthPrefixCommunicationChannel: MessageReceived: Invoking callback 1/1 for Microsoft.VisualStudio.TestPlatform.CommunicationUtilities.TestRequestSender+<>c__DisplayClass30_0.<StartTestRun>b__1, took 1 ms.
TpTrace Verbose: 0 : 23024, 7, 2022/12/23, 18:25:03.993, 2004835700020, vstest.console.dll, TcpClientExtensions.MessageLoopAsync: Polling on remoteEndPoint: 127.0.0.1:63816 localEndPoint: 127.0.0.1:63815
TpTrace Verbose: 0 : 23024, 7, 2022/12/23, 18:25:03.993, 2004835700231, vstest.console.dll, TcpClientExtensions.MessageLoopAsync: NotifyDataAvailable remoteEndPoint: 127.0.0.1:63816 localEndPoint: 127.0.0.1:63815
TpTrace Verbose: 0 : 23024, 7, 2022/12/23, 18:25:03.993, 2004835700946, vstest.console.dll, TestRequestSender.OnExecutionMessageReceived: Received message: {"Version":5,"MessageType":"TestExecution.StatsChange","Payload":{"NewTestResults":[{"TestCase":{"Id":"7941526d-4966-276a-b3b4-b67ec4ab6e6b","FullyQualifiedName":"Demo.Teste.AssertingExceptionsTests.Funcionario_Salario_DeveRetornarErroSalarioInferiorPermitido","DisplayName":"Demo.Teste.AssertingExceptionsTests.Funcionario_Salario_DeveRetornarErroSalarioInferiorPermitido","ExecutorUri":"executor://xunit/VsTestRunner2/netcoreapp","Source":"F:\\Projetos ASP.NET\\Curso Testes\\TestesDeSoftware\\01 - Testes de Unidades\\Demo.Teste\\bin\\Release\\net6.0\\fine-code-coverage\\build-output\\Demo.Teste.dll","CodeFilePath":null,"LineNumber":0,"Properties":[]},"Attachments":[],"Outcome":1,"ErrorMessage":null,"ErrorStackTrace":null,"DisplayName":"Demo.Teste.AssertingExceptionsTests.Funcionario_Salario_DeveRetornarErroSalarioInferiorPermitido","Messages":[],"ComputerName":"DESKTOP-I8JNLH9","Duration":"00:00:00.0001966","StartTime":"2022-12-23T21:25:03.9719161+00:00","EndTime":"2022-12-23T21:25:03.9719161+00:00","Properties":[]},{"TestCase":{"Id":"43393e7c-7a1d-e952-a916-99e7877f1f9f","FullyQualifiedName":"Demo.Teste.AssertNumbersTests.Calculadora_Somar_NaoDeveSerIgual","DisplayName":"Demo.Teste.AssertNumbersTests.Calculadora_Somar_NaoDeveSerIgual","ExecutorUri":"executor://xunit/VsTestRunner2/netcoreapp","Source":"F:\\Projetos ASP.NET\\Curso Testes\\TestesDeSoftware\\01 - Testes de Unidades\\Demo.Teste\\bin\\Release\\net6.0\\fine-code-coverage\\build-output\\Demo.Teste.dll","CodeFilePath":null,"LineNumber":0,"Properties":[]},"Attachments":[],"Outcome":1,"ErrorMessage":null,"ErrorStackTrace":null,"DisplayName":"Demo.Teste.AssertNumbersTests.Calculadora_Somar_NaoDeveSerIgual","Messages":[],"ComputerName":"DESKTOP-I8JNLH9","Duration":"00:00:00.0001994","StartTime":"2022-12-23T21:25:03.9725346+00:00","EndTime":"2022-12-23T21:25:03.9725347+00:00","Properties":[]},{"TestCase":{"Id":"06e821c6-943b-0769-2b1d-43930ce96740","FullyQualifiedName":"Demo.Teste.AssertStringsTests.StringsTools_UnirNomes_DeveIgnorarCase","DisplayName":"Nome deve ignorar case sensitive","ExecutorUri":"executor://xunit/VsTestRunner2/netcoreapp","Source":"F:\\Projetos ASP.NET\\Curso Testes\\TestesDeSoftware\\01 - Testes de Unidades\\Demo.Teste\\bin\\Release\\net6.0\\fine-code-coverage\\build-output\\Demo.Teste.dll","CodeFilePath":null,"LineNumber":0,"Properties":[{"Key":{"Id":"TestObject.Traits","Label":"Traits","Category":"","Description":"","Attributes":5,"ValueType":"System.Collections.Generic.KeyValuePair`2[[System.String],[System.String]][]"},"Value":[{"Key":"Demo","Value":"Validacao basicas"}]}]},"Attachments":[],"Outcome":1,"ErrorMessage":null,"ErrorStackTrace":null,"DisplayName":"Nome deve ignorar case sensitive","Messages":[],"ComputerName":"DESKTOP-I8JNLH9","Duration":"00:00:00.0000631","StartTime":"2022-12-23T21:25:03.9731889+00:00","EndTime":"2022-12-23T21:25:03.973189+00:00","Properties":[]},{"TestCase":{"Id":"5f2ed5e9-3637-cfc2-3411-67ab23cd8fe8","FullyQualifiedName":"Demo.Teste.CalculadoraTests.Calculadora_Somar_Retonar_Valor_Soma","DisplayName":"Retornar valor soma","ExecutorUri":"executor://xunit/VsTestRunner2/netcoreapp","Source":"F:\\Projetos ASP.NET\\Curso Testes\\TestesDeSoftware\\01 - Testes de Unidades\\Demo.Teste\\bin\\Release\\net6.0\\fine-code-coverage\\build-output\\Demo.Teste.dll","CodeFilePath":null,"LineNumber":0,"Properties":[{"Key":{"Id":"TestObject.Traits","Label":"Traits","Category":"","Description":"","Attributes":5,"ValueType":"System.Collections.Generic.KeyValuePair`2[[System.String],[System.String]][]"},"Value":[{"Key":"Demo","Value":"Validacao basicas"}]}]},"Attachments":[],"Outcome":1,"ErrorMessage":null,"ErrorStackTrace":null,"DisplayName":"Retornar valor soma","Messages":[],"ComputerName":"DESKTOP-I8JNLH9","Duration":"00:00:00.0002345","StartTime":"2022-12-23T21:25:03.974742+00:00","EndTime":"2022-12-23T21:25:03.9747422+00:00","Properties":[]},{"TestCase":{"Id":"21899c9b-084c-7fc2-a0af-225ef2a2bb36","FullyQualifiedName":"Demo.Teste.CalculadoraTests.Calculadora_Somar_Retonar_Valor_Divisao","DisplayName":"Retornar valor divisao","ExecutorUri":"executor://xunit/VsTestRunner2/netcoreapp","Source":"F:\\Projetos ASP.NET\\Curso Testes\\TestesDeSoftware\\01 - Testes de Unidades\\Demo.Teste\\bin\\Release\\net6.0\\fine-code-coverage\\build-output\\Demo.Teste.dll","CodeFilePath":null,"LineNumber":0,"Properties":[{"Key":{"Id":"TestObject.Traits","Label":"Traits","Category":"","Description":"","Attributes":5,"ValueType":"System.Collections.Generic.KeyValuePair`2[[System.String],[System.String]][]"},"Value":[{"Key":"Demo","Value":"Validacao basicas"}]}]},"Attachments":[],"Outcome":1,"ErrorMessage":null,"ErrorStackTrace":null,"DisplayName":"Retornar valor divisao","Messages":[],"ComputerName":"DESKTOP-I8JNLH9","Duration":"00:00:00.0000530","StartTime":"2022-12-23T21:25:03.9760191+00:00","EndTime":"2022-12-23T21:25:03.9760192+00:00","Properties":[]},{"TestCase":{"Id":"868a561f-02ee-fc02-af8f-a5499aecb1c9","FullyQualifiedName":"Demo.Teste.AssertStringsTests.StringsTools_UnirNomes_DeveAcabarCom","DisplayName":"Nome deve terminar com","ExecutorUri":"executor://xunit/VsTestRunner2/netcoreapp","Source":"F:\\Projetos ASP.NET\\Curso Testes\\TestesDeSoftware\\01 - Testes de Unidades\\Demo.Teste\\bin\\Release\\net6.0\\fine-code-coverage\\build-output\\Demo.Teste.dll","CodeFilePath":null,"LineNumber":0,"Properties":[{"Key":{"Id":"TestObject.Traits","Label":"Traits","Category":"","Description":"","Attributes":5,"ValueType":"System.Collections.Generic.KeyValuePair`2[[System.String],[System.String]][]"},"Value":[{"Key":"Demo","Value":"Validacao basicas"}]}]},"Attachments":[],"Outcome":1,"ErrorMessage":null,"ErrorStackTrace":null,"DisplayName":"Nome deve terminar com","Messages":[],"ComputerName":"DESKTOP-I8JNLH9","Duration":"00:00:00.0001045","StartTime":"2022-12-23T21:25:03.9766635+00:00","EndTime":"2022-12-23T21:25:03.9766635+00:00","Properties":[]},{"TestCase":{"Id":"8f7cc66e-e989-4d83-a572-9afb398e2623","FullyQualifiedName":"Demo.Teste.AssertNullBoolTests.Funcionario_Apelido_NaoDeveTerApelido","DisplayName":"Demo.Teste.AssertNullBoolTests.Funcionario_Apelido_NaoDeveTerApelido","ExecutorUri":"executor://xunit/VsTestRunner2/netcoreapp","Source":"F:\\Projetos ASP.NET\\Curso Testes\\TestesDeSoftware\\01 - Testes de Unidades\\Demo.Teste\\bin\\Release\\net6.0\\fine-code-coverage\\build-output\\Demo.Teste.dll","CodeFilePath":null,"LineNumber":0,"Properties":[]},"Attachments":[],"Outcome":1,"ErrorMessage":null,"ErrorStackTrace":null,"DisplayName":"Demo.Teste.AssertNullBoolTests.Funcionario_Apelido_NaoDeveTerApelido","Messages":[],"ComputerName":"DESKTOP-I8JNLH9","Duration":"00:00:00.0001882","StartTime":"2022-12-23T21:25:03.9778684+00:00","EndTime":"2022-12-23T21:25:03.9778685+00:00","Properties":[]},{"TestCase":{"Id":"9a741b33-24e4-2f13-bead-614346a7ae85","FullyQualifiedName":"Demo.Teste.AssertingCollectionsTests.Funcionario_Habilidades_JuniorNaoDevePossuirHabilidadeAvancada","DisplayName":"Demo.Teste.AssertingCollectionsTests.Funcionario_Habilidades_JuniorNaoDevePossuirHabilidadeAvancada","ExecutorUri":"executor://xunit/VsTestRunner2/netcoreapp","Source":"F:\\Projetos ASP.NET\\Curso Testes\\TestesDeSoftware\\01 - Testes de Unidades\\Demo.Teste\\bin\\Release\\net6.0\\fine-code-coverage\\build-output\\Demo.Teste.dll","CodeFilePath":null,"LineNumber":0,"Properties":[]},"Attachments":[],"Outcome":1,"ErrorMessage":null,"ErrorStackTrace":null,"DisplayName":"Demo.Teste.AssertingCollectionsTests.Funcionario_Habilidades_JuniorNaoDevePossuirHabilidadeAvancada","Messages":[],"ComputerName":"DESKTOP-I8JNLH9","Duration":"00:00:00.0019264","StartTime":"2022-12-23T21:25:03.9784651+00:00","EndTime":"2022-12-23T21:25:03.9784652+00:00","Properties":[]}],"TestRunStatistics":{"ExecutedTests":28,"Stats":{"Passed":28}},"ActiveTests":[{"Id":"38aa2131-79d6-438f-0d32-82244b665ca9","FullyQualifiedName":"Demo.Teste.AssertStringsTests.StringsTools_UnirNomes_DeveConterTrecho","DisplayName":"Nome deve conter palavra","ExecutorUri":"executor://xunit/VsTestRunner2/netcoreapp","Source":"F:\\Projetos ASP.NET\\Curso Testes\\TestesDeSoftware\\01 - Testes de Unidades\\Demo.Teste\\bin\\Release\\net6.0\\fine-code-coverage\\build-output\\Demo.Teste.dll","CodeFilePath":null,"LineNumber":0,"Properties":[{"Key":{"Id":"TestObject.Traits","Label":"Traits","Category":"","Description":"","Attributes":5,"ValueType":"System.Collections.Generic.KeyValuePair`2[[System.String],[System.String]][]"},"Value":[{"Key":"Demo","Value":"Validacao basicas"}]}]},{"Id":"a3fb1c6c-5c91-7650-3414-ebd234853370","FullyQualifiedName":"Demo.Teste.AssertingCollectionsTests.Funcionario_Habilidades_SeniorDevePossuirTodasHabilidades","DisplayName":"Demo.Teste.AssertingCollectionsTests.Funcionario_Habilidades_SeniorDevePossuirTodasHabilidades","ExecutorUri":"executor://xunit/VsTestRunner2/netcoreapp","Source":"F:\\Projetos ASP.NET\\Curso Testes\\TestesDeSoftware\\01 - Testes de Unidades\\Demo.Teste\\bin\\Release\\net6.0\\fine-code-coverage\\build-output\\Demo.Teste.dll","CodeFilePath":null,"LineNumber":0,"Properties":[]}]}}
TpTrace Verbose: 0 : 23024, 4, 2022/12/23, 18:25:03.994, 2004835710840, vstest.console.dll, MulticastDelegateUtilities.SafeInvoke: InternalTestLoggerEvents.SendTestResult: Invoking callback 1/1 for Microsoft.VisualStudio.TestPlatform.CommandLine.Internal.ConsoleLogger.TestResultHandler, took 1 ms.
TpTrace Verbose: 0 : 23024, 4, 2022/12/23, 18:25:03.994, 2004835711376, vstest.console.dll, MulticastDelegateUtilities.SafeInvoke: InternalTestLoggerEvents.SendTestResult: Invoking callback 1/1 for Microsoft.VisualStudio.TestPlatform.CommandLine.Internal.ConsoleLogger.TestResultHandler, took 0 ms.
TpTrace Verbose: 0 : 23024, 4, 2022/12/23, 18:25:03.994, 2004835711757, vstest.console.dll, MulticastDelegateUtilities.SafeInvoke: InternalTestLoggerEvents.SendTestResult: Invoking callback 1/1 for Microsoft.VisualStudio.TestPlatform.CommandLine.Internal.ConsoleLogger.TestResultHandler, took 0 ms.
TpTrace Verbose: 0 : 23024, 4, 2022/12/23, 18:25:03.994, 2004835712115, vstest.console.dll, MulticastDelegateUtilities.SafeInvoke: InternalTestLoggerEvents.SendTestResult: Invoking callback 1/1 for Microsoft.VisualStudio.TestPlatform.CommandLine.Internal.ConsoleLogger.TestResultHandler, took 0 ms.
TpTrace Verbose: 0 : 23024, 4, 2022/12/23, 18:25:03.994, 2004835712424, vstest.console.dll, MulticastDelegateUtilities.SafeInvoke: InternalTestLoggerEvents.SendTestResult: Invoking callback 1/1 for Microsoft.VisualStudio.TestPlatform.CommandLine.Internal.ConsoleLogger.TestResultHandler, took 0 ms.
TpTrace Verbose: 0 : 23024, 4, 2022/12/23, 18:25:03.994, 2004835712720, vstest.console.dll, MulticastDelegateUtilities.SafeInvoke: InternalTestLoggerEvents.SendTestResult: Invoking callback 1/1 for Microsoft.VisualStudio.TestPlatform.CommandLine.Internal.ConsoleLogger.TestResultHandler, took 0 ms.
TpTrace Verbose: 0 : 23024, 4, 2022/12/23, 18:25:03.994, 2004835713009, vstest.console.dll, MulticastDelegateUtilities.SafeInvoke: InternalTestLoggerEvents.SendTestResult: Invoking callback 1/1 for Microsoft.VisualStudio.TestPlatform.CommandLine.Internal.ConsoleLogger.TestResultHandler, took 0 ms.
TpTrace Verbose: 0 : 23024, 4, 2022/12/23, 18:25:03.994, 2004835713333, vstest.console.dll, MulticastDelegateUtilities.SafeInvoke: InternalTestLoggerEvents.SendTestResult: Invoking callback 1/1 for Microsoft.VisualStudio.TestPlatform.CommandLine.Internal.ConsoleLogger.TestResultHandler, took 0 ms.
TpTrace Verbose: 0 : 23024, 4, 2022/12/23, 18:25:03.995, 2004835713638, vstest.console.dll, MulticastDelegateUtilities.SafeInvoke: InternalTestLoggerEvents.SendTestResult: Invoking callback 1/1 for Microsoft.VisualStudio.TestPlatform.CommandLine.Internal.ConsoleLogger.TestResultHandler, took 0 ms.
TpTrace Verbose: 0 : 23024, 4, 2022/12/23, 18:25:03.995, 2004835713935, vstest.console.dll, MulticastDelegateUtilities.SafeInvoke: InternalTestLoggerEvents.SendTestResult: Invoking callback 1/1 for Microsoft.VisualStudio.TestPlatform.CommandLine.Internal.ConsoleLogger.TestResultHandler, took 0 ms.
TpTrace Verbose: 0 : 23024, 4, 2022/12/23, 18:25:03.995, 2004835714217, vstest.console.dll, MulticastDelegateUtilities.SafeInvoke: InternalTestLoggerEvents.SendTestResult: Invoking callback 1/1 for Microsoft.VisualStudio.TestPlatform.CommandLine.Internal.ConsoleLogger.TestResultHandler, took 0 ms.
TpTrace Verbose: 0 : 23024, 7, 2022/12/23, 18:25:03.995, 2004835714921, vstest.console.dll, TestRunRequest:SendTestRunStatsChange: Starting.
TpTrace Verbose: 0 : 23024, 7, 2022/12/23, 18:25:03.995, 2004835715266, vstest.console.dll, InProgress is Nome deve conter palavra
TpTrace Verbose: 0 : 23024, 7, 2022/12/23, 18:25:03.995, 2004835715439, vstest.console.dll, InProgress is Demo.Teste.AssertingCollectionsTests.Funcionario_Habilidades_SeniorDevePossuirTodasHabilidades
TpTrace Verbose: 0 : 23024, 7, 2022/12/23, 18:25:03.995, 2004835715706, vstest.console.dll, MulticastDelegateUtilities.SafeInvoke: TestRun.RunStatsChanged: Invoking callbacks was skipped because there are no subscribers.
TpTrace Information: 0 : 23024, 7, 2022/12/23, 18:25:03.995, 2004835715888, vstest.console.dll, TestRunRequest:SendTestRunStatsChange: Completed.
TpTrace Verbose: 0 : 23024, 7, 2022/12/23, 18:25:03.995, 2004835716073, vstest.console.dll, MulticastDelegateUtilities.SafeInvoke: LengthPrefixCommunicationChannel: MessageReceived: Invoking callback 1/1 for Microsoft.VisualStudio.TestPlatform.CommunicationUtilities.TestRequestSender+<>c__DisplayClass30_0.<StartTestRun>b__1, took 1 ms.
TpTrace Verbose: 0 : 23024, 7, 2022/12/23, 18:25:03.995, 2004835716254, vstest.console.dll, TcpClientExtensions.MessageLoopAsync: Polling on remoteEndPoint: 127.0.0.1:63816 localEndPoint: 127.0.0.1:63815
TpTrace Verbose: 0 : 23024, 4, 2022/12/23, 18:25:03.995, 2004835716276, vstest.console.dll, MulticastDelegateUtilities.SafeInvoke: InternalTestLoggerEvents.SendTestResult: Invoking callback 1/1 for Microsoft.VisualStudio.TestPlatform.CommandLine.Internal.ConsoleLogger.TestResultHandler, took 0 ms.
TpTrace Verbose: 0 : 23024, 4, 2022/12/23, 18:25:03.995, 2004835717055, vstest.console.dll, MulticastDelegateUtilities.SafeInvoke: InternalTestLoggerEvents.SendTestResult: Invoking callback 1/1 for Microsoft.VisualStudio.TestPlatform.CommandLine.Internal.ConsoleLogger.TestResultHandler, took 0 ms.
TpTrace Verbose: 0 : 23024, 7, 2022/12/23, 18:25:03.995, 2004835716509, vstest.console.dll, TcpClientExtensions.MessageLoopAsync: NotifyDataAvailable remoteEndPoint: 127.0.0.1:63816 localEndPoint: 127.0.0.1:63815
TpTrace Verbose: 0 : 23024, 4, 2022/12/23, 18:25:03.995, 2004835717398, vstest.console.dll, MulticastDelegateUtilities.SafeInvoke: InternalTestLoggerEvents.SendTestResult: Invoking callback 1/1 for Microsoft.VisualStudio.TestPlatform.CommandLine.Internal.ConsoleLogger.TestResultHandler, took 0 ms.
TpTrace Verbose: 0 : 23024, 7, 2022/12/23, 18:25:03.995, 2004835717869, vstest.console.dll, TestRequestSender.OnExecutionMessageReceived: Received message: {"Version":5,"MessageType":"TestSession.Message","Payload":{"MessageLevel":0,"Message":"[xUnit.net 00:00:00.47]   Finished:    Demo.Teste"}}
TpTrace Verbose: 0 : 23024, 4, 2022/12/23, 18:25:03.995, 2004835718031, vstest.console.dll, MulticastDelegateUtilities.SafeInvoke: InternalTestLoggerEvents.SendTestResult: Invoking callback 1/1 for Microsoft.VisualStudio.TestPlatform.CommandLine.Internal.ConsoleLogger.TestResultHandler, took 0 ms.
TpTrace Verbose: 0 : 23024, 4, 2022/12/23, 18:25:03.995, 2004835718366, vstest.console.dll, MulticastDelegateUtilities.SafeInvoke: InternalTestLoggerEvents.SendTestResult: Invoking callback 1/1 for Microsoft.VisualStudio.TestPlatform.CommandLine.Internal.ConsoleLogger.TestResultHandler, took 0 ms.
TpTrace Verbose: 0 : 23024, 4, 2022/12/23, 18:25:03.995, 2004835718647, vstest.console.dll, MulticastDelegateUtilities.SafeInvoke: InternalTestLoggerEvents.SendTestResult: Invoking callback 1/1 for Microsoft.VisualStudio.TestPlatform.CommandLine.Internal.ConsoleLogger.TestResultHandler, took 0 ms.
TpTrace Verbose: 0 : 23024, 7, 2022/12/23, 18:25:03.995, 2004835718671, vstest.console.dll, TestRunRequest:SendTestRunMessage: Starting.
TpTrace Verbose: 0 : 23024, 7, 2022/12/23, 18:25:03.995, 2004835719198, vstest.console.dll, MulticastDelegateUtilities.SafeInvoke: TestRun.LogMessages: Invoking callback 1/1 for Microsoft.VisualStudio.TestPlatform.CommandLine.TestRunResultAggregator.TestRunMessageHandler, took 0 ms.
TpTrace Information: 0 : 23024, 7, 2022/12/23, 18:25:03.995, 2004835719569, vstest.console.dll, TestRunRequest:SendTestRunMessage: Completed.
TpTrace Verbose: 0 : 23024, 4, 2022/12/23, 18:25:03.995, 2004835719704, vstest.console.dll, MulticastDelegateUtilities.SafeInvoke: InternalTestLoggerEvents.SendTestResult: Invoking callback 1/1 for Microsoft.VisualStudio.TestPlatform.CommandLine.Internal.ConsoleLogger.TestResultHandler, took 0 ms.
TpTrace Verbose: 0 : 23024, 4, 2022/12/23, 18:25:03.995, 2004835720207, vstest.console.dll, MulticastDelegateUtilities.SafeInvoke: InternalTestLoggerEvents.SendTestResult: Invoking callback 1/1 for Microsoft.VisualStudio.TestPlatform.CommandLine.Internal.ConsoleLogger.TestResultHandler, took 0 ms.
TpTrace Verbose: 0 : 23024, 7, 2022/12/23, 18:25:03.995, 2004835719820, vstest.console.dll, MulticastDelegateUtilities.SafeInvoke: LengthPrefixCommunicationChannel: MessageReceived: Invoking callback 1/1 for Microsoft.VisualStudio.TestPlatform.CommunicationUtilities.TestRequestSender+<>c__DisplayClass30_0.<StartTestRun>b__1, took 0 ms.
TpTrace Verbose: 0 : 23024, 4, 2022/12/23, 18:25:03.995, 2004835720514, vstest.console.dll, MulticastDelegateUtilities.SafeInvoke: InternalTestLoggerEvents.SendTestRunMessage: Invoking callback 1/1 for Microsoft.VisualStudio.TestPlatform.CommandLine.Internal.ConsoleLogger.TestMessageHandler, took 0 ms.
TpTrace Verbose: 0 : 23024, 7, 2022/12/23, 18:25:03.995, 2004835720793, vstest.console.dll, TcpClientExtensions.MessageLoopAsync: Polling on remoteEndPoint: 127.0.0.1:63816 localEndPoint: 127.0.0.1:63815
TpTrace Verbose: 0 : 23024, 7, 2022/12/23, 18:25:03.995, 2004835721363, vstest.console.dll, TcpClientExtensions.MessageLoopAsync: NotifyDataAvailable remoteEndPoint: 127.0.0.1:63816 localEndPoint: 127.0.0.1:63815
TpTrace Verbose: 0 : 23024, 7, 2022/12/23, 18:25:03.995, 2004835721920, vstest.console.dll, TestRequestSender.OnExecutionMessageReceived: Received message: {"Version":5,"MessageType":"TestExecution.Completed","Payload":{"TestRunCompleteArgs":{"TestRunStatistics":{"ExecutedTests":32,"Stats":{"Passed":32}},"IsCanceled":false,"IsAborted":false,"Error":null,"AttachmentSets":[],"ElapsedTimeInRunningTests":"00:00:00.4765744","Metrics":{}},"LastRunTests":{"NewTestResults":[{"TestCase":{"Id":"a3fb1c6c-5c91-7650-3414-ebd234853370","FullyQualifiedName":"Demo.Teste.AssertingCollectionsTests.Funcionario_Habilidades_SeniorDevePossuirTodasHabilidades","DisplayName":"Demo.Teste.AssertingCollectionsTests.Funcionario_Habilidades_SeniorDevePossuirTodasHabilidades","ExecutorUri":"executor://xunit/VsTestRunner2/netcoreapp","Source":"F:\\Projetos ASP.NET\\Curso Testes\\TestesDeSoftware\\01 - Testes de Unidades\\Demo.Teste\\bin\\Release\\net6.0\\fine-code-coverage\\build-output\\Demo.Teste.dll","CodeFilePath":null,"LineNumber":0,"Properties":[]},"Attachments":[],"Outcome":1,"ErrorMessage":null,"ErrorStackTrace":null,"DisplayName":"Demo.Teste.AssertingCollectionsTests.Funcionario_Habilidades_SeniorDevePossuirTodasHabilidades","Messages":[],"ComputerName":"DESKTOP-I8JNLH9","Duration":"00:00:00.0021500","StartTime":"2022-12-23T21:25:03.9799765+00:00","EndTime":"2022-12-23T21:25:03.9799765+00:00","Properties":[]},{"TestCase":{"Id":"3a8883ed-4403-19fa-0767-f50865868129","FullyQualifiedName":"Demo.Teste.AssertingCollectionsTests.Funcionario_Habilidades_NaoDevePossuirHabilidadesVazias","DisplayName":"Demo.Teste.AssertingCollectionsTests.Funcionario_Habilidades_NaoDevePossuirHabilidadesVazias","ExecutorUri":"executor://xunit/VsTestRunner2/netcoreapp","Source":"F:\\Projetos ASP.NET\\Curso Testes\\TestesDeSoftware\\01 - Testes de Unidades\\Demo.Teste\\bin\\Release\\net6.0\\fine-code-coverage\\build-output\\Demo.Teste.dll","CodeFilePath":null,"LineNumber":0,"Properties":[]},"Attachments":[],"Outcome":1,"ErrorMessage":null,"ErrorStackTrace":null,"DisplayName":"Demo.Teste.AssertingCollectionsTests.Funcionario_Habilidades_NaoDevePossuirHabilidadesVazias","Messages":[],"ComputerName":"DESKTOP-I8JNLH9","Duration":"00:00:00.0006564","StartTime":"2022-12-23T21:25:03.9809893+00:00","EndTime":"2022-12-23T21:25:03.9809894+00:00","Properties":[]},{"TestCase":{"Id":"38aa2131-79d6-438f-0d32-82244b665ca9","FullyQualifiedName":"Demo.Teste.AssertStringsTests.StringsTools_UnirNomes_DeveConterTrecho","DisplayName":"Nome deve conter palavra","ExecutorUri":"executor://xunit/VsTestRunner2/netcoreapp","Source":"F:\\Projetos ASP.NET\\Curso Testes\\TestesDeSoftware\\01 - Testes de Unidades\\Demo.Teste\\bin\\Release\\net6.0\\fine-code-coverage\\build-output\\Demo.Teste.dll","CodeFilePath":null,"LineNumber":0,"Properties":[{"Key":{"Id":"TestObject.Traits","Label":"Traits","Category":"","Description":"","Attributes":5,"ValueType":"System.Collections.Generic.KeyValuePair`2[[System.String],[System.String]][]"},"Value":[{"Key":"Demo","Value":"Validacao basicas"}]}]},"Attachments":[],"Outcome":1,"ErrorMessage":null,"ErrorStackTrace":null,"DisplayName":"Nome deve conter palavra","Messages":[],"ComputerName":"DESKTOP-I8JNLH9","Duration":"00:00:00.0097536","StartTime":"2022-12-23T21:25:03.9815218+00:00","EndTime":"2022-12-23T21:25:03.9815218+00:00","Properties":[]},{"TestCase":{"Id":"ee9d9328-8819-fb29-4697-adcbf94da184","FullyQualifiedName":"Demo.Teste.AssertStringsTests.StringsTools_UnirNomes_ValidarExpressaoRegular","DisplayName":"Some somente texto","ExecutorUri":"executor://xunit/VsTestRunner2/netcoreapp","Source":"F:\\Projetos ASP.NET\\Curso Testes\\TestesDeSoftware\\01 - Testes de Unidades\\Demo.Teste\\bin\\Release\\net6.0\\fine-code-coverage\\build-output\\Demo.Teste.dll","CodeFilePath":null,"LineNumber":0,"Properties":[{"Key":{"Id":"TestObject.Traits","Label":"Traits","Category":"","Description":"","Attributes":5,"ValueType":"System.Collections.Generic.KeyValuePair`2[[System.String],[System.String]][]"},"Value":[{"Key":"Demo","Value":"Validacao basicas"}]}]},"Attachments":[],"Outcome":1,"ErrorMessage":null,"ErrorStackTrace":null,"DisplayName":"Some somente texto","Messages":[],"ComputerName":"DESKTOP-I8JNLH9","Duration":"00:00:00.0038571","StartTime":"2022-12-23T21:25:03.982717+00:00","EndTime":"2022-12-23T21:25:03.9827171+00:00","Properties":[]}],"TestRunStatistics":{"ExecutedTests":32,"Stats":{"Passed":32}},"ActiveTests":[]},"RunAttachments":[],"ExecutorUris":["executor://xunit/VsTestRunner2/netcoreapp"]}}
TpTrace Verbose: 0 : 23024, 7, 2022/12/23, 18:25:03.996, 2004835723589, vstest.console.dll, TestRequestSender.EndSession: Sending end session.
TpTrace Verbose: 0 : 23024, 7, 2022/12/23, 18:25:03.996, 2004835724308, vstest.console.dll, ProxyOperationManager.Close: waiting for test host to exit for 100 ms
TpTrace Warning: 0 : 23024, 12, 2022/12/23, 18:25:04.011, 2004835878842, vstest.console.dll, TestHostManagerCallbacks.ErrorReceivedCallback Test host standard error line: 
TpTrace Verbose: 0 : 23024, 12, 2022/12/23, 18:25:04.018, 2004835945399, vstest.console.dll, TestHostProvider.ExitCallBack: Host exited starting callback.
TpTrace Information: 0 : 23024, 12, 2022/12/23, 18:25:04.018, 2004835946318, vstest.console.dll, TestHostManagerCallbacks.ExitCallBack: Testhost processId: 23908 exited with exitcode: 0 error: ''
TpTrace Verbose: 0 : 23024, 12, 2022/12/23, 18:25:04.018, 2004835946611, vstest.console.dll, DotnetTestHostManager.OnHostExited: invoking OnHostExited callback
TpTrace Verbose: 0 : 23024, 12, 2022/12/23, 18:25:04.018, 2004835947005, vstest.console.dll, CrossPlatEngine.TestHostManagerHostExited: calling on client process exit callback.
TpTrace Information: 0 : 23024, 12, 2022/12/23, 18:25:04.018, 2004835947351, vstest.console.dll, TestRequestSender.OnClientProcessExit: Test host process exited. Standard error: 
TpTrace Information: 0 : 23024, 12, 2022/12/23, 18:25:04.018, 2004835947612, vstest.console.dll, SocketServer.Stop: Stop server endPoint: 127.0.0.1:63815
TpTrace Information: 0 : 23024, 12, 2022/12/23, 18:25:04.018, 2004835947778, vstest.console.dll, SocketServer.Stop: Cancellation requested. Stopping message loop.
TpTrace Information: 0 : 23024, 7, 2022/12/23, 18:25:04.018, 2004835947941, vstest.console.dll, SocketServer.Stop: Stop server endPoint: 127.0.0.1:63815
TpTrace Information: 0 : 23024, 7, 2022/12/23, 18:25:04.018, 2004835948333, vstest.console.dll, SocketServer.Stop: Cancellation requested. Stopping message loop.
TpTrace Verbose: 0 : 23024, 12, 2022/12/23, 18:25:04.018, 2004835948371, vstest.console.dll, MulticastDelegateUtilities.SafeInvoke: HostProviderEvents.OnHostExited: Invoking callback 1/1 for Microsoft.VisualStudio.TestPlatform.CrossPlatEngine.Client.ProxyOperationManager.TestHostManagerHostExited, took 0 ms.
TpTrace Information: 0 : 23024, 7, 2022/12/23, 18:25:04.018, 2004835948607, vstest.console.dll, Closing the connection
TpTrace Verbose: 0 : 23024, 7, 2022/12/23, 18:25:04.018, 2004835951341, vstest.console.dll, ProxyDataCollectionManager.InvokeDataCollectionServiceAction: Starting.
TpTrace Information: 0 : 23024, 7, 2022/12/23, 18:25:04.018, 2004835951686, vstest.console.dll, ProxyDataCollectionManager.AfterTestRunEnd: Get attachment set and invoked data collectors processId: 21568 port: 63812
TpTrace Verbose: 0 : 23024, 7, 2022/12/23, 18:25:04.018, 2004835952041, vstest.console.dll, DataCollectionRequestSender.SendAfterTestRunStartAndGetResult: Send AfterTestRunEnd message with isCancelled: False
TpTrace Verbose: 0 : 23024, 7, 2022/12/23, 18:25:04.024, 2004836005372, vstest.console.dll, DataCollectionRequestSender.SendAfterTestRunStartAndGetResult: Received message: (DataCollection.AfterTestRunEndResult) -> {
  "AttachmentSets": [],
  "InvokedDataCollectors": [
    {
      "Uri": "datacollector://Microsoft/TestPlatform/Extensions/Blame/v1",
      "FriendlyName": "Blame",
      "AssemblyQualifiedName": "Microsoft.TestPlatform.Extensions.BlameDataCollector.BlameCollector, Microsoft.TestPlatform.Extensions.BlameDataCollector, Version=15.0.0.0, Culture=neutral, PublicKeyToken=b03f5f7f11d50a3a",
      "FilePath": "C:\\Program Files\\dotnet\\sdk\\7.0.100-preview.3.22179.4\\Extensions\\Microsoft.TestPlatform.Extensions.BlameDataCollector.dll",
      "HasAttachmentProcessor": false
    }
  ],
  "Metrics": {}
}
TpTrace Warning: 0 : 23024, 10, 2022/12/23, 18:25:04.026, 2004836033077, vstest.console.dll, DataCollectionLauncher.ErrorReceivedCallback datacollector standard error line: 
TpTrace Information: 0 : 23024, 7, 2022/12/23, 18:25:04.028, 2004836046818, vstest.console.dll, ProxyDataCollectionManager.InvokeDataCollectionServiceAction: Completed.
TpTrace Information: 0 : 23024, 12, 2022/12/23, 18:25:04.030, 2004836067574, vstest.console.dll, DataCollectionLauncher.ExitCallBack: Data collector exited with exitcode: 0 error: ''
TpTrace Verbose: 0 : 23024, 7, 2022/12/23, 18:25:04.052, 2004836288352, vstest.console.dll, TestRunRequest:SendTestRunStatsChange: Starting.
TpTrace Verbose: 0 : 23024, 7, 2022/12/23, 18:25:04.052, 2004836289198, vstest.console.dll, MulticastDelegateUtilities.SafeInvoke: TestRun.RunStatsChanged: Invoking callbacks was skipped because there are no subscribers.
TpTrace Information: 0 : 23024, 7, 2022/12/23, 18:25:04.052, 2004836289410, vstest.console.dll, TestRunRequest:SendTestRunStatsChange: Completed.
TpTrace Verbose: 0 : 23024, 4, 2022/12/23, 18:25:04.052, 2004836289935, vstest.console.dll, MulticastDelegateUtilities.SafeInvoke: InternalTestLoggerEvents.SendTestResult: Invoking callback 1/1 for Microsoft.VisualStudio.TestPlatform.CommandLine.Internal.ConsoleLogger.TestResultHandler, took 0 ms.
TpTrace Verbose: 0 : 23024, 4, 2022/12/23, 18:25:04.052, 2004836290465, vstest.console.dll, MulticastDelegateUtilities.SafeInvoke: InternalTestLoggerEvents.SendTestResult: Invoking callback 1/1 for Microsoft.VisualStudio.TestPlatform.CommandLine.Internal.ConsoleLogger.TestResultHandler, took 0 ms.
TpTrace Verbose: 0 : 23024, 7, 2022/12/23, 18:25:04.052, 2004836290596, vstest.console.dll, ParallelProxyExecutionManager: HandlePartialRunComplete: Total completed clients = 1, Run complete = True, Run canceled: False.
TpTrace Verbose: 0 : 23024, 4, 2022/12/23, 18:25:04.052, 2004836291506, vstest.console.dll, MulticastDelegateUtilities.SafeInvoke: InternalTestLoggerEvents.SendTestResult: Invoking callback 1/1 for Microsoft.VisualStudio.TestPlatform.CommandLine.Internal.ConsoleLogger.TestResultHandler, took 0 ms.
TpTrace Verbose: 0 : 23024, 4, 2022/12/23, 18:25:04.052, 2004836292003, vstest.console.dll, MulticastDelegateUtilities.SafeInvoke: InternalTestLoggerEvents.SendTestResult: Invoking callback 1/1 for Microsoft.VisualStudio.TestPlatform.CommandLine.Internal.ConsoleLogger.TestResultHandler, took 0 ms.
TpTrace Verbose: 0 : 23024, 4, 2022/12/23, 18:25:04.060, 2004836365544, vstest.console.dll, MulticastDelegateUtilities.SafeInvoke: InternalTestLoggerEvents.SendTestRunComplete: Invoking callback 1/2 for Microsoft.TestPlatform.Extensions.BlameDataCollector.BlameLogger.TestRunCompleteHandler, took 0 ms.
TpTrace Verbose: 0 : 23024, 4, 2022/12/23, 18:25:04.064, 2004836405654, vstest.console.dll, MulticastDelegateUtilities.SafeInvoke: InternalTestLoggerEvents.SendTestRunComplete: Invoking callback 2/2 for Microsoft.VisualStudio.TestPlatform.CommandLine.Internal.ConsoleLogger.TestRunCompleteHandler, took 3 ms.
TpTrace Verbose: 0 : 23024, 7, 2022/12/23, 18:25:04.064, 2004836408468, vstest.console.dll, TestRunRequest:TestRunComplete: Starting. IsAborted:False IsCanceled:False.
TpTrace Verbose: 0 : 23024, 7, 2022/12/23, 18:25:04.064, 2004836409356, vstest.console.dll, TestLoggerManager.HandleTestRunComplete: Ignoring as the object is disposed.
TpTrace Verbose: 0 : 23024, 7, 2022/12/23, 18:25:04.064, 2004836410695, vstest.console.dll, MulticastDelegateUtilities.SafeInvoke: TestRun.TestRunComplete: Invoking callback 1/2 for Microsoft.VisualStudio.TestPlatform.CommandLine.TestRunResultAggregator.TestRunCompletionHandler, took 0 ms.
TpTrace Verbose: 0 : 23024, 7, 2022/12/23, 18:25:04.064, 2004836411693, vstest.console.dll, MulticastDelegateUtilities.SafeInvoke: TestRun.TestRunComplete: Invoking callback 2/2 for Microsoft.VisualStudio.TestPlatform.CommandLine.Processors.RunTestsArgumentExecutor+TestRunRequestEventsRegistrar.TestRunRequest_OnRunCompletion, took 0 ms.
TpTrace Information: 0 : 23024, 7, 2022/12/23, 18:25:04.064, 2004836412319, vstest.console.dll, TestRunRequest:TestRunComplete: Completed.
TpTrace Verbose: 0 : 23024, 7, 2022/12/23, 18:25:04.064, 2004836412606, vstest.console.dll, TestRequestSender.SetOperationComplete: Setting operation complete.
TpTrace Information: 0 : 23024, 7, 2022/12/23, 18:25:04.064, 2004836412785, vstest.console.dll, SocketServer.Stop: Stop server endPoint: 127.0.0.1:63815
TpTrace Verbose: 0 : 23024, 1, 2022/12/23, 18:25:04.064, 2004836412795, vstest.console.dll, TestRunRequest.Dispose: Starting.
TpTrace Information: 0 : 23024, 1, 2022/12/23, 18:25:04.064, 2004836413352, vstest.console.dll, TestRunRequest.Dispose: Completed.
TpTrace Information: 0 : 23024, 7, 2022/12/23, 18:25:04.064, 2004836412935, vstest.console.dll, SocketServer.Stop: Cancellation requested. Stopping message loop.
TpTrace Information: 0 : 23024, 1, 2022/12/23, 18:25:04.065, 2004836413644, vstest.console.dll, TestRequestManager.RunTests: run tests completed.
TpTrace Verbose: 0 : 23024, 7, 2022/12/23, 18:25:04.065, 2004836414009, vstest.console.dll, MulticastDelegateUtilities.SafeInvoke: LengthPrefixCommunicationChannel: MessageReceived: Invoking callback 1/1 for Microsoft.VisualStudio.TestPlatform.CommunicationUtilities.TestRequestSender+<>c__DisplayClass30_0.<StartTestRun>b__1, took 69 ms.
TpTrace Information: 0 : 23024, 1, 2022/12/23, 18:25:04.065, 2004836414492, vstest.console.dll, RunTestsArgumentProcessor:Execute: Test run is completed.
TpTrace Information: 0 : 23024, 7, 2022/12/23, 18:25:04.065, 2004836414617, vstest.console.dll, SocketServer.PrivateStop: Stopping server endPoint: 127.0.0.1:63815 error: 
TpTrace Verbose: 0 : 23024, 1, 2022/12/23, 18:25:04.065, 2004836415869, vstest.console.dll, Executor.Execute: Exiting with exit code of 0
TpTrace Verbose: 0 : 23024, 7, 2022/12/23, 18:25:04.065, 2004836417194, vstest.console.dll, LengthPrefixCommunicationChannel.Dispose: Dispose reader and writer.
TpTrace Information: 0 : 23024, 7, 2022/12/23, 18:25:04.065, 2004836417684, vstest.console.dll, SocketServer.Stop: Raise disconnected event endPoint: 127.0.0.1:63815 error: 
TpTrace Verbose: 0 : 23024, 7, 2022/12/23, 18:25:04.065, 2004836418086, vstest.console.dll, TestRequestSender: OnTestRunAbort: Operation is already complete. Skip error message.
TpTrace Verbose: 0 : 23024, 7, 2022/12/23, 18:25:04.065, 2004836418358, vstest.console.dll, MulticastDelegateUtilities.SafeInvoke: SocketServer: ClientDisconnected: Invoking callback 1/1 for Microsoft.VisualStudio.TestPlatform.CommunicationUtilities.TestRequestSender.<InitializeCommunication>b__23_1, took 0 ms.
TpTrace Verbose: 0 : 23024, 7, 2022/12/23, 18:25:04.065, 2004836418554, vstest.console.dll, TcpClientExtensions.MessageLoopAsync: exiting MessageLoopAsync remoteEndPoint: 127.0.0.1:63816 localEndPoint: 127.0.0.1:63815
