TpTrace Verbose: 0 : 24704, 1, 2023/01/09, 19:20:50.941, 12058699592056, vstest.console.dll, Version: 17.4.0-release-20221019-01 Current process architecture: X64
TpTrace Verbose: 0 : 24704, 1, 2023/01/09, 19:20:50.942, 12058699604480, vstest.console.dll, Runtime location: C:\Program Files\dotnet\shared\Microsoft.NETCore.App\7.0.1
TpTrace Verbose: 0 : 24704, 1, 2023/01/09, 19:20:50.944, 12058699628171, vstest.console.dll, ArtifactProcessingPostProcessModeProcessorExecutor.Initialize: ArtifactProcessingMode.Collect
TpTrace Verbose: 0 : 24704, 1, 2023/01/09, 19:20:50.945, 12058699629271, vstest.console.dll, TestSessionCorrelationIdProcessorModeProcessorExecutor.Initialize: TestSessionCorrelationId '14944_f64d5c03-6e01-4236-9aad-bfcd5897c2b4'
TpTrace Information: 0 : 24704, 1, 2023/01/09, 19:20:50.950, 12058699685841, vstest.console.dll, FilePatternParser: The given file F:\Projetos ASP.NET\Curso Testes\TestesDeSoftware\01 - Testes de Unidades\Demo.Teste\bin\Debug\net6.0\fine-code-coverage\build-output\Demo.Teste.dll is a full path.
TpTrace Verbose: 0 : 24704, 1, 2023/01/09, 19:20:50.955, 12058699728848, vstest.console.dll, TestPluginCache.DiscoverTestExtensions: finding test extensions in assemblies ends with: RuntimeProvider.dll TPluginInfo: Microsoft.VisualStudio.TestPlatform.Common.ExtensionFramework.Utilities.TestRuntimePluginInformation TExtension: Microsoft.VisualStudio.TestPlatform.ObjectModel.Host.ITestRuntimeProvider
TpTrace Verbose: 0 : 24704, 1, 2023/01/09, 19:20:50.955, 12058699730457, vstest.console.dll, TestPluginCache.GetExtensionPaths: Filtered extension paths: 
TpTrace Verbose: 0 : 24704, 1, 2023/01/09, 19:20:50.955, 12058699731010, vstest.console.dll, TestPluginCache.GetExtensionPaths: Added default extension paths: C:\Program Files\dotnet\sdk\7.0.101\Extensions\Microsoft.Diagnostics.NETCore.Client.dll
C:\Program Files\dotnet\sdk\7.0.101\Extensions\Microsoft.TestPlatform.Extensions.BlameDataCollector.dll
C:\Program Files\dotnet\sdk\7.0.101\Extensions\Microsoft.TestPlatform.Extensions.EventLogCollector.dll
C:\Program Files\dotnet\sdk\7.0.101\Extensions\Microsoft.TestPlatform.TestHostRuntimeProvider.dll
C:\Program Files\dotnet\sdk\7.0.101\Extensions\Microsoft.VisualStudio.TestPlatform.Extensions.Html.TestLogger.dll
C:\Program Files\dotnet\sdk\7.0.101\Extensions\Microsoft.VisualStudio.TestPlatform.Extensions.Trx.TestLogger.dll
TpTrace Verbose: 0 : 24704, 1, 2023/01/09, 19:20:50.955, 12058699731246, vstest.console.dll, TestPluginCache.GetExtensionPaths: Added unfilterableExtensionPaths: 
TpTrace Information: 0 : 24704, 1, 2023/01/09, 19:20:50.955, 12058699736108, vstest.console.dll, AssemblyResolver.ctor: Creating AssemblyResolver with searchDirectories C:\Program Files\dotnet\sdk\7.0.101\Extensions,C:\Program Files\dotnet\sdk\7.0.101
TpTrace Verbose: 0 : 24704, 1, 2023/01/09, 19:20:50.956, 12058699747070, vstest.console.dll, TestPluginCache.DiscoverTestExtensions: Discovering the extensions using extension path.
TpTrace Verbose: 0 : 24704, 1, 2023/01/09, 19:20:50.956, 12058699748042, vstest.console.dll, TestPluginCache.GetExtensionPaths: Filtered extension paths: 
TpTrace Verbose: 0 : 24704, 1, 2023/01/09, 19:20:50.956, 12058699748379, vstest.console.dll, TestPluginCache.GetExtensionPaths: Added default extension paths: C:\Program Files\dotnet\sdk\7.0.101\Extensions\Microsoft.Diagnostics.NETCore.Client.dll
C:\Program Files\dotnet\sdk\7.0.101\Extensions\Microsoft.TestPlatform.Extensions.BlameDataCollector.dll
C:\Program Files\dotnet\sdk\7.0.101\Extensions\Microsoft.TestPlatform.Extensions.EventLogCollector.dll
C:\Program Files\dotnet\sdk\7.0.101\Extensions\Microsoft.TestPlatform.TestHostRuntimeProvider.dll
C:\Program Files\dotnet\sdk\7.0.101\Extensions\Microsoft.VisualStudio.TestPlatform.Extensions.Html.TestLogger.dll
C:\Program Files\dotnet\sdk\7.0.101\Extensions\Microsoft.VisualStudio.TestPlatform.Extensions.Trx.TestLogger.dll
TpTrace Verbose: 0 : 24704, 1, 2023/01/09, 19:20:50.957, 12058699748582, vstest.console.dll, TestPluginCache.GetExtensionPaths: Added unfilterableExtensionPaths: 
TpTrace Verbose: 0 : 24704, 1, 2023/01/09, 19:20:50.957, 12058699749537, vstest.console.dll, TestPluginCache.DiscoverTestExtensions: Discovering the extensions using allExtensionPaths: C:\Program Files\dotnet\sdk\7.0.101\Extensions\Microsoft.Diagnostics.NETCore.Client.dll
C:\Program Files\dotnet\sdk\7.0.101\Extensions\Microsoft.TestPlatform.Extensions.BlameDataCollector.dll
C:\Program Files\dotnet\sdk\7.0.101\Extensions\Microsoft.TestPlatform.Extensions.EventLogCollector.dll
C:\Program Files\dotnet\sdk\7.0.101\Extensions\Microsoft.TestPlatform.TestHostRuntimeProvider.dll
C:\Program Files\dotnet\sdk\7.0.101\Extensions\Microsoft.VisualStudio.TestPlatform.Extensions.Html.TestLogger.dll
C:\Program Files\dotnet\sdk\7.0.101\Extensions\Microsoft.VisualStudio.TestPlatform.Extensions.Trx.TestLogger.dll
TpTrace Information: 0 : 24704, 1, 2023/01/09, 19:20:50.957, 12058699750231, vstest.console.dll, AssemblyResolver.AddSearchDirectories: Adding more searchDirectories C:\Program Files\dotnet\sdk\7.0.101\Extensions,C:\Program Files\dotnet\sdk\7.0.101
TpTrace Information: 0 : 24704, 1, 2023/01/09, 19:20:50.957, 12058699750588, vstest.console.dll, AssemblyResolver.AddSearchDirectories: Adding more searchDirectories C:\Program Files\dotnet\sdk\7.0.101\Extensions,C:\Program Files\dotnet\sdk\7.0.101
TpTrace Information: 0 : 24704, 1, 2023/01/09, 19:20:50.957, 12058699750800, vstest.console.dll, AssemblyResolver.AddSearchDirectories: Adding more searchDirectories C:\Program Files\dotnet\sdk\7.0.101\Extensions,C:\Program Files\dotnet\sdk\7.0.101
TpTrace Information: 0 : 24704, 1, 2023/01/09, 19:20:50.957, 12058699751081, vstest.console.dll, AssemblyResolver.AddSearchDirectories: Adding more searchDirectories C:\Program Files\dotnet\sdk\7.0.101\Extensions,C:\Program Files\dotnet\sdk\7.0.101
TpTrace Information: 0 : 24704, 1, 2023/01/09, 19:20:50.957, 12058699751351, vstest.console.dll, AssemblyResolver.AddSearchDirectories: Adding more searchDirectories C:\Program Files\dotnet\sdk\7.0.101\Extensions,C:\Program Files\dotnet\sdk\7.0.101
TpTrace Information: 0 : 24704, 1, 2023/01/09, 19:20:50.957, 12058699751566, vstest.console.dll, AssemblyResolver.AddSearchDirectories: Adding more searchDirectories C:\Program Files\dotnet\sdk\7.0.101\Extensions,C:\Program Files\dotnet\sdk\7.0.101
TpTrace Information: 0 : 24704, 1, 2023/01/09, 19:20:50.957, 12058699754343, vstest.console.dll, AssemblyResolver.OnResolve: Microsoft.Diagnostics.NETCore.Client: Resolving assembly.
TpTrace Information: 0 : 24704, 1, 2023/01/09, 19:20:50.957, 12058699754808, vstest.console.dll, AssemblyResolver.OnResolve: Microsoft.Diagnostics.NETCore.Client: Searching in: 'C:\Program Files\dotnet\sdk\7.0.101\Extensions'.
TpTrace Information: 0 : 24704, 1, 2023/01/09, 19:20:50.964, 12058699819233, vstest.console.dll, AssemblyResolver.OnResolve: Microsoft.Diagnostics.NETCore.Client: Loading assembly 'C:\Program Files\dotnet\sdk\7.0.101\Extensions\Microsoft.Diagnostics.NETCore.Client.dll'.
TpTrace Information: 0 : 24704, 1, 2023/01/09, 19:20:50.964, 12058699824732, vstest.console.dll, AssemblyResolver.OnResolve: Resolved assembly: Microsoft.Diagnostics.NETCore.Client, from path: C:\Program Files\dotnet\sdk\7.0.101\Extensions\Microsoft.Diagnostics.NETCore.Client.dll
TpTrace Verbose: 0 : 24704, 1, 2023/01/09, 19:20:50.965, 12058699833239, vstest.console.dll, MetadataReaderExtensionsHelper: Discovering extensions inside assembly 'Microsoft.Diagnostics.NETCore.Client, Version=0.2.6.42401, Culture=neutral, PublicKeyToken=31bf3856ad364e35' file path 'C:\Program Files\dotnet\sdk\7.0.101\Extensions\Microsoft.Diagnostics.NETCore.Client.dll'
TpTrace Information: 0 : 24704, 1, 2023/01/09, 19:20:50.968, 12058699865904, vstest.console.dll, AssemblyResolver.OnResolve: Microsoft.Bcl.AsyncInterfaces: Resolving assembly.
TpTrace Information: 0 : 24704, 1, 2023/01/09, 19:20:50.968, 12058699866427, vstest.console.dll, AssemblyResolver.OnResolve: Microsoft.Bcl.AsyncInterfaces: Searching in: 'C:\Program Files\dotnet\sdk\7.0.101\Extensions'.
TpTrace Information: 0 : 24704, 1, 2023/01/09, 19:20:50.968, 12058699867015, vstest.console.dll, AssemblyResolver.OnResolve: Microsoft.Bcl.AsyncInterfaces: Assembly path does not exist: 'C:\Program Files\dotnet\sdk\7.0.101\Extensions\Microsoft.Bcl.AsyncInterfaces.dll', returning.
TpTrace Information: 0 : 24704, 1, 2023/01/09, 19:20:50.968, 12058699867922, vstest.console.dll, AssemblyResolver.OnResolve: Microsoft.Bcl.AsyncInterfaces: Assembly path does not exist: 'C:\Program Files\dotnet\sdk\7.0.101\Extensions\Microsoft.Bcl.AsyncInterfaces.exe', returning.
TpTrace Information: 0 : 24704, 1, 2023/01/09, 19:20:50.968, 12058699868174, vstest.console.dll, AssemblyResolver.OnResolve: Microsoft.Bcl.AsyncInterfaces: Searching in: 'C:\Program Files\dotnet\sdk\7.0.101'.
TpTrace Information: 0 : 24704, 1, 2023/01/09, 19:20:50.969, 12058699868619, vstest.console.dll, AssemblyResolver.OnResolve: Microsoft.Bcl.AsyncInterfaces: Assembly path does not exist: 'C:\Program Files\dotnet\sdk\7.0.101\Microsoft.Bcl.AsyncInterfaces.dll', returning.
TpTrace Information: 0 : 24704, 1, 2023/01/09, 19:20:50.969, 12058699869033, vstest.console.dll, AssemblyResolver.OnResolve: Microsoft.Bcl.AsyncInterfaces: Assembly path does not exist: 'C:\Program Files\dotnet\sdk\7.0.101\Microsoft.Bcl.AsyncInterfaces.exe', returning.
TpTrace Information: 0 : 24704, 1, 2023/01/09, 19:20:50.969, 12058699869255, vstest.console.dll, AssemblyResolver.OnResolve: Microsoft.Bcl.AsyncInterfaces: Failed to load assembly.
TpTrace Verbose: 0 : 24704, 1, 2023/01/09, 19:20:50.969, 12058699869485, vstest.console.dll, CurrentDomainAssemblyResolve: Resolving assembly 'Microsoft.Bcl.AsyncInterfaces'.
TpTrace Information: 0 : 24704, 1, 2023/01/09, 19:20:50.969, 12058699869852, vstest.console.dll, AssemblyResolver.OnResolve: Microsoft.Bcl.AsyncInterfaces: Resolving assembly.
TpTrace Information: 0 : 24704, 1, 2023/01/09, 19:20:50.969, 12058699870107, vstest.console.dll, AssemblyResolver.OnResolve: Microsoft.Bcl.AsyncInterfaces: Resolved from cache.
TpTrace Verbose: 0 : 24704, 1, 2023/01/09, 19:20:50.969, 12058699870291, vstest.console.dll, CurrentDomainAssemblyResolve: Resolving assembly 'Microsoft.Bcl.AsyncInterfaces'.
TpTrace Verbose: 0 : 24704, 1, 2023/01/09, 19:20:50.969, 12058699870516, vstest.console.dll, CurrentDomainAssemblyResolve: Failed to resolve assembly 'Microsoft.Bcl.AsyncInterfaces'.
TpTrace Verbose: 0 : 24704, 1, 2023/01/09, 19:20:50.969, 12058699877254, vstest.console.dll, CurrentDomainAssemblyResolve: Failed to resolve assembly 'Microsoft.Bcl.AsyncInterfaces'.
TpTrace Warning: 0 : 24704, 1, 2023/01/09, 19:20:50.975, 12058699930026, vstest.console.dll, TestPluginDiscoverer: Failed to get types from assembly 'Microsoft.Diagnostics.NETCore.Client, Version=0.2.6.42401, Culture=neutral, PublicKeyToken=31bf3856ad364e35'. Error: System.Reflection.ReflectionTypeLoadException: Unable to load one or more of the requested types.
Could not load file or assembly 'Microsoft.Bcl.AsyncInterfaces, Version=1.0.0.0, Culture=neutral, PublicKeyToken=cc7b13ffcd2ddd51'. O sistema não pode encontrar o arquivo especificado.
   at System.Reflection.RuntimeModule.GetTypes(RuntimeModule module)
   at System.Reflection.Assembly.GetTypes()
   at Microsoft.VisualStudio.TestPlatform.Common.ExtensionFramework.TestPluginDiscoverer.GetTestExtensionsFromAssembly[TPluginInfo,TExtension](Assembly assembly, Dictionary`2 pluginInfos, String filePath)
System.IO.FileNotFoundException: Could not load file or assembly 'Microsoft.Bcl.AsyncInterfaces, Version=1.0.0.0, Culture=neutral, PublicKeyToken=cc7b13ffcd2ddd51'. O sistema não pode encontrar o arquivo especificado.
File name: 'Microsoft.Bcl.AsyncInterfaces, Version=1.0.0.0, Culture=neutral, PublicKeyToken=cc7b13ffcd2ddd51'
 ---> System.IO.FileNotFoundException: Could not load file or assembly 'Microsoft.Bcl.AsyncInterfaces, Culture=neutral, PublicKeyToken=null'. O sistema não pode encontrar o arquivo especificado.
File name: 'Microsoft.Bcl.AsyncInterfaces, Culture=neutral, PublicKeyToken=null'
   at System.Reflection.RuntimeAssembly.InternalLoad(AssemblyName assemblyName, StackCrawlMark& stackMark, AssemblyLoadContext assemblyLoadContext, RuntimeAssembly requestingAssembly, Boolean throwOnFileNotFound)
   at System.Reflection.Assembly.Load(AssemblyName assemblyRef)
   at Microsoft.VisualStudio.TestPlatform.Common.ExtensionFramework.TestPluginCache.CurrentDomainAssemblyResolve(Object sender, AssemblyResolveEventArgs args)
   at System.Runtime.Loader.AssemblyLoadContext.GetFirstResolvedAssemblyFromResolvingEvent(AssemblyName assemblyName)
   at System.Runtime.Loader.AssemblyLoadContext.ResolveUsingEvent(AssemblyName assemblyName)
   at System.Runtime.Loader.AssemblyLoadContext.ResolveUsingResolvingEvent(IntPtr gchManagedAssemblyLoadContext, AssemblyName assemblyName)
TpTrace Warning: 0 : 24704, 1, 2023/01/09, 19:20:50.975, 12058699932638, vstest.console.dll, LoaderExceptions: System.IO.FileNotFoundException: Could not load file or assembly 'Microsoft.Bcl.AsyncInterfaces, Version=1.0.0.0, Culture=neutral, PublicKeyToken=cc7b13ffcd2ddd51'. O sistema não pode encontrar o arquivo especificado.
File name: 'Microsoft.Bcl.AsyncInterfaces, Version=1.0.0.0, Culture=neutral, PublicKeyToken=cc7b13ffcd2ddd51'
 ---> System.IO.FileNotFoundException: Could not load file or assembly 'Microsoft.Bcl.AsyncInterfaces, Culture=neutral, PublicKeyToken=null'. O sistema não pode encontrar o arquivo especificado.
File name: 'Microsoft.Bcl.AsyncInterfaces, Culture=neutral, PublicKeyToken=null'
   at System.Reflection.RuntimeAssembly.InternalLoad(AssemblyName assemblyName, StackCrawlMark& stackMark, AssemblyLoadContext assemblyLoadContext, RuntimeAssembly requestingAssembly, Boolean throwOnFileNotFound)
   at System.Reflection.Assembly.Load(AssemblyName assemblyRef)
   at Microsoft.VisualStudio.TestPlatform.Common.ExtensionFramework.TestPluginCache.CurrentDomainAssemblyResolve(Object sender, AssemblyResolveEventArgs args)
   at System.Runtime.Loader.AssemblyLoadContext.GetFirstResolvedAssemblyFromResolvingEvent(AssemblyName assemblyName)
   at System.Runtime.Loader.AssemblyLoadContext.ResolveUsingEvent(AssemblyName assemblyName)
   at System.Runtime.Loader.AssemblyLoadContext.ResolveUsingResolvingEvent(IntPtr gchManagedAssemblyLoadContext, AssemblyName assemblyName)
TpTrace Information: 0 : 24704, 1, 2023/01/09, 19:20:50.975, 12058699933960, vstest.console.dll, AssemblyResolver.OnResolve: Microsoft.TestPlatform.Extensions.BlameDataCollector: Resolving assembly.
TpTrace Information: 0 : 24704, 1, 2023/01/09, 19:20:50.975, 12058699934249, vstest.console.dll, AssemblyResolver.OnResolve: Microsoft.TestPlatform.Extensions.BlameDataCollector: Searching in: 'C:\Program Files\dotnet\sdk\7.0.101\Extensions'.
TpTrace Information: 0 : 24704, 1, 2023/01/09, 19:20:50.975, 12058699937988, vstest.console.dll, AssemblyResolver.OnResolve: Microsoft.TestPlatform.Extensions.BlameDataCollector: Loading assembly 'C:\Program Files\dotnet\sdk\7.0.101\Extensions\Microsoft.TestPlatform.Extensions.BlameDataCollector.dll'.
TpTrace Information: 0 : 24704, 1, 2023/01/09, 19:20:50.976, 12058699941921, vstest.console.dll, AssemblyResolver.OnResolve: Resolved assembly: Microsoft.TestPlatform.Extensions.BlameDataCollector, from path: C:\Program Files\dotnet\sdk\7.0.101\Extensions\Microsoft.TestPlatform.Extensions.BlameDataCollector.dll
TpTrace Verbose: 0 : 24704, 1, 2023/01/09, 19:20:50.976, 12058699942450, vstest.console.dll, MetadataReaderExtensionsHelper: Discovering extensions inside assembly 'Microsoft.TestPlatform.Extensions.BlameDataCollector, Version=15.0.0.0, Culture=neutral, PublicKeyToken=b03f5f7f11d50a3a' file path 'C:\Program Files\dotnet\sdk\7.0.101\Extensions\Microsoft.TestPlatform.Extensions.BlameDataCollector.dll'
TpTrace Information: 0 : 24704, 1, 2023/01/09, 19:20:50.977, 12058699954512, vstest.console.dll, AssemblyResolver.OnResolve: Microsoft.TestPlatform.Extensions.EventLogCollector: Resolving assembly.
TpTrace Information: 0 : 24704, 1, 2023/01/09, 19:20:50.977, 12058699955176, vstest.console.dll, AssemblyResolver.OnResolve: Microsoft.TestPlatform.Extensions.EventLogCollector: Searching in: 'C:\Program Files\dotnet\sdk\7.0.101\Extensions'.
TpTrace Information: 0 : 24704, 1, 2023/01/09, 19:20:50.978, 12058699960030, vstest.console.dll, AssemblyResolver.OnResolve: Microsoft.TestPlatform.Extensions.EventLogCollector: Loading assembly 'C:\Program Files\dotnet\sdk\7.0.101\Extensions\Microsoft.TestPlatform.Extensions.EventLogCollector.dll'.
TpTrace Information: 0 : 24704, 1, 2023/01/09, 19:20:50.978, 12058699963935, vstest.console.dll, AssemblyResolver.OnResolve: Resolved assembly: Microsoft.TestPlatform.Extensions.EventLogCollector, from path: C:\Program Files\dotnet\sdk\7.0.101\Extensions\Microsoft.TestPlatform.Extensions.EventLogCollector.dll
TpTrace Verbose: 0 : 24704, 1, 2023/01/09, 19:20:50.978, 12058699964476, vstest.console.dll, MetadataReaderExtensionsHelper: Discovering extensions inside assembly 'Microsoft.TestPlatform.Extensions.EventLogCollector, Version=15.0.0.0, Culture=neutral, PublicKeyToken=b03f5f7f11d50a3a' file path 'C:\Program Files\dotnet\sdk\7.0.101\Extensions\Microsoft.TestPlatform.Extensions.EventLogCollector.dll'
TpTrace Information: 0 : 24704, 1, 2023/01/09, 19:20:50.980, 12058699982641, vstest.console.dll, AssemblyResolver.OnResolve: Microsoft.TestPlatform.TestHostRuntimeProvider: Resolving assembly.
TpTrace Information: 0 : 24704, 1, 2023/01/09, 19:20:50.980, 12058699983044, vstest.console.dll, AssemblyResolver.OnResolve: Microsoft.TestPlatform.TestHostRuntimeProvider: Searching in: 'C:\Program Files\dotnet\sdk\7.0.101\Extensions'.
TpTrace Information: 0 : 24704, 1, 2023/01/09, 19:20:50.980, 12058699986053, vstest.console.dll, AssemblyResolver.OnResolve: Microsoft.TestPlatform.TestHostRuntimeProvider: Loading assembly 'C:\Program Files\dotnet\sdk\7.0.101\Extensions\Microsoft.TestPlatform.TestHostRuntimeProvider.dll'.
TpTrace Information: 0 : 24704, 1, 2023/01/09, 19:20:50.981, 12058699989672, vstest.console.dll, AssemblyResolver.OnResolve: Resolved assembly: Microsoft.TestPlatform.TestHostRuntimeProvider, from path: C:\Program Files\dotnet\sdk\7.0.101\Extensions\Microsoft.TestPlatform.TestHostRuntimeProvider.dll
TpTrace Verbose: 0 : 24704, 1, 2023/01/09, 19:20:50.981, 12058699990096, vstest.console.dll, MetadataReaderExtensionsHelper: Discovering extensions inside assembly 'Microsoft.TestPlatform.TestHostRuntimeProvider, Version=15.0.0.0, Culture=neutral, PublicKeyToken=b03f5f7f11d50a3a' file path 'C:\Program Files\dotnet\sdk\7.0.101\Extensions\Microsoft.TestPlatform.TestHostRuntimeProvider.dll'
TpTrace Information: 0 : 24704, 1, 2023/01/09, 19:20:50.982, 12058700002393, vstest.console.dll, GetTestExtensionFromType: Register extension with identifier data 'HostProvider://DefaultTestHost' and type 'Microsoft.VisualStudio.TestPlatform.CrossPlatEngine.Hosting.DefaultTestHostManager, Microsoft.TestPlatform.TestHostRuntimeProvider, Version=15.0.0.0, Culture=neutral, PublicKeyToken=b03f5f7f11d50a3a' inside file 'C:\Program Files\dotnet\sdk\7.0.101\Extensions\Microsoft.TestPlatform.TestHostRuntimeProvider.dll'
TpTrace Information: 0 : 24704, 1, 2023/01/09, 19:20:50.982, 12058700003993, vstest.console.dll, GetTestExtensionFromType: Register extension with identifier data 'HostProvider://DotnetTestHost' and type 'Microsoft.VisualStudio.TestPlatform.CrossPlatEngine.Hosting.DotnetTestHostManager, Microsoft.TestPlatform.TestHostRuntimeProvider, Version=15.0.0.0, Culture=neutral, PublicKeyToken=b03f5f7f11d50a3a' inside file 'C:\Program Files\dotnet\sdk\7.0.101\Extensions\Microsoft.TestPlatform.TestHostRuntimeProvider.dll'
TpTrace Information: 0 : 24704, 1, 2023/01/09, 19:20:50.982, 12058700004478, vstest.console.dll, AssemblyResolver.OnResolve: Microsoft.VisualStudio.TestPlatform.Extensions.Html.TestLogger: Resolving assembly.
TpTrace Information: 0 : 24704, 1, 2023/01/09, 19:20:50.982, 12058700004737, vstest.console.dll, AssemblyResolver.OnResolve: Microsoft.VisualStudio.TestPlatform.Extensions.Html.TestLogger: Searching in: 'C:\Program Files\dotnet\sdk\7.0.101\Extensions'.
TpTrace Information: 0 : 24704, 1, 2023/01/09, 19:20:50.982, 12058700007742, vstest.console.dll, AssemblyResolver.OnResolve: Microsoft.VisualStudio.TestPlatform.Extensions.Html.TestLogger: Loading assembly 'C:\Program Files\dotnet\sdk\7.0.101\Extensions\Microsoft.VisualStudio.TestPlatform.Extensions.Html.TestLogger.dll'.
TpTrace Information: 0 : 24704, 1, 2023/01/09, 19:20:50.983, 12058700011087, vstest.console.dll, AssemblyResolver.OnResolve: Resolved assembly: Microsoft.VisualStudio.TestPlatform.Extensions.Html.TestLogger, from path: C:\Program Files\dotnet\sdk\7.0.101\Extensions\Microsoft.VisualStudio.TestPlatform.Extensions.Html.TestLogger.dll
TpTrace Verbose: 0 : 24704, 1, 2023/01/09, 19:20:50.983, 12058700011526, vstest.console.dll, MetadataReaderExtensionsHelper: Discovering extensions inside assembly 'Microsoft.VisualStudio.TestPlatform.Extensions.Html.TestLogger, Version=15.0.0.0, Culture=neutral, PublicKeyToken=b03f5f7f11d50a3a' file path 'C:\Program Files\dotnet\sdk\7.0.101\Extensions\Microsoft.VisualStudio.TestPlatform.Extensions.Html.TestLogger.dll'
TpTrace Information: 0 : 24704, 1, 2023/01/09, 19:20:50.983, 12058700016896, vstest.console.dll, AssemblyResolver.OnResolve: Microsoft.VisualStudio.TestPlatform.Extensions.Trx.TestLogger: Resolving assembly.
TpTrace Information: 0 : 24704, 1, 2023/01/09, 19:20:50.983, 12058700017254, vstest.console.dll, AssemblyResolver.OnResolve: Microsoft.VisualStudio.TestPlatform.Extensions.Trx.TestLogger: Searching in: 'C:\Program Files\dotnet\sdk\7.0.101\Extensions'.
TpTrace Information: 0 : 24704, 1, 2023/01/09, 19:20:50.984, 12058700020592, vstest.console.dll, AssemblyResolver.OnResolve: Microsoft.VisualStudio.TestPlatform.Extensions.Trx.TestLogger: Loading assembly 'C:\Program Files\dotnet\sdk\7.0.101\Extensions\Microsoft.VisualStudio.TestPlatform.Extensions.Trx.TestLogger.dll'.
TpTrace Information: 0 : 24704, 1, 2023/01/09, 19:20:50.984, 12058700024527, vstest.console.dll, AssemblyResolver.OnResolve: Resolved assembly: Microsoft.VisualStudio.TestPlatform.Extensions.Trx.TestLogger, from path: C:\Program Files\dotnet\sdk\7.0.101\Extensions\Microsoft.VisualStudio.TestPlatform.Extensions.Trx.TestLogger.dll
TpTrace Verbose: 0 : 24704, 1, 2023/01/09, 19:20:50.984, 12058700024967, vstest.console.dll, MetadataReaderExtensionsHelper: Discovering extensions inside assembly 'Microsoft.VisualStudio.TestPlatform.Extensions.Trx.TestLogger, Version=15.0.0.0, Culture=neutral, PublicKeyToken=b03f5f7f11d50a3a' file path 'C:\Program Files\dotnet\sdk\7.0.101\Extensions\Microsoft.VisualStudio.TestPlatform.Extensions.Trx.TestLogger.dll'
TpTrace Verbose: 0 : 24704, 1, 2023/01/09, 19:20:50.985, 12058700032810, vstest.console.dll, TestPluginCache: Discovered the extensions using extension path ''.
TpTrace Verbose: 0 : 24704, 1, 2023/01/09, 19:20:50.985, 12058700033304, vstest.console.dll, TestPluginCache: Discoverers are ''.
TpTrace Verbose: 0 : 24704, 1, 2023/01/09, 19:20:50.985, 12058700033495, vstest.console.dll, TestPluginCache: Executors are ''.
TpTrace Verbose: 0 : 24704, 1, 2023/01/09, 19:20:50.985, 12058700033652, vstest.console.dll, TestPluginCache: Executors2 are ''.
TpTrace Verbose: 0 : 24704, 1, 2023/01/09, 19:20:50.985, 12058700033800, vstest.console.dll, TestPluginCache: Setting providers are ''.
TpTrace Verbose: 0 : 24704, 1, 2023/01/09, 19:20:50.985, 12058700033948, vstest.console.dll, TestPluginCache: Loggers are ''.
TpTrace Verbose: 0 : 24704, 1, 2023/01/09, 19:20:50.985, 12058700034768, vstest.console.dll, TestPluginCache: TestHosts are 'HostProvider://DefaultTestHost,HostProvider://DotnetTestHost'.
TpTrace Verbose: 0 : 24704, 1, 2023/01/09, 19:20:50.985, 12058700035012, vstest.console.dll, TestPluginCache: DataCollectors are ''.
TpTrace Information: 0 : 24704, 1, 2023/01/09, 19:20:50.992, 12058700108365, vstest.console.dll, RunTestsArgumentProcessor:Execute: Test run is starting.
TpTrace Verbose: 0 : 24704, 1, 2023/01/09, 19:20:50.993, 12058700108924, vstest.console.dll, RunTestsArgumentProcessor:Execute: Queuing Test run.
TpTrace Information: 0 : 24704, 1, 2023/01/09, 19:20:50.993, 12058700110520, vstest.console.dll, TestRequestManager.RunTests: run tests started.
TpTrace Information: 0 : 24704, 1, 2023/01/09, 19:20:50.994, 12058700119690, vstest.console.dll, AssemblyMetadataProvider.GetFrameworkName: Determined framework:'.NETCoreApp,Version=v6.0' for source: 'F:\Projetos ASP.NET\Curso Testes\TestesDeSoftware\01 - Testes de Unidades\Demo.Teste\bin\Debug\net6.0\fine-code-coverage\build-output\Demo.Teste.dll'
TpTrace Information: 0 : 24704, 1, 2023/01/09, 19:20:50.994, 12058700121422, vstest.console.dll, Determined framework for all sources: .NETCoreApp,Version=v6.0
TpTrace Verbose: 0 : 24704, 1, 2023/01/09, 19:20:50.994, 12058700124551, vstest.console.dll, TestRequestManager.UpdateRunSettingsIfRequired: Default architecture: X64 IsDefaultTargetArchitecture: True, Current process architecture: X64 OperatingSystem: Windows.
TpTrace Information: 0 : 24704, 1, 2023/01/09, 19:20:50.995, 12058700138515, vstest.console.dll, AssemblyMetadataProvider.GetArchitecture: Determined architecture:AnyCPU info for assembly: F:\Projetos ASP.NET\Curso Testes\TestesDeSoftware\01 - Testes de Unidades\Demo.Teste\bin\Debug\net6.0\fine-code-coverage\build-output\Demo.Teste.dll
TpTrace Information: 0 : 24704, 1, 2023/01/09, 19:20:50.996, 12058700138925, vstest.console.dll, Determined platform for source 'F:\Projetos ASP.NET\Curso Testes\TestesDeSoftware\01 - Testes de Unidades\Demo.Teste\bin\Debug\net6.0\fine-code-coverage\build-output\Demo.Teste.dll' was AnyCPU and it will use the default plaform X64.
TpTrace Information: 0 : 24704, 1, 2023/01/09, 19:20:50.996, 12058700139124, vstest.console.dll, None of the sources provided any runnable platform, using the default platform: X64
TpTrace Information: 0 : 24704, 1, 2023/01/09, 19:20:50.996, 12058700139730, vstest.console.dll, Platform was updated to 'X64'.
TpTrace Information: 0 : 24704, 1, 2023/01/09, 19:20:50.998, 12058700163019, vstest.console.dll, InferRunSettingsHelper.IsTestSettingsEnabled: Unable to navigate to RunSettings/MSTest. Current node: RunSettings
TpTrace Information: 0 : 24704, 1, 2023/01/09, 19:20:50.998, 12058700167360, vstest.console.dll, AssemblyResolver.OnResolve: Microsoft.VisualStudio.TestPlatform.Fakes: Resolving assembly.
TpTrace Information: 0 : 24704, 1, 2023/01/09, 19:20:50.998, 12058700167828, vstest.console.dll, AssemblyResolver.OnResolve: Microsoft.VisualStudio.TestPlatform.Fakes: Searching in: 'C:\Program Files\dotnet\sdk\7.0.101\Extensions'.
TpTrace Information: 0 : 24704, 1, 2023/01/09, 19:20:50.998, 12058700168513, vstest.console.dll, AssemblyResolver.OnResolve: Microsoft.VisualStudio.TestPlatform.Fakes: Assembly path does not exist: 'C:\Program Files\dotnet\sdk\7.0.101\Extensions\Microsoft.VisualStudio.TestPlatform.Fakes.dll', returning.
TpTrace Information: 0 : 24704, 1, 2023/01/09, 19:20:50.999, 12058700168968, vstest.console.dll, AssemblyResolver.OnResolve: Microsoft.VisualStudio.TestPlatform.Fakes: Assembly path does not exist: 'C:\Program Files\dotnet\sdk\7.0.101\Extensions\Microsoft.VisualStudio.TestPlatform.Fakes.exe', returning.
TpTrace Information: 0 : 24704, 1, 2023/01/09, 19:20:50.999, 12058700169206, vstest.console.dll, AssemblyResolver.OnResolve: Microsoft.VisualStudio.TestPlatform.Fakes: Searching in: 'C:\Program Files\dotnet\sdk\7.0.101'.
TpTrace Information: 0 : 24704, 1, 2023/01/09, 19:20:50.999, 12058700169636, vstest.console.dll, AssemblyResolver.OnResolve: Microsoft.VisualStudio.TestPlatform.Fakes: Assembly path does not exist: 'C:\Program Files\dotnet\sdk\7.0.101\Microsoft.VisualStudio.TestPlatform.Fakes.dll', returning.
TpTrace Information: 0 : 24704, 1, 2023/01/09, 19:20:50.999, 12058700170151, vstest.console.dll, AssemblyResolver.OnResolve: Microsoft.VisualStudio.TestPlatform.Fakes: Assembly path does not exist: 'C:\Program Files\dotnet\sdk\7.0.101\Microsoft.VisualStudio.TestPlatform.Fakes.exe', returning.
TpTrace Information: 0 : 24704, 1, 2023/01/09, 19:20:50.999, 12058700170346, vstest.console.dll, AssemblyResolver.OnResolve: Microsoft.VisualStudio.TestPlatform.Fakes: Failed to load assembly.
TpTrace Information: 0 : 24704, 1, 2023/01/09, 19:20:50.999, 12058700171929, vstest.console.dll, Failed to load assembly Microsoft.VisualStudio.TestPlatform.Fakes, Version=17.0.0.0, Culture=neutral. Reason:System.IO.FileNotFoundException: Could not load file or assembly 'Microsoft.VisualStudio.TestPlatform.Fakes, Version=17.0.0.0, Culture=neutral, PublicKeyToken=null'. O sistema não pode encontrar o arquivo especificado.
File name: 'Microsoft.VisualStudio.TestPlatform.Fakes, Version=17.0.0.0, Culture=neutral, PublicKeyToken=null'
   at System.Reflection.RuntimeAssembly.InternalLoad(AssemblyName assemblyName, StackCrawlMark& stackMark, AssemblyLoadContext assemblyLoadContext, RuntimeAssembly requestingAssembly, Boolean throwOnFileNotFound)
   at System.Reflection.Assembly.Load(AssemblyName assemblyRef)
   at Microsoft.VisualStudio.TestPlatform.Common.Utilities.FakesUtilities.LoadTestPlatformAssembly()
TpTrace Verbose: 0 : 24704, 1, 2023/01/09, 19:20:51.001, 12058700194188, vstest.console.dll, TestPluginCache.DiscoverTestExtensions: finding test extensions in assemblies ends with: TestLogger.dll TPluginInfo: Microsoft.VisualStudio.TestPlatform.Common.ExtensionFramework.Utilities.TestLoggerPluginInformation TExtension: Microsoft.VisualStudio.TestPlatform.ObjectModel.Client.ITestLogger
TpTrace Verbose: 0 : 24704, 1, 2023/01/09, 19:20:51.001, 12058700194770, vstest.console.dll, TestPluginCache.GetExtensionPaths: Filtered extension paths: 
TpTrace Verbose: 0 : 24704, 1, 2023/01/09, 19:20:51.001, 12058700195020, vstest.console.dll, TestPluginCache.GetExtensionPaths: Added default extension paths: C:\Program Files\dotnet\sdk\7.0.101\Extensions\Microsoft.Diagnostics.NETCore.Client.dll
C:\Program Files\dotnet\sdk\7.0.101\Extensions\Microsoft.TestPlatform.Extensions.BlameDataCollector.dll
C:\Program Files\dotnet\sdk\7.0.101\Extensions\Microsoft.TestPlatform.Extensions.EventLogCollector.dll
C:\Program Files\dotnet\sdk\7.0.101\Extensions\Microsoft.TestPlatform.TestHostRuntimeProvider.dll
C:\Program Files\dotnet\sdk\7.0.101\Extensions\Microsoft.VisualStudio.TestPlatform.Extensions.Html.TestLogger.dll
C:\Program Files\dotnet\sdk\7.0.101\Extensions\Microsoft.VisualStudio.TestPlatform.Extensions.Trx.TestLogger.dll
TpTrace Verbose: 0 : 24704, 1, 2023/01/09, 19:20:51.001, 12058700195258, vstest.console.dll, TestPluginCache.GetExtensionPaths: Added unfilterableExtensionPaths: 
TpTrace Information: 0 : 24704, 1, 2023/01/09, 19:20:51.001, 12058700196263, vstest.console.dll, AssemblyResolver.AddSearchDirectories: Adding more searchDirectories C:\Program Files\dotnet\sdk\7.0.101\Extensions,C:\Program Files\dotnet\sdk\7.0.101
TpTrace Verbose: 0 : 24704, 1, 2023/01/09, 19:20:51.001, 12058700196573, vstest.console.dll, TestPluginCache.DiscoverTestExtensions: Discovering the extensions using extension path.
TpTrace Verbose: 0 : 24704, 1, 2023/01/09, 19:20:51.001, 12058700196822, vstest.console.dll, TestPluginCache.GetExtensionPaths: Filtered extension paths: 
TpTrace Verbose: 0 : 24704, 1, 2023/01/09, 19:20:51.001, 12058700196999, vstest.console.dll, TestPluginCache.GetExtensionPaths: Added default extension paths: C:\Program Files\dotnet\sdk\7.0.101\Extensions\Microsoft.Diagnostics.NETCore.Client.dll
C:\Program Files\dotnet\sdk\7.0.101\Extensions\Microsoft.TestPlatform.Extensions.BlameDataCollector.dll
C:\Program Files\dotnet\sdk\7.0.101\Extensions\Microsoft.TestPlatform.Extensions.EventLogCollector.dll
C:\Program Files\dotnet\sdk\7.0.101\Extensions\Microsoft.TestPlatform.TestHostRuntimeProvider.dll
C:\Program Files\dotnet\sdk\7.0.101\Extensions\Microsoft.VisualStudio.TestPlatform.Extensions.Html.TestLogger.dll
C:\Program Files\dotnet\sdk\7.0.101\Extensions\Microsoft.VisualStudio.TestPlatform.Extensions.Trx.TestLogger.dll
TpTrace Verbose: 0 : 24704, 1, 2023/01/09, 19:20:51.001, 12058700197210, vstest.console.dll, TestPluginCache.GetExtensionPaths: Added unfilterableExtensionPaths: 
TpTrace Verbose: 0 : 24704, 1, 2023/01/09, 19:20:51.001, 12058700197392, vstest.console.dll, TestPluginCache.DiscoverTestExtensions: Discovering the extensions using allExtensionPaths: C:\Program Files\dotnet\sdk\7.0.101\Extensions\Microsoft.Diagnostics.NETCore.Client.dll
C:\Program Files\dotnet\sdk\7.0.101\Extensions\Microsoft.TestPlatform.Extensions.BlameDataCollector.dll
C:\Program Files\dotnet\sdk\7.0.101\Extensions\Microsoft.TestPlatform.Extensions.EventLogCollector.dll
C:\Program Files\dotnet\sdk\7.0.101\Extensions\Microsoft.TestPlatform.TestHostRuntimeProvider.dll
C:\Program Files\dotnet\sdk\7.0.101\Extensions\Microsoft.VisualStudio.TestPlatform.Extensions.Html.TestLogger.dll
C:\Program Files\dotnet\sdk\7.0.101\Extensions\Microsoft.VisualStudio.TestPlatform.Extensions.Trx.TestLogger.dll
TpTrace Information: 0 : 24704, 1, 2023/01/09, 19:20:51.001, 12058700198063, vstest.console.dll, AssemblyResolver.AddSearchDirectories: Adding more searchDirectories C:\Program Files\dotnet\sdk\7.0.101\Extensions,C:\Program Files\dotnet\sdk\7.0.101
TpTrace Information: 0 : 24704, 1, 2023/01/09, 19:20:51.001, 12058700198331, vstest.console.dll, AssemblyResolver.AddSearchDirectories: Adding more searchDirectories C:\Program Files\dotnet\sdk\7.0.101\Extensions,C:\Program Files\dotnet\sdk\7.0.101
TpTrace Information: 0 : 24704, 1, 2023/01/09, 19:20:51.001, 12058700198518, vstest.console.dll, AssemblyResolver.AddSearchDirectories: Adding more searchDirectories C:\Program Files\dotnet\sdk\7.0.101\Extensions,C:\Program Files\dotnet\sdk\7.0.101
TpTrace Information: 0 : 24704, 1, 2023/01/09, 19:20:51.002, 12058700198710, vstest.console.dll, AssemblyResolver.AddSearchDirectories: Adding more searchDirectories C:\Program Files\dotnet\sdk\7.0.101\Extensions,C:\Program Files\dotnet\sdk\7.0.101
TpTrace Information: 0 : 24704, 1, 2023/01/09, 19:20:51.002, 12058700198888, vstest.console.dll, AssemblyResolver.AddSearchDirectories: Adding more searchDirectories C:\Program Files\dotnet\sdk\7.0.101\Extensions,C:\Program Files\dotnet\sdk\7.0.101
TpTrace Information: 0 : 24704, 1, 2023/01/09, 19:20:51.002, 12058700199060, vstest.console.dll, AssemblyResolver.AddSearchDirectories: Adding more searchDirectories C:\Program Files\dotnet\sdk\7.0.101\Extensions,C:\Program Files\dotnet\sdk\7.0.101
TpTrace Verbose: 0 : 24704, 1, 2023/01/09, 19:20:51.002, 12058700199777, vstest.console.dll, MetadataReaderExtensionsHelper: Discovering extensions inside assembly 'Microsoft.Diagnostics.NETCore.Client, Version=0.2.6.42401, Culture=neutral, PublicKeyToken=31bf3856ad364e35' file path 'C:\Program Files\dotnet\sdk\7.0.101\Extensions\Microsoft.Diagnostics.NETCore.Client.dll'
TpTrace Information: 0 : 24704, 1, 2023/01/09, 19:20:51.002, 12058700206492, vstest.console.dll, AssemblyResolver.OnResolve: Microsoft.Bcl.AsyncInterfaces: Resolving assembly.
TpTrace Information: 0 : 24704, 1, 2023/01/09, 19:20:51.002, 12058700206878, vstest.console.dll, AssemblyResolver.OnResolve: Microsoft.Bcl.AsyncInterfaces: Resolved from cache.
TpTrace Verbose: 0 : 24704, 1, 2023/01/09, 19:20:51.002, 12058700207074, vstest.console.dll, CurrentDomainAssemblyResolve: Resolving assembly 'Microsoft.Bcl.AsyncInterfaces'.
TpTrace Information: 0 : 24704, 1, 2023/01/09, 19:20:51.002, 12058700207365, vstest.console.dll, AssemblyResolver.OnResolve: Microsoft.Bcl.AsyncInterfaces: Resolving assembly.
TpTrace Information: 0 : 24704, 1, 2023/01/09, 19:20:51.002, 12058700207612, vstest.console.dll, AssemblyResolver.OnResolve: Microsoft.Bcl.AsyncInterfaces: Resolved from cache.
TpTrace Verbose: 0 : 24704, 1, 2023/01/09, 19:20:51.002, 12058700207803, vstest.console.dll, CurrentDomainAssemblyResolve: Resolving assembly 'Microsoft.Bcl.AsyncInterfaces'.
TpTrace Verbose: 0 : 24704, 1, 2023/01/09, 19:20:51.002, 12058700208017, vstest.console.dll, CurrentDomainAssemblyResolve: Failed to resolve assembly 'Microsoft.Bcl.AsyncInterfaces'.
TpTrace Verbose: 0 : 24704, 1, 2023/01/09, 19:20:51.003, 12058700208932, vstest.console.dll, CurrentDomainAssemblyResolve: Failed to resolve assembly 'Microsoft.Bcl.AsyncInterfaces'.
TpTrace Warning: 0 : 24704, 1, 2023/01/09, 19:20:51.003, 12058700211106, vstest.console.dll, TestPluginDiscoverer: Failed to get types from assembly 'Microsoft.Diagnostics.NETCore.Client, Version=0.2.6.42401, Culture=neutral, PublicKeyToken=31bf3856ad364e35'. Error: System.Reflection.ReflectionTypeLoadException: Unable to load one or more of the requested types.
Could not load file or assembly 'Microsoft.Bcl.AsyncInterfaces, Version=1.0.0.0, Culture=neutral, PublicKeyToken=cc7b13ffcd2ddd51'. O sistema não pode encontrar o arquivo especificado.
   at System.Reflection.RuntimeModule.GetTypes(RuntimeModule module)
   at System.Reflection.Assembly.GetTypes()
   at Microsoft.VisualStudio.TestPlatform.Common.ExtensionFramework.TestPluginDiscoverer.GetTestExtensionsFromAssembly[TPluginInfo,TExtension](Assembly assembly, Dictionary`2 pluginInfos, String filePath)
System.IO.FileNotFoundException: Could not load file or assembly 'Microsoft.Bcl.AsyncInterfaces, Version=1.0.0.0, Culture=neutral, PublicKeyToken=cc7b13ffcd2ddd51'. O sistema não pode encontrar o arquivo especificado.
File name: 'Microsoft.Bcl.AsyncInterfaces, Version=1.0.0.0, Culture=neutral, PublicKeyToken=cc7b13ffcd2ddd51'
 ---> System.IO.FileNotFoundException: Could not load file or assembly 'Microsoft.Bcl.AsyncInterfaces, Culture=neutral, PublicKeyToken=null'. O sistema não pode encontrar o arquivo especificado.
File name: 'Microsoft.Bcl.AsyncInterfaces, Culture=neutral, PublicKeyToken=null'
   at System.Reflection.RuntimeAssembly.InternalLoad(AssemblyName assemblyName, StackCrawlMark& stackMark, AssemblyLoadContext assemblyLoadContext, RuntimeAssembly requestingAssembly, Boolean throwOnFileNotFound)
   at System.Reflection.Assembly.Load(AssemblyName assemblyRef)
   at Microsoft.VisualStudio.TestPlatform.Common.ExtensionFramework.TestPluginCache.CurrentDomainAssemblyResolve(Object sender, AssemblyResolveEventArgs args)
   at System.Runtime.Loader.AssemblyLoadContext.GetFirstResolvedAssemblyFromResolvingEvent(AssemblyName assemblyName)
   at System.Runtime.Loader.AssemblyLoadContext.ResolveUsingEvent(AssemblyName assemblyName)
   at System.Runtime.Loader.AssemblyLoadContext.ResolveUsingResolvingEvent(IntPtr gchManagedAssemblyLoadContext, AssemblyName assemblyName)
TpTrace Warning: 0 : 24704, 1, 2023/01/09, 19:20:51.003, 12058700212140, vstest.console.dll, LoaderExceptions: System.IO.FileNotFoundException: Could not load file or assembly 'Microsoft.Bcl.AsyncInterfaces, Version=1.0.0.0, Culture=neutral, PublicKeyToken=cc7b13ffcd2ddd51'. O sistema não pode encontrar o arquivo especificado.
File name: 'Microsoft.Bcl.AsyncInterfaces, Version=1.0.0.0, Culture=neutral, PublicKeyToken=cc7b13ffcd2ddd51'
 ---> System.IO.FileNotFoundException: Could not load file or assembly 'Microsoft.Bcl.AsyncInterfaces, Culture=neutral, PublicKeyToken=null'. O sistema não pode encontrar o arquivo especificado.
File name: 'Microsoft.Bcl.AsyncInterfaces, Culture=neutral, PublicKeyToken=null'
   at System.Reflection.RuntimeAssembly.InternalLoad(AssemblyName assemblyName, StackCrawlMark& stackMark, AssemblyLoadContext assemblyLoadContext, RuntimeAssembly requestingAssembly, Boolean throwOnFileNotFound)
   at System.Reflection.Assembly.Load(AssemblyName assemblyRef)
   at Microsoft.VisualStudio.TestPlatform.Common.ExtensionFramework.TestPluginCache.CurrentDomainAssemblyResolve(Object sender, AssemblyResolveEventArgs args)
   at System.Runtime.Loader.AssemblyLoadContext.GetFirstResolvedAssemblyFromResolvingEvent(AssemblyName assemblyName)
   at System.Runtime.Loader.AssemblyLoadContext.ResolveUsingEvent(AssemblyName assemblyName)
   at System.Runtime.Loader.AssemblyLoadContext.ResolveUsingResolvingEvent(IntPtr gchManagedAssemblyLoadContext, AssemblyName assemblyName)
TpTrace Verbose: 0 : 24704, 1, 2023/01/09, 19:20:51.003, 12058700212864, vstest.console.dll, MetadataReaderExtensionsHelper: Discovering extensions inside assembly 'Microsoft.TestPlatform.Extensions.BlameDataCollector, Version=15.0.0.0, Culture=neutral, PublicKeyToken=b03f5f7f11d50a3a' file path 'C:\Program Files\dotnet\sdk\7.0.101\Extensions\Microsoft.TestPlatform.Extensions.BlameDataCollector.dll'
TpTrace Information: 0 : 24704, 1, 2023/01/09, 19:20:51.003, 12058700217392, vstest.console.dll, GetTestExtensionFromType: Register extension with identifier data 'logger://Microsoft/TestPlatform/Extensions/Blame/v1' and type 'Microsoft.TestPlatform.Extensions.BlameDataCollector.BlameLogger, Microsoft.TestPlatform.Extensions.BlameDataCollector, Version=15.0.0.0, Culture=neutral, PublicKeyToken=b03f5f7f11d50a3a' inside file 'C:\Program Files\dotnet\sdk\7.0.101\Extensions\Microsoft.TestPlatform.Extensions.BlameDataCollector.dll'
TpTrace Verbose: 0 : 24704, 1, 2023/01/09, 19:20:51.003, 12058700217868, vstest.console.dll, MetadataReaderExtensionsHelper: Discovering extensions inside assembly 'Microsoft.TestPlatform.Extensions.EventLogCollector, Version=15.0.0.0, Culture=neutral, PublicKeyToken=b03f5f7f11d50a3a' file path 'C:\Program Files\dotnet\sdk\7.0.101\Extensions\Microsoft.TestPlatform.Extensions.EventLogCollector.dll'
TpTrace Verbose: 0 : 24704, 1, 2023/01/09, 19:20:51.004, 12058700221224, vstest.console.dll, MetadataReaderExtensionsHelper: Discovering extensions inside assembly 'Microsoft.TestPlatform.TestHostRuntimeProvider, Version=15.0.0.0, Culture=neutral, PublicKeyToken=b03f5f7f11d50a3a' file path 'C:\Program Files\dotnet\sdk\7.0.101\Extensions\Microsoft.TestPlatform.TestHostRuntimeProvider.dll'
TpTrace Verbose: 0 : 24704, 1, 2023/01/09, 19:20:51.004, 12058700224514, vstest.console.dll, MetadataReaderExtensionsHelper: Discovering extensions inside assembly 'Microsoft.VisualStudio.TestPlatform.Extensions.Html.TestLogger, Version=15.0.0.0, Culture=neutral, PublicKeyToken=b03f5f7f11d50a3a' file path 'C:\Program Files\dotnet\sdk\7.0.101\Extensions\Microsoft.VisualStudio.TestPlatform.Extensions.Html.TestLogger.dll'
TpTrace Information: 0 : 24704, 1, 2023/01/09, 19:20:51.005, 12058700229224, vstest.console.dll, GetTestExtensionFromType: Register extension with identifier data 'logger://Microsoft/TestPlatform/HtmlLogger/v1' and type 'Microsoft.VisualStudio.TestPlatform.Extensions.HtmlLogger.HtmlLogger, Microsoft.VisualStudio.TestPlatform.Extensions.Html.TestLogger, Version=15.0.0.0, Culture=neutral, PublicKeyToken=b03f5f7f11d50a3a' inside file 'C:\Program Files\dotnet\sdk\7.0.101\Extensions\Microsoft.VisualStudio.TestPlatform.Extensions.Html.TestLogger.dll'
TpTrace Verbose: 0 : 24704, 1, 2023/01/09, 19:20:51.005, 12058700229681, vstest.console.dll, MetadataReaderExtensionsHelper: Discovering extensions inside assembly 'Microsoft.VisualStudio.TestPlatform.Extensions.Trx.TestLogger, Version=15.0.0.0, Culture=neutral, PublicKeyToken=b03f5f7f11d50a3a' file path 'C:\Program Files\dotnet\sdk\7.0.101\Extensions\Microsoft.VisualStudio.TestPlatform.Extensions.Trx.TestLogger.dll'
TpTrace Information: 0 : 24704, 1, 2023/01/09, 19:20:51.005, 12058700233223, vstest.console.dll, GetTestExtensionFromType: Register extension with identifier data 'logger://Microsoft/TestPlatform/TrxLogger/v1' and type 'Microsoft.VisualStudio.TestPlatform.Extensions.TrxLogger.TrxLogger, Microsoft.VisualStudio.TestPlatform.Extensions.Trx.TestLogger, Version=15.0.0.0, Culture=neutral, PublicKeyToken=b03f5f7f11d50a3a' inside file 'C:\Program Files\dotnet\sdk\7.0.101\Extensions\Microsoft.VisualStudio.TestPlatform.Extensions.Trx.TestLogger.dll'
TpTrace Verbose: 0 : 24704, 1, 2023/01/09, 19:20:51.005, 12058700233893, vstest.console.dll, TestPluginCache: Discovered the extensions using extension path ''.
TpTrace Verbose: 0 : 24704, 1, 2023/01/09, 19:20:51.005, 12058700234232, vstest.console.dll, TestPluginCache: Discoverers are ''.
TpTrace Verbose: 0 : 24704, 1, 2023/01/09, 19:20:51.005, 12058700234399, vstest.console.dll, TestPluginCache: Executors are ''.
TpTrace Verbose: 0 : 24704, 1, 2023/01/09, 19:20:51.005, 12058700234551, vstest.console.dll, TestPluginCache: Executors2 are ''.
TpTrace Verbose: 0 : 24704, 1, 2023/01/09, 19:20:51.005, 12058700234698, vstest.console.dll, TestPluginCache: Setting providers are ''.
TpTrace Verbose: 0 : 24704, 1, 2023/01/09, 19:20:51.005, 12058700235113, vstest.console.dll, TestPluginCache: Loggers are 'logger://Microsoft/TestPlatform/Extensions/Blame/v1,logger://Microsoft/TestPlatform/HtmlLogger/v1,logger://Microsoft/TestPlatform/TrxLogger/v1'.
TpTrace Verbose: 0 : 24704, 1, 2023/01/09, 19:20:51.005, 12058700235463, vstest.console.dll, TestPluginCache: TestHosts are 'HostProvider://DefaultTestHost,HostProvider://DotnetTestHost'.
TpTrace Verbose: 0 : 24704, 1, 2023/01/09, 19:20:51.005, 12058700235660, vstest.console.dll, TestPluginCache: DataCollectors are ''.
TpTrace Information: 0 : 24704, 1, 2023/01/09, 19:20:51.006, 12058700241728, vstest.console.dll, TestPluginManager.CreateTestExtension: Attempting to load test extension: Microsoft.TestPlatform.Extensions.BlameDataCollector.BlameLogger
TpTrace Verbose: 0 : 24704, 1, 2023/01/09, 19:20:51.012, 12058700301384, vstest.console.dll, TestEngine: Initializing Parallel Execution as MaxCpuCount is set to: 1
TpTrace Information: 0 : 24704, 1, 2023/01/09, 19:20:51.013, 12058700313251, vstest.console.dll, TestPluginManager.CreateTestExtension: Attempting to load test extension: Microsoft.VisualStudio.TestPlatform.CrossPlatEngine.Hosting.DefaultTestHostManager
TpTrace Information: 0 : 24704, 1, 2023/01/09, 19:20:51.014, 12058700322165, vstest.console.dll, TestPluginManager.CreateTestExtension: Attempting to load test extension: Microsoft.VisualStudio.TestPlatform.CrossPlatEngine.Hosting.DotnetTestHostManager
TpTrace Information: 0 : 24704, 1, 2023/01/09, 19:20:51.014, 12058700326669, vstest.console.dll, InferRunSettingsHelper.IsTestSettingsEnabled: Unable to navigate to RunSettings/MSTest. Current node: RunSettings
TpTrace Verbose: 0 : 24704, 1, 2023/01/09, 19:20:51.017, 12058700356576, vstest.console.dll, TestEngine.GetExecutionManager: Chosen execution manager 'Microsoft.VisualStudio.TestPlatform.CrossPlatEngine.Client.Parallel.ParallelProxyExecutionManager, Microsoft.TestPlatform.CrossPlatEngine, Version=15.0.0.0, Culture=neutral, PublicKeyToken=b03f5f7f11d50a3a' ParallelLevel '1'.
TpTrace Verbose: 0 : 24704, 1, 2023/01/09, 19:20:51.017, 12058700357517, vstest.console.dll, TestRunRequest.ExecuteAsync: Creating test run request.
TpTrace Verbose: 0 : 24704, 1, 2023/01/09, 19:20:51.018, 12058700359544, vstest.console.dll, TestRunRequest.ExecuteAsync: Starting.
TpTrace Information: 0 : 24704, 1, 2023/01/09, 19:20:51.018, 12058700361471, vstest.console.dll, TestRunRequest.ExecuteAsync: Starting run with settings:TestRunCriteria:
   KeepAlive=False,FrequencyOfRunStatsChangeEvent=10,RunStatsChangeEventTimeout=00:00:01.5000000,TestCaseFilter=,TestExecutorLauncher=
   Settingsxml=<RunSettings>
  <RunConfiguration>
    <ResultsDirectory>F:\Projetos ASP.NET\Curso Testes\TestesDeSoftware\01 - Testes de Unidades\Demo.Teste\bin\Debug\net6.0\fine-code-coverage\coverage-tool-output</ResultsDirectory>
    <TargetPlatform>X64</TargetPlatform>
    <TargetFrameworkVersion>.NETCoreApp,Version=v6.0</TargetFrameworkVersion>
    <DesignMode>False</DesignMode>
    <CollectSourceInformation>False</CollectSourceInformation>
  </RunConfiguration>
  <LoggerRunSettings>
    <Loggers>
      <Logger friendlyName="blame" enabled="True" />
      <Logger friendlyName="Console" uri="logger://microsoft/TestPlatform/ConsoleLogger/v1" assemblyQualifiedName="Microsoft.VisualStudio.TestPlatform.CommandLine.Internal.ConsoleLogger, vstest.console, Version=15.0.0.0, Culture=neutral, PublicKeyToken=b03f5f7f11d50a3a" codeBase="C:\Program Files\dotnet\sdk\7.0.101\vstest.console.dll" enabled="True" />
    </Loggers>
  </LoggerRunSettings>
  <DataCollectionRunSettings>
    <DataCollectors>
      <DataCollector friendlyName="blame" enabled="True">
        <Configuration>
          <ResultsDirectory>F:\Projetos ASP.NET\Curso Testes\TestesDeSoftware\01 - Testes de Unidades\Demo.Teste\bin\Debug\net6.0\fine-code-coverage\coverage-tool-output</ResultsDirectory>
        </Configuration>
      </DataCollector>
    </DataCollectors>
  </DataCollectionRunSettings>
</RunSettings>

TpTrace Verbose: 0 : 24704, 1, 2023/01/09, 19:20:51.018, 12058700361858, vstest.console.dll, TestRunRequest.ExecuteAsync: Wait for the first run request is over.
TpTrace Verbose: 0 : 24704, 1, 2023/01/09, 19:20:51.018, 12058700363701, vstest.console.dll, MulticastDelegateUtilities.SafeInvoke: TestRun.TestRunStart: Invoking callbacks was skipped because there are no subscribers.
TpTrace Verbose: 0 : 24704, 4, 2023/01/09, 19:20:51.018, 12058700365639, vstest.console.dll, MulticastDelegateUtilities.SafeInvoke: InternalTestLoggerEvents.SendTestRunStart: Invoking callback 1/1 for Microsoft.VisualStudio.TestPlatform.CommandLine.Internal.ConsoleLogger., took 0 ms.
TpTrace Verbose: 0 : 24704, 1, 2023/01/09, 19:20:51.019, 12058700372371, vstest.console.dll, ParallelProxyExecutionManager: Start execution. Total sources: 1
TpTrace Verbose: 0 : 24704, 1, 2023/01/09, 19:20:51.020, 12058700383556, vstest.console.dll, TestRequestSender is acting as server.
TpTrace Verbose: 0 : 24704, 1, 2023/01/09, 19:20:51.021, 12058700392232, vstest.console.dll, DataCollectionRequestSender.InitializeCommunication : Initialize communication. 
TpTrace Information: 0 : 24704, 1, 2023/01/09, 19:20:51.023, 12058700416456, vstest.console.dll, Listening on Endpoint : 127.0.0.1:49162
TpTrace Verbose: 0 : 24704, 1, 2023/01/09, 19:20:51.029, 12058700469602, vstest.console.dll, DotnetDataCollectionLauncher: Adding  --runtimeconfig "C:\Program Files\dotnet\sdk\7.0.101\datacollector.runtimeconfig.json" in args
TpTrace Verbose: 0 : 24704, 1, 2023/01/09, 19:20:51.029, 12058700470563, vstest.console.dll, DotnetDataCollectionLauncher: Adding  --depsfile "C:\Program Files\dotnet\sdk\7.0.101\datacollector.deps.json" in args
TpTrace Verbose: 0 : 24704, 1, 2023/01/09, 19:20:51.029, 12058700471478, vstest.console.dll, DotnetDataCollectionLauncher: Full path of dotnet.exe is C:\Program Files\dotnet\dotnet.exe
TpTrace Information: 0 : 24704, 1, 2023/01/09, 19:20:51.034, 12058700519057, vstest.console.dll, ProxyDataCollectionManager.Initialize: Launched datacollector processId: 18284 port: 49162
TpTrace Information: 0 : 24704, 1, 2023/01/09, 19:20:51.034, 12058700520181, vstest.console.dll, ProxyDataCollectionManager.Initialize: waiting for connection with timeout: 90 seconds
TpTrace Verbose: 0 : 24704, 1, 2023/01/09, 19:20:51.034, 12058700520548, vstest.console.dll, DataCollectionRequestSender.WaitForRequestHandlerConnection : Waiting for connection with timeout: 90000
TpTrace Information: 0 : 24704, 7, 2023/01/09, 19:20:51.135, 12058701538250, vstest.console.dll, Using the buffer size of 16384 bytes
TpTrace Verbose: 0 : 24704, 1, 2023/01/09, 19:20:51.135, 12058701538480, vstest.console.dll, SocketCommunicationManager.WaitForClientConnection took: 101 ms, with 90000 ms timeout, and finished with True.
TpTrace Information: 0 : 24704, 7, 2023/01/09, 19:20:51.136, 12058701539030, vstest.console.dll, Accepted Client request and set the flag
TpTrace Verbose: 0 : 24704, 1, 2023/01/09, 19:20:51.136, 12058701539737, vstest.console.dll, ProxyDataCollectionManager.InvokeDataCollectionServiceAction: Starting.
TpTrace Information: 0 : 24704, 1, 2023/01/09, 19:20:51.136, 12058701540570, vstest.console.dll, ProxyDataCollectionManager.BeforeTestRunStart: Get environment variable and port for datacollector processId: 18284 port: 49162
TpTrace Verbose: 0 : 24704, 1, 2023/01/09, 19:20:51.136, 12058701541191, vstest.console.dll, DataCollectionRequestSender.SendBeforeTestRunStartAndGetResult: Send BeforeTestRunStart message with settingsXml <RunSettings><RunConfiguration><ResultsDirectory>F:\Projetos ASP.NET\Curso Testes\TestesDeSoftware\01 - Testes de Unidades\Demo.Teste\bin\Debug\net6.0\fine-code-coverage\coverage-tool-output</ResultsDirectory><TargetPlatform>X64</TargetPlatform><TargetFrameworkVersion>.NETCoreApp,Version=v6.0</TargetFrameworkVersion><DesignMode>False</DesignMode><CollectSourceInformation>False</CollectSourceInformation><TestAdaptersPaths>C:\Program Files\dotnet\sdk\7.0.101\Extensions</TestAdaptersPaths></RunConfiguration><LoggerRunSettings><Loggers><Logger friendlyName="blame" enabled="True" /><Logger friendlyName="Console" uri="logger://microsoft/TestPlatform/ConsoleLogger/v1" assemblyQualifiedName="Microsoft.VisualStudio.TestPlatform.CommandLine.Internal.ConsoleLogger, vstest.console, Version=15.0.0.0, Culture=neutral, PublicKeyToken=b03f5f7f11d50a3a" codeBase="C:\Program Files\dotnet\sdk\7.0.101\vstest.console.dll" enabled="True" /></Loggers></LoggerRunSettings><DataCollectionRunSettings><DataCollectors><DataCollector friendlyName="blame" enabled="True"><Configuration><ResultsDirectory>F:\Projetos ASP.NET\Curso Testes\TestesDeSoftware\01 - Testes de Unidades\Demo.Teste\bin\Debug\net6.0\fine-code-coverage\coverage-tool-output</ResultsDirectory></Configuration></DataCollector></DataCollectors></DataCollectionRunSettings></RunSettings> and sources System.Collections.Generic.List`1[System.String]: 
TpTrace Verbose: 0 : 24704, 1, 2023/01/09, 19:20:51.193, 12058702108975, vstest.console.dll, DataCollectionRequestSender.SendBeforeTestRunStartAndGetResult: Received message: (DataCollection.SendMessage) -> {"MessageType":"DataCollection.SendMessage","Payload":{"FriendlyName":null,"Uri":null,"TestCaseId":"00000000-0000-0000-0000-000000000000","Message":"Logging DataCollector Diagnostics in file: F:\\Projetos ASP.NET\\Curso Testes\\TestesDeSoftware\\01 - Testes de Unidades\\Demo.Teste\\bin\\Debug\\net6.0\\fine-code-coverage\\coverage-tool-output\\diagnostics.datacollector.23-01-09_19-20-51_02890_1.log","Level":0}}
TpTrace Verbose: 0 : 24704, 1, 2023/01/09, 19:20:51.255, 12058702733050, vstest.console.dll, DataCollectionRequestSender.SendBeforeTestRunStartAndGetResult: Received message: (DataCollection.BeforeTestRunStartResult) -> {"MessageType":"DataCollection.BeforeTestRunStartResult","Payload":{"EnvironmentVariables":{},"DataCollectionEventsPort":49164}}
TpTrace Information: 0 : 24704, 1, 2023/01/09, 19:20:51.258, 12058702767158, vstest.console.dll, ProxyDataCollectionManager.BeforeTestRunStart: SendBeforeTestRunStartAndGetResult successful, env variable from datacollector:   and testhost port: 49164
TpTrace Information: 0 : 24704, 1, 2023/01/09, 19:20:51.258, 12058702767666, vstest.console.dll, ProxyDataCollectionManager.InvokeDataCollectionServiceAction: Completed.
TpTrace Verbose: 0 : 24704, 1, 2023/01/09, 19:20:51.258, 12058702768519, vstest.console.dll, ProxyParallelExecutionManager: No sources available for execution.
TpTrace Verbose: 0 : 24704, 7, 2023/01/09, 19:20:51.259, 12058702768646, vstest.console.dll, ParallelProxyExecutionManager: Execution started. Started clients: 1
TpTrace Information: 0 : 24704, 1, 2023/01/09, 19:20:51.259, 12058702768875, vstest.console.dll, TestRunRequest.ExecuteAsync: Started.
TpTrace Verbose: 0 : 24704, 1, 2023/01/09, 19:20:51.259, 12058702769744, vstest.console.dll, TestRunRequest.WaitForCompletion: Waiting with timeout -1.
TpTrace Verbose: 0 : 24704, 7, 2023/01/09, 19:20:51.259, 12058702770844, vstest.console.dll, TestRunRequest:SendTestRunMessage: Starting.
TpTrace Verbose: 0 : 24704, 7, 2023/01/09, 19:20:51.259, 12058702771860, vstest.console.dll, MulticastDelegateUtilities.SafeInvoke: TestRun.LogMessages: Invoking callback 1/1 for Microsoft.VisualStudio.TestPlatform.CommandLine.TestRunResultAggregator., took 0 ms.
TpTrace Information: 0 : 24704, 7, 2023/01/09, 19:20:51.259, 12058702772120, vstest.console.dll, TestRunRequest:SendTestRunMessage: Completed.
TpTrace Verbose: 0 : 24704, 7, 2023/01/09, 19:20:51.259, 12058702773230, vstest.console.dll, ProxyExecutionManager: Test host is always Lazy initialize.
TpTrace Verbose: 0 : 24704, 4, 2023/01/09, 19:20:51.259, 12058702773316, vstest.console.dll, MulticastDelegateUtilities.SafeInvoke: InternalTestLoggerEvents.SendTestRunMessage: Invoking callback 1/1 for Microsoft.VisualStudio.TestPlatform.CommandLine.Internal.ConsoleLogger., took 0 ms.
TpTrace Verbose: 0 : 24704, 7, 2023/01/09, 19:20:51.259, 12058702775026, vstest.console.dll, TestRequestSender.InitializeCommunication: initialize communication. 
TpTrace Information: 0 : 24704, 7, 2023/01/09, 19:20:51.259, 12058702778362, vstest.console.dll, SocketServer.Start: Listening on endpoint : 127.0.0.1:49165
TpTrace Verbose: 0 : 24704, 7, 2023/01/09, 19:20:51.260, 12058702784436, vstest.console.dll, DotnetTestHostmanager.GetTestHostProcessStartInfo: Platform environment 'X64' target architecture 'X64' framework '.NETCoreApp,Version=v6.0' OS 'Windows'
TpTrace Verbose: 0 : 24704, 7, 2023/01/09, 19:20:51.260, 12058702785738, vstest.console.dll, DotnetTestHostmanager: Adding  --runtimeconfig "F:\Projetos ASP.NET\Curso Testes\TestesDeSoftware\01 - Testes de Unidades\Demo.Teste\bin\Debug\net6.0\fine-code-coverage\build-output\Demo.Teste.runtimeconfig.json" in args
TpTrace Verbose: 0 : 24704, 7, 2023/01/09, 19:20:51.260, 12058702786428, vstest.console.dll, DotnetTestHostmanager: Adding  --depsfile "F:\Projetos ASP.NET\Curso Testes\TestesDeSoftware\01 - Testes de Unidades\Demo.Teste\bin\Debug\net6.0\fine-code-coverage\build-output\Demo.Teste.deps.json" in args
TpTrace Verbose: 0 : 24704, 7, 2023/01/09, 19:20:51.260, 12058702788528, vstest.console.dll, DotnetTestHostmanager.IsWinOnArm: Current PROCESSOR_ARCHITECTURE from environment variable 'AMD64'
TpTrace Verbose: 0 : 24704, 7, 2023/01/09, 19:20:51.261, 12058702788954, vstest.console.dll, DotnetTestHostmanager.IsWinOnArm: Is Windows on ARM 'False'
TpTrace Verbose: 0 : 24704, 7, 2023/01/09, 19:20:51.261, 12058702789315, vstest.console.dll, DotnetTestHostManager: testhost.exe found at path: F:\Projetos ASP.NET\Curso Testes\TestesDeSoftware\01 - Testes de Unidades\Demo.Teste\bin\Debug\net6.0\fine-code-coverage\build-output\testhost.exe
TpTrace Verbose: 0 : 24704, 7, 2023/01/09, 19:20:51.261, 12058702789600, vstest.console.dll, DotnetTestHostmanager: Full path of host exe is F:\Projetos ASP.NET\Curso Testes\TestesDeSoftware\01 - Testes de Unidades\Demo.Teste\bin\Debug\net6.0\fine-code-coverage\build-output\testhost.exe
TpTrace Verbose: 0 : 24704, 7, 2023/01/09, 19:20:51.261, 12058702790563, vstest.console.dll, DotnetTestHostmanager.LaunchTestHostAsync: Found 'VSTEST_WINAPPHOST_DOTNET_ROOT' in env variables, value 'C:\Program Files\dotnet', forwarding to 'DOTNET_ROOT'
TpTrace Verbose: 0 : 24704, 7, 2023/01/09, 19:20:51.261, 12058702791945, vstest.console.dll, DotnetTestHostManager: Starting process 'F:\Projetos ASP.NET\Curso Testes\TestesDeSoftware\01 - Testes de Unidades\Demo.Teste\bin\Debug\net6.0\fine-code-coverage\build-output\testhost.exe' with command line ' --runtimeconfig "F:\Projetos ASP.NET\Curso Testes\TestesDeSoftware\01 - Testes de Unidades\Demo.Teste\bin\Debug\net6.0\fine-code-coverage\build-output\Demo.Teste.runtimeconfig.json" --depsfile "F:\Projetos ASP.NET\Curso Testes\TestesDeSoftware\01 - Testes de Unidades\Demo.Teste\bin\Debug\net6.0\fine-code-coverage\build-output\Demo.Teste.deps.json" --port 49165 --endpoint 127.0.0.1:049165 --role client --parentprocessid 24704 --diag "F:\Projetos ASP.NET\Curso Testes\TestesDeSoftware\01 - Testes de Unidades\Demo.Teste\bin\Debug\net6.0\fine-code-coverage\coverage-tool-output\diagnostics.host.23-01-09_19-20-51_26023_7.log" --tracelevel 4 --datacollectionport 49164 --telemetryoptedin false'
TpTrace Verbose: 0 : 24704, 7, 2023/01/09, 19:20:51.265, 12058702838560, vstest.console.dll, MulticastDelegateUtilities.SafeInvoke: HostProviderEvents.OnHostLaunched: Invoking callback 1/2 for Microsoft.VisualStudio.TestPlatform.CrossPlatEngine.Client.ProxyExecutionManagerWithDataCollection., took 0 ms.
TpTrace Verbose: 0 : 24704, 7, 2023/01/09, 19:20:51.266, 12058702840233, vstest.console.dll, Test Runtime launched
TpTrace Verbose: 0 : 24704, 7, 2023/01/09, 19:20:51.266, 12058702840665, vstest.console.dll, MulticastDelegateUtilities.SafeInvoke: HostProviderEvents.OnHostLaunched: Invoking callback 2/2 for Microsoft.VisualStudio.TestPlatform.CrossPlatEngine.Client.ProxyOperationManager., took 0 ms.
TpTrace Verbose: 0 : 24704, 7, 2023/01/09, 19:20:51.266, 12058702841722, vstest.console.dll, TestRequestSender.WaitForRequestHandlerConnection: waiting for connection with timeout: 90000.
TpTrace Verbose: 0 : 24704, 7, 2023/01/09, 19:20:51.433, 12058704515520, vstest.console.dll, TestRequestSender.WaitForRequestHandlerConnection: waiting took 167 ms, with timeout 90000 ms, and result 0, which is success.
TpTrace Verbose: 0 : 24704, 12, 2023/01/09, 19:20:51.433, 12058704515519, vstest.console.dll, MulticastDelegateUtilities.SafeInvoke: SocketServer: ClientConnected: Invoking callback 1/1 for Microsoft.VisualStudio.TestPlatform.CommunicationUtilities.TestRequestSender., took 0 ms.
TpTrace Verbose: 0 : 24704, 12, 2023/01/09, 19:20:51.433, 12058704516872, vstest.console.dll, SocketServer.OnClientConnected: Client connected for endPoint: 127.0.0.1:49165, starting MessageLoopAsync:
TpTrace Verbose: 0 : 24704, 12, 2023/01/09, 19:20:51.434, 12058704519013, vstest.console.dll, TcpClientExtensions.MessageLoopAsync: Polling on remoteEndPoint: 127.0.0.1:49166 localEndPoint: 127.0.0.1:49165
TpTrace Verbose: 0 : 24704, 7, 2023/01/09, 19:20:51.434, 12058704522408, vstest.console.dll, TestRequestSender.CheckVersionWithTestHost: Sending check version message: {"MessageType":"ProtocolVersion","Payload":7}
TpTrace Verbose: 0 : 24704, 12, 2023/01/09, 19:20:51.535, 12058705533179, vstest.console.dll, TcpClientExtensions.MessageLoopAsync: NotifyDataAvailable remoteEndPoint: 127.0.0.1:49166 localEndPoint: 127.0.0.1:49165
TpTrace Verbose: 0 : 24704, 12, 2023/01/09, 19:20:51.535, 12058705534594, vstest.console.dll, TestRequestSender.CheckVersionWithTestHost: onMessageReceived received message: (ProtocolVersion) -> {"MessageType":"ProtocolVersion","Payload":5}
TpTrace Verbose: 0 : 24704, 12, 2023/01/09, 19:20:51.536, 12058705539128, vstest.console.dll, MulticastDelegateUtilities.SafeInvoke: LengthPrefixCommunicationChannel: MessageReceived: Invoking callback 1/1 for Microsoft.VisualStudio.TestPlatform.CommunicationUtilities.TestRequestSender+<>c__DisplayClass26_0., took 0 ms.
TpTrace Verbose: 0 : 24704, 12, 2023/01/09, 19:20:51.536, 12058705539662, vstest.console.dll, TcpClientExtensions.MessageLoopAsync: Polling on remoteEndPoint: 127.0.0.1:49166 localEndPoint: 127.0.0.1:49165
TpTrace Verbose: 0 : 24704, 7, 2023/01/09, 19:20:51.536, 12058705539964, vstest.console.dll, TestPluginCache.GetExtensionPaths: Filtered extension paths: 
TpTrace Verbose: 0 : 24704, 7, 2023/01/09, 19:20:51.536, 12058705540393, vstest.console.dll, TestPluginCache.GetExtensionPaths: Added default extension paths: C:\Program Files\dotnet\sdk\7.0.101\Extensions\Microsoft.Diagnostics.NETCore.Client.dll
C:\Program Files\dotnet\sdk\7.0.101\Extensions\Microsoft.TestPlatform.Extensions.BlameDataCollector.dll
C:\Program Files\dotnet\sdk\7.0.101\Extensions\Microsoft.TestPlatform.Extensions.EventLogCollector.dll
C:\Program Files\dotnet\sdk\7.0.101\Extensions\Microsoft.TestPlatform.TestHostRuntimeProvider.dll
C:\Program Files\dotnet\sdk\7.0.101\Extensions\Microsoft.VisualStudio.TestPlatform.Extensions.Html.TestLogger.dll
C:\Program Files\dotnet\sdk\7.0.101\Extensions\Microsoft.VisualStudio.TestPlatform.Extensions.Trx.TestLogger.dll
TpTrace Verbose: 0 : 24704, 7, 2023/01/09, 19:20:51.536, 12058705540636, vstest.console.dll, TestPluginCache.GetExtensionPaths: Added unfilterableExtensionPaths: 
TpTrace Verbose: 0 : 24704, 7, 2023/01/09, 19:20:51.538, 12058705560674, vstest.console.dll, TestRequestSender.InitializeExecution: Sending initialize execution with message: {"Version":5,"MessageType":"TestExecution.Initialize","Payload":["F:\\Projetos ASP.NET\\Curso Testes\\TestesDeSoftware\\01 - Testes de Unidades\\Demo.Teste\\bin\\Debug\\net6.0\\fine-code-coverage\\build-output\\xunit.runner.visualstudio.dotnetcore.testadapter.dll"]}
TpTrace Warning: 0 : 24704, 7, 2023/01/09, 19:20:51.538, 12058705563720, vstest.console.dll, InferRunSettingsHelper.MakeRunsettingsCompatible: Removing the following settings: TargetPlatform from RunSettings file. To use those settings please move to latest version of Microsoft.NET.Test.Sdk
TpTrace Verbose: 0 : 24704, 12, 2023/01/09, 19:20:51.542, 12058705605976, vstest.console.dll, TcpClientExtensions.MessageLoopAsync: NotifyDataAvailable remoteEndPoint: 127.0.0.1:49166 localEndPoint: 127.0.0.1:49165
TpTrace Verbose: 0 : 24704, 12, 2023/01/09, 19:20:51.542, 12058705608102, vstest.console.dll, TestRequestSender.OnExecutionMessageReceived: Received message: {"Version":5,"MessageType":"TestSession.Message","Payload":{"MessageLevel":0,"Message":"Logging TestHost Diagnostics in file: F:\\Projetos ASP.NET\\Curso Testes\\TestesDeSoftware\\01 - Testes de Unidades\\Demo.Teste\\bin\\Debug\\net6.0\\fine-code-coverage\\coverage-tool-output\\diagnostics.host.23-01-09_19-20-51_26023_7.log"}}
TpTrace Verbose: 0 : 24704, 7, 2023/01/09, 19:20:51.543, 12058705614593, vstest.console.dll, TestRequestSender.StartTestRun: Sending test run with message: {"Version":5,"MessageType":"TestExecution.StartWithSources","Payload":{"AdapterSourceMap":{"_none_":["F:\\Projetos ASP.NET\\Curso Testes\\TestesDeSoftware\\01 - Testes de Unidades\\Demo.Teste\\bin\\Debug\\net6.0\\fine-code-coverage\\build-output\\Demo.Teste.dll"]},"RunSettings":"<RunSettings>\r\n  <RunConfiguration>\r\n    <ResultsDirectory>F:\\Projetos ASP.NET\\Curso Testes\\TestesDeSoftware\\01 - Testes de Unidades\\Demo.Teste\\bin\\Debug\\net6.0\\fine-code-coverage\\coverage-tool-output</ResultsDirectory>\r\n    <TargetFrameworkVersion>.NETCoreApp,Version=v6.0</TargetFrameworkVersion>\r\n    <DesignMode>False</DesignMode>\r\n    <CollectSourceInformation>False</CollectSourceInformation>\r\n  </RunConfiguration>\r\n  <LoggerRunSettings>\r\n    <Loggers>\r\n      <Logger friendlyName=\"blame\" enabled=\"True\" />\r\n      <Logger friendlyName=\"Console\" uri=\"logger://microsoft/TestPlatform/ConsoleLogger/v1\" assemblyQualifiedName=\"Microsoft.VisualStudio.TestPlatform.CommandLine.Internal.ConsoleLogger, vstest.console, Version=15.0.0.0, Culture=neutral, PublicKeyToken=b03f5f7f11d50a3a\" codeBase=\"C:\\Program Files\\dotnet\\sdk\\7.0.101\\vstest.console.dll\" enabled=\"True\" />\r\n    </Loggers>\r\n  </LoggerRunSettings>\r\n  <DataCollectionRunSettings>\r\n    <DataCollectors>\r\n      <DataCollector friendlyName=\"blame\" enabled=\"True\">\r\n        <Configuration>\r\n          <ResultsDirectory>F:\\Projetos ASP.NET\\Curso Testes\\TestesDeSoftware\\01 - Testes de Unidades\\Demo.Teste\\bin\\Debug\\net6.0\\fine-code-coverage\\coverage-tool-output</ResultsDirectory>\r\n        </Configuration>\r\n      </DataCollector>\r\n    </DataCollectors>\r\n  </DataCollectionRunSettings>\r\n</RunSettings>","TestExecutionContext":{"FrequencyOfRunStatsChangeEvent":10,"RunStatsChangeEventTimeout":"00:00:01.5000000","InIsolation":false,"KeepAlive":false,"AreTestCaseLevelEventsRequired":false,"IsDebug":false,"TestCaseFilter":null,"FilterOptions":null},"Package":null}}
TpTrace Verbose: 0 : 24704, 12, 2023/01/09, 19:20:51.544, 12058705626920, vstest.console.dll, TestRunRequest:SendTestRunMessage: Starting.
TpTrace Verbose: 0 : 24704, 12, 2023/01/09, 19:20:51.544, 12058705628099, vstest.console.dll, MulticastDelegateUtilities.SafeInvoke: TestRun.LogMessages: Invoking callback 1/1 for Microsoft.VisualStudio.TestPlatform.CommandLine.TestRunResultAggregator., took 0 ms.
TpTrace Information: 0 : 24704, 12, 2023/01/09, 19:20:51.544, 12058705628350, vstest.console.dll, TestRunRequest:SendTestRunMessage: Completed.
TpTrace Verbose: 0 : 24704, 4, 2023/01/09, 19:20:51.544, 12058705628507, vstest.console.dll, MulticastDelegateUtilities.SafeInvoke: InternalTestLoggerEvents.SendTestRunMessage: Invoking callback 1/1 for Microsoft.VisualStudio.TestPlatform.CommandLine.Internal.ConsoleLogger., took 0 ms.
TpTrace Verbose: 0 : 24704, 12, 2023/01/09, 19:20:51.545, 12058705628663, vstest.console.dll, MulticastDelegateUtilities.SafeInvoke: LengthPrefixCommunicationChannel: MessageReceived: Invoking callback 1/1 for Microsoft.VisualStudio.TestPlatform.CommunicationUtilities.TestRequestSender+<>c__DisplayClass31_0., took 2 ms.
TpTrace Verbose: 0 : 24704, 12, 2023/01/09, 19:20:51.545, 12058705629348, vstest.console.dll, TcpClientExtensions.MessageLoopAsync: Polling on remoteEndPoint: 127.0.0.1:49166 localEndPoint: 127.0.0.1:49165
TpTrace Verbose: 0 : 24704, 12, 2023/01/09, 19:20:51.662, 12058706805884, vstest.console.dll, TcpClientExtensions.MessageLoopAsync: NotifyDataAvailable remoteEndPoint: 127.0.0.1:49166 localEndPoint: 127.0.0.1:49165
TpTrace Verbose: 0 : 24704, 12, 2023/01/09, 19:20:51.662, 12058706807135, vstest.console.dll, TestRequestSender.OnExecutionMessageReceived: Received message: {"Version":5,"MessageType":"TestSession.Message","Payload":{"MessageLevel":0,"Message":"[xUnit.net 00:00:00.00] xUnit.net VSTest Adapter v2.4.3+1b45f5407b (64-bit .NET 6.0.5)"}}
TpTrace Verbose: 0 : 24704, 12, 2023/01/09, 19:20:51.663, 12058706808824, vstest.console.dll, TestRunRequest:SendTestRunMessage: Starting.
TpTrace Verbose: 0 : 24704, 12, 2023/01/09, 19:20:51.663, 12058706809276, vstest.console.dll, MulticastDelegateUtilities.SafeInvoke: TestRun.LogMessages: Invoking callback 1/1 for Microsoft.VisualStudio.TestPlatform.CommandLine.TestRunResultAggregator., took 0 ms.
TpTrace Information: 0 : 24704, 12, 2023/01/09, 19:20:51.663, 12058706809472, vstest.console.dll, TestRunRequest:SendTestRunMessage: Completed.
TpTrace Verbose: 0 : 24704, 12, 2023/01/09, 19:20:51.663, 12058706809644, vstest.console.dll, MulticastDelegateUtilities.SafeInvoke: LengthPrefixCommunicationChannel: MessageReceived: Invoking callback 1/1 for Microsoft.VisualStudio.TestPlatform.CommunicationUtilities.TestRequestSender+<>c__DisplayClass31_0., took 0 ms.
TpTrace Verbose: 0 : 24704, 12, 2023/01/09, 19:20:51.663, 12058706809859, vstest.console.dll, TcpClientExtensions.MessageLoopAsync: Polling on remoteEndPoint: 127.0.0.1:49166 localEndPoint: 127.0.0.1:49165
TpTrace Verbose: 0 : 24704, 4, 2023/01/09, 19:20:51.663, 12058706811320, vstest.console.dll, MulticastDelegateUtilities.SafeInvoke: InternalTestLoggerEvents.SendTestRunMessage: Invoking callback 1/1 for Microsoft.VisualStudio.TestPlatform.CommandLine.Internal.ConsoleLogger., took 0 ms.
TpTrace Verbose: 0 : 24704, 12, 2023/01/09, 19:20:51.943, 12058709610558, vstest.console.dll, TcpClientExtensions.MessageLoopAsync: NotifyDataAvailable remoteEndPoint: 127.0.0.1:49166 localEndPoint: 127.0.0.1:49165
TpTrace Verbose: 0 : 24704, 12, 2023/01/09, 19:20:51.943, 12058709611880, vstest.console.dll, TestRequestSender.OnExecutionMessageReceived: Received message: {"Version":5,"MessageType":"TestSession.Message","Payload":{"MessageLevel":0,"Message":"[xUnit.net 00:00:00.28]   Discovering: Demo.Teste"}}
TpTrace Verbose: 0 : 24704, 12, 2023/01/09, 19:20:51.943, 12058709612918, vstest.console.dll, TestRunRequest:SendTestRunMessage: Starting.
TpTrace Verbose: 0 : 24704, 12, 2023/01/09, 19:20:51.943, 12058709613343, vstest.console.dll, MulticastDelegateUtilities.SafeInvoke: TestRun.LogMessages: Invoking callback 1/1 for Microsoft.VisualStudio.TestPlatform.CommandLine.TestRunResultAggregator., took 0 ms.
TpTrace Information: 0 : 24704, 12, 2023/01/09, 19:20:51.943, 12058709613558, vstest.console.dll, TestRunRequest:SendTestRunMessage: Completed.
TpTrace Verbose: 0 : 24704, 12, 2023/01/09, 19:20:51.943, 12058709613781, vstest.console.dll, MulticastDelegateUtilities.SafeInvoke: LengthPrefixCommunicationChannel: MessageReceived: Invoking callback 1/1 for Microsoft.VisualStudio.TestPlatform.CommunicationUtilities.TestRequestSender+<>c__DisplayClass31_0., took 0 ms.
TpTrace Verbose: 0 : 24704, 4, 2023/01/09, 19:20:51.943, 12058709613926, vstest.console.dll, MulticastDelegateUtilities.SafeInvoke: InternalTestLoggerEvents.SendTestRunMessage: Invoking callback 1/1 for Microsoft.VisualStudio.TestPlatform.CommandLine.Internal.ConsoleLogger., took 0 ms.
TpTrace Verbose: 0 : 24704, 12, 2023/01/09, 19:20:51.943, 12058709614018, vstest.console.dll, TcpClientExtensions.MessageLoopAsync: Polling on remoteEndPoint: 127.0.0.1:49166 localEndPoint: 127.0.0.1:49165
TpTrace Verbose: 0 : 24704, 12, 2023/01/09, 19:20:51.989, 12058710069498, vstest.console.dll, TcpClientExtensions.MessageLoopAsync: NotifyDataAvailable remoteEndPoint: 127.0.0.1:49166 localEndPoint: 127.0.0.1:49165
TpTrace Verbose: 0 : 24704, 12, 2023/01/09, 19:20:51.989, 12058710070708, vstest.console.dll, TestRequestSender.OnExecutionMessageReceived: Received message: {"Version":5,"MessageType":"TestSession.Message","Payload":{"MessageLevel":0,"Message":"[xUnit.net 00:00:00.33]   Discovered:  Demo.Teste"}}
TpTrace Verbose: 0 : 24704, 12, 2023/01/09, 19:20:51.989, 12058710071684, vstest.console.dll, TestRunRequest:SendTestRunMessage: Starting.
TpTrace Verbose: 0 : 24704, 12, 2023/01/09, 19:20:51.989, 12058710072145, vstest.console.dll, MulticastDelegateUtilities.SafeInvoke: TestRun.LogMessages: Invoking callback 1/1 for Microsoft.VisualStudio.TestPlatform.CommandLine.TestRunResultAggregator., took 0 ms.
TpTrace Verbose: 0 : 24704, 4, 2023/01/09, 19:20:51.989, 12058710072328, vstest.console.dll, MulticastDelegateUtilities.SafeInvoke: InternalTestLoggerEvents.SendTestRunMessage: Invoking callback 1/1 for Microsoft.VisualStudio.TestPlatform.CommandLine.Internal.ConsoleLogger., took 0 ms.
TpTrace Information: 0 : 24704, 12, 2023/01/09, 19:20:51.989, 12058710072474, vstest.console.dll, TestRunRequest:SendTestRunMessage: Completed.
TpTrace Verbose: 0 : 24704, 12, 2023/01/09, 19:20:51.989, 12058710073095, vstest.console.dll, MulticastDelegateUtilities.SafeInvoke: LengthPrefixCommunicationChannel: MessageReceived: Invoking callback 1/1 for Microsoft.VisualStudio.TestPlatform.CommunicationUtilities.TestRequestSender+<>c__DisplayClass31_0., took 0 ms.
TpTrace Verbose: 0 : 24704, 12, 2023/01/09, 19:20:51.989, 12058710073417, vstest.console.dll, TcpClientExtensions.MessageLoopAsync: Polling on remoteEndPoint: 127.0.0.1:49166 localEndPoint: 127.0.0.1:49165
TpTrace Verbose: 0 : 24704, 12, 2023/01/09, 19:20:51.990, 12058710086043, vstest.console.dll, TcpClientExtensions.MessageLoopAsync: NotifyDataAvailable remoteEndPoint: 127.0.0.1:49166 localEndPoint: 127.0.0.1:49165
TpTrace Verbose: 0 : 24704, 12, 2023/01/09, 19:20:51.990, 12058710086714, vstest.console.dll, TestRequestSender.OnExecutionMessageReceived: Received message: {"Version":5,"MessageType":"TestSession.Message","Payload":{"MessageLevel":0,"Message":"[xUnit.net 00:00:00.33]   Starting:    Demo.Teste"}}
TpTrace Verbose: 0 : 24704, 12, 2023/01/09, 19:20:51.990, 12058710087405, vstest.console.dll, TestRunRequest:SendTestRunMessage: Starting.
TpTrace Verbose: 0 : 24704, 12, 2023/01/09, 19:20:51.990, 12058710087773, vstest.console.dll, MulticastDelegateUtilities.SafeInvoke: TestRun.LogMessages: Invoking callback 1/1 for Microsoft.VisualStudio.TestPlatform.CommandLine.TestRunResultAggregator., took 0 ms.
TpTrace Information: 0 : 24704, 12, 2023/01/09, 19:20:51.990, 12058710087972, vstest.console.dll, TestRunRequest:SendTestRunMessage: Completed.
TpTrace Verbose: 0 : 24704, 4, 2023/01/09, 19:20:51.990, 12058710087991, vstest.console.dll, MulticastDelegateUtilities.SafeInvoke: InternalTestLoggerEvents.SendTestRunMessage: Invoking callback 1/1 for Microsoft.VisualStudio.TestPlatform.CommandLine.Internal.ConsoleLogger., took 0 ms.
TpTrace Verbose: 0 : 24704, 12, 2023/01/09, 19:20:51.990, 12058710088221, vstest.console.dll, MulticastDelegateUtilities.SafeInvoke: LengthPrefixCommunicationChannel: MessageReceived: Invoking callback 1/1 for Microsoft.VisualStudio.TestPlatform.CommunicationUtilities.TestRequestSender+<>c__DisplayClass31_0., took 0 ms.
TpTrace Verbose: 0 : 24704, 12, 2023/01/09, 19:20:51.991, 12058710088603, vstest.console.dll, TcpClientExtensions.MessageLoopAsync: Polling on remoteEndPoint: 127.0.0.1:49166 localEndPoint: 127.0.0.1:49165
TpTrace Verbose: 0 : 24704, 12, 2023/01/09, 19:20:52.109, 12058711277213, vstest.console.dll, TcpClientExtensions.MessageLoopAsync: NotifyDataAvailable remoteEndPoint: 127.0.0.1:49166 localEndPoint: 127.0.0.1:49165
TpTrace Verbose: 0 : 24704, 12, 2023/01/09, 19:20:52.110, 12058711279093, vstest.console.dll, TestRequestSender.OnExecutionMessageReceived: Received message: {"Version":5,"MessageType":"TestExecution.StatsChange","Payload":{"NewTestResults":[{"TestCase":{"Id":"f2cc75d1-2699-3dd5-960e-a848870fb495","FullyQualifiedName":"Demo.Teste.AssertingCollectionsTests.Funcionario_Habilidades_JuniorDevePossuirHabilidadeBasica","DisplayName":"Demo.Teste.AssertingCollectionsTests.Funcionario_Habilidades_JuniorDevePossuirHabilidadeBasica","ExecutorUri":"executor://xunit/VsTestRunner2/netcoreapp","Source":"F:\\Projetos ASP.NET\\Curso Testes\\TestesDeSoftware\\01 - Testes de Unidades\\Demo.Teste\\bin\\Debug\\net6.0\\fine-code-coverage\\build-output\\Demo.Teste.dll","CodeFilePath":null,"LineNumber":0,"Properties":[]},"Attachments":[],"Outcome":1,"ErrorMessage":null,"ErrorStackTrace":null,"DisplayName":"Demo.Teste.AssertingCollectionsTests.Funcionario_Habilidades_JuniorDevePossuirHabilidadeBasica","Messages":[],"ComputerName":"DESKTOP-I8JNLH9","Duration":"00:00:00.0025881","StartTime":"2023-01-09T22:20:52.0708243+00:00","EndTime":"2023-01-09T22:20:52.0708422+00:00","Properties":[]},{"TestCase":{"Id":"c553964d-5cb5-048e-6916-942b9ad1d09e","FullyQualifiedName":"Demo.Teste.AssertingRangesTests.Funcionario_Salario_FaixasSalariaisDevemRespeitarNivelProfissional","DisplayName":"Demo.Teste.AssertingRangesTests.Funcionario_Salario_FaixasSalariaisDevemRespeitarNivelProfissional(salario: 8000)","ExecutorUri":"executor://xunit/VsTestRunner2/netcoreapp","Source":"F:\\Projetos ASP.NET\\Curso Testes\\TestesDeSoftware\\01 - Testes de Unidades\\Demo.Teste\\bin\\Debug\\net6.0\\fine-code-coverage\\build-output\\Demo.Teste.dll","CodeFilePath":null,"LineNumber":0,"Properties":[]},"Attachments":[],"Outcome":1,"ErrorMessage":null,"ErrorStackTrace":null,"DisplayName":"Demo.Teste.AssertingRangesTests.Funcionario_Salario_FaixasSalariaisDevemRespeitarNivelProfissional(salario: 8000)","Messages":[],"ComputerName":"DESKTOP-I8JNLH9","Duration":"00:00:00.0026839","StartTime":"2023-01-09T22:20:52.0830079+00:00","EndTime":"2023-01-09T22:20:52.083008+00:00","Properties":[]},{"TestCase":{"Id":"50f771d2-3ad9-6072-503b-26b114ea6e4b","FullyQualifiedName":"Demo.Teste.AssertingObjectTypesTests.FuncionarioFactory_Criar_DeveRetornarTipoFuncionario","DisplayName":"Demo.Teste.AssertingObjectTypesTests.FuncionarioFactory_Criar_DeveRetornarTipoFuncionario","ExecutorUri":"executor://xunit/VsTestRunner2/netcoreapp","Source":"F:\\Projetos ASP.NET\\Curso Testes\\TestesDeSoftware\\01 - Testes de Unidades\\Demo.Teste\\bin\\Debug\\net6.0\\fine-code-coverage\\build-output\\Demo.Teste.dll","CodeFilePath":null,"LineNumber":0,"Properties":[]},"Attachments":[],"Outcome":1,"ErrorMessage":null,"ErrorStackTrace":null,"DisplayName":"Demo.Teste.AssertingObjectTypesTests.FuncionarioFactory_Criar_DeveRetornarTipoFuncionario","Messages":[],"ComputerName":"DESKTOP-I8JNLH9","Duration":"00:00:00.0025537","StartTime":"2023-01-09T22:20:52.0841251+00:00","EndTime":"2023-01-09T22:20:52.0841251+00:00","Properties":[]},{"TestCase":{"Id":"00ec684f-6710-7da8-0104-a8dd95c8e7d1","FullyQualifiedName":"Demo.Teste.AssertNullBoolTests.Funcionario_Nome_NaoDeveSerNuloOuVazio","DisplayName":"Demo.Teste.AssertNullBoolTests.Funcionario_Nome_NaoDeveSerNuloOuVazio","ExecutorUri":"executor://xunit/VsTestRunner2/netcoreapp","Source":"F:\\Projetos ASP.NET\\Curso Testes\\TestesDeSoftware\\01 - Testes de Unidades\\Demo.Teste\\bin\\Debug\\net6.0\\fine-code-coverage\\build-output\\Demo.Teste.dll","CodeFilePath":null,"LineNumber":0,"Properties":[]},"Attachments":[],"Outcome":1,"ErrorMessage":null,"ErrorStackTrace":null,"DisplayName":"Demo.Teste.AssertNullBoolTests.Funcionario_Nome_NaoDeveSerNuloOuVazio","Messages":[],"ComputerName":"DESKTOP-I8JNLH9","Duration":"00:00:00.0025289","StartTime":"2023-01-09T22:20:52.0848013+00:00","EndTime":"2023-01-09T22:20:52.0848013+00:00","Properties":[]},{"TestCase":{"Id":"1a40b63b-17d1-b855-2bfe-a6ffd32ed90f","FullyQualifiedName":"Demo.Teste.AssertStringsTests.StringsTools_UnirNomes_RetornarNomeCompleto","DisplayName":"Retorna Nome completo","ExecutorUri":"executor://xunit/VsTestRunner2/netcoreapp","Source":"F:\\Projetos ASP.NET\\Curso Testes\\TestesDeSoftware\\01 - Testes de Unidades\\Demo.Teste\\bin\\Debug\\net6.0\\fine-code-coverage\\build-output\\Demo.Teste.dll","CodeFilePath":null,"LineNumber":0,"Properties":[{"Key":{"Id":"TestObject.Traits","Label":"Traits","Category":"","Description":"","Attributes":5,"ValueType":"System.Collections.Generic.KeyValuePair`2[[System.String],[System.String]][]"},"Value":[{"Key":"Demo","Value":"Validacao basicas"}]}]},"Attachments":[],"Outcome":1,"ErrorMessage":null,"ErrorStackTrace":null,"DisplayName":"Retorna Nome completo","Messages":[],"ComputerName":"DESKTOP-I8JNLH9","Duration":"00:00:00.0025377","StartTime":"2023-01-09T22:20:52.0854604+00:00","EndTime":"2023-01-09T22:20:52.0854604+00:00","Properties":[]},{"TestCase":{"Id":"5eb598a8-f2e6-7e35-1c72-8775511dfa24","FullyQualifiedName":"Demo.Teste.AssertNumbersTests.Calculadora_Somar_DeveSerIgual","DisplayName":"Demo.Teste.AssertNumbersTests.Calculadora_Somar_DeveSerIgual","ExecutorUri":"executor://xunit/VsTestRunner2/netcoreapp","Source":"F:\\Projetos ASP.NET\\Curso Testes\\TestesDeSoftware\\01 - Testes de Unidades\\Demo.Teste\\bin\\Debug\\net6.0\\fine-code-coverage\\build-output\\Demo.Teste.dll","CodeFilePath":null,"LineNumber":0,"Properties":[]},"Attachments":[],"Outcome":1,"ErrorMessage":null,"ErrorStackTrace":null,"DisplayName":"Demo.Teste.AssertNumbersTests.Calculadora_Somar_DeveSerIgual","Messages":[],"ComputerName":"DESKTOP-I8JNLH9","Duration":"00:00:00.0033246","StartTime":"2023-01-09T22:20:52.0862058+00:00","EndTime":"2023-01-09T22:20:52.0862059+00:00","Properties":[]},{"TestCase":{"Id":"dfecff07-4b36-7cb7-a2b6-cdde299e42d1","FullyQualifiedName":"Demo.Teste.AssertingExceptionsTests.Calculadora_Dividir_DeveRetornarErroDivisaoPorZero","DisplayName":"Demo.Teste.AssertingExceptionsTests.Calculadora_Dividir_DeveRetornarErroDivisaoPorZero","ExecutorUri":"executor://xunit/VsTestRunner2/netcoreapp","Source":"F:\\Projetos ASP.NET\\Curso Testes\\TestesDeSoftware\\01 - Testes de Unidades\\Demo.Teste\\bin\\Debug\\net6.0\\fine-code-coverage\\build-output\\Demo.Teste.dll","CodeFilePath":null,"LineNumber":0,"Properties":[]},"Attachments":[],"Outcome":1,"ErrorMessage":null,"ErrorStackTrace":null,"DisplayName":"Demo.Teste.AssertingExceptionsTests.Calculadora_Dividir_DeveRetornarErroDivisaoPorZero","Messages":[],"ComputerName":"DESKTOP-I8JNLH9","Duration":"00:00:00.0025472","StartTime":"2023-01-09T22:20:52.0868392+00:00","EndTime":"2023-01-09T22:20:52.0868392+00:00","Properties":[]},{"TestCase":{"Id":"6920337f-e925-2d58-53f5-3555e7d32461","FullyQualifiedName":"Demo.Teste.CalculadoraTests.Calculadora_Somar_RetornarValoresSomaCorretos","DisplayName":"Retornar valor soma correto(v1: 36, v2: 36, total: 72)","ExecutorUri":"executor://xunit/VsTestRunner2/netcoreapp","Source":"F:\\Projetos ASP.NET\\Curso Testes\\TestesDeSoftware\\01 - Testes de Unidades\\Demo.Teste\\bin\\Debug\\net6.0\\fine-code-coverage\\build-output\\Demo.Teste.dll","CodeFilePath":null,"LineNumber":0,"Properties":[{"Key":{"Id":"TestObject.Traits","Label":"Traits","Category":"","Description":"","Attributes":5,"ValueType":"System.Collections.Generic.KeyValuePair`2[[System.String],[System.String]][]"},"Value":[{"Key":"Demo","Value":"Validacao basicas"}]}]},"Attachments":[],"Outcome":1,"ErrorMessage":null,"ErrorStackTrace":null,"DisplayName":"Retornar valor soma correto(v1: 36, v2: 36, total: 72)","Messages":[],"ComputerName":"DESKTOP-I8JNLH9","Duration":"00:00:00.0033521","StartTime":"2023-01-09T22:20:52.0874558+00:00","EndTime":"2023-01-09T22:20:52.0874558+00:00","Properties":[]}],"TestRunStatistics":{"ExecutedTests":8,"Stats":{"Passed":8}},"ActiveTests":[{"Id":"146faf9a-3f2e-71a0-d404-d4b28937489a","FullyQualifiedName":"Demo.Teste.CalculadoraTests.Calculadora_Somar_RetornarValoresSomaCorretos","DisplayName":"Retornar valor soma correto(v1: 1, v2: 1, total: 2)","ExecutorUri":"executor://xunit/VsTestRunner2/netcoreapp","Source":"F:\\Projetos ASP.NET\\Curso Testes\\TestesDeSoftware\\01 - Testes de Unidades\\Demo.Teste\\bin\\Debug\\net6.0\\fine-code-coverage\\build-output\\Demo.Teste.dll","CodeFilePath":null,"LineNumber":0,"Properties":[{"Key":{"Id":"TestObject.Traits","Label":"Traits","Category":"","Description":"","Attributes":5,"ValueType":"System.Collections.Generic.KeyValuePair`2[[System.String],[System.String]][]"},"Value":[{"Key":"Demo","Value":"Validacao basicas"}]}]},{"Id":"e8f18a69-e4a7-6c88-8ed6-9e7fc8ec7c60","FullyQualifiedName":"Demo.Teste.AssertingRangesTests.Funcionario_Salario_FaixasSalariaisDevemRespeitarNivelProfissional","DisplayName":"Demo.Teste.AssertingRangesTests.Funcionario_Salario_FaixasSalariaisDevemRespeitarNivelProfissional(salario: 700)","ExecutorUri":"executor://xunit/VsTestRunner2/netcoreapp","Source":"F:\\Projetos ASP.NET\\Curso Testes\\TestesDeSoftware\\01 - Testes de Unidades\\Demo.Teste\\bin\\Debug\\net6.0\\fine-code-coverage\\build-output\\Demo.Teste.dll","CodeFilePath":null,"LineNumber":0,"Properties":[]}]}}
TpTrace Verbose: 0 : 24704, 12, 2023/01/09, 19:20:52.143, 12058711613447, vstest.console.dll, TestRunRequest:SendTestRunStatsChange: Starting.
TpTrace Verbose: 0 : 24704, 12, 2023/01/09, 19:20:52.143, 12058711614729, vstest.console.dll, InProgress is Retornar valor soma correto(v1: 1, v2: 1, total: 2)
TpTrace Verbose: 0 : 24704, 12, 2023/01/09, 19:20:52.143, 12058711615017, vstest.console.dll, InProgress is Demo.Teste.AssertingRangesTests.Funcionario_Salario_FaixasSalariaisDevemRespeitarNivelProfissional(salario: 700)
TpTrace Verbose: 0 : 24704, 12, 2023/01/09, 19:20:52.144, 12058711619112, vstest.console.dll, MulticastDelegateUtilities.SafeInvoke: TestRun.RunStatsChanged: Invoking callbacks was skipped because there are no subscribers.
TpTrace Information: 0 : 24704, 12, 2023/01/09, 19:20:52.144, 12058711619768, vstest.console.dll, TestRunRequest:SendTestRunStatsChange: Completed.
TpTrace Verbose: 0 : 24704, 12, 2023/01/09, 19:20:52.144, 12058711620016, vstest.console.dll, MulticastDelegateUtilities.SafeInvoke: LengthPrefixCommunicationChannel: MessageReceived: Invoking callback 1/1 for Microsoft.VisualStudio.TestPlatform.CommunicationUtilities.TestRequestSender+<>c__DisplayClass31_0., took 34 ms.
TpTrace Verbose: 0 : 24704, 12, 2023/01/09, 19:20:52.144, 12058711620626, vstest.console.dll, TcpClientExtensions.MessageLoopAsync: Polling on remoteEndPoint: 127.0.0.1:49166 localEndPoint: 127.0.0.1:49165
TpTrace Verbose: 0 : 24704, 12, 2023/01/09, 19:20:52.144, 12058711621013, vstest.console.dll, TcpClientExtensions.MessageLoopAsync: NotifyDataAvailable remoteEndPoint: 127.0.0.1:49166 localEndPoint: 127.0.0.1:49165
TpTrace Verbose: 0 : 24704, 12, 2023/01/09, 19:20:52.144, 12058711623180, vstest.console.dll, TestRequestSender.OnExecutionMessageReceived: Received message: {"Version":5,"MessageType":"TestExecution.StatsChange","Payload":{"NewTestResults":[{"TestCase":{"Id":"e8f18a69-e4a7-6c88-8ed6-9e7fc8ec7c60","FullyQualifiedName":"Demo.Teste.AssertingRangesTests.Funcionario_Salario_FaixasSalariaisDevemRespeitarNivelProfissional","DisplayName":"Demo.Teste.AssertingRangesTests.Funcionario_Salario_FaixasSalariaisDevemRespeitarNivelProfissional(salario: 700)","ExecutorUri":"executor://xunit/VsTestRunner2/netcoreapp","Source":"F:\\Projetos ASP.NET\\Curso Testes\\TestesDeSoftware\\01 - Testes de Unidades\\Demo.Teste\\bin\\Debug\\net6.0\\fine-code-coverage\\build-output\\Demo.Teste.dll","CodeFilePath":null,"LineNumber":0,"Properties":[]},"Attachments":[],"Outcome":1,"ErrorMessage":null,"ErrorStackTrace":null,"DisplayName":"Demo.Teste.AssertingRangesTests.Funcionario_Salario_FaixasSalariaisDevemRespeitarNivelProfissional(salario: 700)","Messages":[],"ComputerName":"DESKTOP-I8JNLH9","Duration":"00:00:00.0000138","StartTime":"2023-01-09T22:20:52.11101+00:00","EndTime":"2023-01-09T22:20:52.1110102+00:00","Properties":[]},{"TestCase":{"Id":"146faf9a-3f2e-71a0-d404-d4b28937489a","FullyQualifiedName":"Demo.Teste.CalculadoraTests.Calculadora_Somar_RetornarValoresSomaCorretos","DisplayName":"Retornar valor soma correto(v1: 1, v2: 1, total: 2)","ExecutorUri":"executor://xunit/VsTestRunner2/netcoreapp","Source":"F:\\Projetos ASP.NET\\Curso Testes\\TestesDeSoftware\\01 - Testes de Unidades\\Demo.Teste\\bin\\Debug\\net6.0\\fine-code-coverage\\build-output\\Demo.Teste.dll","CodeFilePath":null,"LineNumber":0,"Properties":[{"Key":{"Id":"TestObject.Traits","Label":"Traits","Category":"","Description":"","Attributes":5,"ValueType":"System.Collections.Generic.KeyValuePair`2[[System.String],[System.String]][]"},"Value":[{"Key":"Demo","Value":"Validacao basicas"}]}]},"Attachments":[],"Outcome":1,"ErrorMessage":null,"ErrorStackTrace":null,"DisplayName":"Retornar valor soma correto(v1: 1, v2: 1, total: 2)","Messages":[],"ComputerName":"DESKTOP-I8JNLH9","Duration":"00:00:00.0000150","StartTime":"2023-01-09T22:20:52.1121956+00:00","EndTime":"2023-01-09T22:20:52.1121957+00:00","Properties":[]},{"TestCase":{"Id":"ba8798b8-f218-00a2-909d-202085818d9b","FullyQualifiedName":"Demo.Teste.CalculadoraTests.Calculadora_Somar_RetornarValoresSomaCorretos","DisplayName":"Retornar valor soma correto(v1: 2, v2: 2, total: 4)","ExecutorUri":"executor://xunit/VsTestRunner2/netcoreapp","Source":"F:\\Projetos ASP.NET\\Curso Testes\\TestesDeSoftware\\01 - Testes de Unidades\\Demo.Teste\\bin\\Debug\\net6.0\\fine-code-coverage\\build-output\\Demo.Teste.dll","CodeFilePath":null,"LineNumber":0,"Properties":[{"Key":{"Id":"TestObject.Traits","Label":"Traits","Category":"","Description":"","Attributes":5,"ValueType":"System.Collections.Generic.KeyValuePair`2[[System.String],[System.String]][]"},"Value":[{"Key":"Demo","Value":"Validacao basicas"}]}]},"Attachments":[],"Outcome":1,"ErrorMessage":null,"ErrorStackTrace":null,"DisplayName":"Retornar valor soma correto(v1: 2, v2: 2, total: 4)","Messages":[],"ComputerName":"DESKTOP-I8JNLH9","Duration":"00:00:00.0000039","StartTime":"2023-01-09T22:20:52.1145027+00:00","EndTime":"2023-01-09T22:20:52.1145028+00:00","Properties":[]},{"TestCase":{"Id":"09312e06-96d5-f4e0-cdfb-163a44ff4afd","FullyQualifiedName":"Demo.Teste.AssertingRangesTests.Funcionario_Salario_FaixasSalariaisDevemRespeitarNivelProfissional","DisplayName":"Demo.Teste.AssertingRangesTests.Funcionario_Salario_FaixasSalariaisDevemRespeitarNivelProfissional(salario: 2000)","ExecutorUri":"executor://xunit/VsTestRunner2/netcoreapp","Source":"F:\\Projetos ASP.NET\\Curso Testes\\TestesDeSoftware\\01 - Testes de Unidades\\Demo.Teste\\bin\\Debug\\net6.0\\fine-code-coverage\\build-output\\Demo.Teste.dll","CodeFilePath":null,"LineNumber":0,"Properties":[]},"Attachments":[],"Outcome":1,"ErrorMessage":null,"ErrorStackTrace":null,"DisplayName":"Demo.Teste.AssertingRangesTests.Funcionario_Salario_FaixasSalariaisDevemRespeitarNivelProfissional(salario: 2000)","Messages":[],"ComputerName":"DESKTOP-I8JNLH9","Duration":"00:00:00.0000059","StartTime":"2023-01-09T22:20:52.1153036+00:00","EndTime":"2023-01-09T22:20:52.1153036+00:00","Properties":[]},{"TestCase":{"Id":"18a3b0b1-ef65-f415-c8c4-dc04b317b096","FullyQualifiedName":"Demo.Teste.CalculadoraTests.Calculadora_Somar_RetornarValoresSomaCorretos","DisplayName":"Retornar valor soma correto(v1: 15, v2: 15, total: 30)","ExecutorUri":"executor://xunit/VsTestRunner2/netcoreapp","Source":"F:\\Projetos ASP.NET\\Curso Testes\\TestesDeSoftware\\01 - Testes de Unidades\\Demo.Teste\\bin\\Debug\\net6.0\\fine-code-coverage\\build-output\\Demo.Teste.dll","CodeFilePath":null,"LineNumber":0,"Properties":[{"Key":{"Id":"TestObject.Traits","Label":"Traits","Category":"","Description":"","Attributes":5,"ValueType":"System.Collections.Generic.KeyValuePair`2[[System.String],[System.String]][]"},"Value":[{"Key":"Demo","Value":"Validacao basicas"}]}]},"Attachments":[],"Outcome":1,"ErrorMessage":null,"ErrorStackTrace":null,"DisplayName":"Retornar valor soma correto(v1: 15, v2: 15, total: 30)","Messages":[],"ComputerName":"DESKTOP-I8JNLH9","Duration":"00:00:00.0000036","StartTime":"2023-01-09T22:20:52.1204356+00:00","EndTime":"2023-01-09T22:20:52.1204357+00:00","Properties":[]},{"TestCase":{"Id":"5d626692-0e3d-0e37-ba76-dfb183295aa0","FullyQualifiedName":"Demo.Teste.AssertingRangesTests.Funcionario_Salario_FaixasSalariaisDevemRespeitarNivelProfissional","DisplayName":"Demo.Teste.AssertingRangesTests.Funcionario_Salario_FaixasSalariaisDevemRespeitarNivelProfissional(salario: 1500)","ExecutorUri":"executor://xunit/VsTestRunner2/netcoreapp","Source":"F:\\Projetos ASP.NET\\Curso Testes\\TestesDeSoftware\\01 - Testes de Unidades\\Demo.Teste\\bin\\Debug\\net6.0\\fine-code-coverage\\build-output\\Demo.Teste.dll","CodeFilePath":null,"LineNumber":0,"Properties":[]},"Attachments":[],"Outcome":1,"ErrorMessage":null,"ErrorStackTrace":null,"DisplayName":"Demo.Teste.AssertingRangesTests.Funcionario_Salario_FaixasSalariaisDevemRespeitarNivelProfissional(salario: 1500)","Messages":[],"ComputerName":"DESKTOP-I8JNLH9","Duration":"00:00:00.0000043","StartTime":"2023-01-09T22:20:52.1212324+00:00","EndTime":"2023-01-09T22:20:52.1212325+00:00","Properties":[]},{"TestCase":{"Id":"ae0d6453-846c-c50d-28c1-d27955abd299","FullyQualifiedName":"Demo.Teste.AssertingRangesTests.Funcionario_Salario_FaixasSalariaisDevemRespeitarNivelProfissional","DisplayName":"Demo.Teste.AssertingRangesTests.Funcionario_Salario_FaixasSalariaisDevemRespeitarNivelProfissional(salario: 15000)","ExecutorUri":"executor://xunit/VsTestRunner2/netcoreapp","Source":"F:\\Projetos ASP.NET\\Curso Testes\\TestesDeSoftware\\01 - Testes de Unidades\\Demo.Teste\\bin\\Debug\\net6.0\\fine-code-coverage\\build-output\\Demo.Teste.dll","CodeFilePath":null,"LineNumber":0,"Properties":[]},"Attachments":[],"Outcome":1,"ErrorMessage":null,"ErrorStackTrace":null,"DisplayName":"Demo.Teste.AssertingRangesTests.Funcionario_Salario_FaixasSalariaisDevemRespeitarNivelProfissional(salario: 15000)","Messages":[],"ComputerName":"DESKTOP-I8JNLH9","Duration":"00:00:00.0000036","StartTime":"2023-01-09T22:20:52.1231633+00:00","EndTime":"2023-01-09T22:20:52.1231634+00:00","Properties":[]},{"TestCase":{"Id":"f5a7c4d6-28e1-eba0-a39f-81f4a3e5327c","FullyQualifiedName":"Demo.Teste.CalculadoraTests.Calculadora_Somar_RetornarValoresSomaCorretos","DisplayName":"Retornar valor soma correto(v1: 3, v2: 3, total: 6)","ExecutorUri":"executor://xunit/VsTestRunner2/netcoreapp","Source":"F:\\Projetos ASP.NET\\Curso Testes\\TestesDeSoftware\\01 - Testes de Unidades\\Demo.Teste\\bin\\Debug\\net6.0\\fine-code-coverage\\build-output\\Demo.Teste.dll","CodeFilePath":null,"LineNumber":0,"Properties":[{"Key":{"Id":"TestObject.Traits","Label":"Traits","Category":"","Description":"","Attributes":5,"ValueType":"System.Collections.Generic.KeyValuePair`2[[System.String],[System.String]][]"},"Value":[{"Key":"Demo","Value":"Validacao basicas"}]}]},"Attachments":[],"Outcome":1,"ErrorMessage":null,"ErrorStackTrace":null,"DisplayName":"Retornar valor soma correto(v1: 3, v2: 3, total: 6)","Messages":[],"ComputerName":"DESKTOP-I8JNLH9","Duration":"00:00:00.0000041","StartTime":"2023-01-09T22:20:52.1244907+00:00","EndTime":"2023-01-09T22:20:52.1244908+00:00","Properties":[]}],"TestRunStatistics":{"ExecutedTests":16,"Stats":{"Passed":16}},"ActiveTests":[{"Id":"694036d4-944f-c985-fad3-8399569a2aec","FullyQualifiedName":"Demo.Teste.AssertingRangesTests.Funcionario_Salario_FaixasSalariaisDevemRespeitarNivelProfissional","DisplayName":"Demo.Teste.AssertingRangesTests.Funcionario_Salario_FaixasSalariaisDevemRespeitarNivelProfissional(salario: 7500)","ExecutorUri":"executor://xunit/VsTestRunner2/netcoreapp","Source":"F:\\Projetos ASP.NET\\Curso Testes\\TestesDeSoftware\\01 - Testes de Unidades\\Demo.Teste\\bin\\Debug\\net6.0\\fine-code-coverage\\build-output\\Demo.Teste.dll","CodeFilePath":null,"LineNumber":0,"Properties":[]},{"Id":"e8c170be-f623-23b9-5a21-346027c3e234","FullyQualifiedName":"Demo.Teste.CalculadoraTests.Calculadora_Somar_RetornarValoresSomaCorretos","DisplayName":"Retornar valor soma correto(v1: 8, v2: 8, total: 16)","ExecutorUri":"executor://xunit/VsTestRunner2/netcoreapp","Source":"F:\\Projetos ASP.NET\\Curso Testes\\TestesDeSoftware\\01 - Testes de Unidades\\Demo.Teste\\bin\\Debug\\net6.0\\fine-code-coverage\\build-output\\Demo.Teste.dll","CodeFilePath":null,"LineNumber":0,"Properties":[{"Key":{"Id":"TestObject.Traits","Label":"Traits","Category":"","Description":"","Attributes":5,"ValueType":"System.Collections.Generic.KeyValuePair`2[[System.String],[System.String]][]"},"Value":[{"Key":"Demo","Value":"Validacao basicas"}]}]}]}}
TpTrace Verbose: 0 : 24704, 12, 2023/01/09, 19:20:52.145, 12058711636067, vstest.console.dll, TestRunRequest:SendTestRunStatsChange: Starting.
TpTrace Verbose: 0 : 24704, 12, 2023/01/09, 19:20:52.145, 12058711636589, vstest.console.dll, InProgress is Demo.Teste.AssertingRangesTests.Funcionario_Salario_FaixasSalariaisDevemRespeitarNivelProfissional(salario: 7500)
TpTrace Verbose: 0 : 24704, 4, 2023/01/09, 19:20:52.145, 12058711636689, vstest.console.dll, MulticastDelegateUtilities.SafeInvoke: InternalTestLoggerEvents.SendTestResult: Invoking callback 1/1 for Microsoft.VisualStudio.TestPlatform.CommandLine.Internal.ConsoleLogger., took 1 ms.
TpTrace Verbose: 0 : 24704, 12, 2023/01/09, 19:20:52.145, 12058711636826, vstest.console.dll, InProgress is Retornar valor soma correto(v1: 8, v2: 8, total: 16)
TpTrace Verbose: 0 : 24704, 12, 2023/01/09, 19:20:52.145, 12058711638201, vstest.console.dll, MulticastDelegateUtilities.SafeInvoke: TestRun.RunStatsChanged: Invoking callbacks was skipped because there are no subscribers.
TpTrace Information: 0 : 24704, 12, 2023/01/09, 19:20:52.145, 12058711638476, vstest.console.dll, TestRunRequest:SendTestRunStatsChange: Completed.
TpTrace Verbose: 0 : 24704, 12, 2023/01/09, 19:20:52.146, 12058711638681, vstest.console.dll, MulticastDelegateUtilities.SafeInvoke: LengthPrefixCommunicationChannel: MessageReceived: Invoking callback 1/1 for Microsoft.VisualStudio.TestPlatform.CommunicationUtilities.TestRequestSender+<>c__DisplayClass31_0., took 1 ms.
TpTrace Verbose: 0 : 24704, 4, 2023/01/09, 19:20:52.146, 12058711638789, vstest.console.dll, MulticastDelegateUtilities.SafeInvoke: InternalTestLoggerEvents.SendTestResult: Invoking callback 1/1 for Microsoft.VisualStudio.TestPlatform.CommandLine.Internal.ConsoleLogger., took 0 ms.
TpTrace Verbose: 0 : 24704, 12, 2023/01/09, 19:20:52.146, 12058711638931, vstest.console.dll, TcpClientExtensions.MessageLoopAsync: Polling on remoteEndPoint: 127.0.0.1:49166 localEndPoint: 127.0.0.1:49165
TpTrace Verbose: 0 : 24704, 12, 2023/01/09, 19:20:52.146, 12058711639298, vstest.console.dll, TcpClientExtensions.MessageLoopAsync: NotifyDataAvailable remoteEndPoint: 127.0.0.1:49166 localEndPoint: 127.0.0.1:49165
TpTrace Verbose: 0 : 24704, 4, 2023/01/09, 19:20:52.146, 12058711639435, vstest.console.dll, MulticastDelegateUtilities.SafeInvoke: InternalTestLoggerEvents.SendTestResult: Invoking callback 1/1 for Microsoft.VisualStudio.TestPlatform.CommandLine.Internal.ConsoleLogger., took 0 ms.
TpTrace Verbose: 0 : 24704, 4, 2023/01/09, 19:20:52.146, 12058711639843, vstest.console.dll, MulticastDelegateUtilities.SafeInvoke: InternalTestLoggerEvents.SendTestResult: Invoking callback 1/1 for Microsoft.VisualStudio.TestPlatform.CommandLine.Internal.ConsoleLogger., took 0 ms.
TpTrace Verbose: 0 : 24704, 4, 2023/01/09, 19:20:52.146, 12058711640135, vstest.console.dll, MulticastDelegateUtilities.SafeInvoke: InternalTestLoggerEvents.SendTestResult: Invoking callback 1/1 for Microsoft.VisualStudio.TestPlatform.CommandLine.Internal.ConsoleLogger., took 0 ms.
TpTrace Verbose: 0 : 24704, 12, 2023/01/09, 19:20:52.146, 12058711640243, vstest.console.dll, TestRequestSender.OnExecutionMessageReceived: Received message: {"Version":5,"MessageType":"TestExecution.StatsChange","Payload":{"NewTestResults":[{"TestCase":{"Id":"694036d4-944f-c985-fad3-8399569a2aec","FullyQualifiedName":"Demo.Teste.AssertingRangesTests.Funcionario_Salario_FaixasSalariaisDevemRespeitarNivelProfissional","DisplayName":"Demo.Teste.AssertingRangesTests.Funcionario_Salario_FaixasSalariaisDevemRespeitarNivelProfissional(salario: 7500)","ExecutorUri":"executor://xunit/VsTestRunner2/netcoreapp","Source":"F:\\Projetos ASP.NET\\Curso Testes\\TestesDeSoftware\\01 - Testes de Unidades\\Demo.Teste\\bin\\Debug\\net6.0\\fine-code-coverage\\build-output\\Demo.Teste.dll","CodeFilePath":null,"LineNumber":0,"Properties":[]},"Attachments":[],"Outcome":1,"ErrorMessage":null,"ErrorStackTrace":null,"DisplayName":"Demo.Teste.AssertingRangesTests.Funcionario_Salario_FaixasSalariaisDevemRespeitarNivelProfissional(salario: 7500)","Messages":[],"ComputerName":"DESKTOP-I8JNLH9","Duration":"00:00:00.0000036","StartTime":"2023-01-09T22:20:52.1264675+00:00","EndTime":"2023-01-09T22:20:52.1264676+00:00","Properties":[]},{"TestCase":{"Id":"e8c170be-f623-23b9-5a21-346027c3e234","FullyQualifiedName":"Demo.Teste.CalculadoraTests.Calculadora_Somar_RetornarValoresSomaCorretos","DisplayName":"Retornar valor soma correto(v1: 8, v2: 8, total: 16)","ExecutorUri":"executor://xunit/VsTestRunner2/netcoreapp","Source":"F:\\Projetos ASP.NET\\Curso Testes\\TestesDeSoftware\\01 - Testes de Unidades\\Demo.Teste\\bin\\Debug\\net6.0\\fine-code-coverage\\build-output\\Demo.Teste.dll","CodeFilePath":null,"LineNumber":0,"Properties":[{"Key":{"Id":"TestObject.Traits","Label":"Traits","Category":"","Description":"","Attributes":5,"ValueType":"System.Collections.Generic.KeyValuePair`2[[System.String],[System.String]][]"},"Value":[{"Key":"Demo","Value":"Validacao basicas"}]}]},"Attachments":[],"Outcome":1,"ErrorMessage":null,"ErrorStackTrace":null,"DisplayName":"Retornar valor soma correto(v1: 8, v2: 8, total: 16)","Messages":[],"ComputerName":"DESKTOP-I8JNLH9","Duration":"00:00:00.0000036","StartTime":"2023-01-09T22:20:52.1273735+00:00","EndTime":"2023-01-09T22:20:52.1273735+00:00","Properties":[]},{"TestCase":{"Id":"5f2ed5e9-3637-cfc2-3411-67ab23cd8fe8","FullyQualifiedName":"Demo.Teste.CalculadoraTests.Calculadora_Somar_Retonar_Valor_Soma","DisplayName":"Retornar valor soma","ExecutorUri":"executor://xunit/VsTestRunner2/netcoreapp","Source":"F:\\Projetos ASP.NET\\Curso Testes\\TestesDeSoftware\\01 - Testes de Unidades\\Demo.Teste\\bin\\Debug\\net6.0\\fine-code-coverage\\build-output\\Demo.Teste.dll","CodeFilePath":null,"LineNumber":0,"Properties":[{"Key":{"Id":"TestObject.Traits","Label":"Traits","Category":"","Description":"","Attributes":5,"ValueType":"System.Collections.Generic.KeyValuePair`2[[System.String],[System.String]][]"},"Value":[{"Key":"Demo","Value":"Validacao basicas"}]}]},"Attachments":[],"Outcome":1,"ErrorMessage":null,"ErrorStackTrace":null,"DisplayName":"Retornar valor soma","Messages":[],"ComputerName":"DESKTOP-I8JNLH9","Duration":"00:00:00.0000802","StartTime":"2023-01-09T22:20:52.1317777+00:00","EndTime":"2023-01-09T22:20:52.1317778+00:00","Properties":[]},{"TestCase":{"Id":"be5440e5-65f5-3d71-0a53-e13163c7fae5","FullyQualifiedName":"Demo.Teste.AssertStringsTests.StringsTools_UnirNomes_DeveComecarCom","DisplayName":"Nome deve comecar com","ExecutorUri":"executor://xunit/VsTestRunner2/netcoreapp","Source":"F:\\Projetos ASP.NET\\Curso Testes\\TestesDeSoftware\\01 - Testes de Unidades\\Demo.Teste\\bin\\Debug\\net6.0\\fine-code-coverage\\build-output\\Demo.Teste.dll","CodeFilePath":null,"LineNumber":0,"Properties":[{"Key":{"Id":"TestObject.Traits","Label":"Traits","Category":"","Description":"","Attributes":5,"ValueType":"System.Collections.Generic.KeyValuePair`2[[System.String],[System.String]][]"},"Value":[{"Key":"Demo","Value":"Validacao basicas"}]}]},"Attachments":[],"Outcome":1,"ErrorMessage":null,"ErrorStackTrace":null,"DisplayName":"Nome deve comecar com","Messages":[],"ComputerName":"DESKTOP-I8JNLH9","Duration":"00:00:00.0001583","StartTime":"2023-01-09T22:20:52.133083+00:00","EndTime":"2023-01-09T22:20:52.1330831+00:00","Properties":[]},{"TestCase":{"Id":"21899c9b-084c-7fc2-a0af-225ef2a2bb36","FullyQualifiedName":"Demo.Teste.CalculadoraTests.Calculadora_Somar_Retonar_Valor_Divisao","DisplayName":"Retornar valor divisao","ExecutorUri":"executor://xunit/VsTestRunner2/netcoreapp","Source":"F:\\Projetos ASP.NET\\Curso Testes\\TestesDeSoftware\\01 - Testes de Unidades\\Demo.Teste\\bin\\Debug\\net6.0\\fine-code-coverage\\build-output\\Demo.Teste.dll","CodeFilePath":null,"LineNumber":0,"Properties":[{"Key":{"Id":"TestObject.Traits","Label":"Traits","Category":"","Description":"","Attributes":5,"ValueType":"System.Collections.Generic.KeyValuePair`2[[System.String],[System.String]][]"},"Value":[{"Key":"Demo","Value":"Validacao basicas"}]}]},"Attachments":[],"Outcome":1,"ErrorMessage":null,"ErrorStackTrace":null,"DisplayName":"Retornar valor divisao","Messages":[],"ComputerName":"DESKTOP-I8JNLH9","Duration":"00:00:00.0000663","StartTime":"2023-01-09T22:20:52.1337401+00:00","EndTime":"2023-01-09T22:20:52.1337401+00:00","Properties":[]}],"TestRunStatistics":{"ExecutedTests":21,"Stats":{"Passed":21}},"ActiveTests":[{"Id":"43393e7c-7a1d-e952-a916-99e7877f1f9f","FullyQualifiedName":"Demo.Teste.AssertNumbersTests.Calculadora_Somar_NaoDeveSerIgual","DisplayName":"Demo.Teste.AssertNumbersTests.Calculadora_Somar_NaoDeveSerIgual","ExecutorUri":"executor://xunit/VsTestRunner2/netcoreapp","Source":"F:\\Projetos ASP.NET\\Curso Testes\\TestesDeSoftware\\01 - Testes de Unidades\\Demo.Teste\\bin\\Debug\\net6.0\\fine-code-coverage\\build-output\\Demo.Teste.dll","CodeFilePath":null,"LineNumber":0,"Properties":[]},{"Id":"7941526d-4966-276a-b3b4-b67ec4ab6e6b","FullyQualifiedName":"Demo.Teste.AssertingExceptionsTests.Funcionario_Salario_DeveRetornarErroSalarioInferiorPermitido","DisplayName":"Demo.Teste.AssertingExceptionsTests.Funcionario_Salario_DeveRetornarErroSalarioInferiorPermitido","ExecutorUri":"executor://xunit/VsTestRunner2/netcoreapp","Source":"F:\\Projetos ASP.NET\\Curso Testes\\TestesDeSoftware\\01 - Testes de Unidades\\Demo.Teste\\bin\\Debug\\net6.0\\fine-code-coverage\\build-output\\Demo.Teste.dll","CodeFilePath":null,"LineNumber":0,"Properties":[]},{"Id":"8f7cc66e-e989-4d83-a572-9afb398e2623","FullyQualifiedName":"Demo.Teste.AssertNullBoolTests.Funcionario_Apelido_NaoDeveTerApelido","DisplayName":"Demo.Teste.AssertNullBoolTests.Funcionario_Apelido_NaoDeveTerApelido","ExecutorUri":"executor://xunit/VsTestRunner2/netcoreapp","Source":"F:\\Projetos ASP.NET\\Curso Testes\\TestesDeSoftware\\01 - Testes de Unidades\\Demo.Teste\\bin\\Debug\\net6.0\\fine-code-coverage\\build-output\\Demo.Teste.dll","CodeFilePath":null,"LineNumber":0,"Properties":[]},{"Id":"06e821c6-943b-0769-2b1d-43930ce96740","FullyQualifiedName":"Demo.Teste.AssertStringsTests.StringsTools_UnirNomes_DeveIgnorarCase","DisplayName":"Nome deve ignorar case sensitive","ExecutorUri":"executor://xunit/VsTestRunner2/netcoreapp","Source":"F:\\Projetos ASP.NET\\Curso Testes\\TestesDeSoftware\\01 - Testes de Unidades\\Demo.Teste\\bin\\Debug\\net6.0\\fine-code-coverage\\build-output\\Demo.Teste.dll","CodeFilePath":null,"LineNumber":0,"Properties":[{"Key":{"Id":"TestObject.Traits","Label":"Traits","Category":"","Description":"","Attributes":5,"ValueType":"System.Collections.Generic.KeyValuePair`2[[System.String],[System.String]][]"},"Value":[{"Key":"Demo","Value":"Validacao basicas"}]}]},{"Id":"6bef9197-a9af-d1fd-5404-77e5ea7abc9b","FullyQualifiedName":"Demo.Teste.AssertingObjectTypesTests.FuncionarioFactory_Criar_DeveRetornarTipoDerivadoPessoa","DisplayName":"Demo.Teste.AssertingObjectTypesTests.FuncionarioFactory_Criar_DeveRetornarTipoDerivadoPessoa","ExecutorUri":"executor://xunit/VsTestRunner2/netcoreapp","Source":"F:\\Projetos ASP.NET\\Curso Testes\\TestesDeSoftware\\01 - Testes de Unidades\\Demo.Teste\\bin\\Debug\\net6.0\\fine-code-coverage\\build-output\\Demo.Teste.dll","CodeFilePath":null,"LineNumber":0,"Properties":[]}]}}
TpTrace Verbose: 0 : 24704, 4, 2023/01/09, 19:20:52.146, 12058711640396, vstest.console.dll, MulticastDelegateUtilities.SafeInvoke: InternalTestLoggerEvents.SendTestResult: Invoking callback 1/1 for Microsoft.VisualStudio.TestPlatform.CommandLine.Internal.ConsoleLogger., took 0 ms.
TpTrace Verbose: 0 : 24704, 4, 2023/01/09, 19:20:52.150, 12058711683758, vstest.console.dll, MulticastDelegateUtilities.SafeInvoke: InternalTestLoggerEvents.SendTestResult: Invoking callback 1/1 for Microsoft.VisualStudio.TestPlatform.CommandLine.Internal.ConsoleLogger., took 0 ms.
TpTrace Verbose: 0 : 24704, 12, 2023/01/09, 19:20:52.151, 12058711689321, vstest.console.dll, TestRunRequest:SendTestRunStatsChange: Starting.
TpTrace Verbose: 0 : 24704, 12, 2023/01/09, 19:20:52.151, 12058711689681, vstest.console.dll, InProgress is Demo.Teste.AssertNumbersTests.Calculadora_Somar_NaoDeveSerIgual
TpTrace Verbose: 0 : 24704, 12, 2023/01/09, 19:20:52.151, 12058711689858, vstest.console.dll, InProgress is Demo.Teste.AssertingExceptionsTests.Funcionario_Salario_DeveRetornarErroSalarioInferiorPermitido
TpTrace Verbose: 0 : 24704, 12, 2023/01/09, 19:20:52.151, 12058711690025, vstest.console.dll, InProgress is Demo.Teste.AssertNullBoolTests.Funcionario_Apelido_NaoDeveTerApelido
TpTrace Verbose: 0 : 24704, 12, 2023/01/09, 19:20:52.151, 12058711690175, vstest.console.dll, InProgress is Nome deve ignorar case sensitive
TpTrace Verbose: 0 : 24704, 4, 2023/01/09, 19:20:52.151, 12058711690287, vstest.console.dll, MulticastDelegateUtilities.SafeInvoke: InternalTestLoggerEvents.SendTestResult: Invoking callback 1/1 for Microsoft.VisualStudio.TestPlatform.CommandLine.Internal.ConsoleLogger., took 0 ms.
TpTrace Verbose: 0 : 24704, 4, 2023/01/09, 19:20:52.151, 12058711690896, vstest.console.dll, MulticastDelegateUtilities.SafeInvoke: InternalTestLoggerEvents.SendTestResult: Invoking callback 1/1 for Microsoft.VisualStudio.TestPlatform.CommandLine.Internal.ConsoleLogger., took 0 ms.
TpTrace Verbose: 0 : 24704, 12, 2023/01/09, 19:20:52.151, 12058711690326, vstest.console.dll, InProgress is Demo.Teste.AssertingObjectTypesTests.FuncionarioFactory_Criar_DeveRetornarTipoDerivadoPessoa
TpTrace Verbose: 0 : 24704, 4, 2023/01/09, 19:20:52.151, 12058711691360, vstest.console.dll, MulticastDelegateUtilities.SafeInvoke: InternalTestLoggerEvents.SendTestResult: Invoking callback 1/1 for Microsoft.VisualStudio.TestPlatform.CommandLine.Internal.ConsoleLogger., took 0 ms.
TpTrace Verbose: 0 : 24704, 4, 2023/01/09, 19:20:52.151, 12058711691768, vstest.console.dll, MulticastDelegateUtilities.SafeInvoke: InternalTestLoggerEvents.SendTestResult: Invoking callback 1/1 for Microsoft.VisualStudio.TestPlatform.CommandLine.Internal.ConsoleLogger., took 0 ms.
TpTrace Verbose: 0 : 24704, 12, 2023/01/09, 19:20:52.151, 12058711691872, vstest.console.dll, MulticastDelegateUtilities.SafeInvoke: TestRun.RunStatsChanged: Invoking callbacks was skipped because there are no subscribers.
TpTrace Information: 0 : 24704, 12, 2023/01/09, 19:20:52.151, 12058711692193, vstest.console.dll, TestRunRequest:SendTestRunStatsChange: Completed.
TpTrace Verbose: 0 : 24704, 12, 2023/01/09, 19:20:52.151, 12058711692446, vstest.console.dll, MulticastDelegateUtilities.SafeInvoke: LengthPrefixCommunicationChannel: MessageReceived: Invoking callback 1/1 for Microsoft.VisualStudio.TestPlatform.CommunicationUtilities.TestRequestSender+<>c__DisplayClass31_0., took 5 ms.
TpTrace Verbose: 0 : 24704, 12, 2023/01/09, 19:20:52.151, 12058711692673, vstest.console.dll, TcpClientExtensions.MessageLoopAsync: Polling on remoteEndPoint: 127.0.0.1:49166 localEndPoint: 127.0.0.1:49165
TpTrace Verbose: 0 : 24704, 4, 2023/01/09, 19:20:52.151, 12058711692853, vstest.console.dll, MulticastDelegateUtilities.SafeInvoke: InternalTestLoggerEvents.SendTestResult: Invoking callback 1/1 for Microsoft.VisualStudio.TestPlatform.CommandLine.Internal.ConsoleLogger., took 0 ms.
TpTrace Verbose: 0 : 24704, 12, 2023/01/09, 19:20:52.151, 12058711692960, vstest.console.dll, TcpClientExtensions.MessageLoopAsync: NotifyDataAvailable remoteEndPoint: 127.0.0.1:49166 localEndPoint: 127.0.0.1:49165
TpTrace Verbose: 0 : 24704, 4, 2023/01/09, 19:20:52.151, 12058711693218, vstest.console.dll, MulticastDelegateUtilities.SafeInvoke: InternalTestLoggerEvents.SendTestResult: Invoking callback 1/1 for Microsoft.VisualStudio.TestPlatform.CommandLine.Internal.ConsoleLogger., took 0 ms.
TpTrace Verbose: 0 : 24704, 4, 2023/01/09, 19:20:52.151, 12058711693759, vstest.console.dll, MulticastDelegateUtilities.SafeInvoke: InternalTestLoggerEvents.SendTestResult: Invoking callback 1/1 for Microsoft.VisualStudio.TestPlatform.CommandLine.Internal.ConsoleLogger., took 0 ms.
TpTrace Verbose: 0 : 24704, 4, 2023/01/09, 19:20:52.151, 12058711694040, vstest.console.dll, MulticastDelegateUtilities.SafeInvoke: InternalTestLoggerEvents.SendTestResult: Invoking callback 1/1 for Microsoft.VisualStudio.TestPlatform.CommandLine.Internal.ConsoleLogger., took 0 ms.
TpTrace Verbose: 0 : 24704, 12, 2023/01/09, 19:20:52.151, 12058711694053, vstest.console.dll, TestRequestSender.OnExecutionMessageReceived: Received message: {"Version":5,"MessageType":"TestExecution.StatsChange","Payload":{"NewTestResults":[{"TestCase":{"Id":"43393e7c-7a1d-e952-a916-99e7877f1f9f","FullyQualifiedName":"Demo.Teste.AssertNumbersTests.Calculadora_Somar_NaoDeveSerIgual","DisplayName":"Demo.Teste.AssertNumbersTests.Calculadora_Somar_NaoDeveSerIgual","ExecutorUri":"executor://xunit/VsTestRunner2/netcoreapp","Source":"F:\\Projetos ASP.NET\\Curso Testes\\TestesDeSoftware\\01 - Testes de Unidades\\Demo.Teste\\bin\\Debug\\net6.0\\fine-code-coverage\\build-output\\Demo.Teste.dll","CodeFilePath":null,"LineNumber":0,"Properties":[]},"Attachments":[],"Outcome":1,"ErrorMessage":null,"ErrorStackTrace":null,"DisplayName":"Demo.Teste.AssertNumbersTests.Calculadora_Somar_NaoDeveSerIgual","Messages":[],"ComputerName":"DESKTOP-I8JNLH9","Duration":"00:00:00.0002200","StartTime":"2023-01-09T22:20:52.1385444+00:00","EndTime":"2023-01-09T22:20:52.1385445+00:00","Properties":[]},{"TestCase":{"Id":"8f7cc66e-e989-4d83-a572-9afb398e2623","FullyQualifiedName":"Demo.Teste.AssertNullBoolTests.Funcionario_Apelido_NaoDeveTerApelido","DisplayName":"Demo.Teste.AssertNullBoolTests.Funcionario_Apelido_NaoDeveTerApelido","ExecutorUri":"executor://xunit/VsTestRunner2/netcoreapp","Source":"F:\\Projetos ASP.NET\\Curso Testes\\TestesDeSoftware\\01 - Testes de Unidades\\Demo.Teste\\bin\\Debug\\net6.0\\fine-code-coverage\\build-output\\Demo.Teste.dll","CodeFilePath":null,"LineNumber":0,"Properties":[]},"Attachments":[],"Outcome":1,"ErrorMessage":null,"ErrorStackTrace":null,"DisplayName":"Demo.Teste.AssertNullBoolTests.Funcionario_Apelido_NaoDeveTerApelido","Messages":[],"ComputerName":"DESKTOP-I8JNLH9","Duration":"00:00:00.0002386","StartTime":"2023-01-09T22:20:52.1391295+00:00","EndTime":"2023-01-09T22:20:52.1391295+00:00","Properties":[]},{"TestCase":{"Id":"7941526d-4966-276a-b3b4-b67ec4ab6e6b","FullyQualifiedName":"Demo.Teste.AssertingExceptionsTests.Funcionario_Salario_DeveRetornarErroSalarioInferiorPermitido","DisplayName":"Demo.Teste.AssertingExceptionsTests.Funcionario_Salario_DeveRetornarErroSalarioInferiorPermitido","ExecutorUri":"executor://xunit/VsTestRunner2/netcoreapp","Source":"F:\\Projetos ASP.NET\\Curso Testes\\TestesDeSoftware\\01 - Testes de Unidades\\Demo.Teste\\bin\\Debug\\net6.0\\fine-code-coverage\\build-output\\Demo.Teste.dll","CodeFilePath":null,"LineNumber":0,"Properties":[]},"Attachments":[],"Outcome":1,"ErrorMessage":null,"ErrorStackTrace":null,"DisplayName":"Demo.Teste.AssertingExceptionsTests.Funcionario_Salario_DeveRetornarErroSalarioInferiorPermitido","Messages":[],"ComputerName":"DESKTOP-I8JNLH9","Duration":"00:00:00.0002632","StartTime":"2023-01-09T22:20:52.1397027+00:00","EndTime":"2023-01-09T22:20:52.1397027+00:00","Properties":[]},{"TestCase":{"Id":"06e821c6-943b-0769-2b1d-43930ce96740","FullyQualifiedName":"Demo.Teste.AssertStringsTests.StringsTools_UnirNomes_DeveIgnorarCase","DisplayName":"Nome deve ignorar case sensitive","ExecutorUri":"executor://xunit/VsTestRunner2/netcoreapp","Source":"F:\\Projetos ASP.NET\\Curso Testes\\TestesDeSoftware\\01 - Testes de Unidades\\Demo.Teste\\bin\\Debug\\net6.0\\fine-code-coverage\\build-output\\Demo.Teste.dll","CodeFilePath":null,"LineNumber":0,"Properties":[{"Key":{"Id":"TestObject.Traits","Label":"Traits","Category":"","Description":"","Attributes":5,"ValueType":"System.Collections.Generic.KeyValuePair`2[[System.String],[System.String]][]"},"Value":[{"Key":"Demo","Value":"Validacao basicas"}]}]},"Attachments":[],"Outcome":1,"ErrorMessage":null,"ErrorStackTrace":null,"DisplayName":"Nome deve ignorar case sensitive","Messages":[],"ComputerName":"DESKTOP-I8JNLH9","Duration":"00:00:00.0000703","StartTime":"2023-01-09T22:20:52.1408517+00:00","EndTime":"2023-01-09T22:20:52.1408518+00:00","Properties":[]},{"TestCase":{"Id":"6bef9197-a9af-d1fd-5404-77e5ea7abc9b","FullyQualifiedName":"Demo.Teste.AssertingObjectTypesTests.FuncionarioFactory_Criar_DeveRetornarTipoDerivadoPessoa","DisplayName":"Demo.Teste.AssertingObjectTypesTests.FuncionarioFactory_Criar_DeveRetornarTipoDerivadoPessoa","ExecutorUri":"executor://xunit/VsTestRunner2/netcoreapp","Source":"F:\\Projetos ASP.NET\\Curso Testes\\TestesDeSoftware\\01 - Testes de Unidades\\Demo.Teste\\bin\\Debug\\net6.0\\fine-code-coverage\\build-output\\Demo.Teste.dll","CodeFilePath":null,"LineNumber":0,"Properties":[]},"Attachments":[],"Outcome":1,"ErrorMessage":null,"ErrorStackTrace":null,"DisplayName":"Demo.Teste.AssertingObjectTypesTests.FuncionarioFactory_Criar_DeveRetornarTipoDerivadoPessoa","Messages":[],"ComputerName":"DESKTOP-I8JNLH9","Duration":"00:00:00.0001589","StartTime":"2023-01-09T22:20:52.1423338+00:00","EndTime":"2023-01-09T22:20:52.1423339+00:00","Properties":[]},{"TestCase":{"Id":"868a561f-02ee-fc02-af8f-a5499aecb1c9","FullyQualifiedName":"Demo.Teste.AssertStringsTests.StringsTools_UnirNomes_DeveAcabarCom","DisplayName":"Nome deve terminar com","ExecutorUri":"executor://xunit/VsTestRunner2/netcoreapp","Source":"F:\\Projetos ASP.NET\\Curso Testes\\TestesDeSoftware\\01 - Testes de Unidades\\Demo.Teste\\bin\\Debug\\net6.0\\fine-code-coverage\\build-output\\Demo.Teste.dll","CodeFilePath":null,"LineNumber":0,"Properties":[{"Key":{"Id":"TestObject.Traits","Label":"Traits","Category":"","Description":"","Attributes":5,"ValueType":"System.Collections.Generic.KeyValuePair`2[[System.String],[System.String]][]"},"Value":[{"Key":"Demo","Value":"Validacao basicas"}]}]},"Attachments":[],"Outcome":1,"ErrorMessage":null,"ErrorStackTrace":null,"DisplayName":"Nome deve terminar com","Messages":[],"ComputerName":"DESKTOP-I8JNLH9","Duration":"00:00:00.0001282","StartTime":"2023-01-09T22:20:52.1429948+00:00","EndTime":"2023-01-09T22:20:52.1429949+00:00","Properties":[]},{"TestCase":{"Id":"9a741b33-24e4-2f13-bead-614346a7ae85","FullyQualifiedName":"Demo.Teste.AssertingCollectionsTests.Funcionario_Habilidades_JuniorNaoDevePossuirHabilidadeAvancada","DisplayName":"Demo.Teste.AssertingCollectionsTests.Funcionario_Habilidades_JuniorNaoDevePossuirHabilidadeAvancada","ExecutorUri":"executor://xunit/VsTestRunner2/netcoreapp","Source":"F:\\Projetos ASP.NET\\Curso Testes\\TestesDeSoftware\\01 - Testes de Unidades\\Demo.Teste\\bin\\Debug\\net6.0\\fine-code-coverage\\build-output\\Demo.Teste.dll","CodeFilePath":null,"LineNumber":0,"Properties":[]},"Attachments":[],"Outcome":1,"ErrorMessage":null,"ErrorStackTrace":null,"DisplayName":"Demo.Teste.AssertingCollectionsTests.Funcionario_Habilidades_JuniorNaoDevePossuirHabilidadeAvancada","Messages":[],"ComputerName":"DESKTOP-I8JNLH9","Duration":"00:00:00.0020490","StartTime":"2023-01-09T22:20:52.1449527+00:00","EndTime":"2023-01-09T22:20:52.1449529+00:00","Properties":[]},{"TestCase":{"Id":"a3fb1c6c-5c91-7650-3414-ebd234853370","FullyQualifiedName":"Demo.Teste.AssertingCollectionsTests.Funcionario_Habilidades_SeniorDevePossuirTodasHabilidades","DisplayName":"Demo.Teste.AssertingCollectionsTests.Funcionario_Habilidades_SeniorDevePossuirTodasHabilidades","ExecutorUri":"executor://xunit/VsTestRunner2/netcoreapp","Source":"F:\\Projetos ASP.NET\\Curso Testes\\TestesDeSoftware\\01 - Testes de Unidades\\Demo.Teste\\bin\\Debug\\net6.0\\fine-code-coverage\\build-output\\Demo.Teste.dll","CodeFilePath":null,"LineNumber":0,"Properties":[]},"Attachments":[],"Outcome":1,"ErrorMessage":null,"ErrorStackTrace":null,"DisplayName":"Demo.Teste.AssertingCollectionsTests.Funcionario_Habilidades_SeniorDevePossuirTodasHabilidades","Messages":[],"ComputerName":"DESKTOP-I8JNLH9","Duration":"00:00:00.0025847","StartTime":"2023-01-09T22:20:52.146434+00:00","EndTime":"2023-01-09T22:20:52.1464341+00:00","Properties":[]}],"TestRunStatistics":{"ExecutedTests":29,"Stats":{"Passed":29}},"ActiveTests":[{"Id":"38aa2131-79d6-438f-0d32-82244b665ca9","FullyQualifiedName":"Demo.Teste.AssertStringsTests.StringsTools_UnirNomes_DeveConterTrecho","DisplayName":"Nome deve conter palavra","ExecutorUri":"executor://xunit/VsTestRunner2/netcoreapp","Source":"F:\\Projetos ASP.NET\\Curso Testes\\TestesDeSoftware\\01 - Testes de Unidades\\Demo.Teste\\bin\\Debug\\net6.0\\fine-code-coverage\\build-output\\Demo.Teste.dll","CodeFilePath":null,"LineNumber":0,"Properties":[{"Key":{"Id":"TestObject.Traits","Label":"Traits","Category":"","Description":"","Attributes":5,"ValueType":"System.Collections.Generic.KeyValuePair`2[[System.String],[System.String]][]"},"Value":[{"Key":"Demo","Value":"Validacao basicas"}]}]},{"Id":"3a8883ed-4403-19fa-0767-f50865868129","FullyQualifiedName":"Demo.Teste.AssertingCollectionsTests.Funcionario_Habilidades_NaoDevePossuirHabilidadesVazias","DisplayName":"Demo.Teste.AssertingCollectionsTests.Funcionario_Habilidades_NaoDevePossuirHabilidadesVazias","ExecutorUri":"executor://xunit/VsTestRunner2/netcoreapp","Source":"F:\\Projetos ASP.NET\\Curso Testes\\TestesDeSoftware\\01 - Testes de Unidades\\Demo.Teste\\bin\\Debug\\net6.0\\fine-code-coverage\\build-output\\Demo.Teste.dll","CodeFilePath":null,"LineNumber":0,"Properties":[]}]}}
TpTrace Verbose: 0 : 24704, 4, 2023/01/09, 19:20:52.151, 12058711694314, vstest.console.dll, MulticastDelegateUtilities.SafeInvoke: InternalTestLoggerEvents.SendTestResult: Invoking callback 1/1 for Microsoft.VisualStudio.TestPlatform.CommandLine.Internal.ConsoleLogger., took 0 ms.
TpTrace Verbose: 0 : 24704, 4, 2023/01/09, 19:20:52.151, 12058711695512, vstest.console.dll, MulticastDelegateUtilities.SafeInvoke: InternalTestLoggerEvents.SendTestResult: Invoking callback 1/1 for Microsoft.VisualStudio.TestPlatform.CommandLine.Internal.ConsoleLogger., took 0 ms.
TpTrace Verbose: 0 : 24704, 4, 2023/01/09, 19:20:52.151, 12058711695984, vstest.console.dll, MulticastDelegateUtilities.SafeInvoke: InternalTestLoggerEvents.SendTestResult: Invoking callback 1/1 for Microsoft.VisualStudio.TestPlatform.CommandLine.Internal.ConsoleLogger., took 0 ms.
TpTrace Verbose: 0 : 24704, 4, 2023/01/09, 19:20:52.151, 12058711696271, vstest.console.dll, MulticastDelegateUtilities.SafeInvoke: InternalTestLoggerEvents.SendTestResult: Invoking callback 1/1 for Microsoft.VisualStudio.TestPlatform.CommandLine.Internal.ConsoleLogger., took 0 ms.
TpTrace Verbose: 0 : 24704, 4, 2023/01/09, 19:20:52.151, 12058711696538, vstest.console.dll, MulticastDelegateUtilities.SafeInvoke: InternalTestLoggerEvents.SendTestResult: Invoking callback 1/1 for Microsoft.VisualStudio.TestPlatform.CommandLine.Internal.ConsoleLogger., took 0 ms.
TpTrace Verbose: 0 : 24704, 4, 2023/01/09, 19:20:52.151, 12058711696791, vstest.console.dll, MulticastDelegateUtilities.SafeInvoke: InternalTestLoggerEvents.SendTestResult: Invoking callback 1/1 for Microsoft.VisualStudio.TestPlatform.CommandLine.Internal.ConsoleLogger., took 0 ms.
TpTrace Verbose: 0 : 24704, 12, 2023/01/09, 19:20:52.152, 12058711700040, vstest.console.dll, TestRunRequest:SendTestRunStatsChange: Starting.
TpTrace Verbose: 0 : 24704, 12, 2023/01/09, 19:20:52.152, 12058711700366, vstest.console.dll, InProgress is Nome deve conter palavra
TpTrace Verbose: 0 : 24704, 12, 2023/01/09, 19:20:52.152, 12058711700541, vstest.console.dll, InProgress is Demo.Teste.AssertingCollectionsTests.Funcionario_Habilidades_NaoDevePossuirHabilidadesVazias
TpTrace Verbose: 0 : 24704, 12, 2023/01/09, 19:20:52.152, 12058711700811, vstest.console.dll, MulticastDelegateUtilities.SafeInvoke: TestRun.RunStatsChanged: Invoking callbacks was skipped because there are no subscribers.
TpTrace Information: 0 : 24704, 12, 2023/01/09, 19:20:52.152, 12058711700992, vstest.console.dll, TestRunRequest:SendTestRunStatsChange: Completed.
TpTrace Verbose: 0 : 24704, 4, 2023/01/09, 19:20:52.152, 12058711701053, vstest.console.dll, MulticastDelegateUtilities.SafeInvoke: InternalTestLoggerEvents.SendTestResult: Invoking callback 1/1 for Microsoft.VisualStudio.TestPlatform.CommandLine.Internal.ConsoleLogger., took 0 ms.
TpTrace Verbose: 0 : 24704, 4, 2023/01/09, 19:20:52.152, 12058711701705, vstest.console.dll, MulticastDelegateUtilities.SafeInvoke: InternalTestLoggerEvents.SendTestResult: Invoking callback 1/1 for Microsoft.VisualStudio.TestPlatform.CommandLine.Internal.ConsoleLogger., took 0 ms.
TpTrace Verbose: 0 : 24704, 12, 2023/01/09, 19:20:52.152, 12058711701276, vstest.console.dll, MulticastDelegateUtilities.SafeInvoke: LengthPrefixCommunicationChannel: MessageReceived: Invoking callback 1/1 for Microsoft.VisualStudio.TestPlatform.CommunicationUtilities.TestRequestSender+<>c__DisplayClass31_0., took 0 ms.
TpTrace Verbose: 0 : 24704, 4, 2023/01/09, 19:20:52.152, 12058711701986, vstest.console.dll, MulticastDelegateUtilities.SafeInvoke: InternalTestLoggerEvents.SendTestResult: Invoking callback 1/1 for Microsoft.VisualStudio.TestPlatform.CommandLine.Internal.ConsoleLogger., took 0 ms.
TpTrace Verbose: 0 : 24704, 12, 2023/01/09, 19:20:52.152, 12058711702268, vstest.console.dll, TcpClientExtensions.MessageLoopAsync: Polling on remoteEndPoint: 127.0.0.1:49166 localEndPoint: 127.0.0.1:49165
TpTrace Verbose: 0 : 24704, 4, 2023/01/09, 19:20:52.152, 12058711702673, vstest.console.dll, MulticastDelegateUtilities.SafeInvoke: InternalTestLoggerEvents.SendTestResult: Invoking callback 1/1 for Microsoft.VisualStudio.TestPlatform.CommandLine.Internal.ConsoleLogger., took 0 ms.
TpTrace Verbose: 0 : 24704, 12, 2023/01/09, 19:20:52.152, 12058711702863, vstest.console.dll, TcpClientExtensions.MessageLoopAsync: NotifyDataAvailable remoteEndPoint: 127.0.0.1:49166 localEndPoint: 127.0.0.1:49165
TpTrace Verbose: 0 : 24704, 4, 2023/01/09, 19:20:52.152, 12058711703049, vstest.console.dll, MulticastDelegateUtilities.SafeInvoke: InternalTestLoggerEvents.SendTestResult: Invoking callback 1/1 for Microsoft.VisualStudio.TestPlatform.CommandLine.Internal.ConsoleLogger., took 0 ms.
TpTrace Verbose: 0 : 24704, 12, 2023/01/09, 19:20:52.152, 12058711703272, vstest.console.dll, TestRequestSender.OnExecutionMessageReceived: Received message: {"Version":5,"MessageType":"TestSession.Message","Payload":{"MessageLevel":0,"Message":"[xUnit.net 00:00:00.49]   Finished:    Demo.Teste"}}
TpTrace Verbose: 0 : 24704, 4, 2023/01/09, 19:20:52.152, 12058711703352, vstest.console.dll, MulticastDelegateUtilities.SafeInvoke: InternalTestLoggerEvents.SendTestResult: Invoking callback 1/1 for Microsoft.VisualStudio.TestPlatform.CommandLine.Internal.ConsoleLogger., took 0 ms.
TpTrace Verbose: 0 : 24704, 12, 2023/01/09, 19:20:52.152, 12058711703756, vstest.console.dll, TestRunRequest:SendTestRunMessage: Starting.
TpTrace Verbose: 0 : 24704, 4, 2023/01/09, 19:20:52.152, 12058711703890, vstest.console.dll, MulticastDelegateUtilities.SafeInvoke: InternalTestLoggerEvents.SendTestResult: Invoking callback 1/1 for Microsoft.VisualStudio.TestPlatform.CommandLine.Internal.ConsoleLogger., took 0 ms.
TpTrace Verbose: 0 : 24704, 12, 2023/01/09, 19:20:52.152, 12058711704174, vstest.console.dll, MulticastDelegateUtilities.SafeInvoke: TestRun.LogMessages: Invoking callback 1/1 for Microsoft.VisualStudio.TestPlatform.CommandLine.TestRunResultAggregator., took 0 ms.
TpTrace Verbose: 0 : 24704, 4, 2023/01/09, 19:20:52.152, 12058711704450, vstest.console.dll, MulticastDelegateUtilities.SafeInvoke: InternalTestLoggerEvents.SendTestResult: Invoking callback 1/1 for Microsoft.VisualStudio.TestPlatform.CommandLine.Internal.ConsoleLogger., took 0 ms.
TpTrace Information: 0 : 24704, 12, 2023/01/09, 19:20:52.152, 12058711704767, vstest.console.dll, TestRunRequest:SendTestRunMessage: Completed.
TpTrace Verbose: 0 : 24704, 4, 2023/01/09, 19:20:52.152, 12058711704821, vstest.console.dll, MulticastDelegateUtilities.SafeInvoke: InternalTestLoggerEvents.SendTestRunMessage: Invoking callback 1/1 for Microsoft.VisualStudio.TestPlatform.CommandLine.Internal.ConsoleLogger., took 0 ms.
TpTrace Verbose: 0 : 24704, 12, 2023/01/09, 19:20:52.152, 12058711705093, vstest.console.dll, MulticastDelegateUtilities.SafeInvoke: LengthPrefixCommunicationChannel: MessageReceived: Invoking callback 1/1 for Microsoft.VisualStudio.TestPlatform.CommunicationUtilities.TestRequestSender+<>c__DisplayClass31_0., took 0 ms.
TpTrace Verbose: 0 : 24704, 12, 2023/01/09, 19:20:52.152, 12058711706211, vstest.console.dll, TcpClientExtensions.MessageLoopAsync: Polling on remoteEndPoint: 127.0.0.1:49166 localEndPoint: 127.0.0.1:49165
TpTrace Verbose: 0 : 24704, 12, 2023/01/09, 19:20:52.161, 12058711794847, vstest.console.dll, TcpClientExtensions.MessageLoopAsync: NotifyDataAvailable remoteEndPoint: 127.0.0.1:49166 localEndPoint: 127.0.0.1:49165
TpTrace Verbose: 0 : 24704, 12, 2023/01/09, 19:20:52.161, 12058711796146, vstest.console.dll, TestRequestSender.OnExecutionMessageReceived: Received message: {"Version":5,"MessageType":"TestExecution.Completed","Payload":{"TestRunCompleteArgs":{"TestRunStatistics":{"ExecutedTests":32,"Stats":{"Passed":32}},"IsCanceled":false,"IsAborted":false,"Error":null,"AttachmentSets":[],"ElapsedTimeInRunningTests":"00:00:00.5026320","Metrics":{}},"LastRunTests":{"NewTestResults":[{"TestCase":{"Id":"3a8883ed-4403-19fa-0767-f50865868129","FullyQualifiedName":"Demo.Teste.AssertingCollectionsTests.Funcionario_Habilidades_NaoDevePossuirHabilidadesVazias","DisplayName":"Demo.Teste.AssertingCollectionsTests.Funcionario_Habilidades_NaoDevePossuirHabilidadesVazias","ExecutorUri":"executor://xunit/VsTestRunner2/netcoreapp","Source":"F:\\Projetos ASP.NET\\Curso Testes\\TestesDeSoftware\\01 - Testes de Unidades\\Demo.Teste\\bin\\Debug\\net6.0\\fine-code-coverage\\build-output\\Demo.Teste.dll","CodeFilePath":null,"LineNumber":0,"Properties":[]},"Attachments":[],"Outcome":1,"ErrorMessage":null,"ErrorStackTrace":null,"DisplayName":"Demo.Teste.AssertingCollectionsTests.Funcionario_Habilidades_NaoDevePossuirHabilidadesVazias","Messages":[],"ComputerName":"DESKTOP-I8JNLH9","Duration":"00:00:00.0008012","StartTime":"2023-01-09T22:20:52.1481223+00:00","EndTime":"2023-01-09T22:20:52.1481224+00:00","Properties":[]},{"TestCase":{"Id":"38aa2131-79d6-438f-0d32-82244b665ca9","FullyQualifiedName":"Demo.Teste.AssertStringsTests.StringsTools_UnirNomes_DeveConterTrecho","DisplayName":"Nome deve conter palavra","ExecutorUri":"executor://xunit/VsTestRunner2/netcoreapp","Source":"F:\\Projetos ASP.NET\\Curso Testes\\TestesDeSoftware\\01 - Testes de Unidades\\Demo.Teste\\bin\\Debug\\net6.0\\fine-code-coverage\\build-output\\Demo.Teste.dll","CodeFilePath":null,"LineNumber":0,"Properties":[{"Key":{"Id":"TestObject.Traits","Label":"Traits","Category":"","Description":"","Attributes":5,"ValueType":"System.Collections.Generic.KeyValuePair`2[[System.String],[System.String]][]"},"Value":[{"Key":"Demo","Value":"Validacao basicas"}]}]},"Attachments":[],"Outcome":1,"ErrorMessage":null,"ErrorStackTrace":null,"DisplayName":"Nome deve conter palavra","Messages":[],"ComputerName":"DESKTOP-I8JNLH9","Duration":"00:00:00.0100961","StartTime":"2023-01-09T22:20:52.1488753+00:00","EndTime":"2023-01-09T22:20:52.1488754+00:00","Properties":[]},{"TestCase":{"Id":"ee9d9328-8819-fb29-4697-adcbf94da184","FullyQualifiedName":"Demo.Teste.AssertStringsTests.StringsTools_UnirNomes_ValidarExpressaoRegular","DisplayName":"Some somente texto","ExecutorUri":"executor://xunit/VsTestRunner2/netcoreapp","Source":"F:\\Projetos ASP.NET\\Curso Testes\\TestesDeSoftware\\01 - Testes de Unidades\\Demo.Teste\\bin\\Debug\\net6.0\\fine-code-coverage\\build-output\\Demo.Teste.dll","CodeFilePath":null,"LineNumber":0,"Properties":[{"Key":{"Id":"TestObject.Traits","Label":"Traits","Category":"","Description":"","Attributes":5,"ValueType":"System.Collections.Generic.KeyValuePair`2[[System.String],[System.String]][]"},"Value":[{"Key":"Demo","Value":"Validacao basicas"}]}]},"Attachments":[],"Outcome":1,"ErrorMessage":null,"ErrorStackTrace":null,"DisplayName":"Some somente texto","Messages":[],"ComputerName":"DESKTOP-I8JNLH9","Duration":"00:00:00.0039822","StartTime":"2023-01-09T22:20:52.1501476+00:00","EndTime":"2023-01-09T22:20:52.1501477+00:00","Properties":[]}],"TestRunStatistics":{"ExecutedTests":32,"Stats":{"Passed":32}},"ActiveTests":[]},"RunAttachments":[],"ExecutorUris":["executor://xunit/VsTestRunner2/netcoreapp"]}}
TpTrace Verbose: 0 : 24704, 12, 2023/01/09, 19:20:52.161, 12058711797159, vstest.console.dll, TestRequestSender.EndSession: Sending end session.
TpTrace Verbose: 0 : 24704, 12, 2023/01/09, 19:20:52.161, 12058711798305, vstest.console.dll, ProxyOperationManager.Close: waiting for test host to exit for 100 ms
TpTrace Warning: 0 : 24704, 11, 2023/01/09, 19:20:52.176, 12058711943510, vstest.console.dll, TestHostManagerCallbacks.ErrorReceivedCallback Test host standard error line: 
TpTrace Verbose: 0 : 24704, 11, 2023/01/09, 19:20:52.182, 12058712007132, vstest.console.dll, TestHostProvider.ExitCallBack: Host exited starting callback.
TpTrace Information: 0 : 24704, 11, 2023/01/09, 19:20:52.182, 12058712008425, vstest.console.dll, TestHostManagerCallbacks.ExitCallBack: Testhost processId: 20952 exited with exitcode: 0 error: ''
TpTrace Verbose: 0 : 24704, 11, 2023/01/09, 19:20:52.183, 12058712008734, vstest.console.dll, DotnetTestHostManager.OnHostExited: invoking OnHostExited callback
TpTrace Verbose: 0 : 24704, 11, 2023/01/09, 19:20:52.183, 12058712009480, vstest.console.dll, CrossPlatEngine.TestHostManagerHostExited: calling on client process exit callback.
TpTrace Information: 0 : 24704, 11, 2023/01/09, 19:20:52.183, 12058712009876, vstest.console.dll, TestRequestSender.OnClientProcessExit: Test host process exited. Standard error: 
TpTrace Information: 0 : 24704, 11, 2023/01/09, 19:20:52.183, 12058712010151, vstest.console.dll, SocketServer.Stop: Stop server endPoint: 127.0.0.1:49165
TpTrace Information: 0 : 24704, 11, 2023/01/09, 19:20:52.183, 12058712010333, vstest.console.dll, SocketServer.Stop: Cancellation requested. Stopping message loop.
TpTrace Information: 0 : 24704, 12, 2023/01/09, 19:20:52.183, 12058712010476, vstest.console.dll, SocketServer.Stop: Stop server endPoint: 127.0.0.1:49165
TpTrace Information: 0 : 24704, 12, 2023/01/09, 19:20:52.183, 12058712010879, vstest.console.dll, SocketServer.Stop: Cancellation requested. Stopping message loop.
TpTrace Verbose: 0 : 24704, 11, 2023/01/09, 19:20:52.183, 12058712010878, vstest.console.dll, MulticastDelegateUtilities.SafeInvoke: HostProviderEvents.OnHostExited: Invoking callback 1/1 for Microsoft.VisualStudio.TestPlatform.CrossPlatEngine.Client.ProxyOperationManager., took 0 ms.
TpTrace Information: 0 : 24704, 12, 2023/01/09, 19:20:52.183, 12058712011185, vstest.console.dll, Closing the connection
TpTrace Verbose: 0 : 24704, 12, 2023/01/09, 19:20:52.183, 12058712012817, vstest.console.dll, ProxyDataCollectionManager.InvokeDataCollectionServiceAction: Starting.
TpTrace Information: 0 : 24704, 12, 2023/01/09, 19:20:52.183, 12058712013194, vstest.console.dll, ProxyDataCollectionManager.AfterTestRunEnd: Get attachment set and invoked data collectors processId: 18284 port: 49162
TpTrace Verbose: 0 : 24704, 12, 2023/01/09, 19:20:52.183, 12058712013500, vstest.console.dll, DataCollectionRequestSender.SendAfterTestRunStartAndGetResult: Send AfterTestRunEnd message with isCancelled: False
TpTrace Verbose: 0 : 24704, 12, 2023/01/09, 19:20:52.188, 12058712067032, vstest.console.dll, DataCollectionRequestSender.SendAfterTestRunStartAndGetResult: Received message: (DataCollection.AfterTestRunEndResult) -> {"MessageType":"DataCollection.AfterTestRunEndResult","Payload":{"AttachmentSets":[],"InvokedDataCollectors":[{"Uri":"datacollector://Microsoft/TestPlatform/Extensions/Blame/v1","FriendlyName":"Blame","AssemblyQualifiedName":"Microsoft.TestPlatform.Extensions.BlameDataCollector.BlameCollector, Microsoft.TestPlatform.Extensions.BlameDataCollector, Version=15.0.0.0, Culture=neutral, PublicKeyToken=b03f5f7f11d50a3a","FilePath":"C:\\Program Files\\dotnet\\sdk\\7.0.101\\Extensions\\Microsoft.TestPlatform.Extensions.BlameDataCollector.dll","HasAttachmentProcessor":false}],"Metrics":{}}}
TpTrace Warning: 0 : 24704, 9, 2023/01/09, 19:20:52.191, 12058712094065, vstest.console.dll, DataCollectionLauncher.ErrorReceivedCallback datacollector standard error line: 
TpTrace Information: 0 : 24704, 12, 2023/01/09, 19:20:52.192, 12058712106155, vstest.console.dll, ProxyDataCollectionManager.InvokeDataCollectionServiceAction: Completed.
TpTrace Information: 0 : 24704, 9, 2023/01/09, 19:20:52.195, 12058712136669, vstest.console.dll, DataCollectionLauncher.ExitCallBack: Data collector exited with exitcode: 0 error: ''
TpTrace Verbose: 0 : 24704, 12, 2023/01/09, 19:20:52.222, 12058712408030, vstest.console.dll, TestRunRequest:SendTestRunStatsChange: Starting.
TpTrace Verbose: 0 : 24704, 12, 2023/01/09, 19:20:52.223, 12058712408860, vstest.console.dll, MulticastDelegateUtilities.SafeInvoke: TestRun.RunStatsChanged: Invoking callbacks was skipped because there are no subscribers.
TpTrace Information: 0 : 24704, 12, 2023/01/09, 19:20:52.223, 12058712409066, vstest.console.dll, TestRunRequest:SendTestRunStatsChange: Completed.
TpTrace Verbose: 0 : 24704, 4, 2023/01/09, 19:20:52.223, 12058712409534, vstest.console.dll, MulticastDelegateUtilities.SafeInvoke: InternalTestLoggerEvents.SendTestResult: Invoking callback 1/1 for Microsoft.VisualStudio.TestPlatform.CommandLine.Internal.ConsoleLogger., took 0 ms.
TpTrace Verbose: 0 : 24704, 4, 2023/01/09, 19:20:52.223, 12058712410097, vstest.console.dll, MulticastDelegateUtilities.SafeInvoke: InternalTestLoggerEvents.SendTestResult: Invoking callback 1/1 for Microsoft.VisualStudio.TestPlatform.CommandLine.Internal.ConsoleLogger., took 0 ms.
TpTrace Verbose: 0 : 24704, 4, 2023/01/09, 19:20:52.223, 12058712410454, vstest.console.dll, MulticastDelegateUtilities.SafeInvoke: InternalTestLoggerEvents.SendTestResult: Invoking callback 1/1 for Microsoft.VisualStudio.TestPlatform.CommandLine.Internal.ConsoleLogger., took 0 ms.
TpTrace Verbose: 0 : 24704, 12, 2023/01/09, 19:20:52.223, 12058712411419, vstest.console.dll, ParallelProxyExecutionManager: HandlePartialRunComplete: Total completed clients = 1, Run complete = True, Run canceled: False.
TpTrace Verbose: 0 : 24704, 4, 2023/01/09, 19:20:52.232, 12058712503062, vstest.console.dll, MulticastDelegateUtilities.SafeInvoke: InternalTestLoggerEvents.SendTestRunComplete: Invoking callback 1/2 for Microsoft.TestPlatform.Extensions.BlameDataCollector.BlameLogger., took 0 ms.
TpTrace Verbose: 0 : 24704, 4, 2023/01/09, 19:20:52.236, 12058712542165, vstest.console.dll, MulticastDelegateUtilities.SafeInvoke: InternalTestLoggerEvents.SendTestRunComplete: Invoking callback 2/2 for Microsoft.VisualStudio.TestPlatform.CommandLine.Internal.ConsoleLogger., took 3 ms.
TpTrace Verbose: 0 : 24704, 12, 2023/01/09, 19:20:52.236, 12058712544628, vstest.console.dll, TestRunRequest:TestRunComplete: Starting. IsAborted:False IsCanceled:False.
TpTrace Verbose: 0 : 24704, 12, 2023/01/09, 19:20:52.237, 12058712552667, vstest.console.dll, TestLoggerManager.HandleTestRunComplete: Ignoring as the object is disposed.
TpTrace Verbose: 0 : 24704, 12, 2023/01/09, 19:20:52.237, 12058712553977, vstest.console.dll, MulticastDelegateUtilities.SafeInvoke: TestRun.TestRunComplete: Invoking callback 1/2 for Microsoft.VisualStudio.TestPlatform.CommandLine.TestRunResultAggregator., took 0 ms.
TpTrace Verbose: 0 : 24704, 12, 2023/01/09, 19:20:52.237, 12058712554890, vstest.console.dll, MulticastDelegateUtilities.SafeInvoke: TestRun.TestRunComplete: Invoking callback 2/2 for Microsoft.VisualStudio.TestPlatform.CommandLine.Processors.RunTestsArgumentExecutor+TestRunRequestEventsRegistrar., took 0 ms.
TpTrace Information: 0 : 24704, 12, 2023/01/09, 19:20:52.237, 12058712555642, vstest.console.dll, TestRunRequest:TestRunComplete: Completed.
TpTrace Verbose: 0 : 24704, 12, 2023/01/09, 19:20:52.237, 12058712555933, vstest.console.dll, TestRequestSender.SetOperationComplete: Setting operation complete.
TpTrace Information: 0 : 24704, 12, 2023/01/09, 19:20:52.237, 12058712556116, vstest.console.dll, SocketServer.Stop: Stop server endPoint: 127.0.0.1:49165
TpTrace Information: 0 : 24704, 12, 2023/01/09, 19:20:52.237, 12058712556296, vstest.console.dll, SocketServer.Stop: Cancellation requested. Stopping message loop.
TpTrace Verbose: 0 : 24704, 1, 2023/01/09, 19:20:52.237, 12058712556429, vstest.console.dll, TestRunRequest.Dispose: Starting.
TpTrace Information: 0 : 24704, 1, 2023/01/09, 19:20:52.237, 12058712556893, vstest.console.dll, TestRunRequest.Dispose: Completed.
TpTrace Verbose: 0 : 24704, 12, 2023/01/09, 19:20:52.237, 12058712556493, vstest.console.dll, MulticastDelegateUtilities.SafeInvoke: LengthPrefixCommunicationChannel: MessageReceived: Invoking callback 1/1 for Microsoft.VisualStudio.TestPlatform.CommunicationUtilities.TestRequestSender+<>c__DisplayClass31_0., took 76 ms.
TpTrace Information: 0 : 24704, 12, 2023/01/09, 19:20:52.237, 12058712557534, vstest.console.dll, SocketServer.PrivateStop: Stopping server endPoint: 127.0.0.1:49165 error: 
TpTrace Information: 0 : 24704, 1, 2023/01/09, 19:20:52.237, 12058712557177, vstest.console.dll, TestRequestManager.RunTests: run tests completed.
TpTrace Information: 0 : 24704, 1, 2023/01/09, 19:20:52.238, 12058712558722, vstest.console.dll, RunTestsArgumentProcessor:Execute: Test run is completed.
TpTrace Verbose: 0 : 24704, 1, 2023/01/09, 19:20:52.238, 12058712559983, vstest.console.dll, Executor.Execute: Exiting with exit code of 0
TpTrace Verbose: 0 : 24704, 12, 2023/01/09, 19:20:52.238, 12058712560043, vstest.console.dll, LengthPrefixCommunicationChannel.Dispose: Dispose reader and writer.
TpTrace Information: 0 : 24704, 12, 2023/01/09, 19:20:52.238, 12058712560730, vstest.console.dll, SocketServer.Stop: Raise disconnected event endPoint: 127.0.0.1:49165 error: 
TpTrace Verbose: 0 : 24704, 12, 2023/01/09, 19:20:52.238, 12058712561373, vstest.console.dll, TestRequestSender: OnTestRunAbort: Operation is already complete. Skip error message.
TpTrace Verbose: 0 : 24704, 12, 2023/01/09, 19:20:52.238, 12058712561662, vstest.console.dll, MulticastDelegateUtilities.SafeInvoke: SocketServer: ClientDisconnected: Invoking callback 1/1 for Microsoft.VisualStudio.TestPlatform.CommunicationUtilities.TestRequestSender., took 0 ms.
TpTrace Verbose: 0 : 24704, 12, 2023/01/09, 19:20:52.238, 12058712561845, vstest.console.dll, TcpClientExtensions.MessageLoopAsync: exiting MessageLoopAsync remoteEndPoint: 127.0.0.1:49166 localEndPoint: 127.0.0.1:49165
