TpTrace Verbose: 0 : 11724, 1, 2023/01/09, 19:27:33.626, 12062726438642, vstest.console.dll, Version: 17.4.0-release-20221019-01 Current process architecture: X64
TpTrace Verbose: 0 : 11724, 1, 2023/01/09, 19:27:33.627, 12062726450262, vstest.console.dll, Runtime location: C:\Program Files\dotnet\shared\Microsoft.NETCore.App\7.0.1
TpTrace Verbose: 0 : 11724, 1, 2023/01/09, 19:27:33.629, 12062726470308, vstest.console.dll, ArtifactProcessingPostProcessModeProcessorExecutor.Initialize: ArtifactProcessingMode.Collect
TpTrace Verbose: 0 : 11724, 1, 2023/01/09, 19:27:33.629, 12062726471273, vstest.console.dll, TestSessionCorrelationIdProcessorModeProcessorExecutor.Initialize: TestSessionCorrelationId '8500_484960f6-c690-4e18-874f-2c9b02faff2f'
TpTrace Information: 0 : 11724, 1, 2023/01/09, 19:27:33.634, 12062726527552, vstest.console.dll, FilePatternParser: The given file F:\Projetos ASP.NET\Curso Testes\TestesDeSoftware\03 - Testes de Integracao\NerdStore.WebApp.Tests\bin\Debug\netcoreapp2.2\fine-code-coverage\build-output\NerdStore.WebApp.Tests.dll is a full path.
TpTrace Verbose: 0 : 11724, 1, 2023/01/09, 19:27:33.638, 12062726567262, vstest.console.dll, TestPluginCache.DiscoverTestExtensions: finding test extensions in assemblies ends with: RuntimeProvider.dll TPluginInfo: Microsoft.VisualStudio.TestPlatform.Common.ExtensionFramework.Utilities.TestRuntimePluginInformation TExtension: Microsoft.VisualStudio.TestPlatform.ObjectModel.Host.ITestRuntimeProvider
TpTrace Verbose: 0 : 11724, 1, 2023/01/09, 19:27:33.639, 12062726568653, vstest.console.dll, TestPluginCache.GetExtensionPaths: Filtered extension paths: 
TpTrace Verbose: 0 : 11724, 1, 2023/01/09, 19:27:33.639, 12062726569200, vstest.console.dll, TestPluginCache.GetExtensionPaths: Added default extension paths: C:\Program Files\dotnet\sdk\7.0.101\Extensions\Microsoft.Diagnostics.NETCore.Client.dll
C:\Program Files\dotnet\sdk\7.0.101\Extensions\Microsoft.TestPlatform.Extensions.BlameDataCollector.dll
C:\Program Files\dotnet\sdk\7.0.101\Extensions\Microsoft.TestPlatform.Extensions.EventLogCollector.dll
C:\Program Files\dotnet\sdk\7.0.101\Extensions\Microsoft.TestPlatform.TestHostRuntimeProvider.dll
C:\Program Files\dotnet\sdk\7.0.101\Extensions\Microsoft.VisualStudio.TestPlatform.Extensions.Html.TestLogger.dll
C:\Program Files\dotnet\sdk\7.0.101\Extensions\Microsoft.VisualStudio.TestPlatform.Extensions.Trx.TestLogger.dll
TpTrace Verbose: 0 : 11724, 1, 2023/01/09, 19:27:33.639, 12062726569477, vstest.console.dll, TestPluginCache.GetExtensionPaths: Added unfilterableExtensionPaths: 
TpTrace Information: 0 : 11724, 1, 2023/01/09, 19:27:33.639, 12062726574000, vstest.console.dll, AssemblyResolver.ctor: Creating AssemblyResolver with searchDirectories C:\Program Files\dotnet\sdk\7.0.101\Extensions,C:\Program Files\dotnet\sdk\7.0.101
TpTrace Verbose: 0 : 11724, 1, 2023/01/09, 19:27:33.640, 12062726584418, vstest.console.dll, TestPluginCache.DiscoverTestExtensions: Discovering the extensions using extension path.
TpTrace Verbose: 0 : 11724, 1, 2023/01/09, 19:27:33.640, 12062726585285, vstest.console.dll, TestPluginCache.GetExtensionPaths: Filtered extension paths: 
TpTrace Verbose: 0 : 11724, 1, 2023/01/09, 19:27:33.640, 12062726585573, vstest.console.dll, TestPluginCache.GetExtensionPaths: Added default extension paths: C:\Program Files\dotnet\sdk\7.0.101\Extensions\Microsoft.Diagnostics.NETCore.Client.dll
C:\Program Files\dotnet\sdk\7.0.101\Extensions\Microsoft.TestPlatform.Extensions.BlameDataCollector.dll
C:\Program Files\dotnet\sdk\7.0.101\Extensions\Microsoft.TestPlatform.Extensions.EventLogCollector.dll
C:\Program Files\dotnet\sdk\7.0.101\Extensions\Microsoft.TestPlatform.TestHostRuntimeProvider.dll
C:\Program Files\dotnet\sdk\7.0.101\Extensions\Microsoft.VisualStudio.TestPlatform.Extensions.Html.TestLogger.dll
C:\Program Files\dotnet\sdk\7.0.101\Extensions\Microsoft.VisualStudio.TestPlatform.Extensions.Trx.TestLogger.dll
TpTrace Verbose: 0 : 11724, 1, 2023/01/09, 19:27:33.640, 12062726585770, vstest.console.dll, TestPluginCache.GetExtensionPaths: Added unfilterableExtensionPaths: 
TpTrace Verbose: 0 : 11724, 1, 2023/01/09, 19:27:33.640, 12062726586743, vstest.console.dll, TestPluginCache.DiscoverTestExtensions: Discovering the extensions using allExtensionPaths: C:\Program Files\dotnet\sdk\7.0.101\Extensions\Microsoft.Diagnostics.NETCore.Client.dll
C:\Program Files\dotnet\sdk\7.0.101\Extensions\Microsoft.TestPlatform.Extensions.BlameDataCollector.dll
C:\Program Files\dotnet\sdk\7.0.101\Extensions\Microsoft.TestPlatform.Extensions.EventLogCollector.dll
C:\Program Files\dotnet\sdk\7.0.101\Extensions\Microsoft.TestPlatform.TestHostRuntimeProvider.dll
C:\Program Files\dotnet\sdk\7.0.101\Extensions\Microsoft.VisualStudio.TestPlatform.Extensions.Html.TestLogger.dll
C:\Program Files\dotnet\sdk\7.0.101\Extensions\Microsoft.VisualStudio.TestPlatform.Extensions.Trx.TestLogger.dll
TpTrace Information: 0 : 11724, 1, 2023/01/09, 19:27:33.640, 12062726587440, vstest.console.dll, AssemblyResolver.AddSearchDirectories: Adding more searchDirectories C:\Program Files\dotnet\sdk\7.0.101\Extensions,C:\Program Files\dotnet\sdk\7.0.101
TpTrace Information: 0 : 11724, 1, 2023/01/09, 19:27:33.640, 12062726587768, vstest.console.dll, AssemblyResolver.AddSearchDirectories: Adding more searchDirectories C:\Program Files\dotnet\sdk\7.0.101\Extensions,C:\Program Files\dotnet\sdk\7.0.101
TpTrace Information: 0 : 11724, 1, 2023/01/09, 19:27:33.640, 12062726587979, vstest.console.dll, AssemblyResolver.AddSearchDirectories: Adding more searchDirectories C:\Program Files\dotnet\sdk\7.0.101\Extensions,C:\Program Files\dotnet\sdk\7.0.101
TpTrace Information: 0 : 11724, 1, 2023/01/09, 19:27:33.640, 12062726588164, vstest.console.dll, AssemblyResolver.AddSearchDirectories: Adding more searchDirectories C:\Program Files\dotnet\sdk\7.0.101\Extensions,C:\Program Files\dotnet\sdk\7.0.101
TpTrace Information: 0 : 11724, 1, 2023/01/09, 19:27:33.640, 12062726588369, vstest.console.dll, AssemblyResolver.AddSearchDirectories: Adding more searchDirectories C:\Program Files\dotnet\sdk\7.0.101\Extensions,C:\Program Files\dotnet\sdk\7.0.101
TpTrace Information: 0 : 11724, 1, 2023/01/09, 19:27:33.640, 12062726588546, vstest.console.dll, AssemblyResolver.AddSearchDirectories: Adding more searchDirectories C:\Program Files\dotnet\sdk\7.0.101\Extensions,C:\Program Files\dotnet\sdk\7.0.101
TpTrace Information: 0 : 11724, 1, 2023/01/09, 19:27:33.641, 12062726591307, vstest.console.dll, AssemblyResolver.OnResolve: Microsoft.Diagnostics.NETCore.Client: Resolving assembly.
TpTrace Information: 0 : 11724, 1, 2023/01/09, 19:27:33.641, 12062726591752, vstest.console.dll, AssemblyResolver.OnResolve: Microsoft.Diagnostics.NETCore.Client: Searching in: 'C:\Program Files\dotnet\sdk\7.0.101\Extensions'.
TpTrace Information: 0 : 11724, 1, 2023/01/09, 19:27:33.646, 12062726647798, vstest.console.dll, AssemblyResolver.OnResolve: Microsoft.Diagnostics.NETCore.Client: Loading assembly 'C:\Program Files\dotnet\sdk\7.0.101\Extensions\Microsoft.Diagnostics.NETCore.Client.dll'.
TpTrace Information: 0 : 11724, 1, 2023/01/09, 19:27:33.647, 12062726652618, vstest.console.dll, AssemblyResolver.OnResolve: Resolved assembly: Microsoft.Diagnostics.NETCore.Client, from path: C:\Program Files\dotnet\sdk\7.0.101\Extensions\Microsoft.Diagnostics.NETCore.Client.dll
TpTrace Verbose: 0 : 11724, 1, 2023/01/09, 19:27:33.648, 12062726660879, vstest.console.dll, MetadataReaderExtensionsHelper: Discovering extensions inside assembly 'Microsoft.Diagnostics.NETCore.Client, Version=0.2.6.42401, Culture=neutral, PublicKeyToken=31bf3856ad364e35' file path 'C:\Program Files\dotnet\sdk\7.0.101\Extensions\Microsoft.Diagnostics.NETCore.Client.dll'
TpTrace Information: 0 : 11724, 1, 2023/01/09, 19:27:33.651, 12062726697983, vstest.console.dll, AssemblyResolver.OnResolve: Microsoft.Bcl.AsyncInterfaces: Resolving assembly.
TpTrace Information: 0 : 11724, 1, 2023/01/09, 19:27:33.652, 12062726698663, vstest.console.dll, AssemblyResolver.OnResolve: Microsoft.Bcl.AsyncInterfaces: Searching in: 'C:\Program Files\dotnet\sdk\7.0.101\Extensions'.
TpTrace Information: 0 : 11724, 1, 2023/01/09, 19:27:33.652, 12062726699360, vstest.console.dll, AssemblyResolver.OnResolve: Microsoft.Bcl.AsyncInterfaces: Assembly path does not exist: 'C:\Program Files\dotnet\sdk\7.0.101\Extensions\Microsoft.Bcl.AsyncInterfaces.dll', returning.
TpTrace Information: 0 : 11724, 1, 2023/01/09, 19:27:33.652, 12062726700296, vstest.console.dll, AssemblyResolver.OnResolve: Microsoft.Bcl.AsyncInterfaces: Assembly path does not exist: 'C:\Program Files\dotnet\sdk\7.0.101\Extensions\Microsoft.Bcl.AsyncInterfaces.exe', returning.
TpTrace Information: 0 : 11724, 1, 2023/01/09, 19:27:33.652, 12062726700547, vstest.console.dll, AssemblyResolver.OnResolve: Microsoft.Bcl.AsyncInterfaces: Searching in: 'C:\Program Files\dotnet\sdk\7.0.101'.
TpTrace Information: 0 : 11724, 1, 2023/01/09, 19:27:33.652, 12062726701007, vstest.console.dll, AssemblyResolver.OnResolve: Microsoft.Bcl.AsyncInterfaces: Assembly path does not exist: 'C:\Program Files\dotnet\sdk\7.0.101\Microsoft.Bcl.AsyncInterfaces.dll', returning.
TpTrace Information: 0 : 11724, 1, 2023/01/09, 19:27:33.652, 12062726701436, vstest.console.dll, AssemblyResolver.OnResolve: Microsoft.Bcl.AsyncInterfaces: Assembly path does not exist: 'C:\Program Files\dotnet\sdk\7.0.101\Microsoft.Bcl.AsyncInterfaces.exe', returning.
TpTrace Information: 0 : 11724, 1, 2023/01/09, 19:27:33.652, 12062726701664, vstest.console.dll, AssemblyResolver.OnResolve: Microsoft.Bcl.AsyncInterfaces: Failed to load assembly.
TpTrace Verbose: 0 : 11724, 1, 2023/01/09, 19:27:33.652, 12062726701906, vstest.console.dll, CurrentDomainAssemblyResolve: Resolving assembly 'Microsoft.Bcl.AsyncInterfaces'.
TpTrace Information: 0 : 11724, 1, 2023/01/09, 19:27:33.652, 12062726702333, vstest.console.dll, AssemblyResolver.OnResolve: Microsoft.Bcl.AsyncInterfaces: Resolving assembly.
TpTrace Information: 0 : 11724, 1, 2023/01/09, 19:27:33.652, 12062726702611, vstest.console.dll, AssemblyResolver.OnResolve: Microsoft.Bcl.AsyncInterfaces: Resolved from cache.
TpTrace Verbose: 0 : 11724, 1, 2023/01/09, 19:27:33.652, 12062726702790, vstest.console.dll, CurrentDomainAssemblyResolve: Resolving assembly 'Microsoft.Bcl.AsyncInterfaces'.
TpTrace Verbose: 0 : 11724, 1, 2023/01/09, 19:27:33.652, 12062726703020, vstest.console.dll, CurrentDomainAssemblyResolve: Failed to resolve assembly 'Microsoft.Bcl.AsyncInterfaces'.
TpTrace Verbose: 0 : 11724, 1, 2023/01/09, 19:27:33.653, 12062726709981, vstest.console.dll, CurrentDomainAssemblyResolve: Failed to resolve assembly 'Microsoft.Bcl.AsyncInterfaces'.
TpTrace Warning: 0 : 11724, 1, 2023/01/09, 19:27:33.658, 12062726758985, vstest.console.dll, TestPluginDiscoverer: Failed to get types from assembly 'Microsoft.Diagnostics.NETCore.Client, Version=0.2.6.42401, Culture=neutral, PublicKeyToken=31bf3856ad364e35'. Error: System.Reflection.ReflectionTypeLoadException: Unable to load one or more of the requested types.
Could not load file or assembly 'Microsoft.Bcl.AsyncInterfaces, Version=1.0.0.0, Culture=neutral, PublicKeyToken=cc7b13ffcd2ddd51'. O sistema não pode encontrar o arquivo especificado.
   at System.Reflection.RuntimeModule.GetTypes(RuntimeModule module)
   at System.Reflection.Assembly.GetTypes()
   at Microsoft.VisualStudio.TestPlatform.Common.ExtensionFramework.TestPluginDiscoverer.GetTestExtensionsFromAssembly[TPluginInfo,TExtension](Assembly assembly, Dictionary`2 pluginInfos, String filePath)
System.IO.FileNotFoundException: Could not load file or assembly 'Microsoft.Bcl.AsyncInterfaces, Version=1.0.0.0, Culture=neutral, PublicKeyToken=cc7b13ffcd2ddd51'. O sistema não pode encontrar o arquivo especificado.
File name: 'Microsoft.Bcl.AsyncInterfaces, Version=1.0.0.0, Culture=neutral, PublicKeyToken=cc7b13ffcd2ddd51'
 ---> System.IO.FileNotFoundException: Could not load file or assembly 'Microsoft.Bcl.AsyncInterfaces, Culture=neutral, PublicKeyToken=null'. O sistema não pode encontrar o arquivo especificado.
File name: 'Microsoft.Bcl.AsyncInterfaces, Culture=neutral, PublicKeyToken=null'
   at System.Reflection.RuntimeAssembly.InternalLoad(AssemblyName assemblyName, StackCrawlMark& stackMark, AssemblyLoadContext assemblyLoadContext, RuntimeAssembly requestingAssembly, Boolean throwOnFileNotFound)
   at System.Reflection.Assembly.Load(AssemblyName assemblyRef)
   at Microsoft.VisualStudio.TestPlatform.Common.ExtensionFramework.TestPluginCache.CurrentDomainAssemblyResolve(Object sender, AssemblyResolveEventArgs args)
   at System.Runtime.Loader.AssemblyLoadContext.GetFirstResolvedAssemblyFromResolvingEvent(AssemblyName assemblyName)
   at System.Runtime.Loader.AssemblyLoadContext.ResolveUsingEvent(AssemblyName assemblyName)
   at System.Runtime.Loader.AssemblyLoadContext.ResolveUsingResolvingEvent(IntPtr gchManagedAssemblyLoadContext, AssemblyName assemblyName)
TpTrace Warning: 0 : 11724, 1, 2023/01/09, 19:27:33.658, 12062726761642, vstest.console.dll, LoaderExceptions: System.IO.FileNotFoundException: Could not load file or assembly 'Microsoft.Bcl.AsyncInterfaces, Version=1.0.0.0, Culture=neutral, PublicKeyToken=cc7b13ffcd2ddd51'. O sistema não pode encontrar o arquivo especificado.
File name: 'Microsoft.Bcl.AsyncInterfaces, Version=1.0.0.0, Culture=neutral, PublicKeyToken=cc7b13ffcd2ddd51'
 ---> System.IO.FileNotFoundException: Could not load file or assembly 'Microsoft.Bcl.AsyncInterfaces, Culture=neutral, PublicKeyToken=null'. O sistema não pode encontrar o arquivo especificado.
File name: 'Microsoft.Bcl.AsyncInterfaces, Culture=neutral, PublicKeyToken=null'
   at System.Reflection.RuntimeAssembly.InternalLoad(AssemblyName assemblyName, StackCrawlMark& stackMark, AssemblyLoadContext assemblyLoadContext, RuntimeAssembly requestingAssembly, Boolean throwOnFileNotFound)
   at System.Reflection.Assembly.Load(AssemblyName assemblyRef)
   at Microsoft.VisualStudio.TestPlatform.Common.ExtensionFramework.TestPluginCache.CurrentDomainAssemblyResolve(Object sender, AssemblyResolveEventArgs args)
   at System.Runtime.Loader.AssemblyLoadContext.GetFirstResolvedAssemblyFromResolvingEvent(AssemblyName assemblyName)
   at System.Runtime.Loader.AssemblyLoadContext.ResolveUsingEvent(AssemblyName assemblyName)
   at System.Runtime.Loader.AssemblyLoadContext.ResolveUsingResolvingEvent(IntPtr gchManagedAssemblyLoadContext, AssemblyName assemblyName)
TpTrace Information: 0 : 11724, 1, 2023/01/09, 19:27:33.658, 12062726762875, vstest.console.dll, AssemblyResolver.OnResolve: Microsoft.TestPlatform.Extensions.BlameDataCollector: Resolving assembly.
TpTrace Information: 0 : 11724, 1, 2023/01/09, 19:27:33.658, 12062726763172, vstest.console.dll, AssemblyResolver.OnResolve: Microsoft.TestPlatform.Extensions.BlameDataCollector: Searching in: 'C:\Program Files\dotnet\sdk\7.0.101\Extensions'.
TpTrace Information: 0 : 11724, 1, 2023/01/09, 19:27:33.658, 12062726766742, vstest.console.dll, AssemblyResolver.OnResolve: Microsoft.TestPlatform.Extensions.BlameDataCollector: Loading assembly 'C:\Program Files\dotnet\sdk\7.0.101\Extensions\Microsoft.TestPlatform.Extensions.BlameDataCollector.dll'.
TpTrace Information: 0 : 11724, 1, 2023/01/09, 19:27:33.659, 12062726770365, vstest.console.dll, AssemblyResolver.OnResolve: Resolved assembly: Microsoft.TestPlatform.Extensions.BlameDataCollector, from path: C:\Program Files\dotnet\sdk\7.0.101\Extensions\Microsoft.TestPlatform.Extensions.BlameDataCollector.dll
TpTrace Verbose: 0 : 11724, 1, 2023/01/09, 19:27:33.659, 12062726770938, vstest.console.dll, MetadataReaderExtensionsHelper: Discovering extensions inside assembly 'Microsoft.TestPlatform.Extensions.BlameDataCollector, Version=15.0.0.0, Culture=neutral, PublicKeyToken=b03f5f7f11d50a3a' file path 'C:\Program Files\dotnet\sdk\7.0.101\Extensions\Microsoft.TestPlatform.Extensions.BlameDataCollector.dll'
TpTrace Information: 0 : 11724, 1, 2023/01/09, 19:27:33.660, 12062726782721, vstest.console.dll, AssemblyResolver.OnResolve: Microsoft.TestPlatform.Extensions.EventLogCollector: Resolving assembly.
TpTrace Information: 0 : 11724, 1, 2023/01/09, 19:27:33.660, 12062726783293, vstest.console.dll, AssemblyResolver.OnResolve: Microsoft.TestPlatform.Extensions.EventLogCollector: Searching in: 'C:\Program Files\dotnet\sdk\7.0.101\Extensions'.
TpTrace Information: 0 : 11724, 1, 2023/01/09, 19:27:33.660, 12062726786861, vstest.console.dll, AssemblyResolver.OnResolve: Microsoft.TestPlatform.Extensions.EventLogCollector: Loading assembly 'C:\Program Files\dotnet\sdk\7.0.101\Extensions\Microsoft.TestPlatform.Extensions.EventLogCollector.dll'.
TpTrace Information: 0 : 11724, 1, 2023/01/09, 19:27:33.661, 12062726790049, vstest.console.dll, AssemblyResolver.OnResolve: Resolved assembly: Microsoft.TestPlatform.Extensions.EventLogCollector, from path: C:\Program Files\dotnet\sdk\7.0.101\Extensions\Microsoft.TestPlatform.Extensions.EventLogCollector.dll
TpTrace Verbose: 0 : 11724, 1, 2023/01/09, 19:27:33.661, 12062726790570, vstest.console.dll, MetadataReaderExtensionsHelper: Discovering extensions inside assembly 'Microsoft.TestPlatform.Extensions.EventLogCollector, Version=15.0.0.0, Culture=neutral, PublicKeyToken=b03f5f7f11d50a3a' file path 'C:\Program Files\dotnet\sdk\7.0.101\Extensions\Microsoft.TestPlatform.Extensions.EventLogCollector.dll'
TpTrace Information: 0 : 11724, 1, 2023/01/09, 19:27:33.662, 12062726807110, vstest.console.dll, AssemblyResolver.OnResolve: Microsoft.TestPlatform.TestHostRuntimeProvider: Resolving assembly.
TpTrace Information: 0 : 11724, 1, 2023/01/09, 19:27:33.662, 12062726807619, vstest.console.dll, AssemblyResolver.OnResolve: Microsoft.TestPlatform.TestHostRuntimeProvider: Searching in: 'C:\Program Files\dotnet\sdk\7.0.101\Extensions'.
TpTrace Information: 0 : 11724, 1, 2023/01/09, 19:27:33.663, 12062726810559, vstest.console.dll, AssemblyResolver.OnResolve: Microsoft.TestPlatform.TestHostRuntimeProvider: Loading assembly 'C:\Program Files\dotnet\sdk\7.0.101\Extensions\Microsoft.TestPlatform.TestHostRuntimeProvider.dll'.
TpTrace Information: 0 : 11724, 1, 2023/01/09, 19:27:33.663, 12062726813681, vstest.console.dll, AssemblyResolver.OnResolve: Resolved assembly: Microsoft.TestPlatform.TestHostRuntimeProvider, from path: C:\Program Files\dotnet\sdk\7.0.101\Extensions\Microsoft.TestPlatform.TestHostRuntimeProvider.dll
TpTrace Verbose: 0 : 11724, 1, 2023/01/09, 19:27:33.663, 12062726814199, vstest.console.dll, MetadataReaderExtensionsHelper: Discovering extensions inside assembly 'Microsoft.TestPlatform.TestHostRuntimeProvider, Version=15.0.0.0, Culture=neutral, PublicKeyToken=b03f5f7f11d50a3a' file path 'C:\Program Files\dotnet\sdk\7.0.101\Extensions\Microsoft.TestPlatform.TestHostRuntimeProvider.dll'
TpTrace Information: 0 : 11724, 1, 2023/01/09, 19:27:33.664, 12062726827438, vstest.console.dll, GetTestExtensionFromType: Register extension with identifier data 'HostProvider://DefaultTestHost' and type 'Microsoft.VisualStudio.TestPlatform.CrossPlatEngine.Hosting.DefaultTestHostManager, Microsoft.TestPlatform.TestHostRuntimeProvider, Version=15.0.0.0, Culture=neutral, PublicKeyToken=b03f5f7f11d50a3a' inside file 'C:\Program Files\dotnet\sdk\7.0.101\Extensions\Microsoft.TestPlatform.TestHostRuntimeProvider.dll'
TpTrace Information: 0 : 11724, 1, 2023/01/09, 19:27:33.665, 12062726829103, vstest.console.dll, GetTestExtensionFromType: Register extension with identifier data 'HostProvider://DotnetTestHost' and type 'Microsoft.VisualStudio.TestPlatform.CrossPlatEngine.Hosting.DotnetTestHostManager, Microsoft.TestPlatform.TestHostRuntimeProvider, Version=15.0.0.0, Culture=neutral, PublicKeyToken=b03f5f7f11d50a3a' inside file 'C:\Program Files\dotnet\sdk\7.0.101\Extensions\Microsoft.TestPlatform.TestHostRuntimeProvider.dll'
TpTrace Information: 0 : 11724, 1, 2023/01/09, 19:27:33.665, 12062726829673, vstest.console.dll, AssemblyResolver.OnResolve: Microsoft.VisualStudio.TestPlatform.Extensions.Html.TestLogger: Resolving assembly.
TpTrace Information: 0 : 11724, 1, 2023/01/09, 19:27:33.665, 12062726829943, vstest.console.dll, AssemblyResolver.OnResolve: Microsoft.VisualStudio.TestPlatform.Extensions.Html.TestLogger: Searching in: 'C:\Program Files\dotnet\sdk\7.0.101\Extensions'.
TpTrace Information: 0 : 11724, 1, 2023/01/09, 19:27:33.665, 12062726832797, vstest.console.dll, AssemblyResolver.OnResolve: Microsoft.VisualStudio.TestPlatform.Extensions.Html.TestLogger: Loading assembly 'C:\Program Files\dotnet\sdk\7.0.101\Extensions\Microsoft.VisualStudio.TestPlatform.Extensions.Html.TestLogger.dll'.
TpTrace Information: 0 : 11724, 1, 2023/01/09, 19:27:33.665, 12062726835986, vstest.console.dll, AssemblyResolver.OnResolve: Resolved assembly: Microsoft.VisualStudio.TestPlatform.Extensions.Html.TestLogger, from path: C:\Program Files\dotnet\sdk\7.0.101\Extensions\Microsoft.VisualStudio.TestPlatform.Extensions.Html.TestLogger.dll
TpTrace Verbose: 0 : 11724, 1, 2023/01/09, 19:27:33.665, 12062726836518, vstest.console.dll, MetadataReaderExtensionsHelper: Discovering extensions inside assembly 'Microsoft.VisualStudio.TestPlatform.Extensions.Html.TestLogger, Version=15.0.0.0, Culture=neutral, PublicKeyToken=b03f5f7f11d50a3a' file path 'C:\Program Files\dotnet\sdk\7.0.101\Extensions\Microsoft.VisualStudio.TestPlatform.Extensions.Html.TestLogger.dll'
TpTrace Information: 0 : 11724, 1, 2023/01/09, 19:27:33.666, 12062726844841, vstest.console.dll, AssemblyResolver.OnResolve: Microsoft.VisualStudio.TestPlatform.Extensions.Trx.TestLogger: Resolving assembly.
TpTrace Information: 0 : 11724, 1, 2023/01/09, 19:27:33.666, 12062726845563, vstest.console.dll, AssemblyResolver.OnResolve: Microsoft.VisualStudio.TestPlatform.Extensions.Trx.TestLogger: Searching in: 'C:\Program Files\dotnet\sdk\7.0.101\Extensions'.
TpTrace Information: 0 : 11724, 1, 2023/01/09, 19:27:33.667, 12062726850273, vstest.console.dll, AssemblyResolver.OnResolve: Microsoft.VisualStudio.TestPlatform.Extensions.Trx.TestLogger: Loading assembly 'C:\Program Files\dotnet\sdk\7.0.101\Extensions\Microsoft.VisualStudio.TestPlatform.Extensions.Trx.TestLogger.dll'.
TpTrace Information: 0 : 11724, 1, 2023/01/09, 19:27:33.667, 12062726856667, vstest.console.dll, AssemblyResolver.OnResolve: Resolved assembly: Microsoft.VisualStudio.TestPlatform.Extensions.Trx.TestLogger, from path: C:\Program Files\dotnet\sdk\7.0.101\Extensions\Microsoft.VisualStudio.TestPlatform.Extensions.Trx.TestLogger.dll
TpTrace Verbose: 0 : 11724, 1, 2023/01/09, 19:27:33.667, 12062726857523, vstest.console.dll, MetadataReaderExtensionsHelper: Discovering extensions inside assembly 'Microsoft.VisualStudio.TestPlatform.Extensions.Trx.TestLogger, Version=15.0.0.0, Culture=neutral, PublicKeyToken=b03f5f7f11d50a3a' file path 'C:\Program Files\dotnet\sdk\7.0.101\Extensions\Microsoft.VisualStudio.TestPlatform.Extensions.Trx.TestLogger.dll'
TpTrace Verbose: 0 : 11724, 1, 2023/01/09, 19:27:33.668, 12062726866907, vstest.console.dll, TestPluginCache: Discovered the extensions using extension path ''.
TpTrace Verbose: 0 : 11724, 1, 2023/01/09, 19:27:33.668, 12062726867412, vstest.console.dll, TestPluginCache: Discoverers are ''.
TpTrace Verbose: 0 : 11724, 1, 2023/01/09, 19:27:33.668, 12062726867644, vstest.console.dll, TestPluginCache: Executors are ''.
TpTrace Verbose: 0 : 11724, 1, 2023/01/09, 19:27:33.668, 12062726867804, vstest.console.dll, TestPluginCache: Executors2 are ''.
TpTrace Verbose: 0 : 11724, 1, 2023/01/09, 19:27:33.668, 12062726867953, vstest.console.dll, TestPluginCache: Setting providers are ''.
TpTrace Verbose: 0 : 11724, 1, 2023/01/09, 19:27:33.668, 12062726868101, vstest.console.dll, TestPluginCache: Loggers are ''.
TpTrace Verbose: 0 : 11724, 1, 2023/01/09, 19:27:33.669, 12062726868935, vstest.console.dll, TestPluginCache: TestHosts are 'HostProvider://DefaultTestHost,HostProvider://DotnetTestHost'.
TpTrace Verbose: 0 : 11724, 1, 2023/01/09, 19:27:33.669, 12062726869180, vstest.console.dll, TestPluginCache: DataCollectors are ''.
TpTrace Information: 0 : 11724, 1, 2023/01/09, 19:27:33.676, 12062726941447, vstest.console.dll, RunTestsArgumentProcessor:Execute: Test run is starting.
TpTrace Verbose: 0 : 11724, 1, 2023/01/09, 19:27:33.676, 12062726942048, vstest.console.dll, RunTestsArgumentProcessor:Execute: Queuing Test run.
TpTrace Information: 0 : 11724, 1, 2023/01/09, 19:27:33.676, 12062726943564, vstest.console.dll, TestRequestManager.RunTests: run tests started.
TpTrace Information: 0 : 11724, 1, 2023/01/09, 19:27:33.677, 12062726951363, vstest.console.dll, AssemblyMetadataProvider.GetFrameworkName: Determined framework:'.NETCoreApp,Version=v2.2' for source: 'F:\Projetos ASP.NET\Curso Testes\TestesDeSoftware\03 - Testes de Integracao\NerdStore.WebApp.Tests\bin\Debug\netcoreapp2.2\fine-code-coverage\build-output\NerdStore.WebApp.Tests.dll'
TpTrace Information: 0 : 11724, 1, 2023/01/09, 19:27:33.677, 12062726952392, vstest.console.dll, Determined framework for all sources: .NETCoreApp,Version=v2.2
TpTrace Verbose: 0 : 11724, 1, 2023/01/09, 19:27:33.677, 12062726954925, vstest.console.dll, TestRequestManager.UpdateRunSettingsIfRequired: Default architecture: X64 IsDefaultTargetArchitecture: True, Current process architecture: X64 OperatingSystem: Windows.
TpTrace Information: 0 : 11724, 1, 2023/01/09, 19:27:33.678, 12062726967259, vstest.console.dll, AssemblyMetadataProvider.GetArchitecture: Determined architecture:AnyCPU info for assembly: F:\Projetos ASP.NET\Curso Testes\TestesDeSoftware\03 - Testes de Integracao\NerdStore.WebApp.Tests\bin\Debug\netcoreapp2.2\fine-code-coverage\build-output\NerdStore.WebApp.Tests.dll
TpTrace Information: 0 : 11724, 1, 2023/01/09, 19:27:33.678, 12062726967622, vstest.console.dll, Determined platform for source 'F:\Projetos ASP.NET\Curso Testes\TestesDeSoftware\03 - Testes de Integracao\NerdStore.WebApp.Tests\bin\Debug\netcoreapp2.2\fine-code-coverage\build-output\NerdStore.WebApp.Tests.dll' was AnyCPU and it will use the default plaform X64.
TpTrace Information: 0 : 11724, 1, 2023/01/09, 19:27:33.678, 12062726967821, vstest.console.dll, None of the sources provided any runnable platform, using the default platform: X64
TpTrace Information: 0 : 11724, 1, 2023/01/09, 19:27:33.678, 12062726968357, vstest.console.dll, Platform was updated to 'X64'.
TpTrace Information: 0 : 11724, 1, 2023/01/09, 19:27:33.681, 12062726991912, vstest.console.dll, InferRunSettingsHelper.IsTestSettingsEnabled: Unable to navigate to RunSettings/MSTest. Current node: RunSettings
TpTrace Information: 0 : 11724, 1, 2023/01/09, 19:27:33.681, 12062726996688, vstest.console.dll, AssemblyResolver.OnResolve: Microsoft.VisualStudio.TestPlatform.Fakes: Resolving assembly.
TpTrace Information: 0 : 11724, 1, 2023/01/09, 19:27:33.681, 12062726997070, vstest.console.dll, AssemblyResolver.OnResolve: Microsoft.VisualStudio.TestPlatform.Fakes: Searching in: 'C:\Program Files\dotnet\sdk\7.0.101\Extensions'.
TpTrace Information: 0 : 11724, 1, 2023/01/09, 19:27:33.681, 12062726997888, vstest.console.dll, AssemblyResolver.OnResolve: Microsoft.VisualStudio.TestPlatform.Fakes: Assembly path does not exist: 'C:\Program Files\dotnet\sdk\7.0.101\Extensions\Microsoft.VisualStudio.TestPlatform.Fakes.dll', returning.
TpTrace Information: 0 : 11724, 1, 2023/01/09, 19:27:33.681, 12062726998363, vstest.console.dll, AssemblyResolver.OnResolve: Microsoft.VisualStudio.TestPlatform.Fakes: Assembly path does not exist: 'C:\Program Files\dotnet\sdk\7.0.101\Extensions\Microsoft.VisualStudio.TestPlatform.Fakes.exe', returning.
TpTrace Information: 0 : 11724, 1, 2023/01/09, 19:27:33.682, 12062726998572, vstest.console.dll, AssemblyResolver.OnResolve: Microsoft.VisualStudio.TestPlatform.Fakes: Searching in: 'C:\Program Files\dotnet\sdk\7.0.101'.
TpTrace Information: 0 : 11724, 1, 2023/01/09, 19:27:33.682, 12062726999025, vstest.console.dll, AssemblyResolver.OnResolve: Microsoft.VisualStudio.TestPlatform.Fakes: Assembly path does not exist: 'C:\Program Files\dotnet\sdk\7.0.101\Microsoft.VisualStudio.TestPlatform.Fakes.dll', returning.
TpTrace Information: 0 : 11724, 1, 2023/01/09, 19:27:33.682, 12062726999574, vstest.console.dll, AssemblyResolver.OnResolve: Microsoft.VisualStudio.TestPlatform.Fakes: Assembly path does not exist: 'C:\Program Files\dotnet\sdk\7.0.101\Microsoft.VisualStudio.TestPlatform.Fakes.exe', returning.
TpTrace Information: 0 : 11724, 1, 2023/01/09, 19:27:33.682, 12062726999783, vstest.console.dll, AssemblyResolver.OnResolve: Microsoft.VisualStudio.TestPlatform.Fakes: Failed to load assembly.
TpTrace Information: 0 : 11724, 1, 2023/01/09, 19:27:33.682, 12062727001438, vstest.console.dll, Failed to load assembly Microsoft.VisualStudio.TestPlatform.Fakes, Version=17.0.0.0, Culture=neutral. Reason:System.IO.FileNotFoundException: Could not load file or assembly 'Microsoft.VisualStudio.TestPlatform.Fakes, Version=17.0.0.0, Culture=neutral, PublicKeyToken=null'. O sistema não pode encontrar o arquivo especificado.
File name: 'Microsoft.VisualStudio.TestPlatform.Fakes, Version=17.0.0.0, Culture=neutral, PublicKeyToken=null'
   at System.Reflection.RuntimeAssembly.InternalLoad(AssemblyName assemblyName, StackCrawlMark& stackMark, AssemblyLoadContext assemblyLoadContext, RuntimeAssembly requestingAssembly, Boolean throwOnFileNotFound)
   at System.Reflection.Assembly.Load(AssemblyName assemblyRef)
   at Microsoft.VisualStudio.TestPlatform.Common.Utilities.FakesUtilities.LoadTestPlatformAssembly()
TpTrace Verbose: 0 : 11724, 1, 2023/01/09, 19:27:33.684, 12062727028358, vstest.console.dll, TestPluginCache.DiscoverTestExtensions: finding test extensions in assemblies ends with: TestLogger.dll TPluginInfo: Microsoft.VisualStudio.TestPlatform.Common.ExtensionFramework.Utilities.TestLoggerPluginInformation TExtension: Microsoft.VisualStudio.TestPlatform.ObjectModel.Client.ITestLogger
TpTrace Verbose: 0 : 11724, 1, 2023/01/09, 19:27:33.685, 12062727029133, vstest.console.dll, TestPluginCache.GetExtensionPaths: Filtered extension paths: 
TpTrace Verbose: 0 : 11724, 1, 2023/01/09, 19:27:33.685, 12062727029969, vstest.console.dll, TestPluginCache.GetExtensionPaths: Added default extension paths: C:\Program Files\dotnet\sdk\7.0.101\Extensions\Microsoft.Diagnostics.NETCore.Client.dll
C:\Program Files\dotnet\sdk\7.0.101\Extensions\Microsoft.TestPlatform.Extensions.BlameDataCollector.dll
C:\Program Files\dotnet\sdk\7.0.101\Extensions\Microsoft.TestPlatform.Extensions.EventLogCollector.dll
C:\Program Files\dotnet\sdk\7.0.101\Extensions\Microsoft.TestPlatform.TestHostRuntimeProvider.dll
C:\Program Files\dotnet\sdk\7.0.101\Extensions\Microsoft.VisualStudio.TestPlatform.Extensions.Html.TestLogger.dll
C:\Program Files\dotnet\sdk\7.0.101\Extensions\Microsoft.VisualStudio.TestPlatform.Extensions.Trx.TestLogger.dll
TpTrace Verbose: 0 : 11724, 1, 2023/01/09, 19:27:33.685, 12062727030307, vstest.console.dll, TestPluginCache.GetExtensionPaths: Added unfilterableExtensionPaths: 
TpTrace Information: 0 : 11724, 1, 2023/01/09, 19:27:33.685, 12062727031437, vstest.console.dll, AssemblyResolver.AddSearchDirectories: Adding more searchDirectories C:\Program Files\dotnet\sdk\7.0.101\Extensions,C:\Program Files\dotnet\sdk\7.0.101
TpTrace Verbose: 0 : 11724, 1, 2023/01/09, 19:27:33.685, 12062727031777, vstest.console.dll, TestPluginCache.DiscoverTestExtensions: Discovering the extensions using extension path.
TpTrace Verbose: 0 : 11724, 1, 2023/01/09, 19:27:33.685, 12062727032072, vstest.console.dll, TestPluginCache.GetExtensionPaths: Filtered extension paths: 
TpTrace Verbose: 0 : 11724, 1, 2023/01/09, 19:27:33.685, 12062727032256, vstest.console.dll, TestPluginCache.GetExtensionPaths: Added default extension paths: C:\Program Files\dotnet\sdk\7.0.101\Extensions\Microsoft.Diagnostics.NETCore.Client.dll
C:\Program Files\dotnet\sdk\7.0.101\Extensions\Microsoft.TestPlatform.Extensions.BlameDataCollector.dll
C:\Program Files\dotnet\sdk\7.0.101\Extensions\Microsoft.TestPlatform.Extensions.EventLogCollector.dll
C:\Program Files\dotnet\sdk\7.0.101\Extensions\Microsoft.TestPlatform.TestHostRuntimeProvider.dll
C:\Program Files\dotnet\sdk\7.0.101\Extensions\Microsoft.VisualStudio.TestPlatform.Extensions.Html.TestLogger.dll
C:\Program Files\dotnet\sdk\7.0.101\Extensions\Microsoft.VisualStudio.TestPlatform.Extensions.Trx.TestLogger.dll
TpTrace Verbose: 0 : 11724, 1, 2023/01/09, 19:27:33.685, 12062727032456, vstest.console.dll, TestPluginCache.GetExtensionPaths: Added unfilterableExtensionPaths: 
TpTrace Verbose: 0 : 11724, 1, 2023/01/09, 19:27:33.685, 12062727032641, vstest.console.dll, TestPluginCache.DiscoverTestExtensions: Discovering the extensions using allExtensionPaths: C:\Program Files\dotnet\sdk\7.0.101\Extensions\Microsoft.Diagnostics.NETCore.Client.dll
C:\Program Files\dotnet\sdk\7.0.101\Extensions\Microsoft.TestPlatform.Extensions.BlameDataCollector.dll
C:\Program Files\dotnet\sdk\7.0.101\Extensions\Microsoft.TestPlatform.Extensions.EventLogCollector.dll
C:\Program Files\dotnet\sdk\7.0.101\Extensions\Microsoft.TestPlatform.TestHostRuntimeProvider.dll
C:\Program Files\dotnet\sdk\7.0.101\Extensions\Microsoft.VisualStudio.TestPlatform.Extensions.Html.TestLogger.dll
C:\Program Files\dotnet\sdk\7.0.101\Extensions\Microsoft.VisualStudio.TestPlatform.Extensions.Trx.TestLogger.dll
TpTrace Information: 0 : 11724, 1, 2023/01/09, 19:27:33.685, 12062727033546, vstest.console.dll, AssemblyResolver.AddSearchDirectories: Adding more searchDirectories C:\Program Files\dotnet\sdk\7.0.101\Extensions,C:\Program Files\dotnet\sdk\7.0.101
TpTrace Information: 0 : 11724, 1, 2023/01/09, 19:27:33.685, 12062727033841, vstest.console.dll, AssemblyResolver.AddSearchDirectories: Adding more searchDirectories C:\Program Files\dotnet\sdk\7.0.101\Extensions,C:\Program Files\dotnet\sdk\7.0.101
TpTrace Information: 0 : 11724, 1, 2023/01/09, 19:27:33.685, 12062727034034, vstest.console.dll, AssemblyResolver.AddSearchDirectories: Adding more searchDirectories C:\Program Files\dotnet\sdk\7.0.101\Extensions,C:\Program Files\dotnet\sdk\7.0.101
TpTrace Information: 0 : 11724, 1, 2023/01/09, 19:27:33.685, 12062727034228, vstest.console.dll, AssemblyResolver.AddSearchDirectories: Adding more searchDirectories C:\Program Files\dotnet\sdk\7.0.101\Extensions,C:\Program Files\dotnet\sdk\7.0.101
TpTrace Information: 0 : 11724, 1, 2023/01/09, 19:27:33.685, 12062727034411, vstest.console.dll, AssemblyResolver.AddSearchDirectories: Adding more searchDirectories C:\Program Files\dotnet\sdk\7.0.101\Extensions,C:\Program Files\dotnet\sdk\7.0.101
TpTrace Information: 0 : 11724, 1, 2023/01/09, 19:27:33.685, 12062727034588, vstest.console.dll, AssemblyResolver.AddSearchDirectories: Adding more searchDirectories C:\Program Files\dotnet\sdk\7.0.101\Extensions,C:\Program Files\dotnet\sdk\7.0.101
TpTrace Verbose: 0 : 11724, 1, 2023/01/09, 19:27:33.685, 12062727035371, vstest.console.dll, MetadataReaderExtensionsHelper: Discovering extensions inside assembly 'Microsoft.Diagnostics.NETCore.Client, Version=0.2.6.42401, Culture=neutral, PublicKeyToken=31bf3856ad364e35' file path 'C:\Program Files\dotnet\sdk\7.0.101\Extensions\Microsoft.Diagnostics.NETCore.Client.dll'
TpTrace Information: 0 : 11724, 1, 2023/01/09, 19:27:33.686, 12062727041687, vstest.console.dll, AssemblyResolver.OnResolve: Microsoft.Bcl.AsyncInterfaces: Resolving assembly.
TpTrace Information: 0 : 11724, 1, 2023/01/09, 19:27:33.686, 12062727042055, vstest.console.dll, AssemblyResolver.OnResolve: Microsoft.Bcl.AsyncInterfaces: Resolved from cache.
TpTrace Verbose: 0 : 11724, 1, 2023/01/09, 19:27:33.686, 12062727042251, vstest.console.dll, CurrentDomainAssemblyResolve: Resolving assembly 'Microsoft.Bcl.AsyncInterfaces'.
TpTrace Information: 0 : 11724, 1, 2023/01/09, 19:27:33.686, 12062727042543, vstest.console.dll, AssemblyResolver.OnResolve: Microsoft.Bcl.AsyncInterfaces: Resolving assembly.
TpTrace Information: 0 : 11724, 1, 2023/01/09, 19:27:33.686, 12062727042768, vstest.console.dll, AssemblyResolver.OnResolve: Microsoft.Bcl.AsyncInterfaces: Resolved from cache.
TpTrace Verbose: 0 : 11724, 1, 2023/01/09, 19:27:33.686, 12062727042934, vstest.console.dll, CurrentDomainAssemblyResolve: Resolving assembly 'Microsoft.Bcl.AsyncInterfaces'.
TpTrace Verbose: 0 : 11724, 1, 2023/01/09, 19:27:33.686, 12062727043090, vstest.console.dll, CurrentDomainAssemblyResolve: Failed to resolve assembly 'Microsoft.Bcl.AsyncInterfaces'.
TpTrace Verbose: 0 : 11724, 1, 2023/01/09, 19:27:33.686, 12062727044027, vstest.console.dll, CurrentDomainAssemblyResolve: Failed to resolve assembly 'Microsoft.Bcl.AsyncInterfaces'.
TpTrace Warning: 0 : 11724, 1, 2023/01/09, 19:27:33.686, 12062727046157, vstest.console.dll, TestPluginDiscoverer: Failed to get types from assembly 'Microsoft.Diagnostics.NETCore.Client, Version=0.2.6.42401, Culture=neutral, PublicKeyToken=31bf3856ad364e35'. Error: System.Reflection.ReflectionTypeLoadException: Unable to load one or more of the requested types.
Could not load file or assembly 'Microsoft.Bcl.AsyncInterfaces, Version=1.0.0.0, Culture=neutral, PublicKeyToken=cc7b13ffcd2ddd51'. O sistema não pode encontrar o arquivo especificado.
   at System.Reflection.RuntimeModule.GetTypes(RuntimeModule module)
   at System.Reflection.Assembly.GetTypes()
   at Microsoft.VisualStudio.TestPlatform.Common.ExtensionFramework.TestPluginDiscoverer.GetTestExtensionsFromAssembly[TPluginInfo,TExtension](Assembly assembly, Dictionary`2 pluginInfos, String filePath)
System.IO.FileNotFoundException: Could not load file or assembly 'Microsoft.Bcl.AsyncInterfaces, Version=1.0.0.0, Culture=neutral, PublicKeyToken=cc7b13ffcd2ddd51'. O sistema não pode encontrar o arquivo especificado.
File name: 'Microsoft.Bcl.AsyncInterfaces, Version=1.0.0.0, Culture=neutral, PublicKeyToken=cc7b13ffcd2ddd51'
 ---> System.IO.FileNotFoundException: Could not load file or assembly 'Microsoft.Bcl.AsyncInterfaces, Culture=neutral, PublicKeyToken=null'. O sistema não pode encontrar o arquivo especificado.
File name: 'Microsoft.Bcl.AsyncInterfaces, Culture=neutral, PublicKeyToken=null'
   at System.Reflection.RuntimeAssembly.InternalLoad(AssemblyName assemblyName, StackCrawlMark& stackMark, AssemblyLoadContext assemblyLoadContext, RuntimeAssembly requestingAssembly, Boolean throwOnFileNotFound)
   at System.Reflection.Assembly.Load(AssemblyName assemblyRef)
   at Microsoft.VisualStudio.TestPlatform.Common.ExtensionFramework.TestPluginCache.CurrentDomainAssemblyResolve(Object sender, AssemblyResolveEventArgs args)
   at System.Runtime.Loader.AssemblyLoadContext.GetFirstResolvedAssemblyFromResolvingEvent(AssemblyName assemblyName)
   at System.Runtime.Loader.AssemblyLoadContext.ResolveUsingEvent(AssemblyName assemblyName)
   at System.Runtime.Loader.AssemblyLoadContext.ResolveUsingResolvingEvent(IntPtr gchManagedAssemblyLoadContext, AssemblyName assemblyName)
TpTrace Warning: 0 : 11724, 1, 2023/01/09, 19:27:33.686, 12062727047177, vstest.console.dll, LoaderExceptions: System.IO.FileNotFoundException: Could not load file or assembly 'Microsoft.Bcl.AsyncInterfaces, Version=1.0.0.0, Culture=neutral, PublicKeyToken=cc7b13ffcd2ddd51'. O sistema não pode encontrar o arquivo especificado.
File name: 'Microsoft.Bcl.AsyncInterfaces, Version=1.0.0.0, Culture=neutral, PublicKeyToken=cc7b13ffcd2ddd51'
 ---> System.IO.FileNotFoundException: Could not load file or assembly 'Microsoft.Bcl.AsyncInterfaces, Culture=neutral, PublicKeyToken=null'. O sistema não pode encontrar o arquivo especificado.
File name: 'Microsoft.Bcl.AsyncInterfaces, Culture=neutral, PublicKeyToken=null'
   at System.Reflection.RuntimeAssembly.InternalLoad(AssemblyName assemblyName, StackCrawlMark& stackMark, AssemblyLoadContext assemblyLoadContext, RuntimeAssembly requestingAssembly, Boolean throwOnFileNotFound)
   at System.Reflection.Assembly.Load(AssemblyName assemblyRef)
   at Microsoft.VisualStudio.TestPlatform.Common.ExtensionFramework.TestPluginCache.CurrentDomainAssemblyResolve(Object sender, AssemblyResolveEventArgs args)
   at System.Runtime.Loader.AssemblyLoadContext.GetFirstResolvedAssemblyFromResolvingEvent(AssemblyName assemblyName)
   at System.Runtime.Loader.AssemblyLoadContext.ResolveUsingEvent(AssemblyName assemblyName)
   at System.Runtime.Loader.AssemblyLoadContext.ResolveUsingResolvingEvent(IntPtr gchManagedAssemblyLoadContext, AssemblyName assemblyName)
TpTrace Verbose: 0 : 11724, 1, 2023/01/09, 19:27:33.686, 12062727047806, vstest.console.dll, MetadataReaderExtensionsHelper: Discovering extensions inside assembly 'Microsoft.TestPlatform.Extensions.BlameDataCollector, Version=15.0.0.0, Culture=neutral, PublicKeyToken=b03f5f7f11d50a3a' file path 'C:\Program Files\dotnet\sdk\7.0.101\Extensions\Microsoft.TestPlatform.Extensions.BlameDataCollector.dll'
TpTrace Information: 0 : 11724, 1, 2023/01/09, 19:27:33.687, 12062727051870, vstest.console.dll, GetTestExtensionFromType: Register extension with identifier data 'logger://Microsoft/TestPlatform/Extensions/Blame/v1' and type 'Microsoft.TestPlatform.Extensions.BlameDataCollector.BlameLogger, Microsoft.TestPlatform.Extensions.BlameDataCollector, Version=15.0.0.0, Culture=neutral, PublicKeyToken=b03f5f7f11d50a3a' inside file 'C:\Program Files\dotnet\sdk\7.0.101\Extensions\Microsoft.TestPlatform.Extensions.BlameDataCollector.dll'
TpTrace Verbose: 0 : 11724, 1, 2023/01/09, 19:27:33.687, 12062727052324, vstest.console.dll, MetadataReaderExtensionsHelper: Discovering extensions inside assembly 'Microsoft.TestPlatform.Extensions.EventLogCollector, Version=15.0.0.0, Culture=neutral, PublicKeyToken=b03f5f7f11d50a3a' file path 'C:\Program Files\dotnet\sdk\7.0.101\Extensions\Microsoft.TestPlatform.Extensions.EventLogCollector.dll'
TpTrace Verbose: 0 : 11724, 1, 2023/01/09, 19:27:33.687, 12062727054835, vstest.console.dll, MetadataReaderExtensionsHelper: Discovering extensions inside assembly 'Microsoft.TestPlatform.TestHostRuntimeProvider, Version=15.0.0.0, Culture=neutral, PublicKeyToken=b03f5f7f11d50a3a' file path 'C:\Program Files\dotnet\sdk\7.0.101\Extensions\Microsoft.TestPlatform.TestHostRuntimeProvider.dll'
TpTrace Verbose: 0 : 11724, 1, 2023/01/09, 19:27:33.687, 12062727057547, vstest.console.dll, MetadataReaderExtensionsHelper: Discovering extensions inside assembly 'Microsoft.VisualStudio.TestPlatform.Extensions.Html.TestLogger, Version=15.0.0.0, Culture=neutral, PublicKeyToken=b03f5f7f11d50a3a' file path 'C:\Program Files\dotnet\sdk\7.0.101\Extensions\Microsoft.VisualStudio.TestPlatform.Extensions.Html.TestLogger.dll'
TpTrace Information: 0 : 11724, 1, 2023/01/09, 19:27:33.688, 12062727061458, vstest.console.dll, GetTestExtensionFromType: Register extension with identifier data 'logger://Microsoft/TestPlatform/HtmlLogger/v1' and type 'Microsoft.VisualStudio.TestPlatform.Extensions.HtmlLogger.HtmlLogger, Microsoft.VisualStudio.TestPlatform.Extensions.Html.TestLogger, Version=15.0.0.0, Culture=neutral, PublicKeyToken=b03f5f7f11d50a3a' inside file 'C:\Program Files\dotnet\sdk\7.0.101\Extensions\Microsoft.VisualStudio.TestPlatform.Extensions.Html.TestLogger.dll'
TpTrace Verbose: 0 : 11724, 1, 2023/01/09, 19:27:33.688, 12062727061880, vstest.console.dll, MetadataReaderExtensionsHelper: Discovering extensions inside assembly 'Microsoft.VisualStudio.TestPlatform.Extensions.Trx.TestLogger, Version=15.0.0.0, Culture=neutral, PublicKeyToken=b03f5f7f11d50a3a' file path 'C:\Program Files\dotnet\sdk\7.0.101\Extensions\Microsoft.VisualStudio.TestPlatform.Extensions.Trx.TestLogger.dll'
TpTrace Information: 0 : 11724, 1, 2023/01/09, 19:27:33.688, 12062727065058, vstest.console.dll, GetTestExtensionFromType: Register extension with identifier data 'logger://Microsoft/TestPlatform/TrxLogger/v1' and type 'Microsoft.VisualStudio.TestPlatform.Extensions.TrxLogger.TrxLogger, Microsoft.VisualStudio.TestPlatform.Extensions.Trx.TestLogger, Version=15.0.0.0, Culture=neutral, PublicKeyToken=b03f5f7f11d50a3a' inside file 'C:\Program Files\dotnet\sdk\7.0.101\Extensions\Microsoft.VisualStudio.TestPlatform.Extensions.Trx.TestLogger.dll'
TpTrace Verbose: 0 : 11724, 1, 2023/01/09, 19:27:33.688, 12062727065685, vstest.console.dll, TestPluginCache: Discovered the extensions using extension path ''.
TpTrace Verbose: 0 : 11724, 1, 2023/01/09, 19:27:33.688, 12062727065952, vstest.console.dll, TestPluginCache: Discoverers are ''.
TpTrace Verbose: 0 : 11724, 1, 2023/01/09, 19:27:33.688, 12062727066117, vstest.console.dll, TestPluginCache: Executors are ''.
TpTrace Verbose: 0 : 11724, 1, 2023/01/09, 19:27:33.688, 12062727066264, vstest.console.dll, TestPluginCache: Executors2 are ''.
TpTrace Verbose: 0 : 11724, 1, 2023/01/09, 19:27:33.688, 12062727066407, vstest.console.dll, TestPluginCache: Setting providers are ''.
TpTrace Verbose: 0 : 11724, 1, 2023/01/09, 19:27:33.688, 12062727066812, vstest.console.dll, TestPluginCache: Loggers are 'logger://Microsoft/TestPlatform/Extensions/Blame/v1,logger://Microsoft/TestPlatform/HtmlLogger/v1,logger://Microsoft/TestPlatform/TrxLogger/v1'.
TpTrace Verbose: 0 : 11724, 1, 2023/01/09, 19:27:33.688, 12062727067123, vstest.console.dll, TestPluginCache: TestHosts are 'HostProvider://DefaultTestHost,HostProvider://DotnetTestHost'.
TpTrace Verbose: 0 : 11724, 1, 2023/01/09, 19:27:33.688, 12062727067344, vstest.console.dll, TestPluginCache: DataCollectors are ''.
TpTrace Information: 0 : 11724, 1, 2023/01/09, 19:27:33.689, 12062727072942, vstest.console.dll, TestPluginManager.CreateTestExtension: Attempting to load test extension: Microsoft.TestPlatform.Extensions.BlameDataCollector.BlameLogger
TpTrace Verbose: 0 : 11724, 1, 2023/01/09, 19:27:33.694, 12062727125056, vstest.console.dll, TestEngine: Initializing Parallel Execution as MaxCpuCount is set to: 1
TpTrace Information: 0 : 11724, 1, 2023/01/09, 19:27:33.695, 12062727136185, vstest.console.dll, TestPluginManager.CreateTestExtension: Attempting to load test extension: Microsoft.VisualStudio.TestPlatform.CrossPlatEngine.Hosting.DefaultTestHostManager
TpTrace Information: 0 : 11724, 1, 2023/01/09, 19:27:33.696, 12062727143370, vstest.console.dll, TestPluginManager.CreateTestExtension: Attempting to load test extension: Microsoft.VisualStudio.TestPlatform.CrossPlatEngine.Hosting.DotnetTestHostManager
TpTrace Information: 0 : 11724, 1, 2023/01/09, 19:27:33.696, 12062727147786, vstest.console.dll, InferRunSettingsHelper.IsTestSettingsEnabled: Unable to navigate to RunSettings/MSTest. Current node: RunSettings
TpTrace Verbose: 0 : 11724, 1, 2023/01/09, 19:27:33.699, 12062727178220, vstest.console.dll, TestEngine.GetExecutionManager: Chosen execution manager 'Microsoft.VisualStudio.TestPlatform.CrossPlatEngine.Client.Parallel.ParallelProxyExecutionManager, Microsoft.TestPlatform.CrossPlatEngine, Version=15.0.0.0, Culture=neutral, PublicKeyToken=b03f5f7f11d50a3a' ParallelLevel '1'.
TpTrace Verbose: 0 : 11724, 1, 2023/01/09, 19:27:33.700, 12062727180200, vstest.console.dll, TestRunRequest.ExecuteAsync: Creating test run request.
TpTrace Verbose: 0 : 11724, 1, 2023/01/09, 19:27:33.700, 12062727182087, vstest.console.dll, TestRunRequest.ExecuteAsync: Starting.
TpTrace Information: 0 : 11724, 1, 2023/01/09, 19:27:33.700, 12062727184910, vstest.console.dll, TestRunRequest.ExecuteAsync: Starting run with settings:TestRunCriteria:
   KeepAlive=False,FrequencyOfRunStatsChangeEvent=10,RunStatsChangeEventTimeout=00:00:01.5000000,TestCaseFilter=,TestExecutorLauncher=
   Settingsxml=<RunSettings>
  <RunConfiguration>
    <ResultsDirectory>F:\Projetos ASP.NET\Curso Testes\TestesDeSoftware\03 - Testes de Integracao\NerdStore.WebApp.Tests\bin\Debug\netcoreapp2.2\fine-code-coverage\coverage-tool-output</ResultsDirectory>
    <TargetPlatform>X64</TargetPlatform>
    <TargetFrameworkVersion>.NETCoreApp,Version=v2.2</TargetFrameworkVersion>
    <DesignMode>False</DesignMode>
    <CollectSourceInformation>False</CollectSourceInformation>
  </RunConfiguration>
  <LoggerRunSettings>
    <Loggers>
      <Logger friendlyName="blame" enabled="True" />
      <Logger friendlyName="Console" uri="logger://microsoft/TestPlatform/ConsoleLogger/v1" assemblyQualifiedName="Microsoft.VisualStudio.TestPlatform.CommandLine.Internal.ConsoleLogger, vstest.console, Version=15.0.0.0, Culture=neutral, PublicKeyToken=b03f5f7f11d50a3a" codeBase="C:\Program Files\dotnet\sdk\7.0.101\vstest.console.dll" enabled="True" />
    </Loggers>
  </LoggerRunSettings>
  <DataCollectionRunSettings>
    <DataCollectors>
      <DataCollector friendlyName="blame" enabled="True">
        <Configuration>
          <ResultsDirectory>F:\Projetos ASP.NET\Curso Testes\TestesDeSoftware\03 - Testes de Integracao\NerdStore.WebApp.Tests\bin\Debug\netcoreapp2.2\fine-code-coverage\coverage-tool-output</ResultsDirectory>
        </Configuration>
      </DataCollector>
    </DataCollectors>
  </DataCollectionRunSettings>
</RunSettings>

TpTrace Verbose: 0 : 11724, 1, 2023/01/09, 19:27:33.700, 12062727185709, vstest.console.dll, TestRunRequest.ExecuteAsync: Wait for the first run request is over.
TpTrace Verbose: 0 : 11724, 1, 2023/01/09, 19:27:33.700, 12062727188165, vstest.console.dll, MulticastDelegateUtilities.SafeInvoke: TestRun.TestRunStart: Invoking callbacks was skipped because there are no subscribers.
TpTrace Verbose: 0 : 11724, 4, 2023/01/09, 19:27:33.701, 12062727189802, vstest.console.dll, MulticastDelegateUtilities.SafeInvoke: InternalTestLoggerEvents.SendTestRunStart: Invoking callback 1/1 for Microsoft.VisualStudio.TestPlatform.CommandLine.Internal.ConsoleLogger., took 0 ms.
TpTrace Verbose: 0 : 11724, 1, 2023/01/09, 19:27:33.701, 12062727196137, vstest.console.dll, ParallelProxyExecutionManager: Start execution. Total sources: 1
TpTrace Verbose: 0 : 11724, 1, 2023/01/09, 19:27:33.702, 12062727207275, vstest.console.dll, TestRequestSender is acting as server.
TpTrace Verbose: 0 : 11724, 1, 2023/01/09, 19:27:33.703, 12062727215649, vstest.console.dll, DataCollectionRequestSender.InitializeCommunication : Initialize communication. 
TpTrace Information: 0 : 11724, 1, 2023/01/09, 19:27:33.706, 12062727240231, vstest.console.dll, Listening on Endpoint : 127.0.0.1:49475
TpTrace Verbose: 0 : 11724, 1, 2023/01/09, 19:27:33.710, 12062727288546, vstest.console.dll, DotnetDataCollectionLauncher: Adding  --runtimeconfig "C:\Program Files\dotnet\sdk\7.0.101\datacollector.runtimeconfig.json" in args
TpTrace Verbose: 0 : 11724, 1, 2023/01/09, 19:27:33.711, 12062727289473, vstest.console.dll, DotnetDataCollectionLauncher: Adding  --depsfile "C:\Program Files\dotnet\sdk\7.0.101\datacollector.deps.json" in args
TpTrace Verbose: 0 : 11724, 1, 2023/01/09, 19:27:33.711, 12062727290371, vstest.console.dll, DotnetDataCollectionLauncher: Full path of dotnet.exe is C:\Program Files\dotnet\dotnet.exe
TpTrace Information: 0 : 11724, 1, 2023/01/09, 19:27:33.715, 12062727337493, vstest.console.dll, ProxyDataCollectionManager.Initialize: Launched datacollector processId: 26600 port: 49475
TpTrace Information: 0 : 11724, 1, 2023/01/09, 19:27:33.716, 12062727338950, vstest.console.dll, ProxyDataCollectionManager.Initialize: waiting for connection with timeout: 90 seconds
TpTrace Verbose: 0 : 11724, 1, 2023/01/09, 19:27:33.716, 12062727339535, vstest.console.dll, DataCollectionRequestSender.WaitForRequestHandlerConnection : Waiting for connection with timeout: 90000
TpTrace Information: 0 : 11724, 7, 2023/01/09, 19:27:33.822, 12062728403538, vstest.console.dll, Using the buffer size of 16384 bytes
TpTrace Verbose: 0 : 11724, 1, 2023/01/09, 19:27:33.822, 12062728403908, vstest.console.dll, SocketCommunicationManager.WaitForClientConnection took: 106 ms, with 90000 ms timeout, and finished with True.
TpTrace Information: 0 : 11724, 7, 2023/01/09, 19:27:33.822, 12062728404369, vstest.console.dll, Accepted Client request and set the flag
TpTrace Verbose: 0 : 11724, 1, 2023/01/09, 19:27:33.822, 12062728405165, vstest.console.dll, ProxyDataCollectionManager.InvokeDataCollectionServiceAction: Starting.
TpTrace Information: 0 : 11724, 1, 2023/01/09, 19:27:33.822, 12062728405779, vstest.console.dll, ProxyDataCollectionManager.BeforeTestRunStart: Get environment variable and port for datacollector processId: 26600 port: 49475
TpTrace Verbose: 0 : 11724, 1, 2023/01/09, 19:27:33.822, 12062728406464, vstest.console.dll, DataCollectionRequestSender.SendBeforeTestRunStartAndGetResult: Send BeforeTestRunStart message with settingsXml <RunSettings><RunConfiguration><ResultsDirectory>F:\Projetos ASP.NET\Curso Testes\TestesDeSoftware\03 - Testes de Integracao\NerdStore.WebApp.Tests\bin\Debug\netcoreapp2.2\fine-code-coverage\coverage-tool-output</ResultsDirectory><TargetPlatform>X64</TargetPlatform><TargetFrameworkVersion>.NETCoreApp,Version=v2.2</TargetFrameworkVersion><DesignMode>False</DesignMode><CollectSourceInformation>False</CollectSourceInformation><TestAdaptersPaths>C:\Program Files\dotnet\sdk\7.0.101\Extensions</TestAdaptersPaths></RunConfiguration><LoggerRunSettings><Loggers><Logger friendlyName="blame" enabled="True" /><Logger friendlyName="Console" uri="logger://microsoft/TestPlatform/ConsoleLogger/v1" assemblyQualifiedName="Microsoft.VisualStudio.TestPlatform.CommandLine.Internal.ConsoleLogger, vstest.console, Version=15.0.0.0, Culture=neutral, PublicKeyToken=b03f5f7f11d50a3a" codeBase="C:\Program Files\dotnet\sdk\7.0.101\vstest.console.dll" enabled="True" /></Loggers></LoggerRunSettings><DataCollectionRunSettings><DataCollectors><DataCollector friendlyName="blame" enabled="True"><Configuration><ResultsDirectory>F:\Projetos ASP.NET\Curso Testes\TestesDeSoftware\03 - Testes de Integracao\NerdStore.WebApp.Tests\bin\Debug\netcoreapp2.2\fine-code-coverage\coverage-tool-output</ResultsDirectory></Configuration></DataCollector></DataCollectors></DataCollectionRunSettings></RunSettings> and sources System.Collections.Generic.List`1[System.String]: 
TpTrace Verbose: 0 : 11724, 1, 2023/01/09, 19:27:33.879, 12062728969162, vstest.console.dll, DataCollectionRequestSender.SendBeforeTestRunStartAndGetResult: Received message: (DataCollection.SendMessage) -> {"MessageType":"DataCollection.SendMessage","Payload":{"FriendlyName":null,"Uri":null,"TestCaseId":"00000000-0000-0000-0000-000000000000","Message":"Logging DataCollector Diagnostics in file: F:\\Projetos ASP.NET\\Curso Testes\\TestesDeSoftware\\03 - Testes de Integracao\\NerdStore.WebApp.Tests\\bin\\Debug\\netcoreapp2.2\\fine-code-coverage\\coverage-tool-output\\diagnostics.datacollector.23-01-09_19-27-33_71081_1.log","Level":0}}
TpTrace Verbose: 0 : 11724, 1, 2023/01/09, 19:27:33.936, 12062729541423, vstest.console.dll, DataCollectionRequestSender.SendBeforeTestRunStartAndGetResult: Received message: (DataCollection.BeforeTestRunStartResult) -> {"MessageType":"DataCollection.BeforeTestRunStartResult","Payload":{"EnvironmentVariables":{},"DataCollectionEventsPort":49480}}
TpTrace Information: 0 : 11724, 1, 2023/01/09, 19:27:33.939, 12062729577036, vstest.console.dll, ProxyDataCollectionManager.BeforeTestRunStart: SendBeforeTestRunStartAndGetResult successful, env variable from datacollector:   and testhost port: 49480
TpTrace Information: 0 : 11724, 1, 2023/01/09, 19:27:33.939, 12062729577618, vstest.console.dll, ProxyDataCollectionManager.InvokeDataCollectionServiceAction: Completed.
TpTrace Verbose: 0 : 11724, 1, 2023/01/09, 19:27:33.939, 12062729578533, vstest.console.dll, ProxyParallelExecutionManager: No sources available for execution.
TpTrace Verbose: 0 : 11724, 7, 2023/01/09, 19:27:33.940, 12062729578742, vstest.console.dll, ParallelProxyExecutionManager: Execution started. Started clients: 1
TpTrace Information: 0 : 11724, 1, 2023/01/09, 19:27:33.940, 12062729578908, vstest.console.dll, TestRunRequest.ExecuteAsync: Started.
TpTrace Verbose: 0 : 11724, 1, 2023/01/09, 19:27:33.940, 12062729579872, vstest.console.dll, TestRunRequest.WaitForCompletion: Waiting with timeout -1.
TpTrace Verbose: 0 : 11724, 7, 2023/01/09, 19:27:33.940, 12062729580650, vstest.console.dll, TestRunRequest:SendTestRunMessage: Starting.
TpTrace Verbose: 0 : 11724, 7, 2023/01/09, 19:27:33.940, 12062729581609, vstest.console.dll, MulticastDelegateUtilities.SafeInvoke: TestRun.LogMessages: Invoking callback 1/1 for Microsoft.VisualStudio.TestPlatform.CommandLine.TestRunResultAggregator., took 0 ms.
TpTrace Information: 0 : 11724, 7, 2023/01/09, 19:27:33.940, 12062729581901, vstest.console.dll, TestRunRequest:SendTestRunMessage: Completed.
TpTrace Verbose: 0 : 11724, 4, 2023/01/09, 19:27:33.940, 12062729582746, vstest.console.dll, MulticastDelegateUtilities.SafeInvoke: InternalTestLoggerEvents.SendTestRunMessage: Invoking callback 1/1 for Microsoft.VisualStudio.TestPlatform.CommandLine.Internal.ConsoleLogger., took 0 ms.
TpTrace Verbose: 0 : 11724, 7, 2023/01/09, 19:27:33.940, 12062729583067, vstest.console.dll, ProxyExecutionManager: Test host is always Lazy initialize.
TpTrace Verbose: 0 : 11724, 7, 2023/01/09, 19:27:33.940, 12062729585540, vstest.console.dll, TestRequestSender.InitializeCommunication: initialize communication. 
TpTrace Information: 0 : 11724, 7, 2023/01/09, 19:27:33.941, 12062729588975, vstest.console.dll, SocketServer.Start: Listening on endpoint : 127.0.0.1:49481
TpTrace Verbose: 0 : 11724, 7, 2023/01/09, 19:27:33.941, 12062729595635, vstest.console.dll, DotnetTestHostmanager.GetTestHostProcessStartInfo: Platform environment 'X64' target architecture 'X64' framework '.NETCoreApp,Version=v2.2' OS 'Windows'
TpTrace Verbose: 0 : 11724, 7, 2023/01/09, 19:27:33.941, 12062729596758, vstest.console.dll, DotnetTestHostmanager: Adding  --runtimeconfig "F:\Projetos ASP.NET\Curso Testes\TestesDeSoftware\03 - Testes de Integracao\NerdStore.WebApp.Tests\bin\Debug\netcoreapp2.2\fine-code-coverage\build-output\NerdStore.WebApp.Tests.runtimeconfig.json" in args
TpTrace Verbose: 0 : 11724, 7, 2023/01/09, 19:27:33.941, 12062729597247, vstest.console.dll, DotnetTestHostmanager: Adding  --depsfile "F:\Projetos ASP.NET\Curso Testes\TestesDeSoftware\03 - Testes de Integracao\NerdStore.WebApp.Tests\bin\Debug\netcoreapp2.2\fine-code-coverage\build-output\NerdStore.WebApp.Tests.deps.json" in args
TpTrace Verbose: 0 : 11724, 7, 2023/01/09, 19:27:33.942, 12062729598779, vstest.console.dll, DotnetTestHostmanager.IsWinOnArm: Current PROCESSOR_ARCHITECTURE from environment variable 'AMD64'
TpTrace Verbose: 0 : 11724, 7, 2023/01/09, 19:27:33.942, 12062729599162, vstest.console.dll, DotnetTestHostmanager.IsWinOnArm: Is Windows on ARM 'False'
TpTrace Information: 0 : 11724, 7, 2023/01/09, 19:27:33.942, 12062729599943, vstest.console.dll, AssemblyResolver.OnResolve: Microsoft.Extensions.DependencyModel: Resolving assembly.
TpTrace Information: 0 : 11724, 7, 2023/01/09, 19:27:33.942, 12062729600255, vstest.console.dll, AssemblyResolver.OnResolve: Microsoft.Extensions.DependencyModel: Searching in: 'C:\Program Files\dotnet\sdk\7.0.101\Extensions'.
TpTrace Information: 0 : 11724, 7, 2023/01/09, 19:27:33.942, 12062729600850, vstest.console.dll, AssemblyResolver.OnResolve: Microsoft.Extensions.DependencyModel: Assembly path does not exist: 'C:\Program Files\dotnet\sdk\7.0.101\Extensions\Microsoft.Extensions.DependencyModel.dll', returning.
TpTrace Information: 0 : 11724, 7, 2023/01/09, 19:27:33.942, 12062729601326, vstest.console.dll, AssemblyResolver.OnResolve: Microsoft.Extensions.DependencyModel: Assembly path does not exist: 'C:\Program Files\dotnet\sdk\7.0.101\Extensions\Microsoft.Extensions.DependencyModel.exe', returning.
TpTrace Information: 0 : 11724, 7, 2023/01/09, 19:27:33.942, 12062729601529, vstest.console.dll, AssemblyResolver.OnResolve: Microsoft.Extensions.DependencyModel: Searching in: 'C:\Program Files\dotnet\sdk\7.0.101'.
TpTrace Information: 0 : 11724, 7, 2023/01/09, 19:27:33.942, 12062729605777, vstest.console.dll, AssemblyResolver.OnResolve: Microsoft.Extensions.DependencyModel: Loading assembly 'C:\Program Files\dotnet\sdk\7.0.101\Microsoft.Extensions.DependencyModel.dll'.
TpTrace Information: 0 : 11724, 7, 2023/01/09, 19:27:33.943, 12062729609728, vstest.console.dll, AssemblyResolver.OnResolve: Resolved assembly: Microsoft.Extensions.DependencyModel, from path: C:\Program Files\dotnet\sdk\7.0.101\Microsoft.Extensions.DependencyModel.dll
TpTrace Verbose: 0 : 11724, 7, 2023/01/09, 19:27:33.943, 12062729611336, vstest.console.dll, DotnetTestHostmanager: Reading file F:\Projetos ASP.NET\Curso Testes\TestesDeSoftware\03 - Testes de Integracao\NerdStore.WebApp.Tests\bin\Debug\netcoreapp2.2\fine-code-coverage\build-output\NerdStore.WebApp.Tests.deps.json to get path of testhost.dll
TpTrace Verbose: 0 : 11724, 7, 2023/01/09, 19:27:33.959, 12062729774332, vstest.console.dll, DotnetTestHostmanager: Relative path of testhost.dll with respect to package folder is microsoft.testplatform.testhost/16.0.1\lib/netstandard1.5/testhost.dll
TpTrace Verbose: 0 : 11724, 7, 2023/01/09, 19:27:33.960, 12062729781098, vstest.console.dll, DotnetTestHostmanager: Looking for path microsoft.testplatform.testhost/16.0.1\lib/netstandard1.5/testhost.dll in folder C:\Users\cesar\.dotnet\store\|arch|\|tfm|
TpTrace Verbose: 0 : 11724, 7, 2023/01/09, 19:27:33.960, 12062729782030, vstest.console.dll, DotnetTestHostmanager: Looking for path microsoft.testplatform.testhost/16.0.1\lib/netstandard1.5/testhost.dll in folder C:\Users\cesar\.nuget\packages
TpTrace Verbose: 0 : 11724, 7, 2023/01/09, 19:27:33.960, 12062729782687, vstest.console.dll, DotnetTestHostmanager: Found testhost.dll in C:\Users\cesar\.nuget\packages\microsoft.testplatform.testhost/16.0.1\lib/netstandard1.5/testhost.dll
TpTrace Verbose: 0 : 11724, 7, 2023/01/09, 19:27:33.960, 12062729784183, vstest.console.dll, DotnetTestHostmanager: Current process architetcure 'X64'
TpTrace Verbose: 0 : 11724, 7, 2023/01/09, 19:27:33.960, 12062729785221, vstest.console.dll, DotnetTestHostmanager.LaunchTestHostAsync: Compatible muxer architecture of running process 'X64' and target architecture 'X64'
TpTrace Verbose: 0 : 11724, 7, 2023/01/09, 19:27:33.960, 12062729785488, vstest.console.dll, DotnetTestHostmanager: Full path of testhost.dll is C:\Users\cesar\.nuget\packages\microsoft.testplatform.testhost/16.0.1\lib/netstandard1.5/testhost.dll
TpTrace Verbose: 0 : 11724, 7, 2023/01/09, 19:27:33.960, 12062729785716, vstest.console.dll, DotnetTestHostmanager: Full path of host exe is C:\Program Files\dotnet\dotnet.exe
TpTrace Verbose: 0 : 11724, 7, 2023/01/09, 19:27:33.960, 12062729786916, vstest.console.dll, DotnetTestHostManager: Starting process 'C:\Program Files\dotnet\dotnet.exe' with command line 'exec --runtimeconfig "F:\Projetos ASP.NET\Curso Testes\TestesDeSoftware\03 - Testes de Integracao\NerdStore.WebApp.Tests\bin\Debug\netcoreapp2.2\fine-code-coverage\build-output\NerdStore.WebApp.Tests.runtimeconfig.json" --depsfile "F:\Projetos ASP.NET\Curso Testes\TestesDeSoftware\03 - Testes de Integracao\NerdStore.WebApp.Tests\bin\Debug\netcoreapp2.2\fine-code-coverage\build-output\NerdStore.WebApp.Tests.deps.json" "C:\Users\cesar\.nuget\packages\microsoft.testplatform.testhost/16.0.1\lib/netstandard1.5/testhost.dll" --roll-forward Major --port 49481 --endpoint 127.0.0.1:049481 --role client --parentprocessid 11724 --diag "F:\Projetos ASP.NET\Curso Testes\TestesDeSoftware\03 - Testes de Integracao\NerdStore.WebApp.Tests\bin\Debug\netcoreapp2.2\fine-code-coverage\coverage-tool-output\diagnostics.host.23-01-09_19-27-33_94138_7.log" --tracelevel 4 --datacollectionport 49480 --telemetryoptedin false'
TpTrace Verbose: 0 : 11724, 7, 2023/01/09, 19:27:33.964, 12062729827982, vstest.console.dll, MulticastDelegateUtilities.SafeInvoke: HostProviderEvents.OnHostLaunched: Invoking callback 1/2 for Microsoft.VisualStudio.TestPlatform.CrossPlatEngine.Client.ProxyExecutionManagerWithDataCollection., took 0 ms.
TpTrace Verbose: 0 : 11724, 7, 2023/01/09, 19:27:33.965, 12062729829577, vstest.console.dll, Test Runtime launched
TpTrace Verbose: 0 : 11724, 7, 2023/01/09, 19:27:33.965, 12062729829966, vstest.console.dll, MulticastDelegateUtilities.SafeInvoke: HostProviderEvents.OnHostLaunched: Invoking callback 2/2 for Microsoft.VisualStudio.TestPlatform.CrossPlatEngine.Client.ProxyOperationManager., took 0 ms.
TpTrace Verbose: 0 : 11724, 7, 2023/01/09, 19:27:33.965, 12062729831447, vstest.console.dll, TestRequestSender.WaitForRequestHandlerConnection: waiting for connection with timeout: 90000.
TpTrace Verbose: 0 : 11724, 10, 2023/01/09, 19:27:34.106, 12062731247893, vstest.console.dll, MulticastDelegateUtilities.SafeInvoke: SocketServer: ClientConnected: Invoking callback 1/1 for Microsoft.VisualStudio.TestPlatform.CommunicationUtilities.TestRequestSender., took 0 ms.
TpTrace Verbose: 0 : 11724, 10, 2023/01/09, 19:27:34.107, 12062731249133, vstest.console.dll, SocketServer.OnClientConnected: Client connected for endPoint: 127.0.0.1:49481, starting MessageLoopAsync:
TpTrace Verbose: 0 : 11724, 7, 2023/01/09, 19:27:34.106, 12062731248107, vstest.console.dll, TestRequestSender.WaitForRequestHandlerConnection: waiting took 141 ms, with timeout 90000 ms, and result 0, which is success.
TpTrace Verbose: 0 : 11724, 12, 2023/01/09, 19:27:34.107, 12062731250587, vstest.console.dll, TcpClientExtensions.MessageLoopAsync: Polling on remoteEndPoint: 127.0.0.1:49485 localEndPoint: 127.0.0.1:49481
TpTrace Verbose: 0 : 11724, 7, 2023/01/09, 19:27:34.107, 12062731255857, vstest.console.dll, TestRequestSender.CheckVersionWithTestHost: Sending check version message: {"MessageType":"ProtocolVersion","Payload":7}
TpTrace Verbose: 0 : 11724, 12, 2023/01/09, 19:27:34.163, 12062731815595, vstest.console.dll, TcpClientExtensions.MessageLoopAsync: NotifyDataAvailable remoteEndPoint: 127.0.0.1:49485 localEndPoint: 127.0.0.1:49481
TpTrace Verbose: 0 : 11724, 12, 2023/01/09, 19:27:34.163, 12062731818132, vstest.console.dll, TestRequestSender.CheckVersionWithTestHost: onMessageReceived received message: (ProtocolVersion) -> {"MessageType":"ProtocolVersion","Payload":2}
TpTrace Verbose: 0 : 11724, 12, 2023/01/09, 19:27:34.164, 12062731823583, vstest.console.dll, MulticastDelegateUtilities.SafeInvoke: LengthPrefixCommunicationChannel: MessageReceived: Invoking callback 1/1 for Microsoft.VisualStudio.TestPlatform.CommunicationUtilities.TestRequestSender+<>c__DisplayClass26_0., took 0 ms.
TpTrace Verbose: 0 : 11724, 7, 2023/01/09, 19:27:34.164, 12062731824079, vstest.console.dll, TestPluginCache.GetExtensionPaths: Filtered extension paths: 
TpTrace Verbose: 0 : 11724, 12, 2023/01/09, 19:27:34.164, 12062731824422, vstest.console.dll, TcpClientExtensions.MessageLoopAsync: Polling on remoteEndPoint: 127.0.0.1:49485 localEndPoint: 127.0.0.1:49481
TpTrace Verbose: 0 : 11724, 7, 2023/01/09, 19:27:34.164, 12062731824663, vstest.console.dll, TestPluginCache.GetExtensionPaths: Added default extension paths: C:\Program Files\dotnet\sdk\7.0.101\Extensions\Microsoft.Diagnostics.NETCore.Client.dll
C:\Program Files\dotnet\sdk\7.0.101\Extensions\Microsoft.TestPlatform.Extensions.BlameDataCollector.dll
C:\Program Files\dotnet\sdk\7.0.101\Extensions\Microsoft.TestPlatform.Extensions.EventLogCollector.dll
C:\Program Files\dotnet\sdk\7.0.101\Extensions\Microsoft.TestPlatform.TestHostRuntimeProvider.dll
C:\Program Files\dotnet\sdk\7.0.101\Extensions\Microsoft.VisualStudio.TestPlatform.Extensions.Html.TestLogger.dll
C:\Program Files\dotnet\sdk\7.0.101\Extensions\Microsoft.VisualStudio.TestPlatform.Extensions.Trx.TestLogger.dll
TpTrace Verbose: 0 : 11724, 7, 2023/01/09, 19:27:34.164, 12062731825257, vstest.console.dll, TestPluginCache.GetExtensionPaths: Added unfilterableExtensionPaths: 
TpTrace Verbose: 0 : 11724, 7, 2023/01/09, 19:27:34.167, 12062731855587, vstest.console.dll, TestRequestSender.InitializeExecution: Sending initialize execution with message: {"Version":2,"MessageType":"TestExecution.Initialize","Payload":["F:\\Projetos ASP.NET\\Curso Testes\\TestesDeSoftware\\03 - Testes de Integracao\\NerdStore.WebApp.Tests\\bin\\Debug\\netcoreapp2.2\\fine-code-coverage\\build-output\\xunit.runner.visualstudio.dotnetcore.testadapter.dll"]}
TpTrace Warning: 0 : 11724, 7, 2023/01/09, 19:27:34.168, 12062731860249, vstest.console.dll, InferRunSettingsHelper.MakeRunsettingsCompatible: Removing the following settings: TargetPlatform from RunSettings file. To use those settings please move to latest version of Microsoft.NET.Test.Sdk
TpTrace Verbose: 0 : 11724, 12, 2023/01/09, 19:27:34.172, 12062731901479, vstest.console.dll, TcpClientExtensions.MessageLoopAsync: NotifyDataAvailable remoteEndPoint: 127.0.0.1:49485 localEndPoint: 127.0.0.1:49481
TpTrace Verbose: 0 : 11724, 12, 2023/01/09, 19:27:34.172, 12062731904209, vstest.console.dll, TestRequestSender.OnExecutionMessageReceived: Received message: {"Version":2,"MessageType":"TestSession.Message","Payload":{"MessageLevel":0,"Message":"Logging TestHost Diagnostics in file: F:\\Projetos ASP.NET\\Curso Testes\\TestesDeSoftware\\03 - Testes de Integracao\\NerdStore.WebApp.Tests\\bin\\Debug\\netcoreapp2.2\\fine-code-coverage\\coverage-tool-output\\diagnostics.host.23-01-09_19-27-33_94138_7.log"}}
TpTrace Verbose: 0 : 11724, 12, 2023/01/09, 19:27:34.174, 12062731920512, vstest.console.dll, TestRunRequest:SendTestRunMessage: Starting.
TpTrace Verbose: 0 : 11724, 12, 2023/01/09, 19:27:34.174, 12062731922227, vstest.console.dll, MulticastDelegateUtilities.SafeInvoke: TestRun.LogMessages: Invoking callback 1/1 for Microsoft.VisualStudio.TestPlatform.CommandLine.TestRunResultAggregator., took 0 ms.
TpTrace Verbose: 0 : 11724, 4, 2023/01/09, 19:27:34.174, 12062731922326, vstest.console.dll, MulticastDelegateUtilities.SafeInvoke: InternalTestLoggerEvents.SendTestRunMessage: Invoking callback 1/1 for Microsoft.VisualStudio.TestPlatform.CommandLine.Internal.ConsoleLogger., took 0 ms.
TpTrace Information: 0 : 11724, 12, 2023/01/09, 19:27:34.174, 12062731923309, vstest.console.dll, TestRunRequest:SendTestRunMessage: Completed.
TpTrace Verbose: 0 : 11724, 12, 2023/01/09, 19:27:34.174, 12062731923810, vstest.console.dll, MulticastDelegateUtilities.SafeInvoke: LengthPrefixCommunicationChannel: MessageReceived: Invoking callback 1/1 for Microsoft.VisualStudio.TestPlatform.CommunicationUtilities.TestRequestSender+<>c__DisplayClass31_0., took 2 ms.
TpTrace Verbose: 0 : 11724, 7, 2023/01/09, 19:27:34.174, 12062731924023, vstest.console.dll, TestRequestSender.StartTestRun: Sending test run with message: {"Version":2,"MessageType":"TestExecution.StartWithSources","Payload":{"AdapterSourceMap":{"_none_":["F:\\Projetos ASP.NET\\Curso Testes\\TestesDeSoftware\\03 - Testes de Integracao\\NerdStore.WebApp.Tests\\bin\\Debug\\netcoreapp2.2\\fine-code-coverage\\build-output\\NerdStore.WebApp.Tests.dll"]},"RunSettings":"<RunSettings>\r\n  <RunConfiguration>\r\n    <ResultsDirectory>F:\\Projetos ASP.NET\\Curso Testes\\TestesDeSoftware\\03 - Testes de Integracao\\NerdStore.WebApp.Tests\\bin\\Debug\\netcoreapp2.2\\fine-code-coverage\\coverage-tool-output</ResultsDirectory>\r\n    <TargetFrameworkVersion>.NETCoreApp,Version=v2.2</TargetFrameworkVersion>\r\n    <DesignMode>False</DesignMode>\r\n    <CollectSourceInformation>False</CollectSourceInformation>\r\n  </RunConfiguration>\r\n  <LoggerRunSettings>\r\n    <Loggers>\r\n      <Logger friendlyName=\"blame\" enabled=\"True\" />\r\n      <Logger friendlyName=\"Console\" uri=\"logger://microsoft/TestPlatform/ConsoleLogger/v1\" assemblyQualifiedName=\"Microsoft.VisualStudio.TestPlatform.CommandLine.Internal.ConsoleLogger, vstest.console, Version=15.0.0.0, Culture=neutral, PublicKeyToken=b03f5f7f11d50a3a\" codeBase=\"C:\\Program Files\\dotnet\\sdk\\7.0.101\\vstest.console.dll\" enabled=\"True\" />\r\n    </Loggers>\r\n  </LoggerRunSettings>\r\n  <DataCollectionRunSettings>\r\n    <DataCollectors>\r\n      <DataCollector friendlyName=\"blame\" enabled=\"True\">\r\n        <Configuration>\r\n          <ResultsDirectory>F:\\Projetos ASP.NET\\Curso Testes\\TestesDeSoftware\\03 - Testes de Integracao\\NerdStore.WebApp.Tests\\bin\\Debug\\netcoreapp2.2\\fine-code-coverage\\coverage-tool-output</ResultsDirectory>\r\n        </Configuration>\r\n      </DataCollector>\r\n    </DataCollectors>\r\n  </DataCollectionRunSettings>\r\n</RunSettings>","TestExecutionContext":{"FrequencyOfRunStatsChangeEvent":10,"RunStatsChangeEventTimeout":"00:00:01.5000000","InIsolation":false,"KeepAlive":false,"AreTestCaseLevelEventsRequired":false,"IsDebug":false,"TestCaseFilter":null,"FilterOptions":null},"Package":null}}
TpTrace Verbose: 0 : 11724, 12, 2023/01/09, 19:27:34.174, 12062731924118, vstest.console.dll, TcpClientExtensions.MessageLoopAsync: Polling on remoteEndPoint: 127.0.0.1:49485 localEndPoint: 127.0.0.1:49481
TpTrace Verbose: 0 : 11724, 12, 2023/01/09, 19:27:34.256, 12062732748218, vstest.console.dll, TcpClientExtensions.MessageLoopAsync: NotifyDataAvailable remoteEndPoint: 127.0.0.1:49485 localEndPoint: 127.0.0.1:49481
TpTrace Verbose: 0 : 11724, 12, 2023/01/09, 19:27:34.257, 12062732749201, vstest.console.dll, TestRequestSender.OnExecutionMessageReceived: Received message: {"Version":2,"MessageType":"TestSession.Message","Payload":{"MessageLevel":0,"Message":"[xUnit.net 00:00:00.00] xUnit.net VSTest Adapter v2.4.0 (64-bit .NET Core 4.6.27110.04)"}}
TpTrace Verbose: 0 : 11724, 12, 2023/01/09, 19:27:34.257, 12062732751323, vstest.console.dll, TestRunRequest:SendTestRunMessage: Starting.
TpTrace Verbose: 0 : 11724, 12, 2023/01/09, 19:27:34.257, 12062732751751, vstest.console.dll, MulticastDelegateUtilities.SafeInvoke: TestRun.LogMessages: Invoking callback 1/1 for Microsoft.VisualStudio.TestPlatform.CommandLine.TestRunResultAggregator., took 0 ms.
TpTrace Verbose: 0 : 11724, 4, 2023/01/09, 19:27:34.257, 12062732751935, vstest.console.dll, MulticastDelegateUtilities.SafeInvoke: InternalTestLoggerEvents.SendTestRunMessage: Invoking callback 1/1 for Microsoft.VisualStudio.TestPlatform.CommandLine.Internal.ConsoleLogger., took 0 ms.
TpTrace Information: 0 : 11724, 12, 2023/01/09, 19:27:34.257, 12062732752332, vstest.console.dll, TestRunRequest:SendTestRunMessage: Completed.
TpTrace Verbose: 0 : 11724, 12, 2023/01/09, 19:27:34.257, 12062732753065, vstest.console.dll, MulticastDelegateUtilities.SafeInvoke: LengthPrefixCommunicationChannel: MessageReceived: Invoking callback 1/1 for Microsoft.VisualStudio.TestPlatform.CommunicationUtilities.TestRequestSender+<>c__DisplayClass31_0., took 0 ms.
TpTrace Verbose: 0 : 11724, 12, 2023/01/09, 19:27:34.257, 12062732753285, vstest.console.dll, TcpClientExtensions.MessageLoopAsync: Polling on remoteEndPoint: 127.0.0.1:49485 localEndPoint: 127.0.0.1:49481
TpTrace Verbose: 0 : 11724, 12, 2023/01/09, 19:27:35.056, 12062740747820, vstest.console.dll, TcpClientExtensions.MessageLoopAsync: NotifyDataAvailable remoteEndPoint: 127.0.0.1:49485 localEndPoint: 127.0.0.1:49481
TpTrace Verbose: 0 : 11724, 12, 2023/01/09, 19:27:35.057, 12062740749183, vstest.console.dll, TestRequestSender.OnExecutionMessageReceived: Received message: {"Version":2,"MessageType":"TestSession.Message","Payload":{"MessageLevel":0,"Message":"[xUnit.net 00:00:00.80]   Discovering: NerdStore.WebApp.Tests"}}
TpTrace Verbose: 0 : 11724, 12, 2023/01/09, 19:27:35.057, 12062740750317, vstest.console.dll, TestRunRequest:SendTestRunMessage: Starting.
TpTrace Verbose: 0 : 11724, 12, 2023/01/09, 19:27:35.057, 12062740750787, vstest.console.dll, MulticastDelegateUtilities.SafeInvoke: TestRun.LogMessages: Invoking callback 1/1 for Microsoft.VisualStudio.TestPlatform.CommandLine.TestRunResultAggregator., took 0 ms.
TpTrace Information: 0 : 11724, 12, 2023/01/09, 19:27:35.057, 12062740751009, vstest.console.dll, TestRunRequest:SendTestRunMessage: Completed.
TpTrace Verbose: 0 : 11724, 4, 2023/01/09, 19:27:35.057, 12062740750984, vstest.console.dll, MulticastDelegateUtilities.SafeInvoke: InternalTestLoggerEvents.SendTestRunMessage: Invoking callback 1/1 for Microsoft.VisualStudio.TestPlatform.CommandLine.Internal.ConsoleLogger., took 0 ms.
TpTrace Verbose: 0 : 11724, 12, 2023/01/09, 19:27:35.057, 12062740751297, vstest.console.dll, MulticastDelegateUtilities.SafeInvoke: LengthPrefixCommunicationChannel: MessageReceived: Invoking callback 1/1 for Microsoft.VisualStudio.TestPlatform.CommunicationUtilities.TestRequestSender+<>c__DisplayClass31_0., took 0 ms.
TpTrace Verbose: 0 : 11724, 12, 2023/01/09, 19:27:35.057, 12062740752002, vstest.console.dll, TcpClientExtensions.MessageLoopAsync: Polling on remoteEndPoint: 127.0.0.1:49485 localEndPoint: 127.0.0.1:49481
TpTrace Verbose: 0 : 11724, 12, 2023/01/09, 19:27:35.103, 12062741216862, vstest.console.dll, TcpClientExtensions.MessageLoopAsync: NotifyDataAvailable remoteEndPoint: 127.0.0.1:49485 localEndPoint: 127.0.0.1:49481
TpTrace Verbose: 0 : 11724, 12, 2023/01/09, 19:27:35.103, 12062741218074, vstest.console.dll, TestRequestSender.OnExecutionMessageReceived: Received message: {"Version":2,"MessageType":"TestSession.Message","Payload":{"MessageLevel":0,"Message":"[xUnit.net 00:00:00.84]   Discovered:  NerdStore.WebApp.Tests"}}
TpTrace Verbose: 0 : 11724, 12, 2023/01/09, 19:27:35.104, 12062741219061, vstest.console.dll, TestRunRequest:SendTestRunMessage: Starting.
TpTrace Verbose: 0 : 11724, 12, 2023/01/09, 19:27:35.104, 12062741219496, vstest.console.dll, MulticastDelegateUtilities.SafeInvoke: TestRun.LogMessages: Invoking callback 1/1 for Microsoft.VisualStudio.TestPlatform.CommandLine.TestRunResultAggregator., took 0 ms.
TpTrace Information: 0 : 11724, 12, 2023/01/09, 19:27:35.104, 12062741219713, vstest.console.dll, TestRunRequest:SendTestRunMessage: Completed.
TpTrace Verbose: 0 : 11724, 4, 2023/01/09, 19:27:35.104, 12062741219695, vstest.console.dll, MulticastDelegateUtilities.SafeInvoke: InternalTestLoggerEvents.SendTestRunMessage: Invoking callback 1/1 for Microsoft.VisualStudio.TestPlatform.CommandLine.Internal.ConsoleLogger., took 0 ms.
TpTrace Verbose: 0 : 11724, 12, 2023/01/09, 19:27:35.104, 12062741219985, vstest.console.dll, MulticastDelegateUtilities.SafeInvoke: LengthPrefixCommunicationChannel: MessageReceived: Invoking callback 1/1 for Microsoft.VisualStudio.TestPlatform.CommunicationUtilities.TestRequestSender+<>c__DisplayClass31_0., took 0 ms.
TpTrace Verbose: 0 : 11724, 12, 2023/01/09, 19:27:35.104, 12062741221066, vstest.console.dll, TcpClientExtensions.MessageLoopAsync: Polling on remoteEndPoint: 127.0.0.1:49485 localEndPoint: 127.0.0.1:49481
TpTrace Verbose: 0 : 11724, 12, 2023/01/09, 19:27:35.107, 12062741248948, vstest.console.dll, TcpClientExtensions.MessageLoopAsync: NotifyDataAvailable remoteEndPoint: 127.0.0.1:49485 localEndPoint: 127.0.0.1:49481
TpTrace Verbose: 0 : 11724, 12, 2023/01/09, 19:27:35.107, 12062741249846, vstest.console.dll, TestRequestSender.OnExecutionMessageReceived: Received message: {"Version":2,"MessageType":"TestSession.Message","Payload":{"MessageLevel":0,"Message":"[xUnit.net 00:00:00.85]   Starting:    NerdStore.WebApp.Tests"}}
TpTrace Verbose: 0 : 11724, 12, 2023/01/09, 19:27:35.107, 12062741250700, vstest.console.dll, TestRunRequest:SendTestRunMessage: Starting.
TpTrace Verbose: 0 : 11724, 12, 2023/01/09, 19:27:35.107, 12062741251111, vstest.console.dll, MulticastDelegateUtilities.SafeInvoke: TestRun.LogMessages: Invoking callback 1/1 for Microsoft.VisualStudio.TestPlatform.CommandLine.TestRunResultAggregator., took 0 ms.
TpTrace Verbose: 0 : 11724, 4, 2023/01/09, 19:27:35.107, 12062741251266, vstest.console.dll, MulticastDelegateUtilities.SafeInvoke: InternalTestLoggerEvents.SendTestRunMessage: Invoking callback 1/1 for Microsoft.VisualStudio.TestPlatform.CommandLine.Internal.ConsoleLogger., took 0 ms.
TpTrace Information: 0 : 11724, 12, 2023/01/09, 19:27:35.107, 12062741251312, vstest.console.dll, TestRunRequest:SendTestRunMessage: Completed.
TpTrace Verbose: 0 : 11724, 12, 2023/01/09, 19:27:35.107, 12062741251910, vstest.console.dll, MulticastDelegateUtilities.SafeInvoke: LengthPrefixCommunicationChannel: MessageReceived: Invoking callback 1/1 for Microsoft.VisualStudio.TestPlatform.CommunicationUtilities.TestRequestSender+<>c__DisplayClass31_0., took 0 ms.
TpTrace Verbose: 0 : 11724, 12, 2023/01/09, 19:27:35.107, 12062741252131, vstest.console.dll, TcpClientExtensions.MessageLoopAsync: Polling on remoteEndPoint: 127.0.0.1:49485 localEndPoint: 127.0.0.1:49481
TpTrace Verbose: 0 : 11724, 12, 2023/01/09, 19:27:35.745, 12062747629972, vstest.console.dll, TcpClientExtensions.MessageLoopAsync: NotifyDataAvailable remoteEndPoint: 127.0.0.1:49485 localEndPoint: 127.0.0.1:49481
TpTrace Verbose: 0 : 11724, 12, 2023/01/09, 19:27:35.745, 12062747631443, vstest.console.dll, TestRequestSender.OnExecutionMessageReceived: Received message: {"Version":2,"MessageType":"TestExecution.StatsChange","Payload":{"NewTestResults":[],"TestRunStatistics":{"ExecutedTests":0,"Stats":{}},"ActiveTests":[{"Id":"e4d025ef-b97f-ff38-d2a7-9edeaed6bc01","FullyQualifiedName":"NerdStore.WebApp.Tests.PedidoApiTests.RemoverItem_PedidoExistente_DeveRetornarComSucesso","DisplayName":"Remover item em pedido existente","ExecutorUri":"executor://xunit/VsTestRunner2/netcoreapp","Source":"F:\\Projetos ASP.NET\\Curso Testes\\TestesDeSoftware\\03 - Testes de Integracao\\NerdStore.WebApp.Tests\\bin\\Debug\\netcoreapp2.2\\fine-code-coverage\\build-output\\NerdStore.WebApp.Tests.dll","CodeFilePath":null,"LineNumber":0,"Properties":[{"Key":{"Id":"TestObject.Traits","Label":"Traits","Category":"","Description":"","Attributes":5,"ValueType":"System.Collections.Generic.KeyValuePair`2[[System.String],[System.String]][]"},"Value":[{"Key":"Categoria","Value":"Integração API - Pedido"}]}]},{"Id":"a0e83bb3-357e-d7fd-3c8e-1080e5176049","FullyQualifiedName":"NerdStore.WebApp.Tests.PedidoWebTests.AdicionarItem_NovoPedido_DeveAtualizarValorTotal","DisplayName":"Adicionar item em novo pedido","ExecutorUri":"executor://xunit/VsTestRunner2/netcoreapp","Source":"F:\\Projetos ASP.NET\\Curso Testes\\TestesDeSoftware\\03 - Testes de Integracao\\NerdStore.WebApp.Tests\\bin\\Debug\\netcoreapp2.2\\fine-code-coverage\\build-output\\NerdStore.WebApp.Tests.dll","CodeFilePath":null,"LineNumber":0,"Properties":[{"Key":{"Id":"TestObject.Traits","Label":"Traits","Category":"","Description":"","Attributes":5,"ValueType":"System.Collections.Generic.KeyValuePair`2[[System.String],[System.String]][]"},"Value":[{"Key":"Categoria","Value":"Integração Web - Pedido"}]}]}]}}
TpTrace Verbose: 0 : 11724, 12, 2023/01/09, 19:27:35.776, 12062747942459, vstest.console.dll, TestRunRequest:SendTestRunStatsChange: Starting.
TpTrace Verbose: 0 : 11724, 12, 2023/01/09, 19:27:35.776, 12062747943875, vstest.console.dll, InProgress is Remover item em pedido existente
TpTrace Verbose: 0 : 11724, 12, 2023/01/09, 19:27:35.776, 12062747944152, vstest.console.dll, InProgress is Adicionar item em novo pedido
TpTrace Verbose: 0 : 11724, 12, 2023/01/09, 19:27:35.776, 12062747944806, vstest.console.dll, MulticastDelegateUtilities.SafeInvoke: TestRun.RunStatsChanged: Invoking callbacks was skipped because there are no subscribers.
TpTrace Information: 0 : 11724, 12, 2023/01/09, 19:27:35.776, 12062747945163, vstest.console.dll, TestRunRequest:SendTestRunStatsChange: Completed.
TpTrace Verbose: 0 : 11724, 12, 2023/01/09, 19:27:35.776, 12062747945409, vstest.console.dll, MulticastDelegateUtilities.SafeInvoke: LengthPrefixCommunicationChannel: MessageReceived: Invoking callback 1/1 for Microsoft.VisualStudio.TestPlatform.CommunicationUtilities.TestRequestSender+<>c__DisplayClass31_0., took 31 ms.
TpTrace Verbose: 0 : 11724, 12, 2023/01/09, 19:27:35.776, 12062747945636, vstest.console.dll, TcpClientExtensions.MessageLoopAsync: Polling on remoteEndPoint: 127.0.0.1:49485 localEndPoint: 127.0.0.1:49481
TpTrace Verbose: 0 : 11724, 12, 2023/01/09, 19:27:36.776, 12062757939033, vstest.console.dll, TcpClientExtensions.MessageLoopAsync: Polling on remoteEndPoint: 127.0.0.1:49485 localEndPoint: 127.0.0.1:49481
TpTrace Verbose: 0 : 11724, 12, 2023/01/09, 19:27:37.259, 12062762777372, vstest.console.dll, TcpClientExtensions.MessageLoopAsync: NotifyDataAvailable remoteEndPoint: 127.0.0.1:49485 localEndPoint: 127.0.0.1:49481
TpTrace Verbose: 0 : 11724, 12, 2023/01/09, 19:27:37.260, 12062762778593, vstest.console.dll, TestRequestSender.OnExecutionMessageReceived: Received message: {"Version":2,"MessageType":"TestExecution.StatsChange","Payload":{"NewTestResults":[{"TestCase":{"Id":"e4d025ef-b97f-ff38-d2a7-9edeaed6bc01","FullyQualifiedName":"NerdStore.WebApp.Tests.PedidoApiTests.RemoverItem_PedidoExistente_DeveRetornarComSucesso","DisplayName":"Remover item em pedido existente","ExecutorUri":"executor://xunit/VsTestRunner2/netcoreapp","Source":"F:\\Projetos ASP.NET\\Curso Testes\\TestesDeSoftware\\03 - Testes de Integracao\\NerdStore.WebApp.Tests\\bin\\Debug\\netcoreapp2.2\\fine-code-coverage\\build-output\\NerdStore.WebApp.Tests.dll","CodeFilePath":null,"LineNumber":0,"Properties":[{"Key":{"Id":"TestObject.Traits","Label":"Traits","Category":"","Description":"","Attributes":5,"ValueType":"System.Collections.Generic.KeyValuePair`2[[System.String],[System.String]][]"},"Value":[{"Key":"Categoria","Value":"Integração API - Pedido"}]}]},"Attachments":[],"Outcome":1,"ErrorMessage":null,"ErrorStackTrace":null,"DisplayName":"Remover item em pedido existente","Messages":[],"ComputerName":"DESKTOP-I8JNLH9","Duration":"00:00:01.6760000","StartTime":"2023-01-09T22:27:37.1811247+00:00","EndTime":"2023-01-09T22:27:37.1811249+00:00","Properties":[]},{"TestCase":{"Id":"22de8c6c-b5d8-b86d-b082-8e81d72c944a","FullyQualifiedName":"NerdStore.WebApp.Tests.PedidoApiTests.AdicionarItem_NovoPedido_DeveRetornarComSucesso","DisplayName":"Adicionar item em novo pedido","ExecutorUri":"executor://xunit/VsTestRunner2/netcoreapp","Source":"F:\\Projetos ASP.NET\\Curso Testes\\TestesDeSoftware\\03 - Testes de Integracao\\NerdStore.WebApp.Tests\\bin\\Debug\\netcoreapp2.2\\fine-code-coverage\\build-output\\NerdStore.WebApp.Tests.dll","CodeFilePath":null,"LineNumber":0,"Properties":[{"Key":{"Id":"TestObject.Traits","Label":"Traits","Category":"","Description":"","Attributes":5,"ValueType":"System.Collections.Generic.KeyValuePair`2[[System.String],[System.String]][]"},"Value":[{"Key":"Categoria","Value":"Integração API - Pedido"}]}]},"Attachments":[],"Outcome":1,"ErrorMessage":null,"ErrorStackTrace":null,"DisplayName":"Adicionar item em novo pedido","Messages":[],"ComputerName":"DESKTOP-I8JNLH9","Duration":"00:00:00.0400000","StartTime":"2023-01-09T22:27:37.2224713+00:00","EndTime":"2023-01-09T22:27:37.2224714+00:00","Properties":[]}],"TestRunStatistics":{"ExecutedTests":2,"Stats":{"Passed":2}},"ActiveTests":[]}}
TpTrace Verbose: 0 : 11724, 12, 2023/01/09, 19:27:37.265, 12062762830403, vstest.console.dll, TestRunRequest:SendTestRunStatsChange: Starting.
TpTrace Verbose: 0 : 11724, 12, 2023/01/09, 19:27:37.265, 12062762832261, vstest.console.dll, MulticastDelegateUtilities.SafeInvoke: TestRun.RunStatsChanged: Invoking callbacks was skipped because there are no subscribers.
TpTrace Information: 0 : 11724, 12, 2023/01/09, 19:27:37.265, 12062762832506, vstest.console.dll, TestRunRequest:SendTestRunStatsChange: Completed.
TpTrace Verbose: 0 : 11724, 12, 2023/01/09, 19:27:37.265, 12062762832683, vstest.console.dll, MulticastDelegateUtilities.SafeInvoke: LengthPrefixCommunicationChannel: MessageReceived: Invoking callback 1/1 for Microsoft.VisualStudio.TestPlatform.CommunicationUtilities.TestRequestSender+<>c__DisplayClass31_0., took 5 ms.
TpTrace Verbose: 0 : 11724, 12, 2023/01/09, 19:27:37.265, 12062762832883, vstest.console.dll, TcpClientExtensions.MessageLoopAsync: Polling on remoteEndPoint: 127.0.0.1:49485 localEndPoint: 127.0.0.1:49481
TpTrace Verbose: 0 : 11724, 4, 2023/01/09, 19:27:37.267, 12062762848942, vstest.console.dll, MulticastDelegateUtilities.SafeInvoke: InternalTestLoggerEvents.SendTestResult: Invoking callback 1/1 for Microsoft.VisualStudio.TestPlatform.CommandLine.Internal.ConsoleLogger., took 1 ms.
TpTrace Verbose: 0 : 11724, 4, 2023/01/09, 19:27:37.267, 12062762851213, vstest.console.dll, MulticastDelegateUtilities.SafeInvoke: InternalTestLoggerEvents.SendTestResult: Invoking callback 1/1 for Microsoft.VisualStudio.TestPlatform.CommandLine.Internal.ConsoleLogger., took 0 ms.
TpTrace Verbose: 0 : 11724, 12, 2023/01/09, 19:27:37.671, 12062766889634, vstest.console.dll, TcpClientExtensions.MessageLoopAsync: NotifyDataAvailable remoteEndPoint: 127.0.0.1:49485 localEndPoint: 127.0.0.1:49481
TpTrace Verbose: 0 : 11724, 12, 2023/01/09, 19:27:37.671, 12062766890470, vstest.console.dll, TestRequestSender.OnExecutionMessageReceived: Received message: {"Version":2,"MessageType":"TestSession.Message","Payload":{"MessageLevel":0,"Message":"[xUnit.net 00:00:03.41]   Finished:    NerdStore.WebApp.Tests"}}
TpTrace Verbose: 0 : 11724, 12, 2023/01/09, 19:27:37.671, 12062766891264, vstest.console.dll, TestRunRequest:SendTestRunMessage: Starting.
TpTrace Verbose: 0 : 11724, 12, 2023/01/09, 19:27:37.671, 12062766891672, vstest.console.dll, MulticastDelegateUtilities.SafeInvoke: TestRun.LogMessages: Invoking callback 1/1 for Microsoft.VisualStudio.TestPlatform.CommandLine.TestRunResultAggregator., took 0 ms.
TpTrace Information: 0 : 11724, 12, 2023/01/09, 19:27:37.671, 12062766891843, vstest.console.dll, TestRunRequest:SendTestRunMessage: Completed.
TpTrace Verbose: 0 : 11724, 12, 2023/01/09, 19:27:37.671, 12062766891992, vstest.console.dll, MulticastDelegateUtilities.SafeInvoke: LengthPrefixCommunicationChannel: MessageReceived: Invoking callback 1/1 for Microsoft.VisualStudio.TestPlatform.CommunicationUtilities.TestRequestSender+<>c__DisplayClass31_0., took 0 ms.
TpTrace Verbose: 0 : 11724, 12, 2023/01/09, 19:27:37.671, 12062766892177, vstest.console.dll, TcpClientExtensions.MessageLoopAsync: Polling on remoteEndPoint: 127.0.0.1:49485 localEndPoint: 127.0.0.1:49481
TpTrace Verbose: 0 : 11724, 4, 2023/01/09, 19:27:37.671, 12062766892177, vstest.console.dll, MulticastDelegateUtilities.SafeInvoke: InternalTestLoggerEvents.SendTestRunMessage: Invoking callback 1/1 for Microsoft.VisualStudio.TestPlatform.CommandLine.Internal.ConsoleLogger., took 0 ms.
TpTrace Verbose: 0 : 11724, 12, 2023/01/09, 19:27:37.684, 12062767024113, vstest.console.dll, TcpClientExtensions.MessageLoopAsync: NotifyDataAvailable remoteEndPoint: 127.0.0.1:49485 localEndPoint: 127.0.0.1:49481
TpTrace Verbose: 0 : 11724, 12, 2023/01/09, 19:27:37.684, 12062767025198, vstest.console.dll, TestRequestSender.OnExecutionMessageReceived: Received message: {"Version":2,"MessageType":"TestExecution.Completed","Payload":{"TestRunCompleteArgs":{"TestRunStatistics":{"ExecutedTests":6,"Stats":{"Passed":6}},"IsCanceled":false,"IsAborted":false,"Error":null,"AttachmentSets":[],"ElapsedTimeInRunningTests":"00:00:03.4265822","Metrics":{}},"LastRunTests":{"NewTestResults":[{"TestCase":{"Id":"a0e83bb3-357e-d7fd-3c8e-1080e5176049","FullyQualifiedName":"NerdStore.WebApp.Tests.PedidoWebTests.AdicionarItem_NovoPedido_DeveAtualizarValorTotal","DisplayName":"Adicionar item em novo pedido","ExecutorUri":"executor://xunit/VsTestRunner2/netcoreapp","Source":"F:\\Projetos ASP.NET\\Curso Testes\\TestesDeSoftware\\03 - Testes de Integracao\\NerdStore.WebApp.Tests\\bin\\Debug\\netcoreapp2.2\\fine-code-coverage\\build-output\\NerdStore.WebApp.Tests.dll","CodeFilePath":null,"LineNumber":0,"Properties":[{"Key":{"Id":"TestObject.Traits","Label":"Traits","Category":"","Description":"","Attributes":5,"ValueType":"System.Collections.Generic.KeyValuePair`2[[System.String],[System.String]][]"},"Value":[{"Key":"Categoria","Value":"Integração Web - Pedido"}]}]},"Attachments":[],"Outcome":1,"ErrorMessage":null,"ErrorStackTrace":null,"DisplayName":"Adicionar item em novo pedido","Messages":[],"ComputerName":"DESKTOP-I8JNLH9","Duration":"00:00:01.9780000","StartTime":"2023-01-09T22:27:37.4748207+00:00","EndTime":"2023-01-09T22:27:37.474821+00:00","Properties":[]},{"TestCase":{"Id":"ecb5db63-c76c-b167-3bb7-367b377d9f08","FullyQualifiedName":"NerdStore.WebApp.Tests.UsuarioTests.Usuario_RealizarCadastro_DeveExecutarComSucesso","DisplayName":"Realizar cadastro com sucesso","ExecutorUri":"executor://xunit/VsTestRunner2/netcoreapp","Source":"F:\\Projetos ASP.NET\\Curso Testes\\TestesDeSoftware\\03 - Testes de Integracao\\NerdStore.WebApp.Tests\\bin\\Debug\\netcoreapp2.2\\fine-code-coverage\\build-output\\NerdStore.WebApp.Tests.dll","CodeFilePath":null,"LineNumber":0,"Properties":[{"Key":{"Id":"TestObject.Traits","Label":"Traits","Category":"","Description":"","Attributes":5,"ValueType":"System.Collections.Generic.KeyValuePair`2[[System.String],[System.String]][]"},"Value":[{"Key":"Categoria","Value":"Integração Web - Usuário"}]}]},"Attachments":[],"Outcome":1,"ErrorMessage":null,"ErrorStackTrace":null,"DisplayName":"Realizar cadastro com sucesso","Messages":[],"ComputerName":"DESKTOP-I8JNLH9","Duration":"00:00:00.1700000","StartTime":"2023-01-09T22:27:37.6452155+00:00","EndTime":"2023-01-09T22:27:37.6452156+00:00","Properties":[]},{"TestCase":{"Id":"e160f3f4-9807-f3c7-b923-9d0592a93d44","FullyQualifiedName":"NerdStore.WebApp.Tests.UsuarioTests.Usuario_RealizarLogin_DeveExecutarComSucesso","DisplayName":"Realizar login com sucesso","ExecutorUri":"executor://xunit/VsTestRunner2/netcoreapp","Source":"F:\\Projetos ASP.NET\\Curso Testes\\TestesDeSoftware\\03 - Testes de Integracao\\NerdStore.WebApp.Tests\\bin\\Debug\\netcoreapp2.2\\fine-code-coverage\\build-output\\NerdStore.WebApp.Tests.dll","CodeFilePath":null,"LineNumber":0,"Properties":[{"Key":{"Id":"TestObject.Traits","Label":"Traits","Category":"","Description":"","Attributes":5,"ValueType":"System.Collections.Generic.KeyValuePair`2[[System.String],[System.String]][]"},"Value":[{"Key":"Categoria","Value":"Integração Web - Usuário"}]}]},"Attachments":[],"Outcome":1,"ErrorMessage":null,"ErrorStackTrace":null,"DisplayName":"Realizar login com sucesso","Messages":[],"ComputerName":"DESKTOP-I8JNLH9","Duration":"00:00:00.0140000","StartTime":"2023-01-09T22:27:37.6591728+00:00","EndTime":"2023-01-09T22:27:37.6591729+00:00","Properties":[]},{"TestCase":{"Id":"614acdd2-9caf-6dd2-edd9-519cf944f311","FullyQualifiedName":"NerdStore.WebApp.Tests.UsuarioTests.Usuario_RealizarCadastroComSenhaFraca_DeveRetornarMensagemDeErro","DisplayName":"Realizar cadastro senha fraca","ExecutorUri":"executor://xunit/VsTestRunner2/netcoreapp","Source":"F:\\Projetos ASP.NET\\Curso Testes\\TestesDeSoftware\\03 - Testes de Integracao\\NerdStore.WebApp.Tests\\bin\\Debug\\netcoreapp2.2\\fine-code-coverage\\build-output\\NerdStore.WebApp.Tests.dll","CodeFilePath":null,"LineNumber":0,"Properties":[{"Key":{"Id":"TestObject.Traits","Label":"Traits","Category":"","Description":"","Attributes":5,"ValueType":"System.Collections.Generic.KeyValuePair`2[[System.String],[System.String]][]"},"Value":[{"Key":"Categoria","Value":"Integração Web - Usuário"}]}]},"Attachments":[],"Outcome":1,"ErrorMessage":null,"ErrorStackTrace":null,"DisplayName":"Realizar cadastro senha fraca","Messages":[],"ComputerName":"DESKTOP-I8JNLH9","Duration":"00:00:00.0080000","StartTime":"2023-01-09T22:27:37.6676992+00:00","EndTime":"2023-01-09T22:27:37.6676994+00:00","Properties":[]}],"TestRunStatistics":{"ExecutedTests":6,"Stats":{"Passed":6}},"ActiveTests":[]},"RunAttachments":[],"ExecutorUris":["executor://xunit/VsTestRunner2/netcoreapp"]}}
TpTrace Verbose: 0 : 11724, 12, 2023/01/09, 19:27:37.684, 12062767025973, vstest.console.dll, TestRequestSender.EndSession: Sending end session.
TpTrace Verbose: 0 : 11724, 12, 2023/01/09, 19:27:37.684, 12062767027041, vstest.console.dll, ProxyOperationManager.Close: waiting for test host to exit for 100 ms
TpTrace Warning: 0 : 11724, 11, 2023/01/09, 19:27:37.722, 12062767404962, vstest.console.dll, TestHostManagerCallbacks.ErrorReceivedCallback Test host standard error line: 
TpTrace Verbose: 0 : 11724, 11, 2023/01/09, 19:27:37.737, 12062767552670, vstest.console.dll, TestHostProvider.ExitCallBack: Host exited starting callback.
TpTrace Information: 0 : 11724, 11, 2023/01/09, 19:27:37.737, 12062767553751, vstest.console.dll, TestHostManagerCallbacks.ExitCallBack: Testhost processId: 12200 exited with exitcode: 0 error: ''
TpTrace Verbose: 0 : 11724, 11, 2023/01/09, 19:27:37.737, 12062767554004, vstest.console.dll, DotnetTestHostManager.OnHostExited: invoking OnHostExited callback
TpTrace Verbose: 0 : 11724, 11, 2023/01/09, 19:27:37.737, 12062767554302, vstest.console.dll, CrossPlatEngine.TestHostManagerHostExited: calling on client process exit callback.
TpTrace Information: 0 : 11724, 11, 2023/01/09, 19:27:37.737, 12062767554601, vstest.console.dll, TestRequestSender.OnClientProcessExit: Test host process exited. Standard error: 
TpTrace Information: 0 : 11724, 11, 2023/01/09, 19:27:37.737, 12062767554814, vstest.console.dll, SocketServer.Stop: Stop server endPoint: 127.0.0.1:49481
TpTrace Information: 0 : 11724, 11, 2023/01/09, 19:27:37.737, 12062767554951, vstest.console.dll, SocketServer.Stop: Cancellation requested. Stopping message loop.
TpTrace Information: 0 : 11724, 12, 2023/01/09, 19:27:37.737, 12062767555520, vstest.console.dll, SocketServer.Stop: Stop server endPoint: 127.0.0.1:49481
TpTrace Information: 0 : 11724, 12, 2023/01/09, 19:27:37.737, 12062767555859, vstest.console.dll, SocketServer.Stop: Cancellation requested. Stopping message loop.
TpTrace Information: 0 : 11724, 12, 2023/01/09, 19:27:37.737, 12062767556087, vstest.console.dll, Closing the connection
TpTrace Verbose: 0 : 11724, 11, 2023/01/09, 19:27:37.737, 12062767555508, vstest.console.dll, MulticastDelegateUtilities.SafeInvoke: HostProviderEvents.OnHostExited: Invoking callback 1/1 for Microsoft.VisualStudio.TestPlatform.CrossPlatEngine.Client.ProxyOperationManager., took 0 ms.
TpTrace Verbose: 0 : 11724, 12, 2023/01/09, 19:27:37.737, 12062767557571, vstest.console.dll, ProxyDataCollectionManager.InvokeDataCollectionServiceAction: Starting.
TpTrace Information: 0 : 11724, 12, 2023/01/09, 19:27:37.737, 12062767557848, vstest.console.dll, ProxyDataCollectionManager.AfterTestRunEnd: Get attachment set and invoked data collectors processId: 26600 port: 49475
TpTrace Verbose: 0 : 11724, 12, 2023/01/09, 19:27:37.737, 12062767558134, vstest.console.dll, DataCollectionRequestSender.SendAfterTestRunStartAndGetResult: Send AfterTestRunEnd message with isCancelled: False
TpTrace Verbose: 0 : 11724, 12, 2023/01/09, 19:27:37.742, 12062767603016, vstest.console.dll, DataCollectionRequestSender.SendAfterTestRunStartAndGetResult: Received message: (DataCollection.AfterTestRunEndResult) -> {"MessageType":"DataCollection.AfterTestRunEndResult","Payload":{"AttachmentSets":[],"InvokedDataCollectors":[{"Uri":"datacollector://Microsoft/TestPlatform/Extensions/Blame/v1","FriendlyName":"Blame","AssemblyQualifiedName":"Microsoft.TestPlatform.Extensions.BlameDataCollector.BlameCollector, Microsoft.TestPlatform.Extensions.BlameDataCollector, Version=15.0.0.0, Culture=neutral, PublicKeyToken=b03f5f7f11d50a3a","FilePath":"C:\\Program Files\\dotnet\\sdk\\7.0.101\\Extensions\\Microsoft.TestPlatform.Extensions.BlameDataCollector.dll","HasAttachmentProcessor":false}],"Metrics":{}}}
TpTrace Information: 0 : 11724, 12, 2023/01/09, 19:27:37.745, 12062767632723, vstest.console.dll, ProxyDataCollectionManager.InvokeDataCollectionServiceAction: Completed.
TpTrace Warning: 0 : 11724, 9, 2023/01/09, 19:27:37.751, 12062767689621, vstest.console.dll, DataCollectionLauncher.ErrorReceivedCallback datacollector standard error line: 
TpTrace Information: 0 : 11724, 9, 2023/01/09, 19:27:37.755, 12062767731903, vstest.console.dll, DataCollectionLauncher.ExitCallBack: Data collector exited with exitcode: 0 error: ''
TpTrace Verbose: 0 : 11724, 12, 2023/01/09, 19:27:37.771, 12062767889939, vstest.console.dll, TestRunRequest:SendTestRunStatsChange: Starting.
TpTrace Verbose: 0 : 11724, 12, 2023/01/09, 19:27:37.771, 12062767890616, vstest.console.dll, MulticastDelegateUtilities.SafeInvoke: TestRun.RunStatsChanged: Invoking callbacks was skipped because there are no subscribers.
TpTrace Information: 0 : 11724, 12, 2023/01/09, 19:27:37.771, 12062767890791, vstest.console.dll, TestRunRequest:SendTestRunStatsChange: Completed.
TpTrace Verbose: 0 : 11724, 4, 2023/01/09, 19:27:37.771, 12062767891722, vstest.console.dll, MulticastDelegateUtilities.SafeInvoke: InternalTestLoggerEvents.SendTestResult: Invoking callback 1/1 for Microsoft.VisualStudio.TestPlatform.CommandLine.Internal.ConsoleLogger., took 0 ms.
TpTrace Verbose: 0 : 11724, 4, 2023/01/09, 19:27:37.771, 12062767892226, vstest.console.dll, MulticastDelegateUtilities.SafeInvoke: InternalTestLoggerEvents.SendTestResult: Invoking callback 1/1 for Microsoft.VisualStudio.TestPlatform.CommandLine.Internal.ConsoleLogger., took 0 ms.
TpTrace Verbose: 0 : 11724, 4, 2023/01/09, 19:27:37.771, 12062767892490, vstest.console.dll, MulticastDelegateUtilities.SafeInvoke: InternalTestLoggerEvents.SendTestResult: Invoking callback 1/1 for Microsoft.VisualStudio.TestPlatform.CommandLine.Internal.ConsoleLogger., took 0 ms.
TpTrace Verbose: 0 : 11724, 4, 2023/01/09, 19:27:37.771, 12062767892728, vstest.console.dll, MulticastDelegateUtilities.SafeInvoke: InternalTestLoggerEvents.SendTestResult: Invoking callback 1/1 for Microsoft.VisualStudio.TestPlatform.CommandLine.Internal.ConsoleLogger., took 0 ms.
TpTrace Verbose: 0 : 11724, 12, 2023/01/09, 19:27:37.771, 12062767893249, vstest.console.dll, ParallelProxyExecutionManager: HandlePartialRunComplete: Total completed clients = 1, Run complete = True, Run canceled: False.
TpTrace Verbose: 0 : 11724, 4, 2023/01/09, 19:27:37.779, 12062767970780, vstest.console.dll, MulticastDelegateUtilities.SafeInvoke: InternalTestLoggerEvents.SendTestRunComplete: Invoking callback 1/2 for Microsoft.TestPlatform.Extensions.BlameDataCollector.BlameLogger., took 0 ms.
TpTrace Verbose: 0 : 11724, 4, 2023/01/09, 19:27:37.782, 12062768008436, vstest.console.dll, MulticastDelegateUtilities.SafeInvoke: InternalTestLoggerEvents.SendTestRunComplete: Invoking callback 2/2 for Microsoft.VisualStudio.TestPlatform.CommandLine.Internal.ConsoleLogger., took 3 ms.
TpTrace Verbose: 0 : 11724, 12, 2023/01/09, 19:27:37.783, 12062768012274, vstest.console.dll, TestRunRequest:TestRunComplete: Starting. IsAborted:False IsCanceled:False.
TpTrace Verbose: 0 : 11724, 12, 2023/01/09, 19:27:37.784, 12062768020725, vstest.console.dll, TestLoggerManager.HandleTestRunComplete: Ignoring as the object is disposed.
TpTrace Verbose: 0 : 11724, 12, 2023/01/09, 19:27:37.784, 12062768022260, vstest.console.dll, MulticastDelegateUtilities.SafeInvoke: TestRun.TestRunComplete: Invoking callback 1/2 for Microsoft.VisualStudio.TestPlatform.CommandLine.TestRunResultAggregator., took 0 ms.
TpTrace Verbose: 0 : 11724, 12, 2023/01/09, 19:27:37.784, 12062768023100, vstest.console.dll, MulticastDelegateUtilities.SafeInvoke: TestRun.TestRunComplete: Invoking callback 2/2 for Microsoft.VisualStudio.TestPlatform.CommandLine.Processors.RunTestsArgumentExecutor+TestRunRequestEventsRegistrar., took 0 ms.
TpTrace Information: 0 : 11724, 12, 2023/01/09, 19:27:37.784, 12062768023806, vstest.console.dll, TestRunRequest:TestRunComplete: Completed.
TpTrace Verbose: 0 : 11724, 12, 2023/01/09, 19:27:37.784, 12062768024040, vstest.console.dll, TestRequestSender.SetOperationComplete: Setting operation complete.
TpTrace Information: 0 : 11724, 12, 2023/01/09, 19:27:37.784, 12062768024206, vstest.console.dll, SocketServer.Stop: Stop server endPoint: 127.0.0.1:49481
TpTrace Information: 0 : 11724, 12, 2023/01/09, 19:27:37.784, 12062768024346, vstest.console.dll, SocketServer.Stop: Cancellation requested. Stopping message loop.
TpTrace Verbose: 0 : 11724, 1, 2023/01/09, 19:27:37.784, 12062768024368, vstest.console.dll, TestRunRequest.Dispose: Starting.
TpTrace Verbose: 0 : 11724, 12, 2023/01/09, 19:27:37.784, 12062768024499, vstest.console.dll, MulticastDelegateUtilities.SafeInvoke: LengthPrefixCommunicationChannel: MessageReceived: Invoking callback 1/1 for Microsoft.VisualStudio.TestPlatform.CommunicationUtilities.TestRequestSender+<>c__DisplayClass31_0., took 99 ms.
TpTrace Information: 0 : 11724, 1, 2023/01/09, 19:27:37.784, 12062768024837, vstest.console.dll, TestRunRequest.Dispose: Completed.
TpTrace Information: 0 : 11724, 1, 2023/01/09, 19:27:37.784, 12062768025161, vstest.console.dll, TestRequestManager.RunTests: run tests completed.
TpTrace Information: 0 : 11724, 12, 2023/01/09, 19:27:37.784, 12062768025218, vstest.console.dll, SocketServer.PrivateStop: Stopping server endPoint: 127.0.0.1:49481 error: 
TpTrace Information: 0 : 11724, 1, 2023/01/09, 19:27:37.784, 12062768025813, vstest.console.dll, RunTestsArgumentProcessor:Execute: Test run is completed.
TpTrace Verbose: 0 : 11724, 1, 2023/01/09, 19:27:37.784, 12062768027176, vstest.console.dll, Executor.Execute: Exiting with exit code of 0
TpTrace Verbose: 0 : 11724, 12, 2023/01/09, 19:27:37.784, 12062768027672, vstest.console.dll, LengthPrefixCommunicationChannel.Dispose: Dispose reader and writer.
TpTrace Information: 0 : 11724, 12, 2023/01/09, 19:27:37.784, 12062768028420, vstest.console.dll, SocketServer.Stop: Raise disconnected event endPoint: 127.0.0.1:49481 error: 
TpTrace Verbose: 0 : 11724, 12, 2023/01/09, 19:27:37.785, 12062768029426, vstest.console.dll, TestRequestSender: OnTestRunAbort: Operation is already complete. Skip error message.
TpTrace Verbose: 0 : 11724, 12, 2023/01/09, 19:27:37.785, 12062768029775, vstest.console.dll, MulticastDelegateUtilities.SafeInvoke: SocketServer: ClientDisconnected: Invoking callback 1/1 for Microsoft.VisualStudio.TestPlatform.CommunicationUtilities.TestRequestSender., took 0 ms.
TpTrace Verbose: 0 : 11724, 12, 2023/01/09, 19:27:37.785, 12062768029936, vstest.console.dll, TcpClientExtensions.MessageLoopAsync: exiting MessageLoopAsync remoteEndPoint: 127.0.0.1:49485 localEndPoint: 127.0.0.1:49481
