TpTrace Verbose: 0 : 28336, 1, 2023/01/09, 19:20:47.396, 12058664141485, vstest.console.dll, Version: 17.4.0-release-20221019-01 Current process architecture: X64
TpTrace Verbose: 0 : 28336, 1, 2023/01/09, 19:20:47.397, 12058664155476, vstest.console.dll, Runtime location: C:\Program Files\dotnet\shared\Microsoft.NETCore.App\7.0.1
TpTrace Verbose: 0 : 28336, 1, 2023/01/09, 19:20:47.400, 12058664178927, vstest.console.dll, ArtifactProcessingPostProcessModeProcessorExecutor.Initialize: ArtifactProcessingMode.Collect
TpTrace Verbose: 0 : 28336, 1, 2023/01/09, 19:20:47.400, 12058664179698, vstest.console.dll, TestSessionCorrelationIdProcessorModeProcessorExecutor.Initialize: TestSessionCorrelationId '8240_681b0041-d9fe-4e03-8485-78a93672543e'
TpTrace Information: 0 : 28336, 1, 2023/01/09, 19:20:47.406, 12058664239393, vstest.console.dll, FilePatternParser: The given file F:\Projetos ASP.NET\Curso Testes\TestesDeSoftware\NerdStore.Vendas.Domain.Tests\bin\Debug\net6.0\fine-code-coverage\build-output\NerdStore.Vendas.Domain.Tests.dll is a full path.
TpTrace Verbose: 0 : 28336, 1, 2023/01/09, 19:20:47.410, 12058664280468, vstest.console.dll, TestPluginCache.DiscoverTestExtensions: finding test extensions in assemblies ends with: RuntimeProvider.dll TPluginInfo: Microsoft.VisualStudio.TestPlatform.Common.ExtensionFramework.Utilities.TestRuntimePluginInformation TExtension: Microsoft.VisualStudio.TestPlatform.ObjectModel.Host.ITestRuntimeProvider
TpTrace Verbose: 0 : 28336, 1, 2023/01/09, 19:20:47.410, 12058664281857, vstest.console.dll, TestPluginCache.GetExtensionPaths: Filtered extension paths: 
TpTrace Verbose: 0 : 28336, 1, 2023/01/09, 19:20:47.410, 12058664282422, vstest.console.dll, TestPluginCache.GetExtensionPaths: Added default extension paths: C:\Program Files\dotnet\sdk\7.0.101\Extensions\Microsoft.Diagnostics.NETCore.Client.dll
C:\Program Files\dotnet\sdk\7.0.101\Extensions\Microsoft.TestPlatform.Extensions.BlameDataCollector.dll
C:\Program Files\dotnet\sdk\7.0.101\Extensions\Microsoft.TestPlatform.Extensions.EventLogCollector.dll
C:\Program Files\dotnet\sdk\7.0.101\Extensions\Microsoft.TestPlatform.TestHostRuntimeProvider.dll
C:\Program Files\dotnet\sdk\7.0.101\Extensions\Microsoft.VisualStudio.TestPlatform.Extensions.Html.TestLogger.dll
C:\Program Files\dotnet\sdk\7.0.101\Extensions\Microsoft.VisualStudio.TestPlatform.Extensions.Trx.TestLogger.dll
TpTrace Verbose: 0 : 28336, 1, 2023/01/09, 19:20:47.410, 12058664282795, vstest.console.dll, TestPluginCache.GetExtensionPaths: Added unfilterableExtensionPaths: 
TpTrace Information: 0 : 28336, 1, 2023/01/09, 19:20:47.411, 12058664290343, vstest.console.dll, AssemblyResolver.ctor: Creating AssemblyResolver with searchDirectories C:\Program Files\dotnet\sdk\7.0.101\Extensions,C:\Program Files\dotnet\sdk\7.0.101
TpTrace Verbose: 0 : 28336, 1, 2023/01/09, 19:20:47.412, 12058664303090, vstest.console.dll, TestPluginCache.DiscoverTestExtensions: Discovering the extensions using extension path.
TpTrace Verbose: 0 : 28336, 1, 2023/01/09, 19:20:47.412, 12058664304240, vstest.console.dll, TestPluginCache.GetExtensionPaths: Filtered extension paths: 
TpTrace Verbose: 0 : 28336, 1, 2023/01/09, 19:20:47.412, 12058664304592, vstest.console.dll, TestPluginCache.GetExtensionPaths: Added default extension paths: C:\Program Files\dotnet\sdk\7.0.101\Extensions\Microsoft.Diagnostics.NETCore.Client.dll
C:\Program Files\dotnet\sdk\7.0.101\Extensions\Microsoft.TestPlatform.Extensions.BlameDataCollector.dll
C:\Program Files\dotnet\sdk\7.0.101\Extensions\Microsoft.TestPlatform.Extensions.EventLogCollector.dll
C:\Program Files\dotnet\sdk\7.0.101\Extensions\Microsoft.TestPlatform.TestHostRuntimeProvider.dll
C:\Program Files\dotnet\sdk\7.0.101\Extensions\Microsoft.VisualStudio.TestPlatform.Extensions.Html.TestLogger.dll
C:\Program Files\dotnet\sdk\7.0.101\Extensions\Microsoft.VisualStudio.TestPlatform.Extensions.Trx.TestLogger.dll
TpTrace Verbose: 0 : 28336, 1, 2023/01/09, 19:20:47.412, 12058664304792, vstest.console.dll, TestPluginCache.GetExtensionPaths: Added unfilterableExtensionPaths: 
TpTrace Verbose: 0 : 28336, 1, 2023/01/09, 19:20:47.412, 12058664305776, vstest.console.dll, TestPluginCache.DiscoverTestExtensions: Discovering the extensions using allExtensionPaths: C:\Program Files\dotnet\sdk\7.0.101\Extensions\Microsoft.Diagnostics.NETCore.Client.dll
C:\Program Files\dotnet\sdk\7.0.101\Extensions\Microsoft.TestPlatform.Extensions.BlameDataCollector.dll
C:\Program Files\dotnet\sdk\7.0.101\Extensions\Microsoft.TestPlatform.Extensions.EventLogCollector.dll
C:\Program Files\dotnet\sdk\7.0.101\Extensions\Microsoft.TestPlatform.TestHostRuntimeProvider.dll
C:\Program Files\dotnet\sdk\7.0.101\Extensions\Microsoft.VisualStudio.TestPlatform.Extensions.Html.TestLogger.dll
C:\Program Files\dotnet\sdk\7.0.101\Extensions\Microsoft.VisualStudio.TestPlatform.Extensions.Trx.TestLogger.dll
TpTrace Information: 0 : 28336, 1, 2023/01/09, 19:20:47.412, 12058664306493, vstest.console.dll, AssemblyResolver.AddSearchDirectories: Adding more searchDirectories C:\Program Files\dotnet\sdk\7.0.101\Extensions,C:\Program Files\dotnet\sdk\7.0.101
TpTrace Information: 0 : 28336, 1, 2023/01/09, 19:20:47.412, 12058664306848, vstest.console.dll, AssemblyResolver.AddSearchDirectories: Adding more searchDirectories C:\Program Files\dotnet\sdk\7.0.101\Extensions,C:\Program Files\dotnet\sdk\7.0.101
TpTrace Information: 0 : 28336, 1, 2023/01/09, 19:20:47.412, 12058664307059, vstest.console.dll, AssemblyResolver.AddSearchDirectories: Adding more searchDirectories C:\Program Files\dotnet\sdk\7.0.101\Extensions,C:\Program Files\dotnet\sdk\7.0.101
TpTrace Information: 0 : 28336, 1, 2023/01/09, 19:20:47.412, 12058664307240, vstest.console.dll, AssemblyResolver.AddSearchDirectories: Adding more searchDirectories C:\Program Files\dotnet\sdk\7.0.101\Extensions,C:\Program Files\dotnet\sdk\7.0.101
TpTrace Information: 0 : 28336, 1, 2023/01/09, 19:20:47.412, 12058664307573, vstest.console.dll, AssemblyResolver.AddSearchDirectories: Adding more searchDirectories C:\Program Files\dotnet\sdk\7.0.101\Extensions,C:\Program Files\dotnet\sdk\7.0.101
TpTrace Information: 0 : 28336, 1, 2023/01/09, 19:20:47.412, 12058664307819, vstest.console.dll, AssemblyResolver.AddSearchDirectories: Adding more searchDirectories C:\Program Files\dotnet\sdk\7.0.101\Extensions,C:\Program Files\dotnet\sdk\7.0.101
TpTrace Information: 0 : 28336, 1, 2023/01/09, 19:20:47.413, 12058664310651, vstest.console.dll, AssemblyResolver.OnResolve: Microsoft.Diagnostics.NETCore.Client: Resolving assembly.
TpTrace Information: 0 : 28336, 1, 2023/01/09, 19:20:47.413, 12058664311113, vstest.console.dll, AssemblyResolver.OnResolve: Microsoft.Diagnostics.NETCore.Client: Searching in: 'C:\Program Files\dotnet\sdk\7.0.101\Extensions'.
TpTrace Information: 0 : 28336, 1, 2023/01/09, 19:20:47.419, 12058664369804, vstest.console.dll, AssemblyResolver.OnResolve: Microsoft.Diagnostics.NETCore.Client: Loading assembly 'C:\Program Files\dotnet\sdk\7.0.101\Extensions\Microsoft.Diagnostics.NETCore.Client.dll'.
TpTrace Information: 0 : 28336, 1, 2023/01/09, 19:20:47.419, 12058664374767, vstest.console.dll, AssemblyResolver.OnResolve: Resolved assembly: Microsoft.Diagnostics.NETCore.Client, from path: C:\Program Files\dotnet\sdk\7.0.101\Extensions\Microsoft.Diagnostics.NETCore.Client.dll
TpTrace Verbose: 0 : 28336, 1, 2023/01/09, 19:20:47.420, 12058664383313, vstest.console.dll, MetadataReaderExtensionsHelper: Discovering extensions inside assembly 'Microsoft.Diagnostics.NETCore.Client, Version=0.2.6.42401, Culture=neutral, PublicKeyToken=31bf3856ad364e35' file path 'C:\Program Files\dotnet\sdk\7.0.101\Extensions\Microsoft.Diagnostics.NETCore.Client.dll'
TpTrace Information: 0 : 28336, 1, 2023/01/09, 19:20:47.424, 12058664420282, vstest.console.dll, AssemblyResolver.OnResolve: Microsoft.Bcl.AsyncInterfaces: Resolving assembly.
TpTrace Information: 0 : 28336, 1, 2023/01/09, 19:20:47.424, 12058664420723, vstest.console.dll, AssemblyResolver.OnResolve: Microsoft.Bcl.AsyncInterfaces: Searching in: 'C:\Program Files\dotnet\sdk\7.0.101\Extensions'.
TpTrace Information: 0 : 28336, 1, 2023/01/09, 19:20:47.424, 12058664421310, vstest.console.dll, AssemblyResolver.OnResolve: Microsoft.Bcl.AsyncInterfaces: Assembly path does not exist: 'C:\Program Files\dotnet\sdk\7.0.101\Extensions\Microsoft.Bcl.AsyncInterfaces.dll', returning.
TpTrace Information: 0 : 28336, 1, 2023/01/09, 19:20:47.424, 12058664422169, vstest.console.dll, AssemblyResolver.OnResolve: Microsoft.Bcl.AsyncInterfaces: Assembly path does not exist: 'C:\Program Files\dotnet\sdk\7.0.101\Extensions\Microsoft.Bcl.AsyncInterfaces.exe', returning.
TpTrace Information: 0 : 28336, 1, 2023/01/09, 19:20:47.424, 12058664422418, vstest.console.dll, AssemblyResolver.OnResolve: Microsoft.Bcl.AsyncInterfaces: Searching in: 'C:\Program Files\dotnet\sdk\7.0.101'.
TpTrace Information: 0 : 28336, 1, 2023/01/09, 19:20:47.424, 12058664422982, vstest.console.dll, AssemblyResolver.OnResolve: Microsoft.Bcl.AsyncInterfaces: Assembly path does not exist: 'C:\Program Files\dotnet\sdk\7.0.101\Microsoft.Bcl.AsyncInterfaces.dll', returning.
TpTrace Information: 0 : 28336, 1, 2023/01/09, 19:20:47.424, 12058664423400, vstest.console.dll, AssemblyResolver.OnResolve: Microsoft.Bcl.AsyncInterfaces: Assembly path does not exist: 'C:\Program Files\dotnet\sdk\7.0.101\Microsoft.Bcl.AsyncInterfaces.exe', returning.
TpTrace Information: 0 : 28336, 1, 2023/01/09, 19:20:47.424, 12058664423626, vstest.console.dll, AssemblyResolver.OnResolve: Microsoft.Bcl.AsyncInterfaces: Failed to load assembly.
TpTrace Verbose: 0 : 28336, 1, 2023/01/09, 19:20:47.424, 12058664423885, vstest.console.dll, CurrentDomainAssemblyResolve: Resolving assembly 'Microsoft.Bcl.AsyncInterfaces'.
TpTrace Information: 0 : 28336, 1, 2023/01/09, 19:20:47.424, 12058664424257, vstest.console.dll, AssemblyResolver.OnResolve: Microsoft.Bcl.AsyncInterfaces: Resolving assembly.
TpTrace Information: 0 : 28336, 1, 2023/01/09, 19:20:47.424, 12058664424509, vstest.console.dll, AssemblyResolver.OnResolve: Microsoft.Bcl.AsyncInterfaces: Resolved from cache.
TpTrace Verbose: 0 : 28336, 1, 2023/01/09, 19:20:47.424, 12058664424685, vstest.console.dll, CurrentDomainAssemblyResolve: Resolving assembly 'Microsoft.Bcl.AsyncInterfaces'.
TpTrace Verbose: 0 : 28336, 1, 2023/01/09, 19:20:47.424, 12058664424904, vstest.console.dll, CurrentDomainAssemblyResolve: Failed to resolve assembly 'Microsoft.Bcl.AsyncInterfaces'.
TpTrace Verbose: 0 : 28336, 1, 2023/01/09, 19:20:47.425, 12058664432486, vstest.console.dll, CurrentDomainAssemblyResolve: Failed to resolve assembly 'Microsoft.Bcl.AsyncInterfaces'.
TpTrace Warning: 0 : 28336, 1, 2023/01/09, 19:20:47.431, 12058664490875, vstest.console.dll, TestPluginDiscoverer: Failed to get types from assembly 'Microsoft.Diagnostics.NETCore.Client, Version=0.2.6.42401, Culture=neutral, PublicKeyToken=31bf3856ad364e35'. Error: System.Reflection.ReflectionTypeLoadException: Unable to load one or more of the requested types.
Could not load file or assembly 'Microsoft.Bcl.AsyncInterfaces, Version=1.0.0.0, Culture=neutral, PublicKeyToken=cc7b13ffcd2ddd51'. O sistema não pode encontrar o arquivo especificado.
   at System.Reflection.RuntimeModule.GetTypes(RuntimeModule module)
   at System.Reflection.Assembly.GetTypes()
   at Microsoft.VisualStudio.TestPlatform.Common.ExtensionFramework.TestPluginDiscoverer.GetTestExtensionsFromAssembly[TPluginInfo,TExtension](Assembly assembly, Dictionary`2 pluginInfos, String filePath)
System.IO.FileNotFoundException: Could not load file or assembly 'Microsoft.Bcl.AsyncInterfaces, Version=1.0.0.0, Culture=neutral, PublicKeyToken=cc7b13ffcd2ddd51'. O sistema não pode encontrar o arquivo especificado.
File name: 'Microsoft.Bcl.AsyncInterfaces, Version=1.0.0.0, Culture=neutral, PublicKeyToken=cc7b13ffcd2ddd51'
 ---> System.IO.FileNotFoundException: Could not load file or assembly 'Microsoft.Bcl.AsyncInterfaces, Culture=neutral, PublicKeyToken=null'. O sistema não pode encontrar o arquivo especificado.
File name: 'Microsoft.Bcl.AsyncInterfaces, Culture=neutral, PublicKeyToken=null'
   at System.Reflection.RuntimeAssembly.InternalLoad(AssemblyName assemblyName, StackCrawlMark& stackMark, AssemblyLoadContext assemblyLoadContext, RuntimeAssembly requestingAssembly, Boolean throwOnFileNotFound)
   at System.Reflection.Assembly.Load(AssemblyName assemblyRef)
   at Microsoft.VisualStudio.TestPlatform.Common.ExtensionFramework.TestPluginCache.CurrentDomainAssemblyResolve(Object sender, AssemblyResolveEventArgs args)
   at System.Runtime.Loader.AssemblyLoadContext.GetFirstResolvedAssemblyFromResolvingEvent(AssemblyName assemblyName)
   at System.Runtime.Loader.AssemblyLoadContext.ResolveUsingEvent(AssemblyName assemblyName)
   at System.Runtime.Loader.AssemblyLoadContext.ResolveUsingResolvingEvent(IntPtr gchManagedAssemblyLoadContext, AssemblyName assemblyName)
TpTrace Warning: 0 : 28336, 1, 2023/01/09, 19:20:47.431, 12058664493531, vstest.console.dll, LoaderExceptions: System.IO.FileNotFoundException: Could not load file or assembly 'Microsoft.Bcl.AsyncInterfaces, Version=1.0.0.0, Culture=neutral, PublicKeyToken=cc7b13ffcd2ddd51'. O sistema não pode encontrar o arquivo especificado.
File name: 'Microsoft.Bcl.AsyncInterfaces, Version=1.0.0.0, Culture=neutral, PublicKeyToken=cc7b13ffcd2ddd51'
 ---> System.IO.FileNotFoundException: Could not load file or assembly 'Microsoft.Bcl.AsyncInterfaces, Culture=neutral, PublicKeyToken=null'. O sistema não pode encontrar o arquivo especificado.
File name: 'Microsoft.Bcl.AsyncInterfaces, Culture=neutral, PublicKeyToken=null'
   at System.Reflection.RuntimeAssembly.InternalLoad(AssemblyName assemblyName, StackCrawlMark& stackMark, AssemblyLoadContext assemblyLoadContext, RuntimeAssembly requestingAssembly, Boolean throwOnFileNotFound)
   at System.Reflection.Assembly.Load(AssemblyName assemblyRef)
   at Microsoft.VisualStudio.TestPlatform.Common.ExtensionFramework.TestPluginCache.CurrentDomainAssemblyResolve(Object sender, AssemblyResolveEventArgs args)
   at System.Runtime.Loader.AssemblyLoadContext.GetFirstResolvedAssemblyFromResolvingEvent(AssemblyName assemblyName)
   at System.Runtime.Loader.AssemblyLoadContext.ResolveUsingEvent(AssemblyName assemblyName)
   at System.Runtime.Loader.AssemblyLoadContext.ResolveUsingResolvingEvent(IntPtr gchManagedAssemblyLoadContext, AssemblyName assemblyName)
TpTrace Information: 0 : 28336, 1, 2023/01/09, 19:20:47.431, 12058664494810, vstest.console.dll, AssemblyResolver.OnResolve: Microsoft.TestPlatform.Extensions.BlameDataCollector: Resolving assembly.
TpTrace Information: 0 : 28336, 1, 2023/01/09, 19:20:47.431, 12058664495104, vstest.console.dll, AssemblyResolver.OnResolve: Microsoft.TestPlatform.Extensions.BlameDataCollector: Searching in: 'C:\Program Files\dotnet\sdk\7.0.101\Extensions'.
TpTrace Information: 0 : 28336, 1, 2023/01/09, 19:20:47.432, 12058664498593, vstest.console.dll, AssemblyResolver.OnResolve: Microsoft.TestPlatform.Extensions.BlameDataCollector: Loading assembly 'C:\Program Files\dotnet\sdk\7.0.101\Extensions\Microsoft.TestPlatform.Extensions.BlameDataCollector.dll'.
TpTrace Information: 0 : 28336, 1, 2023/01/09, 19:20:47.432, 12058664502402, vstest.console.dll, AssemblyResolver.OnResolve: Resolved assembly: Microsoft.TestPlatform.Extensions.BlameDataCollector, from path: C:\Program Files\dotnet\sdk\7.0.101\Extensions\Microsoft.TestPlatform.Extensions.BlameDataCollector.dll
TpTrace Verbose: 0 : 28336, 1, 2023/01/09, 19:20:47.432, 12058664502931, vstest.console.dll, MetadataReaderExtensionsHelper: Discovering extensions inside assembly 'Microsoft.TestPlatform.Extensions.BlameDataCollector, Version=15.0.0.0, Culture=neutral, PublicKeyToken=b03f5f7f11d50a3a' file path 'C:\Program Files\dotnet\sdk\7.0.101\Extensions\Microsoft.TestPlatform.Extensions.BlameDataCollector.dll'
TpTrace Information: 0 : 28336, 1, 2023/01/09, 19:20:47.433, 12058664513659, vstest.console.dll, AssemblyResolver.OnResolve: Microsoft.TestPlatform.Extensions.EventLogCollector: Resolving assembly.
TpTrace Information: 0 : 28336, 1, 2023/01/09, 19:20:47.433, 12058664514039, vstest.console.dll, AssemblyResolver.OnResolve: Microsoft.TestPlatform.Extensions.EventLogCollector: Searching in: 'C:\Program Files\dotnet\sdk\7.0.101\Extensions'.
TpTrace Information: 0 : 28336, 1, 2023/01/09, 19:20:47.433, 12058664517486, vstest.console.dll, AssemblyResolver.OnResolve: Microsoft.TestPlatform.Extensions.EventLogCollector: Loading assembly 'C:\Program Files\dotnet\sdk\7.0.101\Extensions\Microsoft.TestPlatform.Extensions.EventLogCollector.dll'.
TpTrace Information: 0 : 28336, 1, 2023/01/09, 19:20:47.434, 12058664520986, vstest.console.dll, AssemblyResolver.OnResolve: Resolved assembly: Microsoft.TestPlatform.Extensions.EventLogCollector, from path: C:\Program Files\dotnet\sdk\7.0.101\Extensions\Microsoft.TestPlatform.Extensions.EventLogCollector.dll
TpTrace Verbose: 0 : 28336, 1, 2023/01/09, 19:20:47.434, 12058664521415, vstest.console.dll, MetadataReaderExtensionsHelper: Discovering extensions inside assembly 'Microsoft.TestPlatform.Extensions.EventLogCollector, Version=15.0.0.0, Culture=neutral, PublicKeyToken=b03f5f7f11d50a3a' file path 'C:\Program Files\dotnet\sdk\7.0.101\Extensions\Microsoft.TestPlatform.Extensions.EventLogCollector.dll'
TpTrace Information: 0 : 28336, 1, 2023/01/09, 19:20:47.436, 12058664538812, vstest.console.dll, AssemblyResolver.OnResolve: Microsoft.TestPlatform.TestHostRuntimeProvider: Resolving assembly.
TpTrace Information: 0 : 28336, 1, 2023/01/09, 19:20:47.436, 12058664539205, vstest.console.dll, AssemblyResolver.OnResolve: Microsoft.TestPlatform.TestHostRuntimeProvider: Searching in: 'C:\Program Files\dotnet\sdk\7.0.101\Extensions'.
TpTrace Information: 0 : 28336, 1, 2023/01/09, 19:20:47.436, 12058664542118, vstest.console.dll, AssemblyResolver.OnResolve: Microsoft.TestPlatform.TestHostRuntimeProvider: Loading assembly 'C:\Program Files\dotnet\sdk\7.0.101\Extensions\Microsoft.TestPlatform.TestHostRuntimeProvider.dll'.
TpTrace Information: 0 : 28336, 1, 2023/01/09, 19:20:47.436, 12058664545756, vstest.console.dll, AssemblyResolver.OnResolve: Resolved assembly: Microsoft.TestPlatform.TestHostRuntimeProvider, from path: C:\Program Files\dotnet\sdk\7.0.101\Extensions\Microsoft.TestPlatform.TestHostRuntimeProvider.dll
TpTrace Verbose: 0 : 28336, 1, 2023/01/09, 19:20:47.436, 12058664546273, vstest.console.dll, MetadataReaderExtensionsHelper: Discovering extensions inside assembly 'Microsoft.TestPlatform.TestHostRuntimeProvider, Version=15.0.0.0, Culture=neutral, PublicKeyToken=b03f5f7f11d50a3a' file path 'C:\Program Files\dotnet\sdk\7.0.101\Extensions\Microsoft.TestPlatform.TestHostRuntimeProvider.dll'
TpTrace Information: 0 : 28336, 1, 2023/01/09, 19:20:47.438, 12058664558845, vstest.console.dll, GetTestExtensionFromType: Register extension with identifier data 'HostProvider://DefaultTestHost' and type 'Microsoft.VisualStudio.TestPlatform.CrossPlatEngine.Hosting.DefaultTestHostManager, Microsoft.TestPlatform.TestHostRuntimeProvider, Version=15.0.0.0, Culture=neutral, PublicKeyToken=b03f5f7f11d50a3a' inside file 'C:\Program Files\dotnet\sdk\7.0.101\Extensions\Microsoft.TestPlatform.TestHostRuntimeProvider.dll'
TpTrace Information: 0 : 28336, 1, 2023/01/09, 19:20:47.438, 12058664560637, vstest.console.dll, GetTestExtensionFromType: Register extension with identifier data 'HostProvider://DotnetTestHost' and type 'Microsoft.VisualStudio.TestPlatform.CrossPlatEngine.Hosting.DotnetTestHostManager, Microsoft.TestPlatform.TestHostRuntimeProvider, Version=15.0.0.0, Culture=neutral, PublicKeyToken=b03f5f7f11d50a3a' inside file 'C:\Program Files\dotnet\sdk\7.0.101\Extensions\Microsoft.TestPlatform.TestHostRuntimeProvider.dll'
TpTrace Information: 0 : 28336, 1, 2023/01/09, 19:20:47.438, 12058664561178, vstest.console.dll, AssemblyResolver.OnResolve: Microsoft.VisualStudio.TestPlatform.Extensions.Html.TestLogger: Resolving assembly.
TpTrace Information: 0 : 28336, 1, 2023/01/09, 19:20:47.438, 12058664561432, vstest.console.dll, AssemblyResolver.OnResolve: Microsoft.VisualStudio.TestPlatform.Extensions.Html.TestLogger: Searching in: 'C:\Program Files\dotnet\sdk\7.0.101\Extensions'.
TpTrace Information: 0 : 28336, 1, 2023/01/09, 19:20:47.438, 12058664564550, vstest.console.dll, AssemblyResolver.OnResolve: Microsoft.VisualStudio.TestPlatform.Extensions.Html.TestLogger: Loading assembly 'C:\Program Files\dotnet\sdk\7.0.101\Extensions\Microsoft.VisualStudio.TestPlatform.Extensions.Html.TestLogger.dll'.
TpTrace Information: 0 : 28336, 1, 2023/01/09, 19:20:47.438, 12058664567832, vstest.console.dll, AssemblyResolver.OnResolve: Resolved assembly: Microsoft.VisualStudio.TestPlatform.Extensions.Html.TestLogger, from path: C:\Program Files\dotnet\sdk\7.0.101\Extensions\Microsoft.VisualStudio.TestPlatform.Extensions.Html.TestLogger.dll
TpTrace Verbose: 0 : 28336, 1, 2023/01/09, 19:20:47.438, 12058664568383, vstest.console.dll, MetadataReaderExtensionsHelper: Discovering extensions inside assembly 'Microsoft.VisualStudio.TestPlatform.Extensions.Html.TestLogger, Version=15.0.0.0, Culture=neutral, PublicKeyToken=b03f5f7f11d50a3a' file path 'C:\Program Files\dotnet\sdk\7.0.101\Extensions\Microsoft.VisualStudio.TestPlatform.Extensions.Html.TestLogger.dll'
TpTrace Information: 0 : 28336, 1, 2023/01/09, 19:20:47.439, 12058664574323, vstest.console.dll, AssemblyResolver.OnResolve: Microsoft.VisualStudio.TestPlatform.Extensions.Trx.TestLogger: Resolving assembly.
TpTrace Information: 0 : 28336, 1, 2023/01/09, 19:20:47.439, 12058664574726, vstest.console.dll, AssemblyResolver.OnResolve: Microsoft.VisualStudio.TestPlatform.Extensions.Trx.TestLogger: Searching in: 'C:\Program Files\dotnet\sdk\7.0.101\Extensions'.
TpTrace Information: 0 : 28336, 1, 2023/01/09, 19:20:47.439, 12058664577604, vstest.console.dll, AssemblyResolver.OnResolve: Microsoft.VisualStudio.TestPlatform.Extensions.Trx.TestLogger: Loading assembly 'C:\Program Files\dotnet\sdk\7.0.101\Extensions\Microsoft.VisualStudio.TestPlatform.Extensions.Trx.TestLogger.dll'.
TpTrace Information: 0 : 28336, 1, 2023/01/09, 19:20:47.440, 12058664581452, vstest.console.dll, AssemblyResolver.OnResolve: Resolved assembly: Microsoft.VisualStudio.TestPlatform.Extensions.Trx.TestLogger, from path: C:\Program Files\dotnet\sdk\7.0.101\Extensions\Microsoft.VisualStudio.TestPlatform.Extensions.Trx.TestLogger.dll
TpTrace Verbose: 0 : 28336, 1, 2023/01/09, 19:20:47.440, 12058664581933, vstest.console.dll, MetadataReaderExtensionsHelper: Discovering extensions inside assembly 'Microsoft.VisualStudio.TestPlatform.Extensions.Trx.TestLogger, Version=15.0.0.0, Culture=neutral, PublicKeyToken=b03f5f7f11d50a3a' file path 'C:\Program Files\dotnet\sdk\7.0.101\Extensions\Microsoft.VisualStudio.TestPlatform.Extensions.Trx.TestLogger.dll'
TpTrace Verbose: 0 : 28336, 1, 2023/01/09, 19:20:47.441, 12058664590672, vstest.console.dll, TestPluginCache: Discovered the extensions using extension path ''.
TpTrace Verbose: 0 : 28336, 1, 2023/01/09, 19:20:47.441, 12058664591098, vstest.console.dll, TestPluginCache: Discoverers are ''.
TpTrace Verbose: 0 : 28336, 1, 2023/01/09, 19:20:47.441, 12058664591394, vstest.console.dll, TestPluginCache: Executors are ''.
TpTrace Verbose: 0 : 28336, 1, 2023/01/09, 19:20:47.441, 12058664591573, vstest.console.dll, TestPluginCache: Executors2 are ''.
TpTrace Verbose: 0 : 28336, 1, 2023/01/09, 19:20:47.441, 12058664591725, vstest.console.dll, TestPluginCache: Setting providers are ''.
TpTrace Verbose: 0 : 28336, 1, 2023/01/09, 19:20:47.441, 12058664591875, vstest.console.dll, TestPluginCache: Loggers are ''.
TpTrace Verbose: 0 : 28336, 1, 2023/01/09, 19:20:47.441, 12058664592738, vstest.console.dll, TestPluginCache: TestHosts are 'HostProvider://DefaultTestHost,HostProvider://DotnetTestHost'.
TpTrace Verbose: 0 : 28336, 1, 2023/01/09, 19:20:47.441, 12058664592990, vstest.console.dll, TestPluginCache: DataCollectors are ''.
TpTrace Information: 0 : 28336, 1, 2023/01/09, 19:20:47.449, 12058664673227, vstest.console.dll, RunTestsArgumentProcessor:Execute: Test run is starting.
TpTrace Verbose: 0 : 28336, 1, 2023/01/09, 19:20:47.449, 12058664673873, vstest.console.dll, RunTestsArgumentProcessor:Execute: Queuing Test run.
TpTrace Information: 0 : 28336, 1, 2023/01/09, 19:20:47.449, 12058664675511, vstest.console.dll, TestRequestManager.RunTests: run tests started.
TpTrace Information: 0 : 28336, 1, 2023/01/09, 19:20:47.450, 12058664683955, vstest.console.dll, AssemblyMetadataProvider.GetFrameworkName: Determined framework:'.NETCoreApp,Version=v6.0' for source: 'F:\Projetos ASP.NET\Curso Testes\TestesDeSoftware\NerdStore.Vendas.Domain.Tests\bin\Debug\net6.0\fine-code-coverage\build-output\NerdStore.Vendas.Domain.Tests.dll'
TpTrace Information: 0 : 28336, 1, 2023/01/09, 19:20:47.450, 12058664685125, vstest.console.dll, Determined framework for all sources: .NETCoreApp,Version=v6.0
TpTrace Verbose: 0 : 28336, 1, 2023/01/09, 19:20:47.450, 12058664687816, vstest.console.dll, TestRequestManager.UpdateRunSettingsIfRequired: Default architecture: X64 IsDefaultTargetArchitecture: True, Current process architecture: X64 OperatingSystem: Windows.
TpTrace Information: 0 : 28336, 1, 2023/01/09, 19:20:47.452, 12058664700698, vstest.console.dll, AssemblyMetadataProvider.GetArchitecture: Determined architecture:AnyCPU info for assembly: F:\Projetos ASP.NET\Curso Testes\TestesDeSoftware\NerdStore.Vendas.Domain.Tests\bin\Debug\net6.0\fine-code-coverage\build-output\NerdStore.Vendas.Domain.Tests.dll
TpTrace Information: 0 : 28336, 1, 2023/01/09, 19:20:47.452, 12058664701080, vstest.console.dll, Determined platform for source 'F:\Projetos ASP.NET\Curso Testes\TestesDeSoftware\NerdStore.Vendas.Domain.Tests\bin\Debug\net6.0\fine-code-coverage\build-output\NerdStore.Vendas.Domain.Tests.dll' was AnyCPU and it will use the default plaform X64.
TpTrace Information: 0 : 28336, 1, 2023/01/09, 19:20:47.452, 12058664701284, vstest.console.dll, None of the sources provided any runnable platform, using the default platform: X64
TpTrace Information: 0 : 28336, 1, 2023/01/09, 19:20:47.452, 12058664701841, vstest.console.dll, Platform was updated to 'X64'.
TpTrace Information: 0 : 28336, 1, 2023/01/09, 19:20:47.454, 12058664725351, vstest.console.dll, InferRunSettingsHelper.IsTestSettingsEnabled: Unable to navigate to RunSettings/MSTest. Current node: RunSettings
TpTrace Information: 0 : 28336, 1, 2023/01/09, 19:20:47.455, 12058664730038, vstest.console.dll, AssemblyResolver.OnResolve: Microsoft.VisualStudio.TestPlatform.Fakes: Resolving assembly.
TpTrace Information: 0 : 28336, 1, 2023/01/09, 19:20:47.455, 12058664730427, vstest.console.dll, AssemblyResolver.OnResolve: Microsoft.VisualStudio.TestPlatform.Fakes: Searching in: 'C:\Program Files\dotnet\sdk\7.0.101\Extensions'.
TpTrace Information: 0 : 28336, 1, 2023/01/09, 19:20:47.455, 12058664731166, vstest.console.dll, AssemblyResolver.OnResolve: Microsoft.VisualStudio.TestPlatform.Fakes: Assembly path does not exist: 'C:\Program Files\dotnet\sdk\7.0.101\Extensions\Microsoft.VisualStudio.TestPlatform.Fakes.dll', returning.
TpTrace Information: 0 : 28336, 1, 2023/01/09, 19:20:47.455, 12058664731639, vstest.console.dll, AssemblyResolver.OnResolve: Microsoft.VisualStudio.TestPlatform.Fakes: Assembly path does not exist: 'C:\Program Files\dotnet\sdk\7.0.101\Extensions\Microsoft.VisualStudio.TestPlatform.Fakes.exe', returning.
TpTrace Information: 0 : 28336, 1, 2023/01/09, 19:20:47.455, 12058664731877, vstest.console.dll, AssemblyResolver.OnResolve: Microsoft.VisualStudio.TestPlatform.Fakes: Searching in: 'C:\Program Files\dotnet\sdk\7.0.101'.
TpTrace Information: 0 : 28336, 1, 2023/01/09, 19:20:47.455, 12058664732321, vstest.console.dll, AssemblyResolver.OnResolve: Microsoft.VisualStudio.TestPlatform.Fakes: Assembly path does not exist: 'C:\Program Files\dotnet\sdk\7.0.101\Microsoft.VisualStudio.TestPlatform.Fakes.dll', returning.
TpTrace Information: 0 : 28336, 1, 2023/01/09, 19:20:47.455, 12058664732751, vstest.console.dll, AssemblyResolver.OnResolve: Microsoft.VisualStudio.TestPlatform.Fakes: Assembly path does not exist: 'C:\Program Files\dotnet\sdk\7.0.101\Microsoft.VisualStudio.TestPlatform.Fakes.exe', returning.
TpTrace Information: 0 : 28336, 1, 2023/01/09, 19:20:47.455, 12058664732955, vstest.console.dll, AssemblyResolver.OnResolve: Microsoft.VisualStudio.TestPlatform.Fakes: Failed to load assembly.
TpTrace Information: 0 : 28336, 1, 2023/01/09, 19:20:47.455, 12058664734699, vstest.console.dll, Failed to load assembly Microsoft.VisualStudio.TestPlatform.Fakes, Version=17.0.0.0, Culture=neutral. Reason:System.IO.FileNotFoundException: Could not load file or assembly 'Microsoft.VisualStudio.TestPlatform.Fakes, Version=17.0.0.0, Culture=neutral, PublicKeyToken=null'. O sistema não pode encontrar o arquivo especificado.
File name: 'Microsoft.VisualStudio.TestPlatform.Fakes, Version=17.0.0.0, Culture=neutral, PublicKeyToken=null'
   at System.Reflection.RuntimeAssembly.InternalLoad(AssemblyName assemblyName, StackCrawlMark& stackMark, AssemblyLoadContext assemblyLoadContext, RuntimeAssembly requestingAssembly, Boolean throwOnFileNotFound)
   at System.Reflection.Assembly.Load(AssemblyName assemblyRef)
   at Microsoft.VisualStudio.TestPlatform.Common.Utilities.FakesUtilities.LoadTestPlatformAssembly()
TpTrace Verbose: 0 : 28336, 1, 2023/01/09, 19:20:47.457, 12058664757316, vstest.console.dll, TestPluginCache.DiscoverTestExtensions: finding test extensions in assemblies ends with: TestLogger.dll TPluginInfo: Microsoft.VisualStudio.TestPlatform.Common.ExtensionFramework.Utilities.TestLoggerPluginInformation TExtension: Microsoft.VisualStudio.TestPlatform.ObjectModel.Client.ITestLogger
TpTrace Verbose: 0 : 28336, 1, 2023/01/09, 19:20:47.457, 12058664758026, vstest.console.dll, TestPluginCache.GetExtensionPaths: Filtered extension paths: 
TpTrace Verbose: 0 : 28336, 1, 2023/01/09, 19:20:47.457, 12058664758285, vstest.console.dll, TestPluginCache.GetExtensionPaths: Added default extension paths: C:\Program Files\dotnet\sdk\7.0.101\Extensions\Microsoft.Diagnostics.NETCore.Client.dll
C:\Program Files\dotnet\sdk\7.0.101\Extensions\Microsoft.TestPlatform.Extensions.BlameDataCollector.dll
C:\Program Files\dotnet\sdk\7.0.101\Extensions\Microsoft.TestPlatform.Extensions.EventLogCollector.dll
C:\Program Files\dotnet\sdk\7.0.101\Extensions\Microsoft.TestPlatform.TestHostRuntimeProvider.dll
C:\Program Files\dotnet\sdk\7.0.101\Extensions\Microsoft.VisualStudio.TestPlatform.Extensions.Html.TestLogger.dll
C:\Program Files\dotnet\sdk\7.0.101\Extensions\Microsoft.VisualStudio.TestPlatform.Extensions.Trx.TestLogger.dll
TpTrace Verbose: 0 : 28336, 1, 2023/01/09, 19:20:47.457, 12058664758519, vstest.console.dll, TestPluginCache.GetExtensionPaths: Added unfilterableExtensionPaths: 
TpTrace Information: 0 : 28336, 1, 2023/01/09, 19:20:47.458, 12058664759495, vstest.console.dll, AssemblyResolver.AddSearchDirectories: Adding more searchDirectories C:\Program Files\dotnet\sdk\7.0.101\Extensions,C:\Program Files\dotnet\sdk\7.0.101
TpTrace Verbose: 0 : 28336, 1, 2023/01/09, 19:20:47.458, 12058664759807, vstest.console.dll, TestPluginCache.DiscoverTestExtensions: Discovering the extensions using extension path.
TpTrace Verbose: 0 : 28336, 1, 2023/01/09, 19:20:47.458, 12058664760147, vstest.console.dll, TestPluginCache.GetExtensionPaths: Filtered extension paths: 
TpTrace Verbose: 0 : 28336, 1, 2023/01/09, 19:20:47.458, 12058664760364, vstest.console.dll, TestPluginCache.GetExtensionPaths: Added default extension paths: C:\Program Files\dotnet\sdk\7.0.101\Extensions\Microsoft.Diagnostics.NETCore.Client.dll
C:\Program Files\dotnet\sdk\7.0.101\Extensions\Microsoft.TestPlatform.Extensions.BlameDataCollector.dll
C:\Program Files\dotnet\sdk\7.0.101\Extensions\Microsoft.TestPlatform.Extensions.EventLogCollector.dll
C:\Program Files\dotnet\sdk\7.0.101\Extensions\Microsoft.TestPlatform.TestHostRuntimeProvider.dll
C:\Program Files\dotnet\sdk\7.0.101\Extensions\Microsoft.VisualStudio.TestPlatform.Extensions.Html.TestLogger.dll
C:\Program Files\dotnet\sdk\7.0.101\Extensions\Microsoft.VisualStudio.TestPlatform.Extensions.Trx.TestLogger.dll
TpTrace Verbose: 0 : 28336, 1, 2023/01/09, 19:20:47.458, 12058664760537, vstest.console.dll, TestPluginCache.GetExtensionPaths: Added unfilterableExtensionPaths: 
TpTrace Verbose: 0 : 28336, 1, 2023/01/09, 19:20:47.458, 12058664760742, vstest.console.dll, TestPluginCache.DiscoverTestExtensions: Discovering the extensions using allExtensionPaths: C:\Program Files\dotnet\sdk\7.0.101\Extensions\Microsoft.Diagnostics.NETCore.Client.dll
C:\Program Files\dotnet\sdk\7.0.101\Extensions\Microsoft.TestPlatform.Extensions.BlameDataCollector.dll
C:\Program Files\dotnet\sdk\7.0.101\Extensions\Microsoft.TestPlatform.Extensions.EventLogCollector.dll
C:\Program Files\dotnet\sdk\7.0.101\Extensions\Microsoft.TestPlatform.TestHostRuntimeProvider.dll
C:\Program Files\dotnet\sdk\7.0.101\Extensions\Microsoft.VisualStudio.TestPlatform.Extensions.Html.TestLogger.dll
C:\Program Files\dotnet\sdk\7.0.101\Extensions\Microsoft.VisualStudio.TestPlatform.Extensions.Trx.TestLogger.dll
TpTrace Information: 0 : 28336, 1, 2023/01/09, 19:20:47.458, 12058664761359, vstest.console.dll, AssemblyResolver.AddSearchDirectories: Adding more searchDirectories C:\Program Files\dotnet\sdk\7.0.101\Extensions,C:\Program Files\dotnet\sdk\7.0.101
TpTrace Information: 0 : 28336, 1, 2023/01/09, 19:20:47.458, 12058664761653, vstest.console.dll, AssemblyResolver.AddSearchDirectories: Adding more searchDirectories C:\Program Files\dotnet\sdk\7.0.101\Extensions,C:\Program Files\dotnet\sdk\7.0.101
TpTrace Information: 0 : 28336, 1, 2023/01/09, 19:20:47.458, 12058664761845, vstest.console.dll, AssemblyResolver.AddSearchDirectories: Adding more searchDirectories C:\Program Files\dotnet\sdk\7.0.101\Extensions,C:\Program Files\dotnet\sdk\7.0.101
TpTrace Information: 0 : 28336, 1, 2023/01/09, 19:20:47.458, 12058664762023, vstest.console.dll, AssemblyResolver.AddSearchDirectories: Adding more searchDirectories C:\Program Files\dotnet\sdk\7.0.101\Extensions,C:\Program Files\dotnet\sdk\7.0.101
TpTrace Information: 0 : 28336, 1, 2023/01/09, 19:20:47.458, 12058664762218, vstest.console.dll, AssemblyResolver.AddSearchDirectories: Adding more searchDirectories C:\Program Files\dotnet\sdk\7.0.101\Extensions,C:\Program Files\dotnet\sdk\7.0.101
TpTrace Information: 0 : 28336, 1, 2023/01/09, 19:20:47.458, 12058664762398, vstest.console.dll, AssemblyResolver.AddSearchDirectories: Adding more searchDirectories C:\Program Files\dotnet\sdk\7.0.101\Extensions,C:\Program Files\dotnet\sdk\7.0.101
TpTrace Verbose: 0 : 28336, 1, 2023/01/09, 19:20:47.458, 12058664763128, vstest.console.dll, MetadataReaderExtensionsHelper: Discovering extensions inside assembly 'Microsoft.Diagnostics.NETCore.Client, Version=0.2.6.42401, Culture=neutral, PublicKeyToken=31bf3856ad364e35' file path 'C:\Program Files\dotnet\sdk\7.0.101\Extensions\Microsoft.Diagnostics.NETCore.Client.dll'
TpTrace Information: 0 : 28336, 1, 2023/01/09, 19:20:47.459, 12058664770527, vstest.console.dll, AssemblyResolver.OnResolve: Microsoft.Bcl.AsyncInterfaces: Resolving assembly.
TpTrace Information: 0 : 28336, 1, 2023/01/09, 19:20:47.459, 12058664770917, vstest.console.dll, AssemblyResolver.OnResolve: Microsoft.Bcl.AsyncInterfaces: Resolved from cache.
TpTrace Verbose: 0 : 28336, 1, 2023/01/09, 19:20:47.459, 12058664771116, vstest.console.dll, CurrentDomainAssemblyResolve: Resolving assembly 'Microsoft.Bcl.AsyncInterfaces'.
TpTrace Information: 0 : 28336, 1, 2023/01/09, 19:20:47.459, 12058664771406, vstest.console.dll, AssemblyResolver.OnResolve: Microsoft.Bcl.AsyncInterfaces: Resolving assembly.
TpTrace Information: 0 : 28336, 1, 2023/01/09, 19:20:47.459, 12058664771598, vstest.console.dll, AssemblyResolver.OnResolve: Microsoft.Bcl.AsyncInterfaces: Resolved from cache.
TpTrace Verbose: 0 : 28336, 1, 2023/01/09, 19:20:47.459, 12058664771785, vstest.console.dll, CurrentDomainAssemblyResolve: Resolving assembly 'Microsoft.Bcl.AsyncInterfaces'.
TpTrace Verbose: 0 : 28336, 1, 2023/01/09, 19:20:47.459, 12058664771946, vstest.console.dll, CurrentDomainAssemblyResolve: Failed to resolve assembly 'Microsoft.Bcl.AsyncInterfaces'.
TpTrace Verbose: 0 : 28336, 1, 2023/01/09, 19:20:47.459, 12058664772840, vstest.console.dll, CurrentDomainAssemblyResolve: Failed to resolve assembly 'Microsoft.Bcl.AsyncInterfaces'.
TpTrace Warning: 0 : 28336, 1, 2023/01/09, 19:20:47.459, 12058664774963, vstest.console.dll, TestPluginDiscoverer: Failed to get types from assembly 'Microsoft.Diagnostics.NETCore.Client, Version=0.2.6.42401, Culture=neutral, PublicKeyToken=31bf3856ad364e35'. Error: System.Reflection.ReflectionTypeLoadException: Unable to load one or more of the requested types.
Could not load file or assembly 'Microsoft.Bcl.AsyncInterfaces, Version=1.0.0.0, Culture=neutral, PublicKeyToken=cc7b13ffcd2ddd51'. O sistema não pode encontrar o arquivo especificado.
   at System.Reflection.RuntimeModule.GetTypes(RuntimeModule module)
   at System.Reflection.Assembly.GetTypes()
   at Microsoft.VisualStudio.TestPlatform.Common.ExtensionFramework.TestPluginDiscoverer.GetTestExtensionsFromAssembly[TPluginInfo,TExtension](Assembly assembly, Dictionary`2 pluginInfos, String filePath)
System.IO.FileNotFoundException: Could not load file or assembly 'Microsoft.Bcl.AsyncInterfaces, Version=1.0.0.0, Culture=neutral, PublicKeyToken=cc7b13ffcd2ddd51'. O sistema não pode encontrar o arquivo especificado.
File name: 'Microsoft.Bcl.AsyncInterfaces, Version=1.0.0.0, Culture=neutral, PublicKeyToken=cc7b13ffcd2ddd51'
 ---> System.IO.FileNotFoundException: Could not load file or assembly 'Microsoft.Bcl.AsyncInterfaces, Culture=neutral, PublicKeyToken=null'. O sistema não pode encontrar o arquivo especificado.
File name: 'Microsoft.Bcl.AsyncInterfaces, Culture=neutral, PublicKeyToken=null'
   at System.Reflection.RuntimeAssembly.InternalLoad(AssemblyName assemblyName, StackCrawlMark& stackMark, AssemblyLoadContext assemblyLoadContext, RuntimeAssembly requestingAssembly, Boolean throwOnFileNotFound)
   at System.Reflection.Assembly.Load(AssemblyName assemblyRef)
   at Microsoft.VisualStudio.TestPlatform.Common.ExtensionFramework.TestPluginCache.CurrentDomainAssemblyResolve(Object sender, AssemblyResolveEventArgs args)
   at System.Runtime.Loader.AssemblyLoadContext.GetFirstResolvedAssemblyFromResolvingEvent(AssemblyName assemblyName)
   at System.Runtime.Loader.AssemblyLoadContext.ResolveUsingEvent(AssemblyName assemblyName)
   at System.Runtime.Loader.AssemblyLoadContext.ResolveUsingResolvingEvent(IntPtr gchManagedAssemblyLoadContext, AssemblyName assemblyName)
TpTrace Warning: 0 : 28336, 1, 2023/01/09, 19:20:47.459, 12058664775973, vstest.console.dll, LoaderExceptions: System.IO.FileNotFoundException: Could not load file or assembly 'Microsoft.Bcl.AsyncInterfaces, Version=1.0.0.0, Culture=neutral, PublicKeyToken=cc7b13ffcd2ddd51'. O sistema não pode encontrar o arquivo especificado.
File name: 'Microsoft.Bcl.AsyncInterfaces, Version=1.0.0.0, Culture=neutral, PublicKeyToken=cc7b13ffcd2ddd51'
 ---> System.IO.FileNotFoundException: Could not load file or assembly 'Microsoft.Bcl.AsyncInterfaces, Culture=neutral, PublicKeyToken=null'. O sistema não pode encontrar o arquivo especificado.
File name: 'Microsoft.Bcl.AsyncInterfaces, Culture=neutral, PublicKeyToken=null'
   at System.Reflection.RuntimeAssembly.InternalLoad(AssemblyName assemblyName, StackCrawlMark& stackMark, AssemblyLoadContext assemblyLoadContext, RuntimeAssembly requestingAssembly, Boolean throwOnFileNotFound)
   at System.Reflection.Assembly.Load(AssemblyName assemblyRef)
   at Microsoft.VisualStudio.TestPlatform.Common.ExtensionFramework.TestPluginCache.CurrentDomainAssemblyResolve(Object sender, AssemblyResolveEventArgs args)
   at System.Runtime.Loader.AssemblyLoadContext.GetFirstResolvedAssemblyFromResolvingEvent(AssemblyName assemblyName)
   at System.Runtime.Loader.AssemblyLoadContext.ResolveUsingEvent(AssemblyName assemblyName)
   at System.Runtime.Loader.AssemblyLoadContext.ResolveUsingResolvingEvent(IntPtr gchManagedAssemblyLoadContext, AssemblyName assemblyName)
TpTrace Verbose: 0 : 28336, 1, 2023/01/09, 19:20:47.459, 12058664776663, vstest.console.dll, MetadataReaderExtensionsHelper: Discovering extensions inside assembly 'Microsoft.TestPlatform.Extensions.BlameDataCollector, Version=15.0.0.0, Culture=neutral, PublicKeyToken=b03f5f7f11d50a3a' file path 'C:\Program Files\dotnet\sdk\7.0.101\Extensions\Microsoft.TestPlatform.Extensions.BlameDataCollector.dll'
TpTrace Information: 0 : 28336, 1, 2023/01/09, 19:20:47.460, 12058664781141, vstest.console.dll, GetTestExtensionFromType: Register extension with identifier data 'logger://Microsoft/TestPlatform/Extensions/Blame/v1' and type 'Microsoft.TestPlatform.Extensions.BlameDataCollector.BlameLogger, Microsoft.TestPlatform.Extensions.BlameDataCollector, Version=15.0.0.0, Culture=neutral, PublicKeyToken=b03f5f7f11d50a3a' inside file 'C:\Program Files\dotnet\sdk\7.0.101\Extensions\Microsoft.TestPlatform.Extensions.BlameDataCollector.dll'
TpTrace Verbose: 0 : 28336, 1, 2023/01/09, 19:20:47.460, 12058664781584, vstest.console.dll, MetadataReaderExtensionsHelper: Discovering extensions inside assembly 'Microsoft.TestPlatform.Extensions.EventLogCollector, Version=15.0.0.0, Culture=neutral, PublicKeyToken=b03f5f7f11d50a3a' file path 'C:\Program Files\dotnet\sdk\7.0.101\Extensions\Microsoft.TestPlatform.Extensions.EventLogCollector.dll'
TpTrace Verbose: 0 : 28336, 1, 2023/01/09, 19:20:47.460, 12058664788341, vstest.console.dll, MetadataReaderExtensionsHelper: Discovering extensions inside assembly 'Microsoft.TestPlatform.TestHostRuntimeProvider, Version=15.0.0.0, Culture=neutral, PublicKeyToken=b03f5f7f11d50a3a' file path 'C:\Program Files\dotnet\sdk\7.0.101\Extensions\Microsoft.TestPlatform.TestHostRuntimeProvider.dll'
TpTrace Verbose: 0 : 28336, 1, 2023/01/09, 19:20:47.461, 12058664794190, vstest.console.dll, MetadataReaderExtensionsHelper: Discovering extensions inside assembly 'Microsoft.VisualStudio.TestPlatform.Extensions.Html.TestLogger, Version=15.0.0.0, Culture=neutral, PublicKeyToken=b03f5f7f11d50a3a' file path 'C:\Program Files\dotnet\sdk\7.0.101\Extensions\Microsoft.VisualStudio.TestPlatform.Extensions.Html.TestLogger.dll'
TpTrace Information: 0 : 28336, 1, 2023/01/09, 19:20:47.462, 12058664800951, vstest.console.dll, GetTestExtensionFromType: Register extension with identifier data 'logger://Microsoft/TestPlatform/HtmlLogger/v1' and type 'Microsoft.VisualStudio.TestPlatform.Extensions.HtmlLogger.HtmlLogger, Microsoft.VisualStudio.TestPlatform.Extensions.Html.TestLogger, Version=15.0.0.0, Culture=neutral, PublicKeyToken=b03f5f7f11d50a3a' inside file 'C:\Program Files\dotnet\sdk\7.0.101\Extensions\Microsoft.VisualStudio.TestPlatform.Extensions.Html.TestLogger.dll'
TpTrace Verbose: 0 : 28336, 1, 2023/01/09, 19:20:47.462, 12058664801542, vstest.console.dll, MetadataReaderExtensionsHelper: Discovering extensions inside assembly 'Microsoft.VisualStudio.TestPlatform.Extensions.Trx.TestLogger, Version=15.0.0.0, Culture=neutral, PublicKeyToken=b03f5f7f11d50a3a' file path 'C:\Program Files\dotnet\sdk\7.0.101\Extensions\Microsoft.VisualStudio.TestPlatform.Extensions.Trx.TestLogger.dll'
TpTrace Information: 0 : 28336, 1, 2023/01/09, 19:20:47.462, 12058664806200, vstest.console.dll, GetTestExtensionFromType: Register extension with identifier data 'logger://Microsoft/TestPlatform/TrxLogger/v1' and type 'Microsoft.VisualStudio.TestPlatform.Extensions.TrxLogger.TrxLogger, Microsoft.VisualStudio.TestPlatform.Extensions.Trx.TestLogger, Version=15.0.0.0, Culture=neutral, PublicKeyToken=b03f5f7f11d50a3a' inside file 'C:\Program Files\dotnet\sdk\7.0.101\Extensions\Microsoft.VisualStudio.TestPlatform.Extensions.Trx.TestLogger.dll'
TpTrace Verbose: 0 : 28336, 1, 2023/01/09, 19:20:47.462, 12058664806862, vstest.console.dll, TestPluginCache: Discovered the extensions using extension path ''.
TpTrace Verbose: 0 : 28336, 1, 2023/01/09, 19:20:47.462, 12058664807129, vstest.console.dll, TestPluginCache: Discoverers are ''.
TpTrace Verbose: 0 : 28336, 1, 2023/01/09, 19:20:47.462, 12058664807290, vstest.console.dll, TestPluginCache: Executors are ''.
TpTrace Verbose: 0 : 28336, 1, 2023/01/09, 19:20:47.462, 12058664807437, vstest.console.dll, TestPluginCache: Executors2 are ''.
TpTrace Verbose: 0 : 28336, 1, 2023/01/09, 19:20:47.462, 12058664807581, vstest.console.dll, TestPluginCache: Setting providers are ''.
TpTrace Verbose: 0 : 28336, 1, 2023/01/09, 19:20:47.462, 12058664808127, vstest.console.dll, TestPluginCache: Loggers are 'logger://Microsoft/TestPlatform/Extensions/Blame/v1,logger://Microsoft/TestPlatform/HtmlLogger/v1,logger://Microsoft/TestPlatform/TrxLogger/v1'.
TpTrace Verbose: 0 : 28336, 1, 2023/01/09, 19:20:47.462, 12058664808462, vstest.console.dll, TestPluginCache: TestHosts are 'HostProvider://DefaultTestHost,HostProvider://DotnetTestHost'.
TpTrace Verbose: 0 : 28336, 1, 2023/01/09, 19:20:47.463, 12058664808694, vstest.console.dll, TestPluginCache: DataCollectors are ''.
TpTrace Information: 0 : 28336, 1, 2023/01/09, 19:20:47.463, 12058664814812, vstest.console.dll, TestPluginManager.CreateTestExtension: Attempting to load test extension: Microsoft.TestPlatform.Extensions.BlameDataCollector.BlameLogger
TpTrace Verbose: 0 : 28336, 1, 2023/01/09, 19:20:47.469, 12058664870537, vstest.console.dll, TestEngine: Initializing Parallel Execution as MaxCpuCount is set to: 1
TpTrace Information: 0 : 28336, 1, 2023/01/09, 19:20:47.470, 12058664882174, vstest.console.dll, TestPluginManager.CreateTestExtension: Attempting to load test extension: Microsoft.VisualStudio.TestPlatform.CrossPlatEngine.Hosting.DefaultTestHostManager
TpTrace Information: 0 : 28336, 1, 2023/01/09, 19:20:47.471, 12058664892086, vstest.console.dll, TestPluginManager.CreateTestExtension: Attempting to load test extension: Microsoft.VisualStudio.TestPlatform.CrossPlatEngine.Hosting.DotnetTestHostManager
TpTrace Information: 0 : 28336, 1, 2023/01/09, 19:20:47.471, 12058664896745, vstest.console.dll, InferRunSettingsHelper.IsTestSettingsEnabled: Unable to navigate to RunSettings/MSTest. Current node: RunSettings
TpTrace Verbose: 0 : 28336, 1, 2023/01/09, 19:20:47.474, 12058664927480, vstest.console.dll, TestEngine.GetExecutionManager: Chosen execution manager 'Microsoft.VisualStudio.TestPlatform.CrossPlatEngine.Client.Parallel.ParallelProxyExecutionManager, Microsoft.TestPlatform.CrossPlatEngine, Version=15.0.0.0, Culture=neutral, PublicKeyToken=b03f5f7f11d50a3a' ParallelLevel '1'.
TpTrace Verbose: 0 : 28336, 1, 2023/01/09, 19:20:47.475, 12058664928713, vstest.console.dll, TestRunRequest.ExecuteAsync: Creating test run request.
TpTrace Verbose: 0 : 28336, 1, 2023/01/09, 19:20:47.475, 12058664930649, vstest.console.dll, TestRunRequest.ExecuteAsync: Starting.
TpTrace Information: 0 : 28336, 1, 2023/01/09, 19:20:47.475, 12058664934600, vstest.console.dll, TestRunRequest.ExecuteAsync: Starting run with settings:TestRunCriteria:
   KeepAlive=False,FrequencyOfRunStatsChangeEvent=10,RunStatsChangeEventTimeout=00:00:01.5000000,TestCaseFilter=,TestExecutorLauncher=
   Settingsxml=<RunSettings>
  <RunConfiguration>
    <ResultsDirectory>F:\Projetos ASP.NET\Curso Testes\TestesDeSoftware\NerdStore.Vendas.Domain.Tests\bin\Debug\net6.0\fine-code-coverage\coverage-tool-output</ResultsDirectory>
    <TargetPlatform>X64</TargetPlatform>
    <TargetFrameworkVersion>.NETCoreApp,Version=v6.0</TargetFrameworkVersion>
    <DesignMode>False</DesignMode>
    <CollectSourceInformation>False</CollectSourceInformation>
  </RunConfiguration>
  <LoggerRunSettings>
    <Loggers>
      <Logger friendlyName="blame" enabled="True" />
      <Logger friendlyName="Console" uri="logger://microsoft/TestPlatform/ConsoleLogger/v1" assemblyQualifiedName="Microsoft.VisualStudio.TestPlatform.CommandLine.Internal.ConsoleLogger, vstest.console, Version=15.0.0.0, Culture=neutral, PublicKeyToken=b03f5f7f11d50a3a" codeBase="C:\Program Files\dotnet\sdk\7.0.101\vstest.console.dll" enabled="True" />
    </Loggers>
  </LoggerRunSettings>
  <DataCollectionRunSettings>
    <DataCollectors>
      <DataCollector friendlyName="blame" enabled="True">
        <Configuration>
          <ResultsDirectory>F:\Projetos ASP.NET\Curso Testes\TestesDeSoftware\NerdStore.Vendas.Domain.Tests\bin\Debug\net6.0\fine-code-coverage\coverage-tool-output</ResultsDirectory>
        </Configuration>
      </DataCollector>
    </DataCollectors>
  </DataCollectionRunSettings>
</RunSettings>

TpTrace Verbose: 0 : 28336, 1, 2023/01/09, 19:20:47.475, 12058664935079, vstest.console.dll, TestRunRequest.ExecuteAsync: Wait for the first run request is over.
TpTrace Verbose: 0 : 28336, 1, 2023/01/09, 19:20:47.475, 12058664938360, vstest.console.dll, MulticastDelegateUtilities.SafeInvoke: TestRun.TestRunStart: Invoking callbacks was skipped because there are no subscribers.
TpTrace Verbose: 0 : 28336, 4, 2023/01/09, 19:20:47.476, 12058664940145, vstest.console.dll, MulticastDelegateUtilities.SafeInvoke: InternalTestLoggerEvents.SendTestRunStart: Invoking callback 1/1 for Microsoft.VisualStudio.TestPlatform.CommandLine.Internal.ConsoleLogger., took 0 ms.
TpTrace Verbose: 0 : 28336, 1, 2023/01/09, 19:20:47.477, 12058664949647, vstest.console.dll, ParallelProxyExecutionManager: Start execution. Total sources: 1
TpTrace Verbose: 0 : 28336, 1, 2023/01/09, 19:20:47.479, 12058664973989, vstest.console.dll, TestRequestSender is acting as server.
TpTrace Verbose: 0 : 28336, 1, 2023/01/09, 19:20:47.480, 12058664983292, vstest.console.dll, DataCollectionRequestSender.InitializeCommunication : Initialize communication. 
TpTrace Information: 0 : 28336, 1, 2023/01/09, 19:20:47.483, 12058665008747, vstest.console.dll, Listening on Endpoint : 127.0.0.1:49153
TpTrace Verbose: 0 : 28336, 1, 2023/01/09, 19:20:47.488, 12058665061789, vstest.console.dll, DotnetDataCollectionLauncher: Adding  --runtimeconfig "C:\Program Files\dotnet\sdk\7.0.101\datacollector.runtimeconfig.json" in args
TpTrace Verbose: 0 : 28336, 1, 2023/01/09, 19:20:47.488, 12058665062674, vstest.console.dll, DotnetDataCollectionLauncher: Adding  --depsfile "C:\Program Files\dotnet\sdk\7.0.101\datacollector.deps.json" in args
TpTrace Verbose: 0 : 28336, 1, 2023/01/09, 19:20:47.488, 12058665063711, vstest.console.dll, DotnetDataCollectionLauncher: Full path of dotnet.exe is C:\Program Files\dotnet\dotnet.exe
TpTrace Information: 0 : 28336, 1, 2023/01/09, 19:20:47.493, 12058665112826, vstest.console.dll, ProxyDataCollectionManager.Initialize: Launched datacollector processId: 7716 port: 49153
TpTrace Information: 0 : 28336, 1, 2023/01/09, 19:20:47.493, 12058665113993, vstest.console.dll, ProxyDataCollectionManager.Initialize: waiting for connection with timeout: 90 seconds
TpTrace Verbose: 0 : 28336, 1, 2023/01/09, 19:20:47.493, 12058665114670, vstest.console.dll, DataCollectionRequestSender.WaitForRequestHandlerConnection : Waiting for connection with timeout: 90000
TpTrace Information: 0 : 28336, 7, 2023/01/09, 19:20:47.600, 12058666183057, vstest.console.dll, Using the buffer size of 16384 bytes
TpTrace Information: 0 : 28336, 7, 2023/01/09, 19:20:47.600, 12058666183934, vstest.console.dll, Accepted Client request and set the flag
TpTrace Verbose: 0 : 28336, 1, 2023/01/09, 19:20:47.600, 12058666183667, vstest.console.dll, SocketCommunicationManager.WaitForClientConnection took: 106 ms, with 90000 ms timeout, and finished with True.
TpTrace Verbose: 0 : 28336, 1, 2023/01/09, 19:20:47.600, 12058666184916, vstest.console.dll, ProxyDataCollectionManager.InvokeDataCollectionServiceAction: Starting.
TpTrace Information: 0 : 28336, 1, 2023/01/09, 19:20:47.600, 12058666185388, vstest.console.dll, ProxyDataCollectionManager.BeforeTestRunStart: Get environment variable and port for datacollector processId: 7716 port: 49153
TpTrace Verbose: 0 : 28336, 1, 2023/01/09, 19:20:47.600, 12058666186022, vstest.console.dll, DataCollectionRequestSender.SendBeforeTestRunStartAndGetResult: Send BeforeTestRunStart message with settingsXml <RunSettings><RunConfiguration><ResultsDirectory>F:\Projetos ASP.NET\Curso Testes\TestesDeSoftware\NerdStore.Vendas.Domain.Tests\bin\Debug\net6.0\fine-code-coverage\coverage-tool-output</ResultsDirectory><TargetPlatform>X64</TargetPlatform><TargetFrameworkVersion>.NETCoreApp,Version=v6.0</TargetFrameworkVersion><DesignMode>False</DesignMode><CollectSourceInformation>False</CollectSourceInformation><TestAdaptersPaths>C:\Program Files\dotnet\sdk\7.0.101\Extensions</TestAdaptersPaths></RunConfiguration><LoggerRunSettings><Loggers><Logger friendlyName="blame" enabled="True" /><Logger friendlyName="Console" uri="logger://microsoft/TestPlatform/ConsoleLogger/v1" assemblyQualifiedName="Microsoft.VisualStudio.TestPlatform.CommandLine.Internal.ConsoleLogger, vstest.console, Version=15.0.0.0, Culture=neutral, PublicKeyToken=b03f5f7f11d50a3a" codeBase="C:\Program Files\dotnet\sdk\7.0.101\vstest.console.dll" enabled="True" /></Loggers></LoggerRunSettings><DataCollectionRunSettings><DataCollectors><DataCollector friendlyName="blame" enabled="True"><Configuration><ResultsDirectory>F:\Projetos ASP.NET\Curso Testes\TestesDeSoftware\NerdStore.Vendas.Domain.Tests\bin\Debug\net6.0\fine-code-coverage\coverage-tool-output</ResultsDirectory></Configuration></DataCollector></DataCollectors></DataCollectionRunSettings></RunSettings> and sources System.Collections.Generic.List`1[System.String]: 
TpTrace Verbose: 0 : 28336, 1, 2023/01/09, 19:20:47.659, 12058666769173, vstest.console.dll, DataCollectionRequestSender.SendBeforeTestRunStartAndGetResult: Received message: (DataCollection.SendMessage) -> {"MessageType":"DataCollection.SendMessage","Payload":{"FriendlyName":null,"Uri":null,"TestCaseId":"00000000-0000-0000-0000-000000000000","Message":"Logging DataCollector Diagnostics in file: F:\\Projetos ASP.NET\\Curso Testes\\TestesDeSoftware\\NerdStore.Vendas.Domain.Tests\\bin\\Debug\\net6.0\\fine-code-coverage\\coverage-tool-output\\diagnostics.datacollector.23-01-09_19-20-47_48815_1.log","Level":0}}
TpTrace Verbose: 0 : 28336, 1, 2023/01/09, 19:20:47.721, 12058667393720, vstest.console.dll, DataCollectionRequestSender.SendBeforeTestRunStartAndGetResult: Received message: (DataCollection.BeforeTestRunStartResult) -> {"MessageType":"DataCollection.BeforeTestRunStartResult","Payload":{"EnvironmentVariables":{},"DataCollectionEventsPort":49156}}
TpTrace Information: 0 : 28336, 1, 2023/01/09, 19:20:47.725, 12058667429800, vstest.console.dll, ProxyDataCollectionManager.BeforeTestRunStart: SendBeforeTestRunStartAndGetResult successful, env variable from datacollector:   and testhost port: 49156
TpTrace Information: 0 : 28336, 1, 2023/01/09, 19:20:47.725, 12058667430571, vstest.console.dll, ProxyDataCollectionManager.InvokeDataCollectionServiceAction: Completed.
TpTrace Verbose: 0 : 28336, 7, 2023/01/09, 19:20:47.725, 12058667431459, vstest.console.dll, ParallelProxyExecutionManager: Execution started. Started clients: 1
TpTrace Verbose: 0 : 28336, 1, 2023/01/09, 19:20:47.725, 12058667431625, vstest.console.dll, ProxyParallelExecutionManager: No sources available for execution.
TpTrace Information: 0 : 28336, 1, 2023/01/09, 19:20:47.725, 12058667432324, vstest.console.dll, TestRunRequest.ExecuteAsync: Started.
TpTrace Verbose: 0 : 28336, 1, 2023/01/09, 19:20:47.725, 12058667432845, vstest.console.dll, TestRunRequest.WaitForCompletion: Waiting with timeout -1.
TpTrace Verbose: 0 : 28336, 7, 2023/01/09, 19:20:47.725, 12058667433388, vstest.console.dll, TestRunRequest:SendTestRunMessage: Starting.
TpTrace Verbose: 0 : 28336, 7, 2023/01/09, 19:20:47.725, 12058667434479, vstest.console.dll, MulticastDelegateUtilities.SafeInvoke: TestRun.LogMessages: Invoking callback 1/1 for Microsoft.VisualStudio.TestPlatform.CommandLine.TestRunResultAggregator., took 0 ms.
TpTrace Information: 0 : 28336, 7, 2023/01/09, 19:20:47.725, 12058667434744, vstest.console.dll, TestRunRequest:SendTestRunMessage: Completed.
TpTrace Verbose: 0 : 28336, 4, 2023/01/09, 19:20:47.725, 12058667435721, vstest.console.dll, MulticastDelegateUtilities.SafeInvoke: InternalTestLoggerEvents.SendTestRunMessage: Invoking callback 1/1 for Microsoft.VisualStudio.TestPlatform.CommandLine.Internal.ConsoleLogger., took 0 ms.
TpTrace Verbose: 0 : 28336, 7, 2023/01/09, 19:20:47.725, 12058667436404, vstest.console.dll, ProxyExecutionManager: Test host is always Lazy initialize.
TpTrace Verbose: 0 : 28336, 7, 2023/01/09, 19:20:47.725, 12058667438449, vstest.console.dll, TestRequestSender.InitializeCommunication: initialize communication. 
TpTrace Information: 0 : 28336, 7, 2023/01/09, 19:20:47.726, 12058667442095, vstest.console.dll, SocketServer.Start: Listening on endpoint : 127.0.0.1:49157
TpTrace Verbose: 0 : 28336, 7, 2023/01/09, 19:20:47.726, 12058667447621, vstest.console.dll, DotnetTestHostmanager.GetTestHostProcessStartInfo: Platform environment 'X64' target architecture 'X64' framework '.NETCoreApp,Version=v6.0' OS 'Windows'
TpTrace Verbose: 0 : 28336, 7, 2023/01/09, 19:20:47.727, 12058667449253, vstest.console.dll, DotnetTestHostmanager: Adding  --runtimeconfig "F:\Projetos ASP.NET\Curso Testes\TestesDeSoftware\NerdStore.Vendas.Domain.Tests\bin\Debug\net6.0\fine-code-coverage\build-output\NerdStore.Vendas.Domain.Tests.runtimeconfig.json" in args
TpTrace Verbose: 0 : 28336, 7, 2023/01/09, 19:20:47.727, 12058667451398, vstest.console.dll, DotnetTestHostmanager: Adding  --depsfile "F:\Projetos ASP.NET\Curso Testes\TestesDeSoftware\NerdStore.Vendas.Domain.Tests\bin\Debug\net6.0\fine-code-coverage\build-output\NerdStore.Vendas.Domain.Tests.deps.json" in args
TpTrace Verbose: 0 : 28336, 7, 2023/01/09, 19:20:47.727, 12058667455357, vstest.console.dll, DotnetTestHostmanager.IsWinOnArm: Current PROCESSOR_ARCHITECTURE from environment variable 'AMD64'
TpTrace Verbose: 0 : 28336, 7, 2023/01/09, 19:20:47.727, 12058667457487, vstest.console.dll, DotnetTestHostmanager.IsWinOnArm: Is Windows on ARM 'False'
TpTrace Verbose: 0 : 28336, 7, 2023/01/09, 19:20:47.727, 12058667458301, vstest.console.dll, DotnetTestHostManager: testhost.exe found at path: F:\Projetos ASP.NET\Curso Testes\TestesDeSoftware\NerdStore.Vendas.Domain.Tests\bin\Debug\net6.0\fine-code-coverage\build-output\testhost.exe
TpTrace Verbose: 0 : 28336, 7, 2023/01/09, 19:20:47.728, 12058667458619, vstest.console.dll, DotnetTestHostmanager: Full path of host exe is F:\Projetos ASP.NET\Curso Testes\TestesDeSoftware\NerdStore.Vendas.Domain.Tests\bin\Debug\net6.0\fine-code-coverage\build-output\testhost.exe
TpTrace Verbose: 0 : 28336, 7, 2023/01/09, 19:20:47.728, 12058667459796, vstest.console.dll, DotnetTestHostmanager.LaunchTestHostAsync: Found 'VSTEST_WINAPPHOST_DOTNET_ROOT' in env variables, value 'C:\Program Files\dotnet', forwarding to 'DOTNET_ROOT'
TpTrace Verbose: 0 : 28336, 7, 2023/01/09, 19:20:47.728, 12058667461532, vstest.console.dll, DotnetTestHostManager: Starting process 'F:\Projetos ASP.NET\Curso Testes\TestesDeSoftware\NerdStore.Vendas.Domain.Tests\bin\Debug\net6.0\fine-code-coverage\build-output\testhost.exe' with command line ' --runtimeconfig "F:\Projetos ASP.NET\Curso Testes\TestesDeSoftware\NerdStore.Vendas.Domain.Tests\bin\Debug\net6.0\fine-code-coverage\build-output\NerdStore.Vendas.Domain.Tests.runtimeconfig.json" --depsfile "F:\Projetos ASP.NET\Curso Testes\TestesDeSoftware\NerdStore.Vendas.Domain.Tests\bin\Debug\net6.0\fine-code-coverage\build-output\NerdStore.Vendas.Domain.Tests.deps.json" --port 49157 --endpoint 127.0.0.1:049157 --role client --parentprocessid 28336 --diag "F:\Projetos ASP.NET\Curso Testes\TestesDeSoftware\NerdStore.Vendas.Domain.Tests\bin\Debug\net6.0\fine-code-coverage\coverage-tool-output\diagnostics.host.23-01-09_19-20-47_72662_7.log" --tracelevel 4 --datacollectionport 49156 --telemetryoptedin false'
TpTrace Verbose: 0 : 28336, 7, 2023/01/09, 19:20:47.733, 12058667511353, vstest.console.dll, MulticastDelegateUtilities.SafeInvoke: HostProviderEvents.OnHostLaunched: Invoking callback 1/2 for Microsoft.VisualStudio.TestPlatform.CrossPlatEngine.Client.ProxyExecutionManagerWithDataCollection., took 0 ms.
TpTrace Verbose: 0 : 28336, 7, 2023/01/09, 19:20:47.733, 12058667513440, vstest.console.dll, Test Runtime launched
TpTrace Verbose: 0 : 28336, 7, 2023/01/09, 19:20:47.733, 12058667513920, vstest.console.dll, MulticastDelegateUtilities.SafeInvoke: HostProviderEvents.OnHostLaunched: Invoking callback 2/2 for Microsoft.VisualStudio.TestPlatform.CrossPlatEngine.Client.ProxyOperationManager., took 0 ms.
TpTrace Verbose: 0 : 28336, 7, 2023/01/09, 19:20:47.733, 12058667514917, vstest.console.dll, TestRequestSender.WaitForRequestHandlerConnection: waiting for connection with timeout: 90000.
TpTrace Verbose: 0 : 28336, 7, 2023/01/09, 19:20:47.837, 12058668554126, vstest.console.dll, TestRequestSender.WaitForRequestHandlerConnection: waiting took 103 ms, with timeout 90000 ms, and result 0, which is success.
TpTrace Verbose: 0 : 28336, 11, 2023/01/09, 19:20:47.837, 12058668554130, vstest.console.dll, MulticastDelegateUtilities.SafeInvoke: SocketServer: ClientConnected: Invoking callback 1/1 for Microsoft.VisualStudio.TestPlatform.CommunicationUtilities.TestRequestSender., took 0 ms.
TpTrace Verbose: 0 : 28336, 11, 2023/01/09, 19:20:47.837, 12058668555269, vstest.console.dll, SocketServer.OnClientConnected: Client connected for endPoint: 127.0.0.1:49157, starting MessageLoopAsync:
TpTrace Verbose: 0 : 28336, 13, 2023/01/09, 19:20:47.837, 12058668557134, vstest.console.dll, TcpClientExtensions.MessageLoopAsync: Polling on remoteEndPoint: 127.0.0.1:49158 localEndPoint: 127.0.0.1:49157
TpTrace Verbose: 0 : 28336, 7, 2023/01/09, 19:20:47.838, 12058668560700, vstest.console.dll, TestRequestSender.CheckVersionWithTestHost: Sending check version message: {"MessageType":"ProtocolVersion","Payload":7}
TpTrace Verbose: 0 : 28336, 13, 2023/01/09, 19:20:47.939, 12058669576249, vstest.console.dll, TcpClientExtensions.MessageLoopAsync: NotifyDataAvailable remoteEndPoint: 127.0.0.1:49158 localEndPoint: 127.0.0.1:49157
TpTrace Verbose: 0 : 28336, 13, 2023/01/09, 19:20:47.939, 12058669577776, vstest.console.dll, TestRequestSender.CheckVersionWithTestHost: onMessageReceived received message: (ProtocolVersion) -> {"MessageType":"ProtocolVersion","Payload":5}
TpTrace Verbose: 0 : 28336, 13, 2023/01/09, 19:20:47.940, 12058669582394, vstest.console.dll, MulticastDelegateUtilities.SafeInvoke: LengthPrefixCommunicationChannel: MessageReceived: Invoking callback 1/1 for Microsoft.VisualStudio.TestPlatform.CommunicationUtilities.TestRequestSender+<>c__DisplayClass26_0., took 0 ms.
TpTrace Verbose: 0 : 28336, 13, 2023/01/09, 19:20:47.940, 12058669583072, vstest.console.dll, TcpClientExtensions.MessageLoopAsync: Polling on remoteEndPoint: 127.0.0.1:49158 localEndPoint: 127.0.0.1:49157
TpTrace Verbose: 0 : 28336, 7, 2023/01/09, 19:20:47.940, 12058669583270, vstest.console.dll, TestPluginCache.GetExtensionPaths: Filtered extension paths: 
TpTrace Verbose: 0 : 28336, 7, 2023/01/09, 19:20:47.940, 12058669583711, vstest.console.dll, TestPluginCache.GetExtensionPaths: Added default extension paths: C:\Program Files\dotnet\sdk\7.0.101\Extensions\Microsoft.Diagnostics.NETCore.Client.dll
C:\Program Files\dotnet\sdk\7.0.101\Extensions\Microsoft.TestPlatform.Extensions.BlameDataCollector.dll
C:\Program Files\dotnet\sdk\7.0.101\Extensions\Microsoft.TestPlatform.Extensions.EventLogCollector.dll
C:\Program Files\dotnet\sdk\7.0.101\Extensions\Microsoft.TestPlatform.TestHostRuntimeProvider.dll
C:\Program Files\dotnet\sdk\7.0.101\Extensions\Microsoft.VisualStudio.TestPlatform.Extensions.Html.TestLogger.dll
C:\Program Files\dotnet\sdk\7.0.101\Extensions\Microsoft.VisualStudio.TestPlatform.Extensions.Trx.TestLogger.dll
TpTrace Verbose: 0 : 28336, 7, 2023/01/09, 19:20:47.940, 12058669583918, vstest.console.dll, TestPluginCache.GetExtensionPaths: Added unfilterableExtensionPaths: 
TpTrace Verbose: 0 : 28336, 7, 2023/01/09, 19:20:47.942, 12058669603694, vstest.console.dll, TestRequestSender.InitializeExecution: Sending initialize execution with message: {"Version":5,"MessageType":"TestExecution.Initialize","Payload":["F:\\Projetos ASP.NET\\Curso Testes\\TestesDeSoftware\\NerdStore.Vendas.Domain.Tests\\bin\\Debug\\net6.0\\fine-code-coverage\\build-output\\xunit.runner.visualstudio.dotnetcore.testadapter.dll"]}
TpTrace Warning: 0 : 28336, 7, 2023/01/09, 19:20:47.942, 12058669606667, vstest.console.dll, InferRunSettingsHelper.MakeRunsettingsCompatible: Removing the following settings: TargetPlatform from RunSettings file. To use those settings please move to latest version of Microsoft.NET.Test.Sdk
TpTrace Verbose: 0 : 28336, 13, 2023/01/09, 19:20:47.947, 12058669653617, vstest.console.dll, TcpClientExtensions.MessageLoopAsync: NotifyDataAvailable remoteEndPoint: 127.0.0.1:49158 localEndPoint: 127.0.0.1:49157
TpTrace Verbose: 0 : 28336, 13, 2023/01/09, 19:20:47.947, 12058669656085, vstest.console.dll, TestRequestSender.OnExecutionMessageReceived: Received message: {"Version":5,"MessageType":"TestSession.Message","Payload":{"MessageLevel":0,"Message":"Logging TestHost Diagnostics in file: F:\\Projetos ASP.NET\\Curso Testes\\TestesDeSoftware\\NerdStore.Vendas.Domain.Tests\\bin\\Debug\\net6.0\\fine-code-coverage\\coverage-tool-output\\diagnostics.host.23-01-09_19-20-47_72662_7.log"}}
TpTrace Verbose: 0 : 28336, 7, 2023/01/09, 19:20:47.948, 12058669662377, vstest.console.dll, TestRequestSender.StartTestRun: Sending test run with message: {"Version":5,"MessageType":"TestExecution.StartWithSources","Payload":{"AdapterSourceMap":{"_none_":["F:\\Projetos ASP.NET\\Curso Testes\\TestesDeSoftware\\NerdStore.Vendas.Domain.Tests\\bin\\Debug\\net6.0\\fine-code-coverage\\build-output\\NerdStore.Vendas.Domain.Tests.dll"]},"RunSettings":"<RunSettings>\r\n  <RunConfiguration>\r\n    <ResultsDirectory>F:\\Projetos ASP.NET\\Curso Testes\\TestesDeSoftware\\NerdStore.Vendas.Domain.Tests\\bin\\Debug\\net6.0\\fine-code-coverage\\coverage-tool-output</ResultsDirectory>\r\n    <TargetFrameworkVersion>.NETCoreApp,Version=v6.0</TargetFrameworkVersion>\r\n    <DesignMode>False</DesignMode>\r\n    <CollectSourceInformation>False</CollectSourceInformation>\r\n  </RunConfiguration>\r\n  <LoggerRunSettings>\r\n    <Loggers>\r\n      <Logger friendlyName=\"blame\" enabled=\"True\" />\r\n      <Logger friendlyName=\"Console\" uri=\"logger://microsoft/TestPlatform/ConsoleLogger/v1\" assemblyQualifiedName=\"Microsoft.VisualStudio.TestPlatform.CommandLine.Internal.ConsoleLogger, vstest.console, Version=15.0.0.0, Culture=neutral, PublicKeyToken=b03f5f7f11d50a3a\" codeBase=\"C:\\Program Files\\dotnet\\sdk\\7.0.101\\vstest.console.dll\" enabled=\"True\" />\r\n    </Loggers>\r\n  </LoggerRunSettings>\r\n  <DataCollectionRunSettings>\r\n    <DataCollectors>\r\n      <DataCollector friendlyName=\"blame\" enabled=\"True\">\r\n        <Configuration>\r\n          <ResultsDirectory>F:\\Projetos ASP.NET\\Curso Testes\\TestesDeSoftware\\NerdStore.Vendas.Domain.Tests\\bin\\Debug\\net6.0\\fine-code-coverage\\coverage-tool-output</ResultsDirectory>\r\n        </Configuration>\r\n      </DataCollector>\r\n    </DataCollectors>\r\n  </DataCollectionRunSettings>\r\n</RunSettings>","TestExecutionContext":{"FrequencyOfRunStatsChangeEvent":10,"RunStatsChangeEventTimeout":"00:00:01.5000000","InIsolation":false,"KeepAlive":false,"AreTestCaseLevelEventsRequired":false,"IsDebug":false,"TestCaseFilter":null,"FilterOptions":null},"Package":null}}
TpTrace Verbose: 0 : 28336, 13, 2023/01/09, 19:20:47.949, 12058669673808, vstest.console.dll, TestRunRequest:SendTestRunMessage: Starting.
TpTrace Verbose: 0 : 28336, 13, 2023/01/09, 19:20:47.949, 12058669674806, vstest.console.dll, MulticastDelegateUtilities.SafeInvoke: TestRun.LogMessages: Invoking callback 1/1 for Microsoft.VisualStudio.TestPlatform.CommandLine.TestRunResultAggregator., took 0 ms.
TpTrace Verbose: 0 : 28336, 4, 2023/01/09, 19:20:47.949, 12058669674933, vstest.console.dll, MulticastDelegateUtilities.SafeInvoke: InternalTestLoggerEvents.SendTestRunMessage: Invoking callback 1/1 for Microsoft.VisualStudio.TestPlatform.CommandLine.Internal.ConsoleLogger., took 0 ms.
TpTrace Information: 0 : 28336, 13, 2023/01/09, 19:20:47.949, 12058669675057, vstest.console.dll, TestRunRequest:SendTestRunMessage: Completed.
TpTrace Verbose: 0 : 28336, 13, 2023/01/09, 19:20:47.949, 12058669675855, vstest.console.dll, MulticastDelegateUtilities.SafeInvoke: LengthPrefixCommunicationChannel: MessageReceived: Invoking callback 1/1 for Microsoft.VisualStudio.TestPlatform.CommunicationUtilities.TestRequestSender+<>c__DisplayClass31_0., took 2 ms.
TpTrace Verbose: 0 : 28336, 13, 2023/01/09, 19:20:47.949, 12058669676085, vstest.console.dll, TcpClientExtensions.MessageLoopAsync: Polling on remoteEndPoint: 127.0.0.1:49158 localEndPoint: 127.0.0.1:49157
TpTrace Verbose: 0 : 28336, 13, 2023/01/09, 19:20:48.069, 12058670869726, vstest.console.dll, TcpClientExtensions.MessageLoopAsync: NotifyDataAvailable remoteEndPoint: 127.0.0.1:49158 localEndPoint: 127.0.0.1:49157
TpTrace Verbose: 0 : 28336, 13, 2023/01/09, 19:20:48.069, 12058670870742, vstest.console.dll, TestRequestSender.OnExecutionMessageReceived: Received message: {"Version":5,"MessageType":"TestSession.Message","Payload":{"MessageLevel":0,"Message":"[xUnit.net 00:00:00.00] xUnit.net VSTest Adapter v2.4.3+1b45f5407b (64-bit .NET 6.0.5)"}}
TpTrace Verbose: 0 : 28336, 13, 2023/01/09, 19:20:48.069, 12058670872415, vstest.console.dll, TestRunRequest:SendTestRunMessage: Starting.
TpTrace Verbose: 0 : 28336, 13, 2023/01/09, 19:20:48.069, 12058670872951, vstest.console.dll, MulticastDelegateUtilities.SafeInvoke: TestRun.LogMessages: Invoking callback 1/1 for Microsoft.VisualStudio.TestPlatform.CommandLine.TestRunResultAggregator., took 0 ms.
TpTrace Information: 0 : 28336, 13, 2023/01/09, 19:20:48.069, 12058670873150, vstest.console.dll, TestRunRequest:SendTestRunMessage: Completed.
TpTrace Verbose: 0 : 28336, 4, 2023/01/09, 19:20:48.069, 12058670873121, vstest.console.dll, MulticastDelegateUtilities.SafeInvoke: InternalTestLoggerEvents.SendTestRunMessage: Invoking callback 1/1 for Microsoft.VisualStudio.TestPlatform.CommandLine.Internal.ConsoleLogger., took 0 ms.
TpTrace Verbose: 0 : 28336, 13, 2023/01/09, 19:20:48.069, 12058670873354, vstest.console.dll, MulticastDelegateUtilities.SafeInvoke: LengthPrefixCommunicationChannel: MessageReceived: Invoking callback 1/1 for Microsoft.VisualStudio.TestPlatform.CommunicationUtilities.TestRequestSender+<>c__DisplayClass31_0., took 0 ms.
TpTrace Verbose: 0 : 28336, 13, 2023/01/09, 19:20:48.069, 12058670873872, vstest.console.dll, TcpClientExtensions.MessageLoopAsync: Polling on remoteEndPoint: 127.0.0.1:49158 localEndPoint: 127.0.0.1:49157
TpTrace Verbose: 0 : 28336, 13, 2023/01/09, 19:20:48.358, 12058673762845, vstest.console.dll, TcpClientExtensions.MessageLoopAsync: NotifyDataAvailable remoteEndPoint: 127.0.0.1:49158 localEndPoint: 127.0.0.1:49157
TpTrace Verbose: 0 : 28336, 13, 2023/01/09, 19:20:48.358, 12058673764346, vstest.console.dll, TestRequestSender.OnExecutionMessageReceived: Received message: {"Version":5,"MessageType":"TestSession.Message","Payload":{"MessageLevel":0,"Message":"[xUnit.net 00:00:00.29]   Discovering: NerdStore.Vendas.Domain.Tests"}}
TpTrace Verbose: 0 : 28336, 13, 2023/01/09, 19:20:48.358, 12058673765417, vstest.console.dll, TestRunRequest:SendTestRunMessage: Starting.
TpTrace Verbose: 0 : 28336, 13, 2023/01/09, 19:20:48.358, 12058673765868, vstest.console.dll, MulticastDelegateUtilities.SafeInvoke: TestRun.LogMessages: Invoking callback 1/1 for Microsoft.VisualStudio.TestPlatform.CommandLine.TestRunResultAggregator., took 0 ms.
TpTrace Information: 0 : 28336, 13, 2023/01/09, 19:20:48.358, 12058673766087, vstest.console.dll, TestRunRequest:SendTestRunMessage: Completed.
TpTrace Verbose: 0 : 28336, 4, 2023/01/09, 19:20:48.358, 12058673766051, vstest.console.dll, MulticastDelegateUtilities.SafeInvoke: InternalTestLoggerEvents.SendTestRunMessage: Invoking callback 1/1 for Microsoft.VisualStudio.TestPlatform.CommandLine.Internal.ConsoleLogger., took 0 ms.
TpTrace Verbose: 0 : 28336, 13, 2023/01/09, 19:20:48.358, 12058673766928, vstest.console.dll, MulticastDelegateUtilities.SafeInvoke: LengthPrefixCommunicationChannel: MessageReceived: Invoking callback 1/1 for Microsoft.VisualStudio.TestPlatform.CommunicationUtilities.TestRequestSender+<>c__DisplayClass31_0., took 0 ms.
TpTrace Verbose: 0 : 28336, 13, 2023/01/09, 19:20:48.358, 12058673767250, vstest.console.dll, TcpClientExtensions.MessageLoopAsync: Polling on remoteEndPoint: 127.0.0.1:49158 localEndPoint: 127.0.0.1:49157
TpTrace Verbose: 0 : 28336, 13, 2023/01/09, 19:20:48.393, 12058674112399, vstest.console.dll, TcpClientExtensions.MessageLoopAsync: NotifyDataAvailable remoteEndPoint: 127.0.0.1:49158 localEndPoint: 127.0.0.1:49157
TpTrace Verbose: 0 : 28336, 13, 2023/01/09, 19:20:48.393, 12058674113634, vstest.console.dll, TestRequestSender.OnExecutionMessageReceived: Received message: {"Version":5,"MessageType":"TestSession.Message","Payload":{"MessageLevel":0,"Message":"[xUnit.net 00:00:00.33]   Discovered:  NerdStore.Vendas.Domain.Tests"}}
TpTrace Verbose: 0 : 28336, 13, 2023/01/09, 19:20:48.393, 12058674114580, vstest.console.dll, TestRunRequest:SendTestRunMessage: Starting.
TpTrace Verbose: 0 : 28336, 13, 2023/01/09, 19:20:48.393, 12058674115058, vstest.console.dll, MulticastDelegateUtilities.SafeInvoke: TestRun.LogMessages: Invoking callback 1/1 for Microsoft.VisualStudio.TestPlatform.CommandLine.TestRunResultAggregator., took 0 ms.
TpTrace Information: 0 : 28336, 13, 2023/01/09, 19:20:48.393, 12058674115288, vstest.console.dll, TestRunRequest:SendTestRunMessage: Completed.
TpTrace Verbose: 0 : 28336, 4, 2023/01/09, 19:20:48.393, 12058674115474, vstest.console.dll, MulticastDelegateUtilities.SafeInvoke: InternalTestLoggerEvents.SendTestRunMessage: Invoking callback 1/1 for Microsoft.VisualStudio.TestPlatform.CommandLine.Internal.ConsoleLogger., took 0 ms.
TpTrace Verbose: 0 : 28336, 13, 2023/01/09, 19:20:48.393, 12058674115503, vstest.console.dll, MulticastDelegateUtilities.SafeInvoke: LengthPrefixCommunicationChannel: MessageReceived: Invoking callback 1/1 for Microsoft.VisualStudio.TestPlatform.CommunicationUtilities.TestRequestSender+<>c__DisplayClass31_0., took 0 ms.
TpTrace Verbose: 0 : 28336, 13, 2023/01/09, 19:20:48.393, 12058674116409, vstest.console.dll, TcpClientExtensions.MessageLoopAsync: Polling on remoteEndPoint: 127.0.0.1:49158 localEndPoint: 127.0.0.1:49157
TpTrace Verbose: 0 : 28336, 13, 2023/01/09, 19:20:48.395, 12058674132822, vstest.console.dll, TcpClientExtensions.MessageLoopAsync: NotifyDataAvailable remoteEndPoint: 127.0.0.1:49158 localEndPoint: 127.0.0.1:49157
TpTrace Verbose: 0 : 28336, 13, 2023/01/09, 19:20:48.395, 12058674133991, vstest.console.dll, TestRequestSender.OnExecutionMessageReceived: Received message: {"Version":5,"MessageType":"TestSession.Message","Payload":{"MessageLevel":0,"Message":"[xUnit.net 00:00:00.33]   Starting:    NerdStore.Vendas.Domain.Tests"}}
TpTrace Verbose: 0 : 28336, 13, 2023/01/09, 19:20:48.395, 12058674134956, vstest.console.dll, TestRunRequest:SendTestRunMessage: Starting.
TpTrace Verbose: 0 : 28336, 13, 2023/01/09, 19:20:48.395, 12058674135395, vstest.console.dll, MulticastDelegateUtilities.SafeInvoke: TestRun.LogMessages: Invoking callback 1/1 for Microsoft.VisualStudio.TestPlatform.CommandLine.TestRunResultAggregator., took 0 ms.
TpTrace Information: 0 : 28336, 13, 2023/01/09, 19:20:48.395, 12058674135603, vstest.console.dll, TestRunRequest:SendTestRunMessage: Completed.
TpTrace Verbose: 0 : 28336, 4, 2023/01/09, 19:20:48.395, 12058674135574, vstest.console.dll, MulticastDelegateUtilities.SafeInvoke: InternalTestLoggerEvents.SendTestRunMessage: Invoking callback 1/1 for Microsoft.VisualStudio.TestPlatform.CommandLine.Internal.ConsoleLogger., took 0 ms.
TpTrace Verbose: 0 : 28336, 13, 2023/01/09, 19:20:48.395, 12058674135793, vstest.console.dll, MulticastDelegateUtilities.SafeInvoke: LengthPrefixCommunicationChannel: MessageReceived: Invoking callback 1/1 for Microsoft.VisualStudio.TestPlatform.CommunicationUtilities.TestRequestSender+<>c__DisplayClass31_0., took 0 ms.
TpTrace Verbose: 0 : 28336, 13, 2023/01/09, 19:20:48.395, 12058674136644, vstest.console.dll, TcpClientExtensions.MessageLoopAsync: Polling on remoteEndPoint: 127.0.0.1:49158 localEndPoint: 127.0.0.1:49157
TpTrace Verbose: 0 : 28336, 13, 2023/01/09, 19:20:48.517, 12058675352657, vstest.console.dll, TcpClientExtensions.MessageLoopAsync: NotifyDataAvailable remoteEndPoint: 127.0.0.1:49158 localEndPoint: 127.0.0.1:49157
TpTrace Verbose: 0 : 28336, 13, 2023/01/09, 19:20:48.517, 12058675354591, vstest.console.dll, TestRequestSender.OnExecutionMessageReceived: Received message: {"Version":5,"MessageType":"TestExecution.StatsChange","Payload":{"NewTestResults":[{"TestCase":{"Id":"3941d43b-7a1b-e829-b991-bdcb58746627","FullyQualifiedName":"NerdStore.Vendas.Domain.Tests.PedidoItensTests.Add_ItemAbaixoDoPermitido_DeveRetornarExcpetion","DisplayName":"Novo Item Pedido com unidades abaixo do Permitido","ExecutorUri":"executor://xunit/VsTestRunner2/netcoreapp","Source":"F:\\Projetos ASP.NET\\Curso Testes\\TestesDeSoftware\\NerdStore.Vendas.Domain.Tests\\bin\\Debug\\net6.0\\fine-code-coverage\\build-output\\NerdStore.Vendas.Domain.Tests.dll","CodeFilePath":null,"LineNumber":0,"Properties":[{"Key":{"Id":"TestObject.Traits","Label":"Traits","Category":"","Description":"","Attributes":5,"ValueType":"System.Collections.Generic.KeyValuePair`2[[System.String],[System.String]][]"},"Value":[{"Key":"Categoria","Value":"Vendas- Pedido Item"}]}]},"Attachments":[],"Outcome":1,"ErrorMessage":null,"ErrorStackTrace":null,"DisplayName":"Novo Item Pedido com unidades abaixo do Permitido","Messages":[],"ComputerName":"DESKTOP-I8JNLH9","Duration":"00:00:00.0027588","StartTime":"2023-01-09T22:20:48.4707962+00:00","EndTime":"2023-01-09T22:20:48.4708152+00:00","Properties":[]},{"TestCase":{"Id":"e47d5ef6-d6a6-8868-dc64-5db7446c638f","FullyQualifiedName":"NerdStore.Vendas.Domain.Tests.PedidoTests.AtualizarItemPedido_ItemNaoExistenteNaLista_DeveRetornarExcpetion","DisplayName":"Atualizar Item Pedido Existente","ExecutorUri":"executor://xunit/VsTestRunner2/netcoreapp","Source":"F:\\Projetos ASP.NET\\Curso Testes\\TestesDeSoftware\\NerdStore.Vendas.Domain.Tests\\bin\\Debug\\net6.0\\fine-code-coverage\\build-output\\NerdStore.Vendas.Domain.Tests.dll","CodeFilePath":null,"LineNumber":0,"Properties":[{"Key":{"Id":"TestObject.Traits","Label":"Traits","Category":"","Description":"","Attributes":5,"ValueType":"System.Collections.Generic.KeyValuePair`2[[System.String],[System.String]][]"},"Value":[{"Key":"Categoria","Value":"Vendas - Pedidos"}]}]},"Attachments":[],"Outcome":1,"ErrorMessage":null,"ErrorStackTrace":null,"DisplayName":"Atualizar Item Pedido Existente","Messages":[],"ComputerName":"DESKTOP-I8JNLH9","Duration":"00:00:00.0029342","StartTime":"2023-01-09T22:20:48.4838119+00:00","EndTime":"2023-01-09T22:20:48.4838119+00:00","Properties":[]},{"TestCase":{"Id":"ac989936-7bfb-6325-7c5a-05941f97fb84","FullyQualifiedName":"NerdStore.Vendas.Domain.Tests.PedidoTests.Add_ItemAcimaDe15Unidades_DeveRetornarExcpetion","DisplayName":"Add  Item Pedido Acima do Permitido","ExecutorUri":"executor://xunit/VsTestRunner2/netcoreapp","Source":"F:\\Projetos ASP.NET\\Curso Testes\\TestesDeSoftware\\NerdStore.Vendas.Domain.Tests\\bin\\Debug\\net6.0\\fine-code-coverage\\build-output\\NerdStore.Vendas.Domain.Tests.dll","CodeFilePath":null,"LineNumber":0,"Properties":[{"Key":{"Id":"TestObject.Traits","Label":"Traits","Category":"","Description":"","Attributes":5,"ValueType":"System.Collections.Generic.KeyValuePair`2[[System.String],[System.String]][]"},"Value":[{"Key":"Categoria","Value":"Vendas - Pedidos"}]}]},"Attachments":[],"Outcome":1,"ErrorMessage":null,"ErrorStackTrace":null,"DisplayName":"Add  Item Pedido Acima do Permitido","Messages":[],"ComputerName":"DESKTOP-I8JNLH9","Duration":"00:00:00.0002476","StartTime":"2023-01-09T22:20:48.4863662+00:00","EndTime":"2023-01-09T22:20:48.4863663+00:00","Properties":[]},{"TestCase":{"Id":"3a03fd76-8b10-e41d-7e66-15a4730465f6","FullyQualifiedName":"NerdStore.Vendas.Domain.Tests.PedidoTests.Add_ItemExistente_DeveIncrementarUnidadesSomarValores","DisplayName":"Add  Item Novo Pedido Existente","ExecutorUri":"executor://xunit/VsTestRunner2/netcoreapp","Source":"F:\\Projetos ASP.NET\\Curso Testes\\TestesDeSoftware\\NerdStore.Vendas.Domain.Tests\\bin\\Debug\\net6.0\\fine-code-coverage\\build-output\\NerdStore.Vendas.Domain.Tests.dll","CodeFilePath":null,"LineNumber":0,"Properties":[{"Key":{"Id":"TestObject.Traits","Label":"Traits","Category":"","Description":"","Attributes":5,"ValueType":"System.Collections.Generic.KeyValuePair`2[[System.String],[System.String]][]"},"Value":[{"Key":"Categoria","Value":"Vendas - Pedidos"}]}]},"Attachments":[],"Outcome":1,"ErrorMessage":null,"ErrorStackTrace":null,"DisplayName":"Add  Item Novo Pedido Existente","Messages":[],"ComputerName":"DESKTOP-I8JNLH9","Duration":"00:00:00.0048313","StartTime":"2023-01-09T22:20:48.4878161+00:00","EndTime":"2023-01-09T22:20:48.4878162+00:00","Properties":[]},{"TestCase":{"Id":"58d80bd4-266a-e93b-1a32-8ea65ded6038","FullyQualifiedName":"NerdStore.Vendas.Domain.Tests.PedidoTests.RemoverItemPedido_ItemNaoExisteNaLista_DeveRetornarException","DisplayName":"Remover Item Pedido Inixistente","ExecutorUri":"executor://xunit/VsTestRunner2/netcoreapp","Source":"F:\\Projetos ASP.NET\\Curso Testes\\TestesDeSoftware\\NerdStore.Vendas.Domain.Tests\\bin\\Debug\\net6.0\\fine-code-coverage\\build-output\\NerdStore.Vendas.Domain.Tests.dll","CodeFilePath":null,"LineNumber":0,"Properties":[{"Key":{"Id":"TestObject.Traits","Label":"Traits","Category":"","Description":"","Attributes":5,"ValueType":"System.Collections.Generic.KeyValuePair`2[[System.String],[System.String]][]"},"Value":[{"Key":"Categoria","Value":"Vendas - Pedidos"}]}]},"Attachments":[],"Outcome":1,"ErrorMessage":null,"ErrorStackTrace":null,"DisplayName":"Remover Item Pedido Inixistente","Messages":[],"ComputerName":"DESKTOP-I8JNLH9","Duration":"00:00:00.0003044","StartTime":"2023-01-09T22:20:48.4892152+00:00","EndTime":"2023-01-09T22:20:48.4892152+00:00","Properties":[]},{"TestCase":{"Id":"bccd6d75-6641-a7db-b6af-704dd867b45a","FullyQualifiedName":"NerdStore.Vendas.Domain.Tests.PedidoTests.RemoverItemPedido_ItemExistente_DeveCalcularValorTotal","DisplayName":"Remover Item Pedido Deve Calcular Valor Total","ExecutorUri":"executor://xunit/VsTestRunner2/netcoreapp","Source":"F:\\Projetos ASP.NET\\Curso Testes\\TestesDeSoftware\\NerdStore.Vendas.Domain.Tests\\bin\\Debug\\net6.0\\fine-code-coverage\\build-output\\NerdStore.Vendas.Domain.Tests.dll","CodeFilePath":null,"LineNumber":0,"Properties":[{"Key":{"Id":"TestObject.Traits","Label":"Traits","Category":"","Description":"","Attributes":5,"ValueType":"System.Collections.Generic.KeyValuePair`2[[System.String],[System.String]][]"},"Value":[{"Key":"Categoria","Value":"Vendas - Pedidos"}]}]},"Attachments":[],"Outcome":1,"ErrorMessage":null,"ErrorStackTrace":null,"DisplayName":"Remover Item Pedido Deve Calcular Valor Total","Messages":[],"ComputerName":"DESKTOP-I8JNLH9","Duration":"00:00:00.0001898","StartTime":"2023-01-09T22:20:48.4905753+00:00","EndTime":"2023-01-09T22:20:48.4905754+00:00","Properties":[]},{"TestCase":{"Id":"9db9b7ac-2dad-debe-c661-dca630d41f1a","FullyQualifiedName":"NerdStore.Vendas.Domain.Tests.PedidoTests.AtualizarItemPedido_ItemValido_DeveAtualizarQuantidade","DisplayName":"Atualizar Item Pedido Valido","ExecutorUri":"executor://xunit/VsTestRunner2/netcoreapp","Source":"F:\\Projetos ASP.NET\\Curso Testes\\TestesDeSoftware\\NerdStore.Vendas.Domain.Tests\\bin\\Debug\\net6.0\\fine-code-coverage\\build-output\\NerdStore.Vendas.Domain.Tests.dll","CodeFilePath":null,"LineNumber":0,"Properties":[{"Key":{"Id":"TestObject.Traits","Label":"Traits","Category":"","Description":"","Attributes":5,"ValueType":"System.Collections.Generic.KeyValuePair`2[[System.String],[System.String]][]"},"Value":[{"Key":"Categoria","Value":"Vendas - Pedidos"}]}]},"Attachments":[],"Outcome":1,"ErrorMessage":null,"ErrorStackTrace":null,"DisplayName":"Atualizar Item Pedido Valido","Messages":[],"ComputerName":"DESKTOP-I8JNLH9","Duration":"00:00:00.0003366","StartTime":"2023-01-09T22:20:48.4919448+00:00","EndTime":"2023-01-09T22:20:48.4919449+00:00","Properties":[]},{"TestCase":{"Id":"c3ba568c-9715-b715-72fe-850b0b4f1965","FullyQualifiedName":"NerdStore.Vendas.Domain.Tests.PedidoTests.AddItemPedido_ItemExixtenteSomaUnidadesAcimaDoPermitido_DeveRetornarExcpetion","DisplayName":"Add  Somar item existente acima do permitido","ExecutorUri":"executor://xunit/VsTestRunner2/netcoreapp","Source":"F:\\Projetos ASP.NET\\Curso Testes\\TestesDeSoftware\\NerdStore.Vendas.Domain.Tests\\bin\\Debug\\net6.0\\fine-code-coverage\\build-output\\NerdStore.Vendas.Domain.Tests.dll","CodeFilePath":null,"LineNumber":0,"Properties":[{"Key":{"Id":"TestObject.Traits","Label":"Traits","Category":"","Description":"","Attributes":5,"ValueType":"System.Collections.Generic.KeyValuePair`2[[System.String],[System.String]][]"},"Value":[{"Key":"Categoria","Value":"Vendas - Pedidos"}]}]},"Attachments":[],"Outcome":1,"ErrorMessage":null,"ErrorStackTrace":null,"DisplayName":"Add  Somar item existente acima do permitido","Messages":[],"ComputerName":"DESKTOP-I8JNLH9","Duration":"00:00:00.0002610","StartTime":"2023-01-09T22:20:48.4932607+00:00","EndTime":"2023-01-09T22:20:48.4932608+00:00","Properties":[]}],"TestRunStatistics":{"ExecutedTests":8,"Stats":{"Passed":8}},"ActiveTests":[{"Id":"6554b61e-c233-2dc1-a97c-d45c92338689","FullyQualifiedName":"NerdStore.Vendas.Domain.Tests.VoucherTests.AplicarVoucher_DescontoExecdeValorTotalPedido_PedidoveTerValorZerado","DisplayName":"Aplicar Voucher desconto excede valor total","ExecutorUri":"executor://xunit/VsTestRunner2/netcoreapp","Source":"F:\\Projetos ASP.NET\\Curso Testes\\TestesDeSoftware\\NerdStore.Vendas.Domain.Tests\\bin\\Debug\\net6.0\\fine-code-coverage\\build-output\\NerdStore.Vendas.Domain.Tests.dll","CodeFilePath":null,"LineNumber":0,"Properties":[{"Key":{"Id":"TestObject.Traits","Label":"Traits","Category":"","Description":"","Attributes":5,"ValueType":"System.Collections.Generic.KeyValuePair`2[[System.String],[System.String]][]"},"Value":[{"Key":"Categoria","Value":"Vendas - Voucher"}]}]},{"Id":"169089c9-fec2-b570-7c88-550ae8223360","FullyQualifiedName":"NerdStore.Vendas.Domain.Tests.PedidoTests.AtualizarItemPedido_ItenmUnidadeAcimaDoPermitido_DeveRetornarException","DisplayName":"Atualizar Item Pedido Quantidade Acima do Permitido","ExecutorUri":"executor://xunit/VsTestRunner2/netcoreapp","Source":"F:\\Projetos ASP.NET\\Curso Testes\\TestesDeSoftware\\NerdStore.Vendas.Domain.Tests\\bin\\Debug\\net6.0\\fine-code-coverage\\build-output\\NerdStore.Vendas.Domain.Tests.dll","CodeFilePath":null,"LineNumber":0,"Properties":[{"Key":{"Id":"TestObject.Traits","Label":"Traits","Category":"","Description":"","Attributes":5,"ValueType":"System.Collections.Generic.KeyValuePair`2[[System.String],[System.String]][]"},"Value":[{"Key":"Categoria","Value":"Vendas - Pedidos"}]}]}]}}
TpTrace Verbose: 0 : 28336, 13, 2023/01/09, 19:20:48.553, 12058675709641, vstest.console.dll, TestRunRequest:SendTestRunStatsChange: Starting.
TpTrace Verbose: 0 : 28336, 13, 2023/01/09, 19:20:48.553, 12058675710944, vstest.console.dll, InProgress is Aplicar Voucher desconto excede valor total
TpTrace Verbose: 0 : 28336, 13, 2023/01/09, 19:20:48.553, 12058675711386, vstest.console.dll, InProgress is Atualizar Item Pedido Quantidade Acima do Permitido
TpTrace Verbose: 0 : 28336, 13, 2023/01/09, 19:20:48.553, 12058675713147, vstest.console.dll, MulticastDelegateUtilities.SafeInvoke: TestRun.RunStatsChanged: Invoking callbacks was skipped because there are no subscribers.
TpTrace Information: 0 : 28336, 13, 2023/01/09, 19:20:48.553, 12058675713554, vstest.console.dll, TestRunRequest:SendTestRunStatsChange: Completed.
TpTrace Verbose: 0 : 28336, 13, 2023/01/09, 19:20:48.553, 12058675713772, vstest.console.dll, MulticastDelegateUtilities.SafeInvoke: LengthPrefixCommunicationChannel: MessageReceived: Invoking callback 1/1 for Microsoft.VisualStudio.TestPlatform.CommunicationUtilities.TestRequestSender+<>c__DisplayClass31_0., took 35 ms.
TpTrace Verbose: 0 : 28336, 13, 2023/01/09, 19:20:48.553, 12058675713982, vstest.console.dll, TcpClientExtensions.MessageLoopAsync: Polling on remoteEndPoint: 127.0.0.1:49158 localEndPoint: 127.0.0.1:49157
TpTrace Verbose: 0 : 28336, 13, 2023/01/09, 19:20:48.553, 12058675714255, vstest.console.dll, TcpClientExtensions.MessageLoopAsync: NotifyDataAvailable remoteEndPoint: 127.0.0.1:49158 localEndPoint: 127.0.0.1:49157
TpTrace Verbose: 0 : 28336, 13, 2023/01/09, 19:20:48.553, 12058675715447, vstest.console.dll, TestRequestSender.OnExecutionMessageReceived: Received message: {"Version":5,"MessageType":"TestExecution.StatsChange","Payload":{"NewTestResults":[{"TestCase":{"Id":"169089c9-fec2-b570-7c88-550ae8223360","FullyQualifiedName":"NerdStore.Vendas.Domain.Tests.PedidoTests.AtualizarItemPedido_ItenmUnidadeAcimaDoPermitido_DeveRetornarException","DisplayName":"Atualizar Item Pedido Quantidade Acima do Permitido","ExecutorUri":"executor://xunit/VsTestRunner2/netcoreapp","Source":"F:\\Projetos ASP.NET\\Curso Testes\\TestesDeSoftware\\NerdStore.Vendas.Domain.Tests\\bin\\Debug\\net6.0\\fine-code-coverage\\build-output\\NerdStore.Vendas.Domain.Tests.dll","CodeFilePath":null,"LineNumber":0,"Properties":[{"Key":{"Id":"TestObject.Traits","Label":"Traits","Category":"","Description":"","Attributes":5,"ValueType":"System.Collections.Generic.KeyValuePair`2[[System.String],[System.String]][]"},"Value":[{"Key":"Categoria","Value":"Vendas - Pedidos"}]}]},"Attachments":[],"Outcome":1,"ErrorMessage":null,"ErrorStackTrace":null,"DisplayName":"Atualizar Item Pedido Quantidade Acima do Permitido","Messages":[],"ComputerName":"DESKTOP-I8JNLH9","Duration":"00:00:00.0002583","StartTime":"2023-01-09T22:20:48.5182879+00:00","EndTime":"2023-01-09T22:20:48.5182881+00:00","Properties":[]},{"TestCase":{"Id":"9632a1ed-1012-9bcd-a3e3-387752535910","FullyQualifiedName":"NerdStore.Vendas.Domain.Tests.PedidoTests.AtualizarItemPedido_PedidoComProdutosDiferentes_DeveAtualizarValorTotal","DisplayName":"Atualizar Item Pedido Validar Total","ExecutorUri":"executor://xunit/VsTestRunner2/netcoreapp","Source":"F:\\Projetos ASP.NET\\Curso Testes\\TestesDeSoftware\\NerdStore.Vendas.Domain.Tests\\bin\\Debug\\net6.0\\fine-code-coverage\\build-output\\NerdStore.Vendas.Domain.Tests.dll","CodeFilePath":null,"LineNumber":0,"Properties":[{"Key":{"Id":"TestObject.Traits","Label":"Traits","Category":"","Description":"","Attributes":5,"ValueType":"System.Collections.Generic.KeyValuePair`2[[System.String],[System.String]][]"},"Value":[{"Key":"Categoria","Value":"Vendas - Pedidos"}]}]},"Attachments":[],"Outcome":1,"ErrorMessage":null,"ErrorStackTrace":null,"DisplayName":"Atualizar Item Pedido Validar Total","Messages":[],"ComputerName":"DESKTOP-I8JNLH9","Duration":"00:00:00.0002145","StartTime":"2023-01-09T22:20:48.5202018+00:00","EndTime":"2023-01-09T22:20:48.5202019+00:00","Properties":[]},{"TestCase":{"Id":"b98fa450-b898-6782-8c22-fb3e53724a67","FullyQualifiedName":"NerdStore.Vendas.Domain.Tests.PedidoTests.Add_Item_Pedido_Novo_Pedido_Vazio_Deve_Atualizar_Valor","DisplayName":"Add  Item Novo Pedido","ExecutorUri":"executor://xunit/VsTestRunner2/netcoreapp","Source":"F:\\Projetos ASP.NET\\Curso Testes\\TestesDeSoftware\\NerdStore.Vendas.Domain.Tests\\bin\\Debug\\net6.0\\fine-code-coverage\\build-output\\NerdStore.Vendas.Domain.Tests.dll","CodeFilePath":null,"LineNumber":0,"Properties":[{"Key":{"Id":"TestObject.Traits","Label":"Traits","Category":"","Description":"","Attributes":5,"ValueType":"System.Collections.Generic.KeyValuePair`2[[System.String],[System.String]][]"},"Value":[{"Key":"Categoria","Value":"Vendas - Pedidos"}]}]},"Attachments":[],"Outcome":1,"ErrorMessage":null,"ErrorStackTrace":null,"DisplayName":"Add  Item Novo Pedido","Messages":[],"ComputerName":"DESKTOP-I8JNLH9","Duration":"00:00:00.0001121","StartTime":"2023-01-09T22:20:48.5218804+00:00","EndTime":"2023-01-09T22:20:48.5218805+00:00","Properties":[]},{"TestCase":{"Id":"6554b61e-c233-2dc1-a97c-d45c92338689","FullyQualifiedName":"NerdStore.Vendas.Domain.Tests.VoucherTests.AplicarVoucher_DescontoExecdeValorTotalPedido_PedidoveTerValorZerado","DisplayName":"Aplicar Voucher desconto excede valor total","ExecutorUri":"executor://xunit/VsTestRunner2/netcoreapp","Source":"F:\\Projetos ASP.NET\\Curso Testes\\TestesDeSoftware\\NerdStore.Vendas.Domain.Tests\\bin\\Debug\\net6.0\\fine-code-coverage\\build-output\\NerdStore.Vendas.Domain.Tests.dll","CodeFilePath":null,"LineNumber":0,"Properties":[{"Key":{"Id":"TestObject.Traits","Label":"Traits","Category":"","Description":"","Attributes":5,"ValueType":"System.Collections.Generic.KeyValuePair`2[[System.String],[System.String]][]"},"Value":[{"Key":"Categoria","Value":"Vendas - Voucher"}]}]},"Attachments":[],"Outcome":1,"ErrorMessage":null,"ErrorStackTrace":null,"DisplayName":"Aplicar Voucher desconto excede valor total","Messages":[],"ComputerName":"DESKTOP-I8JNLH9","Duration":"00:00:00.0318844","StartTime":"2023-01-09T22:20:48.522786+00:00","EndTime":"2023-01-09T22:20:48.5227861+00:00","Properties":[]},{"TestCase":{"Id":"23c58a52-b74e-1ac8-45d9-73f74ec5df0b","FullyQualifiedName":"NerdStore.Vendas.Domain.Tests.VoucherTests.Voucher_AplicarVoucherValido_DeveRetornarSemErros","DisplayName":"Aplicar Voucher Valido","ExecutorUri":"executor://xunit/VsTestRunner2/netcoreapp","Source":"F:\\Projetos ASP.NET\\Curso Testes\\TestesDeSoftware\\NerdStore.Vendas.Domain.Tests\\bin\\Debug\\net6.0\\fine-code-coverage\\build-output\\NerdStore.Vendas.Domain.Tests.dll","CodeFilePath":null,"LineNumber":0,"Properties":[{"Key":{"Id":"TestObject.Traits","Label":"Traits","Category":"","Description":"","Attributes":5,"ValueType":"System.Collections.Generic.KeyValuePair`2[[System.String],[System.String]][]"},"Value":[{"Key":"Categoria","Value":"Vendas - Voucher"}]}]},"Attachments":[],"Outcome":1,"ErrorMessage":null,"ErrorStackTrace":null,"DisplayName":"Aplicar Voucher Valido","Messages":[],"ComputerName":"DESKTOP-I8JNLH9","Duration":"00:00:00.0005210","StartTime":"2023-01-09T22:20:48.5242073+00:00","EndTime":"2023-01-09T22:20:48.5242074+00:00","Properties":[]},{"TestCase":{"Id":"613198e6-0341-f278-4c7e-0d88db0c9a8b","FullyQualifiedName":"NerdStore.Vendas.Domain.Tests.VoucherTests.AplicarVoucher_VoucherTipoValorDesconto_DeveDescontarDoValorTotal","DisplayName":"Aplicar Voucher tipo valor desconto","ExecutorUri":"executor://xunit/VsTestRunner2/netcoreapp","Source":"F:\\Projetos ASP.NET\\Curso Testes\\TestesDeSoftware\\NerdStore.Vendas.Domain.Tests\\bin\\Debug\\net6.0\\fine-code-coverage\\build-output\\NerdStore.Vendas.Domain.Tests.dll","CodeFilePath":null,"LineNumber":0,"Properties":[{"Key":{"Id":"TestObject.Traits","Label":"Traits","Category":"","Description":"","Attributes":5,"ValueType":"System.Collections.Generic.KeyValuePair`2[[System.String],[System.String]][]"},"Value":[{"Key":"Categoria","Value":"Vendas - Voucher"}]}]},"Attachments":[],"Outcome":1,"ErrorMessage":null,"ErrorStackTrace":null,"DisplayName":"Aplicar Voucher tipo valor desconto","Messages":[],"ComputerName":"DESKTOP-I8JNLH9","Duration":"00:00:00.0023239","StartTime":"2023-01-09T22:20:48.5256549+00:00","EndTime":"2023-01-09T22:20:48.525655+00:00","Properties":[]},{"TestCase":{"Id":"f5e201b1-3975-a415-df38-2291552d6d81","FullyQualifiedName":"NerdStore.Vendas.Domain.Tests.VoucherTests.Voucher_AplicarVoucherInValido_DeveRetornarErros","DisplayName":"Aplicar Voucher InValido","ExecutorUri":"executor://xunit/VsTestRunner2/netcoreapp","Source":"F:\\Projetos ASP.NET\\Curso Testes\\TestesDeSoftware\\NerdStore.Vendas.Domain.Tests\\bin\\Debug\\net6.0\\fine-code-coverage\\build-output\\NerdStore.Vendas.Domain.Tests.dll","CodeFilePath":null,"LineNumber":0,"Properties":[{"Key":{"Id":"TestObject.Traits","Label":"Traits","Category":"","Description":"","Attributes":5,"ValueType":"System.Collections.Generic.KeyValuePair`2[[System.String],[System.String]][]"},"Value":[{"Key":"Categoria","Value":"Vendas - Voucher"}]}]},"Attachments":[],"Outcome":1,"ErrorMessage":null,"ErrorStackTrace":null,"DisplayName":"Aplicar Voucher InValido","Messages":[],"ComputerName":"DESKTOP-I8JNLH9","Duration":"00:00:00.0068792","StartTime":"2023-01-09T22:20:48.5271289+00:00","EndTime":"2023-01-09T22:20:48.527129+00:00","Properties":[]},{"TestCase":{"Id":"480584b7-58e7-9733-ebb4-3014d2cf4b85","FullyQualifiedName":"NerdStore.Vendas.Domain.Tests.VoucherTests.AplicarVoucher_ModificarItensPedido_DeveCalcularDescontoValorTotal","DisplayName":"Aplicar Voucher recaulcular desconto na modificação do pedido","ExecutorUri":"executor://xunit/VsTestRunner2/netcoreapp","Source":"F:\\Projetos ASP.NET\\Curso Testes\\TestesDeSoftware\\NerdStore.Vendas.Domain.Tests\\bin\\Debug\\net6.0\\fine-code-coverage\\build-output\\NerdStore.Vendas.Domain.Tests.dll","CodeFilePath":null,"LineNumber":0,"Properties":[{"Key":{"Id":"TestObject.Traits","Label":"Traits","Category":"","Description":"","Attributes":5,"ValueType":"System.Collections.Generic.KeyValuePair`2[[System.String],[System.String]][]"},"Value":[{"Key":"Categoria","Value":"Vendas - Voucher"}]}]},"Attachments":[],"Outcome":1,"ErrorMessage":null,"ErrorStackTrace":null,"DisplayName":"Aplicar Voucher recaulcular desconto na modificação do pedido","Messages":[],"ComputerName":"DESKTOP-I8JNLH9","Duration":"00:00:00.0006106","StartTime":"2023-01-09T22:20:48.529173+00:00","EndTime":"2023-01-09T22:20:48.5291731+00:00","Properties":[]},{"TestCase":{"Id":"dbee4ad0-128e-9a4d-8520-d62e290b96a0","FullyQualifiedName":"NerdStore.Vendas.Domain.Tests.VoucherTests.Voucher_ValidarVoucherTipoValor_DeveEstarInValido","DisplayName":"Validar Voucher Tipo Invalido","ExecutorUri":"executor://xunit/VsTestRunner2/netcoreapp","Source":"F:\\Projetos ASP.NET\\Curso Testes\\TestesDeSoftware\\NerdStore.Vendas.Domain.Tests\\bin\\Debug\\net6.0\\fine-code-coverage\\build-output\\NerdStore.Vendas.Domain.Tests.dll","CodeFilePath":null,"LineNumber":0,"Properties":[{"Key":{"Id":"TestObject.Traits","Label":"Traits","Category":"","Description":"","Attributes":5,"ValueType":"System.Collections.Generic.KeyValuePair`2[[System.String],[System.String]][]"},"Value":[{"Key":"Categoria","Value":"Vendas - Voucher"}]}]},"Attachments":[],"Outcome":1,"ErrorMessage":null,"ErrorStackTrace":null,"DisplayName":"Validar Voucher Tipo Invalido","Messages":[],"ComputerName":"DESKTOP-I8JNLH9","Duration":"00:00:00.0025732","StartTime":"2023-01-09T22:20:48.5305738+00:00","EndTime":"2023-01-09T22:20:48.5305739+00:00","Properties":[]}],"TestRunStatistics":{"ExecutedTests":17,"Stats":{"Passed":17}},"ActiveTests":[{"Id":"5204caf7-520b-5cbb-75c3-498540124b82","FullyQualifiedName":"NerdStore.Vendas.Domain.Tests.VoucherTests.Voucher_ValidarVoucherPorcentagem_DeveEstarInValido","DisplayName":"Validar Voucher Porcentagem Invalido","ExecutorUri":"executor://xunit/VsTestRunner2/netcoreapp","Source":"F:\\Projetos ASP.NET\\Curso Testes\\TestesDeSoftware\\NerdStore.Vendas.Domain.Tests\\bin\\Debug\\net6.0\\fine-code-coverage\\build-output\\NerdStore.Vendas.Domain.Tests.dll","CodeFilePath":null,"LineNumber":0,"Properties":[{"Key":{"Id":"TestObject.Traits","Label":"Traits","Category":"","Description":"","Attributes":5,"ValueType":"System.Collections.Generic.KeyValuePair`2[[System.String],[System.String]][]"},"Value":[{"Key":"Categoria","Value":"Vendas - Voucher"}]}]}]}}
TpTrace Verbose: 0 : 28336, 4, 2023/01/09, 19:20:48.559, 12058675770030, vstest.console.dll, MulticastDelegateUtilities.SafeInvoke: InternalTestLoggerEvents.SendTestResult: Invoking callback 1/1 for Microsoft.VisualStudio.TestPlatform.CommandLine.Internal.ConsoleLogger., took 5 ms.
TpTrace Verbose: 0 : 28336, 13, 2023/01/09, 19:20:48.559, 12058675772398, vstest.console.dll, TestRunRequest:SendTestRunStatsChange: Starting.
TpTrace Verbose: 0 : 28336, 4, 2023/01/09, 19:20:48.559, 12058675772628, vstest.console.dll, MulticastDelegateUtilities.SafeInvoke: InternalTestLoggerEvents.SendTestResult: Invoking callback 1/1 for Microsoft.VisualStudio.TestPlatform.CommandLine.Internal.ConsoleLogger., took 0 ms.
TpTrace Verbose: 0 : 28336, 13, 2023/01/09, 19:20:48.559, 12058675773092, vstest.console.dll, InProgress is Validar Voucher Porcentagem Invalido
TpTrace Verbose: 0 : 28336, 4, 2023/01/09, 19:20:48.559, 12058675773168, vstest.console.dll, MulticastDelegateUtilities.SafeInvoke: InternalTestLoggerEvents.SendTestResult: Invoking callback 1/1 for Microsoft.VisualStudio.TestPlatform.CommandLine.Internal.ConsoleLogger., took 0 ms.
TpTrace Verbose: 0 : 28336, 4, 2023/01/09, 19:20:48.559, 12058675773572, vstest.console.dll, MulticastDelegateUtilities.SafeInvoke: InternalTestLoggerEvents.SendTestResult: Invoking callback 1/1 for Microsoft.VisualStudio.TestPlatform.CommandLine.Internal.ConsoleLogger., took 0 ms.
TpTrace Verbose: 0 : 28336, 4, 2023/01/09, 19:20:48.559, 12058675773881, vstest.console.dll, MulticastDelegateUtilities.SafeInvoke: InternalTestLoggerEvents.SendTestResult: Invoking callback 1/1 for Microsoft.VisualStudio.TestPlatform.CommandLine.Internal.ConsoleLogger., took 0 ms.
TpTrace Verbose: 0 : 28336, 13, 2023/01/09, 19:20:48.559, 12058675773870, vstest.console.dll, MulticastDelegateUtilities.SafeInvoke: TestRun.RunStatsChanged: Invoking callbacks was skipped because there are no subscribers.
TpTrace Verbose: 0 : 28336, 4, 2023/01/09, 19:20:48.559, 12058675774180, vstest.console.dll, MulticastDelegateUtilities.SafeInvoke: InternalTestLoggerEvents.SendTestResult: Invoking callback 1/1 for Microsoft.VisualStudio.TestPlatform.CommandLine.Internal.ConsoleLogger., took 0 ms.
TpTrace Information: 0 : 28336, 13, 2023/01/09, 19:20:48.559, 12058675774370, vstest.console.dll, TestRunRequest:SendTestRunStatsChange: Completed.
TpTrace Verbose: 0 : 28336, 4, 2023/01/09, 19:20:48.559, 12058675774737, vstest.console.dll, MulticastDelegateUtilities.SafeInvoke: InternalTestLoggerEvents.SendTestResult: Invoking callback 1/1 for Microsoft.VisualStudio.TestPlatform.CommandLine.Internal.ConsoleLogger., took 0 ms.
TpTrace Verbose: 0 : 28336, 4, 2023/01/09, 19:20:48.559, 12058675775068, vstest.console.dll, MulticastDelegateUtilities.SafeInvoke: InternalTestLoggerEvents.SendTestResult: Invoking callback 1/1 for Microsoft.VisualStudio.TestPlatform.CommandLine.Internal.ConsoleLogger., took 0 ms.
TpTrace Verbose: 0 : 28336, 13, 2023/01/09, 19:20:48.559, 12058675775065, vstest.console.dll, MulticastDelegateUtilities.SafeInvoke: LengthPrefixCommunicationChannel: MessageReceived: Invoking callback 1/1 for Microsoft.VisualStudio.TestPlatform.CommunicationUtilities.TestRequestSender+<>c__DisplayClass31_0., took 5 ms.
TpTrace Verbose: 0 : 28336, 4, 2023/01/09, 19:20:48.559, 12058675775363, vstest.console.dll, MulticastDelegateUtilities.SafeInvoke: InternalTestLoggerEvents.SendTestResult: Invoking callback 1/1 for Microsoft.VisualStudio.TestPlatform.CommandLine.Internal.ConsoleLogger., took 0 ms.
TpTrace Verbose: 0 : 28336, 13, 2023/01/09, 19:20:48.559, 12058675775689, vstest.console.dll, TcpClientExtensions.MessageLoopAsync: Polling on remoteEndPoint: 127.0.0.1:49158 localEndPoint: 127.0.0.1:49157
TpTrace Verbose: 0 : 28336, 4, 2023/01/09, 19:20:48.559, 12058675775704, vstest.console.dll, MulticastDelegateUtilities.SafeInvoke: InternalTestLoggerEvents.SendTestResult: Invoking callback 1/1 for Microsoft.VisualStudio.TestPlatform.CommandLine.Internal.ConsoleLogger., took 0 ms.
TpTrace Verbose: 0 : 28336, 13, 2023/01/09, 19:20:48.559, 12058675776045, vstest.console.dll, TcpClientExtensions.MessageLoopAsync: NotifyDataAvailable remoteEndPoint: 127.0.0.1:49158 localEndPoint: 127.0.0.1:49157
TpTrace Verbose: 0 : 28336, 13, 2023/01/09, 19:20:48.559, 12058675777076, vstest.console.dll, TestRequestSender.OnExecutionMessageReceived: Received message: {"Version":5,"MessageType":"TestSession.Message","Payload":{"MessageLevel":0,"Message":"[xUnit.net 00:00:00.47]   Finished:    NerdStore.Vendas.Domain.Tests"}}
TpTrace Verbose: 0 : 28336, 13, 2023/01/09, 19:20:48.559, 12058675777775, vstest.console.dll, TestRunRequest:SendTestRunMessage: Starting.
TpTrace Verbose: 0 : 28336, 13, 2023/01/09, 19:20:48.559, 12058675778169, vstest.console.dll, MulticastDelegateUtilities.SafeInvoke: TestRun.LogMessages: Invoking callback 1/1 for Microsoft.VisualStudio.TestPlatform.CommandLine.TestRunResultAggregator., took 0 ms.
TpTrace Information: 0 : 28336, 13, 2023/01/09, 19:20:48.559, 12058675778367, vstest.console.dll, TestRunRequest:SendTestRunMessage: Completed.
TpTrace Verbose: 0 : 28336, 13, 2023/01/09, 19:20:48.559, 12058675778535, vstest.console.dll, MulticastDelegateUtilities.SafeInvoke: LengthPrefixCommunicationChannel: MessageReceived: Invoking callback 1/1 for Microsoft.VisualStudio.TestPlatform.CommunicationUtilities.TestRequestSender+<>c__DisplayClass31_0., took 0 ms.
TpTrace Verbose: 0 : 28336, 13, 2023/01/09, 19:20:48.560, 12058675778718, vstest.console.dll, TcpClientExtensions.MessageLoopAsync: Polling on remoteEndPoint: 127.0.0.1:49158 localEndPoint: 127.0.0.1:49157
TpTrace Verbose: 0 : 28336, 13, 2023/01/09, 19:20:48.560, 12058675778937, vstest.console.dll, TcpClientExtensions.MessageLoopAsync: NotifyDataAvailable remoteEndPoint: 127.0.0.1:49158 localEndPoint: 127.0.0.1:49157
TpTrace Verbose: 0 : 28336, 13, 2023/01/09, 19:20:48.560, 12058675779570, vstest.console.dll, TestRequestSender.OnExecutionMessageReceived: Received message: {"Version":5,"MessageType":"TestExecution.Completed","Payload":{"TestRunCompleteArgs":{"TestRunStatistics":{"ExecutedTests":21,"Stats":{"Passed":21}},"IsCanceled":false,"IsAborted":false,"Error":null,"AttachmentSets":[],"ElapsedTimeInRunningTests":"00:00:00.4860993","Metrics":{}},"LastRunTests":{"NewTestResults":[{"TestCase":{"Id":"5204caf7-520b-5cbb-75c3-498540124b82","FullyQualifiedName":"NerdStore.Vendas.Domain.Tests.VoucherTests.Voucher_ValidarVoucherPorcentagem_DeveEstarInValido","DisplayName":"Validar Voucher Porcentagem Invalido","ExecutorUri":"executor://xunit/VsTestRunner2/netcoreapp","Source":"F:\\Projetos ASP.NET\\Curso Testes\\TestesDeSoftware\\NerdStore.Vendas.Domain.Tests\\bin\\Debug\\net6.0\\fine-code-coverage\\build-output\\NerdStore.Vendas.Domain.Tests.dll","CodeFilePath":null,"LineNumber":0,"Properties":[{"Key":{"Id":"TestObject.Traits","Label":"Traits","Category":"","Description":"","Attributes":5,"ValueType":"System.Collections.Generic.KeyValuePair`2[[System.String],[System.String]][]"},"Value":[{"Key":"Categoria","Value":"Vendas - Voucher"}]}]},"Attachments":[],"Outcome":1,"ErrorMessage":null,"ErrorStackTrace":null,"DisplayName":"Validar Voucher Porcentagem Invalido","Messages":[],"ComputerName":"DESKTOP-I8JNLH9","Duration":"00:00:00.0002895","StartTime":"2023-01-09T22:20:48.5328446+00:00","EndTime":"2023-01-09T22:20:48.5328447+00:00","Properties":[]},{"TestCase":{"Id":"ddf0126f-95aa-2770-c18c-258f88a5ed09","FullyQualifiedName":"NerdStore.Vendas.Domain.Tests.VoucherTests.Voucher_ValidarVoucherTipoValor_DeveEstarValido","DisplayName":"Validar Voucher Tipo Valor Valido","ExecutorUri":"executor://xunit/VsTestRunner2/netcoreapp","Source":"F:\\Projetos ASP.NET\\Curso Testes\\TestesDeSoftware\\NerdStore.Vendas.Domain.Tests\\bin\\Debug\\net6.0\\fine-code-coverage\\build-output\\NerdStore.Vendas.Domain.Tests.dll","CodeFilePath":null,"LineNumber":0,"Properties":[{"Key":{"Id":"TestObject.Traits","Label":"Traits","Category":"","Description":"","Attributes":5,"ValueType":"System.Collections.Generic.KeyValuePair`2[[System.String],[System.String]][]"},"Value":[{"Key":"Categoria","Value":"Vendas - Voucher"}]}]},"Attachments":[],"Outcome":1,"ErrorMessage":null,"ErrorStackTrace":null,"DisplayName":"Validar Voucher Tipo Valor Valido","Messages":[],"ComputerName":"DESKTOP-I8JNLH9","Duration":"00:00:00.0001914","StartTime":"2023-01-09T22:20:48.5342765+00:00","EndTime":"2023-01-09T22:20:48.5342766+00:00","Properties":[]},{"TestCase":{"Id":"e32a10ba-17e6-6acc-8a31-c8cd3cd46c3a","FullyQualifiedName":"NerdStore.Vendas.Domain.Tests.VoucherTests.Voucher_ValidarVoucherPorcentagem_DeveEstarValido","DisplayName":"Validar Voucher Porcentagem Valido","ExecutorUri":"executor://xunit/VsTestRunner2/netcoreapp","Source":"F:\\Projetos ASP.NET\\Curso Testes\\TestesDeSoftware\\NerdStore.Vendas.Domain.Tests\\bin\\Debug\\net6.0\\fine-code-coverage\\build-output\\NerdStore.Vendas.Domain.Tests.dll","CodeFilePath":null,"LineNumber":0,"Properties":[{"Key":{"Id":"TestObject.Traits","Label":"Traits","Category":"","Description":"","Attributes":5,"ValueType":"System.Collections.Generic.KeyValuePair`2[[System.String],[System.String]][]"},"Value":[{"Key":"Categoria","Value":"Vendas - Voucher"}]}]},"Attachments":[],"Outcome":1,"ErrorMessage":null,"ErrorStackTrace":null,"DisplayName":"Validar Voucher Porcentagem Valido","Messages":[],"ComputerName":"DESKTOP-I8JNLH9","Duration":"00:00:00.0001749","StartTime":"2023-01-09T22:20:48.5356592+00:00","EndTime":"2023-01-09T22:20:48.5356593+00:00","Properties":[]},{"TestCase":{"Id":"906747e5-efeb-49ae-e9be-c45e9bb64a04","FullyQualifiedName":"NerdStore.Vendas.Domain.Tests.VoucherTests.AplicarVoucher_VoucherTipoPercentualDesconto_DeveDescontarDoValorTotal","DisplayName":"Aplicar Voucher tipo percentual desconto","ExecutorUri":"executor://xunit/VsTestRunner2/netcoreapp","Source":"F:\\Projetos ASP.NET\\Curso Testes\\TestesDeSoftware\\NerdStore.Vendas.Domain.Tests\\bin\\Debug\\net6.0\\fine-code-coverage\\build-output\\NerdStore.Vendas.Domain.Tests.dll","CodeFilePath":null,"LineNumber":0,"Properties":[{"Key":{"Id":"TestObject.Traits","Label":"Traits","Category":"","Description":"","Attributes":5,"ValueType":"System.Collections.Generic.KeyValuePair`2[[System.String],[System.String]][]"},"Value":[{"Key":"Categoria","Value":"Vendas - Voucher"}]}]},"Attachments":[],"Outcome":1,"ErrorMessage":null,"ErrorStackTrace":null,"DisplayName":"Aplicar Voucher tipo percentual desconto","Messages":[],"ComputerName":"DESKTOP-I8JNLH9","Duration":"00:00:00.0004300","StartTime":"2023-01-09T22:20:48.539747+00:00","EndTime":"2023-01-09T22:20:48.5397548+00:00","Properties":[]}],"TestRunStatistics":{"ExecutedTests":21,"Stats":{"Passed":21}},"ActiveTests":[]},"RunAttachments":[],"ExecutorUris":["executor://xunit/VsTestRunner2/netcoreapp"]}}
TpTrace Verbose: 0 : 28336, 13, 2023/01/09, 19:20:48.560, 12058675780266, vstest.console.dll, TestRequestSender.EndSession: Sending end session.
TpTrace Verbose: 0 : 28336, 13, 2023/01/09, 19:20:48.560, 12058675781403, vstest.console.dll, ProxyOperationManager.Close: waiting for test host to exit for 100 ms
TpTrace Verbose: 0 : 28336, 4, 2023/01/09, 19:20:48.560, 12058675782581, vstest.console.dll, MulticastDelegateUtilities.SafeInvoke: InternalTestLoggerEvents.SendTestResult: Invoking callback 1/1 for Microsoft.VisualStudio.TestPlatform.CommandLine.Internal.ConsoleLogger., took 0 ms.
TpTrace Verbose: 0 : 28336, 4, 2023/01/09, 19:20:48.560, 12058675787282, vstest.console.dll, MulticastDelegateUtilities.SafeInvoke: InternalTestLoggerEvents.SendTestResult: Invoking callback 1/1 for Microsoft.VisualStudio.TestPlatform.CommandLine.Internal.ConsoleLogger., took 0 ms.
TpTrace Verbose: 0 : 28336, 4, 2023/01/09, 19:20:48.561, 12058675789930, vstest.console.dll, MulticastDelegateUtilities.SafeInvoke: InternalTestLoggerEvents.SendTestResult: Invoking callback 1/1 for Microsoft.VisualStudio.TestPlatform.CommandLine.Internal.ConsoleLogger., took 0 ms.
TpTrace Verbose: 0 : 28336, 4, 2023/01/09, 19:20:48.561, 12058675791373, vstest.console.dll, MulticastDelegateUtilities.SafeInvoke: InternalTestLoggerEvents.SendTestResult: Invoking callback 1/1 for Microsoft.VisualStudio.TestPlatform.CommandLine.Internal.ConsoleLogger., took 0 ms.
TpTrace Verbose: 0 : 28336, 4, 2023/01/09, 19:20:48.561, 12058675791891, vstest.console.dll, MulticastDelegateUtilities.SafeInvoke: InternalTestLoggerEvents.SendTestResult: Invoking callback 1/1 for Microsoft.VisualStudio.TestPlatform.CommandLine.Internal.ConsoleLogger., took 0 ms.
TpTrace Verbose: 0 : 28336, 4, 2023/01/09, 19:20:48.561, 12058675792213, vstest.console.dll, MulticastDelegateUtilities.SafeInvoke: InternalTestLoggerEvents.SendTestResult: Invoking callback 1/1 for Microsoft.VisualStudio.TestPlatform.CommandLine.Internal.ConsoleLogger., took 0 ms.
TpTrace Verbose: 0 : 28336, 4, 2023/01/09, 19:20:48.561, 12058675792525, vstest.console.dll, MulticastDelegateUtilities.SafeInvoke: InternalTestLoggerEvents.SendTestResult: Invoking callback 1/1 for Microsoft.VisualStudio.TestPlatform.CommandLine.Internal.ConsoleLogger., took 0 ms.
TpTrace Verbose: 0 : 28336, 4, 2023/01/09, 19:20:48.561, 12058675792822, vstest.console.dll, MulticastDelegateUtilities.SafeInvoke: InternalTestLoggerEvents.SendTestRunMessage: Invoking callback 1/1 for Microsoft.VisualStudio.TestPlatform.CommandLine.Internal.ConsoleLogger., took 0 ms.
TpTrace Warning: 0 : 28336, 10, 2023/01/09, 19:20:48.575, 12058675934087, vstest.console.dll, TestHostManagerCallbacks.ErrorReceivedCallback Test host standard error line: 
TpTrace Verbose: 0 : 28336, 10, 2023/01/09, 19:20:48.582, 12058675999013, vstest.console.dll, TestHostProvider.ExitCallBack: Host exited starting callback.
TpTrace Information: 0 : 28336, 10, 2023/01/09, 19:20:48.582, 12058676000303, vstest.console.dll, TestHostManagerCallbacks.ExitCallBack: Testhost processId: 26244 exited with exitcode: 0 error: ''
TpTrace Verbose: 0 : 28336, 10, 2023/01/09, 19:20:48.582, 12058676000622, vstest.console.dll, DotnetTestHostManager.OnHostExited: invoking OnHostExited callback
TpTrace Verbose: 0 : 28336, 10, 2023/01/09, 19:20:48.582, 12058676000977, vstest.console.dll, CrossPlatEngine.TestHostManagerHostExited: calling on client process exit callback.
TpTrace Information: 0 : 28336, 10, 2023/01/09, 19:20:48.582, 12058676001466, vstest.console.dll, TestRequestSender.OnClientProcessExit: Test host process exited. Standard error: 
TpTrace Information: 0 : 28336, 10, 2023/01/09, 19:20:48.582, 12058676001803, vstest.console.dll, SocketServer.Stop: Stop server endPoint: 127.0.0.1:49157
TpTrace Information: 0 : 28336, 10, 2023/01/09, 19:20:48.582, 12058676002029, vstest.console.dll, SocketServer.Stop: Cancellation requested. Stopping message loop.
TpTrace Information: 0 : 28336, 13, 2023/01/09, 19:20:48.582, 12058676002096, vstest.console.dll, SocketServer.Stop: Stop server endPoint: 127.0.0.1:49157
TpTrace Information: 0 : 28336, 13, 2023/01/09, 19:20:48.582, 12058676002620, vstest.console.dll, SocketServer.Stop: Cancellation requested. Stopping message loop.
TpTrace Verbose: 0 : 28336, 10, 2023/01/09, 19:20:48.582, 12058676002753, vstest.console.dll, MulticastDelegateUtilities.SafeInvoke: HostProviderEvents.OnHostExited: Invoking callback 1/1 for Microsoft.VisualStudio.TestPlatform.CrossPlatEngine.Client.ProxyOperationManager., took 0 ms.
TpTrace Information: 0 : 28336, 13, 2023/01/09, 19:20:48.582, 12058676002931, vstest.console.dll, Closing the connection
TpTrace Verbose: 0 : 28336, 13, 2023/01/09, 19:20:48.582, 12058676004754, vstest.console.dll, ProxyDataCollectionManager.InvokeDataCollectionServiceAction: Starting.
TpTrace Information: 0 : 28336, 13, 2023/01/09, 19:20:48.582, 12058676005092, vstest.console.dll, ProxyDataCollectionManager.AfterTestRunEnd: Get attachment set and invoked data collectors processId: 7716 port: 49153
TpTrace Verbose: 0 : 28336, 13, 2023/01/09, 19:20:48.582, 12058676005489, vstest.console.dll, DataCollectionRequestSender.SendAfterTestRunStartAndGetResult: Send AfterTestRunEnd message with isCancelled: False
TpTrace Verbose: 0 : 28336, 13, 2023/01/09, 19:20:48.588, 12058676064896, vstest.console.dll, DataCollectionRequestSender.SendAfterTestRunStartAndGetResult: Received message: (DataCollection.AfterTestRunEndResult) -> {"MessageType":"DataCollection.AfterTestRunEndResult","Payload":{"AttachmentSets":[],"InvokedDataCollectors":[{"Uri":"datacollector://Microsoft/TestPlatform/Extensions/Blame/v1","FriendlyName":"Blame","AssemblyQualifiedName":"Microsoft.TestPlatform.Extensions.BlameDataCollector.BlameCollector, Microsoft.TestPlatform.Extensions.BlameDataCollector, Version=15.0.0.0, Culture=neutral, PublicKeyToken=b03f5f7f11d50a3a","FilePath":"C:\\Program Files\\dotnet\\sdk\\7.0.101\\Extensions\\Microsoft.TestPlatform.Extensions.BlameDataCollector.dll","HasAttachmentProcessor":false}],"Metrics":{}}}
TpTrace Warning: 0 : 28336, 9, 2023/01/09, 19:20:48.591, 12058676093075, vstest.console.dll, DataCollectionLauncher.ErrorReceivedCallback datacollector standard error line: 
TpTrace Information: 0 : 28336, 13, 2023/01/09, 19:20:48.592, 12058676106678, vstest.console.dll, ProxyDataCollectionManager.InvokeDataCollectionServiceAction: Completed.
TpTrace Information: 0 : 28336, 9, 2023/01/09, 19:20:48.595, 12058676136335, vstest.console.dll, DataCollectionLauncher.ExitCallBack: Data collector exited with exitcode: 0 error: ''
TpTrace Verbose: 0 : 28336, 13, 2023/01/09, 19:20:48.625, 12058676433058, vstest.console.dll, TestRunRequest:SendTestRunStatsChange: Starting.
TpTrace Verbose: 0 : 28336, 13, 2023/01/09, 19:20:48.625, 12058676433978, vstest.console.dll, MulticastDelegateUtilities.SafeInvoke: TestRun.RunStatsChanged: Invoking callbacks was skipped because there are no subscribers.
TpTrace Information: 0 : 28336, 13, 2023/01/09, 19:20:48.625, 12058676434194, vstest.console.dll, TestRunRequest:SendTestRunStatsChange: Completed.
TpTrace Verbose: 0 : 28336, 4, 2023/01/09, 19:20:48.625, 12058676434341, vstest.console.dll, MulticastDelegateUtilities.SafeInvoke: InternalTestLoggerEvents.SendTestResult: Invoking callback 1/1 for Microsoft.VisualStudio.TestPlatform.CommandLine.Internal.ConsoleLogger., took 0 ms.
TpTrace Verbose: 0 : 28336, 4, 2023/01/09, 19:20:48.625, 12058676434876, vstest.console.dll, MulticastDelegateUtilities.SafeInvoke: InternalTestLoggerEvents.SendTestResult: Invoking callback 1/1 for Microsoft.VisualStudio.TestPlatform.CommandLine.Internal.ConsoleLogger., took 0 ms.
TpTrace Verbose: 0 : 28336, 4, 2023/01/09, 19:20:48.625, 12058676435213, vstest.console.dll, MulticastDelegateUtilities.SafeInvoke: InternalTestLoggerEvents.SendTestResult: Invoking callback 1/1 for Microsoft.VisualStudio.TestPlatform.CommandLine.Internal.ConsoleLogger., took 0 ms.
TpTrace Verbose: 0 : 28336, 4, 2023/01/09, 19:20:48.625, 12058676435550, vstest.console.dll, MulticastDelegateUtilities.SafeInvoke: InternalTestLoggerEvents.SendTestResult: Invoking callback 1/1 for Microsoft.VisualStudio.TestPlatform.CommandLine.Internal.ConsoleLogger., took 0 ms.
TpTrace Verbose: 0 : 28336, 13, 2023/01/09, 19:20:48.625, 12058676436742, vstest.console.dll, ParallelProxyExecutionManager: HandlePartialRunComplete: Total completed clients = 1, Run complete = True, Run canceled: False.
TpTrace Verbose: 0 : 28336, 4, 2023/01/09, 19:20:48.635, 12058676529355, vstest.console.dll, MulticastDelegateUtilities.SafeInvoke: InternalTestLoggerEvents.SendTestRunComplete: Invoking callback 1/2 for Microsoft.TestPlatform.Extensions.BlameDataCollector.BlameLogger., took 0 ms.
TpTrace Verbose: 0 : 28336, 4, 2023/01/09, 19:20:48.639, 12058676570357, vstest.console.dll, MulticastDelegateUtilities.SafeInvoke: InternalTestLoggerEvents.SendTestRunComplete: Invoking callback 2/2 for Microsoft.VisualStudio.TestPlatform.CommandLine.Internal.ConsoleLogger., took 4 ms.
TpTrace Verbose: 0 : 28336, 13, 2023/01/09, 19:20:48.639, 12058676572834, vstest.console.dll, TestRunRequest:TestRunComplete: Starting. IsAborted:False IsCanceled:False.
TpTrace Verbose: 0 : 28336, 13, 2023/01/09, 19:20:48.640, 12058676581722, vstest.console.dll, TestLoggerManager.HandleTestRunComplete: Ignoring as the object is disposed.
TpTrace Verbose: 0 : 28336, 13, 2023/01/09, 19:20:48.640, 12058676583421, vstest.console.dll, MulticastDelegateUtilities.SafeInvoke: TestRun.TestRunComplete: Invoking callback 1/2 for Microsoft.VisualStudio.TestPlatform.CommandLine.TestRunResultAggregator., took 0 ms.
TpTrace Verbose: 0 : 28336, 13, 2023/01/09, 19:20:48.640, 12058676584514, vstest.console.dll, MulticastDelegateUtilities.SafeInvoke: TestRun.TestRunComplete: Invoking callback 2/2 for Microsoft.VisualStudio.TestPlatform.CommandLine.Processors.RunTestsArgumentExecutor+TestRunRequestEventsRegistrar., took 0 ms.
TpTrace Information: 0 : 28336, 13, 2023/01/09, 19:20:48.640, 12058676585189, vstest.console.dll, TestRunRequest:TestRunComplete: Completed.
TpTrace Verbose: 0 : 28336, 13, 2023/01/09, 19:20:48.640, 12058676585491, vstest.console.dll, TestRequestSender.SetOperationComplete: Setting operation complete.
TpTrace Verbose: 0 : 28336, 1, 2023/01/09, 19:20:48.640, 12058676585577, vstest.console.dll, TestRunRequest.Dispose: Starting.
TpTrace Information: 0 : 28336, 13, 2023/01/09, 19:20:48.640, 12058676585678, vstest.console.dll, SocketServer.Stop: Stop server endPoint: 127.0.0.1:49157
TpTrace Information: 0 : 28336, 1, 2023/01/09, 19:20:48.640, 12058676586099, vstest.console.dll, TestRunRequest.Dispose: Completed.
TpTrace Information: 0 : 28336, 13, 2023/01/09, 19:20:48.640, 12058676586465, vstest.console.dll, SocketServer.Stop: Cancellation requested. Stopping message loop.
TpTrace Information: 0 : 28336, 1, 2023/01/09, 19:20:48.640, 12058676586985, vstest.console.dll, TestRequestManager.RunTests: run tests completed.
TpTrace Verbose: 0 : 28336, 13, 2023/01/09, 19:20:48.640, 12058676587096, vstest.console.dll, MulticastDelegateUtilities.SafeInvoke: LengthPrefixCommunicationChannel: MessageReceived: Invoking callback 1/1 for Microsoft.VisualStudio.TestPlatform.CommunicationUtilities.TestRequestSender+<>c__DisplayClass31_0., took 80 ms.
TpTrace Information: 0 : 28336, 13, 2023/01/09, 19:20:48.640, 12058676587451, vstest.console.dll, SocketServer.PrivateStop: Stopping server endPoint: 127.0.0.1:49157 error: 
TpTrace Information: 0 : 28336, 1, 2023/01/09, 19:20:48.641, 12058676588581, vstest.console.dll, RunTestsArgumentProcessor:Execute: Test run is completed.
TpTrace Verbose: 0 : 28336, 1, 2023/01/09, 19:20:48.641, 12058676590042, vstest.console.dll, Executor.Execute: Exiting with exit code of 0
TpTrace Verbose: 0 : 28336, 13, 2023/01/09, 19:20:48.641, 12058676590435, vstest.console.dll, LengthPrefixCommunicationChannel.Dispose: Dispose reader and writer.
TpTrace Information: 0 : 28336, 13, 2023/01/09, 19:20:48.641, 12058676591045, vstest.console.dll, SocketServer.Stop: Raise disconnected event endPoint: 127.0.0.1:49157 error: 
TpTrace Verbose: 0 : 28336, 13, 2023/01/09, 19:20:48.641, 12058676591759, vstest.console.dll, TestRequestSender: OnTestRunAbort: Operation is already complete. Skip error message.
TpTrace Verbose: 0 : 28336, 13, 2023/01/09, 19:20:48.641, 12058676592168, vstest.console.dll, MulticastDelegateUtilities.SafeInvoke: SocketServer: ClientDisconnected: Invoking callback 1/1 for Microsoft.VisualStudio.TestPlatform.CommunicationUtilities.TestRequestSender., took 0 ms.
TpTrace Verbose: 0 : 28336, 13, 2023/01/09, 19:20:48.641, 12058676592372, vstest.console.dll, TcpClientExtensions.MessageLoopAsync: exiting MessageLoopAsync remoteEndPoint: 127.0.0.1:49158 localEndPoint: 127.0.0.1:49157
