TpTrace Verbose: 0 : 7400, 1, 2023/01/09, 19:20:43.756, 12058627743856, vstest.console.dll, Version: 17.4.0-release-20221019-01 Current process architecture: X64
TpTrace Verbose: 0 : 7400, 1, 2023/01/09, 19:20:43.757, 12058627757529, vstest.console.dll, Runtime location: C:\Program Files\dotnet\shared\Microsoft.NETCore.App\7.0.1
TpTrace Verbose: 0 : 7400, 1, 2023/01/09, 19:20:43.760, 12058627780423, vstest.console.dll, ArtifactProcessingPostProcessModeProcessorExecutor.Initialize: ArtifactProcessingMode.Collect
TpTrace Verbose: 0 : 7400, 1, 2023/01/09, 19:20:43.760, 12058627781489, vstest.console.dll, TestSessionCorrelationIdProcessorModeProcessorExecutor.Initialize: TestSessionCorrelationId '30760_f7b35859-84bd-49ca-8363-a3bd1f62ed25'
TpTrace Information: 0 : 7400, 1, 2023/01/09, 19:20:43.766, 12058627841094, vstest.console.dll, FilePatternParser: The given file F:\Projetos ASP.NET\Curso Testes\TestesDeSoftware\NerdStore.Vendas.Application.Tests\bin\Debug\net6.0\fine-code-coverage\build-output\NerdStore.Vendas.Application.Tests.dll is a full path.
TpTrace Verbose: 0 : 7400, 1, 2023/01/09, 19:20:43.770, 12058627881946, vstest.console.dll, TestPluginCache.DiscoverTestExtensions: finding test extensions in assemblies ends with: RuntimeProvider.dll TPluginInfo: Microsoft.VisualStudio.TestPlatform.Common.ExtensionFramework.Utilities.TestRuntimePluginInformation TExtension: Microsoft.VisualStudio.TestPlatform.ObjectModel.Host.ITestRuntimeProvider
TpTrace Verbose: 0 : 7400, 1, 2023/01/09, 19:20:43.770, 12058627883926, vstest.console.dll, TestPluginCache.GetExtensionPaths: Filtered extension paths: 
TpTrace Verbose: 0 : 7400, 1, 2023/01/09, 19:20:43.770, 12058627884548, vstest.console.dll, TestPluginCache.GetExtensionPaths: Added default extension paths: C:\Program Files\dotnet\sdk\7.0.101\Extensions\Microsoft.Diagnostics.NETCore.Client.dll
C:\Program Files\dotnet\sdk\7.0.101\Extensions\Microsoft.TestPlatform.Extensions.BlameDataCollector.dll
C:\Program Files\dotnet\sdk\7.0.101\Extensions\Microsoft.TestPlatform.Extensions.EventLogCollector.dll
C:\Program Files\dotnet\sdk\7.0.101\Extensions\Microsoft.TestPlatform.TestHostRuntimeProvider.dll
C:\Program Files\dotnet\sdk\7.0.101\Extensions\Microsoft.VisualStudio.TestPlatform.Extensions.Html.TestLogger.dll
C:\Program Files\dotnet\sdk\7.0.101\Extensions\Microsoft.VisualStudio.TestPlatform.Extensions.Trx.TestLogger.dll
TpTrace Verbose: 0 : 7400, 1, 2023/01/09, 19:20:43.770, 12058627884797, vstest.console.dll, TestPluginCache.GetExtensionPaths: Added unfilterableExtensionPaths: 
TpTrace Information: 0 : 7400, 1, 2023/01/09, 19:20:43.771, 12058627889851, vstest.console.dll, AssemblyResolver.ctor: Creating AssemblyResolver with searchDirectories C:\Program Files\dotnet\sdk\7.0.101\Extensions,C:\Program Files\dotnet\sdk\7.0.101
TpTrace Verbose: 0 : 7400, 1, 2023/01/09, 19:20:43.772, 12058627902401, vstest.console.dll, TestPluginCache.DiscoverTestExtensions: Discovering the extensions using extension path.
TpTrace Verbose: 0 : 7400, 1, 2023/01/09, 19:20:43.772, 12058627903531, vstest.console.dll, TestPluginCache.GetExtensionPaths: Filtered extension paths: 
TpTrace Verbose: 0 : 7400, 1, 2023/01/09, 19:20:43.772, 12058627903898, vstest.console.dll, TestPluginCache.GetExtensionPaths: Added default extension paths: C:\Program Files\dotnet\sdk\7.0.101\Extensions\Microsoft.Diagnostics.NETCore.Client.dll
C:\Program Files\dotnet\sdk\7.0.101\Extensions\Microsoft.TestPlatform.Extensions.BlameDataCollector.dll
C:\Program Files\dotnet\sdk\7.0.101\Extensions\Microsoft.TestPlatform.Extensions.EventLogCollector.dll
C:\Program Files\dotnet\sdk\7.0.101\Extensions\Microsoft.TestPlatform.TestHostRuntimeProvider.dll
C:\Program Files\dotnet\sdk\7.0.101\Extensions\Microsoft.VisualStudio.TestPlatform.Extensions.Html.TestLogger.dll
C:\Program Files\dotnet\sdk\7.0.101\Extensions\Microsoft.VisualStudio.TestPlatform.Extensions.Trx.TestLogger.dll
TpTrace Verbose: 0 : 7400, 1, 2023/01/09, 19:20:43.772, 12058627904100, vstest.console.dll, TestPluginCache.GetExtensionPaths: Added unfilterableExtensionPaths: 
TpTrace Verbose: 0 : 7400, 1, 2023/01/09, 19:20:43.772, 12058627905113, vstest.console.dll, TestPluginCache.DiscoverTestExtensions: Discovering the extensions using allExtensionPaths: C:\Program Files\dotnet\sdk\7.0.101\Extensions\Microsoft.Diagnostics.NETCore.Client.dll
C:\Program Files\dotnet\sdk\7.0.101\Extensions\Microsoft.TestPlatform.Extensions.BlameDataCollector.dll
C:\Program Files\dotnet\sdk\7.0.101\Extensions\Microsoft.TestPlatform.Extensions.EventLogCollector.dll
C:\Program Files\dotnet\sdk\7.0.101\Extensions\Microsoft.TestPlatform.TestHostRuntimeProvider.dll
C:\Program Files\dotnet\sdk\7.0.101\Extensions\Microsoft.VisualStudio.TestPlatform.Extensions.Html.TestLogger.dll
C:\Program Files\dotnet\sdk\7.0.101\Extensions\Microsoft.VisualStudio.TestPlatform.Extensions.Trx.TestLogger.dll
TpTrace Information: 0 : 7400, 1, 2023/01/09, 19:20:43.772, 12058627905841, vstest.console.dll, AssemblyResolver.AddSearchDirectories: Adding more searchDirectories C:\Program Files\dotnet\sdk\7.0.101\Extensions,C:\Program Files\dotnet\sdk\7.0.101
TpTrace Information: 0 : 7400, 1, 2023/01/09, 19:20:43.772, 12058627906205, vstest.console.dll, AssemblyResolver.AddSearchDirectories: Adding more searchDirectories C:\Program Files\dotnet\sdk\7.0.101\Extensions,C:\Program Files\dotnet\sdk\7.0.101
TpTrace Information: 0 : 7400, 1, 2023/01/09, 19:20:43.772, 12058627906415, vstest.console.dll, AssemblyResolver.AddSearchDirectories: Adding more searchDirectories C:\Program Files\dotnet\sdk\7.0.101\Extensions,C:\Program Files\dotnet\sdk\7.0.101
TpTrace Information: 0 : 7400, 1, 2023/01/09, 19:20:43.772, 12058627906691, vstest.console.dll, AssemblyResolver.AddSearchDirectories: Adding more searchDirectories C:\Program Files\dotnet\sdk\7.0.101\Extensions,C:\Program Files\dotnet\sdk\7.0.101
TpTrace Information: 0 : 7400, 1, 2023/01/09, 19:20:43.772, 12058627906955, vstest.console.dll, AssemblyResolver.AddSearchDirectories: Adding more searchDirectories C:\Program Files\dotnet\sdk\7.0.101\Extensions,C:\Program Files\dotnet\sdk\7.0.101
TpTrace Information: 0 : 7400, 1, 2023/01/09, 19:20:43.772, 12058627907175, vstest.console.dll, AssemblyResolver.AddSearchDirectories: Adding more searchDirectories C:\Program Files\dotnet\sdk\7.0.101\Extensions,C:\Program Files\dotnet\sdk\7.0.101
TpTrace Information: 0 : 7400, 1, 2023/01/09, 19:20:43.773, 12058627910112, vstest.console.dll, AssemblyResolver.OnResolve: Microsoft.Diagnostics.NETCore.Client: Resolving assembly.
TpTrace Information: 0 : 7400, 1, 2023/01/09, 19:20:43.773, 12058627910585, vstest.console.dll, AssemblyResolver.OnResolve: Microsoft.Diagnostics.NETCore.Client: Searching in: 'C:\Program Files\dotnet\sdk\7.0.101\Extensions'.
TpTrace Information: 0 : 7400, 1, 2023/01/09, 19:20:43.779, 12058627970548, vstest.console.dll, AssemblyResolver.OnResolve: Microsoft.Diagnostics.NETCore.Client: Loading assembly 'C:\Program Files\dotnet\sdk\7.0.101\Extensions\Microsoft.Diagnostics.NETCore.Client.dll'.
TpTrace Information: 0 : 7400, 1, 2023/01/09, 19:20:43.779, 12058627976400, vstest.console.dll, AssemblyResolver.OnResolve: Resolved assembly: Microsoft.Diagnostics.NETCore.Client, from path: C:\Program Files\dotnet\sdk\7.0.101\Extensions\Microsoft.Diagnostics.NETCore.Client.dll
TpTrace Verbose: 0 : 7400, 1, 2023/01/09, 19:20:43.780, 12058627985016, vstest.console.dll, MetadataReaderExtensionsHelper: Discovering extensions inside assembly 'Microsoft.Diagnostics.NETCore.Client, Version=0.2.6.42401, Culture=neutral, PublicKeyToken=31bf3856ad364e35' file path 'C:\Program Files\dotnet\sdk\7.0.101\Extensions\Microsoft.Diagnostics.NETCore.Client.dll'
TpTrace Information: 0 : 7400, 1, 2023/01/09, 19:20:43.783, 12058628017141, vstest.console.dll, AssemblyResolver.OnResolve: Microsoft.Bcl.AsyncInterfaces: Resolving assembly.
TpTrace Information: 0 : 7400, 1, 2023/01/09, 19:20:43.783, 12058628017759, vstest.console.dll, AssemblyResolver.OnResolve: Microsoft.Bcl.AsyncInterfaces: Searching in: 'C:\Program Files\dotnet\sdk\7.0.101\Extensions'.
TpTrace Information: 0 : 7400, 1, 2023/01/09, 19:20:43.783, 12058628018392, vstest.console.dll, AssemblyResolver.OnResolve: Microsoft.Bcl.AsyncInterfaces: Assembly path does not exist: 'C:\Program Files\dotnet\sdk\7.0.101\Extensions\Microsoft.Bcl.AsyncInterfaces.dll', returning.
TpTrace Information: 0 : 7400, 1, 2023/01/09, 19:20:43.784, 12058628019239, vstest.console.dll, AssemblyResolver.OnResolve: Microsoft.Bcl.AsyncInterfaces: Assembly path does not exist: 'C:\Program Files\dotnet\sdk\7.0.101\Extensions\Microsoft.Bcl.AsyncInterfaces.exe', returning.
TpTrace Information: 0 : 7400, 1, 2023/01/09, 19:20:43.784, 12058628019584, vstest.console.dll, AssemblyResolver.OnResolve: Microsoft.Bcl.AsyncInterfaces: Searching in: 'C:\Program Files\dotnet\sdk\7.0.101'.
TpTrace Information: 0 : 7400, 1, 2023/01/09, 19:20:43.784, 12058628020047, vstest.console.dll, AssemblyResolver.OnResolve: Microsoft.Bcl.AsyncInterfaces: Assembly path does not exist: 'C:\Program Files\dotnet\sdk\7.0.101\Microsoft.Bcl.AsyncInterfaces.dll', returning.
TpTrace Information: 0 : 7400, 1, 2023/01/09, 19:20:43.784, 12058628020471, vstest.console.dll, AssemblyResolver.OnResolve: Microsoft.Bcl.AsyncInterfaces: Assembly path does not exist: 'C:\Program Files\dotnet\sdk\7.0.101\Microsoft.Bcl.AsyncInterfaces.exe', returning.
TpTrace Information: 0 : 7400, 1, 2023/01/09, 19:20:43.784, 12058628020719, vstest.console.dll, AssemblyResolver.OnResolve: Microsoft.Bcl.AsyncInterfaces: Failed to load assembly.
TpTrace Verbose: 0 : 7400, 1, 2023/01/09, 19:20:43.784, 12058628020953, vstest.console.dll, CurrentDomainAssemblyResolve: Resolving assembly 'Microsoft.Bcl.AsyncInterfaces'.
TpTrace Information: 0 : 7400, 1, 2023/01/09, 19:20:43.784, 12058628021349, vstest.console.dll, AssemblyResolver.OnResolve: Microsoft.Bcl.AsyncInterfaces: Resolving assembly.
TpTrace Information: 0 : 7400, 1, 2023/01/09, 19:20:43.784, 12058628021615, vstest.console.dll, AssemblyResolver.OnResolve: Microsoft.Bcl.AsyncInterfaces: Resolved from cache.
TpTrace Verbose: 0 : 7400, 1, 2023/01/09, 19:20:43.784, 12058628021789, vstest.console.dll, CurrentDomainAssemblyResolve: Resolving assembly 'Microsoft.Bcl.AsyncInterfaces'.
TpTrace Verbose: 0 : 7400, 1, 2023/01/09, 19:20:43.784, 12058628022047, vstest.console.dll, CurrentDomainAssemblyResolve: Failed to resolve assembly 'Microsoft.Bcl.AsyncInterfaces'.
TpTrace Verbose: 0 : 7400, 1, 2023/01/09, 19:20:43.785, 12058628029335, vstest.console.dll, CurrentDomainAssemblyResolve: Failed to resolve assembly 'Microsoft.Bcl.AsyncInterfaces'.
TpTrace Warning: 0 : 7400, 1, 2023/01/09, 19:20:43.791, 12058628094347, vstest.console.dll, TestPluginDiscoverer: Failed to get types from assembly 'Microsoft.Diagnostics.NETCore.Client, Version=0.2.6.42401, Culture=neutral, PublicKeyToken=31bf3856ad364e35'. Error: System.Reflection.ReflectionTypeLoadException: Unable to load one or more of the requested types.
Could not load file or assembly 'Microsoft.Bcl.AsyncInterfaces, Version=1.0.0.0, Culture=neutral, PublicKeyToken=cc7b13ffcd2ddd51'. O sistema não pode encontrar o arquivo especificado.
   at System.Reflection.RuntimeModule.GetTypes(RuntimeModule module)
   at System.Reflection.Assembly.GetTypes()
   at Microsoft.VisualStudio.TestPlatform.Common.ExtensionFramework.TestPluginDiscoverer.GetTestExtensionsFromAssembly[TPluginInfo,TExtension](Assembly assembly, Dictionary`2 pluginInfos, String filePath)
System.IO.FileNotFoundException: Could not load file or assembly 'Microsoft.Bcl.AsyncInterfaces, Version=1.0.0.0, Culture=neutral, PublicKeyToken=cc7b13ffcd2ddd51'. O sistema não pode encontrar o arquivo especificado.
File name: 'Microsoft.Bcl.AsyncInterfaces, Version=1.0.0.0, Culture=neutral, PublicKeyToken=cc7b13ffcd2ddd51'
 ---> System.IO.FileNotFoundException: Could not load file or assembly 'Microsoft.Bcl.AsyncInterfaces, Culture=neutral, PublicKeyToken=null'. O sistema não pode encontrar o arquivo especificado.
File name: 'Microsoft.Bcl.AsyncInterfaces, Culture=neutral, PublicKeyToken=null'
   at System.Reflection.RuntimeAssembly.InternalLoad(AssemblyName assemblyName, StackCrawlMark& stackMark, AssemblyLoadContext assemblyLoadContext, RuntimeAssembly requestingAssembly, Boolean throwOnFileNotFound)
   at System.Reflection.Assembly.Load(AssemblyName assemblyRef)
   at Microsoft.VisualStudio.TestPlatform.Common.ExtensionFramework.TestPluginCache.CurrentDomainAssemblyResolve(Object sender, AssemblyResolveEventArgs args)
   at System.Runtime.Loader.AssemblyLoadContext.GetFirstResolvedAssemblyFromResolvingEvent(AssemblyName assemblyName)
   at System.Runtime.Loader.AssemblyLoadContext.ResolveUsingEvent(AssemblyName assemblyName)
   at System.Runtime.Loader.AssemblyLoadContext.ResolveUsingResolvingEvent(IntPtr gchManagedAssemblyLoadContext, AssemblyName assemblyName)
TpTrace Warning: 0 : 7400, 1, 2023/01/09, 19:20:43.791, 12058628097988, vstest.console.dll, LoaderExceptions: System.IO.FileNotFoundException: Could not load file or assembly 'Microsoft.Bcl.AsyncInterfaces, Version=1.0.0.0, Culture=neutral, PublicKeyToken=cc7b13ffcd2ddd51'. O sistema não pode encontrar o arquivo especificado.
File name: 'Microsoft.Bcl.AsyncInterfaces, Version=1.0.0.0, Culture=neutral, PublicKeyToken=cc7b13ffcd2ddd51'
 ---> System.IO.FileNotFoundException: Could not load file or assembly 'Microsoft.Bcl.AsyncInterfaces, Culture=neutral, PublicKeyToken=null'. O sistema não pode encontrar o arquivo especificado.
File name: 'Microsoft.Bcl.AsyncInterfaces, Culture=neutral, PublicKeyToken=null'
   at System.Reflection.RuntimeAssembly.InternalLoad(AssemblyName assemblyName, StackCrawlMark& stackMark, AssemblyLoadContext assemblyLoadContext, RuntimeAssembly requestingAssembly, Boolean throwOnFileNotFound)
   at System.Reflection.Assembly.Load(AssemblyName assemblyRef)
   at Microsoft.VisualStudio.TestPlatform.Common.ExtensionFramework.TestPluginCache.CurrentDomainAssemblyResolve(Object sender, AssemblyResolveEventArgs args)
   at System.Runtime.Loader.AssemblyLoadContext.GetFirstResolvedAssemblyFromResolvingEvent(AssemblyName assemblyName)
   at System.Runtime.Loader.AssemblyLoadContext.ResolveUsingEvent(AssemblyName assemblyName)
   at System.Runtime.Loader.AssemblyLoadContext.ResolveUsingResolvingEvent(IntPtr gchManagedAssemblyLoadContext, AssemblyName assemblyName)
TpTrace Information: 0 : 7400, 1, 2023/01/09, 19:20:43.792, 12058628099757, vstest.console.dll, AssemblyResolver.OnResolve: Microsoft.TestPlatform.Extensions.BlameDataCollector: Resolving assembly.
TpTrace Information: 0 : 7400, 1, 2023/01/09, 19:20:43.792, 12058628100085, vstest.console.dll, AssemblyResolver.OnResolve: Microsoft.TestPlatform.Extensions.BlameDataCollector: Searching in: 'C:\Program Files\dotnet\sdk\7.0.101\Extensions'.
TpTrace Information: 0 : 7400, 1, 2023/01/09, 19:20:43.792, 12058628106071, vstest.console.dll, AssemblyResolver.OnResolve: Microsoft.TestPlatform.Extensions.BlameDataCollector: Loading assembly 'C:\Program Files\dotnet\sdk\7.0.101\Extensions\Microsoft.TestPlatform.Extensions.BlameDataCollector.dll'.
TpTrace Information: 0 : 7400, 1, 2023/01/09, 19:20:43.793, 12058628112595, vstest.console.dll, AssemblyResolver.OnResolve: Resolved assembly: Microsoft.TestPlatform.Extensions.BlameDataCollector, from path: C:\Program Files\dotnet\sdk\7.0.101\Extensions\Microsoft.TestPlatform.Extensions.BlameDataCollector.dll
TpTrace Verbose: 0 : 7400, 1, 2023/01/09, 19:20:43.793, 12058628113443, vstest.console.dll, MetadataReaderExtensionsHelper: Discovering extensions inside assembly 'Microsoft.TestPlatform.Extensions.BlameDataCollector, Version=15.0.0.0, Culture=neutral, PublicKeyToken=b03f5f7f11d50a3a' file path 'C:\Program Files\dotnet\sdk\7.0.101\Extensions\Microsoft.TestPlatform.Extensions.BlameDataCollector.dll'
TpTrace Information: 0 : 7400, 1, 2023/01/09, 19:20:43.795, 12058628132037, vstest.console.dll, AssemblyResolver.OnResolve: Microsoft.TestPlatform.Extensions.EventLogCollector: Resolving assembly.
TpTrace Information: 0 : 7400, 1, 2023/01/09, 19:20:43.795, 12058628132725, vstest.console.dll, AssemblyResolver.OnResolve: Microsoft.TestPlatform.Extensions.EventLogCollector: Searching in: 'C:\Program Files\dotnet\sdk\7.0.101\Extensions'.
TpTrace Information: 0 : 7400, 1, 2023/01/09, 19:20:43.795, 12058628138052, vstest.console.dll, AssemblyResolver.OnResolve: Microsoft.TestPlatform.Extensions.EventLogCollector: Loading assembly 'C:\Program Files\dotnet\sdk\7.0.101\Extensions\Microsoft.TestPlatform.Extensions.EventLogCollector.dll'.
TpTrace Information: 0 : 7400, 1, 2023/01/09, 19:20:43.796, 12058628141746, vstest.console.dll, AssemblyResolver.OnResolve: Resolved assembly: Microsoft.TestPlatform.Extensions.EventLogCollector, from path: C:\Program Files\dotnet\sdk\7.0.101\Extensions\Microsoft.TestPlatform.Extensions.EventLogCollector.dll
TpTrace Verbose: 0 : 7400, 1, 2023/01/09, 19:20:43.796, 12058628142236, vstest.console.dll, MetadataReaderExtensionsHelper: Discovering extensions inside assembly 'Microsoft.TestPlatform.Extensions.EventLogCollector, Version=15.0.0.0, Culture=neutral, PublicKeyToken=b03f5f7f11d50a3a' file path 'C:\Program Files\dotnet\sdk\7.0.101\Extensions\Microsoft.TestPlatform.Extensions.EventLogCollector.dll'
TpTrace Information: 0 : 7400, 1, 2023/01/09, 19:20:43.798, 12058628159472, vstest.console.dll, AssemblyResolver.OnResolve: Microsoft.TestPlatform.TestHostRuntimeProvider: Resolving assembly.
TpTrace Information: 0 : 7400, 1, 2023/01/09, 19:20:43.798, 12058628159964, vstest.console.dll, AssemblyResolver.OnResolve: Microsoft.TestPlatform.TestHostRuntimeProvider: Searching in: 'C:\Program Files\dotnet\sdk\7.0.101\Extensions'.
TpTrace Information: 0 : 7400, 1, 2023/01/09, 19:20:43.798, 12058628162652, vstest.console.dll, AssemblyResolver.OnResolve: Microsoft.TestPlatform.TestHostRuntimeProvider: Loading assembly 'C:\Program Files\dotnet\sdk\7.0.101\Extensions\Microsoft.TestPlatform.TestHostRuntimeProvider.dll'.
TpTrace Information: 0 : 7400, 1, 2023/01/09, 19:20:43.798, 12058628165671, vstest.console.dll, AssemblyResolver.OnResolve: Resolved assembly: Microsoft.TestPlatform.TestHostRuntimeProvider, from path: C:\Program Files\dotnet\sdk\7.0.101\Extensions\Microsoft.TestPlatform.TestHostRuntimeProvider.dll
TpTrace Verbose: 0 : 7400, 1, 2023/01/09, 19:20:43.798, 12058628166223, vstest.console.dll, MetadataReaderExtensionsHelper: Discovering extensions inside assembly 'Microsoft.TestPlatform.TestHostRuntimeProvider, Version=15.0.0.0, Culture=neutral, PublicKeyToken=b03f5f7f11d50a3a' file path 'C:\Program Files\dotnet\sdk\7.0.101\Extensions\Microsoft.TestPlatform.TestHostRuntimeProvider.dll'
TpTrace Information: 0 : 7400, 1, 2023/01/09, 19:20:43.800, 12058628179763, vstest.console.dll, GetTestExtensionFromType: Register extension with identifier data 'HostProvider://DefaultTestHost' and type 'Microsoft.VisualStudio.TestPlatform.CrossPlatEngine.Hosting.DefaultTestHostManager, Microsoft.TestPlatform.TestHostRuntimeProvider, Version=15.0.0.0, Culture=neutral, PublicKeyToken=b03f5f7f11d50a3a' inside file 'C:\Program Files\dotnet\sdk\7.0.101\Extensions\Microsoft.TestPlatform.TestHostRuntimeProvider.dll'
TpTrace Information: 0 : 7400, 1, 2023/01/09, 19:20:43.800, 12058628181740, vstest.console.dll, GetTestExtensionFromType: Register extension with identifier data 'HostProvider://DotnetTestHost' and type 'Microsoft.VisualStudio.TestPlatform.CrossPlatEngine.Hosting.DotnetTestHostManager, Microsoft.TestPlatform.TestHostRuntimeProvider, Version=15.0.0.0, Culture=neutral, PublicKeyToken=b03f5f7f11d50a3a' inside file 'C:\Program Files\dotnet\sdk\7.0.101\Extensions\Microsoft.TestPlatform.TestHostRuntimeProvider.dll'
TpTrace Information: 0 : 7400, 1, 2023/01/09, 19:20:43.800, 12058628182321, vstest.console.dll, AssemblyResolver.OnResolve: Microsoft.VisualStudio.TestPlatform.Extensions.Html.TestLogger: Resolving assembly.
TpTrace Information: 0 : 7400, 1, 2023/01/09, 19:20:43.800, 12058628182881, vstest.console.dll, AssemblyResolver.OnResolve: Microsoft.VisualStudio.TestPlatform.Extensions.Html.TestLogger: Searching in: 'C:\Program Files\dotnet\sdk\7.0.101\Extensions'.
TpTrace Information: 0 : 7400, 1, 2023/01/09, 19:20:43.800, 12058628186741, vstest.console.dll, AssemblyResolver.OnResolve: Microsoft.VisualStudio.TestPlatform.Extensions.Html.TestLogger: Loading assembly 'C:\Program Files\dotnet\sdk\7.0.101\Extensions\Microsoft.VisualStudio.TestPlatform.Extensions.Html.TestLogger.dll'.
TpTrace Information: 0 : 7400, 1, 2023/01/09, 19:20:43.801, 12058628190670, vstest.console.dll, AssemblyResolver.OnResolve: Resolved assembly: Microsoft.VisualStudio.TestPlatform.Extensions.Html.TestLogger, from path: C:\Program Files\dotnet\sdk\7.0.101\Extensions\Microsoft.VisualStudio.TestPlatform.Extensions.Html.TestLogger.dll
TpTrace Verbose: 0 : 7400, 1, 2023/01/09, 19:20:43.801, 12058628191295, vstest.console.dll, MetadataReaderExtensionsHelper: Discovering extensions inside assembly 'Microsoft.VisualStudio.TestPlatform.Extensions.Html.TestLogger, Version=15.0.0.0, Culture=neutral, PublicKeyToken=b03f5f7f11d50a3a' file path 'C:\Program Files\dotnet\sdk\7.0.101\Extensions\Microsoft.VisualStudio.TestPlatform.Extensions.Html.TestLogger.dll'
TpTrace Information: 0 : 7400, 1, 2023/01/09, 19:20:43.801, 12058628198549, vstest.console.dll, AssemblyResolver.OnResolve: Microsoft.VisualStudio.TestPlatform.Extensions.Trx.TestLogger: Resolving assembly.
TpTrace Information: 0 : 7400, 1, 2023/01/09, 19:20:43.802, 12058628199035, vstest.console.dll, AssemblyResolver.OnResolve: Microsoft.VisualStudio.TestPlatform.Extensions.Trx.TestLogger: Searching in: 'C:\Program Files\dotnet\sdk\7.0.101\Extensions'.
TpTrace Information: 0 : 7400, 1, 2023/01/09, 19:20:43.802, 12058628202923, vstest.console.dll, AssemblyResolver.OnResolve: Microsoft.VisualStudio.TestPlatform.Extensions.Trx.TestLogger: Loading assembly 'C:\Program Files\dotnet\sdk\7.0.101\Extensions\Microsoft.VisualStudio.TestPlatform.Extensions.Trx.TestLogger.dll'.
TpTrace Information: 0 : 7400, 1, 2023/01/09, 19:20:43.802, 12058628207258, vstest.console.dll, AssemblyResolver.OnResolve: Resolved assembly: Microsoft.VisualStudio.TestPlatform.Extensions.Trx.TestLogger, from path: C:\Program Files\dotnet\sdk\7.0.101\Extensions\Microsoft.VisualStudio.TestPlatform.Extensions.Trx.TestLogger.dll
TpTrace Verbose: 0 : 7400, 1, 2023/01/09, 19:20:43.802, 12058628207865, vstest.console.dll, MetadataReaderExtensionsHelper: Discovering extensions inside assembly 'Microsoft.VisualStudio.TestPlatform.Extensions.Trx.TestLogger, Version=15.0.0.0, Culture=neutral, PublicKeyToken=b03f5f7f11d50a3a' file path 'C:\Program Files\dotnet\sdk\7.0.101\Extensions\Microsoft.VisualStudio.TestPlatform.Extensions.Trx.TestLogger.dll'
TpTrace Verbose: 0 : 7400, 1, 2023/01/09, 19:20:43.803, 12058628216788, vstest.console.dll, TestPluginCache: Discovered the extensions using extension path ''.
TpTrace Verbose: 0 : 7400, 1, 2023/01/09, 19:20:43.803, 12058628217282, vstest.console.dll, TestPluginCache: Discoverers are ''.
TpTrace Verbose: 0 : 7400, 1, 2023/01/09, 19:20:43.803, 12058628217484, vstest.console.dll, TestPluginCache: Executors are ''.
TpTrace Verbose: 0 : 7400, 1, 2023/01/09, 19:20:43.803, 12058628217926, vstest.console.dll, TestPluginCache: Executors2 are ''.
TpTrace Verbose: 0 : 7400, 1, 2023/01/09, 19:20:43.803, 12058628218229, vstest.console.dll, TestPluginCache: Setting providers are ''.
TpTrace Verbose: 0 : 7400, 1, 2023/01/09, 19:20:43.803, 12058628218398, vstest.console.dll, TestPluginCache: Loggers are ''.
TpTrace Verbose: 0 : 7400, 1, 2023/01/09, 19:20:43.804, 12058628219372, vstest.console.dll, TestPluginCache: TestHosts are 'HostProvider://DefaultTestHost,HostProvider://DotnetTestHost'.
TpTrace Verbose: 0 : 7400, 1, 2023/01/09, 19:20:43.804, 12058628219624, vstest.console.dll, TestPluginCache: DataCollectors are ''.
TpTrace Information: 0 : 7400, 1, 2023/01/09, 19:20:43.812, 12058628302408, vstest.console.dll, RunTestsArgumentProcessor:Execute: Test run is starting.
TpTrace Verbose: 0 : 7400, 1, 2023/01/09, 19:20:43.812, 12058628303141, vstest.console.dll, RunTestsArgumentProcessor:Execute: Queuing Test run.
TpTrace Information: 0 : 7400, 1, 2023/01/09, 19:20:43.812, 12058628304764, vstest.console.dll, TestRequestManager.RunTests: run tests started.
TpTrace Information: 0 : 7400, 1, 2023/01/09, 19:20:43.813, 12058628314299, vstest.console.dll, AssemblyMetadataProvider.GetFrameworkName: Determined framework:'.NETCoreApp,Version=v6.0' for source: 'F:\Projetos ASP.NET\Curso Testes\TestesDeSoftware\NerdStore.Vendas.Application.Tests\bin\Debug\net6.0\fine-code-coverage\build-output\NerdStore.Vendas.Application.Tests.dll'
TpTrace Information: 0 : 7400, 1, 2023/01/09, 19:20:43.813, 12058628315712, vstest.console.dll, Determined framework for all sources: .NETCoreApp,Version=v6.0
TpTrace Verbose: 0 : 7400, 1, 2023/01/09, 19:20:43.814, 12058628318698, vstest.console.dll, TestRequestManager.UpdateRunSettingsIfRequired: Default architecture: X64 IsDefaultTargetArchitecture: True, Current process architecture: X64 OperatingSystem: Windows.
TpTrace Information: 0 : 7400, 1, 2023/01/09, 19:20:43.815, 12058628332390, vstest.console.dll, AssemblyMetadataProvider.GetArchitecture: Determined architecture:AnyCPU info for assembly: F:\Projetos ASP.NET\Curso Testes\TestesDeSoftware\NerdStore.Vendas.Application.Tests\bin\Debug\net6.0\fine-code-coverage\build-output\NerdStore.Vendas.Application.Tests.dll
TpTrace Information: 0 : 7400, 1, 2023/01/09, 19:20:43.815, 12058628332829, vstest.console.dll, Determined platform for source 'F:\Projetos ASP.NET\Curso Testes\TestesDeSoftware\NerdStore.Vendas.Application.Tests\bin\Debug\net6.0\fine-code-coverage\build-output\NerdStore.Vendas.Application.Tests.dll' was AnyCPU and it will use the default plaform X64.
TpTrace Information: 0 : 7400, 1, 2023/01/09, 19:20:43.815, 12058628333038, vstest.console.dll, None of the sources provided any runnable platform, using the default platform: X64
TpTrace Information: 0 : 7400, 1, 2023/01/09, 19:20:43.815, 12058628333676, vstest.console.dll, Platform was updated to 'X64'.
TpTrace Information: 0 : 7400, 1, 2023/01/09, 19:20:43.818, 12058628359406, vstest.console.dll, InferRunSettingsHelper.IsTestSettingsEnabled: Unable to navigate to RunSettings/MSTest. Current node: RunSettings
TpTrace Information: 0 : 7400, 1, 2023/01/09, 19:20:43.818, 12058628365354, vstest.console.dll, AssemblyResolver.OnResolve: Microsoft.VisualStudio.TestPlatform.Fakes: Resolving assembly.
TpTrace Information: 0 : 7400, 1, 2023/01/09, 19:20:43.818, 12058628365876, vstest.console.dll, AssemblyResolver.OnResolve: Microsoft.VisualStudio.TestPlatform.Fakes: Searching in: 'C:\Program Files\dotnet\sdk\7.0.101\Extensions'.
TpTrace Information: 0 : 7400, 1, 2023/01/09, 19:20:43.818, 12058628366673, vstest.console.dll, AssemblyResolver.OnResolve: Microsoft.VisualStudio.TestPlatform.Fakes: Assembly path does not exist: 'C:\Program Files\dotnet\sdk\7.0.101\Extensions\Microsoft.VisualStudio.TestPlatform.Fakes.dll', returning.
TpTrace Information: 0 : 7400, 1, 2023/01/09, 19:20:43.818, 12058628367344, vstest.console.dll, AssemblyResolver.OnResolve: Microsoft.VisualStudio.TestPlatform.Fakes: Assembly path does not exist: 'C:\Program Files\dotnet\sdk\7.0.101\Extensions\Microsoft.VisualStudio.TestPlatform.Fakes.exe', returning.
TpTrace Information: 0 : 7400, 1, 2023/01/09, 19:20:43.818, 12058628367585, vstest.console.dll, AssemblyResolver.OnResolve: Microsoft.VisualStudio.TestPlatform.Fakes: Searching in: 'C:\Program Files\dotnet\sdk\7.0.101'.
TpTrace Information: 0 : 7400, 1, 2023/01/09, 19:20:43.818, 12058628368059, vstest.console.dll, AssemblyResolver.OnResolve: Microsoft.VisualStudio.TestPlatform.Fakes: Assembly path does not exist: 'C:\Program Files\dotnet\sdk\7.0.101\Microsoft.VisualStudio.TestPlatform.Fakes.dll', returning.
TpTrace Information: 0 : 7400, 1, 2023/01/09, 19:20:43.818, 12058628368511, vstest.console.dll, AssemblyResolver.OnResolve: Microsoft.VisualStudio.TestPlatform.Fakes: Assembly path does not exist: 'C:\Program Files\dotnet\sdk\7.0.101\Microsoft.VisualStudio.TestPlatform.Fakes.exe', returning.
TpTrace Information: 0 : 7400, 1, 2023/01/09, 19:20:43.819, 12058628368776, vstest.console.dll, AssemblyResolver.OnResolve: Microsoft.VisualStudio.TestPlatform.Fakes: Failed to load assembly.
TpTrace Information: 0 : 7400, 1, 2023/01/09, 19:20:43.819, 12058628371055, vstest.console.dll, Failed to load assembly Microsoft.VisualStudio.TestPlatform.Fakes, Version=17.0.0.0, Culture=neutral. Reason:System.IO.FileNotFoundException: Could not load file or assembly 'Microsoft.VisualStudio.TestPlatform.Fakes, Version=17.0.0.0, Culture=neutral, PublicKeyToken=null'. O sistema não pode encontrar o arquivo especificado.
File name: 'Microsoft.VisualStudio.TestPlatform.Fakes, Version=17.0.0.0, Culture=neutral, PublicKeyToken=null'
   at System.Reflection.RuntimeAssembly.InternalLoad(AssemblyName assemblyName, StackCrawlMark& stackMark, AssemblyLoadContext assemblyLoadContext, RuntimeAssembly requestingAssembly, Boolean throwOnFileNotFound)
   at System.Reflection.Assembly.Load(AssemblyName assemblyRef)
   at Microsoft.VisualStudio.TestPlatform.Common.Utilities.FakesUtilities.LoadTestPlatformAssembly()
TpTrace Verbose: 0 : 7400, 1, 2023/01/09, 19:20:43.821, 12058628396729, vstest.console.dll, TestPluginCache.DiscoverTestExtensions: finding test extensions in assemblies ends with: TestLogger.dll TPluginInfo: Microsoft.VisualStudio.TestPlatform.Common.ExtensionFramework.Utilities.TestLoggerPluginInformation TExtension: Microsoft.VisualStudio.TestPlatform.ObjectModel.Client.ITestLogger
TpTrace Verbose: 0 : 7400, 1, 2023/01/09, 19:20:43.821, 12058628397586, vstest.console.dll, TestPluginCache.GetExtensionPaths: Filtered extension paths: 
TpTrace Verbose: 0 : 7400, 1, 2023/01/09, 19:20:43.821, 12058628397864, vstest.console.dll, TestPluginCache.GetExtensionPaths: Added default extension paths: C:\Program Files\dotnet\sdk\7.0.101\Extensions\Microsoft.Diagnostics.NETCore.Client.dll
C:\Program Files\dotnet\sdk\7.0.101\Extensions\Microsoft.TestPlatform.Extensions.BlameDataCollector.dll
C:\Program Files\dotnet\sdk\7.0.101\Extensions\Microsoft.TestPlatform.Extensions.EventLogCollector.dll
C:\Program Files\dotnet\sdk\7.0.101\Extensions\Microsoft.TestPlatform.TestHostRuntimeProvider.dll
C:\Program Files\dotnet\sdk\7.0.101\Extensions\Microsoft.VisualStudio.TestPlatform.Extensions.Html.TestLogger.dll
C:\Program Files\dotnet\sdk\7.0.101\Extensions\Microsoft.VisualStudio.TestPlatform.Extensions.Trx.TestLogger.dll
TpTrace Verbose: 0 : 7400, 1, 2023/01/09, 19:20:43.821, 12058628398101, vstest.console.dll, TestPluginCache.GetExtensionPaths: Added unfilterableExtensionPaths: 
TpTrace Information: 0 : 7400, 1, 2023/01/09, 19:20:43.822, 12058628399182, vstest.console.dll, AssemblyResolver.AddSearchDirectories: Adding more searchDirectories C:\Program Files\dotnet\sdk\7.0.101\Extensions,C:\Program Files\dotnet\sdk\7.0.101
TpTrace Verbose: 0 : 7400, 1, 2023/01/09, 19:20:43.822, 12058628399493, vstest.console.dll, TestPluginCache.DiscoverTestExtensions: Discovering the extensions using extension path.
TpTrace Verbose: 0 : 7400, 1, 2023/01/09, 19:20:43.822, 12058628399712, vstest.console.dll, TestPluginCache.GetExtensionPaths: Filtered extension paths: 
TpTrace Verbose: 0 : 7400, 1, 2023/01/09, 19:20:43.822, 12058628399919, vstest.console.dll, TestPluginCache.GetExtensionPaths: Added default extension paths: C:\Program Files\dotnet\sdk\7.0.101\Extensions\Microsoft.Diagnostics.NETCore.Client.dll
C:\Program Files\dotnet\sdk\7.0.101\Extensions\Microsoft.TestPlatform.Extensions.BlameDataCollector.dll
C:\Program Files\dotnet\sdk\7.0.101\Extensions\Microsoft.TestPlatform.Extensions.EventLogCollector.dll
C:\Program Files\dotnet\sdk\7.0.101\Extensions\Microsoft.TestPlatform.TestHostRuntimeProvider.dll
C:\Program Files\dotnet\sdk\7.0.101\Extensions\Microsoft.VisualStudio.TestPlatform.Extensions.Html.TestLogger.dll
C:\Program Files\dotnet\sdk\7.0.101\Extensions\Microsoft.VisualStudio.TestPlatform.Extensions.Trx.TestLogger.dll
TpTrace Verbose: 0 : 7400, 1, 2023/01/09, 19:20:43.822, 12058628400175, vstest.console.dll, TestPluginCache.GetExtensionPaths: Added unfilterableExtensionPaths: 
TpTrace Verbose: 0 : 7400, 1, 2023/01/09, 19:20:43.822, 12058628400391, vstest.console.dll, TestPluginCache.DiscoverTestExtensions: Discovering the extensions using allExtensionPaths: C:\Program Files\dotnet\sdk\7.0.101\Extensions\Microsoft.Diagnostics.NETCore.Client.dll
C:\Program Files\dotnet\sdk\7.0.101\Extensions\Microsoft.TestPlatform.Extensions.BlameDataCollector.dll
C:\Program Files\dotnet\sdk\7.0.101\Extensions\Microsoft.TestPlatform.Extensions.EventLogCollector.dll
C:\Program Files\dotnet\sdk\7.0.101\Extensions\Microsoft.TestPlatform.TestHostRuntimeProvider.dll
C:\Program Files\dotnet\sdk\7.0.101\Extensions\Microsoft.VisualStudio.TestPlatform.Extensions.Html.TestLogger.dll
C:\Program Files\dotnet\sdk\7.0.101\Extensions\Microsoft.VisualStudio.TestPlatform.Extensions.Trx.TestLogger.dll
TpTrace Information: 0 : 7400, 1, 2023/01/09, 19:20:43.822, 12058628401077, vstest.console.dll, AssemblyResolver.AddSearchDirectories: Adding more searchDirectories C:\Program Files\dotnet\sdk\7.0.101\Extensions,C:\Program Files\dotnet\sdk\7.0.101
TpTrace Information: 0 : 7400, 1, 2023/01/09, 19:20:43.822, 12058628401376, vstest.console.dll, AssemblyResolver.AddSearchDirectories: Adding more searchDirectories C:\Program Files\dotnet\sdk\7.0.101\Extensions,C:\Program Files\dotnet\sdk\7.0.101
TpTrace Information: 0 : 7400, 1, 2023/01/09, 19:20:43.822, 12058628401566, vstest.console.dll, AssemblyResolver.AddSearchDirectories: Adding more searchDirectories C:\Program Files\dotnet\sdk\7.0.101\Extensions,C:\Program Files\dotnet\sdk\7.0.101
TpTrace Information: 0 : 7400, 1, 2023/01/09, 19:20:43.822, 12058628401742, vstest.console.dll, AssemblyResolver.AddSearchDirectories: Adding more searchDirectories C:\Program Files\dotnet\sdk\7.0.101\Extensions,C:\Program Files\dotnet\sdk\7.0.101
TpTrace Information: 0 : 7400, 1, 2023/01/09, 19:20:43.822, 12058628402410, vstest.console.dll, AssemblyResolver.AddSearchDirectories: Adding more searchDirectories C:\Program Files\dotnet\sdk\7.0.101\Extensions,C:\Program Files\dotnet\sdk\7.0.101
TpTrace Information: 0 : 7400, 1, 2023/01/09, 19:20:43.822, 12058628402721, vstest.console.dll, AssemblyResolver.AddSearchDirectories: Adding more searchDirectories C:\Program Files\dotnet\sdk\7.0.101\Extensions,C:\Program Files\dotnet\sdk\7.0.101
TpTrace Verbose: 0 : 7400, 1, 2023/01/09, 19:20:43.822, 12058628404046, vstest.console.dll, MetadataReaderExtensionsHelper: Discovering extensions inside assembly 'Microsoft.Diagnostics.NETCore.Client, Version=0.2.6.42401, Culture=neutral, PublicKeyToken=31bf3856ad364e35' file path 'C:\Program Files\dotnet\sdk\7.0.101\Extensions\Microsoft.Diagnostics.NETCore.Client.dll'
TpTrace Information: 0 : 7400, 1, 2023/01/09, 19:20:43.823, 12058628412021, vstest.console.dll, AssemblyResolver.OnResolve: Microsoft.Bcl.AsyncInterfaces: Resolving assembly.
TpTrace Information: 0 : 7400, 1, 2023/01/09, 19:20:43.823, 12058628412512, vstest.console.dll, AssemblyResolver.OnResolve: Microsoft.Bcl.AsyncInterfaces: Resolved from cache.
TpTrace Verbose: 0 : 7400, 1, 2023/01/09, 19:20:43.823, 12058628412726, vstest.console.dll, CurrentDomainAssemblyResolve: Resolving assembly 'Microsoft.Bcl.AsyncInterfaces'.
TpTrace Information: 0 : 7400, 1, 2023/01/09, 19:20:43.823, 12058628413073, vstest.console.dll, AssemblyResolver.OnResolve: Microsoft.Bcl.AsyncInterfaces: Resolving assembly.
TpTrace Information: 0 : 7400, 1, 2023/01/09, 19:20:43.823, 12058628413277, vstest.console.dll, AssemblyResolver.OnResolve: Microsoft.Bcl.AsyncInterfaces: Resolved from cache.
TpTrace Verbose: 0 : 7400, 1, 2023/01/09, 19:20:43.823, 12058628413509, vstest.console.dll, CurrentDomainAssemblyResolve: Resolving assembly 'Microsoft.Bcl.AsyncInterfaces'.
TpTrace Verbose: 0 : 7400, 1, 2023/01/09, 19:20:43.823, 12058628413682, vstest.console.dll, CurrentDomainAssemblyResolve: Failed to resolve assembly 'Microsoft.Bcl.AsyncInterfaces'.
TpTrace Verbose: 0 : 7400, 1, 2023/01/09, 19:20:43.823, 12058628414780, vstest.console.dll, CurrentDomainAssemblyResolve: Failed to resolve assembly 'Microsoft.Bcl.AsyncInterfaces'.
TpTrace Warning: 0 : 7400, 1, 2023/01/09, 19:20:43.823, 12058628417065, vstest.console.dll, TestPluginDiscoverer: Failed to get types from assembly 'Microsoft.Diagnostics.NETCore.Client, Version=0.2.6.42401, Culture=neutral, PublicKeyToken=31bf3856ad364e35'. Error: System.Reflection.ReflectionTypeLoadException: Unable to load one or more of the requested types.
Could not load file or assembly 'Microsoft.Bcl.AsyncInterfaces, Version=1.0.0.0, Culture=neutral, PublicKeyToken=cc7b13ffcd2ddd51'. O sistema não pode encontrar o arquivo especificado.
   at System.Reflection.RuntimeModule.GetTypes(RuntimeModule module)
   at System.Reflection.Assembly.GetTypes()
   at Microsoft.VisualStudio.TestPlatform.Common.ExtensionFramework.TestPluginDiscoverer.GetTestExtensionsFromAssembly[TPluginInfo,TExtension](Assembly assembly, Dictionary`2 pluginInfos, String filePath)
System.IO.FileNotFoundException: Could not load file or assembly 'Microsoft.Bcl.AsyncInterfaces, Version=1.0.0.0, Culture=neutral, PublicKeyToken=cc7b13ffcd2ddd51'. O sistema não pode encontrar o arquivo especificado.
File name: 'Microsoft.Bcl.AsyncInterfaces, Version=1.0.0.0, Culture=neutral, PublicKeyToken=cc7b13ffcd2ddd51'
 ---> System.IO.FileNotFoundException: Could not load file or assembly 'Microsoft.Bcl.AsyncInterfaces, Culture=neutral, PublicKeyToken=null'. O sistema não pode encontrar o arquivo especificado.
File name: 'Microsoft.Bcl.AsyncInterfaces, Culture=neutral, PublicKeyToken=null'
   at System.Reflection.RuntimeAssembly.InternalLoad(AssemblyName assemblyName, StackCrawlMark& stackMark, AssemblyLoadContext assemblyLoadContext, RuntimeAssembly requestingAssembly, Boolean throwOnFileNotFound)
   at System.Reflection.Assembly.Load(AssemblyName assemblyRef)
   at Microsoft.VisualStudio.TestPlatform.Common.ExtensionFramework.TestPluginCache.CurrentDomainAssemblyResolve(Object sender, AssemblyResolveEventArgs args)
   at System.Runtime.Loader.AssemblyLoadContext.GetFirstResolvedAssemblyFromResolvingEvent(AssemblyName assemblyName)
   at System.Runtime.Loader.AssemblyLoadContext.ResolveUsingEvent(AssemblyName assemblyName)
   at System.Runtime.Loader.AssemblyLoadContext.ResolveUsingResolvingEvent(IntPtr gchManagedAssemblyLoadContext, AssemblyName assemblyName)
TpTrace Warning: 0 : 7400, 1, 2023/01/09, 19:20:43.823, 12058628418300, vstest.console.dll, LoaderExceptions: System.IO.FileNotFoundException: Could not load file or assembly 'Microsoft.Bcl.AsyncInterfaces, Version=1.0.0.0, Culture=neutral, PublicKeyToken=cc7b13ffcd2ddd51'. O sistema não pode encontrar o arquivo especificado.
File name: 'Microsoft.Bcl.AsyncInterfaces, Version=1.0.0.0, Culture=neutral, PublicKeyToken=cc7b13ffcd2ddd51'
 ---> System.IO.FileNotFoundException: Could not load file or assembly 'Microsoft.Bcl.AsyncInterfaces, Culture=neutral, PublicKeyToken=null'. O sistema não pode encontrar o arquivo especificado.
File name: 'Microsoft.Bcl.AsyncInterfaces, Culture=neutral, PublicKeyToken=null'
   at System.Reflection.RuntimeAssembly.InternalLoad(AssemblyName assemblyName, StackCrawlMark& stackMark, AssemblyLoadContext assemblyLoadContext, RuntimeAssembly requestingAssembly, Boolean throwOnFileNotFound)
   at System.Reflection.Assembly.Load(AssemblyName assemblyRef)
   at Microsoft.VisualStudio.TestPlatform.Common.ExtensionFramework.TestPluginCache.CurrentDomainAssemblyResolve(Object sender, AssemblyResolveEventArgs args)
   at System.Runtime.Loader.AssemblyLoadContext.GetFirstResolvedAssemblyFromResolvingEvent(AssemblyName assemblyName)
   at System.Runtime.Loader.AssemblyLoadContext.ResolveUsingEvent(AssemblyName assemblyName)
   at System.Runtime.Loader.AssemblyLoadContext.ResolveUsingResolvingEvent(IntPtr gchManagedAssemblyLoadContext, AssemblyName assemblyName)
TpTrace Verbose: 0 : 7400, 1, 2023/01/09, 19:20:43.824, 12058628419025, vstest.console.dll, MetadataReaderExtensionsHelper: Discovering extensions inside assembly 'Microsoft.TestPlatform.Extensions.BlameDataCollector, Version=15.0.0.0, Culture=neutral, PublicKeyToken=b03f5f7f11d50a3a' file path 'C:\Program Files\dotnet\sdk\7.0.101\Extensions\Microsoft.TestPlatform.Extensions.BlameDataCollector.dll'
TpTrace Information: 0 : 7400, 1, 2023/01/09, 19:20:43.824, 12058628424919, vstest.console.dll, GetTestExtensionFromType: Register extension with identifier data 'logger://Microsoft/TestPlatform/Extensions/Blame/v1' and type 'Microsoft.TestPlatform.Extensions.BlameDataCollector.BlameLogger, Microsoft.TestPlatform.Extensions.BlameDataCollector, Version=15.0.0.0, Culture=neutral, PublicKeyToken=b03f5f7f11d50a3a' inside file 'C:\Program Files\dotnet\sdk\7.0.101\Extensions\Microsoft.TestPlatform.Extensions.BlameDataCollector.dll'
TpTrace Verbose: 0 : 7400, 1, 2023/01/09, 19:20:43.824, 12058628425522, vstest.console.dll, MetadataReaderExtensionsHelper: Discovering extensions inside assembly 'Microsoft.TestPlatform.Extensions.EventLogCollector, Version=15.0.0.0, Culture=neutral, PublicKeyToken=b03f5f7f11d50a3a' file path 'C:\Program Files\dotnet\sdk\7.0.101\Extensions\Microsoft.TestPlatform.Extensions.EventLogCollector.dll'
TpTrace Verbose: 0 : 7400, 1, 2023/01/09, 19:20:43.825, 12058628430632, vstest.console.dll, MetadataReaderExtensionsHelper: Discovering extensions inside assembly 'Microsoft.TestPlatform.TestHostRuntimeProvider, Version=15.0.0.0, Culture=neutral, PublicKeyToken=b03f5f7f11d50a3a' file path 'C:\Program Files\dotnet\sdk\7.0.101\Extensions\Microsoft.TestPlatform.TestHostRuntimeProvider.dll'
TpTrace Verbose: 0 : 7400, 1, 2023/01/09, 19:20:43.825, 12058628434935, vstest.console.dll, MetadataReaderExtensionsHelper: Discovering extensions inside assembly 'Microsoft.VisualStudio.TestPlatform.Extensions.Html.TestLogger, Version=15.0.0.0, Culture=neutral, PublicKeyToken=b03f5f7f11d50a3a' file path 'C:\Program Files\dotnet\sdk\7.0.101\Extensions\Microsoft.VisualStudio.TestPlatform.Extensions.Html.TestLogger.dll'
TpTrace Information: 0 : 7400, 1, 2023/01/09, 19:20:43.826, 12058628440992, vstest.console.dll, GetTestExtensionFromType: Register extension with identifier data 'logger://Microsoft/TestPlatform/HtmlLogger/v1' and type 'Microsoft.VisualStudio.TestPlatform.Extensions.HtmlLogger.HtmlLogger, Microsoft.VisualStudio.TestPlatform.Extensions.Html.TestLogger, Version=15.0.0.0, Culture=neutral, PublicKeyToken=b03f5f7f11d50a3a' inside file 'C:\Program Files\dotnet\sdk\7.0.101\Extensions\Microsoft.VisualStudio.TestPlatform.Extensions.Html.TestLogger.dll'
TpTrace Verbose: 0 : 7400, 1, 2023/01/09, 19:20:43.826, 12058628441566, vstest.console.dll, MetadataReaderExtensionsHelper: Discovering extensions inside assembly 'Microsoft.VisualStudio.TestPlatform.Extensions.Trx.TestLogger, Version=15.0.0.0, Culture=neutral, PublicKeyToken=b03f5f7f11d50a3a' file path 'C:\Program Files\dotnet\sdk\7.0.101\Extensions\Microsoft.VisualStudio.TestPlatform.Extensions.Trx.TestLogger.dll'
TpTrace Information: 0 : 7400, 1, 2023/01/09, 19:20:43.826, 12058628445348, vstest.console.dll, GetTestExtensionFromType: Register extension with identifier data 'logger://Microsoft/TestPlatform/TrxLogger/v1' and type 'Microsoft.VisualStudio.TestPlatform.Extensions.TrxLogger.TrxLogger, Microsoft.VisualStudio.TestPlatform.Extensions.Trx.TestLogger, Version=15.0.0.0, Culture=neutral, PublicKeyToken=b03f5f7f11d50a3a' inside file 'C:\Program Files\dotnet\sdk\7.0.101\Extensions\Microsoft.VisualStudio.TestPlatform.Extensions.Trx.TestLogger.dll'
TpTrace Verbose: 0 : 7400, 1, 2023/01/09, 19:20:43.826, 12058628446037, vstest.console.dll, TestPluginCache: Discovered the extensions using extension path ''.
TpTrace Verbose: 0 : 7400, 1, 2023/01/09, 19:20:43.826, 12058628446312, vstest.console.dll, TestPluginCache: Discoverers are ''.
TpTrace Verbose: 0 : 7400, 1, 2023/01/09, 19:20:43.826, 12058628446476, vstest.console.dll, TestPluginCache: Executors are ''.
TpTrace Verbose: 0 : 7400, 1, 2023/01/09, 19:20:43.826, 12058628446628, vstest.console.dll, TestPluginCache: Executors2 are ''.
TpTrace Verbose: 0 : 7400, 1, 2023/01/09, 19:20:43.826, 12058628446831, vstest.console.dll, TestPluginCache: Setting providers are ''.
TpTrace Verbose: 0 : 7400, 1, 2023/01/09, 19:20:43.826, 12058628447326, vstest.console.dll, TestPluginCache: Loggers are 'logger://Microsoft/TestPlatform/Extensions/Blame/v1,logger://Microsoft/TestPlatform/HtmlLogger/v1,logger://Microsoft/TestPlatform/TrxLogger/v1'.
TpTrace Verbose: 0 : 7400, 1, 2023/01/09, 19:20:43.826, 12058628447634, vstest.console.dll, TestPluginCache: TestHosts are 'HostProvider://DefaultTestHost,HostProvider://DotnetTestHost'.
TpTrace Verbose: 0 : 7400, 1, 2023/01/09, 19:20:43.826, 12058628447980, vstest.console.dll, TestPluginCache: DataCollectors are ''.
TpTrace Information: 0 : 7400, 1, 2023/01/09, 19:20:43.827, 12058628456256, vstest.console.dll, TestPluginManager.CreateTestExtension: Attempting to load test extension: Microsoft.TestPlatform.Extensions.BlameDataCollector.BlameLogger
TpTrace Verbose: 0 : 7400, 1, 2023/01/09, 19:20:43.833, 12058628517930, vstest.console.dll, TestEngine: Initializing Parallel Execution as MaxCpuCount is set to: 1
TpTrace Information: 0 : 7400, 1, 2023/01/09, 19:20:43.835, 12058628529661, vstest.console.dll, TestPluginManager.CreateTestExtension: Attempting to load test extension: Microsoft.VisualStudio.TestPlatform.CrossPlatEngine.Hosting.DefaultTestHostManager
TpTrace Information: 0 : 7400, 1, 2023/01/09, 19:20:43.835, 12058628537137, vstest.console.dll, TestPluginManager.CreateTestExtension: Attempting to load test extension: Microsoft.VisualStudio.TestPlatform.CrossPlatEngine.Hosting.DotnetTestHostManager
TpTrace Information: 0 : 7400, 1, 2023/01/09, 19:20:43.836, 12058628541867, vstest.console.dll, InferRunSettingsHelper.IsTestSettingsEnabled: Unable to navigate to RunSettings/MSTest. Current node: RunSettings
TpTrace Verbose: 0 : 7400, 1, 2023/01/09, 19:20:43.839, 12058628571725, vstest.console.dll, TestEngine.GetExecutionManager: Chosen execution manager 'Microsoft.VisualStudio.TestPlatform.CrossPlatEngine.Client.Parallel.ParallelProxyExecutionManager, Microsoft.TestPlatform.CrossPlatEngine, Version=15.0.0.0, Culture=neutral, PublicKeyToken=b03f5f7f11d50a3a' ParallelLevel '1'.
TpTrace Verbose: 0 : 7400, 1, 2023/01/09, 19:20:43.839, 12058628572834, vstest.console.dll, TestRunRequest.ExecuteAsync: Creating test run request.
TpTrace Verbose: 0 : 7400, 1, 2023/01/09, 19:20:43.839, 12058628574472, vstest.console.dll, TestRunRequest.ExecuteAsync: Starting.
TpTrace Information: 0 : 7400, 1, 2023/01/09, 19:20:43.839, 12058628576497, vstest.console.dll, TestRunRequest.ExecuteAsync: Starting run with settings:TestRunCriteria:
   KeepAlive=False,FrequencyOfRunStatsChangeEvent=10,RunStatsChangeEventTimeout=00:00:01.5000000,TestCaseFilter=,TestExecutorLauncher=
   Settingsxml=<RunSettings>
  <RunConfiguration>
    <ResultsDirectory>F:\Projetos ASP.NET\Curso Testes\TestesDeSoftware\NerdStore.Vendas.Application.Tests\bin\Debug\net6.0\fine-code-coverage\coverage-tool-output</ResultsDirectory>
    <TargetPlatform>X64</TargetPlatform>
    <TargetFrameworkVersion>.NETCoreApp,Version=v6.0</TargetFrameworkVersion>
    <DesignMode>False</DesignMode>
    <CollectSourceInformation>False</CollectSourceInformation>
  </RunConfiguration>
  <LoggerRunSettings>
    <Loggers>
      <Logger friendlyName="blame" enabled="True" />
      <Logger friendlyName="Console" uri="logger://microsoft/TestPlatform/ConsoleLogger/v1" assemblyQualifiedName="Microsoft.VisualStudio.TestPlatform.CommandLine.Internal.ConsoleLogger, vstest.console, Version=15.0.0.0, Culture=neutral, PublicKeyToken=b03f5f7f11d50a3a" codeBase="C:\Program Files\dotnet\sdk\7.0.101\vstest.console.dll" enabled="True" />
    </Loggers>
  </LoggerRunSettings>
  <DataCollectionRunSettings>
    <DataCollectors>
      <DataCollector friendlyName="blame" enabled="True">
        <Configuration>
          <ResultsDirectory>F:\Projetos ASP.NET\Curso Testes\TestesDeSoftware\NerdStore.Vendas.Application.Tests\bin\Debug\net6.0\fine-code-coverage\coverage-tool-output</ResultsDirectory>
        </Configuration>
      </DataCollector>
    </DataCollectors>
  </DataCollectionRunSettings>
</RunSettings>

TpTrace Verbose: 0 : 7400, 1, 2023/01/09, 19:20:43.839, 12058628576864, vstest.console.dll, TestRunRequest.ExecuteAsync: Wait for the first run request is over.
TpTrace Verbose: 0 : 7400, 1, 2023/01/09, 19:20:43.840, 12058628578921, vstest.console.dll, MulticastDelegateUtilities.SafeInvoke: TestRun.TestRunStart: Invoking callbacks was skipped because there are no subscribers.
TpTrace Verbose: 0 : 7400, 4, 2023/01/09, 19:20:43.840, 12058628580331, vstest.console.dll, MulticastDelegateUtilities.SafeInvoke: InternalTestLoggerEvents.SendTestRunStart: Invoking callback 1/1 for Microsoft.VisualStudio.TestPlatform.CommandLine.Internal.ConsoleLogger., took 0 ms.
TpTrace Verbose: 0 : 7400, 1, 2023/01/09, 19:20:43.840, 12058628586666, vstest.console.dll, ParallelProxyExecutionManager: Start execution. Total sources: 1
TpTrace Verbose: 0 : 7400, 1, 2023/01/09, 19:20:43.842, 12058628598661, vstest.console.dll, TestRequestSender is acting as server.
TpTrace Verbose: 0 : 7400, 1, 2023/01/09, 19:20:43.842, 12058628608550, vstest.console.dll, DataCollectionRequestSender.InitializeCommunication : Initialize communication. 
TpTrace Information: 0 : 7400, 1, 2023/01/09, 19:20:43.845, 12058628637690, vstest.console.dll, Listening on Endpoint : 127.0.0.1:65530
TpTrace Verbose: 0 : 7400, 1, 2023/01/09, 19:20:43.851, 12058628691147, vstest.console.dll, DotnetDataCollectionLauncher: Adding  --runtimeconfig "C:\Program Files\dotnet\sdk\7.0.101\datacollector.runtimeconfig.json" in args
TpTrace Verbose: 0 : 7400, 1, 2023/01/09, 19:20:43.851, 12058628692076, vstest.console.dll, DotnetDataCollectionLauncher: Adding  --depsfile "C:\Program Files\dotnet\sdk\7.0.101\datacollector.deps.json" in args
TpTrace Verbose: 0 : 7400, 1, 2023/01/09, 19:20:43.851, 12058628693019, vstest.console.dll, DotnetDataCollectionLauncher: Full path of dotnet.exe is C:\Program Files\dotnet\dotnet.exe
TpTrace Information: 0 : 7400, 1, 2023/01/09, 19:20:43.858, 12058628761548, vstest.console.dll, ProxyDataCollectionManager.Initialize: Launched datacollector processId: 22684 port: 65530
TpTrace Information: 0 : 7400, 1, 2023/01/09, 19:20:43.858, 12058628762729, vstest.console.dll, ProxyDataCollectionManager.Initialize: waiting for connection with timeout: 90 seconds
TpTrace Verbose: 0 : 7400, 1, 2023/01/09, 19:20:43.858, 12058628763287, vstest.console.dll, DataCollectionRequestSender.WaitForRequestHandlerConnection : Waiting for connection with timeout: 90000
TpTrace Information: 0 : 7400, 7, 2023/01/09, 19:20:43.957, 12058629756505, vstest.console.dll, Using the buffer size of 16384 bytes
TpTrace Verbose: 0 : 7400, 1, 2023/01/09, 19:20:43.957, 12058629756779, vstest.console.dll, SocketCommunicationManager.WaitForClientConnection took: 99 ms, with 90000 ms timeout, and finished with True.
TpTrace Verbose: 0 : 7400, 1, 2023/01/09, 19:20:43.957, 12058629758060, vstest.console.dll, ProxyDataCollectionManager.InvokeDataCollectionServiceAction: Starting.
TpTrace Information: 0 : 7400, 7, 2023/01/09, 19:20:43.957, 12058629758220, vstest.console.dll, Accepted Client request and set the flag
TpTrace Information: 0 : 7400, 1, 2023/01/09, 19:20:43.958, 12058629758597, vstest.console.dll, ProxyDataCollectionManager.BeforeTestRunStart: Get environment variable and port for datacollector processId: 22684 port: 65530
TpTrace Verbose: 0 : 7400, 1, 2023/01/09, 19:20:43.958, 12058629759574, vstest.console.dll, DataCollectionRequestSender.SendBeforeTestRunStartAndGetResult: Send BeforeTestRunStart message with settingsXml <RunSettings><RunConfiguration><ResultsDirectory>F:\Projetos ASP.NET\Curso Testes\TestesDeSoftware\NerdStore.Vendas.Application.Tests\bin\Debug\net6.0\fine-code-coverage\coverage-tool-output</ResultsDirectory><TargetPlatform>X64</TargetPlatform><TargetFrameworkVersion>.NETCoreApp,Version=v6.0</TargetFrameworkVersion><DesignMode>False</DesignMode><CollectSourceInformation>False</CollectSourceInformation><TestAdaptersPaths>C:\Program Files\dotnet\sdk\7.0.101\Extensions</TestAdaptersPaths></RunConfiguration><LoggerRunSettings><Loggers><Logger friendlyName="blame" enabled="True" /><Logger friendlyName="Console" uri="logger://microsoft/TestPlatform/ConsoleLogger/v1" assemblyQualifiedName="Microsoft.VisualStudio.TestPlatform.CommandLine.Internal.ConsoleLogger, vstest.console, Version=15.0.0.0, Culture=neutral, PublicKeyToken=b03f5f7f11d50a3a" codeBase="C:\Program Files\dotnet\sdk\7.0.101\vstest.console.dll" enabled="True" /></Loggers></LoggerRunSettings><DataCollectionRunSettings><DataCollectors><DataCollector friendlyName="blame" enabled="True"><Configuration><ResultsDirectory>F:\Projetos ASP.NET\Curso Testes\TestesDeSoftware\NerdStore.Vendas.Application.Tests\bin\Debug\net6.0\fine-code-coverage\coverage-tool-output</ResultsDirectory></Configuration></DataCollector></DataCollectors></DataCollectionRunSettings></RunSettings> and sources System.Collections.Generic.List`1[System.String]: 
TpTrace Verbose: 0 : 7400, 1, 2023/01/09, 19:20:44.018, 12058630365912, vstest.console.dll, DataCollectionRequestSender.SendBeforeTestRunStartAndGetResult: Received message: (DataCollection.SendMessage) -> {"MessageType":"DataCollection.SendMessage","Payload":{"FriendlyName":null,"Uri":null,"TestCaseId":"00000000-0000-0000-0000-000000000000","Message":"Logging DataCollector Diagnostics in file: F:\\Projetos ASP.NET\\Curso Testes\\TestesDeSoftware\\NerdStore.Vendas.Application.Tests\\bin\\Debug\\net6.0\\fine-code-coverage\\coverage-tool-output\\diagnostics.datacollector.23-01-09_19-20-43_85105_1.log","Level":0}}
TpTrace Verbose: 0 : 7400, 1, 2023/01/09, 19:20:44.080, 12058630986565, vstest.console.dll, DataCollectionRequestSender.SendBeforeTestRunStartAndGetResult: Received message: (DataCollection.BeforeTestRunStartResult) -> {"MessageType":"DataCollection.BeforeTestRunStartResult","Payload":{"EnvironmentVariables":{},"DataCollectionEventsPort":65532}}
TpTrace Information: 0 : 7400, 1, 2023/01/09, 19:20:44.084, 12058631021326, vstest.console.dll, ProxyDataCollectionManager.BeforeTestRunStart: SendBeforeTestRunStartAndGetResult successful, env variable from datacollector:   and testhost port: 65532
TpTrace Information: 0 : 7400, 1, 2023/01/09, 19:20:44.084, 12058631021998, vstest.console.dll, ProxyDataCollectionManager.InvokeDataCollectionServiceAction: Completed.
TpTrace Verbose: 0 : 7400, 7, 2023/01/09, 19:20:44.084, 12058631022893, vstest.console.dll, ParallelProxyExecutionManager: Execution started. Started clients: 1
TpTrace Verbose: 0 : 7400, 1, 2023/01/09, 19:20:44.084, 12058631023073, vstest.console.dll, ProxyParallelExecutionManager: No sources available for execution.
TpTrace Information: 0 : 7400, 1, 2023/01/09, 19:20:44.084, 12058631023850, vstest.console.dll, TestRunRequest.ExecuteAsync: Started.
TpTrace Verbose: 0 : 7400, 1, 2023/01/09, 19:20:44.084, 12058631024371, vstest.console.dll, TestRunRequest.WaitForCompletion: Waiting with timeout -1.
TpTrace Verbose: 0 : 7400, 7, 2023/01/09, 19:20:44.084, 12058631024776, vstest.console.dll, TestRunRequest:SendTestRunMessage: Starting.
TpTrace Verbose: 0 : 7400, 7, 2023/01/09, 19:20:44.084, 12058631025684, vstest.console.dll, MulticastDelegateUtilities.SafeInvoke: TestRun.LogMessages: Invoking callback 1/1 for Microsoft.VisualStudio.TestPlatform.CommandLine.TestRunResultAggregator., took 0 ms.
TpTrace Information: 0 : 7400, 7, 2023/01/09, 19:20:44.084, 12058631025927, vstest.console.dll, TestRunRequest:SendTestRunMessage: Completed.
TpTrace Verbose: 0 : 7400, 4, 2023/01/09, 19:20:44.084, 12058631026699, vstest.console.dll, MulticastDelegateUtilities.SafeInvoke: InternalTestLoggerEvents.SendTestRunMessage: Invoking callback 1/1 for Microsoft.VisualStudio.TestPlatform.CommandLine.Internal.ConsoleLogger., took 0 ms.
TpTrace Verbose: 0 : 7400, 7, 2023/01/09, 19:20:44.084, 12058631027198, vstest.console.dll, ProxyExecutionManager: Test host is always Lazy initialize.
TpTrace Verbose: 0 : 7400, 7, 2023/01/09, 19:20:44.085, 12058631028852, vstest.console.dll, TestRequestSender.InitializeCommunication: initialize communication. 
TpTrace Information: 0 : 7400, 7, 2023/01/09, 19:20:44.085, 12058631032409, vstest.console.dll, SocketServer.Start: Listening on endpoint : 127.0.0.1:65533
TpTrace Verbose: 0 : 7400, 7, 2023/01/09, 19:20:44.085, 12058631037502, vstest.console.dll, DotnetTestHostmanager.GetTestHostProcessStartInfo: Platform environment 'X64' target architecture 'X64' framework '.NETCoreApp,Version=v6.0' OS 'Windows'
TpTrace Verbose: 0 : 7400, 7, 2023/01/09, 19:20:44.086, 12058631038586, vstest.console.dll, DotnetTestHostmanager: Adding  --runtimeconfig "F:\Projetos ASP.NET\Curso Testes\TestesDeSoftware\NerdStore.Vendas.Application.Tests\bin\Debug\net6.0\fine-code-coverage\build-output\NerdStore.Vendas.Application.Tests.runtimeconfig.json" in args
TpTrace Verbose: 0 : 7400, 7, 2023/01/09, 19:20:44.086, 12058631039040, vstest.console.dll, DotnetTestHostmanager: Adding  --depsfile "F:\Projetos ASP.NET\Curso Testes\TestesDeSoftware\NerdStore.Vendas.Application.Tests\bin\Debug\net6.0\fine-code-coverage\build-output\NerdStore.Vendas.Application.Tests.deps.json" in args
TpTrace Verbose: 0 : 7400, 7, 2023/01/09, 19:20:44.086, 12058631040753, vstest.console.dll, DotnetTestHostmanager.IsWinOnArm: Current PROCESSOR_ARCHITECTURE from environment variable 'AMD64'
TpTrace Verbose: 0 : 7400, 7, 2023/01/09, 19:20:44.086, 12058631041134, vstest.console.dll, DotnetTestHostmanager.IsWinOnArm: Is Windows on ARM 'False'
TpTrace Verbose: 0 : 7400, 7, 2023/01/09, 19:20:44.086, 12058631041464, vstest.console.dll, DotnetTestHostManager: testhost.exe found at path: F:\Projetos ASP.NET\Curso Testes\TestesDeSoftware\NerdStore.Vendas.Application.Tests\bin\Debug\net6.0\fine-code-coverage\build-output\testhost.exe
TpTrace Verbose: 0 : 7400, 7, 2023/01/09, 19:20:44.086, 12058631041702, vstest.console.dll, DotnetTestHostmanager: Full path of host exe is F:\Projetos ASP.NET\Curso Testes\TestesDeSoftware\NerdStore.Vendas.Application.Tests\bin\Debug\net6.0\fine-code-coverage\build-output\testhost.exe
TpTrace Verbose: 0 : 7400, 7, 2023/01/09, 19:20:44.086, 12058631042989, vstest.console.dll, DotnetTestHostmanager.LaunchTestHostAsync: Found 'VSTEST_WINAPPHOST_DOTNET_ROOT' in env variables, value 'C:\Program Files\dotnet', forwarding to 'DOTNET_ROOT'
TpTrace Verbose: 0 : 7400, 7, 2023/01/09, 19:20:44.086, 12058631044272, vstest.console.dll, DotnetTestHostManager: Starting process 'F:\Projetos ASP.NET\Curso Testes\TestesDeSoftware\NerdStore.Vendas.Application.Tests\bin\Debug\net6.0\fine-code-coverage\build-output\testhost.exe' with command line ' --runtimeconfig "F:\Projetos ASP.NET\Curso Testes\TestesDeSoftware\NerdStore.Vendas.Application.Tests\bin\Debug\net6.0\fine-code-coverage\build-output\NerdStore.Vendas.Application.Tests.runtimeconfig.json" --depsfile "F:\Projetos ASP.NET\Curso Testes\TestesDeSoftware\NerdStore.Vendas.Application.Tests\bin\Debug\net6.0\fine-code-coverage\build-output\NerdStore.Vendas.Application.Tests.deps.json" --port 65533 --endpoint 127.0.0.1:065533 --role client --parentprocessid 7400 --diag "F:\Projetos ASP.NET\Curso Testes\TestesDeSoftware\NerdStore.Vendas.Application.Tests\bin\Debug\net6.0\fine-code-coverage\coverage-tool-output\diagnostics.host.23-01-09_19-20-44_08564_7.log" --tracelevel 4 --datacollectionport 65532 --telemetryoptedin false'
TpTrace Verbose: 0 : 7400, 7, 2023/01/09, 19:20:44.091, 12058631089149, vstest.console.dll, MulticastDelegateUtilities.SafeInvoke: HostProviderEvents.OnHostLaunched: Invoking callback 1/2 for Microsoft.VisualStudio.TestPlatform.CrossPlatEngine.Client.ProxyExecutionManagerWithDataCollection., took 0 ms.
TpTrace Verbose: 0 : 7400, 7, 2023/01/09, 19:20:44.091, 12058631090788, vstest.console.dll, Test Runtime launched
TpTrace Verbose: 0 : 7400, 7, 2023/01/09, 19:20:44.091, 12058631091228, vstest.console.dll, MulticastDelegateUtilities.SafeInvoke: HostProviderEvents.OnHostLaunched: Invoking callback 2/2 for Microsoft.VisualStudio.TestPlatform.CrossPlatEngine.Client.ProxyOperationManager., took 0 ms.
TpTrace Verbose: 0 : 7400, 7, 2023/01/09, 19:20:44.091, 12058631092269, vstest.console.dll, TestRequestSender.WaitForRequestHandlerConnection: waiting for connection with timeout: 90000.
TpTrace Verbose: 0 : 7400, 11, 2023/01/09, 19:20:44.191, 12058632094550, vstest.console.dll, MulticastDelegateUtilities.SafeInvoke: SocketServer: ClientConnected: Invoking callback 1/1 for Microsoft.VisualStudio.TestPlatform.CommunicationUtilities.TestRequestSender., took 0 ms.
TpTrace Verbose: 0 : 7400, 11, 2023/01/09, 19:20:44.191, 12058632095415, vstest.console.dll, SocketServer.OnClientConnected: Client connected for endPoint: 127.0.0.1:65533, starting MessageLoopAsync:
TpTrace Verbose: 0 : 7400, 7, 2023/01/09, 19:20:44.191, 12058632094709, vstest.console.dll, TestRequestSender.WaitForRequestHandlerConnection: waiting took 100 ms, with timeout 90000 ms, and result 0, which is success.
TpTrace Verbose: 0 : 7400, 11, 2023/01/09, 19:20:44.191, 12058632096924, vstest.console.dll, TcpClientExtensions.MessageLoopAsync: Polling on remoteEndPoint: 127.0.0.1:65534 localEndPoint: 127.0.0.1:65533
TpTrace Verbose: 0 : 7400, 7, 2023/01/09, 19:20:44.192, 12058632102131, vstest.console.dll, TestRequestSender.CheckVersionWithTestHost: Sending check version message: {"MessageType":"ProtocolVersion","Payload":7}
TpTrace Verbose: 0 : 7400, 11, 2023/01/09, 19:20:44.293, 12058633110392, vstest.console.dll, TcpClientExtensions.MessageLoopAsync: NotifyDataAvailable remoteEndPoint: 127.0.0.1:65534 localEndPoint: 127.0.0.1:65533
TpTrace Verbose: 0 : 7400, 11, 2023/01/09, 19:20:44.293, 12058633112072, vstest.console.dll, TestRequestSender.CheckVersionWithTestHost: onMessageReceived received message: (ProtocolVersion) -> {"MessageType":"ProtocolVersion","Payload":5}
TpTrace Verbose: 0 : 7400, 11, 2023/01/09, 19:20:44.293, 12058633118200, vstest.console.dll, MulticastDelegateUtilities.SafeInvoke: LengthPrefixCommunicationChannel: MessageReceived: Invoking callback 1/1 for Microsoft.VisualStudio.TestPlatform.CommunicationUtilities.TestRequestSender+<>c__DisplayClass26_0., took 0 ms.
TpTrace Verbose: 0 : 7400, 11, 2023/01/09, 19:20:44.294, 12058633119448, vstest.console.dll, TcpClientExtensions.MessageLoopAsync: Polling on remoteEndPoint: 127.0.0.1:65534 localEndPoint: 127.0.0.1:65533
TpTrace Verbose: 0 : 7400, 7, 2023/01/09, 19:20:44.294, 12058633119622, vstest.console.dll, TestPluginCache.GetExtensionPaths: Filtered extension paths: 
TpTrace Verbose: 0 : 7400, 7, 2023/01/09, 19:20:44.294, 12058633120378, vstest.console.dll, TestPluginCache.GetExtensionPaths: Added default extension paths: C:\Program Files\dotnet\sdk\7.0.101\Extensions\Microsoft.Diagnostics.NETCore.Client.dll
C:\Program Files\dotnet\sdk\7.0.101\Extensions\Microsoft.TestPlatform.Extensions.BlameDataCollector.dll
C:\Program Files\dotnet\sdk\7.0.101\Extensions\Microsoft.TestPlatform.Extensions.EventLogCollector.dll
C:\Program Files\dotnet\sdk\7.0.101\Extensions\Microsoft.TestPlatform.TestHostRuntimeProvider.dll
C:\Program Files\dotnet\sdk\7.0.101\Extensions\Microsoft.VisualStudio.TestPlatform.Extensions.Html.TestLogger.dll
C:\Program Files\dotnet\sdk\7.0.101\Extensions\Microsoft.VisualStudio.TestPlatform.Extensions.Trx.TestLogger.dll
TpTrace Verbose: 0 : 7400, 7, 2023/01/09, 19:20:44.294, 12058633120597, vstest.console.dll, TestPluginCache.GetExtensionPaths: Added unfilterableExtensionPaths: 
TpTrace Verbose: 0 : 7400, 7, 2023/01/09, 19:20:44.296, 12058633144798, vstest.console.dll, TestRequestSender.InitializeExecution: Sending initialize execution with message: {"Version":5,"MessageType":"TestExecution.Initialize","Payload":["F:\\Projetos ASP.NET\\Curso Testes\\TestesDeSoftware\\NerdStore.Vendas.Application.Tests\\bin\\Debug\\net6.0\\fine-code-coverage\\build-output\\xunit.runner.visualstudio.dotnetcore.testadapter.dll"]}
TpTrace Warning: 0 : 7400, 7, 2023/01/09, 19:20:44.296, 12058633148256, vstest.console.dll, InferRunSettingsHelper.MakeRunsettingsCompatible: Removing the following settings: TargetPlatform from RunSettings file. To use those settings please move to latest version of Microsoft.NET.Test.Sdk
TpTrace Verbose: 0 : 7400, 11, 2023/01/09, 19:20:44.302, 12058633199366, vstest.console.dll, TcpClientExtensions.MessageLoopAsync: NotifyDataAvailable remoteEndPoint: 127.0.0.1:65534 localEndPoint: 127.0.0.1:65533
TpTrace Verbose: 0 : 7400, 11, 2023/01/09, 19:20:44.302, 12058633202512, vstest.console.dll, TestRequestSender.OnExecutionMessageReceived: Received message: {"Version":5,"MessageType":"TestSession.Message","Payload":{"MessageLevel":0,"Message":"Logging TestHost Diagnostics in file: F:\\Projetos ASP.NET\\Curso Testes\\TestesDeSoftware\\NerdStore.Vendas.Application.Tests\\bin\\Debug\\net6.0\\fine-code-coverage\\coverage-tool-output\\diagnostics.host.23-01-09_19-20-44_08564_7.log"}}
TpTrace Verbose: 0 : 7400, 7, 2023/01/09, 19:20:44.302, 12058633202917, vstest.console.dll, TestRequestSender.StartTestRun: Sending test run with message: {"Version":5,"MessageType":"TestExecution.StartWithSources","Payload":{"AdapterSourceMap":{"_none_":["F:\\Projetos ASP.NET\\Curso Testes\\TestesDeSoftware\\NerdStore.Vendas.Application.Tests\\bin\\Debug\\net6.0\\fine-code-coverage\\build-output\\NerdStore.Vendas.Application.Tests.dll"]},"RunSettings":"<RunSettings>\r\n  <RunConfiguration>\r\n    <ResultsDirectory>F:\\Projetos ASP.NET\\Curso Testes\\TestesDeSoftware\\NerdStore.Vendas.Application.Tests\\bin\\Debug\\net6.0\\fine-code-coverage\\coverage-tool-output</ResultsDirectory>\r\n    <TargetFrameworkVersion>.NETCoreApp,Version=v6.0</TargetFrameworkVersion>\r\n    <DesignMode>False</DesignMode>\r\n    <CollectSourceInformation>False</CollectSourceInformation>\r\n  </RunConfiguration>\r\n  <LoggerRunSettings>\r\n    <Loggers>\r\n      <Logger friendlyName=\"blame\" enabled=\"True\" />\r\n      <Logger friendlyName=\"Console\" uri=\"logger://microsoft/TestPlatform/ConsoleLogger/v1\" assemblyQualifiedName=\"Microsoft.VisualStudio.TestPlatform.CommandLine.Internal.ConsoleLogger, vstest.console, Version=15.0.0.0, Culture=neutral, PublicKeyToken=b03f5f7f11d50a3a\" codeBase=\"C:\\Program Files\\dotnet\\sdk\\7.0.101\\vstest.console.dll\" enabled=\"True\" />\r\n    </Loggers>\r\n  </LoggerRunSettings>\r\n  <DataCollectionRunSettings>\r\n    <DataCollectors>\r\n      <DataCollector friendlyName=\"blame\" enabled=\"True\">\r\n        <Configuration>\r\n          <ResultsDirectory>F:\\Projetos ASP.NET\\Curso Testes\\TestesDeSoftware\\NerdStore.Vendas.Application.Tests\\bin\\Debug\\net6.0\\fine-code-coverage\\coverage-tool-output</ResultsDirectory>\r\n        </Configuration>\r\n      </DataCollector>\r\n    </DataCollectors>\r\n  </DataCollectionRunSettings>\r\n</RunSettings>","TestExecutionContext":{"FrequencyOfRunStatsChangeEvent":10,"RunStatsChangeEventTimeout":"00:00:01.5000000","InIsolation":false,"KeepAlive":false,"AreTestCaseLevelEventsRequired":false,"IsDebug":false,"TestCaseFilter":null,"FilterOptions":null},"Package":null}}
TpTrace Verbose: 0 : 7400, 11, 2023/01/09, 19:20:44.304, 12058633219518, vstest.console.dll, TestRunRequest:SendTestRunMessage: Starting.
TpTrace Verbose: 0 : 7400, 11, 2023/01/09, 19:20:44.304, 12058633220629, vstest.console.dll, MulticastDelegateUtilities.SafeInvoke: TestRun.LogMessages: Invoking callback 1/1 for Microsoft.VisualStudio.TestPlatform.CommandLine.TestRunResultAggregator., took 0 ms.
TpTrace Verbose: 0 : 7400, 4, 2023/01/09, 19:20:44.304, 12058633220734, vstest.console.dll, MulticastDelegateUtilities.SafeInvoke: InternalTestLoggerEvents.SendTestRunMessage: Invoking callback 1/1 for Microsoft.VisualStudio.TestPlatform.CommandLine.Internal.ConsoleLogger., took 0 ms.
TpTrace Information: 0 : 7400, 11, 2023/01/09, 19:20:44.304, 12058633220873, vstest.console.dll, TestRunRequest:SendTestRunMessage: Completed.
TpTrace Verbose: 0 : 7400, 11, 2023/01/09, 19:20:44.304, 12058633222036, vstest.console.dll, MulticastDelegateUtilities.SafeInvoke: LengthPrefixCommunicationChannel: MessageReceived: Invoking callback 1/1 for Microsoft.VisualStudio.TestPlatform.CommunicationUtilities.TestRequestSender+<>c__DisplayClass31_0., took 2 ms.
TpTrace Verbose: 0 : 7400, 11, 2023/01/09, 19:20:44.304, 12058633222316, vstest.console.dll, TcpClientExtensions.MessageLoopAsync: Polling on remoteEndPoint: 127.0.0.1:65534 localEndPoint: 127.0.0.1:65533
TpTrace Verbose: 0 : 7400, 11, 2023/01/09, 19:20:44.422, 12058634408187, vstest.console.dll, TcpClientExtensions.MessageLoopAsync: NotifyDataAvailable remoteEndPoint: 127.0.0.1:65534 localEndPoint: 127.0.0.1:65533
TpTrace Verbose: 0 : 7400, 11, 2023/01/09, 19:20:44.423, 12058634409218, vstest.console.dll, TestRequestSender.OnExecutionMessageReceived: Received message: {"Version":5,"MessageType":"TestSession.Message","Payload":{"MessageLevel":0,"Message":"[xUnit.net 00:00:00.00] xUnit.net VSTest Adapter v2.4.3+1b45f5407b (64-bit .NET 6.0.5)"}}
TpTrace Verbose: 0 : 7400, 11, 2023/01/09, 19:20:44.423, 12058634410921, vstest.console.dll, TestRunRequest:SendTestRunMessage: Starting.
TpTrace Verbose: 0 : 7400, 11, 2023/01/09, 19:20:44.423, 12058634411478, vstest.console.dll, MulticastDelegateUtilities.SafeInvoke: TestRun.LogMessages: Invoking callback 1/1 for Microsoft.VisualStudio.TestPlatform.CommandLine.TestRunResultAggregator., took 0 ms.
TpTrace Verbose: 0 : 7400, 4, 2023/01/09, 19:20:44.423, 12058634411643, vstest.console.dll, MulticastDelegateUtilities.SafeInvoke: InternalTestLoggerEvents.SendTestRunMessage: Invoking callback 1/1 for Microsoft.VisualStudio.TestPlatform.CommandLine.Internal.ConsoleLogger., took 0 ms.
TpTrace Information: 0 : 7400, 11, 2023/01/09, 19:20:44.423, 12058634411734, vstest.console.dll, TestRunRequest:SendTestRunMessage: Completed.
TpTrace Verbose: 0 : 7400, 11, 2023/01/09, 19:20:44.423, 12058634412572, vstest.console.dll, MulticastDelegateUtilities.SafeInvoke: LengthPrefixCommunicationChannel: MessageReceived: Invoking callback 1/1 for Microsoft.VisualStudio.TestPlatform.CommunicationUtilities.TestRequestSender+<>c__DisplayClass31_0., took 0 ms.
TpTrace Verbose: 0 : 7400, 11, 2023/01/09, 19:20:44.423, 12058634412820, vstest.console.dll, TcpClientExtensions.MessageLoopAsync: Polling on remoteEndPoint: 127.0.0.1:65534 localEndPoint: 127.0.0.1:65533
TpTrace Verbose: 0 : 7400, 11, 2023/01/09, 19:20:44.825, 12058638430900, vstest.console.dll, TcpClientExtensions.MessageLoopAsync: NotifyDataAvailable remoteEndPoint: 127.0.0.1:65534 localEndPoint: 127.0.0.1:65533
TpTrace Verbose: 0 : 7400, 11, 2023/01/09, 19:20:44.825, 12058638432303, vstest.console.dll, TestRequestSender.OnExecutionMessageReceived: Received message: {"Version":5,"MessageType":"TestSession.Message","Payload":{"MessageLevel":0,"Message":"[xUnit.net 00:00:00.40]   Discovering: NerdStore.Vendas.Application.Tests"}}
TpTrace Verbose: 0 : 7400, 11, 2023/01/09, 19:20:44.825, 12058638433353, vstest.console.dll, TestRunRequest:SendTestRunMessage: Starting.
TpTrace Verbose: 0 : 7400, 11, 2023/01/09, 19:20:44.825, 12058638433794, vstest.console.dll, MulticastDelegateUtilities.SafeInvoke: TestRun.LogMessages: Invoking callback 1/1 for Microsoft.VisualStudio.TestPlatform.CommandLine.TestRunResultAggregator., took 0 ms.
TpTrace Information: 0 : 7400, 11, 2023/01/09, 19:20:44.825, 12058638434015, vstest.console.dll, TestRunRequest:SendTestRunMessage: Completed.
TpTrace Verbose: 0 : 7400, 11, 2023/01/09, 19:20:44.825, 12058638434287, vstest.console.dll, MulticastDelegateUtilities.SafeInvoke: LengthPrefixCommunicationChannel: MessageReceived: Invoking callback 1/1 for Microsoft.VisualStudio.TestPlatform.CommunicationUtilities.TestRequestSender+<>c__DisplayClass31_0., took 0 ms.
TpTrace Verbose: 0 : 7400, 4, 2023/01/09, 19:20:44.825, 12058638434293, vstest.console.dll, MulticastDelegateUtilities.SafeInvoke: InternalTestLoggerEvents.SendTestRunMessage: Invoking callback 1/1 for Microsoft.VisualStudio.TestPlatform.CommandLine.Internal.ConsoleLogger., took 0 ms.
TpTrace Verbose: 0 : 7400, 11, 2023/01/09, 19:20:44.825, 12058638434620, vstest.console.dll, TcpClientExtensions.MessageLoopAsync: Polling on remoteEndPoint: 127.0.0.1:65534 localEndPoint: 127.0.0.1:65533
TpTrace Verbose: 0 : 7400, 11, 2023/01/09, 19:20:44.858, 12058638763981, vstest.console.dll, TcpClientExtensions.MessageLoopAsync: NotifyDataAvailable remoteEndPoint: 127.0.0.1:65534 localEndPoint: 127.0.0.1:65533
TpTrace Verbose: 0 : 7400, 11, 2023/01/09, 19:20:44.858, 12058638765260, vstest.console.dll, TestRequestSender.OnExecutionMessageReceived: Received message: {"Version":5,"MessageType":"TestSession.Message","Payload":{"MessageLevel":0,"Message":"[xUnit.net 00:00:00.44]   Discovered:  NerdStore.Vendas.Application.Tests"}}
TpTrace Verbose: 0 : 7400, 11, 2023/01/09, 19:20:44.858, 12058638766219, vstest.console.dll, TestRunRequest:SendTestRunMessage: Starting.
TpTrace Verbose: 0 : 7400, 11, 2023/01/09, 19:20:44.858, 12058638766689, vstest.console.dll, MulticastDelegateUtilities.SafeInvoke: TestRun.LogMessages: Invoking callback 1/1 for Microsoft.VisualStudio.TestPlatform.CommandLine.TestRunResultAggregator., took 0 ms.
TpTrace Verbose: 0 : 7400, 4, 2023/01/09, 19:20:44.858, 12058638766889, vstest.console.dll, MulticastDelegateUtilities.SafeInvoke: InternalTestLoggerEvents.SendTestRunMessage: Invoking callback 1/1 for Microsoft.VisualStudio.TestPlatform.CommandLine.Internal.ConsoleLogger., took 0 ms.
TpTrace Information: 0 : 7400, 11, 2023/01/09, 19:20:44.858, 12058638766934, vstest.console.dll, TestRunRequest:SendTestRunMessage: Completed.
TpTrace Verbose: 0 : 7400, 11, 2023/01/09, 19:20:44.858, 12058638768034, vstest.console.dll, MulticastDelegateUtilities.SafeInvoke: LengthPrefixCommunicationChannel: MessageReceived: Invoking callback 1/1 for Microsoft.VisualStudio.TestPlatform.CommunicationUtilities.TestRequestSender+<>c__DisplayClass31_0., took 0 ms.
TpTrace Verbose: 0 : 7400, 11, 2023/01/09, 19:20:44.858, 12058638768354, vstest.console.dll, TcpClientExtensions.MessageLoopAsync: Polling on remoteEndPoint: 127.0.0.1:65534 localEndPoint: 127.0.0.1:65533
TpTrace Verbose: 0 : 7400, 11, 2023/01/09, 19:20:44.860, 12058638779541, vstest.console.dll, TcpClientExtensions.MessageLoopAsync: NotifyDataAvailable remoteEndPoint: 127.0.0.1:65534 localEndPoint: 127.0.0.1:65533
TpTrace Verbose: 0 : 7400, 11, 2023/01/09, 19:20:44.860, 12058638780259, vstest.console.dll, TestRequestSender.OnExecutionMessageReceived: Received message: {"Version":5,"MessageType":"TestSession.Message","Payload":{"MessageLevel":0,"Message":"[xUnit.net 00:00:00.44]   Starting:    NerdStore.Vendas.Application.Tests"}}
TpTrace Verbose: 0 : 7400, 11, 2023/01/09, 19:20:44.860, 12058638780968, vstest.console.dll, TestRunRequest:SendTestRunMessage: Starting.
TpTrace Verbose: 0 : 7400, 11, 2023/01/09, 19:20:44.860, 12058638781372, vstest.console.dll, MulticastDelegateUtilities.SafeInvoke: TestRun.LogMessages: Invoking callback 1/1 for Microsoft.VisualStudio.TestPlatform.CommandLine.TestRunResultAggregator., took 0 ms.
TpTrace Verbose: 0 : 7400, 4, 2023/01/09, 19:20:44.860, 12058638781513, vstest.console.dll, MulticastDelegateUtilities.SafeInvoke: InternalTestLoggerEvents.SendTestRunMessage: Invoking callback 1/1 for Microsoft.VisualStudio.TestPlatform.CommandLine.Internal.ConsoleLogger., took 0 ms.
TpTrace Information: 0 : 7400, 11, 2023/01/09, 19:20:44.860, 12058638781577, vstest.console.dll, TestRunRequest:SendTestRunMessage: Completed.
TpTrace Verbose: 0 : 7400, 11, 2023/01/09, 19:20:44.860, 12058638782667, vstest.console.dll, MulticastDelegateUtilities.SafeInvoke: LengthPrefixCommunicationChannel: MessageReceived: Invoking callback 1/1 for Microsoft.VisualStudio.TestPlatform.CommunicationUtilities.TestRequestSender+<>c__DisplayClass31_0., took 0 ms.
TpTrace Verbose: 0 : 7400, 11, 2023/01/09, 19:20:44.860, 12058638784421, vstest.console.dll, TcpClientExtensions.MessageLoopAsync: Polling on remoteEndPoint: 127.0.0.1:65534 localEndPoint: 127.0.0.1:65533
TpTrace Verbose: 0 : 7400, 11, 2023/01/09, 19:20:44.999, 12058640168568, vstest.console.dll, TcpClientExtensions.MessageLoopAsync: NotifyDataAvailable remoteEndPoint: 127.0.0.1:65534 localEndPoint: 127.0.0.1:65533
TpTrace Verbose: 0 : 7400, 11, 2023/01/09, 19:20:44.999, 12058640169622, vstest.console.dll, TestRequestSender.OnExecutionMessageReceived: Received message: {"Version":5,"MessageType":"TestSession.Message","Payload":{"MessageLevel":0,"Message":"[xUnit.net 00:00:00.58]   Finished:    NerdStore.Vendas.Application.Tests"}}
TpTrace Verbose: 0 : 7400, 11, 2023/01/09, 19:20:44.999, 12058640170521, vstest.console.dll, TestRunRequest:SendTestRunMessage: Starting.
TpTrace Verbose: 0 : 7400, 11, 2023/01/09, 19:20:44.999, 12058640170933, vstest.console.dll, MulticastDelegateUtilities.SafeInvoke: TestRun.LogMessages: Invoking callback 1/1 for Microsoft.VisualStudio.TestPlatform.CommandLine.TestRunResultAggregator., took 0 ms.
TpTrace Information: 0 : 7400, 11, 2023/01/09, 19:20:44.999, 12058640171158, vstest.console.dll, TestRunRequest:SendTestRunMessage: Completed.
TpTrace Verbose: 0 : 7400, 11, 2023/01/09, 19:20:44.999, 12058640171423, vstest.console.dll, MulticastDelegateUtilities.SafeInvoke: LengthPrefixCommunicationChannel: MessageReceived: Invoking callback 1/1 for Microsoft.VisualStudio.TestPlatform.CommunicationUtilities.TestRequestSender+<>c__DisplayClass31_0., took 0 ms.
TpTrace Verbose: 0 : 7400, 11, 2023/01/09, 19:20:44.999, 12058640171814, vstest.console.dll, TcpClientExtensions.MessageLoopAsync: Polling on remoteEndPoint: 127.0.0.1:65534 localEndPoint: 127.0.0.1:65533
TpTrace Verbose: 0 : 7400, 4, 2023/01/09, 19:20:44.999, 12058640171426, vstest.console.dll, MulticastDelegateUtilities.SafeInvoke: InternalTestLoggerEvents.SendTestRunMessage: Invoking callback 1/1 for Microsoft.VisualStudio.TestPlatform.CommandLine.Internal.ConsoleLogger., took 0 ms.
TpTrace Verbose: 0 : 7400, 11, 2023/01/09, 19:20:45.026, 12058640443625, vstest.console.dll, TcpClientExtensions.MessageLoopAsync: NotifyDataAvailable remoteEndPoint: 127.0.0.1:65534 localEndPoint: 127.0.0.1:65533
TpTrace Verbose: 0 : 7400, 11, 2023/01/09, 19:20:45.026, 12058640445513, vstest.console.dll, TestRequestSender.OnExecutionMessageReceived: Received message: {"Version":5,"MessageType":"TestExecution.Completed","Payload":{"TestRunCompleteArgs":{"TestRunStatistics":{"ExecutedTests":7,"Stats":{"Passed":7}},"IsCanceled":false,"IsAborted":false,"Error":null,"AttachmentSets":[],"ElapsedTimeInRunningTests":"00:00:00.5889800","Metrics":{}},"LastRunTests":{"NewTestResults":[{"TestCase":{"Id":"fbac57e5-1323-3dda-34c3-6c2ddb68a9f4","FullyQualifiedName":"NerdStore.Vendas.Application.Tests.Pedidos.AdicionarItemPedidoCommandTests.AdicionarItemPedidoCommand_ComandoEstaValido_DevePassarNaValidacao","DisplayName":"Adicionar Item Command valido","ExecutorUri":"executor://xunit/VsTestRunner2/netcoreapp","Source":"F:\\Projetos ASP.NET\\Curso Testes\\TestesDeSoftware\\NerdStore.Vendas.Application.Tests\\bin\\Debug\\net6.0\\fine-code-coverage\\build-output\\NerdStore.Vendas.Application.Tests.dll","CodeFilePath":null,"LineNumber":0,"Properties":[{"Key":{"Id":"TestObject.Traits","Label":"Traits","Category":"","Description":"","Attributes":5,"ValueType":"System.Collections.Generic.KeyValuePair`2[[System.String],[System.String]][]"},"Value":[{"Key":"Categoria","Value":"Vendas - Pedido Commands"}]}]},"Attachments":[],"Outcome":1,"ErrorMessage":null,"ErrorStackTrace":null,"DisplayName":"Adicionar Item Command valido","Messages":[],"ComputerName":"DESKTOP-I8JNLH9","Duration":"00:00:00.0267031","StartTime":"2023-01-09T22:20:44.9339878+00:00","EndTime":"2023-01-09T22:20:44.9340069+00:00","Properties":[]},{"TestCase":{"Id":"551ec983-1c5b-75b4-f144-3ebab3a80387","FullyQualifiedName":"NerdStore.Vendas.Application.Tests.Pedidos.AdicionarItemPedidoCommandTests.AdicionarItemPedidoCommand_QuantidadeUnidadeSuperiorAoPermitido_NaoDevePassarNaValidacao","DisplayName":"Adicionar Item Command unidades acima do permitido","ExecutorUri":"executor://xunit/VsTestRunner2/netcoreapp","Source":"F:\\Projetos ASP.NET\\Curso Testes\\TestesDeSoftware\\NerdStore.Vendas.Application.Tests\\bin\\Debug\\net6.0\\fine-code-coverage\\build-output\\NerdStore.Vendas.Application.Tests.dll","CodeFilePath":null,"LineNumber":0,"Properties":[{"Key":{"Id":"TestObject.Traits","Label":"Traits","Category":"","Description":"","Attributes":5,"ValueType":"System.Collections.Generic.KeyValuePair`2[[System.String],[System.String]][]"},"Value":[{"Key":"Categoria","Value":"Vendas - Pedido Commands"}]}]},"Attachments":[],"Outcome":1,"ErrorMessage":null,"ErrorStackTrace":null,"DisplayName":"Adicionar Item Command unidades acima do permitido","Messages":[],"ComputerName":"DESKTOP-I8JNLH9","Duration":"00:00:00.0063238","StartTime":"2023-01-09T22:20:44.9472111+00:00","EndTime":"2023-01-09T22:20:44.9472113+00:00","Properties":[]},{"TestCase":{"Id":"cc7bb52d-f501-09e6-9b02-a28855cb8a35","FullyQualifiedName":"NerdStore.Vendas.Application.Tests.Pedidos.AdicionarItemPedidoCommandTests.AdicionarItemPedidoCommand_ComandoEstaInValido_NaoDevePassarNaValidacao","DisplayName":"Adicionar Item Command invalido","ExecutorUri":"executor://xunit/VsTestRunner2/netcoreapp","Source":"F:\\Projetos ASP.NET\\Curso Testes\\TestesDeSoftware\\NerdStore.Vendas.Application.Tests\\bin\\Debug\\net6.0\\fine-code-coverage\\build-output\\NerdStore.Vendas.Application.Tests.dll","CodeFilePath":null,"LineNumber":0,"Properties":[{"Key":{"Id":"TestObject.Traits","Label":"Traits","Category":"","Description":"","Attributes":5,"ValueType":"System.Collections.Generic.KeyValuePair`2[[System.String],[System.String]][]"},"Value":[{"Key":"Categoria","Value":"Vendas - Pedido Commands"}]}]},"Attachments":[],"Outcome":1,"ErrorMessage":null,"ErrorStackTrace":null,"DisplayName":"Adicionar Item Command invalido","Messages":[],"ComputerName":"DESKTOP-I8JNLH9","Duration":"00:00:00.0002111","StartTime":"2023-01-09T22:20:44.9488582+00:00","EndTime":"2023-01-09T22:20:44.9488582+00:00","Properties":[]},{"TestCase":{"Id":"16aae40a-6f0a-5b5d-03d3-8fee900ab48c","FullyQualifiedName":"NerdStore.Vendas.Application.Tests.Pedidos.PedidoCommandHandlerTests.AdicionarItem_NovoPedido_DeveExecutarComSucesso","DisplayName":"Adicionar Item Novo Pedido com sucesso","ExecutorUri":"executor://xunit/VsTestRunner2/netcoreapp","Source":"F:\\Projetos ASP.NET\\Curso Testes\\TestesDeSoftware\\NerdStore.Vendas.Application.Tests\\bin\\Debug\\net6.0\\fine-code-coverage\\build-output\\NerdStore.Vendas.Application.Tests.dll","CodeFilePath":null,"LineNumber":0,"Properties":[{"Key":{"Id":"TestObject.Traits","Label":"Traits","Category":"","Description":"","Attributes":5,"ValueType":"System.Collections.Generic.KeyValuePair`2[[System.String],[System.String]][]"},"Value":[{"Key":"Categoria","Value":"Vendas - Pedido CommandHandler"}]}]},"Attachments":[],"Outcome":1,"ErrorMessage":null,"ErrorStackTrace":null,"DisplayName":"Adicionar Item Novo Pedido com sucesso","Messages":[],"ComputerName":"DESKTOP-I8JNLH9","Duration":"00:00:00.0845154","StartTime":"2023-01-09T22:20:44.9828505+00:00","EndTime":"2023-01-09T22:20:44.9828507+00:00","Properties":[]},{"TestCase":{"Id":"3bb0b396-1391-28f3-77b6-b815dc416819","FullyQualifiedName":"NerdStore.Vendas.Application.Tests.Pedidos.PedidoCommandHandlerTests.AdicionarItem_ItemExistenteAoPedidoRascunho_DeveExecutarComSucesso","DisplayName":"Adicionar Item Existente ao Pedido Rascunho com sucesso","ExecutorUri":"executor://xunit/VsTestRunner2/netcoreapp","Source":"F:\\Projetos ASP.NET\\Curso Testes\\TestesDeSoftware\\NerdStore.Vendas.Application.Tests\\bin\\Debug\\net6.0\\fine-code-coverage\\build-output\\NerdStore.Vendas.Application.Tests.dll","CodeFilePath":null,"LineNumber":0,"Properties":[{"Key":{"Id":"TestObject.Traits","Label":"Traits","Category":"","Description":"","Attributes":5,"ValueType":"System.Collections.Generic.KeyValuePair`2[[System.String],[System.String]][]"},"Value":[{"Key":"Categoria","Value":"Vendas - Pedido CommandHandler"}]}]},"Attachments":[],"Outcome":1,"ErrorMessage":null,"ErrorStackTrace":null,"DisplayName":"Adicionar Item Existente ao Pedido Rascunho com sucesso","Messages":[],"ComputerName":"DESKTOP-I8JNLH9","Duration":"00:00:00.0075095","StartTime":"2023-01-09T22:20:44.9904187+00:00","EndTime":"2023-01-09T22:20:44.9904188+00:00","Properties":[]},{"TestCase":{"Id":"e8b6bdf0-b17f-2904-885e-f3edecc1c565","FullyQualifiedName":"NerdStore.Vendas.Application.Tests.Pedidos.PedidoCommandHandlerTests.AdicionarItem_ComandoInvalido_DeveRetornarFalsoElancarEventoDeNotificacao","DisplayName":"Adicionar Item comando invalido","ExecutorUri":"executor://xunit/VsTestRunner2/netcoreapp","Source":"F:\\Projetos ASP.NET\\Curso Testes\\TestesDeSoftware\\NerdStore.Vendas.Application.Tests\\bin\\Debug\\net6.0\\fine-code-coverage\\build-output\\NerdStore.Vendas.Application.Tests.dll","CodeFilePath":null,"LineNumber":0,"Properties":[{"Key":{"Id":"TestObject.Traits","Label":"Traits","Category":"","Description":"","Attributes":5,"ValueType":"System.Collections.Generic.KeyValuePair`2[[System.String],[System.String]][]"},"Value":[{"Key":"Categoria","Value":"Vendas - Pedido CommandHandler"}]}]},"Attachments":[],"Outcome":1,"ErrorMessage":null,"ErrorStackTrace":null,"DisplayName":"Adicionar Item comando invalido","Messages":[],"ComputerName":"DESKTOP-I8JNLH9","Duration":"00:00:00.0023303","StartTime":"2023-01-09T22:20:44.9927931+00:00","EndTime":"2023-01-09T22:20:44.9927932+00:00","Properties":[]},{"TestCase":{"Id":"5c4dffc1-f44e-a07a-112c-37058a904083","FullyQualifiedName":"NerdStore.Vendas.Application.Tests.Pedidos.PedidoCommandHandlerTests.AdicionarItem_NovoPedidoRascunho_DeveExecutarComSucesso","DisplayName":"Adicionar Item Novo Pedido Rascunho com sucesso","ExecutorUri":"executor://xunit/VsTestRunner2/netcoreapp","Source":"F:\\Projetos ASP.NET\\Curso Testes\\TestesDeSoftware\\NerdStore.Vendas.Application.Tests\\bin\\Debug\\net6.0\\fine-code-coverage\\build-output\\NerdStore.Vendas.Application.Tests.dll","CodeFilePath":null,"LineNumber":0,"Properties":[{"Key":{"Id":"TestObject.Traits","Label":"Traits","Category":"","Description":"","Attributes":5,"ValueType":"System.Collections.Generic.KeyValuePair`2[[System.String],[System.String]][]"},"Value":[{"Key":"Categoria","Value":"Vendas - Pedido CommandHandler"}]}]},"Attachments":[],"Outcome":1,"ErrorMessage":null,"ErrorStackTrace":null,"DisplayName":"Adicionar Item Novo Pedido Rascunho com sucesso","Messages":[],"ComputerName":"DESKTOP-I8JNLH9","Duration":"00:00:00.0044348","StartTime":"2023-01-09T22:20:44.9972906+00:00","EndTime":"2023-01-09T22:20:44.9972909+00:00","Properties":[]}],"TestRunStatistics":{"ExecutedTests":7,"Stats":{"Passed":7}},"ActiveTests":[]},"RunAttachments":[],"ExecutorUris":["executor://xunit/VsTestRunner2/netcoreapp"]}}
TpTrace Verbose: 0 : 7400, 11, 2023/01/09, 19:20:45.026, 12058640446757, vstest.console.dll, TestRequestSender.EndSession: Sending end session.
TpTrace Verbose: 0 : 7400, 11, 2023/01/09, 19:20:45.026, 12058640447855, vstest.console.dll, ProxyOperationManager.Close: waiting for test host to exit for 100 ms
TpTrace Warning: 0 : 7400, 10, 2023/01/09, 19:20:45.045, 12058640631249, vstest.console.dll, TestHostManagerCallbacks.ErrorReceivedCallback Test host standard error line: 
TpTrace Verbose: 0 : 7400, 10, 2023/01/09, 19:20:45.051, 12058640697151, vstest.console.dll, TestHostProvider.ExitCallBack: Host exited starting callback.
TpTrace Information: 0 : 7400, 10, 2023/01/09, 19:20:45.051, 12058640698502, vstest.console.dll, TestHostManagerCallbacks.ExitCallBack: Testhost processId: 22276 exited with exitcode: 0 error: ''
TpTrace Verbose: 0 : 7400, 10, 2023/01/09, 19:20:45.052, 12058640698891, vstest.console.dll, DotnetTestHostManager.OnHostExited: invoking OnHostExited callback
TpTrace Verbose: 0 : 7400, 10, 2023/01/09, 19:20:45.052, 12058640699229, vstest.console.dll, CrossPlatEngine.TestHostManagerHostExited: calling on client process exit callback.
TpTrace Information: 0 : 7400, 10, 2023/01/09, 19:20:45.052, 12058640699571, vstest.console.dll, TestRequestSender.OnClientProcessExit: Test host process exited. Standard error: 
TpTrace Information: 0 : 7400, 10, 2023/01/09, 19:20:45.052, 12058640699830, vstest.console.dll, SocketServer.Stop: Stop server endPoint: 127.0.0.1:65533
TpTrace Information: 0 : 7400, 10, 2023/01/09, 19:20:45.052, 12058640700001, vstest.console.dll, SocketServer.Stop: Cancellation requested. Stopping message loop.
TpTrace Information: 0 : 7400, 11, 2023/01/09, 19:20:45.052, 12058640700422, vstest.console.dll, SocketServer.Stop: Stop server endPoint: 127.0.0.1:65533
TpTrace Verbose: 0 : 7400, 10, 2023/01/09, 19:20:45.052, 12058640700525, vstest.console.dll, MulticastDelegateUtilities.SafeInvoke: HostProviderEvents.OnHostExited: Invoking callback 1/1 for Microsoft.VisualStudio.TestPlatform.CrossPlatEngine.Client.ProxyOperationManager., took 0 ms.
TpTrace Information: 0 : 7400, 11, 2023/01/09, 19:20:45.052, 12058640701042, vstest.console.dll, SocketServer.Stop: Cancellation requested. Stopping message loop.
TpTrace Information: 0 : 7400, 11, 2023/01/09, 19:20:45.052, 12058640701420, vstest.console.dll, Closing the connection
TpTrace Verbose: 0 : 7400, 11, 2023/01/09, 19:20:45.052, 12058640702939, vstest.console.dll, ProxyDataCollectionManager.InvokeDataCollectionServiceAction: Starting.
TpTrace Information: 0 : 7400, 11, 2023/01/09, 19:20:45.052, 12058640703284, vstest.console.dll, ProxyDataCollectionManager.AfterTestRunEnd: Get attachment set and invoked data collectors processId: 22684 port: 65530
TpTrace Verbose: 0 : 7400, 11, 2023/01/09, 19:20:45.052, 12058640703587, vstest.console.dll, DataCollectionRequestSender.SendAfterTestRunStartAndGetResult: Send AfterTestRunEnd message with isCancelled: False
TpTrace Verbose: 0 : 7400, 11, 2023/01/09, 19:20:45.058, 12058640758808, vstest.console.dll, DataCollectionRequestSender.SendAfterTestRunStartAndGetResult: Received message: (DataCollection.AfterTestRunEndResult) -> {"MessageType":"DataCollection.AfterTestRunEndResult","Payload":{"AttachmentSets":[],"InvokedDataCollectors":[{"Uri":"datacollector://Microsoft/TestPlatform/Extensions/Blame/v1","FriendlyName":"Blame","AssemblyQualifiedName":"Microsoft.TestPlatform.Extensions.BlameDataCollector.BlameCollector, Microsoft.TestPlatform.Extensions.BlameDataCollector, Version=15.0.0.0, Culture=neutral, PublicKeyToken=b03f5f7f11d50a3a","FilePath":"C:\\Program Files\\dotnet\\sdk\\7.0.101\\Extensions\\Microsoft.TestPlatform.Extensions.BlameDataCollector.dll","HasAttachmentProcessor":false}],"Metrics":{}}}
TpTrace Warning: 0 : 7400, 9, 2023/01/09, 19:20:45.060, 12058640788367, vstest.console.dll, DataCollectionLauncher.ErrorReceivedCallback datacollector standard error line: 
TpTrace Information: 0 : 7400, 11, 2023/01/09, 19:20:45.063, 12058640816163, vstest.console.dll, ProxyDataCollectionManager.InvokeDataCollectionServiceAction: Completed.
TpTrace Information: 0 : 7400, 9, 2023/01/09, 19:20:45.065, 12058640828917, vstest.console.dll, DataCollectionLauncher.ExitCallBack: Data collector exited with exitcode: 0 error: ''
TpTrace Verbose: 0 : 7400, 11, 2023/01/09, 19:20:45.131, 12058641490099, vstest.console.dll, TestRunRequest:SendTestRunStatsChange: Starting.
TpTrace Verbose: 0 : 7400, 11, 2023/01/09, 19:20:45.131, 12058641492544, vstest.console.dll, MulticastDelegateUtilities.SafeInvoke: TestRun.RunStatsChanged: Invoking callbacks was skipped because there are no subscribers.
TpTrace Information: 0 : 7400, 11, 2023/01/09, 19:20:45.131, 12058641492840, vstest.console.dll, TestRunRequest:SendTestRunStatsChange: Completed.
TpTrace Verbose: 0 : 7400, 11, 2023/01/09, 19:20:45.131, 12058641495590, vstest.console.dll, ParallelProxyExecutionManager: HandlePartialRunComplete: Total completed clients = 1, Run complete = True, Run canceled: False.
TpTrace Verbose: 0 : 7400, 4, 2023/01/09, 19:20:45.132, 12058641503877, vstest.console.dll, MulticastDelegateUtilities.SafeInvoke: InternalTestLoggerEvents.SendTestResult: Invoking callback 1/1 for Microsoft.VisualStudio.TestPlatform.CommandLine.Internal.ConsoleLogger., took 1 ms.
TpTrace Verbose: 0 : 7400, 4, 2023/01/09, 19:20:45.132, 12058641505579, vstest.console.dll, MulticastDelegateUtilities.SafeInvoke: InternalTestLoggerEvents.SendTestResult: Invoking callback 1/1 for Microsoft.VisualStudio.TestPlatform.CommandLine.Internal.ConsoleLogger., took 0 ms.
TpTrace Verbose: 0 : 7400, 4, 2023/01/09, 19:20:45.132, 12058641506050, vstest.console.dll, MulticastDelegateUtilities.SafeInvoke: InternalTestLoggerEvents.SendTestResult: Invoking callback 1/1 for Microsoft.VisualStudio.TestPlatform.CommandLine.Internal.ConsoleLogger., took 0 ms.
TpTrace Verbose: 0 : 7400, 4, 2023/01/09, 19:20:45.132, 12058641506369, vstest.console.dll, MulticastDelegateUtilities.SafeInvoke: InternalTestLoggerEvents.SendTestResult: Invoking callback 1/1 for Microsoft.VisualStudio.TestPlatform.CommandLine.Internal.ConsoleLogger., took 0 ms.
TpTrace Verbose: 0 : 7400, 4, 2023/01/09, 19:20:45.132, 12058641506659, vstest.console.dll, MulticastDelegateUtilities.SafeInvoke: InternalTestLoggerEvents.SendTestResult: Invoking callback 1/1 for Microsoft.VisualStudio.TestPlatform.CommandLine.Internal.ConsoleLogger., took 0 ms.
TpTrace Verbose: 0 : 7400, 4, 2023/01/09, 19:20:45.132, 12058641506938, vstest.console.dll, MulticastDelegateUtilities.SafeInvoke: InternalTestLoggerEvents.SendTestResult: Invoking callback 1/1 for Microsoft.VisualStudio.TestPlatform.CommandLine.Internal.ConsoleLogger., took 0 ms.
TpTrace Verbose: 0 : 7400, 4, 2023/01/09, 19:20:45.132, 12058641507264, vstest.console.dll, MulticastDelegateUtilities.SafeInvoke: InternalTestLoggerEvents.SendTestResult: Invoking callback 1/1 for Microsoft.VisualStudio.TestPlatform.CommandLine.Internal.ConsoleLogger., took 0 ms.
TpTrace Verbose: 0 : 7400, 4, 2023/01/09, 19:20:45.140, 12058641581580, vstest.console.dll, MulticastDelegateUtilities.SafeInvoke: InternalTestLoggerEvents.SendTestRunComplete: Invoking callback 1/2 for Microsoft.TestPlatform.Extensions.BlameDataCollector.BlameLogger., took 0 ms.
TpTrace Verbose: 0 : 7400, 4, 2023/01/09, 19:20:45.144, 12058641622055, vstest.console.dll, MulticastDelegateUtilities.SafeInvoke: InternalTestLoggerEvents.SendTestRunComplete: Invoking callback 2/2 for Microsoft.VisualStudio.TestPlatform.CommandLine.Internal.ConsoleLogger., took 3 ms.
TpTrace Verbose: 0 : 7400, 11, 2023/01/09, 19:20:45.144, 12058641625518, vstest.console.dll, TestRunRequest:TestRunComplete: Starting. IsAborted:False IsCanceled:False.
TpTrace Verbose: 0 : 7400, 11, 2023/01/09, 19:20:45.145, 12058641634066, vstest.console.dll, TestLoggerManager.HandleTestRunComplete: Ignoring as the object is disposed.
TpTrace Verbose: 0 : 7400, 11, 2023/01/09, 19:20:45.145, 12058641635888, vstest.console.dll, MulticastDelegateUtilities.SafeInvoke: TestRun.TestRunComplete: Invoking callback 1/2 for Microsoft.VisualStudio.TestPlatform.CommandLine.TestRunResultAggregator., took 0 ms.
TpTrace Verbose: 0 : 7400, 11, 2023/01/09, 19:20:45.145, 12058641636837, vstest.console.dll, MulticastDelegateUtilities.SafeInvoke: TestRun.TestRunComplete: Invoking callback 2/2 for Microsoft.VisualStudio.TestPlatform.CommandLine.Processors.RunTestsArgumentExecutor+TestRunRequestEventsRegistrar., took 0 ms.
TpTrace Information: 0 : 7400, 11, 2023/01/09, 19:20:45.145, 12058641637497, vstest.console.dll, TestRunRequest:TestRunComplete: Completed.
TpTrace Verbose: 0 : 7400, 11, 2023/01/09, 19:20:45.145, 12058641637898, vstest.console.dll, TestRequestSender.SetOperationComplete: Setting operation complete.
TpTrace Information: 0 : 7400, 11, 2023/01/09, 19:20:45.145, 12058641638131, vstest.console.dll, SocketServer.Stop: Stop server endPoint: 127.0.0.1:65533
TpTrace Verbose: 0 : 7400, 1, 2023/01/09, 19:20:45.145, 12058641638223, vstest.console.dll, TestRunRequest.Dispose: Starting.
TpTrace Information: 0 : 7400, 1, 2023/01/09, 19:20:45.146, 12058641638726, vstest.console.dll, TestRunRequest.Dispose: Completed.
TpTrace Information: 0 : 7400, 11, 2023/01/09, 19:20:45.145, 12058641638303, vstest.console.dll, SocketServer.Stop: Cancellation requested. Stopping message loop.
TpTrace Information: 0 : 7400, 1, 2023/01/09, 19:20:45.146, 12058641639036, vstest.console.dll, TestRequestManager.RunTests: run tests completed.
TpTrace Verbose: 0 : 7400, 11, 2023/01/09, 19:20:45.146, 12058641639428, vstest.console.dll, MulticastDelegateUtilities.SafeInvoke: LengthPrefixCommunicationChannel: MessageReceived: Invoking callback 1/1 for Microsoft.VisualStudio.TestPlatform.CommunicationUtilities.TestRequestSender+<>c__DisplayClass31_0., took 119 ms.
TpTrace Information: 0 : 7400, 11, 2023/01/09, 19:20:45.146, 12058641639801, vstest.console.dll, SocketServer.PrivateStop: Stopping server endPoint: 127.0.0.1:65533 error: 
TpTrace Information: 0 : 7400, 1, 2023/01/09, 19:20:45.146, 12058641640065, vstest.console.dll, RunTestsArgumentProcessor:Execute: Test run is completed.
TpTrace Verbose: 0 : 7400, 1, 2023/01/09, 19:20:45.146, 12058641641274, vstest.console.dll, Executor.Execute: Exiting with exit code of 0
TpTrace Verbose: 0 : 7400, 11, 2023/01/09, 19:20:45.146, 12058641642401, vstest.console.dll, LengthPrefixCommunicationChannel.Dispose: Dispose reader and writer.
TpTrace Information: 0 : 7400, 11, 2023/01/09, 19:20:45.146, 12058641642903, vstest.console.dll, SocketServer.Stop: Raise disconnected event endPoint: 127.0.0.1:65533 error: 
TpTrace Verbose: 0 : 7400, 11, 2023/01/09, 19:20:45.146, 12058641643495, vstest.console.dll, TestRequestSender: OnTestRunAbort: Operation is already complete. Skip error message.
TpTrace Verbose: 0 : 7400, 11, 2023/01/09, 19:20:45.146, 12058641643819, vstest.console.dll, MulticastDelegateUtilities.SafeInvoke: SocketServer: ClientDisconnected: Invoking callback 1/1 for Microsoft.VisualStudio.TestPlatform.CommunicationUtilities.TestRequestSender., took 0 ms.
TpTrace Verbose: 0 : 7400, 11, 2023/01/09, 19:20:45.146, 12058641644022, vstest.console.dll, TcpClientExtensions.MessageLoopAsync: exiting MessageLoopAsync remoteEndPoint: 127.0.0.1:65534 localEndPoint: 127.0.0.1:65533
