TpTrace Verbose: 0 : 23440, 1, 2022/12/23, 18:24:58.718, 2004782949378, vstest.console.dll, Version: 17.2.0-preview-20220308-05
TpTrace Verbose: 0 : 23440, 1, 2022/12/23, 18:24:58.721, 2004782980458, vstest.console.dll, ArtifactProcessingPostProcessModeProcessorExecutor.Initialize: ArtifactProcessingMode.Collect
TpTrace Verbose: 0 : 23440, 1, 2022/12/23, 18:24:58.721, 2004782981372, vstest.console.dll, TestSessionCorrelationIdProcessorModeProcessorExecutor.Initialize: TestSessionCorrelationId '24556_beab4e39-db4c-4485-8fdf-994d35dfbbc1'
TpTrace Information: 0 : 23440, 1, 2022/12/23, 18:24:58.724, 2004783011746, vstest.console.dll, FilePatternParser: The given file F:\Projetos ASP.NET\Curso Testes\TestesDeSoftware\Features.Tests\bin\Release\net6.0\fine-code-coverage\build-output\Features.Tests.dll is a full path.
TpTrace Verbose: 0 : 23440, 1, 2022/12/23, 18:24:58.729, 2004783056006, vstest.console.dll, TestPluginCache.DiscoverTestExtensions: finding test extensions in assemblies ends with: RuntimeProvider.dll TPluginInfo: Microsoft.VisualStudio.TestPlatform.Common.ExtensionFramework.Utilities.TestRuntimePluginInformation TExtension: Microsoft.VisualStudio.TestPlatform.ObjectModel.Host.ITestRuntimeProvider
TpTrace Verbose: 0 : 23440, 1, 2022/12/23, 18:24:58.729, 2004783057411, vstest.console.dll, TestPluginCache.GetExtensionPaths: Filtered extension paths: 
TpTrace Verbose: 0 : 23440, 1, 2022/12/23, 18:24:58.729, 2004783057992, vstest.console.dll, TestPluginCache.GetExtensionPaths: Added default extension paths: C:\Program Files\dotnet\sdk\7.0.100-preview.3.22179.4\Extensions\DumpMinitool.exe
C:\Program Files\dotnet\sdk\7.0.100-preview.3.22179.4\Extensions\DumpMinitool.x86.exe
C:\Program Files\dotnet\sdk\7.0.100-preview.3.22179.4\Extensions\Microsoft.Diagnostics.NETCore.Client.dll
C:\Program Files\dotnet\sdk\7.0.100-preview.3.22179.4\Extensions\Microsoft.TestPlatform.Extensions.BlameDataCollector.dll
C:\Program Files\dotnet\sdk\7.0.100-preview.3.22179.4\Extensions\Microsoft.TestPlatform.Extensions.EventLogCollector.dll
C:\Program Files\dotnet\sdk\7.0.100-preview.3.22179.4\Extensions\Microsoft.TestPlatform.TestHostRuntimeProvider.dll
C:\Program Files\dotnet\sdk\7.0.100-preview.3.22179.4\Extensions\Microsoft.VisualStudio.TestPlatform.Extensions.Html.TestLogger.dll
C:\Program Files\dotnet\sdk\7.0.100-preview.3.22179.4\Extensions\Microsoft.VisualStudio.TestPlatform.Extensions.Trx.TestLogger.dll
TpTrace Verbose: 0 : 23440, 1, 2022/12/23, 18:24:58.729, 2004783058378, vstest.console.dll, TestPluginCache.GetExtensionPaths: Added unfilterableExtensionPaths: 
TpTrace Information: 0 : 23440, 1, 2022/12/23, 18:24:58.729, 2004783063041, vstest.console.dll, AssemblyResolver.ctor: Creating AssemblyResolver with searchDirectories C:\Program Files\dotnet\sdk\7.0.100-preview.3.22179.4\Extensions,C:\Program Files\dotnet\sdk\7.0.100-preview.3.22179.4
TpTrace Verbose: 0 : 23440, 1, 2022/12/23, 18:24:58.730, 2004783070595, vstest.console.dll, TestPluginCache.DiscoverTestExtensions: Discovering the extensions using extension path.
TpTrace Verbose: 0 : 23440, 1, 2022/12/23, 18:24:58.730, 2004783071407, vstest.console.dll, TestPluginCache.GetExtensionPaths: Filtered extension paths: 
TpTrace Verbose: 0 : 23440, 1, 2022/12/23, 18:24:58.730, 2004783071754, vstest.console.dll, TestPluginCache.GetExtensionPaths: Added default extension paths: C:\Program Files\dotnet\sdk\7.0.100-preview.3.22179.4\Extensions\DumpMinitool.exe
C:\Program Files\dotnet\sdk\7.0.100-preview.3.22179.4\Extensions\DumpMinitool.x86.exe
C:\Program Files\dotnet\sdk\7.0.100-preview.3.22179.4\Extensions\Microsoft.Diagnostics.NETCore.Client.dll
C:\Program Files\dotnet\sdk\7.0.100-preview.3.22179.4\Extensions\Microsoft.TestPlatform.Extensions.BlameDataCollector.dll
C:\Program Files\dotnet\sdk\7.0.100-preview.3.22179.4\Extensions\Microsoft.TestPlatform.Extensions.EventLogCollector.dll
C:\Program Files\dotnet\sdk\7.0.100-preview.3.22179.4\Extensions\Microsoft.TestPlatform.TestHostRuntimeProvider.dll
C:\Program Files\dotnet\sdk\7.0.100-preview.3.22179.4\Extensions\Microsoft.VisualStudio.TestPlatform.Extensions.Html.TestLogger.dll
C:\Program Files\dotnet\sdk\7.0.100-preview.3.22179.4\Extensions\Microsoft.VisualStudio.TestPlatform.Extensions.Trx.TestLogger.dll
TpTrace Verbose: 0 : 23440, 1, 2022/12/23, 18:24:58.730, 2004783072329, vstest.console.dll, TestPluginCache.GetExtensionPaths: Added unfilterableExtensionPaths: 
TpTrace Verbose: 0 : 23440, 1, 2022/12/23, 18:24:58.730, 2004783072816, vstest.console.dll, TestPluginCache.DiscoverTestExtensions: Discovering the extensions using allExtensionPaths: C:\Program Files\dotnet\sdk\7.0.100-preview.3.22179.4\Extensions\DumpMinitool.exe
C:\Program Files\dotnet\sdk\7.0.100-preview.3.22179.4\Extensions\DumpMinitool.x86.exe
C:\Program Files\dotnet\sdk\7.0.100-preview.3.22179.4\Extensions\Microsoft.Diagnostics.NETCore.Client.dll
C:\Program Files\dotnet\sdk\7.0.100-preview.3.22179.4\Extensions\Microsoft.TestPlatform.Extensions.BlameDataCollector.dll
C:\Program Files\dotnet\sdk\7.0.100-preview.3.22179.4\Extensions\Microsoft.TestPlatform.Extensions.EventLogCollector.dll
C:\Program Files\dotnet\sdk\7.0.100-preview.3.22179.4\Extensions\Microsoft.TestPlatform.TestHostRuntimeProvider.dll
C:\Program Files\dotnet\sdk\7.0.100-preview.3.22179.4\Extensions\Microsoft.VisualStudio.TestPlatform.Extensions.Html.TestLogger.dll
C:\Program Files\dotnet\sdk\7.0.100-preview.3.22179.4\Extensions\Microsoft.VisualStudio.TestPlatform.Extensions.Trx.TestLogger.dll
TpTrace Information: 0 : 23440, 1, 2022/12/23, 18:24:58.731, 2004783073788, vstest.console.dll, AssemblyResolver.AddSearchDirectories: Adding more searchDirectories C:\Program Files\dotnet\sdk\7.0.100-preview.3.22179.4\Extensions,C:\Program Files\dotnet\sdk\7.0.100-preview.3.22179.4
TpTrace Information: 0 : 23440, 1, 2022/12/23, 18:24:58.731, 2004783074151, vstest.console.dll, AssemblyResolver.AddSearchDirectories: Adding more searchDirectories C:\Program Files\dotnet\sdk\7.0.100-preview.3.22179.4\Extensions,C:\Program Files\dotnet\sdk\7.0.100-preview.3.22179.4
TpTrace Information: 0 : 23440, 1, 2022/12/23, 18:24:58.731, 2004783074411, vstest.console.dll, AssemblyResolver.AddSearchDirectories: Adding more searchDirectories C:\Program Files\dotnet\sdk\7.0.100-preview.3.22179.4\Extensions,C:\Program Files\dotnet\sdk\7.0.100-preview.3.22179.4
TpTrace Information: 0 : 23440, 1, 2022/12/23, 18:24:58.731, 2004783074603, vstest.console.dll, AssemblyResolver.AddSearchDirectories: Adding more searchDirectories C:\Program Files\dotnet\sdk\7.0.100-preview.3.22179.4\Extensions,C:\Program Files\dotnet\sdk\7.0.100-preview.3.22179.4
TpTrace Information: 0 : 23440, 1, 2022/12/23, 18:24:58.731, 2004783074790, vstest.console.dll, AssemblyResolver.AddSearchDirectories: Adding more searchDirectories C:\Program Files\dotnet\sdk\7.0.100-preview.3.22179.4\Extensions,C:\Program Files\dotnet\sdk\7.0.100-preview.3.22179.4
TpTrace Information: 0 : 23440, 1, 2022/12/23, 18:24:58.731, 2004783075007, vstest.console.dll, AssemblyResolver.AddSearchDirectories: Adding more searchDirectories C:\Program Files\dotnet\sdk\7.0.100-preview.3.22179.4\Extensions,C:\Program Files\dotnet\sdk\7.0.100-preview.3.22179.4
TpTrace Information: 0 : 23440, 1, 2022/12/23, 18:24:58.731, 2004783075191, vstest.console.dll, AssemblyResolver.AddSearchDirectories: Adding more searchDirectories C:\Program Files\dotnet\sdk\7.0.100-preview.3.22179.4\Extensions,C:\Program Files\dotnet\sdk\7.0.100-preview.3.22179.4
TpTrace Information: 0 : 23440, 1, 2022/12/23, 18:24:58.731, 2004783075371, vstest.console.dll, AssemblyResolver.AddSearchDirectories: Adding more searchDirectories C:\Program Files\dotnet\sdk\7.0.100-preview.3.22179.4\Extensions,C:\Program Files\dotnet\sdk\7.0.100-preview.3.22179.4
TpTrace Information: 0 : 23440, 1, 2022/12/23, 18:24:58.731, 2004783077527, vstest.console.dll, AssemblyResolver.OnResolve: DumpMinitool: Resolving assembly.
TpTrace Information: 0 : 23440, 1, 2022/12/23, 18:24:58.731, 2004783077945, vstest.console.dll, AssemblyResolver.OnResolve: DumpMinitool: Searching in: 'C:\Program Files\dotnet\sdk\7.0.100-preview.3.22179.4\Extensions'.
TpTrace Information: 0 : 23440, 1, 2022/12/23, 18:24:58.731, 2004783078963, vstest.console.dll, AssemblyResolver.OnResolve: DumpMinitool: Assembly path does not exist: 'C:\Program Files\dotnet\sdk\7.0.100-preview.3.22179.4\Extensions\DumpMinitool.dll', returning.
TpTrace Information: 0 : 23440, 1, 2022/12/23, 18:24:58.737, 2004783136113, vstest.console.dll, AssemblyResolver.OnResolve: DumpMinitool: Loading assembly 'C:\Program Files\dotnet\sdk\7.0.100-preview.3.22179.4\Extensions\DumpMinitool.exe'.
TpTrace Information: 0 : 23440, 1, 2022/12/23, 18:24:58.737, 2004783141035, vstest.console.dll, AssemblyResolver.OnResolve: Resolved assembly: DumpMinitool, from path: C:\Program Files\dotnet\sdk\7.0.100-preview.3.22179.4\Extensions\DumpMinitool.exe
TpTrace Verbose: 0 : 23440, 1, 2022/12/23, 18:24:58.741, 2004783179597, vstest.console.dll, MetadataReaderExtensionsHelper: Discovering extensions inside assembly 'DumpMinitool, Version=15.0.0.0, Culture=neutral, PublicKeyToken=b03f5f7f11d50a3a' file path 'C:\Program Files\dotnet\sdk\7.0.100-preview.3.22179.4\Extensions\DumpMinitool.exe'
TpTrace Information: 0 : 23440, 1, 2022/12/23, 18:24:58.743, 2004783202313, vstest.console.dll, AssemblyResolver.OnResolve: DumpMinitool.x86: Resolving assembly.
TpTrace Information: 0 : 23440, 1, 2022/12/23, 18:24:58.743, 2004783202790, vstest.console.dll, AssemblyResolver.OnResolve: DumpMinitool.x86: Searching in: 'C:\Program Files\dotnet\sdk\7.0.100-preview.3.22179.4\Extensions'.
TpTrace Information: 0 : 23440, 1, 2022/12/23, 18:24:58.743, 2004783203406, vstest.console.dll, AssemblyResolver.OnResolve: DumpMinitool.x86: Assembly path does not exist: 'C:\Program Files\dotnet\sdk\7.0.100-preview.3.22179.4\Extensions\DumpMinitool.x86.dll', returning.
TpTrace Information: 0 : 23440, 1, 2022/12/23, 18:24:58.744, 2004783206203, vstest.console.dll, AssemblyResolver.OnResolve: DumpMinitool.x86: Loading assembly 'C:\Program Files\dotnet\sdk\7.0.100-preview.3.22179.4\Extensions\DumpMinitool.x86.exe'.
TpTrace Information: 0 : 23440, 1, 2022/12/23, 18:24:58.744, 2004783209131, vstest.console.dll, AssemblyResolver.OnResolve: Resolved assembly: DumpMinitool.x86, from path: C:\Program Files\dotnet\sdk\7.0.100-preview.3.22179.4\Extensions\DumpMinitool.x86.exe
TpTrace Verbose: 0 : 23440, 1, 2022/12/23, 18:24:58.744, 2004783209667, vstest.console.dll, MetadataReaderExtensionsHelper: Discovering extensions inside assembly 'DumpMinitool.x86, Version=15.0.0.0, Culture=neutral, PublicKeyToken=b03f5f7f11d50a3a' file path 'C:\Program Files\dotnet\sdk\7.0.100-preview.3.22179.4\Extensions\DumpMinitool.x86.exe'
TpTrace Information: 0 : 23440, 1, 2022/12/23, 18:24:58.745, 2004783213577, vstest.console.dll, AssemblyResolver.OnResolve: Microsoft.Diagnostics.NETCore.Client: Resolving assembly.
TpTrace Information: 0 : 23440, 1, 2022/12/23, 18:24:58.745, 2004783213952, vstest.console.dll, AssemblyResolver.OnResolve: Microsoft.Diagnostics.NETCore.Client: Searching in: 'C:\Program Files\dotnet\sdk\7.0.100-preview.3.22179.4\Extensions'.
TpTrace Information: 0 : 23440, 1, 2022/12/23, 18:24:58.745, 2004783216288, vstest.console.dll, AssemblyResolver.OnResolve: Microsoft.Diagnostics.NETCore.Client: Loading assembly 'C:\Program Files\dotnet\sdk\7.0.100-preview.3.22179.4\Extensions\Microsoft.Diagnostics.NETCore.Client.dll'.
TpTrace Information: 0 : 23440, 1, 2022/12/23, 18:24:58.745, 2004783219427, vstest.console.dll, AssemblyResolver.OnResolve: Resolved assembly: Microsoft.Diagnostics.NETCore.Client, from path: C:\Program Files\dotnet\sdk\7.0.100-preview.3.22179.4\Extensions\Microsoft.Diagnostics.NETCore.Client.dll
TpTrace Verbose: 0 : 23440, 1, 2022/12/23, 18:24:58.745, 2004783219848, vstest.console.dll, MetadataReaderExtensionsHelper: Discovering extensions inside assembly 'Microsoft.Diagnostics.NETCore.Client, Version=0.2.5.801, Culture=neutral, PublicKeyToken=31bf3856ad364e35' file path 'C:\Program Files\dotnet\sdk\7.0.100-preview.3.22179.4\Extensions\Microsoft.Diagnostics.NETCore.Client.dll'
TpTrace Information: 0 : 23440, 1, 2022/12/23, 18:24:58.747, 2004783243448, vstest.console.dll, AssemblyResolver.OnResolve: Microsoft.Bcl.AsyncInterfaces: Resolving assembly.
TpTrace Information: 0 : 23440, 1, 2022/12/23, 18:24:58.748, 2004783243867, vstest.console.dll, AssemblyResolver.OnResolve: Microsoft.Bcl.AsyncInterfaces: Searching in: 'C:\Program Files\dotnet\sdk\7.0.100-preview.3.22179.4\Extensions'.
TpTrace Information: 0 : 23440, 1, 2022/12/23, 18:24:58.748, 2004783244465, vstest.console.dll, AssemblyResolver.OnResolve: Microsoft.Bcl.AsyncInterfaces: Assembly path does not exist: 'C:\Program Files\dotnet\sdk\7.0.100-preview.3.22179.4\Extensions\Microsoft.Bcl.AsyncInterfaces.dll', returning.
TpTrace Information: 0 : 23440, 1, 2022/12/23, 18:24:58.748, 2004783244928, vstest.console.dll, AssemblyResolver.OnResolve: Microsoft.Bcl.AsyncInterfaces: Assembly path does not exist: 'C:\Program Files\dotnet\sdk\7.0.100-preview.3.22179.4\Extensions\Microsoft.Bcl.AsyncInterfaces.exe', returning.
TpTrace Information: 0 : 23440, 1, 2022/12/23, 18:24:58.748, 2004783245138, vstest.console.dll, AssemblyResolver.OnResolve: Microsoft.Bcl.AsyncInterfaces: Searching in: 'C:\Program Files\dotnet\sdk\7.0.100-preview.3.22179.4'.
TpTrace Information: 0 : 23440, 1, 2022/12/23, 18:24:58.748, 2004783245582, vstest.console.dll, AssemblyResolver.OnResolve: Microsoft.Bcl.AsyncInterfaces: Assembly path does not exist: 'C:\Program Files\dotnet\sdk\7.0.100-preview.3.22179.4\Microsoft.Bcl.AsyncInterfaces.dll', returning.
TpTrace Information: 0 : 23440, 1, 2022/12/23, 18:24:58.748, 2004783246014, vstest.console.dll, AssemblyResolver.OnResolve: Microsoft.Bcl.AsyncInterfaces: Assembly path does not exist: 'C:\Program Files\dotnet\sdk\7.0.100-preview.3.22179.4\Microsoft.Bcl.AsyncInterfaces.exe', returning.
TpTrace Information: 0 : 23440, 1, 2022/12/23, 18:24:58.748, 2004783246215, vstest.console.dll, AssemblyResolver.OnResolve: Microsoft.Bcl.AsyncInterfaces: Failed to load assembly.
TpTrace Verbose: 0 : 23440, 1, 2022/12/23, 18:24:58.748, 2004783246488, vstest.console.dll, CurrentDomainAssemblyResolve: Resolving assembly 'Microsoft.Bcl.AsyncInterfaces'.
TpTrace Information: 0 : 23440, 1, 2022/12/23, 18:24:58.748, 2004783246868, vstest.console.dll, AssemblyResolver.OnResolve: Microsoft.Bcl.AsyncInterfaces: Resolving assembly.
TpTrace Information: 0 : 23440, 1, 2022/12/23, 18:24:58.748, 2004783247127, vstest.console.dll, AssemblyResolver.OnResolve: Microsoft.Bcl.AsyncInterfaces: Resolved from cache.
TpTrace Verbose: 0 : 23440, 1, 2022/12/23, 18:24:58.748, 2004783247303, vstest.console.dll, CurrentDomainAssemblyResolve: Resolving assembly 'Microsoft.Bcl.AsyncInterfaces'.
TpTrace Verbose: 0 : 23440, 1, 2022/12/23, 18:24:58.748, 2004783247530, vstest.console.dll, CurrentDomainAssemblyResolve: Failed to resolve assembly 'Microsoft.Bcl.AsyncInterfaces'.
TpTrace Verbose: 0 : 23440, 1, 2022/12/23, 18:24:58.748, 2004783252394, vstest.console.dll, CurrentDomainAssemblyResolve: Failed to resolve assembly 'Microsoft.Bcl.AsyncInterfaces'.
TpTrace Warning: 0 : 23440, 1, 2022/12/23, 18:24:58.756, 2004783324009, vstest.console.dll, TestPluginDiscoverer: Failed to get types from assembly 'Microsoft.Diagnostics.NETCore.Client, Version=0.2.5.801, Culture=neutral, PublicKeyToken=31bf3856ad364e35'. Error: System.Reflection.ReflectionTypeLoadException: Unable to load one or more of the requested types.
Could not load file or assembly 'Microsoft.Bcl.AsyncInterfaces, Version=1.0.0.0, Culture=neutral, PublicKeyToken=cc7b13ffcd2ddd51'. O sistema não pode encontrar o arquivo especificado.
   at System.Reflection.RuntimeModule.GetTypes(RuntimeModule module)
   at System.Reflection.Assembly.GetTypes()
   at Microsoft.VisualStudio.TestPlatform.Common.ExtensionFramework.TestPluginDiscoverer.GetTestExtensionsFromAssembly[TPluginInfo,TExtension](Assembly assembly, Dictionary`2 pluginInfos, String filePath)
System.IO.FileNotFoundException: Could not load file or assembly 'Microsoft.Bcl.AsyncInterfaces, Version=1.0.0.0, Culture=neutral, PublicKeyToken=cc7b13ffcd2ddd51'. O sistema não pode encontrar o arquivo especificado.
File name: 'Microsoft.Bcl.AsyncInterfaces, Version=1.0.0.0, Culture=neutral, PublicKeyToken=cc7b13ffcd2ddd51'
 ---> System.IO.FileNotFoundException: Could not load file or assembly 'Microsoft.Bcl.AsyncInterfaces, Culture=neutral, PublicKeyToken=null'. O sistema não pode encontrar o arquivo especificado.
File name: 'Microsoft.Bcl.AsyncInterfaces, Culture=neutral, PublicKeyToken=null'
   at System.Reflection.RuntimeAssembly.<InternalLoad>g____PInvoke__|48_0(ObjectHandleOnStack assemblyName, ObjectHandleOnStack requestingAssembly, StackCrawlMarkHandle stackMark, Int32 throwOnFileNotFound, ObjectHandleOnStack assemblyLoadContext, ObjectHandleOnStack retAssembly)
   at System.Reflection.RuntimeAssembly.InternalLoad(AssemblyName assemblyName, RuntimeAssembly requestingAssembly, StackCrawlMark& stackMark, Boolean throwOnFileNotFound, AssemblyLoadContext assemblyLoadContext)
   at System.Reflection.Assembly.Load(AssemblyName assemblyRef)
   at Microsoft.VisualStudio.TestPlatform.Common.ExtensionFramework.TestPluginCache.CurrentDomainAssemblyResolve(Object sender, AssemblyResolveEventArgs args)
   at System.Runtime.Loader.AssemblyLoadContext.GetFirstResolvedAssemblyFromResolvingEvent(AssemblyName assemblyName)
   at System.Runtime.Loader.AssemblyLoadContext.ResolveUsingEvent(AssemblyName assemblyName)
   at System.Runtime.Loader.AssemblyLoadContext.ResolveUsingResolvingEvent(IntPtr gchManagedAssemblyLoadContext, AssemblyName assemblyName)
TpTrace Warning: 0 : 23440, 1, 2022/12/23, 18:24:58.757, 2004783335762, vstest.console.dll, TestPluginDiscoverer: Failed to load extensions from file 'C:\Program Files\dotnet\sdk\7.0.100-preview.3.22179.4\Extensions\Microsoft.Diagnostics.NETCore.Client.dll'.  Skipping test extension scan for this file.  Error: System.ArgumentNullException: Value cannot be null. (Parameter 'type')
   at <PrivateImplementationDetails>.Throw(String paramName)
   at System.Reflection.IntrospectionExtensions.GetTypeInfo(Type type)
   at Microsoft.VisualStudio.TestPlatform.Common.ExtensionFramework.TestPluginDiscoverer.<>c__6`2.<GetTestExtensionsFromAssembly>b__6_1(Type type)
   at System.Linq.Enumerable.WhereArrayIterator`1.MoveNext()
   at System.Collections.Generic.List`1.InsertRange(Int32 index, IEnumerable`1 collection)
   at Microsoft.VisualStudio.TestPlatform.Common.ExtensionFramework.TestPluginDiscoverer.GetTestExtensionsFromAssembly[TPluginInfo,TExtension](Assembly assembly, Dictionary`2 pluginInfos, String filePath)
   at Microsoft.VisualStudio.TestPlatform.Common.ExtensionFramework.TestPluginDiscoverer.GetTestExtensionsFromFiles[TPluginInfo,TExtension](String[] files, Dictionary`2 pluginInfos)
TpTrace Information: 0 : 23440, 1, 2022/12/23, 18:24:58.757, 2004783336846, vstest.console.dll, AssemblyResolver.OnResolve: Microsoft.TestPlatform.Extensions.BlameDataCollector: Resolving assembly.
TpTrace Information: 0 : 23440, 1, 2022/12/23, 18:24:58.757, 2004783337150, vstest.console.dll, AssemblyResolver.OnResolve: Microsoft.TestPlatform.Extensions.BlameDataCollector: Searching in: 'C:\Program Files\dotnet\sdk\7.0.100-preview.3.22179.4\Extensions'.
TpTrace Information: 0 : 23440, 1, 2022/12/23, 18:24:58.757, 2004783341380, vstest.console.dll, AssemblyResolver.OnResolve: Microsoft.TestPlatform.Extensions.BlameDataCollector: Loading assembly 'C:\Program Files\dotnet\sdk\7.0.100-preview.3.22179.4\Extensions\Microsoft.TestPlatform.Extensions.BlameDataCollector.dll'.
TpTrace Information: 0 : 23440, 1, 2022/12/23, 18:24:58.758, 2004783345090, vstest.console.dll, AssemblyResolver.OnResolve: Resolved assembly: Microsoft.TestPlatform.Extensions.BlameDataCollector, from path: C:\Program Files\dotnet\sdk\7.0.100-preview.3.22179.4\Extensions\Microsoft.TestPlatform.Extensions.BlameDataCollector.dll
TpTrace Verbose: 0 : 23440, 1, 2022/12/23, 18:24:58.758, 2004783345632, vstest.console.dll, MetadataReaderExtensionsHelper: Discovering extensions inside assembly 'Microsoft.TestPlatform.Extensions.BlameDataCollector, Version=15.0.0.0, Culture=neutral, PublicKeyToken=b03f5f7f11d50a3a' file path 'C:\Program Files\dotnet\sdk\7.0.100-preview.3.22179.4\Extensions\Microsoft.TestPlatform.Extensions.BlameDataCollector.dll'
TpTrace Information: 0 : 23440, 1, 2022/12/23, 18:24:58.759, 2004783354654, vstest.console.dll, AssemblyResolver.OnResolve: Microsoft.TestPlatform.Extensions.EventLogCollector: Resolving assembly.
TpTrace Information: 0 : 23440, 1, 2022/12/23, 18:24:58.759, 2004783355075, vstest.console.dll, AssemblyResolver.OnResolve: Microsoft.TestPlatform.Extensions.EventLogCollector: Searching in: 'C:\Program Files\dotnet\sdk\7.0.100-preview.3.22179.4\Extensions'.
TpTrace Information: 0 : 23440, 1, 2022/12/23, 18:24:58.759, 2004783357729, vstest.console.dll, AssemblyResolver.OnResolve: Microsoft.TestPlatform.Extensions.EventLogCollector: Loading assembly 'C:\Program Files\dotnet\sdk\7.0.100-preview.3.22179.4\Extensions\Microsoft.TestPlatform.Extensions.EventLogCollector.dll'.
TpTrace Information: 0 : 23440, 1, 2022/12/23, 18:24:58.759, 2004783360713, vstest.console.dll, AssemblyResolver.OnResolve: Resolved assembly: Microsoft.TestPlatform.Extensions.EventLogCollector, from path: C:\Program Files\dotnet\sdk\7.0.100-preview.3.22179.4\Extensions\Microsoft.TestPlatform.Extensions.EventLogCollector.dll
TpTrace Verbose: 0 : 23440, 1, 2022/12/23, 18:24:58.759, 2004783361151, vstest.console.dll, MetadataReaderExtensionsHelper: Discovering extensions inside assembly 'Microsoft.TestPlatform.Extensions.EventLogCollector, Version=15.0.0.0, Culture=neutral, PublicKeyToken=b03f5f7f11d50a3a' file path 'C:\Program Files\dotnet\sdk\7.0.100-preview.3.22179.4\Extensions\Microsoft.TestPlatform.Extensions.EventLogCollector.dll'
TpTrace Information: 0 : 23440, 1, 2022/12/23, 18:24:58.760, 2004783370371, vstest.console.dll, AssemblyResolver.OnResolve: Microsoft.TestPlatform.TestHostRuntimeProvider: Resolving assembly.
TpTrace Information: 0 : 23440, 1, 2022/12/23, 18:24:58.760, 2004783370782, vstest.console.dll, AssemblyResolver.OnResolve: Microsoft.TestPlatform.TestHostRuntimeProvider: Searching in: 'C:\Program Files\dotnet\sdk\7.0.100-preview.3.22179.4\Extensions'.
TpTrace Information: 0 : 23440, 1, 2022/12/23, 18:24:58.760, 2004783373184, vstest.console.dll, AssemblyResolver.OnResolve: Microsoft.TestPlatform.TestHostRuntimeProvider: Loading assembly 'C:\Program Files\dotnet\sdk\7.0.100-preview.3.22179.4\Extensions\Microsoft.TestPlatform.TestHostRuntimeProvider.dll'.
TpTrace Information: 0 : 23440, 1, 2022/12/23, 18:24:58.761, 2004783376593, vstest.console.dll, AssemblyResolver.OnResolve: Resolved assembly: Microsoft.TestPlatform.TestHostRuntimeProvider, from path: C:\Program Files\dotnet\sdk\7.0.100-preview.3.22179.4\Extensions\Microsoft.TestPlatform.TestHostRuntimeProvider.dll
TpTrace Verbose: 0 : 23440, 1, 2022/12/23, 18:24:58.761, 2004783377106, vstest.console.dll, MetadataReaderExtensionsHelper: Discovering extensions inside assembly 'Microsoft.TestPlatform.TestHostRuntimeProvider, Version=15.0.0.0, Culture=neutral, PublicKeyToken=b03f5f7f11d50a3a' file path 'C:\Program Files\dotnet\sdk\7.0.100-preview.3.22179.4\Extensions\Microsoft.TestPlatform.TestHostRuntimeProvider.dll'
TpTrace Information: 0 : 23440, 1, 2022/12/23, 18:24:58.762, 2004783391546, vstest.console.dll, GetTestExtensionFromType: Register extension with identifier data 'HostProvider://DefaultTestHost' and type 'Microsoft.VisualStudio.TestPlatform.CrossPlatEngine.Hosting.DefaultTestHostManager, Microsoft.TestPlatform.TestHostRuntimeProvider, Version=15.0.0.0, Culture=neutral, PublicKeyToken=b03f5f7f11d50a3a' inside file 'C:\Program Files\dotnet\sdk\7.0.100-preview.3.22179.4\Extensions\Microsoft.TestPlatform.TestHostRuntimeProvider.dll'
TpTrace Information: 0 : 23440, 1, 2022/12/23, 18:24:58.762, 2004783392193, vstest.console.dll, GetTestExtensionFromType: Register extension with identifier data 'HostProvider://DotnetTestHost' and type 'Microsoft.VisualStudio.TestPlatform.CrossPlatEngine.Hosting.DotnetTestHostManager, Microsoft.TestPlatform.TestHostRuntimeProvider, Version=15.0.0.0, Culture=neutral, PublicKeyToken=b03f5f7f11d50a3a' inside file 'C:\Program Files\dotnet\sdk\7.0.100-preview.3.22179.4\Extensions\Microsoft.TestPlatform.TestHostRuntimeProvider.dll'
TpTrace Information: 0 : 23440, 1, 2022/12/23, 18:24:58.762, 2004783392729, vstest.console.dll, AssemblyResolver.OnResolve: Microsoft.VisualStudio.TestPlatform.Extensions.Html.TestLogger: Resolving assembly.
TpTrace Information: 0 : 23440, 1, 2022/12/23, 18:24:58.762, 2004783392964, vstest.console.dll, AssemblyResolver.OnResolve: Microsoft.VisualStudio.TestPlatform.Extensions.Html.TestLogger: Searching in: 'C:\Program Files\dotnet\sdk\7.0.100-preview.3.22179.4\Extensions'.
TpTrace Information: 0 : 23440, 1, 2022/12/23, 18:24:58.763, 2004783396046, vstest.console.dll, AssemblyResolver.OnResolve: Microsoft.VisualStudio.TestPlatform.Extensions.Html.TestLogger: Loading assembly 'C:\Program Files\dotnet\sdk\7.0.100-preview.3.22179.4\Extensions\Microsoft.VisualStudio.TestPlatform.Extensions.Html.TestLogger.dll'.
TpTrace Information: 0 : 23440, 1, 2022/12/23, 18:24:58.763, 2004783399290, vstest.console.dll, AssemblyResolver.OnResolve: Resolved assembly: Microsoft.VisualStudio.TestPlatform.Extensions.Html.TestLogger, from path: C:\Program Files\dotnet\sdk\7.0.100-preview.3.22179.4\Extensions\Microsoft.VisualStudio.TestPlatform.Extensions.Html.TestLogger.dll
TpTrace Verbose: 0 : 23440, 1, 2022/12/23, 18:24:58.763, 2004783399846, vstest.console.dll, MetadataReaderExtensionsHelper: Discovering extensions inside assembly 'Microsoft.VisualStudio.TestPlatform.Extensions.Html.TestLogger, Version=15.0.0.0, Culture=neutral, PublicKeyToken=b03f5f7f11d50a3a' file path 'C:\Program Files\dotnet\sdk\7.0.100-preview.3.22179.4\Extensions\Microsoft.VisualStudio.TestPlatform.Extensions.Html.TestLogger.dll'
TpTrace Information: 0 : 23440, 1, 2022/12/23, 18:24:58.764, 2004783404836, vstest.console.dll, AssemblyResolver.OnResolve: Microsoft.VisualStudio.TestPlatform.Extensions.Trx.TestLogger: Resolving assembly.
TpTrace Information: 0 : 23440, 1, 2022/12/23, 18:24:58.764, 2004783405252, vstest.console.dll, AssemblyResolver.OnResolve: Microsoft.VisualStudio.TestPlatform.Extensions.Trx.TestLogger: Searching in: 'C:\Program Files\dotnet\sdk\7.0.100-preview.3.22179.4\Extensions'.
TpTrace Information: 0 : 23440, 1, 2022/12/23, 18:24:58.764, 2004783407977, vstest.console.dll, AssemblyResolver.OnResolve: Microsoft.VisualStudio.TestPlatform.Extensions.Trx.TestLogger: Loading assembly 'C:\Program Files\dotnet\sdk\7.0.100-preview.3.22179.4\Extensions\Microsoft.VisualStudio.TestPlatform.Extensions.Trx.TestLogger.dll'.
TpTrace Information: 0 : 23440, 1, 2022/12/23, 18:24:58.764, 2004783411483, vstest.console.dll, AssemblyResolver.OnResolve: Resolved assembly: Microsoft.VisualStudio.TestPlatform.Extensions.Trx.TestLogger, from path: C:\Program Files\dotnet\sdk\7.0.100-preview.3.22179.4\Extensions\Microsoft.VisualStudio.TestPlatform.Extensions.Trx.TestLogger.dll
TpTrace Verbose: 0 : 23440, 1, 2022/12/23, 18:24:58.764, 2004783411937, vstest.console.dll, MetadataReaderExtensionsHelper: Discovering extensions inside assembly 'Microsoft.VisualStudio.TestPlatform.Extensions.Trx.TestLogger, Version=15.0.0.0, Culture=neutral, PublicKeyToken=b03f5f7f11d50a3a' file path 'C:\Program Files\dotnet\sdk\7.0.100-preview.3.22179.4\Extensions\Microsoft.VisualStudio.TestPlatform.Extensions.Trx.TestLogger.dll'
TpTrace Verbose: 0 : 23440, 1, 2022/12/23, 18:24:58.765, 2004783418519, vstest.console.dll, TestPluginCache: Discovered the extensions using extension path ''.
TpTrace Verbose: 0 : 23440, 1, 2022/12/23, 18:24:58.765, 2004783418928, vstest.console.dll, TestPluginCache: Discoverers are ''.
TpTrace Verbose: 0 : 23440, 1, 2022/12/23, 18:24:58.765, 2004783419115, vstest.console.dll, TestPluginCache: Executors are ''.
TpTrace Verbose: 0 : 23440, 1, 2022/12/23, 18:24:58.765, 2004783419313, vstest.console.dll, TestPluginCache: Executors2 are ''.
TpTrace Verbose: 0 : 23440, 1, 2022/12/23, 18:24:58.765, 2004783419464, vstest.console.dll, TestPluginCache: Setting providers are ''.
TpTrace Verbose: 0 : 23440, 1, 2022/12/23, 18:24:58.765, 2004783419610, vstest.console.dll, TestPluginCache: Loggers are ''.
TpTrace Verbose: 0 : 23440, 1, 2022/12/23, 18:24:58.765, 2004783420675, vstest.console.dll, TestPluginCache: TestHosts are 'HostProvider://DefaultTestHost,HostProvider://DotnetTestHost'.
TpTrace Verbose: 0 : 23440, 1, 2022/12/23, 18:24:58.765, 2004783420947, vstest.console.dll, TestPluginCache: DataCollectors are ''.
TpTrace Information: 0 : 23440, 1, 2022/12/23, 18:24:58.773, 2004783499651, vstest.console.dll, RunTestsArgumentProcessor:Execute: Test run is starting.
TpTrace Verbose: 0 : 23440, 1, 2022/12/23, 18:24:58.773, 2004783500393, vstest.console.dll, RunTestsArgumentProcessor:Execute: Queuing Test run.
TpTrace Information: 0 : 23440, 1, 2022/12/23, 18:24:58.773, 2004783501939, vstest.console.dll, TestRequestManager.RunTests: run tests started.
TpTrace Information: 0 : 23440, 1, 2022/12/23, 18:24:58.775, 2004783515514, vstest.console.dll, AssemblyMetadataProvider.GetFrameWork: Determined framework:'.NETCoreApp,Version=v6.0' for source: 'F:\Projetos ASP.NET\Curso Testes\TestesDeSoftware\Features.Tests\bin\Release\net6.0\fine-code-coverage\build-output\Features.Tests.dll'
TpTrace Information: 0 : 23440, 1, 2022/12/23, 18:24:58.775, 2004783516678, vstest.console.dll, Determined framework for all sources: .NETCoreApp,Version=v6.0
TpTrace Verbose: 0 : 23440, 1, 2022/12/23, 18:24:58.775, 2004783518333, vstest.console.dll, TestRequestManager.UpdateRunSettingsIfRequired: Default architecture: X64 IsDefaultTargetArchitecture: True, Current process architecture: X64.
TpTrace Information: 0 : 23440, 1, 2022/12/23, 18:24:58.775, 2004783521046, vstest.console.dll, AssemblyMetadataProvider.GetArchitecture: Determined architecture:AnyCPU info for assembly: F:\Projetos ASP.NET\Curso Testes\TestesDeSoftware\Features.Tests\bin\Release\net6.0\fine-code-coverage\build-output\Features.Tests.dll
TpTrace Information: 0 : 23440, 1, 2022/12/23, 18:24:58.775, 2004783521342, vstest.console.dll, Determined platform for source 'F:\Projetos ASP.NET\Curso Testes\TestesDeSoftware\Features.Tests\bin\Release\net6.0\fine-code-coverage\build-output\Features.Tests.dll' is 'AnyCPU'
TpTrace Information: 0 : 23440, 1, 2022/12/23, 18:24:58.777, 2004783535581, vstest.console.dll, Determined platform for all sources: X64
TpTrace Information: 0 : 23440, 1, 2022/12/23, 18:24:58.777, 2004783536081, vstest.console.dll, Infered platform 'X64'.
TpTrace Information: 0 : 23440, 1, 2022/12/23, 18:24:58.777, 2004783536303, vstest.console.dll, Platform update to 'X64' required.
TpTrace Information: 0 : 23440, 1, 2022/12/23, 18:24:58.779, 2004783556151, vstest.console.dll, Compatible sources list: 
TpTrace Information: 0 : 23440, 1, 2022/12/23, 18:24:58.779, 2004783556755, vstest.console.dll, F:\Projetos ASP.NET\Curso Testes\TestesDeSoftware\Features.Tests\bin\Release\net6.0\fine-code-coverage\build-output\Features.Tests.dll
TpTrace Information: 0 : 23440, 1, 2022/12/23, 18:24:58.781, 2004783576283, vstest.console.dll, InferRunSettingsHelper.IsTestSettingsEnabled: Unable to navigate to RunSettings/MSTest. Current node: RunSettings
TpTrace Information: 0 : 23440, 1, 2022/12/23, 18:24:58.782, 2004783583752, vstest.console.dll, AssemblyResolver.OnResolve: Microsoft.VisualStudio.TestPlatform.Fakes: Resolving assembly.
TpTrace Information: 0 : 23440, 1, 2022/12/23, 18:24:58.782, 2004783584115, vstest.console.dll, AssemblyResolver.OnResolve: Microsoft.VisualStudio.TestPlatform.Fakes: Searching in: 'C:\Program Files\dotnet\sdk\7.0.100-preview.3.22179.4\Extensions'.
TpTrace Information: 0 : 23440, 1, 2022/12/23, 18:24:58.782, 2004783584973, vstest.console.dll, AssemblyResolver.OnResolve: Microsoft.VisualStudio.TestPlatform.Fakes: Assembly path does not exist: 'C:\Program Files\dotnet\sdk\7.0.100-preview.3.22179.4\Extensions\Microsoft.VisualStudio.TestPlatform.Fakes.dll', returning.
TpTrace Information: 0 : 23440, 1, 2022/12/23, 18:24:58.782, 2004783585462, vstest.console.dll, AssemblyResolver.OnResolve: Microsoft.VisualStudio.TestPlatform.Fakes: Assembly path does not exist: 'C:\Program Files\dotnet\sdk\7.0.100-preview.3.22179.4\Extensions\Microsoft.VisualStudio.TestPlatform.Fakes.exe', returning.
TpTrace Information: 0 : 23440, 1, 2022/12/23, 18:24:58.782, 2004783586111, vstest.console.dll, AssemblyResolver.OnResolve: Microsoft.VisualStudio.TestPlatform.Fakes: Searching in: 'C:\Program Files\dotnet\sdk\7.0.100-preview.3.22179.4'.
TpTrace Information: 0 : 23440, 1, 2022/12/23, 18:24:58.782, 2004783587536, vstest.console.dll, AssemblyResolver.OnResolve: Microsoft.VisualStudio.TestPlatform.Fakes: Assembly path does not exist: 'C:\Program Files\dotnet\sdk\7.0.100-preview.3.22179.4\Microsoft.VisualStudio.TestPlatform.Fakes.dll', returning.
TpTrace Information: 0 : 23440, 1, 2022/12/23, 18:24:58.782, 2004783588025, vstest.console.dll, AssemblyResolver.OnResolve: Microsoft.VisualStudio.TestPlatform.Fakes: Assembly path does not exist: 'C:\Program Files\dotnet\sdk\7.0.100-preview.3.22179.4\Microsoft.VisualStudio.TestPlatform.Fakes.exe', returning.
TpTrace Information: 0 : 23440, 1, 2022/12/23, 18:24:58.782, 2004783588263, vstest.console.dll, AssemblyResolver.OnResolve: Microsoft.VisualStudio.TestPlatform.Fakes: Failed to load assembly.
TpTrace Information: 0 : 23440, 1, 2022/12/23, 18:24:58.782, 2004783591466, vstest.console.dll, Failed to load assembly Microsoft.VisualStudio.TestPlatform.Fakes, Version=17.0.0.0, Culture=neutral. Reason:System.IO.FileNotFoundException: Could not load file or assembly 'Microsoft.VisualStudio.TestPlatform.Fakes, Version=17.0.0.0, Culture=neutral, PublicKeyToken=null'. O sistema não pode encontrar o arquivo especificado.
File name: 'Microsoft.VisualStudio.TestPlatform.Fakes, Version=17.0.0.0, Culture=neutral, PublicKeyToken=null'
   at System.Reflection.RuntimeAssembly.<InternalLoad>g____PInvoke__|48_0(ObjectHandleOnStack assemblyName, ObjectHandleOnStack requestingAssembly, StackCrawlMarkHandle stackMark, Int32 throwOnFileNotFound, ObjectHandleOnStack assemblyLoadContext, ObjectHandleOnStack retAssembly)
   at System.Reflection.RuntimeAssembly.InternalLoad(AssemblyName assemblyName, RuntimeAssembly requestingAssembly, StackCrawlMark& stackMark, Boolean throwOnFileNotFound, AssemblyLoadContext assemblyLoadContext)
   at System.Reflection.Assembly.Load(AssemblyName assemblyRef)
   at Microsoft.VisualStudio.TestPlatform.Common.Utilities.FakesUtilities.LoadTestPlatformAssembly()
TpTrace Verbose: 0 : 23440, 1, 2022/12/23, 18:24:58.785, 2004783617836, vstest.console.dll, TestPluginCache.DiscoverTestExtensions: finding test extensions in assemblies ends with: TestLogger.dll TPluginInfo: Microsoft.VisualStudio.TestPlatform.Common.ExtensionFramework.Utilities.TestLoggerPluginInformation TExtension: Microsoft.VisualStudio.TestPlatform.ObjectModel.Client.ITestLogger
TpTrace Verbose: 0 : 23440, 1, 2022/12/23, 18:24:58.785, 2004783619076, vstest.console.dll, TestPluginCache.GetExtensionPaths: Filtered extension paths: 
TpTrace Verbose: 0 : 23440, 1, 2022/12/23, 18:24:58.785, 2004783619321, vstest.console.dll, TestPluginCache.GetExtensionPaths: Added default extension paths: C:\Program Files\dotnet\sdk\7.0.100-preview.3.22179.4\Extensions\DumpMinitool.exe
C:\Program Files\dotnet\sdk\7.0.100-preview.3.22179.4\Extensions\DumpMinitool.x86.exe
C:\Program Files\dotnet\sdk\7.0.100-preview.3.22179.4\Extensions\Microsoft.Diagnostics.NETCore.Client.dll
C:\Program Files\dotnet\sdk\7.0.100-preview.3.22179.4\Extensions\Microsoft.TestPlatform.Extensions.BlameDataCollector.dll
C:\Program Files\dotnet\sdk\7.0.100-preview.3.22179.4\Extensions\Microsoft.TestPlatform.Extensions.EventLogCollector.dll
C:\Program Files\dotnet\sdk\7.0.100-preview.3.22179.4\Extensions\Microsoft.TestPlatform.TestHostRuntimeProvider.dll
C:\Program Files\dotnet\sdk\7.0.100-preview.3.22179.4\Extensions\Microsoft.VisualStudio.TestPlatform.Extensions.Html.TestLogger.dll
C:\Program Files\dotnet\sdk\7.0.100-preview.3.22179.4\Extensions\Microsoft.VisualStudio.TestPlatform.Extensions.Trx.TestLogger.dll
TpTrace Verbose: 0 : 23440, 1, 2022/12/23, 18:24:58.785, 2004783620077, vstest.console.dll, TestPluginCache.GetExtensionPaths: Added unfilterableExtensionPaths: 
TpTrace Information: 0 : 23440, 1, 2022/12/23, 18:24:58.785, 2004783621577, vstest.console.dll, AssemblyResolver.AddSearchDirectories: Adding more searchDirectories C:\Program Files\dotnet\sdk\7.0.100-preview.3.22179.4\Extensions,C:\Program Files\dotnet\sdk\7.0.100-preview.3.22179.4
TpTrace Verbose: 0 : 23440, 1, 2022/12/23, 18:24:58.785, 2004783621944, vstest.console.dll, TestPluginCache.DiscoverTestExtensions: Discovering the extensions using extension path.
TpTrace Verbose: 0 : 23440, 1, 2022/12/23, 18:24:58.785, 2004783622177, vstest.console.dll, TestPluginCache.GetExtensionPaths: Filtered extension paths: 
TpTrace Verbose: 0 : 23440, 1, 2022/12/23, 18:24:58.785, 2004783622385, vstest.console.dll, TestPluginCache.GetExtensionPaths: Added default extension paths: C:\Program Files\dotnet\sdk\7.0.100-preview.3.22179.4\Extensions\DumpMinitool.exe
C:\Program Files\dotnet\sdk\7.0.100-preview.3.22179.4\Extensions\DumpMinitool.x86.exe
C:\Program Files\dotnet\sdk\7.0.100-preview.3.22179.4\Extensions\Microsoft.Diagnostics.NETCore.Client.dll
C:\Program Files\dotnet\sdk\7.0.100-preview.3.22179.4\Extensions\Microsoft.TestPlatform.Extensions.BlameDataCollector.dll
C:\Program Files\dotnet\sdk\7.0.100-preview.3.22179.4\Extensions\Microsoft.TestPlatform.Extensions.EventLogCollector.dll
C:\Program Files\dotnet\sdk\7.0.100-preview.3.22179.4\Extensions\Microsoft.TestPlatform.TestHostRuntimeProvider.dll
C:\Program Files\dotnet\sdk\7.0.100-preview.3.22179.4\Extensions\Microsoft.VisualStudio.TestPlatform.Extensions.Html.TestLogger.dll
C:\Program Files\dotnet\sdk\7.0.100-preview.3.22179.4\Extensions\Microsoft.VisualStudio.TestPlatform.Extensions.Trx.TestLogger.dll
TpTrace Verbose: 0 : 23440, 1, 2022/12/23, 18:24:58.785, 2004783622590, vstest.console.dll, TestPluginCache.GetExtensionPaths: Added unfilterableExtensionPaths: 
TpTrace Verbose: 0 : 23440, 1, 2022/12/23, 18:24:58.785, 2004783622798, vstest.console.dll, TestPluginCache.DiscoverTestExtensions: Discovering the extensions using allExtensionPaths: C:\Program Files\dotnet\sdk\7.0.100-preview.3.22179.4\Extensions\DumpMinitool.exe
C:\Program Files\dotnet\sdk\7.0.100-preview.3.22179.4\Extensions\DumpMinitool.x86.exe
C:\Program Files\dotnet\sdk\7.0.100-preview.3.22179.4\Extensions\Microsoft.Diagnostics.NETCore.Client.dll
C:\Program Files\dotnet\sdk\7.0.100-preview.3.22179.4\Extensions\Microsoft.TestPlatform.Extensions.BlameDataCollector.dll
C:\Program Files\dotnet\sdk\7.0.100-preview.3.22179.4\Extensions\Microsoft.TestPlatform.Extensions.EventLogCollector.dll
C:\Program Files\dotnet\sdk\7.0.100-preview.3.22179.4\Extensions\Microsoft.TestPlatform.TestHostRuntimeProvider.dll
C:\Program Files\dotnet\sdk\7.0.100-preview.3.22179.4\Extensions\Microsoft.VisualStudio.TestPlatform.Extensions.Html.TestLogger.dll
C:\Program Files\dotnet\sdk\7.0.100-preview.3.22179.4\Extensions\Microsoft.VisualStudio.TestPlatform.Extensions.Trx.TestLogger.dll
TpTrace Information: 0 : 23440, 1, 2022/12/23, 18:24:58.785, 2004783623145, vstest.console.dll, AssemblyResolver.AddSearchDirectories: Adding more searchDirectories C:\Program Files\dotnet\sdk\7.0.100-preview.3.22179.4\Extensions,C:\Program Files\dotnet\sdk\7.0.100-preview.3.22179.4
TpTrace Information: 0 : 23440, 1, 2022/12/23, 18:24:58.785, 2004783623377, vstest.console.dll, AssemblyResolver.AddSearchDirectories: Adding more searchDirectories C:\Program Files\dotnet\sdk\7.0.100-preview.3.22179.4\Extensions,C:\Program Files\dotnet\sdk\7.0.100-preview.3.22179.4
TpTrace Information: 0 : 23440, 1, 2022/12/23, 18:24:58.786, 2004783623562, vstest.console.dll, AssemblyResolver.AddSearchDirectories: Adding more searchDirectories C:\Program Files\dotnet\sdk\7.0.100-preview.3.22179.4\Extensions,C:\Program Files\dotnet\sdk\7.0.100-preview.3.22179.4
TpTrace Information: 0 : 23440, 1, 2022/12/23, 18:24:58.786, 2004783623768, vstest.console.dll, AssemblyResolver.AddSearchDirectories: Adding more searchDirectories C:\Program Files\dotnet\sdk\7.0.100-preview.3.22179.4\Extensions,C:\Program Files\dotnet\sdk\7.0.100-preview.3.22179.4
TpTrace Information: 0 : 23440, 1, 2022/12/23, 18:24:58.786, 2004783623955, vstest.console.dll, AssemblyResolver.AddSearchDirectories: Adding more searchDirectories C:\Program Files\dotnet\sdk\7.0.100-preview.3.22179.4\Extensions,C:\Program Files\dotnet\sdk\7.0.100-preview.3.22179.4
TpTrace Information: 0 : 23440, 1, 2022/12/23, 18:24:58.786, 2004783624161, vstest.console.dll, AssemblyResolver.AddSearchDirectories: Adding more searchDirectories C:\Program Files\dotnet\sdk\7.0.100-preview.3.22179.4\Extensions,C:\Program Files\dotnet\sdk\7.0.100-preview.3.22179.4
TpTrace Information: 0 : 23440, 1, 2022/12/23, 18:24:58.786, 2004783624385, vstest.console.dll, AssemblyResolver.AddSearchDirectories: Adding more searchDirectories C:\Program Files\dotnet\sdk\7.0.100-preview.3.22179.4\Extensions,C:\Program Files\dotnet\sdk\7.0.100-preview.3.22179.4
TpTrace Information: 0 : 23440, 1, 2022/12/23, 18:24:58.786, 2004783624578, vstest.console.dll, AssemblyResolver.AddSearchDirectories: Adding more searchDirectories C:\Program Files\dotnet\sdk\7.0.100-preview.3.22179.4\Extensions,C:\Program Files\dotnet\sdk\7.0.100-preview.3.22179.4
TpTrace Verbose: 0 : 23440, 1, 2022/12/23, 18:24:58.786, 2004783625357, vstest.console.dll, MetadataReaderExtensionsHelper: Discovering extensions inside assembly 'DumpMinitool, Version=15.0.0.0, Culture=neutral, PublicKeyToken=b03f5f7f11d50a3a' file path 'C:\Program Files\dotnet\sdk\7.0.100-preview.3.22179.4\Extensions\DumpMinitool.exe'
TpTrace Verbose: 0 : 23440, 1, 2022/12/23, 18:24:58.786, 2004783629910, vstest.console.dll, MetadataReaderExtensionsHelper: Discovering extensions inside assembly 'DumpMinitool.x86, Version=15.0.0.0, Culture=neutral, PublicKeyToken=b03f5f7f11d50a3a' file path 'C:\Program Files\dotnet\sdk\7.0.100-preview.3.22179.4\Extensions\DumpMinitool.x86.exe'
TpTrace Verbose: 0 : 23440, 1, 2022/12/23, 18:24:58.786, 2004783633285, vstest.console.dll, MetadataReaderExtensionsHelper: Discovering extensions inside assembly 'Microsoft.Diagnostics.NETCore.Client, Version=0.2.5.801, Culture=neutral, PublicKeyToken=31bf3856ad364e35' file path 'C:\Program Files\dotnet\sdk\7.0.100-preview.3.22179.4\Extensions\Microsoft.Diagnostics.NETCore.Client.dll'
TpTrace Information: 0 : 23440, 1, 2022/12/23, 18:24:58.787, 2004783637919, vstest.console.dll, AssemblyResolver.OnResolve: Microsoft.Bcl.AsyncInterfaces: Resolving assembly.
TpTrace Information: 0 : 23440, 1, 2022/12/23, 18:24:58.787, 2004783638354, vstest.console.dll, AssemblyResolver.OnResolve: Microsoft.Bcl.AsyncInterfaces: Resolved from cache.
TpTrace Verbose: 0 : 23440, 1, 2022/12/23, 18:24:58.787, 2004783638546, vstest.console.dll, CurrentDomainAssemblyResolve: Resolving assembly 'Microsoft.Bcl.AsyncInterfaces'.
TpTrace Information: 0 : 23440, 1, 2022/12/23, 18:24:58.787, 2004783638868, vstest.console.dll, AssemblyResolver.OnResolve: Microsoft.Bcl.AsyncInterfaces: Resolving assembly.
TpTrace Information: 0 : 23440, 1, 2022/12/23, 18:24:58.787, 2004783639052, vstest.console.dll, AssemblyResolver.OnResolve: Microsoft.Bcl.AsyncInterfaces: Resolved from cache.
TpTrace Verbose: 0 : 23440, 1, 2022/12/23, 18:24:58.787, 2004783639209, vstest.console.dll, CurrentDomainAssemblyResolve: Resolving assembly 'Microsoft.Bcl.AsyncInterfaces'.
TpTrace Verbose: 0 : 23440, 1, 2022/12/23, 18:24:58.787, 2004783639780, vstest.console.dll, CurrentDomainAssemblyResolve: Failed to resolve assembly 'Microsoft.Bcl.AsyncInterfaces'.
TpTrace Verbose: 0 : 23440, 1, 2022/12/23, 18:24:58.787, 2004783640761, vstest.console.dll, CurrentDomainAssemblyResolve: Failed to resolve assembly 'Microsoft.Bcl.AsyncInterfaces'.
TpTrace Warning: 0 : 23440, 1, 2022/12/23, 18:24:58.788, 2004783645251, vstest.console.dll, TestPluginDiscoverer: Failed to get types from assembly 'Microsoft.Diagnostics.NETCore.Client, Version=0.2.5.801, Culture=neutral, PublicKeyToken=31bf3856ad364e35'. Error: System.Reflection.ReflectionTypeLoadException: Unable to load one or more of the requested types.
Could not load file or assembly 'Microsoft.Bcl.AsyncInterfaces, Version=1.0.0.0, Culture=neutral, PublicKeyToken=cc7b13ffcd2ddd51'. O sistema não pode encontrar o arquivo especificado.
   at System.Reflection.RuntimeModule.GetTypes(RuntimeModule module)
   at System.Reflection.Assembly.GetTypes()
   at Microsoft.VisualStudio.TestPlatform.Common.ExtensionFramework.TestPluginDiscoverer.GetTestExtensionsFromAssembly[TPluginInfo,TExtension](Assembly assembly, Dictionary`2 pluginInfos, String filePath)
System.IO.FileNotFoundException: Could not load file or assembly 'Microsoft.Bcl.AsyncInterfaces, Version=1.0.0.0, Culture=neutral, PublicKeyToken=cc7b13ffcd2ddd51'. O sistema não pode encontrar o arquivo especificado.
File name: 'Microsoft.Bcl.AsyncInterfaces, Version=1.0.0.0, Culture=neutral, PublicKeyToken=cc7b13ffcd2ddd51'
 ---> System.IO.FileNotFoundException: Could not load file or assembly 'Microsoft.Bcl.AsyncInterfaces, Culture=neutral, PublicKeyToken=null'. O sistema não pode encontrar o arquivo especificado.
File name: 'Microsoft.Bcl.AsyncInterfaces, Culture=neutral, PublicKeyToken=null'
   at System.Reflection.RuntimeAssembly.<InternalLoad>g____PInvoke__|48_0(ObjectHandleOnStack assemblyName, ObjectHandleOnStack requestingAssembly, StackCrawlMarkHandle stackMark, Int32 throwOnFileNotFound, ObjectHandleOnStack assemblyLoadContext, ObjectHandleOnStack retAssembly)
   at System.Reflection.RuntimeAssembly.InternalLoad(AssemblyName assemblyName, RuntimeAssembly requestingAssembly, StackCrawlMark& stackMark, Boolean throwOnFileNotFound, AssemblyLoadContext assemblyLoadContext)
   at System.Reflection.Assembly.Load(AssemblyName assemblyRef)
   at Microsoft.VisualStudio.TestPlatform.Common.ExtensionFramework.TestPluginCache.CurrentDomainAssemblyResolve(Object sender, AssemblyResolveEventArgs args)
   at System.Runtime.Loader.AssemblyLoadContext.GetFirstResolvedAssemblyFromResolvingEvent(AssemblyName assemblyName)
   at System.Runtime.Loader.AssemblyLoadContext.ResolveUsingEvent(AssemblyName assemblyName)
   at System.Runtime.Loader.AssemblyLoadContext.ResolveUsingResolvingEvent(IntPtr gchManagedAssemblyLoadContext, AssemblyName assemblyName)
TpTrace Warning: 0 : 23440, 1, 2022/12/23, 18:24:58.788, 2004783648015, vstest.console.dll, TestPluginDiscoverer: Failed to load extensions from file 'C:\Program Files\dotnet\sdk\7.0.100-preview.3.22179.4\Extensions\Microsoft.Diagnostics.NETCore.Client.dll'.  Skipping test extension scan for this file.  Error: System.ArgumentNullException: Value cannot be null. (Parameter 'type')
   at <PrivateImplementationDetails>.Throw(String paramName)
   at System.Reflection.IntrospectionExtensions.GetTypeInfo(Type type)
   at Microsoft.VisualStudio.TestPlatform.Common.ExtensionFramework.TestPluginDiscoverer.<>c__6`2.<GetTestExtensionsFromAssembly>b__6_1(Type type)
   at System.Linq.Enumerable.WhereArrayIterator`1.MoveNext()
   at System.Collections.Generic.List`1.InsertRange(Int32 index, IEnumerable`1 collection)
   at Microsoft.VisualStudio.TestPlatform.Common.ExtensionFramework.TestPluginDiscoverer.GetTestExtensionsFromAssembly[TPluginInfo,TExtension](Assembly assembly, Dictionary`2 pluginInfos, String filePath)
   at Microsoft.VisualStudio.TestPlatform.Common.ExtensionFramework.TestPluginDiscoverer.GetTestExtensionsFromFiles[TPluginInfo,TExtension](String[] files, Dictionary`2 pluginInfos)
TpTrace Verbose: 0 : 23440, 1, 2022/12/23, 18:24:58.788, 2004783648957, vstest.console.dll, MetadataReaderExtensionsHelper: Discovering extensions inside assembly 'Microsoft.TestPlatform.Extensions.BlameDataCollector, Version=15.0.0.0, Culture=neutral, PublicKeyToken=b03f5f7f11d50a3a' file path 'C:\Program Files\dotnet\sdk\7.0.100-preview.3.22179.4\Extensions\Microsoft.TestPlatform.Extensions.BlameDataCollector.dll'
TpTrace Information: 0 : 23440, 1, 2022/12/23, 18:24:58.789, 2004783653843, vstest.console.dll, GetTestExtensionFromType: Register extension with identifier data 'logger://Microsoft/TestPlatform/Extensions/Blame/v1' and type 'Microsoft.TestPlatform.Extensions.BlameDataCollector.BlameLogger, Microsoft.TestPlatform.Extensions.BlameDataCollector, Version=15.0.0.0, Culture=neutral, PublicKeyToken=b03f5f7f11d50a3a' inside file 'C:\Program Files\dotnet\sdk\7.0.100-preview.3.22179.4\Extensions\Microsoft.TestPlatform.Extensions.BlameDataCollector.dll'
TpTrace Verbose: 0 : 23440, 1, 2022/12/23, 18:24:58.789, 2004783654334, vstest.console.dll, MetadataReaderExtensionsHelper: Discovering extensions inside assembly 'Microsoft.TestPlatform.Extensions.EventLogCollector, Version=15.0.0.0, Culture=neutral, PublicKeyToken=b03f5f7f11d50a3a' file path 'C:\Program Files\dotnet\sdk\7.0.100-preview.3.22179.4\Extensions\Microsoft.TestPlatform.Extensions.EventLogCollector.dll'
TpTrace Verbose: 0 : 23440, 1, 2022/12/23, 18:24:58.789, 2004783657318, vstest.console.dll, MetadataReaderExtensionsHelper: Discovering extensions inside assembly 'Microsoft.TestPlatform.TestHostRuntimeProvider, Version=15.0.0.0, Culture=neutral, PublicKeyToken=b03f5f7f11d50a3a' file path 'C:\Program Files\dotnet\sdk\7.0.100-preview.3.22179.4\Extensions\Microsoft.TestPlatform.TestHostRuntimeProvider.dll'
TpTrace Verbose: 0 : 23440, 1, 2022/12/23, 18:24:58.789, 2004783660257, vstest.console.dll, MetadataReaderExtensionsHelper: Discovering extensions inside assembly 'Microsoft.VisualStudio.TestPlatform.Extensions.Html.TestLogger, Version=15.0.0.0, Culture=neutral, PublicKeyToken=b03f5f7f11d50a3a' file path 'C:\Program Files\dotnet\sdk\7.0.100-preview.3.22179.4\Extensions\Microsoft.VisualStudio.TestPlatform.Extensions.Html.TestLogger.dll'
TpTrace Information: 0 : 23440, 1, 2022/12/23, 18:24:58.790, 2004783663597, vstest.console.dll, GetTestExtensionFromType: Register extension with identifier data 'logger://Microsoft/TestPlatform/HtmlLogger/v1' and type 'Microsoft.VisualStudio.TestPlatform.Extensions.HtmlLogger.HtmlLogger, Microsoft.VisualStudio.TestPlatform.Extensions.Html.TestLogger, Version=15.0.0.0, Culture=neutral, PublicKeyToken=b03f5f7f11d50a3a' inside file 'C:\Program Files\dotnet\sdk\7.0.100-preview.3.22179.4\Extensions\Microsoft.VisualStudio.TestPlatform.Extensions.Html.TestLogger.dll'
TpTrace Verbose: 0 : 23440, 1, 2022/12/23, 18:24:58.790, 2004783664288, vstest.console.dll, MetadataReaderExtensionsHelper: Discovering extensions inside assembly 'Microsoft.VisualStudio.TestPlatform.Extensions.Trx.TestLogger, Version=15.0.0.0, Culture=neutral, PublicKeyToken=b03f5f7f11d50a3a' file path 'C:\Program Files\dotnet\sdk\7.0.100-preview.3.22179.4\Extensions\Microsoft.VisualStudio.TestPlatform.Extensions.Trx.TestLogger.dll'
TpTrace Information: 0 : 23440, 1, 2022/12/23, 18:24:58.790, 2004783668074, vstest.console.dll, GetTestExtensionFromType: Register extension with identifier data 'logger://Microsoft/TestPlatform/TrxLogger/v1' and type 'Microsoft.VisualStudio.TestPlatform.Extensions.TrxLogger.TrxLogger, Microsoft.VisualStudio.TestPlatform.Extensions.Trx.TestLogger, Version=15.0.0.0, Culture=neutral, PublicKeyToken=b03f5f7f11d50a3a' inside file 'C:\Program Files\dotnet\sdk\7.0.100-preview.3.22179.4\Extensions\Microsoft.VisualStudio.TestPlatform.Extensions.Trx.TestLogger.dll'
TpTrace Verbose: 0 : 23440, 1, 2022/12/23, 18:24:58.790, 2004783668786, vstest.console.dll, TestPluginCache: Discovered the extensions using extension path ''.
TpTrace Verbose: 0 : 23440, 1, 2022/12/23, 18:24:58.790, 2004783669008, vstest.console.dll, TestPluginCache: Discoverers are ''.
TpTrace Verbose: 0 : 23440, 1, 2022/12/23, 18:24:58.790, 2004783669171, vstest.console.dll, TestPluginCache: Executors are ''.
TpTrace Verbose: 0 : 23440, 1, 2022/12/23, 18:24:58.790, 2004783669936, vstest.console.dll, TestPluginCache: Executors2 are ''.
TpTrace Verbose: 0 : 23440, 1, 2022/12/23, 18:24:58.790, 2004783670107, vstest.console.dll, TestPluginCache: Setting providers are ''.
TpTrace Verbose: 0 : 23440, 1, 2022/12/23, 18:24:58.790, 2004783670688, vstest.console.dll, TestPluginCache: Loggers are 'logger://Microsoft/TestPlatform/Extensions/Blame/v1,logger://Microsoft/TestPlatform/HtmlLogger/v1,logger://Microsoft/TestPlatform/TrxLogger/v1'.
TpTrace Verbose: 0 : 23440, 1, 2022/12/23, 18:24:58.790, 2004783671017, vstest.console.dll, TestPluginCache: TestHosts are 'HostProvider://DefaultTestHost,HostProvider://DotnetTestHost'.
TpTrace Verbose: 0 : 23440, 1, 2022/12/23, 18:24:58.790, 2004783671237, vstest.console.dll, TestPluginCache: DataCollectors are ''.
TpTrace Information: 0 : 23440, 1, 2022/12/23, 18:24:58.791, 2004783676422, vstest.console.dll, TestPluginManager.CreateTestExtension: Attempting to load test extension: Microsoft.TestPlatform.Extensions.BlameDataCollector.BlameLogger
TpTrace Information: 0 : 23440, 1, 2022/12/23, 18:24:58.796, 2004783730211, vstest.console.dll, TestPluginManager.CreateTestExtension: Attempting to load test extension: Microsoft.VisualStudio.TestPlatform.CrossPlatEngine.Hosting.DefaultTestHostManager
TpTrace Information: 0 : 23440, 1, 2022/12/23, 18:24:58.797, 2004783738945, vstest.console.dll, TestPluginManager.CreateTestExtension: Attempting to load test extension: Microsoft.VisualStudio.TestPlatform.CrossPlatEngine.Hosting.DotnetTestHostManager
TpTrace Verbose: 0 : 23440, 1, 2022/12/23, 18:24:58.797, 2004783743287, vstest.console.dll, TestEngine: Initializing Parallel Execution as MaxCpuCount is set to: 1
TpTrace Information: 0 : 23440, 1, 2022/12/23, 18:24:58.798, 2004783747251, vstest.console.dll, InferRunSettingsHelper.IsTestSettingsEnabled: Unable to navigate to RunSettings/MSTest. Current node: RunSettings
TpTrace Verbose: 0 : 23440, 1, 2022/12/23, 18:24:58.799, 2004783754226, vstest.console.dll, TestRequestSender is acting as server.
TpTrace Verbose: 0 : 23440, 1, 2022/12/23, 18:24:58.799, 2004783762270, vstest.console.dll, TestEngine.GetExecutionManager: Chosen execution manager 'Microsoft.VisualStudio.TestPlatform.CrossPlatEngine.Client.Parallel.ParallelProxyExecutionManager, Microsoft.TestPlatform.CrossPlatEngine, Version=15.0.0.0, Culture=neutral, PublicKeyToken=b03f5f7f11d50a3a' ParallelLevel '1' Shared host 'False'
TpTrace Verbose: 0 : 23440, 5, 2022/12/23, 18:24:58.802, 2004783785592, vstest.console.dll, DataCollectionRequestSender.InitializeCommunication : Initialize communication. 
TpTrace Information: 0 : 23440, 5, 2022/12/23, 18:24:58.804, 2004783808573, vstest.console.dll, Listening on Endpoint : 127.0.0.1:63799
TpTrace Verbose: 0 : 23440, 5, 2022/12/23, 18:24:58.810, 2004783864996, vstest.console.dll, DotnetDataCollectionLauncher: Full path of dotnet.exe is C:\Program Files\dotnet\dotnet.exe
TpTrace Verbose: 0 : 23440, 5, 2022/12/23, 18:24:58.810, 2004783866382, vstest.console.dll, DotnetDataCollectionLauncher: Adding  --runtimeconfig "C:\Program Files\dotnet\sdk\7.0.100-preview.3.22179.4\datacollector.runtimeconfig.json" in args
TpTrace Verbose: 0 : 23440, 5, 2022/12/23, 18:24:58.810, 2004783866951, vstest.console.dll, DotnetDataCollectionLauncher: Adding  --depsfile "C:\Program Files\dotnet\sdk\7.0.100-preview.3.22179.4\datacollector.deps.json" in args
TpTrace Information: 0 : 23440, 5, 2022/12/23, 18:24:58.814, 2004783905609, vstest.console.dll, ProxyDataCollectionManager.Initialize: Launched datacollector processId: 18676 port: 63799
TpTrace Information: 0 : 23440, 5, 2022/12/23, 18:24:58.814, 2004783906577, vstest.console.dll, ProxyDataCollectionManager.Initialize: waiting for connection with timeout: 90 seconds
TpTrace Verbose: 0 : 23440, 5, 2022/12/23, 18:24:58.814, 2004783906925, vstest.console.dll, DataCollectionRequestSender.WaitForRequestHandlerConnection : Waiting for connection with timeout: 90000
TpTrace Information: 0 : 23440, 7, 2022/12/23, 18:24:58.909, 2004784861914, vstest.console.dll, Using the buffer size of 16384 bytes
TpTrace Verbose: 0 : 23440, 5, 2022/12/23, 18:24:58.909, 2004784861952, vstest.console.dll, SocketCommunicationManager.WaitForClientConnection took: 95 ms, with 90000 ms timeout, and finished with True.
TpTrace Information: 0 : 23440, 7, 2022/12/23, 18:24:58.909, 2004784862758, vstest.console.dll, Accepted Client request and set the flag
TpTrace Verbose: 0 : 23440, 5, 2022/12/23, 18:24:58.910, 2004784863568, vstest.console.dll, ProxyDataCollectionManager.InvokeDataCollectionServiceAction: Starting.
TpTrace Information: 0 : 23440, 5, 2022/12/23, 18:24:58.910, 2004784864187, vstest.console.dll, ProxyDataCollectionManager.BeforeTestRunStart: Get environment variable and port for datacollector processId: 18676 port: 63799
TpTrace Verbose: 0 : 23440, 5, 2022/12/23, 18:24:58.910, 2004784865016, vstest.console.dll, DataCollectionRequestSender.SendBeforeTestRunStartAndGetResult: Send BeforeTestRunStart message with settingsXml <RunSettings><RunConfiguration><ResultsDirectory>F:\Projetos ASP.NET\Curso Testes\TestesDeSoftware\Features.Tests\bin\Release\net6.0\fine-code-coverage\coverage-tool-output</ResultsDirectory><TargetPlatform>X64</TargetPlatform><TargetFrameworkVersion>.NETCoreApp,Version=v6.0</TargetFrameworkVersion><DesignMode>False</DesignMode><CollectSourceInformation>False</CollectSourceInformation><TestAdaptersPaths>C:\Program Files\dotnet\sdk\7.0.100-preview.3.22179.4\Extensions</TestAdaptersPaths></RunConfiguration><LoggerRunSettings><Loggers><Logger friendlyName="blame" enabled="True" /><Logger friendlyName="Console" uri="logger://microsoft/TestPlatform/ConsoleLogger/v1" assemblyQualifiedName="Microsoft.VisualStudio.TestPlatform.CommandLine.Internal.ConsoleLogger, vstest.console, Version=15.0.0.0, Culture=neutral, PublicKeyToken=b03f5f7f11d50a3a" codeBase="C:\Program Files\dotnet\sdk\7.0.100-preview.3.22179.4\vstest.console.dll" enabled="True" /></Loggers></LoggerRunSettings><DataCollectionRunSettings><DataCollectors><DataCollector friendlyName="blame" enabled="True"><Configuration><ResultsDirectory>F:\Projetos ASP.NET\Curso Testes\TestesDeSoftware\Features.Tests\bin\Release\net6.0\fine-code-coverage\coverage-tool-output</ResultsDirectory></Configuration></DataCollector></DataCollectors></DataCollectionRunSettings></RunSettings> and sources System.Linq.Enumerable+Concat2Iterator`1[System.String]: 
TpTrace Verbose: 0 : 23440, 5, 2022/12/23, 18:24:58.966, 2004785428105, vstest.console.dll, DataCollectionRequestSender.SendBeforeTestRunStartAndGetResult: Received message: (DataCollection.SendMessage) -> {
  "FriendlyName": null,
  "Uri": null,
  "TestCaseId": "00000000-0000-0000-0000-000000000000",
  "Message": "Logging DataCollector Diagnostics in file: F:\\Projetos ASP.NET\\Curso Testes\\TestesDeSoftware\\Features.Tests\\bin\\Release\\net6.0\\fine-code-coverage\\coverage-tool-output\\diagnostics.datacollector.22-12-23_18-24-58_80995_5.log",
  "Level": 0
}
TpTrace Verbose: 0 : 23440, 5, 2022/12/23, 18:24:59.025, 2004786017234, vstest.console.dll, DataCollectionRequestSender.SendBeforeTestRunStartAndGetResult: Received message: (DataCollection.BeforeTestRunStartResult) -> {
  "EnvironmentVariables": {},
  "DataCollectionEventsPort": 63801
}
TpTrace Information: 0 : 23440, 5, 2022/12/23, 18:24:59.029, 2004786059050, vstest.console.dll, ProxyDataCollectionManager.BeforeTestRunStart: SendBeforeTestRunStartAndGetResult successful, env variable from datacollector:   and testhost port: 63801
TpTrace Information: 0 : 23440, 5, 2022/12/23, 18:24:59.029, 2004786059678, vstest.console.dll, ProxyDataCollectionManager.InvokeDataCollectionServiceAction: Completed.
TpTrace Verbose: 0 : 23440, 1, 2022/12/23, 18:24:59.029, 2004786060491, vstest.console.dll, TestRunRequest.ExecuteAsync: Creating test run request.
TpTrace Verbose: 0 : 23440, 1, 2022/12/23, 18:24:59.029, 2004786062361, vstest.console.dll, TestRunRequest.ExecuteAsync: Starting.
TpTrace Information: 0 : 23440, 1, 2022/12/23, 18:24:59.030, 2004786064631, vstest.console.dll, TestRunRequest.ExecuteAsync: Starting run with settings:TestRunCriteria:
   KeepAlive=False,FrequencyOfRunStatsChangeEvent=10,RunStatsChangeEventTimeout=00:00:01.5000000,TestCaseFilter=,TestExecutorLauncher=
   Settingsxml=<RunSettings>
  <RunConfiguration>
    <ResultsDirectory>F:\Projetos ASP.NET\Curso Testes\TestesDeSoftware\Features.Tests\bin\Release\net6.0\fine-code-coverage\coverage-tool-output</ResultsDirectory>
    <TargetPlatform>X64</TargetPlatform>
    <TargetFrameworkVersion>.NETCoreApp,Version=v6.0</TargetFrameworkVersion>
    <DesignMode>False</DesignMode>
    <CollectSourceInformation>False</CollectSourceInformation>
  </RunConfiguration>
  <LoggerRunSettings>
    <Loggers>
      <Logger friendlyName="blame" enabled="True" />
      <Logger friendlyName="Console" uri="logger://microsoft/TestPlatform/ConsoleLogger/v1" assemblyQualifiedName="Microsoft.VisualStudio.TestPlatform.CommandLine.Internal.ConsoleLogger, vstest.console, Version=15.0.0.0, Culture=neutral, PublicKeyToken=b03f5f7f11d50a3a" codeBase="C:\Program Files\dotnet\sdk\7.0.100-preview.3.22179.4\vstest.console.dll" enabled="True" />
    </Loggers>
  </LoggerRunSettings>
  <DataCollectionRunSettings>
    <DataCollectors>
      <DataCollector friendlyName="blame" enabled="True">
        <Configuration>
          <ResultsDirectory>F:\Projetos ASP.NET\Curso Testes\TestesDeSoftware\Features.Tests\bin\Release\net6.0\fine-code-coverage\coverage-tool-output</ResultsDirectory>
        </Configuration>
      </DataCollector>
    </DataCollectors>
  </DataCollectionRunSettings>
</RunSettings>

TpTrace Verbose: 0 : 23440, 1, 2022/12/23, 18:24:59.030, 2004786065083, vstest.console.dll, TestRunRequest.ExecuteAsync: Wait for the first run request is over.
TpTrace Verbose: 0 : 23440, 1, 2022/12/23, 18:24:59.030, 2004786067112, vstest.console.dll, MulticastDelegateUtilities.SafeInvoke: TestRun.TestRunStart: Invoking callbacks was skipped because there are no subscribers.
TpTrace Verbose: 0 : 23440, 1, 2022/12/23, 18:24:59.030, 2004786068424, vstest.console.dll, ParallelProxyExecutionManager: Start execution. Total sources: 1
TpTrace Verbose: 0 : 23440, 4, 2022/12/23, 18:24:59.030, 2004786068961, vstest.console.dll, MulticastDelegateUtilities.SafeInvoke: InternalTestLoggerEvents.SendTestRunStart: Invoking callback 1/1 for Microsoft.VisualStudio.TestPlatform.CommandLine.Internal.ConsoleLogger.TestRunStartHandler, took 0 ms.
TpTrace Information: 0 : 23440, 1, 2022/12/23, 18:24:59.030, 2004786072248, vstest.console.dll, ProxyParallelExecutionManager: Triggering test run for next source: F:\Projetos ASP.NET\Curso Testes\TestesDeSoftware\Features.Tests\bin\Release\net6.0\fine-code-coverage\build-output\Features.Tests.dll
TpTrace Verbose: 0 : 23440, 1, 2022/12/23, 18:24:59.030, 2004786073424, vstest.console.dll, ProxyParallelExecutionManager: No sources available for execution.
TpTrace Verbose: 0 : 23440, 5, 2022/12/23, 18:24:59.030, 2004786073489, vstest.console.dll, ParallelProxyExecutionManager: Execution started. Started clients: 1
TpTrace Information: 0 : 23440, 1, 2022/12/23, 18:24:59.031, 2004786073743, vstest.console.dll, TestRunRequest.ExecuteAsync: Started.
TpTrace Verbose: 0 : 23440, 1, 2022/12/23, 18:24:59.031, 2004786074730, vstest.console.dll, TestRunRequest.WaitForCompletion: Waiting with timeout -1.
TpTrace Verbose: 0 : 23440, 5, 2022/12/23, 18:24:59.031, 2004786075845, vstest.console.dll, TestRunRequest:SendTestRunMessage: Starting.
TpTrace Verbose: 0 : 23440, 5, 2022/12/23, 18:24:59.031, 2004786076770, vstest.console.dll, MulticastDelegateUtilities.SafeInvoke: TestRun.LogMessages: Invoking callback 1/1 for Microsoft.VisualStudio.TestPlatform.CommandLine.TestRunResultAggregator.TestRunMessageHandler, took 0 ms.
TpTrace Information: 0 : 23440, 5, 2022/12/23, 18:24:59.031, 2004786077052, vstest.console.dll, TestRunRequest:SendTestRunMessage: Completed.
TpTrace Verbose: 0 : 23440, 4, 2022/12/23, 18:24:59.031, 2004786076789, vstest.console.dll, MulticastDelegateUtilities.SafeInvoke: InternalTestLoggerEvents.SendTestRunMessage: Invoking callback 1/1 for Microsoft.VisualStudio.TestPlatform.CommandLine.Internal.ConsoleLogger.TestMessageHandler, took 0 ms.
TpTrace Verbose: 0 : 23440, 5, 2022/12/23, 18:24:59.031, 2004786078448, vstest.console.dll, ProxyExecutionManager: Test host is always Lazy initialize.
TpTrace Verbose: 0 : 23440, 5, 2022/12/23, 18:24:59.031, 2004786079922, vstest.console.dll, TestRequestSender.InitializeCommunication: initialize communication. 
TpTrace Information: 0 : 23440, 5, 2022/12/23, 18:24:59.031, 2004786083320, vstest.console.dll, SocketServer.Start: Listening on endpoint : 127.0.0.1:63802
TpTrace Verbose: 0 : 23440, 5, 2022/12/23, 18:24:59.032, 2004786087680, vstest.console.dll, DotnetTestHostmanager.GetTestHostProcessStartInfo: Platform environment 'X64' target architecture 'X64' framework '.NETCoreApp,Version=v6.0' OS 'Windows'
TpTrace Verbose: 0 : 23440, 5, 2022/12/23, 18:24:59.032, 2004786089165, vstest.console.dll, DotnetTestHostmanager: Adding  --runtimeconfig "F:\Projetos ASP.NET\Curso Testes\TestesDeSoftware\Features.Tests\bin\Release\net6.0\fine-code-coverage\build-output\Features.Tests.runtimeconfig.json" in args
TpTrace Verbose: 0 : 23440, 5, 2022/12/23, 18:24:59.032, 2004786089603, vstest.console.dll, DotnetTestHostmanager: Adding  --depsfile "F:\Projetos ASP.NET\Curso Testes\TestesDeSoftware\Features.Tests\bin\Release\net6.0\fine-code-coverage\build-output\Features.Tests.deps.json" in args
TpTrace Verbose: 0 : 23440, 5, 2022/12/23, 18:24:59.033, 2004786094422, vstest.console.dll, DotnetTestHostmanager.IsWinOnArm: Current PROCESSOR_ARCHITECTURE from registry 'AMD64'
TpTrace Verbose: 0 : 23440, 5, 2022/12/23, 18:24:59.033, 2004786095088, vstest.console.dll, DotnetTestHostmanager.IsWinOnArm: Is Windows on ARM 'False'
TpTrace Verbose: 0 : 23440, 5, 2022/12/23, 18:24:59.033, 2004786095539, vstest.console.dll, DotnetTestHostManager: testhost.exe found at path: F:\Projetos ASP.NET\Curso Testes\TestesDeSoftware\Features.Tests\bin\Release\net6.0\fine-code-coverage\build-output\testhost.exe
TpTrace Verbose: 0 : 23440, 5, 2022/12/23, 18:24:59.033, 2004786095786, vstest.console.dll, DotnetTestHostmanager: Full path of host exe is F:\Projetos ASP.NET\Curso Testes\TestesDeSoftware\Features.Tests\bin\Release\net6.0\fine-code-coverage\build-output\testhost.exe
TpTrace Verbose: 0 : 23440, 5, 2022/12/23, 18:24:59.033, 2004786096647, vstest.console.dll, DotnetTestHostmanager.LaunchTestHostAsync: Found 'VSTEST_WINAPPHOST_DOTNET_ROOT' in env variables, value 'C:\Program Files\dotnet', forwarding to 'DOTNET_ROOT'
TpTrace Verbose: 0 : 23440, 7, 2022/12/23, 18:24:59.033, 2004786102640, vstest.console.dll, DotnetTestHostManager: Starting process 'F:\Projetos ASP.NET\Curso Testes\TestesDeSoftware\Features.Tests\bin\Release\net6.0\fine-code-coverage\build-output\testhost.exe' with command line ' --runtimeconfig "F:\Projetos ASP.NET\Curso Testes\TestesDeSoftware\Features.Tests\bin\Release\net6.0\fine-code-coverage\build-output\Features.Tests.runtimeconfig.json" --depsfile "F:\Projetos ASP.NET\Curso Testes\TestesDeSoftware\Features.Tests\bin\Release\net6.0\fine-code-coverage\build-output\Features.Tests.deps.json" --port 63802 --endpoint 127.0.0.1:063802 --role client --parentprocessid 23440 --diag "F:\Projetos ASP.NET\Curso Testes\TestesDeSoftware\Features.Tests\bin\Release\net6.0\fine-code-coverage\coverage-tool-output\diagnostics.host.22-12-23_18-24-59_03219_5.log" --tracelevel 4 --datacollectionport 63801 --telemetryoptedin false'
TpTrace Verbose: 0 : 23440, 7, 2022/12/23, 18:24:59.037, 2004786136584, vstest.console.dll, MulticastDelegateUtilities.SafeInvoke: HostProviderEvents.OnHostLaunched: Invoking callback 1/2 for Microsoft.VisualStudio.TestPlatform.CrossPlatEngine.Client.ProxyExecutionManagerWithDataCollection.TestHostLaunchedHandler, took 0 ms.
TpTrace Verbose: 0 : 23440, 7, 2022/12/23, 18:24:59.037, 2004786137405, vstest.console.dll, Test Runtime launched
TpTrace Verbose: 0 : 23440, 7, 2022/12/23, 18:24:59.037, 2004786137719, vstest.console.dll, MulticastDelegateUtilities.SafeInvoke: HostProviderEvents.OnHostLaunched: Invoking callback 2/2 for Microsoft.VisualStudio.TestPlatform.CrossPlatEngine.Client.ProxyOperationManager.TestHostManagerHostLaunched, took 0 ms.
TpTrace Verbose: 0 : 23440, 5, 2022/12/23, 18:24:59.037, 2004786141797, vstest.console.dll, TestRequestSender.WaitForRequestHandlerConnection: waiting for connection with timeout: 90000.
TpTrace Verbose: 0 : 23440, 5, 2022/12/23, 18:24:59.124, 2004787005839, vstest.console.dll, TestRequestSender.WaitForRequestHandlerConnection: waiting took 86 ms, with timeout 90000 ms, and result 0, which is success.
TpTrace Verbose: 0 : 23440, 7, 2022/12/23, 18:24:59.124, 2004787005839, vstest.console.dll, MulticastDelegateUtilities.SafeInvoke: SocketServer: ClientConnected: Invoking callback 1/1 for Microsoft.VisualStudio.TestPlatform.CommunicationUtilities.TestRequestSender.<InitializeCommunication>b__23_0, took 0 ms.
TpTrace Verbose: 0 : 23440, 7, 2022/12/23, 18:24:59.124, 2004787007260, vstest.console.dll, SocketServer.OnClientConnected: Client connected for endPoint: 127.0.0.1:63802, starting MessageLoopAsync:
TpTrace Verbose: 0 : 23440, 7, 2022/12/23, 18:24:59.124, 2004787008820, vstest.console.dll, TcpClientExtensions.MessageLoopAsync: Polling on remoteEndPoint: 127.0.0.1:63803 localEndPoint: 127.0.0.1:63802
TpTrace Verbose: 0 : 23440, 5, 2022/12/23, 18:24:59.124, 2004787013076, vstest.console.dll, TestRequestSender.CheckVersionWithTestHost: Sending check version message: {"MessageType":"ProtocolVersion","Payload":6}
TpTrace Verbose: 0 : 23440, 7, 2022/12/23, 18:24:59.220, 2004787968107, vstest.console.dll, TcpClientExtensions.MessageLoopAsync: NotifyDataAvailable remoteEndPoint: 127.0.0.1:63803 localEndPoint: 127.0.0.1:63802
TpTrace Verbose: 0 : 23440, 7, 2022/12/23, 18:24:59.220, 2004787969988, vstest.console.dll, TestRequestSender.CheckVersionWithTestHost: onMessageReceived received message: (ProtocolVersion) -> 5
TpTrace Verbose: 0 : 23440, 7, 2022/12/23, 18:24:59.220, 2004787972873, vstest.console.dll, MulticastDelegateUtilities.SafeInvoke: LengthPrefixCommunicationChannel: MessageReceived: Invoking callback 1/1 for Microsoft.VisualStudio.TestPlatform.CommunicationUtilities.TestRequestSender+<>c__DisplayClass25_0.<CheckVersionWithTestHost>b__0, took 0 ms.
TpTrace Verbose: 0 : 23440, 7, 2022/12/23, 18:24:59.220, 2004787973371, vstest.console.dll, TcpClientExtensions.MessageLoopAsync: Polling on remoteEndPoint: 127.0.0.1:63803 localEndPoint: 127.0.0.1:63802
TpTrace Verbose: 0 : 23440, 5, 2022/12/23, 18:24:59.221, 2004787973687, vstest.console.dll, TestPluginCache.GetExtensionPaths: Filtered extension paths: 
TpTrace Verbose: 0 : 23440, 5, 2022/12/23, 18:24:59.221, 2004787974072, vstest.console.dll, TestPluginCache.GetExtensionPaths: Added default extension paths: C:\Program Files\dotnet\sdk\7.0.100-preview.3.22179.4\Extensions\DumpMinitool.exe
C:\Program Files\dotnet\sdk\7.0.100-preview.3.22179.4\Extensions\DumpMinitool.x86.exe
C:\Program Files\dotnet\sdk\7.0.100-preview.3.22179.4\Extensions\Microsoft.Diagnostics.NETCore.Client.dll
C:\Program Files\dotnet\sdk\7.0.100-preview.3.22179.4\Extensions\Microsoft.TestPlatform.Extensions.BlameDataCollector.dll
C:\Program Files\dotnet\sdk\7.0.100-preview.3.22179.4\Extensions\Microsoft.TestPlatform.Extensions.EventLogCollector.dll
C:\Program Files\dotnet\sdk\7.0.100-preview.3.22179.4\Extensions\Microsoft.TestPlatform.TestHostRuntimeProvider.dll
C:\Program Files\dotnet\sdk\7.0.100-preview.3.22179.4\Extensions\Microsoft.VisualStudio.TestPlatform.Extensions.Html.TestLogger.dll
C:\Program Files\dotnet\sdk\7.0.100-preview.3.22179.4\Extensions\Microsoft.VisualStudio.TestPlatform.Extensions.Trx.TestLogger.dll
TpTrace Verbose: 0 : 23440, 5, 2022/12/23, 18:24:59.221, 2004787974361, vstest.console.dll, TestPluginCache.GetExtensionPaths: Added unfilterableExtensionPaths: 
TpTrace Verbose: 0 : 23440, 5, 2022/12/23, 18:24:59.223, 2004787995858, vstest.console.dll, TestRequestSender.InitializeExecution: Sending initialize execution with message: {"Version":5,"MessageType":"TestExecution.Initialize","Payload":["F:\\Projetos ASP.NET\\Curso Testes\\TestesDeSoftware\\Features.Tests\\bin\\Release\\net6.0\\fine-code-coverage\\build-output\\xunit.runner.visualstudio.dotnetcore.testadapter.dll"]}
TpTrace Warning: 0 : 23440, 5, 2022/12/23, 18:24:59.223, 2004787999059, vstest.console.dll, InferRunSettingsHelper.MakeRunsettingsCompatible: Removing the following settings: TargetPlatform from RunSettings file. To use those settings please move to latest version of Microsoft.NET.Test.Sdk
TpTrace Verbose: 0 : 23440, 7, 2022/12/23, 18:24:59.227, 2004788039974, vstest.console.dll, TcpClientExtensions.MessageLoopAsync: NotifyDataAvailable remoteEndPoint: 127.0.0.1:63803 localEndPoint: 127.0.0.1:63802
TpTrace Verbose: 0 : 23440, 7, 2022/12/23, 18:24:59.227, 2004788041031, vstest.console.dll, TestRequestSender.OnExecutionMessageReceived: Received message: {"Version":5,"MessageType":"TestSession.Message","Payload":{"MessageLevel":0,"Message":"Logging TestHost Diagnostics in file: F:\\Projetos ASP.NET\\Curso Testes\\TestesDeSoftware\\Features.Tests\\bin\\Release\\net6.0\\fine-code-coverage\\coverage-tool-output\\diagnostics.host.22-12-23_18-24-59_03219_5.log"}}
TpTrace Verbose: 0 : 23440, 7, 2022/12/23, 18:24:59.229, 2004788054052, vstest.console.dll, TestRunRequest:SendTestRunMessage: Starting.
TpTrace Verbose: 0 : 23440, 7, 2022/12/23, 18:24:59.229, 2004788054769, vstest.console.dll, MulticastDelegateUtilities.SafeInvoke: TestRun.LogMessages: Invoking callback 1/1 for Microsoft.VisualStudio.TestPlatform.CommandLine.TestRunResultAggregator.TestRunMessageHandler, took 0 ms.
TpTrace Information: 0 : 23440, 7, 2022/12/23, 18:24:59.229, 2004788054998, vstest.console.dll, TestRunRequest:SendTestRunMessage: Completed.
TpTrace Verbose: 0 : 23440, 4, 2022/12/23, 18:24:59.229, 2004788055184, vstest.console.dll, MulticastDelegateUtilities.SafeInvoke: InternalTestLoggerEvents.SendTestRunMessage: Invoking callback 1/1 for Microsoft.VisualStudio.TestPlatform.CommandLine.Internal.ConsoleLogger.TestMessageHandler, took 0 ms.
TpTrace Verbose: 0 : 23440, 7, 2022/12/23, 18:24:59.229, 2004788055305, vstest.console.dll, MulticastDelegateUtilities.SafeInvoke: LengthPrefixCommunicationChannel: MessageReceived: Invoking callback 1/1 for Microsoft.VisualStudio.TestPlatform.CommunicationUtilities.TestRequestSender+<>c__DisplayClass30_0.<StartTestRun>b__1, took 1 ms.
TpTrace Verbose: 0 : 23440, 7, 2022/12/23, 18:24:59.229, 2004788055866, vstest.console.dll, TcpClientExtensions.MessageLoopAsync: Polling on remoteEndPoint: 127.0.0.1:63803 localEndPoint: 127.0.0.1:63802
TpTrace Verbose: 0 : 23440, 5, 2022/12/23, 18:24:59.229, 2004788059513, vstest.console.dll, TestRequestSender.StartTestRun: Sending test run with message: {"Version":5,"MessageType":"TestExecution.StartWithSources","Payload":{"AdapterSourceMap":{"_none_":["F:\\Projetos ASP.NET\\Curso Testes\\TestesDeSoftware\\Features.Tests\\bin\\Release\\net6.0\\fine-code-coverage\\build-output\\Features.Tests.dll"]},"RunSettings":"<RunSettings>\r\n  <RunConfiguration>\r\n    <ResultsDirectory>F:\\Projetos ASP.NET\\Curso Testes\\TestesDeSoftware\\Features.Tests\\bin\\Release\\net6.0\\fine-code-coverage\\coverage-tool-output</ResultsDirectory>\r\n    <TargetFrameworkVersion>.NETCoreApp,Version=v6.0</TargetFrameworkVersion>\r\n    <DesignMode>False</DesignMode>\r\n    <CollectSourceInformation>False</CollectSourceInformation>\r\n  </RunConfiguration>\r\n  <LoggerRunSettings>\r\n    <Loggers>\r\n      <Logger friendlyName=\"blame\" enabled=\"True\" />\r\n      <Logger friendlyName=\"Console\" uri=\"logger://microsoft/TestPlatform/ConsoleLogger/v1\" assemblyQualifiedName=\"Microsoft.VisualStudio.TestPlatform.CommandLine.Internal.ConsoleLogger, vstest.console, Version=15.0.0.0, Culture=neutral, PublicKeyToken=b03f5f7f11d50a3a\" codeBase=\"C:\\Program Files\\dotnet\\sdk\\7.0.100-preview.3.22179.4\\vstest.console.dll\" enabled=\"True\" />\r\n    </Loggers>\r\n  </LoggerRunSettings>\r\n  <DataCollectionRunSettings>\r\n    <DataCollectors>\r\n      <DataCollector friendlyName=\"blame\" enabled=\"True\">\r\n        <Configuration>\r\n          <ResultsDirectory>F:\\Projetos ASP.NET\\Curso Testes\\TestesDeSoftware\\Features.Tests\\bin\\Release\\net6.0\\fine-code-coverage\\coverage-tool-output</ResultsDirectory>\r\n        </Configuration>\r\n      </DataCollector>\r\n    </DataCollectors>\r\n  </DataCollectionRunSettings>\r\n</RunSettings>","TestExecutionContext":{"FrequencyOfRunStatsChangeEvent":10,"RunStatsChangeEventTimeout":"00:00:01.5000000","InIsolation":false,"KeepAlive":false,"AreTestCaseLevelEventsRequired":false,"IsDebug":false,"TestCaseFilter":null,"FilterOptions":null},"Package":null}}
TpTrace Verbose: 0 : 23440, 7, 2022/12/23, 18:24:59.338, 2004789153105, vstest.console.dll, TcpClientExtensions.MessageLoopAsync: NotifyDataAvailable remoteEndPoint: 127.0.0.1:63803 localEndPoint: 127.0.0.1:63802
TpTrace Verbose: 0 : 23440, 7, 2022/12/23, 18:24:59.339, 2004789154134, vstest.console.dll, TestRequestSender.OnExecutionMessageReceived: Received message: {"Version":5,"MessageType":"TestSession.Message","Payload":{"MessageLevel":0,"Message":"[xUnit.net 00:00:00.00] xUnit.net VSTest Adapter v2.4.3+1b45f5407b (64-bit .NET 6.0.5)"}}
TpTrace Verbose: 0 : 23440, 7, 2022/12/23, 18:24:59.339, 2004789155806, vstest.console.dll, TestRunRequest:SendTestRunMessage: Starting.
TpTrace Verbose: 0 : 23440, 7, 2022/12/23, 18:24:59.339, 2004789156236, vstest.console.dll, MulticastDelegateUtilities.SafeInvoke: TestRun.LogMessages: Invoking callback 1/1 for Microsoft.VisualStudio.TestPlatform.CommandLine.TestRunResultAggregator.TestRunMessageHandler, took 0 ms.
TpTrace Information: 0 : 23440, 7, 2022/12/23, 18:24:59.339, 2004789156434, vstest.console.dll, TestRunRequest:SendTestRunMessage: Completed.
TpTrace Verbose: 0 : 23440, 7, 2022/12/23, 18:24:59.339, 2004789156603, vstest.console.dll, MulticastDelegateUtilities.SafeInvoke: LengthPrefixCommunicationChannel: MessageReceived: Invoking callback 1/1 for Microsoft.VisualStudio.TestPlatform.CommunicationUtilities.TestRequestSender+<>c__DisplayClass30_0.<StartTestRun>b__1, took 0 ms.
TpTrace Verbose: 0 : 23440, 7, 2022/12/23, 18:24:59.339, 2004789156773, vstest.console.dll, TcpClientExtensions.MessageLoopAsync: Polling on remoteEndPoint: 127.0.0.1:63803 localEndPoint: 127.0.0.1:63802
TpTrace Verbose: 0 : 23440, 4, 2022/12/23, 18:24:59.339, 2004789156797, vstest.console.dll, MulticastDelegateUtilities.SafeInvoke: InternalTestLoggerEvents.SendTestRunMessage: Invoking callback 1/1 for Microsoft.VisualStudio.TestPlatform.CommandLine.Internal.ConsoleLogger.TestMessageHandler, took 0 ms.
TpTrace Verbose: 0 : 23440, 7, 2022/12/23, 18:24:59.647, 2004792238504, vstest.console.dll, TcpClientExtensions.MessageLoopAsync: NotifyDataAvailable remoteEndPoint: 127.0.0.1:63803 localEndPoint: 127.0.0.1:63802
TpTrace Verbose: 0 : 23440, 7, 2022/12/23, 18:24:59.647, 2004792239608, vstest.console.dll, TestRequestSender.OnExecutionMessageReceived: Received message: {"Version":5,"MessageType":"TestSession.Message","Payload":{"MessageLevel":0,"Message":"[xUnit.net 00:00:00.31]   Discovering: Features.Tests"}}
TpTrace Verbose: 0 : 23440, 7, 2022/12/23, 18:24:59.647, 2004792241240, vstest.console.dll, TestRunRequest:SendTestRunMessage: Starting.
TpTrace Verbose: 0 : 23440, 7, 2022/12/23, 18:24:59.647, 2004792241744, vstest.console.dll, MulticastDelegateUtilities.SafeInvoke: TestRun.LogMessages: Invoking callback 1/1 for Microsoft.VisualStudio.TestPlatform.CommandLine.TestRunResultAggregator.TestRunMessageHandler, took 0 ms.
TpTrace Information: 0 : 23440, 7, 2022/12/23, 18:24:59.647, 2004792241970, vstest.console.dll, TestRunRequest:SendTestRunMessage: Completed.
TpTrace Verbose: 0 : 23440, 7, 2022/12/23, 18:24:59.647, 2004792242219, vstest.console.dll, MulticastDelegateUtilities.SafeInvoke: LengthPrefixCommunicationChannel: MessageReceived: Invoking callback 1/1 for Microsoft.VisualStudio.TestPlatform.CommunicationUtilities.TestRequestSender+<>c__DisplayClass30_0.<StartTestRun>b__1, took 0 ms.
TpTrace Verbose: 0 : 23440, 7, 2022/12/23, 18:24:59.647, 2004792242443, vstest.console.dll, TcpClientExtensions.MessageLoopAsync: Polling on remoteEndPoint: 127.0.0.1:63803 localEndPoint: 127.0.0.1:63802
TpTrace Verbose: 0 : 23440, 4, 2022/12/23, 18:24:59.647, 2004792242229, vstest.console.dll, MulticastDelegateUtilities.SafeInvoke: InternalTestLoggerEvents.SendTestRunMessage: Invoking callback 1/1 for Microsoft.VisualStudio.TestPlatform.CommandLine.Internal.ConsoleLogger.TestMessageHandler, took 0 ms.
TpTrace Verbose: 0 : 23440, 7, 2022/12/23, 18:24:59.698, 2004792749471, vstest.console.dll, TcpClientExtensions.MessageLoopAsync: NotifyDataAvailable remoteEndPoint: 127.0.0.1:63803 localEndPoint: 127.0.0.1:63802
TpTrace Verbose: 0 : 23440, 7, 2022/12/23, 18:24:59.698, 2004792750621, vstest.console.dll, TestRequestSender.OnExecutionMessageReceived: Received message: {"Version":5,"MessageType":"TestSession.Message","Payload":{"MessageLevel":0,"Message":"[xUnit.net 00:00:00.36]   Discovered:  Features.Tests"}}
TpTrace Verbose: 0 : 23440, 7, 2022/12/23, 18:24:59.698, 2004792752850, vstest.console.dll, TestRunRequest:SendTestRunMessage: Starting.
TpTrace Verbose: 0 : 23440, 7, 2022/12/23, 18:24:59.698, 2004792753424, vstest.console.dll, MulticastDelegateUtilities.SafeInvoke: TestRun.LogMessages: Invoking callback 1/1 for Microsoft.VisualStudio.TestPlatform.CommandLine.TestRunResultAggregator.TestRunMessageHandler, took 0 ms.
TpTrace Verbose: 0 : 23440, 4, 2022/12/23, 18:24:59.699, 2004792753608, vstest.console.dll, MulticastDelegateUtilities.SafeInvoke: InternalTestLoggerEvents.SendTestRunMessage: Invoking callback 1/1 for Microsoft.VisualStudio.TestPlatform.CommandLine.Internal.ConsoleLogger.TestMessageHandler, took 0 ms.
TpTrace Information: 0 : 23440, 7, 2022/12/23, 18:24:59.699, 2004792753684, vstest.console.dll, TestRunRequest:SendTestRunMessage: Completed.
TpTrace Verbose: 0 : 23440, 7, 2022/12/23, 18:24:59.699, 2004792754474, vstest.console.dll, MulticastDelegateUtilities.SafeInvoke: LengthPrefixCommunicationChannel: MessageReceived: Invoking callback 1/1 for Microsoft.VisualStudio.TestPlatform.CommunicationUtilities.TestRequestSender+<>c__DisplayClass30_0.<StartTestRun>b__1, took 0 ms.
TpTrace Verbose: 0 : 23440, 7, 2022/12/23, 18:24:59.699, 2004792754790, vstest.console.dll, TcpClientExtensions.MessageLoopAsync: Polling on remoteEndPoint: 127.0.0.1:63803 localEndPoint: 127.0.0.1:63802
TpTrace Verbose: 0 : 23440, 7, 2022/12/23, 18:24:59.700, 2004792766622, vstest.console.dll, TcpClientExtensions.MessageLoopAsync: NotifyDataAvailable remoteEndPoint: 127.0.0.1:63803 localEndPoint: 127.0.0.1:63802
TpTrace Verbose: 0 : 23440, 7, 2022/12/23, 18:24:59.700, 2004792767360, vstest.console.dll, TestRequestSender.OnExecutionMessageReceived: Received message: {"Version":5,"MessageType":"TestSession.Message","Payload":{"MessageLevel":0,"Message":"[xUnit.net 00:00:00.36]   Starting:    Features.Tests"}}
TpTrace Verbose: 0 : 23440, 7, 2022/12/23, 18:24:59.700, 2004792768579, vstest.console.dll, TestRunRequest:SendTestRunMessage: Starting.
TpTrace Verbose: 0 : 23440, 7, 2022/12/23, 18:24:59.700, 2004792769036, vstest.console.dll, MulticastDelegateUtilities.SafeInvoke: TestRun.LogMessages: Invoking callback 1/1 for Microsoft.VisualStudio.TestPlatform.CommandLine.TestRunResultAggregator.TestRunMessageHandler, took 0 ms.
TpTrace Verbose: 0 : 23440, 4, 2022/12/23, 18:24:59.700, 2004792769134, vstest.console.dll, MulticastDelegateUtilities.SafeInvoke: InternalTestLoggerEvents.SendTestRunMessage: Invoking callback 1/1 for Microsoft.VisualStudio.TestPlatform.CommandLine.Internal.ConsoleLogger.TestMessageHandler, took 0 ms.
TpTrace Information: 0 : 23440, 7, 2022/12/23, 18:24:59.700, 2004792769252, vstest.console.dll, TestRunRequest:SendTestRunMessage: Completed.
TpTrace Verbose: 0 : 23440, 7, 2022/12/23, 18:24:59.700, 2004792769791, vstest.console.dll, MulticastDelegateUtilities.SafeInvoke: LengthPrefixCommunicationChannel: MessageReceived: Invoking callback 1/1 for Microsoft.VisualStudio.TestPlatform.CommunicationUtilities.TestRequestSender+<>c__DisplayClass30_0.<StartTestRun>b__1, took 0 ms.
TpTrace Verbose: 0 : 23440, 7, 2022/12/23, 18:24:59.700, 2004792769988, vstest.console.dll, TcpClientExtensions.MessageLoopAsync: Polling on remoteEndPoint: 127.0.0.1:63803 localEndPoint: 127.0.0.1:63802
TpTrace Verbose: 0 : 23440, 7, 2022/12/23, 18:24:59.778, 2004793552199, vstest.console.dll, TcpClientExtensions.MessageLoopAsync: NotifyDataAvailable remoteEndPoint: 127.0.0.1:63803 localEndPoint: 127.0.0.1:63802
TpTrace Verbose: 0 : 23440, 7, 2022/12/23, 18:24:59.778, 2004793553229, vstest.console.dll, TestRequestSender.OnExecutionMessageReceived: Received message: {"Version":5,"MessageType":"TestSession.Message","Payload":{"MessageLevel":1,"Message":"[xUnit.net 00:00:00.44]     Novo Cliente 2.0 [SKIP]"}}
TpTrace Verbose: 0 : 23440, 7, 2022/12/23, 18:24:59.779, 2004793554485, vstest.console.dll, TestRunRequest:SendTestRunMessage: Starting.
TpTrace Verbose: 0 : 23440, 7, 2022/12/23, 18:24:59.779, 2004793554990, vstest.console.dll, MulticastDelegateUtilities.SafeInvoke: TestRun.LogMessages: Invoking callback 1/1 for Microsoft.VisualStudio.TestPlatform.CommandLine.TestRunResultAggregator.TestRunMessageHandler, took 0 ms.
TpTrace Information: 0 : 23440, 7, 2022/12/23, 18:24:59.779, 2004793555264, vstest.console.dll, TestRunRequest:SendTestRunMessage: Completed.
TpTrace Verbose: 0 : 23440, 7, 2022/12/23, 18:24:59.779, 2004793555491, vstest.console.dll, MulticastDelegateUtilities.SafeInvoke: LengthPrefixCommunicationChannel: MessageReceived: Invoking callback 1/1 for Microsoft.VisualStudio.TestPlatform.CommunicationUtilities.TestRequestSender+<>c__DisplayClass30_0.<StartTestRun>b__1, took 0 ms.
TpTrace Verbose: 0 : 23440, 7, 2022/12/23, 18:24:59.779, 2004793555837, vstest.console.dll, TcpClientExtensions.MessageLoopAsync: Polling on remoteEndPoint: 127.0.0.1:63803 localEndPoint: 127.0.0.1:63802
TpTrace Verbose: 0 : 23440, 4, 2022/12/23, 18:24:59.779, 2004793555987, vstest.console.dll, MulticastDelegateUtilities.SafeInvoke: InternalTestLoggerEvents.SendTestRunMessage: Invoking callback 1/1 for Microsoft.VisualStudio.TestPlatform.CommandLine.Internal.ConsoleLogger.TestMessageHandler, took 0 ms.
TpTrace Verbose: 0 : 23440, 7, 2022/12/23, 18:24:59.779, 2004793556071, vstest.console.dll, TcpClientExtensions.MessageLoopAsync: NotifyDataAvailable remoteEndPoint: 127.0.0.1:63803 localEndPoint: 127.0.0.1:63802
TpTrace Verbose: 0 : 23440, 7, 2022/12/23, 18:24:59.779, 2004793556784, vstest.console.dll, TestRequestSender.OnExecutionMessageReceived: Received message: {"Version":5,"MessageType":"TestSession.Message","Payload":{"MessageLevel":0,"Message":"[xUnit.net 00:00:00.44]       Este teste não é compativel com a Nova versão 2.0"}}
TpTrace Verbose: 0 : 23440, 7, 2022/12/23, 18:24:59.779, 2004793557818, vstest.console.dll, TestRunRequest:SendTestRunMessage: Starting.
TpTrace Verbose: 0 : 23440, 7, 2022/12/23, 18:24:59.779, 2004793558224, vstest.console.dll, MulticastDelegateUtilities.SafeInvoke: TestRun.LogMessages: Invoking callback 1/1 for Microsoft.VisualStudio.TestPlatform.CommandLine.TestRunResultAggregator.TestRunMessageHandler, took 0 ms.
TpTrace Verbose: 0 : 23440, 4, 2022/12/23, 18:24:59.779, 2004793558455, vstest.console.dll, MulticastDelegateUtilities.SafeInvoke: InternalTestLoggerEvents.SendTestRunMessage: Invoking callback 1/1 for Microsoft.VisualStudio.TestPlatform.CommandLine.Internal.ConsoleLogger.TestMessageHandler, took 0 ms.
TpTrace Information: 0 : 23440, 7, 2022/12/23, 18:24:59.779, 2004793558490, vstest.console.dll, TestRunRequest:SendTestRunMessage: Completed.
TpTrace Verbose: 0 : 23440, 7, 2022/12/23, 18:24:59.779, 2004793559231, vstest.console.dll, MulticastDelegateUtilities.SafeInvoke: LengthPrefixCommunicationChannel: MessageReceived: Invoking callback 1/1 for Microsoft.VisualStudio.TestPlatform.CommunicationUtilities.TestRequestSender+<>c__DisplayClass30_0.<StartTestRun>b__1, took 0 ms.
TpTrace Verbose: 0 : 23440, 7, 2022/12/23, 18:24:59.779, 2004793559475, vstest.console.dll, TcpClientExtensions.MessageLoopAsync: Polling on remoteEndPoint: 127.0.0.1:63803 localEndPoint: 127.0.0.1:63802
TpTrace Verbose: 0 : 23440, 7, 2022/12/23, 18:24:59.824, 2004794008226, vstest.console.dll, TcpClientExtensions.MessageLoopAsync: NotifyDataAvailable remoteEndPoint: 127.0.0.1:63803 localEndPoint: 127.0.0.1:63802
TpTrace Verbose: 0 : 23440, 7, 2022/12/23, 18:24:59.824, 2004794010125, vstest.console.dll, TestRequestSender.OnExecutionMessageReceived: Received message: {"Version":5,"MessageType":"TestExecution.StatsChange","Payload":{"NewTestResults":[{"TestCase":{"Id":"2d7ea565-1cc7-ae0a-fd18-9de755928f83","FullyQualifiedName":"Features.Tests.TesteNaoPassandoMotivoEspecifico.Teste_NaoEstaPassando_VersaoNovaNaoCompativel","DisplayName":"Novo Cliente 2.0","ExecutorUri":"executor://xunit/VsTestRunner2/netcoreapp","Source":"F:\\Projetos ASP.NET\\Curso Testes\\TestesDeSoftware\\Features.Tests\\bin\\Release\\net6.0\\fine-code-coverage\\build-output\\Features.Tests.dll","CodeFilePath":null,"LineNumber":0,"Properties":[{"Key":{"Id":"TestObject.Traits","Label":"Traits","Category":"","Description":"","Attributes":5,"ValueType":"System.Collections.Generic.KeyValuePair`2[[System.String],[System.String]][]"},"Value":[{"Key":"Categoria","Value":"Escapando dos Testes"}]}]},"Attachments":[],"Outcome":3,"ErrorMessage":null,"ErrorStackTrace":null,"DisplayName":"Novo Cliente 2.0","Messages":[{"Category":"StdOutMsgs","Text":"Este teste não é compativel com a Nova versão 2.0"}],"ComputerName":"DESKTOP-I8JNLH9","Duration":"00:00:00.0010000","StartTime":"2022-12-23T21:24:59.7795513+00:00","EndTime":"2022-12-23T21:24:59.7795743+00:00","Properties":[]},{"TestCase":{"Id":"8baa0b5a-77ab-a376-fee2-b974a47a7213","FullyQualifiedName":"Features.Tests.OrdemTestes.Teste03","DisplayName":"Teste 03","ExecutorUri":"executor://xunit/VsTestRunner2/netcoreapp","Source":"F:\\Projetos ASP.NET\\Curso Testes\\TestesDeSoftware\\Features.Tests\\bin\\Release\\net6.0\\fine-code-coverage\\build-output\\Features.Tests.dll","CodeFilePath":null,"LineNumber":0,"Properties":[{"Key":{"Id":"TestObject.Traits","Label":"Traits","Category":"","Description":"","Attributes":5,"ValueType":"System.Collections.Generic.KeyValuePair`2[[System.String],[System.String]][]"},"Value":[{"Key":"Categoria","Value":"Ordenacao Testes"}]}]},"Attachments":[],"Outcome":1,"ErrorMessage":null,"ErrorStackTrace":null,"DisplayName":"Teste 03","Messages":[],"ComputerName":"DESKTOP-I8JNLH9","Duration":"00:00:00.0015684","StartTime":"2022-12-23T21:24:59.7979938+00:00","EndTime":"2022-12-23T21:24:59.7979939+00:00","Properties":[]},{"TestCase":{"Id":"fe8897c3-21e9-9c9c-da13-66fbccffb342","FullyQualifiedName":"Features.Tests.OrdemTestes.Teste01","DisplayName":"Teste 01","ExecutorUri":"executor://xunit/VsTestRunner2/netcoreapp","Source":"F:\\Projetos ASP.NET\\Curso Testes\\TestesDeSoftware\\Features.Tests\\bin\\Release\\net6.0\\fine-code-coverage\\build-output\\Features.Tests.dll","CodeFilePath":null,"LineNumber":0,"Properties":[{"Key":{"Id":"TestObject.Traits","Label":"Traits","Category":"","Description":"","Attributes":5,"ValueType":"System.Collections.Generic.KeyValuePair`2[[System.String],[System.String]][]"},"Value":[{"Key":"Categoria","Value":"Ordenacao Testes"}]}]},"Attachments":[],"Outcome":1,"ErrorMessage":null,"ErrorStackTrace":null,"DisplayName":"Teste 01","Messages":[],"ComputerName":"DESKTOP-I8JNLH9","Duration":"00:00:00.0001052","StartTime":"2022-12-23T21:24:59.8000624+00:00","EndTime":"2022-12-23T21:24:59.8000626+00:00","Properties":[]},{"TestCase":{"Id":"7902fe89-0948-9ee2-88ba-c3852f094c8a","FullyQualifiedName":"Features.Tests.OrdemTestes.Teste04","DisplayName":"Teste 04","ExecutorUri":"executor://xunit/VsTestRunner2/netcoreapp","Source":"F:\\Projetos ASP.NET\\Curso Testes\\TestesDeSoftware\\Features.Tests\\bin\\Release\\net6.0\\fine-code-coverage\\build-output\\Features.Tests.dll","CodeFilePath":null,"LineNumber":0,"Properties":[{"Key":{"Id":"TestObject.Traits","Label":"Traits","Category":"","Description":"","Attributes":5,"ValueType":"System.Collections.Generic.KeyValuePair`2[[System.String],[System.String]][]"},"Value":[{"Key":"Categoria","Value":"Ordenacao Testes"}]}]},"Attachments":[],"Outcome":1,"ErrorMessage":null,"ErrorStackTrace":null,"DisplayName":"Teste 04","Messages":[],"ComputerName":"DESKTOP-I8JNLH9","Duration":"00:00:00.0000361","StartTime":"2022-12-23T21:24:59.8016897+00:00","EndTime":"2022-12-23T21:24:59.8016898+00:00","Properties":[]}],"TestRunStatistics":{"ExecutedTests":4,"Stats":{"Skipped":1,"Passed":3}},"ActiveTests":[{"Id":"89733d6f-c5db-9f2a-58ad-377360492227","FullyQualifiedName":"Features.Tests.ClienteTesteInvalido.Cliente_NovoCliente_DeveEstarInvalido","DisplayName":"Novo Cliente Inválido","ExecutorUri":"executor://xunit/VsTestRunner2/netcoreapp","Source":"F:\\Projetos ASP.NET\\Curso Testes\\TestesDeSoftware\\Features.Tests\\bin\\Release\\net6.0\\fine-code-coverage\\build-output\\Features.Tests.dll","CodeFilePath":null,"LineNumber":0,"Properties":[{"Key":{"Id":"TestObject.Traits","Label":"Traits","Category":"","Description":"","Attributes":5,"ValueType":"System.Collections.Generic.KeyValuePair`2[[System.String],[System.String]][]"},"Value":[{"Key":"Categoria","Value":"Cliente Fixture Testes"}]}]},{"Id":"8aca03f0-e200-4a65-2212-a053e214df61","FullyQualifiedName":"Features.Tests.ClienteServiceAutoMockerFixtureTests.ClienteService_Adicionar_DeveFalharDevidoClienteInvalido","DisplayName":"Adicionar Cliente com Falha","ExecutorUri":"executor://xunit/VsTestRunner2/netcoreapp","Source":"F:\\Projetos ASP.NET\\Curso Testes\\TestesDeSoftware\\Features.Tests\\bin\\Release\\net6.0\\fine-code-coverage\\build-output\\Features.Tests.dll","CodeFilePath":null,"LineNumber":0,"Properties":[{"Key":{"Id":"TestObject.Traits","Label":"Traits","Category":"","Description":"","Attributes":5,"ValueType":"System.Collections.Generic.KeyValuePair`2[[System.String],[System.String]][]"},"Value":[{"Key":"Categoria","Value":"Cliente Service AutoMockFixture Tests"}]}]},{"Id":"b0f2754a-3b42-2083-3d57-c9bfa7f0520c","FullyQualifiedName":"Features.Tests.CpfValidationTests.Cpf_ValidarMultiplosNumeros_TodosDevemSerInvalidos","DisplayName":"CPF Invalidos(cpf: \"15231766607213\")","ExecutorUri":"executor://xunit/VsTestRunner2/netcoreapp","Source":"F:\\Projetos ASP.NET\\Curso Testes\\TestesDeSoftware\\Features.Tests\\bin\\Release\\net6.0\\fine-code-coverage\\build-output\\Features.Tests.dll","CodeFilePath":null,"LineNumber":0,"Properties":[{"Key":{"Id":"TestObject.Traits","Label":"Traits","Category":"","Description":"","Attributes":5,"ValueType":"System.Collections.Generic.KeyValuePair`2[[System.String],[System.String]][]"},"Value":[{"Key":"Categoria","Value":"CPF Validation Tests"}]}]},{"Id":"f55f6a9c-e1a6-7189-fc13-edeb3bddd1f8","FullyQualifiedName":"Features.Tests.ClienteBogusTests.Cliente_NovoCliente_DeveEstarValido","DisplayName":"Novo Cliente Válido","ExecutorUri":"executor://xunit/VsTestRunner2/netcoreapp","Source":"F:\\Projetos ASP.NET\\Curso Testes\\TestesDeSoftware\\Features.Tests\\bin\\Release\\net6.0\\fine-code-coverage\\build-output\\Features.Tests.dll","CodeFilePath":null,"LineNumber":0,"Properties":[{"Key":{"Id":"TestObject.Traits","Label":"Traits","Category":"","Description":"","Attributes":5,"ValueType":"System.Collections.Generic.KeyValuePair`2[[System.String],[System.String]][]"},"Value":[{"Key":"Categoria","Value":"Cliente Bogus Testes"}]}]},{"Id":"e19d25ea-f50a-eefe-6e5d-a708ed609e08","FullyQualifiedName":"Features.Tests.ClienteTests.Cliente_NovoCliente_DeveEstarValido","DisplayName":"Novo Cliente Válido","ExecutorUri":"executor://xunit/VsTestRunner2/netcoreapp","Source":"F:\\Projetos ASP.NET\\Curso Testes\\TestesDeSoftware\\Features.Tests\\bin\\Release\\net6.0\\fine-code-coverage\\build-output\\Features.Tests.dll","CodeFilePath":null,"LineNumber":0,"Properties":[{"Key":{"Id":"TestObject.Traits","Label":"Traits","Category":"","Description":"","Attributes":5,"ValueType":"System.Collections.Generic.KeyValuePair`2[[System.String],[System.String]][]"},"Value":[{"Key":"Categoria","Value":"Cliente Trait Testes"}]}]},{"Id":"77e1562e-8d8f-a2fd-4b1a-5d174e2e3ca5","FullyQualifiedName":"Features.Tests.OrdemTestes.Teste02","DisplayName":"Teste 02","ExecutorUri":"executor://xunit/VsTestRunner2/netcoreapp","Source":"F:\\Projetos ASP.NET\\Curso Testes\\TestesDeSoftware\\Features.Tests\\bin\\Release\\net6.0\\fine-code-coverage\\build-output\\Features.Tests.dll","CodeFilePath":null,"LineNumber":0,"Properties":[{"Key":{"Id":"TestObject.Traits","Label":"Traits","Category":"","Description":"","Attributes":5,"ValueType":"System.Collections.Generic.KeyValuePair`2[[System.String],[System.String]][]"},"Value":[{"Key":"Categoria","Value":"Ordenacao Testes"}]}]}]}}
TpTrace Verbose: 0 : 23440, 7, 2022/12/23, 18:24:59.870, 2004794466080, vstest.console.dll, TestRunRequest:SendTestRunStatsChange: Starting.
TpTrace Verbose: 0 : 23440, 7, 2022/12/23, 18:24:59.870, 2004794467228, vstest.console.dll, InProgress is Novo Cliente Inválido
TpTrace Verbose: 0 : 23440, 7, 2022/12/23, 18:24:59.870, 2004794467511, vstest.console.dll, InProgress is Adicionar Cliente com Falha
TpTrace Verbose: 0 : 23440, 7, 2022/12/23, 18:24:59.870, 2004794467723, vstest.console.dll, InProgress is CPF Invalidos(cpf: "15231766607213")
TpTrace Verbose: 0 : 23440, 7, 2022/12/23, 18:24:59.870, 2004794467957, vstest.console.dll, InProgress is Novo Cliente Válido
TpTrace Verbose: 0 : 23440, 7, 2022/12/23, 18:24:59.870, 2004794468125, vstest.console.dll, InProgress is Novo Cliente Válido
TpTrace Verbose: 0 : 23440, 7, 2022/12/23, 18:24:59.870, 2004794468279, vstest.console.dll, InProgress is Teste 02
TpTrace Verbose: 0 : 23440, 7, 2022/12/23, 18:24:59.870, 2004794469777, vstest.console.dll, MulticastDelegateUtilities.SafeInvoke: TestRun.RunStatsChanged: Invoking callbacks was skipped because there are no subscribers.
TpTrace Information: 0 : 23440, 7, 2022/12/23, 18:24:59.870, 2004794470244, vstest.console.dll, TestRunRequest:SendTestRunStatsChange: Completed.
TpTrace Verbose: 0 : 23440, 7, 2022/12/23, 18:24:59.870, 2004794470585, vstest.console.dll, MulticastDelegateUtilities.SafeInvoke: LengthPrefixCommunicationChannel: MessageReceived: Invoking callback 1/1 for Microsoft.VisualStudio.TestPlatform.CommunicationUtilities.TestRequestSender+<>c__DisplayClass30_0.<StartTestRun>b__1, took 46 ms.
TpTrace Verbose: 0 : 23440, 7, 2022/12/23, 18:24:59.870, 2004794470803, vstest.console.dll, TcpClientExtensions.MessageLoopAsync: Polling on remoteEndPoint: 127.0.0.1:63803 localEndPoint: 127.0.0.1:63802
TpTrace Verbose: 0 : 23440, 7, 2022/12/23, 18:24:59.870, 2004794471075, vstest.console.dll, TcpClientExtensions.MessageLoopAsync: NotifyDataAvailable remoteEndPoint: 127.0.0.1:63803 localEndPoint: 127.0.0.1:63802
TpTrace Verbose: 0 : 23440, 7, 2022/12/23, 18:24:59.870, 2004794471998, vstest.console.dll, TestRequestSender.OnExecutionMessageReceived: Received message: {"Version":5,"MessageType":"TestExecution.StatsChange","Payload":{"NewTestResults":[{"TestCase":{"Id":"77e1562e-8d8f-a2fd-4b1a-5d174e2e3ca5","FullyQualifiedName":"Features.Tests.OrdemTestes.Teste02","DisplayName":"Teste 02","ExecutorUri":"executor://xunit/VsTestRunner2/netcoreapp","Source":"F:\\Projetos ASP.NET\\Curso Testes\\TestesDeSoftware\\Features.Tests\\bin\\Release\\net6.0\\fine-code-coverage\\build-output\\Features.Tests.dll","CodeFilePath":null,"LineNumber":0,"Properties":[{"Key":{"Id":"TestObject.Traits","Label":"Traits","Category":"","Description":"","Attributes":5,"ValueType":"System.Collections.Generic.KeyValuePair`2[[System.String],[System.String]][]"},"Value":[{"Key":"Categoria","Value":"Ordenacao Testes"}]}]},"Attachments":[],"Outcome":1,"ErrorMessage":null,"ErrorStackTrace":null,"DisplayName":"Teste 02","Messages":[],"ComputerName":"DESKTOP-I8JNLH9","Duration":"00:00:00.0000312","StartTime":"2022-12-23T21:24:59.825455+00:00","EndTime":"2022-12-23T21:24:59.8254552+00:00","Properties":[]},{"TestCase":{"Id":"b0f2754a-3b42-2083-3d57-c9bfa7f0520c","FullyQualifiedName":"Features.Tests.CpfValidationTests.Cpf_ValidarMultiplosNumeros_TodosDevemSerInvalidos","DisplayName":"CPF Invalidos(cpf: \"15231766607213\")","ExecutorUri":"executor://xunit/VsTestRunner2/netcoreapp","Source":"F:\\Projetos ASP.NET\\Curso Testes\\TestesDeSoftware\\Features.Tests\\bin\\Release\\net6.0\\fine-code-coverage\\build-output\\Features.Tests.dll","CodeFilePath":null,"LineNumber":0,"Properties":[{"Key":{"Id":"TestObject.Traits","Label":"Traits","Category":"","Description":"","Attributes":5,"ValueType":"System.Collections.Generic.KeyValuePair`2[[System.String],[System.String]][]"},"Value":[{"Key":"Categoria","Value":"CPF Validation Tests"}]}]},"Attachments":[],"Outcome":1,"ErrorMessage":null,"ErrorStackTrace":null,"DisplayName":"CPF Invalidos(cpf: \"15231766607213\")","Messages":[],"ComputerName":"DESKTOP-I8JNLH9","Duration":"00:00:00.0038073","StartTime":"2022-12-23T21:24:59.8264727+00:00","EndTime":"2022-12-23T21:24:59.8264727+00:00","Properties":[]},{"TestCase":{"Id":"51763406-ccc8-8cb6-7deb-a6f95aeba95b","FullyQualifiedName":"Features.Tests.CpfValidationTests.Cpf_ValidarMultiplosNumeros_TodosDevemSerInvalidos","DisplayName":"CPF Invalidos(cpf: \"528781682082\")","ExecutorUri":"executor://xunit/VsTestRunner2/netcoreapp","Source":"F:\\Projetos ASP.NET\\Curso Testes\\TestesDeSoftware\\Features.Tests\\bin\\Release\\net6.0\\fine-code-coverage\\build-output\\Features.Tests.dll","CodeFilePath":null,"LineNumber":0,"Properties":[{"Key":{"Id":"TestObject.Traits","Label":"Traits","Category":"","Description":"","Attributes":5,"ValueType":"System.Collections.Generic.KeyValuePair`2[[System.String],[System.String]][]"},"Value":[{"Key":"Categoria","Value":"CPF Validation Tests"}]}]},"Attachments":[],"Outcome":1,"ErrorMessage":null,"ErrorStackTrace":null,"DisplayName":"CPF Invalidos(cpf: \"528781682082\")","Messages":[],"ComputerName":"DESKTOP-I8JNLH9","Duration":"00:00:00.0000086","StartTime":"2022-12-23T21:24:59.8279608+00:00","EndTime":"2022-12-23T21:24:59.827961+00:00","Properties":[]},{"TestCase":{"Id":"28ab2ec5-00a7-fe38-b512-a1992355d862","FullyQualifiedName":"Features.Tests.CpfValidationTests.Cpf_ValidarMultiplosNumeros_TodosDevemSerInvalidos","DisplayName":"CPF Invalidos(cpf: \"23775274811\")","ExecutorUri":"executor://xunit/VsTestRunner2/netcoreapp","Source":"F:\\Projetos ASP.NET\\Curso Testes\\TestesDeSoftware\\Features.Tests\\bin\\Release\\net6.0\\fine-code-coverage\\build-output\\Features.Tests.dll","CodeFilePath":null,"LineNumber":0,"Properties":[{"Key":{"Id":"TestObject.Traits","Label":"Traits","Category":"","Description":"","Attributes":5,"ValueType":"System.Collections.Generic.KeyValuePair`2[[System.String],[System.String]][]"},"Value":[{"Key":"Categoria","Value":"CPF Validation Tests"}]}]},"Attachments":[],"Outcome":1,"ErrorMessage":null,"ErrorStackTrace":null,"DisplayName":"CPF Invalidos(cpf: \"23775274811\")","Messages":[],"ComputerName":"DESKTOP-I8JNLH9","Duration":"00:00:00.0000183","StartTime":"2022-12-23T21:24:59.8292773+00:00","EndTime":"2022-12-23T21:24:59.8292774+00:00","Properties":[]},{"TestCase":{"Id":"fef5161e-6545-e146-1cf2-b5684dd0659b","FullyQualifiedName":"Features.Tests.CpfValidationTests.Cpf_ValidarMultiplosNumeros_TodosDevemSerInvalidos","DisplayName":"CPF Invalidos(cpf: \"35555868512\")","ExecutorUri":"executor://xunit/VsTestRunner2/netcoreapp","Source":"F:\\Projetos ASP.NET\\Curso Testes\\TestesDeSoftware\\Features.Tests\\bin\\Release\\net6.0\\fine-code-coverage\\build-output\\Features.Tests.dll","CodeFilePath":null,"LineNumber":0,"Properties":[{"Key":{"Id":"TestObject.Traits","Label":"Traits","Category":"","Description":"","Attributes":5,"ValueType":"System.Collections.Generic.KeyValuePair`2[[System.String],[System.String]][]"},"Value":[{"Key":"Categoria","Value":"CPF Validation Tests"}]}]},"Attachments":[],"Outcome":1,"ErrorMessage":null,"ErrorStackTrace":null,"DisplayName":"CPF Invalidos(cpf: \"35555868512\")","Messages":[],"ComputerName":"DESKTOP-I8JNLH9","Duration":"00:00:00.0000083","StartTime":"2022-12-23T21:24:59.8307453+00:00","EndTime":"2022-12-23T21:24:59.8307454+00:00","Properties":[]},{"TestCase":{"Id":"00ed880b-d209-0ad6-0ff2-3da9bc436a05","FullyQualifiedName":"Features.Tests.CpfValidationTests.Cpf_ValidarMultiplosNumeros_TodosDevemSerInvalidos","DisplayName":"CPF Invalidos(cpf: \"36014132822\")","ExecutorUri":"executor://xunit/VsTestRunner2/netcoreapp","Source":"F:\\Projetos ASP.NET\\Curso Testes\\TestesDeSoftware\\Features.Tests\\bin\\Release\\net6.0\\fine-code-coverage\\build-output\\Features.Tests.dll","CodeFilePath":null,"LineNumber":0,"Properties":[{"Key":{"Id":"TestObject.Traits","Label":"Traits","Category":"","Description":"","Attributes":5,"ValueType":"System.Collections.Generic.KeyValuePair`2[[System.String],[System.String]][]"},"Value":[{"Key":"Categoria","Value":"CPF Validation Tests"}]}]},"Attachments":[],"Outcome":1,"ErrorMessage":null,"ErrorStackTrace":null,"DisplayName":"CPF Invalidos(cpf: \"36014132822\")","Messages":[],"ComputerName":"DESKTOP-I8JNLH9","Duration":"00:00:00.0000077","StartTime":"2022-12-23T21:24:59.8322444+00:00","EndTime":"2022-12-23T21:24:59.8322445+00:00","Properties":[]},{"TestCase":{"Id":"a19f706f-7605-93a5-c026-a0b75281a293","FullyQualifiedName":"Features.Tests.CpfValidationTests.Cpf_ValidarMultiplosNumeros_TodosDevemSerInvalidos","DisplayName":"CPF Invalidos(cpf: \"72186126500\")","ExecutorUri":"executor://xunit/VsTestRunner2/netcoreapp","Source":"F:\\Projetos ASP.NET\\Curso Testes\\TestesDeSoftware\\Features.Tests\\bin\\Release\\net6.0\\fine-code-coverage\\build-output\\Features.Tests.dll","CodeFilePath":null,"LineNumber":0,"Properties":[{"Key":{"Id":"TestObject.Traits","Label":"Traits","Category":"","Description":"","Attributes":5,"ValueType":"System.Collections.Generic.KeyValuePair`2[[System.String],[System.String]][]"},"Value":[{"Key":"Categoria","Value":"CPF Validation Tests"}]}]},"Attachments":[],"Outcome":1,"ErrorMessage":null,"ErrorStackTrace":null,"DisplayName":"CPF Invalidos(cpf: \"72186126500\")","Messages":[],"ComputerName":"DESKTOP-I8JNLH9","Duration":"00:00:00.0000081","StartTime":"2022-12-23T21:24:59.8336633+00:00","EndTime":"2022-12-23T21:24:59.8336634+00:00","Properties":[]},{"TestCase":{"Id":"03cb5259-a73d-60fa-a5a4-3da77ca7dc84","FullyQualifiedName":"Features.Tests.CpfValidationTests.Cpf_ValidarMultiplosNumeros_TodosDevemSerValidos","DisplayName":"CPF Validos(cpf: \"13830803800\")","ExecutorUri":"executor://xunit/VsTestRunner2/netcoreapp","Source":"F:\\Projetos ASP.NET\\Curso Testes\\TestesDeSoftware\\Features.Tests\\bin\\Release\\net6.0\\fine-code-coverage\\build-output\\Features.Tests.dll","CodeFilePath":null,"LineNumber":0,"Properties":[{"Key":{"Id":"TestObject.Traits","Label":"Traits","Category":"","Description":"","Attributes":5,"ValueType":"System.Collections.Generic.KeyValuePair`2[[System.String],[System.String]][]"},"Value":[{"Key":"Categoria","Value":"CPF Validation Tests"}]}]},"Attachments":[],"Outcome":1,"ErrorMessage":null,"ErrorStackTrace":null,"DisplayName":"CPF Validos(cpf: \"13830803800\")","Messages":[],"ComputerName":"DESKTOP-I8JNLH9","Duration":"00:00:00.0001484","StartTime":"2022-12-23T21:24:59.839747+00:00","EndTime":"2022-12-23T21:24:59.8397472+00:00","Properties":[]},{"TestCase":{"Id":"698ff58b-76ec-7277-b1fe-b8a520da4bac","FullyQualifiedName":"Features.Tests.CpfValidationTests.Cpf_ValidarMultiplosNumeros_TodosDevemSerValidos","DisplayName":"CPF Validos(cpf: \"64184957307\")","ExecutorUri":"executor://xunit/VsTestRunner2/netcoreapp","Source":"F:\\Projetos ASP.NET\\Curso Testes\\TestesDeSoftware\\Features.Tests\\bin\\Release\\net6.0\\fine-code-coverage\\build-output\\Features.Tests.dll","CodeFilePath":null,"LineNumber":0,"Properties":[{"Key":{"Id":"TestObject.Traits","Label":"Traits","Category":"","Description":"","Attributes":5,"ValueType":"System.Collections.Generic.KeyValuePair`2[[System.String],[System.String]][]"},"Value":[{"Key":"Categoria","Value":"CPF Validation Tests"}]}]},"Attachments":[],"Outcome":1,"ErrorMessage":null,"ErrorStackTrace":null,"DisplayName":"CPF Validos(cpf: \"64184957307\")","Messages":[],"ComputerName":"DESKTOP-I8JNLH9","Duration":"00:00:00.0000117","StartTime":"2022-12-23T21:24:59.8419756+00:00","EndTime":"2022-12-23T21:24:59.8419757+00:00","Properties":[]}],"TestRunStatistics":{"ExecutedTests":13,"Stats":{"Skipped":1,"Passed":12}},"ActiveTests":[{"Id":"90ab4909-a9d3-0ff5-48f4-7d2cda37136f","FullyQualifiedName":"Features.Tests.CpfValidationTests.Cpf_ValidarMultiplosNumeros_TodosDevemSerValidos","DisplayName":"CPF Validos(cpf: \"21681764423\")","ExecutorUri":"executor://xunit/VsTestRunner2/netcoreapp","Source":"F:\\Projetos ASP.NET\\Curso Testes\\TestesDeSoftware\\Features.Tests\\bin\\Release\\net6.0\\fine-code-coverage\\build-output\\Features.Tests.dll","CodeFilePath":null,"LineNumber":0,"Properties":[{"Key":{"Id":"TestObject.Traits","Label":"Traits","Category":"","Description":"","Attributes":5,"ValueType":"System.Collections.Generic.KeyValuePair`2[[System.String],[System.String]][]"},"Value":[{"Key":"Categoria","Value":"CPF Validation Tests"}]}]}]}}
TpTrace Verbose: 0 : 23440, 7, 2022/12/23, 18:24:59.873, 2004794495395, vstest.console.dll, TestRunRequest:SendTestRunStatsChange: Starting.
TpTrace Verbose: 0 : 23440, 7, 2022/12/23, 18:24:59.873, 2004794496018, vstest.console.dll, InProgress is CPF Validos(cpf: "21681764423")
TpTrace Verbose: 0 : 23440, 7, 2022/12/23, 18:24:59.873, 2004794497215, vstest.console.dll, MulticastDelegateUtilities.SafeInvoke: TestRun.RunStatsChanged: Invoking callbacks was skipped because there are no subscribers.
TpTrace Information: 0 : 23440, 7, 2022/12/23, 18:24:59.873, 2004794497509, vstest.console.dll, TestRunRequest:SendTestRunStatsChange: Completed.
TpTrace Verbose: 0 : 23440, 7, 2022/12/23, 18:24:59.873, 2004794497771, vstest.console.dll, MulticastDelegateUtilities.SafeInvoke: LengthPrefixCommunicationChannel: MessageReceived: Invoking callback 1/1 for Microsoft.VisualStudio.TestPlatform.CommunicationUtilities.TestRequestSender+<>c__DisplayClass30_0.<StartTestRun>b__1, took 2 ms.
TpTrace Verbose: 0 : 23440, 7, 2022/12/23, 18:24:59.873, 2004794498045, vstest.console.dll, TcpClientExtensions.MessageLoopAsync: Polling on remoteEndPoint: 127.0.0.1:63803 localEndPoint: 127.0.0.1:63802
TpTrace Verbose: 0 : 23440, 7, 2022/12/23, 18:24:59.873, 2004794498341, vstest.console.dll, TcpClientExtensions.MessageLoopAsync: NotifyDataAvailable remoteEndPoint: 127.0.0.1:63803 localEndPoint: 127.0.0.1:63802
TpTrace Verbose: 0 : 23440, 7, 2022/12/23, 18:24:59.873, 2004794500302, vstest.console.dll, TestRequestSender.OnExecutionMessageReceived: Received message: {"Version":5,"MessageType":"TestExecution.StatsChange","Payload":{"NewTestResults":[{"TestCase":{"Id":"90ab4909-a9d3-0ff5-48f4-7d2cda37136f","FullyQualifiedName":"Features.Tests.CpfValidationTests.Cpf_ValidarMultiplosNumeros_TodosDevemSerValidos","DisplayName":"CPF Validos(cpf: \"21681764423\")","ExecutorUri":"executor://xunit/VsTestRunner2/netcoreapp","Source":"F:\\Projetos ASP.NET\\Curso Testes\\TestesDeSoftware\\Features.Tests\\bin\\Release\\net6.0\\fine-code-coverage\\build-output\\Features.Tests.dll","CodeFilePath":null,"LineNumber":0,"Properties":[{"Key":{"Id":"TestObject.Traits","Label":"Traits","Category":"","Description":"","Attributes":5,"ValueType":"System.Collections.Generic.KeyValuePair`2[[System.String],[System.String]][]"},"Value":[{"Key":"Categoria","Value":"CPF Validation Tests"}]}]},"Attachments":[],"Outcome":1,"ErrorMessage":null,"ErrorStackTrace":null,"DisplayName":"CPF Validos(cpf: \"21681764423\")","Messages":[],"ComputerName":"DESKTOP-I8JNLH9","Duration":"00:00:00.0000085","StartTime":"2022-12-23T21:24:59.847999+00:00","EndTime":"2022-12-23T21:24:59.8479992+00:00","Properties":[]},{"TestCase":{"Id":"74c964d7-4325-9df2-05ae-d3ffdda655af","FullyQualifiedName":"Features.Tests.CpfValidationTests.Cpf_ValidarMultiplosNumeros_TodosDevemSerValidos","DisplayName":"CPF Validos(cpf: \"15231766607\")","ExecutorUri":"executor://xunit/VsTestRunner2/netcoreapp","Source":"F:\\Projetos ASP.NET\\Curso Testes\\TestesDeSoftware\\Features.Tests\\bin\\Release\\net6.0\\fine-code-coverage\\build-output\\Features.Tests.dll","CodeFilePath":null,"LineNumber":0,"Properties":[{"Key":{"Id":"TestObject.Traits","Label":"Traits","Category":"","Description":"","Attributes":5,"ValueType":"System.Collections.Generic.KeyValuePair`2[[System.String],[System.String]][]"},"Value":[{"Key":"Categoria","Value":"CPF Validation Tests"}]}]},"Attachments":[],"Outcome":1,"ErrorMessage":null,"ErrorStackTrace":null,"DisplayName":"CPF Validos(cpf: \"15231766607\")","Messages":[],"ComputerName":"DESKTOP-I8JNLH9","Duration":"00:00:00.0000066","StartTime":"2022-12-23T21:24:59.8497305+00:00","EndTime":"2022-12-23T21:24:59.8497306+00:00","Properties":[]},{"TestCase":{"Id":"5e7a8d41-30c9-1abf-cf25-f77f3bd75a2e","FullyQualifiedName":"Features.Tests.CpfValidationTests.Cpf_ValidarMultiplosNumeros_TodosDevemSerValidos","DisplayName":"CPF Validos(cpf: \"78246847333\")","ExecutorUri":"executor://xunit/VsTestRunner2/netcoreapp","Source":"F:\\Projetos ASP.NET\\Curso Testes\\TestesDeSoftware\\Features.Tests\\bin\\Release\\net6.0\\fine-code-coverage\\build-output\\Features.Tests.dll","CodeFilePath":null,"LineNumber":0,"Properties":[{"Key":{"Id":"TestObject.Traits","Label":"Traits","Category":"","Description":"","Attributes":5,"ValueType":"System.Collections.Generic.KeyValuePair`2[[System.String],[System.String]][]"},"Value":[{"Key":"Categoria","Value":"CPF Validation Tests"}]}]},"Attachments":[],"Outcome":1,"ErrorMessage":null,"ErrorStackTrace":null,"DisplayName":"CPF Validos(cpf: \"78246847333\")","Messages":[],"ComputerName":"DESKTOP-I8JNLH9","Duration":"00:00:00.0000067","StartTime":"2022-12-23T21:24:59.8512066+00:00","EndTime":"2022-12-23T21:24:59.8512067+00:00","Properties":[]},{"TestCase":{"Id":"e19d25ea-f50a-eefe-6e5d-a708ed609e08","FullyQualifiedName":"Features.Tests.ClienteTests.Cliente_NovoCliente_DeveEstarValido","DisplayName":"Novo Cliente Válido","ExecutorUri":"executor://xunit/VsTestRunner2/netcoreapp","Source":"F:\\Projetos ASP.NET\\Curso Testes\\TestesDeSoftware\\Features.Tests\\bin\\Release\\net6.0\\fine-code-coverage\\build-output\\Features.Tests.dll","CodeFilePath":null,"LineNumber":0,"Properties":[{"Key":{"Id":"TestObject.Traits","Label":"Traits","Category":"","Description":"","Attributes":5,"ValueType":"System.Collections.Generic.KeyValuePair`2[[System.String],[System.String]][]"},"Value":[{"Key":"Categoria","Value":"Cliente Trait Testes"}]}]},"Attachments":[],"Outcome":1,"ErrorMessage":null,"ErrorStackTrace":null,"DisplayName":"Novo Cliente Válido","Messages":[],"ComputerName":"DESKTOP-I8JNLH9","Duration":"00:00:00.0385639","StartTime":"2022-12-23T21:24:59.8520369+00:00","EndTime":"2022-12-23T21:24:59.8520369+00:00","Properties":[]},{"TestCase":{"Id":"89733d6f-c5db-9f2a-58ad-377360492227","FullyQualifiedName":"Features.Tests.ClienteTesteInvalido.Cliente_NovoCliente_DeveEstarInvalido","DisplayName":"Novo Cliente Inválido","ExecutorUri":"executor://xunit/VsTestRunner2/netcoreapp","Source":"F:\\Projetos ASP.NET\\Curso Testes\\TestesDeSoftware\\Features.Tests\\bin\\Release\\net6.0\\fine-code-coverage\\build-output\\Features.Tests.dll","CodeFilePath":null,"LineNumber":0,"Properties":[{"Key":{"Id":"TestObject.Traits","Label":"Traits","Category":"","Description":"","Attributes":5,"ValueType":"System.Collections.Generic.KeyValuePair`2[[System.String],[System.String]][]"},"Value":[{"Key":"Categoria","Value":"Cliente Fixture Testes"}]}]},"Attachments":[],"Outcome":1,"ErrorMessage":null,"ErrorStackTrace":null,"DisplayName":"Novo Cliente Inválido","Messages":[],"ComputerName":"DESKTOP-I8JNLH9","Duration":"00:00:00.0409158","StartTime":"2022-12-23T21:24:59.853817+00:00","EndTime":"2022-12-23T21:24:59.8538171+00:00","Properties":[]},{"TestCase":{"Id":"f6a55296-1fd1-6537-200a-3577bcfc6c38","FullyQualifiedName":"Features.Tests.ClienteTests.Cliente_NovoCliente_DeveEstarInvalido","DisplayName":"Novo Cliente Inválido","ExecutorUri":"executor://xunit/VsTestRunner2/netcoreapp","Source":"F:\\Projetos ASP.NET\\Curso Testes\\TestesDeSoftware\\Features.Tests\\bin\\Release\\net6.0\\fine-code-coverage\\build-output\\Features.Tests.dll","CodeFilePath":null,"LineNumber":0,"Properties":[{"Key":{"Id":"TestObject.Traits","Label":"Traits","Category":"","Description":"","Attributes":5,"ValueType":"System.Collections.Generic.KeyValuePair`2[[System.String],[System.String]][]"},"Value":[{"Key":"Categoria","Value":"Cliente Trait Testes"}]}]},"Attachments":[],"Outcome":1,"ErrorMessage":null,"ErrorStackTrace":null,"DisplayName":"Novo Cliente Inválido","Messages":[],"ComputerName":"DESKTOP-I8JNLH9","Duration":"00:00:00.0023598","StartTime":"2022-12-23T21:24:59.863836+00:00","EndTime":"2022-12-23T21:24:59.863836+00:00","Properties":[]},{"TestCase":{"Id":"2616a635-b101-6c27-1144-ec446fba1461","FullyQualifiedName":"Features.Tests.ClienteTesteValido.Cliente_NovoCliente_DeveEstarValido","DisplayName":"Novo Cliente Válido","ExecutorUri":"executor://xunit/VsTestRunner2/netcoreapp","Source":"F:\\Projetos ASP.NET\\Curso Testes\\TestesDeSoftware\\Features.Tests\\bin\\Release\\net6.0\\fine-code-coverage\\build-output\\Features.Tests.dll","CodeFilePath":null,"LineNumber":0,"Properties":[{"Key":{"Id":"TestObject.Traits","Label":"Traits","Category":"","Description":"","Attributes":5,"ValueType":"System.Collections.Generic.KeyValuePair`2[[System.String],[System.String]][]"},"Value":[{"Key":"Categoria","Value":"Cliente Fixture Testes"}]}]},"Attachments":[],"Outcome":1,"ErrorMessage":null,"ErrorStackTrace":null,"DisplayName":"Novo Cliente Válido","Messages":[],"ComputerName":"DESKTOP-I8JNLH9","Duration":"00:00:00.0004173","StartTime":"2022-12-23T21:24:59.8656596+00:00","EndTime":"2022-12-23T21:24:59.8656597+00:00","Properties":[]},{"TestCase":{"Id":"f55f6a9c-e1a6-7189-fc13-edeb3bddd1f8","FullyQualifiedName":"Features.Tests.ClienteBogusTests.Cliente_NovoCliente_DeveEstarValido","DisplayName":"Novo Cliente Válido","ExecutorUri":"executor://xunit/VsTestRunner2/netcoreapp","Source":"F:\\Projetos ASP.NET\\Curso Testes\\TestesDeSoftware\\Features.Tests\\bin\\Release\\net6.0\\fine-code-coverage\\build-output\\Features.Tests.dll","CodeFilePath":null,"LineNumber":0,"Properties":[{"Key":{"Id":"TestObject.Traits","Label":"Traits","Category":"","Description":"","Attributes":5,"ValueType":"System.Collections.Generic.KeyValuePair`2[[System.String],[System.String]][]"},"Value":[{"Key":"Categoria","Value":"Cliente Bogus Testes"}]}]},"Attachments":[],"Outcome":1,"ErrorMessage":null,"ErrorStackTrace":null,"DisplayName":"Novo Cliente Válido","Messages":[],"ComputerName":"DESKTOP-I8JNLH9","Duration":"00:00:00.0531734","StartTime":"2022-12-23T21:24:59.8665886+00:00","EndTime":"2022-12-23T21:24:59.8665887+00:00","Properties":[]},{"TestCase":{"Id":"3e006f34-26d7-f9c8-f255-c75680aa88f0","FullyQualifiedName":"Features.Tests.ClienteBogusTests.Cliente_NovoCliente_DeveEstarInvalido","DisplayName":"Novo Cliente Inválido","ExecutorUri":"executor://xunit/VsTestRunner2/netcoreapp","Source":"F:\\Projetos ASP.NET\\Curso Testes\\TestesDeSoftware\\Features.Tests\\bin\\Release\\net6.0\\fine-code-coverage\\build-output\\Features.Tests.dll","CodeFilePath":null,"LineNumber":0,"Properties":[{"Key":{"Id":"TestObject.Traits","Label":"Traits","Category":"","Description":"","Attributes":5,"ValueType":"System.Collections.Generic.KeyValuePair`2[[System.String],[System.String]][]"},"Value":[{"Key":"Categoria","Value":"Cliente Bogus Testes"}]}]},"Attachments":[],"Outcome":1,"ErrorMessage":null,"ErrorStackTrace":null,"DisplayName":"Novo Cliente Inválido","Messages":[],"ComputerName":"DESKTOP-I8JNLH9","Duration":"00:00:00.0045175","StartTime":"2022-12-23T21:24:59.8683445+00:00","EndTime":"2022-12-23T21:24:59.8683447+00:00","Properties":[]}],"TestRunStatistics":{"ExecutedTests":22,"Stats":{"Skipped":1,"Passed":21}},"ActiveTests":[{"Id":"0d8661dc-4aab-5aff-48ea-d09b65e56dd3","FullyQualifiedName":"Features.Tests.ClienteServiceTests.ClienteService_Adicionar_DeveFalharDevidoClienteInvalido","DisplayName":"Adicionar Cliente com Falha","ExecutorUri":"executor://xunit/VsTestRunner2/netcoreapp","Source":"F:\\Projetos ASP.NET\\Curso Testes\\TestesDeSoftware\\Features.Tests\\bin\\Release\\net6.0\\fine-code-coverage\\build-output\\Features.Tests.dll","CodeFilePath":null,"LineNumber":0,"Properties":[{"Key":{"Id":"TestObject.Traits","Label":"Traits","Category":"","Description":"","Attributes":5,"ValueType":"System.Collections.Generic.KeyValuePair`2[[System.String],[System.String]][]"},"Value":[{"Key":"Categoria","Value":"Cliente Service Mock Tests"}]}]}]}}
TpTrace Verbose: 0 : 23440, 4, 2022/12/23, 18:24:59.873, 2004794500760, vstest.console.dll, MulticastDelegateUtilities.SafeInvoke: InternalTestLoggerEvents.SendTestResult: Invoking callback 1/1 for Microsoft.VisualStudio.TestPlatform.CommandLine.Internal.ConsoleLogger.TestResultHandler, took 3 ms.
TpTrace Verbose: 0 : 23440, 4, 2022/12/23, 18:24:59.873, 2004794502240, vstest.console.dll, MulticastDelegateUtilities.SafeInvoke: InternalTestLoggerEvents.SendTestResult: Invoking callback 1/1 for Microsoft.VisualStudio.TestPlatform.CommandLine.Internal.ConsoleLogger.TestResultHandler, took 0 ms.
TpTrace Verbose: 0 : 23440, 4, 2022/12/23, 18:24:59.873, 2004794502637, vstest.console.dll, MulticastDelegateUtilities.SafeInvoke: InternalTestLoggerEvents.SendTestResult: Invoking callback 1/1 for Microsoft.VisualStudio.TestPlatform.CommandLine.Internal.ConsoleLogger.TestResultHandler, took 0 ms.
TpTrace Verbose: 0 : 23440, 4, 2022/12/23, 18:24:59.873, 2004794502970, vstest.console.dll, MulticastDelegateUtilities.SafeInvoke: InternalTestLoggerEvents.SendTestResult: Invoking callback 1/1 for Microsoft.VisualStudio.TestPlatform.CommandLine.Internal.ConsoleLogger.TestResultHandler, took 0 ms.
TpTrace Verbose: 0 : 23440, 4, 2022/12/23, 18:24:59.873, 2004794503330, vstest.console.dll, MulticastDelegateUtilities.SafeInvoke: InternalTestLoggerEvents.SendTestResult: Invoking callback 1/1 for Microsoft.VisualStudio.TestPlatform.CommandLine.Internal.ConsoleLogger.TestResultHandler, took 0 ms.
TpTrace Verbose: 0 : 23440, 4, 2022/12/23, 18:24:59.874, 2004794503646, vstest.console.dll, MulticastDelegateUtilities.SafeInvoke: InternalTestLoggerEvents.SendTestResult: Invoking callback 1/1 for Microsoft.VisualStudio.TestPlatform.CommandLine.Internal.ConsoleLogger.TestResultHandler, took 0 ms.
TpTrace Verbose: 0 : 23440, 4, 2022/12/23, 18:24:59.874, 2004794503947, vstest.console.dll, MulticastDelegateUtilities.SafeInvoke: InternalTestLoggerEvents.SendTestResult: Invoking callback 1/1 for Microsoft.VisualStudio.TestPlatform.CommandLine.Internal.ConsoleLogger.TestResultHandler, took 0 ms.
TpTrace Verbose: 0 : 23440, 4, 2022/12/23, 18:24:59.874, 2004794504229, vstest.console.dll, MulticastDelegateUtilities.SafeInvoke: InternalTestLoggerEvents.SendTestResult: Invoking callback 1/1 for Microsoft.VisualStudio.TestPlatform.CommandLine.Internal.ConsoleLogger.TestResultHandler, took 0 ms.
TpTrace Verbose: 0 : 23440, 4, 2022/12/23, 18:24:59.874, 2004794504510, vstest.console.dll, MulticastDelegateUtilities.SafeInvoke: InternalTestLoggerEvents.SendTestResult: Invoking callback 1/1 for Microsoft.VisualStudio.TestPlatform.CommandLine.Internal.ConsoleLogger.TestResultHandler, took 0 ms.
TpTrace Verbose: 0 : 23440, 4, 2022/12/23, 18:24:59.874, 2004794504813, vstest.console.dll, MulticastDelegateUtilities.SafeInvoke: InternalTestLoggerEvents.SendTestResult: Invoking callback 1/1 for Microsoft.VisualStudio.TestPlatform.CommandLine.Internal.ConsoleLogger.TestResultHandler, took 0 ms.
TpTrace Verbose: 0 : 23440, 4, 2022/12/23, 18:24:59.874, 2004794505783, vstest.console.dll, MulticastDelegateUtilities.SafeInvoke: InternalTestLoggerEvents.SendTestResult: Invoking callback 1/1 for Microsoft.VisualStudio.TestPlatform.CommandLine.Internal.ConsoleLogger.TestResultHandler, took 0 ms.
TpTrace Verbose: 0 : 23440, 4, 2022/12/23, 18:24:59.876, 2004794524912, vstest.console.dll, MulticastDelegateUtilities.SafeInvoke: InternalTestLoggerEvents.SendTestResult: Invoking callback 1/1 for Microsoft.VisualStudio.TestPlatform.CommandLine.Internal.ConsoleLogger.TestResultHandler, took 1 ms.
TpTrace Verbose: 0 : 23440, 4, 2022/12/23, 18:24:59.876, 2004794525846, vstest.console.dll, MulticastDelegateUtilities.SafeInvoke: InternalTestLoggerEvents.SendTestResult: Invoking callback 1/1 for Microsoft.VisualStudio.TestPlatform.CommandLine.Internal.ConsoleLogger.TestResultHandler, took 0 ms.
TpTrace Verbose: 0 : 23440, 7, 2022/12/23, 18:24:59.876, 2004794527752, vstest.console.dll, TestRunRequest:SendTestRunStatsChange: Starting.
TpTrace Verbose: 0 : 23440, 7, 2022/12/23, 18:24:59.876, 2004794528207, vstest.console.dll, InProgress is Adicionar Cliente com Falha
TpTrace Verbose: 0 : 23440, 7, 2022/12/23, 18:24:59.876, 2004794528642, vstest.console.dll, MulticastDelegateUtilities.SafeInvoke: TestRun.RunStatsChanged: Invoking callbacks was skipped because there are no subscribers.
TpTrace Verbose: 0 : 23440, 4, 2022/12/23, 18:24:59.876, 2004794529166, vstest.console.dll, MulticastDelegateUtilities.SafeInvoke: InternalTestLoggerEvents.SendTestResult: Invoking callback 1/1 for Microsoft.VisualStudio.TestPlatform.CommandLine.Internal.ConsoleLogger.TestResultHandler, took 0 ms.
TpTrace Verbose: 0 : 23440, 4, 2022/12/23, 18:24:59.876, 2004794529771, vstest.console.dll, MulticastDelegateUtilities.SafeInvoke: InternalTestLoggerEvents.SendTestResult: Invoking callback 1/1 for Microsoft.VisualStudio.TestPlatform.CommandLine.Internal.ConsoleLogger.TestResultHandler, took 0 ms.
TpTrace Information: 0 : 23440, 7, 2022/12/23, 18:24:59.876, 2004794530130, vstest.console.dll, TestRunRequest:SendTestRunStatsChange: Completed.
TpTrace Verbose: 0 : 23440, 4, 2022/12/23, 18:24:59.876, 2004794530356, vstest.console.dll, MulticastDelegateUtilities.SafeInvoke: InternalTestLoggerEvents.SendTestResult: Invoking callback 1/1 for Microsoft.VisualStudio.TestPlatform.CommandLine.Internal.ConsoleLogger.TestResultHandler, took 0 ms.
TpTrace Verbose: 0 : 23440, 4, 2022/12/23, 18:24:59.876, 2004794530834, vstest.console.dll, MulticastDelegateUtilities.SafeInvoke: InternalTestLoggerEvents.SendTestResult: Invoking callback 1/1 for Microsoft.VisualStudio.TestPlatform.CommandLine.Internal.ConsoleLogger.TestResultHandler, took 0 ms.
TpTrace Verbose: 0 : 23440, 4, 2022/12/23, 18:24:59.876, 2004794531151, vstest.console.dll, MulticastDelegateUtilities.SafeInvoke: InternalTestLoggerEvents.SendTestResult: Invoking callback 1/1 for Microsoft.VisualStudio.TestPlatform.CommandLine.Internal.ConsoleLogger.TestResultHandler, took 0 ms.
TpTrace Verbose: 0 : 23440, 7, 2022/12/23, 18:24:59.876, 2004794531150, vstest.console.dll, MulticastDelegateUtilities.SafeInvoke: LengthPrefixCommunicationChannel: MessageReceived: Invoking callback 1/1 for Microsoft.VisualStudio.TestPlatform.CommunicationUtilities.TestRequestSender+<>c__DisplayClass30_0.<StartTestRun>b__1, took 3 ms.
TpTrace Verbose: 0 : 23440, 4, 2022/12/23, 18:24:59.876, 2004794531481, vstest.console.dll, MulticastDelegateUtilities.SafeInvoke: InternalTestLoggerEvents.SendTestResult: Invoking callback 1/1 for Microsoft.VisualStudio.TestPlatform.CommandLine.Internal.ConsoleLogger.TestResultHandler, took 0 ms.
TpTrace Verbose: 0 : 23440, 7, 2022/12/23, 18:24:59.876, 2004794531779, vstest.console.dll, TcpClientExtensions.MessageLoopAsync: Polling on remoteEndPoint: 127.0.0.1:63803 localEndPoint: 127.0.0.1:63802
TpTrace Verbose: 0 : 23440, 4, 2022/12/23, 18:24:59.876, 2004794532152, vstest.console.dll, MulticastDelegateUtilities.SafeInvoke: InternalTestLoggerEvents.SendTestResult: Invoking callback 1/1 for Microsoft.VisualStudio.TestPlatform.CommandLine.Internal.ConsoleLogger.TestResultHandler, took 0 ms.
TpTrace Verbose: 0 : 23440, 4, 2022/12/23, 18:24:59.876, 2004794532501, vstest.console.dll, MulticastDelegateUtilities.SafeInvoke: InternalTestLoggerEvents.SendTestResult: Invoking callback 1/1 for Microsoft.VisualStudio.TestPlatform.CommandLine.Internal.ConsoleLogger.TestResultHandler, took 0 ms.
TpTrace Verbose: 0 : 23440, 4, 2022/12/23, 18:24:59.876, 2004794532798, vstest.console.dll, MulticastDelegateUtilities.SafeInvoke: InternalTestLoggerEvents.SendTestResult: Invoking callback 1/1 for Microsoft.VisualStudio.TestPlatform.CommandLine.Internal.ConsoleLogger.TestResultHandler, took 0 ms.
TpTrace Verbose: 0 : 23440, 7, 2022/12/23, 18:24:59.886, 2004794629754, vstest.console.dll, TcpClientExtensions.MessageLoopAsync: NotifyDataAvailable remoteEndPoint: 127.0.0.1:63803 localEndPoint: 127.0.0.1:63802
TpTrace Verbose: 0 : 23440, 7, 2022/12/23, 18:24:59.886, 2004794631146, vstest.console.dll, TestRequestSender.OnExecutionMessageReceived: Received message: {"Version":5,"MessageType":"TestExecution.StatsChange","Payload":{"NewTestResults":[{"TestCase":{"Id":"0d8661dc-4aab-5aff-48ea-d09b65e56dd3","FullyQualifiedName":"Features.Tests.ClienteServiceTests.ClienteService_Adicionar_DeveFalharDevidoClienteInvalido","DisplayName":"Adicionar Cliente com Falha","ExecutorUri":"executor://xunit/VsTestRunner2/netcoreapp","Source":"F:\\Projetos ASP.NET\\Curso Testes\\TestesDeSoftware\\Features.Tests\\bin\\Release\\net6.0\\fine-code-coverage\\build-output\\Features.Tests.dll","CodeFilePath":null,"LineNumber":0,"Properties":[{"Key":{"Id":"TestObject.Traits","Label":"Traits","Category":"","Description":"","Attributes":5,"ValueType":"System.Collections.Generic.KeyValuePair`2[[System.String],[System.String]][]"},"Value":[{"Key":"Categoria","Value":"Cliente Service Mock Tests"}]}]},"Attachments":[],"Outcome":1,"ErrorMessage":null,"ErrorStackTrace":null,"DisplayName":"Adicionar Cliente com Falha","Messages":[],"ComputerName":"DESKTOP-I8JNLH9","Duration":"00:00:00.0309244","StartTime":"2022-12-23T21:24:59.8707097+00:00","EndTime":"2022-12-23T21:24:59.87071+00:00","Properties":[]},{"TestCase":{"Id":"8aca03f0-e200-4a65-2212-a053e214df61","FullyQualifiedName":"Features.Tests.ClienteServiceAutoMockerFixtureTests.ClienteService_Adicionar_DeveFalharDevidoClienteInvalido","DisplayName":"Adicionar Cliente com Falha","ExecutorUri":"executor://xunit/VsTestRunner2/netcoreapp","Source":"F:\\Projetos ASP.NET\\Curso Testes\\TestesDeSoftware\\Features.Tests\\bin\\Release\\net6.0\\fine-code-coverage\\build-output\\Features.Tests.dll","CodeFilePath":null,"LineNumber":0,"Properties":[{"Key":{"Id":"TestObject.Traits","Label":"Traits","Category":"","Description":"","Attributes":5,"ValueType":"System.Collections.Generic.KeyValuePair`2[[System.String],[System.String]][]"},"Value":[{"Key":"Categoria","Value":"Cliente Service AutoMockFixture Tests"}]}]},"Attachments":[],"Outcome":1,"ErrorMessage":null,"ErrorStackTrace":null,"DisplayName":"Adicionar Cliente com Falha","Messages":[],"ComputerName":"DESKTOP-I8JNLH9","Duration":"00:00:00.0916825","StartTime":"2022-12-23T21:24:59.8715903+00:00","EndTime":"2022-12-23T21:24:59.8715903+00:00","Properties":[]},{"TestCase":{"Id":"d26a0894-a94b-c48c-0ee6-a7aed558b970","FullyQualifiedName":"Features.Tests.ClienteServiceAutoMockerFixtureTests.ClienteService_Adicionar_DeveExecutarComSucesso","DisplayName":"Adicionar Cliente com Sucesso","ExecutorUri":"executor://xunit/VsTestRunner2/netcoreapp","Source":"F:\\Projetos ASP.NET\\Curso Testes\\TestesDeSoftware\\Features.Tests\\bin\\Release\\net6.0\\fine-code-coverage\\build-output\\Features.Tests.dll","CodeFilePath":null,"LineNumber":0,"Properties":[{"Key":{"Id":"TestObject.Traits","Label":"Traits","Category":"","Description":"","Attributes":5,"ValueType":"System.Collections.Generic.KeyValuePair`2[[System.String],[System.String]][]"},"Value":[{"Key":"Categoria","Value":"Cliente Service AutoMockFixture Tests"}]}]},"Attachments":[],"Outcome":1,"ErrorMessage":null,"ErrorStackTrace":null,"DisplayName":"Adicionar Cliente com Sucesso","Messages":[],"ComputerName":"DESKTOP-I8JNLH9","Duration":"00:00:00.0171797","StartTime":"2022-12-23T21:24:59.8761381+00:00","EndTime":"2022-12-23T21:24:59.8761383+00:00","Properties":[]},{"TestCase":{"Id":"edc2c6c6-5baf-e371-5965-1c37ad193b56","FullyQualifiedName":"Features.Tests.ClienteServiceTests.ClienteService_Adicionar_DeveExecutarComSucesso","DisplayName":"Adicionar Cliente com Sucesso","ExecutorUri":"executor://xunit/VsTestRunner2/netcoreapp","Source":"F:\\Projetos ASP.NET\\Curso Testes\\TestesDeSoftware\\Features.Tests\\bin\\Release\\net6.0\\fine-code-coverage\\build-output\\Features.Tests.dll","CodeFilePath":null,"LineNumber":0,"Properties":[{"Key":{"Id":"TestObject.Traits","Label":"Traits","Category":"","Description":"","Attributes":5,"ValueType":"System.Collections.Generic.KeyValuePair`2[[System.String],[System.String]][]"},"Value":[{"Key":"Categoria","Value":"Cliente Service Mock Tests"}]}]},"Attachments":[],"Outcome":1,"ErrorMessage":null,"ErrorStackTrace":null,"DisplayName":"Adicionar Cliente com Sucesso","Messages":[],"ComputerName":"DESKTOP-I8JNLH9","Duration":"00:00:00.0171796","StartTime":"2022-12-23T21:24:59.8769685+00:00","EndTime":"2022-12-23T21:24:59.8769685+00:00","Properties":[]},{"TestCase":{"Id":"f5b0083f-35dd-00c1-f19f-f683277825b9","FullyQualifiedName":"Features.Tests.ClienteServiceTests.ClienteService_ObterTodosAtivos_DeveRetornarApenasClientesAtivos","DisplayName":"Obter Clientes Ativos","ExecutorUri":"executor://xunit/VsTestRunner2/netcoreapp","Source":"F:\\Projetos ASP.NET\\Curso Testes\\TestesDeSoftware\\Features.Tests\\bin\\Release\\net6.0\\fine-code-coverage\\build-output\\Features.Tests.dll","CodeFilePath":null,"LineNumber":0,"Properties":[{"Key":{"Id":"TestObject.Traits","Label":"Traits","Category":"","Description":"","Attributes":5,"ValueType":"System.Collections.Generic.KeyValuePair`2[[System.String],[System.String]][]"},"Value":[{"Key":"Categoria","Value":"Cliente Service Mock Tests"}]}]},"Attachments":[],"Outcome":1,"ErrorMessage":null,"ErrorStackTrace":null,"DisplayName":"Obter Clientes Ativos","Messages":[],"ComputerName":"DESKTOP-I8JNLH9","Duration":"00:00:00.0205402","StartTime":"2022-12-23T21:24:59.8791346+00:00","EndTime":"2022-12-23T21:24:59.8791347+00:00","Properties":[]},{"TestCase":{"Id":"ada978e0-5a50-7bcf-daa3-7080a75f8447","FullyQualifiedName":"Features.Tests.ClienteServiceAutoMockerFixtureTests.ClienteService_ObterTodosAtivos_DeveRetornarApenasClientesAtivos","DisplayName":"Obter Clientes Ativos","ExecutorUri":"executor://xunit/VsTestRunner2/netcoreapp","Source":"F:\\Projetos ASP.NET\\Curso Testes\\TestesDeSoftware\\Features.Tests\\bin\\Release\\net6.0\\fine-code-coverage\\build-output\\Features.Tests.dll","CodeFilePath":null,"LineNumber":0,"Properties":[{"Key":{"Id":"TestObject.Traits","Label":"Traits","Category":"","Description":"","Attributes":5,"ValueType":"System.Collections.Generic.KeyValuePair`2[[System.String],[System.String]][]"},"Value":[{"Key":"Categoria","Value":"Cliente Service AutoMockFixture Tests"}]}]},"Attachments":[],"Outcome":1,"ErrorMessage":null,"ErrorStackTrace":null,"DisplayName":"Obter Clientes Ativos","Messages":[],"ComputerName":"DESKTOP-I8JNLH9","Duration":"00:00:00.0206384","StartTime":"2022-12-23T21:24:59.8799093+00:00","EndTime":"2022-12-23T21:24:59.8799093+00:00","Properties":[]},{"TestCase":{"Id":"1a1f8db5-d417-89b0-8505-b029306173c5","FullyQualifiedName":"Features.Tests.ClienteFluentAssertionsTests.Cliente_NovoCliente_DeveEstarInvalido","DisplayName":"Novo Cliente Inválido","ExecutorUri":"executor://xunit/VsTestRunner2/netcoreapp","Source":"F:\\Projetos ASP.NET\\Curso Testes\\TestesDeSoftware\\Features.Tests\\bin\\Release\\net6.0\\fine-code-coverage\\build-output\\Features.Tests.dll","CodeFilePath":null,"LineNumber":0,"Properties":[{"Key":{"Id":"TestObject.Traits","Label":"Traits","Category":"","Description":"","Attributes":5,"ValueType":"System.Collections.Generic.KeyValuePair`2[[System.String],[System.String]][]"},"Value":[{"Key":"Categoria","Value":"Cliente Fluent Assertion Testes"}]}]},"Attachments":[],"Outcome":1,"ErrorMessage":null,"ErrorStackTrace":null,"DisplayName":"Novo Cliente Inválido","Messages":[{"Category":"StdOutMsgs","Text":"Foram encontrados 3 erros nesta validação\r\n"}],"ComputerName":"DESKTOP-I8JNLH9","Duration":"00:00:00.0102942","StartTime":"2022-12-23T21:24:59.8835473+00:00","EndTime":"2022-12-23T21:24:59.8835475+00:00","Properties":[]},{"TestCase":{"Id":"9415aca5-7dd4-d7bb-3cbd-958b0a899bf2","FullyQualifiedName":"Features.Tests.ClienteServiceAutoMockerTests.ClienteService_ObterTodosAtivos_DeveRetornarApenasClientesAtivos","DisplayName":"Obter Clientes Ativos","ExecutorUri":"executor://xunit/VsTestRunner2/netcoreapp","Source":"F:\\Projetos ASP.NET\\Curso Testes\\TestesDeSoftware\\Features.Tests\\bin\\Release\\net6.0\\fine-code-coverage\\build-output\\Features.Tests.dll","CodeFilePath":null,"LineNumber":0,"Properties":[{"Key":{"Id":"TestObject.Traits","Label":"Traits","Category":"","Description":"","Attributes":5,"ValueType":"System.Collections.Generic.KeyValuePair`2[[System.String],[System.String]][]"},"Value":[{"Key":"Categoria","Value":"Cliente Service AutoMock Tests"}]}]},"Attachments":[],"Outcome":1,"ErrorMessage":null,"ErrorStackTrace":null,"DisplayName":"Obter Clientes Ativos","Messages":[],"ComputerName":"DESKTOP-I8JNLH9","Duration":"00:00:00.0120945","StartTime":"2022-12-23T21:24:59.8850632+00:00","EndTime":"2022-12-23T21:24:59.8850633+00:00","Properties":[]}],"TestRunStatistics":{"ExecutedTests":30,"Stats":{"Skipped":1,"Passed":29}},"ActiveTests":[{"Id":"a34bda76-9551-cd18-6c3f-f642a53ad366","FullyQualifiedName":"Features.Tests.ClienteFluentAssertionsTests.Cliente_NovoCliente_DeveEstarValido","DisplayName":"Novo Cliente Válido","ExecutorUri":"executor://xunit/VsTestRunner2/netcoreapp","Source":"F:\\Projetos ASP.NET\\Curso Testes\\TestesDeSoftware\\Features.Tests\\bin\\Release\\net6.0\\fine-code-coverage\\build-output\\Features.Tests.dll","CodeFilePath":null,"LineNumber":0,"Properties":[{"Key":{"Id":"TestObject.Traits","Label":"Traits","Category":"","Description":"","Attributes":5,"ValueType":"System.Collections.Generic.KeyValuePair`2[[System.String],[System.String]][]"},"Value":[{"Key":"Categoria","Value":"Cliente Fluent Assertion Testes"}]}]},{"Id":"585d9d84-444c-cbac-cb88-09b8bf1482c2","FullyQualifiedName":"Features.Tests.ClienteServiceAutoMockerTests.ClienteService_Adicionar_DeveExecutarComSucesso","DisplayName":"Adicionar Cliente com Sucesso","ExecutorUri":"executor://xunit/VsTestRunner2/netcoreapp","Source":"F:\\Projetos ASP.NET\\Curso Testes\\TestesDeSoftware\\Features.Tests\\bin\\Release\\net6.0\\fine-code-coverage\\build-output\\Features.Tests.dll","CodeFilePath":null,"LineNumber":0,"Properties":[{"Key":{"Id":"TestObject.Traits","Label":"Traits","Category":"","Description":"","Attributes":5,"ValueType":"System.Collections.Generic.KeyValuePair`2[[System.String],[System.String]][]"},"Value":[{"Key":"Categoria","Value":"Cliente Service AutoMock Tests"}]}]}]}}
TpTrace Verbose: 0 : 23440, 7, 2022/12/23, 18:24:59.889, 2004794655171, vstest.console.dll, TestRunRequest:SendTestRunStatsChange: Starting.
TpTrace Verbose: 0 : 23440, 7, 2022/12/23, 18:24:59.889, 2004794655791, vstest.console.dll, InProgress is Novo Cliente Válido
TpTrace Verbose: 0 : 23440, 7, 2022/12/23, 18:24:59.889, 2004794655995, vstest.console.dll, InProgress is Adicionar Cliente com Sucesso
TpTrace Verbose: 0 : 23440, 7, 2022/12/23, 18:24:59.889, 2004794656325, vstest.console.dll, MulticastDelegateUtilities.SafeInvoke: TestRun.RunStatsChanged: Invoking callbacks was skipped because there are no subscribers.
TpTrace Information: 0 : 23440, 7, 2022/12/23, 18:24:59.889, 2004794656513, vstest.console.dll, TestRunRequest:SendTestRunStatsChange: Completed.
TpTrace Verbose: 0 : 23440, 7, 2022/12/23, 18:24:59.889, 2004794656886, vstest.console.dll, MulticastDelegateUtilities.SafeInvoke: LengthPrefixCommunicationChannel: MessageReceived: Invoking callback 1/1 for Microsoft.VisualStudio.TestPlatform.CommunicationUtilities.TestRequestSender+<>c__DisplayClass30_0.<StartTestRun>b__1, took 2 ms.
TpTrace Verbose: 0 : 23440, 4, 2022/12/23, 18:24:59.889, 2004794657045, vstest.console.dll, MulticastDelegateUtilities.SafeInvoke: InternalTestLoggerEvents.SendTestResult: Invoking callback 1/1 for Microsoft.VisualStudio.TestPlatform.CommandLine.Internal.ConsoleLogger.TestResultHandler, took 0 ms.
TpTrace Verbose: 0 : 23440, 7, 2022/12/23, 18:24:59.889, 2004794657118, vstest.console.dll, TcpClientExtensions.MessageLoopAsync: Polling on remoteEndPoint: 127.0.0.1:63803 localEndPoint: 127.0.0.1:63802
TpTrace Verbose: 0 : 23440, 4, 2022/12/23, 18:24:59.889, 2004794657585, vstest.console.dll, MulticastDelegateUtilities.SafeInvoke: InternalTestLoggerEvents.SendTestResult: Invoking callback 1/1 for Microsoft.VisualStudio.TestPlatform.CommandLine.Internal.ConsoleLogger.TestResultHandler, took 0 ms.
TpTrace Verbose: 0 : 23440, 4, 2022/12/23, 18:24:59.889, 2004794658007, vstest.console.dll, MulticastDelegateUtilities.SafeInvoke: InternalTestLoggerEvents.SendTestResult: Invoking callback 1/1 for Microsoft.VisualStudio.TestPlatform.CommandLine.Internal.ConsoleLogger.TestResultHandler, took 0 ms.
TpTrace Verbose: 0 : 23440, 4, 2022/12/23, 18:24:59.889, 2004794658384, vstest.console.dll, MulticastDelegateUtilities.SafeInvoke: InternalTestLoggerEvents.SendTestResult: Invoking callback 1/1 for Microsoft.VisualStudio.TestPlatform.CommandLine.Internal.ConsoleLogger.TestResultHandler, took 0 ms.
TpTrace Verbose: 0 : 23440, 4, 2022/12/23, 18:24:59.889, 2004794658687, vstest.console.dll, MulticastDelegateUtilities.SafeInvoke: InternalTestLoggerEvents.SendTestResult: Invoking callback 1/1 for Microsoft.VisualStudio.TestPlatform.CommandLine.Internal.ConsoleLogger.TestResultHandler, took 0 ms.
TpTrace Verbose: 0 : 23440, 4, 2022/12/23, 18:24:59.889, 2004794658992, vstest.console.dll, MulticastDelegateUtilities.SafeInvoke: InternalTestLoggerEvents.SendTestResult: Invoking callback 1/1 for Microsoft.VisualStudio.TestPlatform.CommandLine.Internal.ConsoleLogger.TestResultHandler, took 0 ms.
TpTrace Verbose: 0 : 23440, 4, 2022/12/23, 18:24:59.889, 2004794659314, vstest.console.dll, MulticastDelegateUtilities.SafeInvoke: InternalTestLoggerEvents.SendTestResult: Invoking callback 1/1 for Microsoft.VisualStudio.TestPlatform.CommandLine.Internal.ConsoleLogger.TestResultHandler, took 0 ms.
TpTrace Verbose: 0 : 23440, 4, 2022/12/23, 18:24:59.889, 2004794659998, vstest.console.dll, MulticastDelegateUtilities.SafeInvoke: InternalTestLoggerEvents.SendTestResult: Invoking callback 1/1 for Microsoft.VisualStudio.TestPlatform.CommandLine.Internal.ConsoleLogger.TestResultHandler, took 0 ms.
TpTrace Verbose: 0 : 23440, 7, 2022/12/23, 18:24:59.907, 2004794835623, vstest.console.dll, TcpClientExtensions.MessageLoopAsync: NotifyDataAvailable remoteEndPoint: 127.0.0.1:63803 localEndPoint: 127.0.0.1:63802
TpTrace Verbose: 0 : 23440, 7, 2022/12/23, 18:24:59.907, 2004794836652, vstest.console.dll, TestRequestSender.OnExecutionMessageReceived: Received message: {"Version":5,"MessageType":"TestSession.Message","Payload":{"MessageLevel":0,"Message":"[xUnit.net 00:00:00.57]   Finished:    Features.Tests"}}
TpTrace Verbose: 0 : 23440, 7, 2022/12/23, 18:24:59.907, 2004794838013, vstest.console.dll, TestRunRequest:SendTestRunMessage: Starting.
TpTrace Verbose: 0 : 23440, 7, 2022/12/23, 18:24:59.907, 2004794838603, vstest.console.dll, MulticastDelegateUtilities.SafeInvoke: TestRun.LogMessages: Invoking callback 1/1 for Microsoft.VisualStudio.TestPlatform.CommandLine.TestRunResultAggregator.TestRunMessageHandler, took 0 ms.
TpTrace Information: 0 : 23440, 7, 2022/12/23, 18:24:59.907, 2004794838847, vstest.console.dll, TestRunRequest:SendTestRunMessage: Completed.
TpTrace Verbose: 0 : 23440, 4, 2022/12/23, 18:24:59.907, 2004794838830, vstest.console.dll, MulticastDelegateUtilities.SafeInvoke: InternalTestLoggerEvents.SendTestRunMessage: Invoking callback 1/1 for Microsoft.VisualStudio.TestPlatform.CommandLine.Internal.ConsoleLogger.TestMessageHandler, took 0 ms.
TpTrace Verbose: 0 : 23440, 7, 2022/12/23, 18:24:59.907, 2004794839077, vstest.console.dll, MulticastDelegateUtilities.SafeInvoke: LengthPrefixCommunicationChannel: MessageReceived: Invoking callback 1/1 for Microsoft.VisualStudio.TestPlatform.CommunicationUtilities.TestRequestSender+<>c__DisplayClass30_0.<StartTestRun>b__1, took 0 ms.
TpTrace Verbose: 0 : 23440, 7, 2022/12/23, 18:24:59.907, 2004794839763, vstest.console.dll, TcpClientExtensions.MessageLoopAsync: Polling on remoteEndPoint: 127.0.0.1:63803 localEndPoint: 127.0.0.1:63802
TpTrace Verbose: 0 : 23440, 7, 2022/12/23, 18:24:59.916, 2004794929512, vstest.console.dll, TcpClientExtensions.MessageLoopAsync: NotifyDataAvailable remoteEndPoint: 127.0.0.1:63803 localEndPoint: 127.0.0.1:63802
TpTrace Verbose: 0 : 23440, 7, 2022/12/23, 18:24:59.916, 2004794930936, vstest.console.dll, TestRequestSender.OnExecutionMessageReceived: Received message: {"Version":5,"MessageType":"TestExecution.Completed","Payload":{"TestRunCompleteArgs":{"TestRunStatistics":{"ExecutedTests":36,"Stats":{"Skipped":1,"Passed":35}},"IsCanceled":false,"IsAborted":false,"Error":null,"AttachmentSets":[],"ElapsedTimeInRunningTests":"00:00:00.5805179","Metrics":{}},"LastRunTests":{"NewTestResults":[{"TestCase":{"Id":"a34bda76-9551-cd18-6c3f-f642a53ad366","FullyQualifiedName":"Features.Tests.ClienteFluentAssertionsTests.Cliente_NovoCliente_DeveEstarValido","DisplayName":"Novo Cliente Válido","ExecutorUri":"executor://xunit/VsTestRunner2/netcoreapp","Source":"F:\\Projetos ASP.NET\\Curso Testes\\TestesDeSoftware\\Features.Tests\\bin\\Release\\net6.0\\fine-code-coverage\\build-output\\Features.Tests.dll","CodeFilePath":null,"LineNumber":0,"Properties":[{"Key":{"Id":"TestObject.Traits","Label":"Traits","Category":"","Description":"","Attributes":5,"ValueType":"System.Collections.Generic.KeyValuePair`2[[System.String],[System.String]][]"},"Value":[{"Key":"Categoria","Value":"Cliente Fluent Assertion Testes"}]}]},"Attachments":[],"Outcome":1,"ErrorMessage":null,"ErrorStackTrace":null,"DisplayName":"Novo Cliente Válido","Messages":[{"Category":"StdOutMsgs","Text":"Foram encontrados 0 erros nesta validação\r\n"}],"ComputerName":"DESKTOP-I8JNLH9","Duration":"00:00:00.0057405","StartTime":"2022-12-23T21:24:59.8873098+00:00","EndTime":"2022-12-23T21:24:59.8873099+00:00","Properties":[]},{"TestCase":{"Id":"585d9d84-444c-cbac-cb88-09b8bf1482c2","FullyQualifiedName":"Features.Tests.ClienteServiceAutoMockerTests.ClienteService_Adicionar_DeveExecutarComSucesso","DisplayName":"Adicionar Cliente com Sucesso","ExecutorUri":"executor://xunit/VsTestRunner2/netcoreapp","Source":"F:\\Projetos ASP.NET\\Curso Testes\\TestesDeSoftware\\Features.Tests\\bin\\Release\\net6.0\\fine-code-coverage\\build-output\\Features.Tests.dll","CodeFilePath":null,"LineNumber":0,"Properties":[{"Key":{"Id":"TestObject.Traits","Label":"Traits","Category":"","Description":"","Attributes":5,"ValueType":"System.Collections.Generic.KeyValuePair`2[[System.String],[System.String]][]"},"Value":[{"Key":"Categoria","Value":"Cliente Service AutoMock Tests"}]}]},"Attachments":[],"Outcome":1,"ErrorMessage":null,"ErrorStackTrace":null,"DisplayName":"Adicionar Cliente com Sucesso","Messages":[],"ComputerName":"DESKTOP-I8JNLH9","Duration":"00:00:00.0063578","StartTime":"2022-12-23T21:24:59.8889374+00:00","EndTime":"2022-12-23T21:24:59.8889375+00:00","Properties":[]},{"TestCase":{"Id":"609a7a9b-1538-cfe7-c47d-77a55abdaadf","FullyQualifiedName":"Features.Tests.ClienteServiceFluentAssertionTests.ClienteService_Adicionar_DeveExecutarComSucesso","DisplayName":"Adicionar Cliente com Sucesso","ExecutorUri":"executor://xunit/VsTestRunner2/netcoreapp","Source":"F:\\Projetos ASP.NET\\Curso Testes\\TestesDeSoftware\\Features.Tests\\bin\\Release\\net6.0\\fine-code-coverage\\build-output\\Features.Tests.dll","CodeFilePath":null,"LineNumber":0,"Properties":[{"Key":{"Id":"TestObject.Traits","Label":"Traits","Category":"","Description":"","Attributes":5,"ValueType":"System.Collections.Generic.KeyValuePair`2[[System.String],[System.String]][]"},"Value":[{"Key":"Categoria","Value":"Cliente Service Fluent Assertion Tests"}]}]},"Attachments":[],"Outcome":1,"ErrorMessage":null,"ErrorStackTrace":null,"DisplayName":"Adicionar Cliente com Sucesso","Messages":[],"ComputerName":"DESKTOP-I8JNLH9","Duration":"00:00:00.0067238","StartTime":"2022-12-23T21:24:59.8928345+00:00","EndTime":"2022-12-23T21:24:59.8928346+00:00","Properties":[]},{"TestCase":{"Id":"05fa09b1-0d8b-306b-29e2-b77b2ebe3135","FullyQualifiedName":"Features.Tests.ClienteServiceAutoMockerTests.ClienteService_Adicionar_DeveFalharDevidoClienteInvalido","DisplayName":"Adicionar Cliente com Falha","ExecutorUri":"executor://xunit/VsTestRunner2/netcoreapp","Source":"F:\\Projetos ASP.NET\\Curso Testes\\TestesDeSoftware\\Features.Tests\\bin\\Release\\net6.0\\fine-code-coverage\\build-output\\Features.Tests.dll","CodeFilePath":null,"LineNumber":0,"Properties":[{"Key":{"Id":"TestObject.Traits","Label":"Traits","Category":"","Description":"","Attributes":5,"ValueType":"System.Collections.Generic.KeyValuePair`2[[System.String],[System.String]][]"},"Value":[{"Key":"Categoria","Value":"Cliente Service AutoMock Tests"}]}]},"Attachments":[],"Outcome":1,"ErrorMessage":null,"ErrorStackTrace":null,"DisplayName":"Adicionar Cliente com Falha","Messages":[],"ComputerName":"DESKTOP-I8JNLH9","Duration":"00:00:00.0066129","StartTime":"2022-12-23T21:24:59.8942553+00:00","EndTime":"2022-12-23T21:24:59.8942554+00:00","Properties":[]},{"TestCase":{"Id":"c36d3e58-f12a-5004-b424-df76a0863221","FullyQualifiedName":"Features.Tests.ClienteServiceFluentAssertionTests.ClienteService_Adicionar_DeveFalharDevidoClienteInvalido","DisplayName":"Adicionar Cliente com Falha","ExecutorUri":"executor://xunit/VsTestRunner2/netcoreapp","Source":"F:\\Projetos ASP.NET\\Curso Testes\\TestesDeSoftware\\Features.Tests\\bin\\Release\\net6.0\\fine-code-coverage\\build-output\\Features.Tests.dll","CodeFilePath":null,"LineNumber":0,"Properties":[{"Key":{"Id":"TestObject.Traits","Label":"Traits","Category":"","Description":"","Attributes":5,"ValueType":"System.Collections.Generic.KeyValuePair`2[[System.String],[System.String]][]"},"Value":[{"Key":"Categoria","Value":"Cliente Service Fluent Assertion Tests"}]}]},"Attachments":[],"Outcome":1,"ErrorMessage":null,"ErrorStackTrace":null,"DisplayName":"Adicionar Cliente com Falha","Messages":[],"ComputerName":"DESKTOP-I8JNLH9","Duration":"00:00:00.0039122","StartTime":"2022-12-23T21:24:59.8962342+00:00","EndTime":"2022-12-23T21:24:59.8962343+00:00","Properties":[]},{"TestCase":{"Id":"8d386030-4574-552e-bb56-a27d1aa67954","FullyQualifiedName":"Features.Tests.ClienteServiceFluentAssertionTests.ClienteService_ObterTodosAtivos_DeveRetornarApenasClientesAtivos","DisplayName":"Obter Clientes Ativos","ExecutorUri":"executor://xunit/VsTestRunner2/netcoreapp","Source":"F:\\Projetos ASP.NET\\Curso Testes\\TestesDeSoftware\\Features.Tests\\bin\\Release\\net6.0\\fine-code-coverage\\build-output\\Features.Tests.dll","CodeFilePath":null,"LineNumber":0,"Properties":[{"Key":{"Id":"TestObject.Traits","Label":"Traits","Category":"","Description":"","Attributes":5,"ValueType":"System.Collections.Generic.KeyValuePair`2[[System.String],[System.String]][]"},"Value":[{"Key":"Categoria","Value":"Cliente Service Fluent Assertion Tests"}]}]},"Attachments":[],"Outcome":1,"ErrorMessage":null,"ErrorStackTrace":null,"DisplayName":"Obter Clientes Ativos","Messages":[],"ComputerName":"DESKTOP-I8JNLH9","Duration":"00:00:00.0090883","StartTime":"2022-12-23T21:24:59.9053857+00:00","EndTime":"2022-12-23T21:24:59.9053858+00:00","Properties":[]}],"TestRunStatistics":{"ExecutedTests":36,"Stats":{"Skipped":1,"Passed":35}},"ActiveTests":[]},"RunAttachments":[],"ExecutorUris":["executor://xunit/VsTestRunner2/netcoreapp"]}}
TpTrace Verbose: 0 : 23440, 7, 2022/12/23, 18:24:59.917, 2004794934799, vstest.console.dll, TestRequestSender.EndSession: Sending end session.
TpTrace Verbose: 0 : 23440, 7, 2022/12/23, 18:24:59.917, 2004794935718, vstest.console.dll, ProxyOperationManager.Close: waiting for test host to exit for 100 ms
TpTrace Warning: 0 : 23440, 11, 2022/12/23, 18:24:59.933, 2004795100232, vstest.console.dll, TestHostManagerCallbacks.ErrorReceivedCallback Test host standard error line: 
TpTrace Verbose: 0 : 23440, 11, 2022/12/23, 18:24:59.942, 2004795186437, vstest.console.dll, TestHostProvider.ExitCallBack: Host exited starting callback.
TpTrace Information: 0 : 23440, 11, 2022/12/23, 18:24:59.942, 2004795187742, vstest.console.dll, TestHostManagerCallbacks.ExitCallBack: Testhost processId: 13848 exited with exitcode: 0 error: ''
TpTrace Verbose: 0 : 23440, 11, 2022/12/23, 18:24:59.942, 2004795188094, vstest.console.dll, DotnetTestHostManager.OnHostExited: invoking OnHostExited callback
TpTrace Verbose: 0 : 23440, 11, 2022/12/23, 18:24:59.942, 2004795188559, vstest.console.dll, CrossPlatEngine.TestHostManagerHostExited: calling on client process exit callback.
TpTrace Information: 0 : 23440, 11, 2022/12/23, 18:24:59.942, 2004795188940, vstest.console.dll, TestRequestSender.OnClientProcessExit: Test host process exited. Standard error: 
TpTrace Information: 0 : 23440, 11, 2022/12/23, 18:24:59.942, 2004795189274, vstest.console.dll, SocketServer.Stop: Stop server endPoint: 127.0.0.1:63802
TpTrace Information: 0 : 23440, 11, 2022/12/23, 18:24:59.942, 2004795189459, vstest.console.dll, SocketServer.Stop: Cancellation requested. Stopping message loop.
TpTrace Information: 0 : 23440, 7, 2022/12/23, 18:24:59.942, 2004795189447, vstest.console.dll, SocketServer.Stop: Stop server endPoint: 127.0.0.1:63802
TpTrace Information: 0 : 23440, 7, 2022/12/23, 18:24:59.942, 2004795190076, vstest.console.dll, SocketServer.Stop: Cancellation requested. Stopping message loop.
TpTrace Verbose: 0 : 23440, 11, 2022/12/23, 18:24:59.942, 2004795190153, vstest.console.dll, MulticastDelegateUtilities.SafeInvoke: HostProviderEvents.OnHostExited: Invoking callback 1/1 for Microsoft.VisualStudio.TestPlatform.CrossPlatEngine.Client.ProxyOperationManager.TestHostManagerHostExited, took 0 ms.
TpTrace Information: 0 : 23440, 7, 2022/12/23, 18:24:59.942, 2004795190396, vstest.console.dll, Closing the connection
TpTrace Verbose: 0 : 23440, 7, 2022/12/23, 18:24:59.943, 2004795194202, vstest.console.dll, ProxyDataCollectionManager.InvokeDataCollectionServiceAction: Starting.
TpTrace Information: 0 : 23440, 7, 2022/12/23, 18:24:59.943, 2004795194599, vstest.console.dll, ProxyDataCollectionManager.AfterTestRunEnd: Get attachment set and invoked data collectors processId: 18676 port: 63799
TpTrace Verbose: 0 : 23440, 7, 2022/12/23, 18:24:59.943, 2004795194956, vstest.console.dll, DataCollectionRequestSender.SendAfterTestRunStartAndGetResult: Send AfterTestRunEnd message with isCancelled: False
TpTrace Verbose: 0 : 23440, 7, 2022/12/23, 18:24:59.948, 2004795245885, vstest.console.dll, DataCollectionRequestSender.SendAfterTestRunStartAndGetResult: Received message: (DataCollection.AfterTestRunEndResult) -> {
  "AttachmentSets": [],
  "InvokedDataCollectors": [
    {
      "Uri": "datacollector://Microsoft/TestPlatform/Extensions/Blame/v1",
      "FriendlyName": "Blame",
      "AssemblyQualifiedName": "Microsoft.TestPlatform.Extensions.BlameDataCollector.BlameCollector, Microsoft.TestPlatform.Extensions.BlameDataCollector, Version=15.0.0.0, Culture=neutral, PublicKeyToken=b03f5f7f11d50a3a",
      "FilePath": "C:\\Program Files\\dotnet\\sdk\\7.0.100-preview.3.22179.4\\Extensions\\Microsoft.TestPlatform.Extensions.BlameDataCollector.dll",
      "HasAttachmentProcessor": false
    }
  ],
  "Metrics": {}
}
TpTrace Warning: 0 : 23440, 10, 2022/12/23, 18:24:59.950, 2004795271104, vstest.console.dll, DataCollectionLauncher.ErrorReceivedCallback datacollector standard error line: 
TpTrace Information: 0 : 23440, 7, 2022/12/23, 18:24:59.952, 2004795288454, vstest.console.dll, ProxyDataCollectionManager.InvokeDataCollectionServiceAction: Completed.
TpTrace Information: 0 : 23440, 11, 2022/12/23, 18:24:59.954, 2004795306403, vstest.console.dll, DataCollectionLauncher.ExitCallBack: Data collector exited with exitcode: 0 error: ''
TpTrace Verbose: 0 : 23440, 7, 2022/12/23, 18:24:59.982, 2004795593434, vstest.console.dll, TestRunRequest:SendTestRunStatsChange: Starting.
TpTrace Verbose: 0 : 23440, 7, 2022/12/23, 18:24:59.983, 2004795594369, vstest.console.dll, MulticastDelegateUtilities.SafeInvoke: TestRun.RunStatsChanged: Invoking callbacks was skipped because there are no subscribers.
TpTrace Information: 0 : 23440, 7, 2022/12/23, 18:24:59.983, 2004795594599, vstest.console.dll, TestRunRequest:SendTestRunStatsChange: Completed.
TpTrace Verbose: 0 : 23440, 4, 2022/12/23, 18:24:59.983, 2004795594849, vstest.console.dll, MulticastDelegateUtilities.SafeInvoke: InternalTestLoggerEvents.SendTestResult: Invoking callback 1/1 for Microsoft.VisualStudio.TestPlatform.CommandLine.Internal.ConsoleLogger.TestResultHandler, took 0 ms.
TpTrace Verbose: 0 : 23440, 4, 2022/12/23, 18:24:59.983, 2004795595386, vstest.console.dll, MulticastDelegateUtilities.SafeInvoke: InternalTestLoggerEvents.SendTestResult: Invoking callback 1/1 for Microsoft.VisualStudio.TestPlatform.CommandLine.Internal.ConsoleLogger.TestResultHandler, took 0 ms.
TpTrace Verbose: 0 : 23440, 4, 2022/12/23, 18:24:59.983, 2004795595716, vstest.console.dll, MulticastDelegateUtilities.SafeInvoke: InternalTestLoggerEvents.SendTestResult: Invoking callback 1/1 for Microsoft.VisualStudio.TestPlatform.CommandLine.Internal.ConsoleLogger.TestResultHandler, took 0 ms.
TpTrace Verbose: 0 : 23440, 7, 2022/12/23, 18:24:59.983, 2004795595816, vstest.console.dll, ParallelProxyExecutionManager: HandlePartialRunComplete: Total completed clients = 1, Run complete = True, Run canceled: False.
TpTrace Verbose: 0 : 23440, 4, 2022/12/23, 18:24:59.983, 2004795596289, vstest.console.dll, MulticastDelegateUtilities.SafeInvoke: InternalTestLoggerEvents.SendTestResult: Invoking callback 1/1 for Microsoft.VisualStudio.TestPlatform.CommandLine.Internal.ConsoleLogger.TestResultHandler, took 0 ms.
TpTrace Verbose: 0 : 23440, 4, 2022/12/23, 18:24:59.983, 2004795596614, vstest.console.dll, MulticastDelegateUtilities.SafeInvoke: InternalTestLoggerEvents.SendTestResult: Invoking callback 1/1 for Microsoft.VisualStudio.TestPlatform.CommandLine.Internal.ConsoleLogger.TestResultHandler, took 0 ms.
TpTrace Verbose: 0 : 23440, 4, 2022/12/23, 18:24:59.983, 2004795596949, vstest.console.dll, MulticastDelegateUtilities.SafeInvoke: InternalTestLoggerEvents.SendTestResult: Invoking callback 1/1 for Microsoft.VisualStudio.TestPlatform.CommandLine.Internal.ConsoleLogger.TestResultHandler, took 0 ms.
TpTrace Verbose: 0 : 23440, 4, 2022/12/23, 18:24:59.990, 2004795670158, vstest.console.dll, MulticastDelegateUtilities.SafeInvoke: InternalTestLoggerEvents.SendTestRunComplete: Invoking callback 1/2 for Microsoft.TestPlatform.Extensions.BlameDataCollector.BlameLogger.TestRunCompleteHandler, took 0 ms.
TpTrace Verbose: 0 : 23440, 4, 2022/12/23, 18:24:59.994, 2004795711275, vstest.console.dll, MulticastDelegateUtilities.SafeInvoke: InternalTestLoggerEvents.SendTestRunComplete: Invoking callback 2/2 for Microsoft.VisualStudio.TestPlatform.CommandLine.Internal.ConsoleLogger.TestRunCompleteHandler, took 4 ms.
TpTrace Verbose: 0 : 23440, 7, 2022/12/23, 18:24:59.994, 2004795713406, vstest.console.dll, TestRunRequest:TestRunComplete: Starting. IsAborted:False IsCanceled:False.
TpTrace Verbose: 0 : 23440, 7, 2022/12/23, 18:24:59.995, 2004795714425, vstest.console.dll, TestLoggerManager.HandleTestRunComplete: Ignoring as the object is disposed.
TpTrace Verbose: 0 : 23440, 7, 2022/12/23, 18:24:59.995, 2004795715795, vstest.console.dll, MulticastDelegateUtilities.SafeInvoke: TestRun.TestRunComplete: Invoking callback 1/2 for Microsoft.VisualStudio.TestPlatform.CommandLine.TestRunResultAggregator.TestRunCompletionHandler, took 0 ms.
TpTrace Verbose: 0 : 23440, 7, 2022/12/23, 18:24:59.995, 2004795716699, vstest.console.dll, MulticastDelegateUtilities.SafeInvoke: TestRun.TestRunComplete: Invoking callback 2/2 for Microsoft.VisualStudio.TestPlatform.CommandLine.Processors.RunTestsArgumentExecutor+TestRunRequestEventsRegistrar.TestRunRequest_OnRunCompletion, took 0 ms.
TpTrace Information: 0 : 23440, 7, 2022/12/23, 18:24:59.995, 2004795717303, vstest.console.dll, TestRunRequest:TestRunComplete: Completed.
TpTrace Verbose: 0 : 23440, 1, 2022/12/23, 18:24:59.995, 2004795717478, vstest.console.dll, TestRunRequest.Dispose: Starting.
TpTrace Verbose: 0 : 23440, 7, 2022/12/23, 18:24:59.995, 2004795717580, vstest.console.dll, TestRequestSender.SetOperationComplete: Setting operation complete.
TpTrace Information: 0 : 23440, 1, 2022/12/23, 18:24:59.995, 2004795718094, vstest.console.dll, TestRunRequest.Dispose: Completed.
TpTrace Information: 0 : 23440, 1, 2022/12/23, 18:24:59.995, 2004795718775, vstest.console.dll, TestRequestManager.RunTests: run tests completed.
TpTrace Information: 0 : 23440, 7, 2022/12/23, 18:24:59.995, 2004795718443, vstest.console.dll, SocketServer.Stop: Stop server endPoint: 127.0.0.1:63802
TpTrace Information: 0 : 23440, 7, 2022/12/23, 18:24:59.995, 2004795719294, vstest.console.dll, SocketServer.Stop: Cancellation requested. Stopping message loop.
TpTrace Verbose: 0 : 23440, 7, 2022/12/23, 18:24:59.995, 2004795719560, vstest.console.dll, MulticastDelegateUtilities.SafeInvoke: LengthPrefixCommunicationChannel: MessageReceived: Invoking callback 1/1 for Microsoft.VisualStudio.TestPlatform.CommunicationUtilities.TestRequestSender+<>c__DisplayClass30_0.<StartTestRun>b__1, took 78 ms.
TpTrace Information: 0 : 23440, 1, 2022/12/23, 18:24:59.995, 2004795719660, vstest.console.dll, RunTestsArgumentProcessor:Execute: Test run is completed.
TpTrace Information: 0 : 23440, 7, 2022/12/23, 18:24:59.995, 2004795719833, vstest.console.dll, SocketServer.PrivateStop: Stopping server endPoint: 127.0.0.1:63802 error: 
TpTrace Verbose: 0 : 23440, 1, 2022/12/23, 18:24:59.995, 2004795721010, vstest.console.dll, Executor.Execute: Exiting with exit code of 0
TpTrace Verbose: 0 : 23440, 7, 2022/12/23, 18:24:59.995, 2004795722940, vstest.console.dll, LengthPrefixCommunicationChannel.Dispose: Dispose reader and writer.
TpTrace Information: 0 : 23440, 7, 2022/12/23, 18:24:59.995, 2004795723449, vstest.console.dll, SocketServer.Stop: Raise disconnected event endPoint: 127.0.0.1:63802 error: 
TpTrace Verbose: 0 : 23440, 7, 2022/12/23, 18:24:59.996, 2004795723865, vstest.console.dll, TestRequestSender: OnTestRunAbort: Operation is already complete. Skip error message.
