TpTrace Verbose: 0 : 27596, 1, 2022/12/31, 13:17:56.818, 4065188753943, vstest.console.dll, Version: 17.2.0-preview-20220308-05
TpTrace Verbose: 0 : 27596, 1, 2022/12/31, 13:17:56.821, 4065188786545, vstest.console.dll, ArtifactProcessingPostProcessModeProcessorExecutor.Initialize: ArtifactProcessingMode.Collect
TpTrace Verbose: 0 : 27596, 1, 2022/12/31, 13:17:56.821, 4065188787543, vstest.console.dll, TestSessionCorrelationIdProcessorModeProcessorExecutor.Initialize: TestSessionCorrelationId '29792_229a8080-8ec0-4864-919a-a77f8be4fe2a'
TpTrace Information: 0 : 27596, 1, 2022/12/31, 13:17:56.825, 4065188817955, vstest.console.dll, FilePatternParser: The given file F:\Projetos ASP.NET\Curso Testes\TestesDeSoftware\03 - Testes de Integracao\NerdStore.WebApp.Tests\bin\Debug\net6.0\fine-code-coverage\build-output\NerdStore.WebApp.Tests.dll is a full path.
TpTrace Verbose: 0 : 27596, 1, 2022/12/31, 13:17:56.829, 4065188864219, vstest.console.dll, TestPluginCache.DiscoverTestExtensions: finding test extensions in assemblies ends with: RuntimeProvider.dll TPluginInfo: Microsoft.VisualStudio.TestPlatform.Common.ExtensionFramework.Utilities.TestRuntimePluginInformation TExtension: Microsoft.VisualStudio.TestPlatform.ObjectModel.Host.ITestRuntimeProvider
TpTrace Verbose: 0 : 27596, 1, 2022/12/31, 13:17:56.829, 4065188865851, vstest.console.dll, TestPluginCache.GetExtensionPaths: Filtered extension paths: 
TpTrace Verbose: 0 : 27596, 1, 2022/12/31, 13:17:56.829, 4065188866450, vstest.console.dll, TestPluginCache.GetExtensionPaths: Added default extension paths: C:\Program Files\dotnet\sdk\7.0.100-preview.3.22179.4\Extensions\DumpMinitool.exe
C:\Program Files\dotnet\sdk\7.0.100-preview.3.22179.4\Extensions\DumpMinitool.x86.exe
C:\Program Files\dotnet\sdk\7.0.100-preview.3.22179.4\Extensions\Microsoft.Diagnostics.NETCore.Client.dll
C:\Program Files\dotnet\sdk\7.0.100-preview.3.22179.4\Extensions\Microsoft.TestPlatform.Extensions.BlameDataCollector.dll
C:\Program Files\dotnet\sdk\7.0.100-preview.3.22179.4\Extensions\Microsoft.TestPlatform.Extensions.EventLogCollector.dll
C:\Program Files\dotnet\sdk\7.0.100-preview.3.22179.4\Extensions\Microsoft.TestPlatform.TestHostRuntimeProvider.dll
C:\Program Files\dotnet\sdk\7.0.100-preview.3.22179.4\Extensions\Microsoft.VisualStudio.TestPlatform.Extensions.Html.TestLogger.dll
C:\Program Files\dotnet\sdk\7.0.100-preview.3.22179.4\Extensions\Microsoft.VisualStudio.TestPlatform.Extensions.Trx.TestLogger.dll
TpTrace Verbose: 0 : 27596, 1, 2022/12/31, 13:17:56.829, 4065188866745, vstest.console.dll, TestPluginCache.GetExtensionPaths: Added unfilterableExtensionPaths: 
TpTrace Information: 0 : 27596, 1, 2022/12/31, 13:17:56.830, 4065188871550, vstest.console.dll, AssemblyResolver.ctor: Creating AssemblyResolver with searchDirectories C:\Program Files\dotnet\sdk\7.0.100-preview.3.22179.4\Extensions,C:\Program Files\dotnet\sdk\7.0.100-preview.3.22179.4
TpTrace Verbose: 0 : 27596, 1, 2022/12/31, 13:17:56.831, 4065188880553, vstest.console.dll, TestPluginCache.DiscoverTestExtensions: Discovering the extensions using extension path.
TpTrace Verbose: 0 : 27596, 1, 2022/12/31, 13:17:56.831, 4065188881357, vstest.console.dll, TestPluginCache.GetExtensionPaths: Filtered extension paths: 
TpTrace Verbose: 0 : 27596, 1, 2022/12/31, 13:17:56.831, 4065188881668, vstest.console.dll, TestPluginCache.GetExtensionPaths: Added default extension paths: C:\Program Files\dotnet\sdk\7.0.100-preview.3.22179.4\Extensions\DumpMinitool.exe
C:\Program Files\dotnet\sdk\7.0.100-preview.3.22179.4\Extensions\DumpMinitool.x86.exe
C:\Program Files\dotnet\sdk\7.0.100-preview.3.22179.4\Extensions\Microsoft.Diagnostics.NETCore.Client.dll
C:\Program Files\dotnet\sdk\7.0.100-preview.3.22179.4\Extensions\Microsoft.TestPlatform.Extensions.BlameDataCollector.dll
C:\Program Files\dotnet\sdk\7.0.100-preview.3.22179.4\Extensions\Microsoft.TestPlatform.Extensions.EventLogCollector.dll
C:\Program Files\dotnet\sdk\7.0.100-preview.3.22179.4\Extensions\Microsoft.TestPlatform.TestHostRuntimeProvider.dll
C:\Program Files\dotnet\sdk\7.0.100-preview.3.22179.4\Extensions\Microsoft.VisualStudio.TestPlatform.Extensions.Html.TestLogger.dll
C:\Program Files\dotnet\sdk\7.0.100-preview.3.22179.4\Extensions\Microsoft.VisualStudio.TestPlatform.Extensions.Trx.TestLogger.dll
TpTrace Verbose: 0 : 27596, 1, 2022/12/31, 13:17:56.831, 4065188882295, vstest.console.dll, TestPluginCache.GetExtensionPaths: Added unfilterableExtensionPaths: 
TpTrace Verbose: 0 : 27596, 1, 2022/12/31, 13:17:56.831, 4065188882810, vstest.console.dll, TestPluginCache.DiscoverTestExtensions: Discovering the extensions using allExtensionPaths: C:\Program Files\dotnet\sdk\7.0.100-preview.3.22179.4\Extensions\DumpMinitool.exe
C:\Program Files\dotnet\sdk\7.0.100-preview.3.22179.4\Extensions\DumpMinitool.x86.exe
C:\Program Files\dotnet\sdk\7.0.100-preview.3.22179.4\Extensions\Microsoft.Diagnostics.NETCore.Client.dll
C:\Program Files\dotnet\sdk\7.0.100-preview.3.22179.4\Extensions\Microsoft.TestPlatform.Extensions.BlameDataCollector.dll
C:\Program Files\dotnet\sdk\7.0.100-preview.3.22179.4\Extensions\Microsoft.TestPlatform.Extensions.EventLogCollector.dll
C:\Program Files\dotnet\sdk\7.0.100-preview.3.22179.4\Extensions\Microsoft.TestPlatform.TestHostRuntimeProvider.dll
C:\Program Files\dotnet\sdk\7.0.100-preview.3.22179.4\Extensions\Microsoft.VisualStudio.TestPlatform.Extensions.Html.TestLogger.dll
C:\Program Files\dotnet\sdk\7.0.100-preview.3.22179.4\Extensions\Microsoft.VisualStudio.TestPlatform.Extensions.Trx.TestLogger.dll
TpTrace Information: 0 : 27596, 1, 2022/12/31, 13:17:56.831, 4065188883755, vstest.console.dll, AssemblyResolver.AddSearchDirectories: Adding more searchDirectories C:\Program Files\dotnet\sdk\7.0.100-preview.3.22179.4\Extensions,C:\Program Files\dotnet\sdk\7.0.100-preview.3.22179.4
TpTrace Information: 0 : 27596, 1, 2022/12/31, 13:17:56.831, 4065188884116, vstest.console.dll, AssemblyResolver.AddSearchDirectories: Adding more searchDirectories C:\Program Files\dotnet\sdk\7.0.100-preview.3.22179.4\Extensions,C:\Program Files\dotnet\sdk\7.0.100-preview.3.22179.4
TpTrace Information: 0 : 27596, 1, 2022/12/31, 13:17:56.831, 4065188884338, vstest.console.dll, AssemblyResolver.AddSearchDirectories: Adding more searchDirectories C:\Program Files\dotnet\sdk\7.0.100-preview.3.22179.4\Extensions,C:\Program Files\dotnet\sdk\7.0.100-preview.3.22179.4
TpTrace Information: 0 : 27596, 1, 2022/12/31, 13:17:56.831, 4065188884558, vstest.console.dll, AssemblyResolver.AddSearchDirectories: Adding more searchDirectories C:\Program Files\dotnet\sdk\7.0.100-preview.3.22179.4\Extensions,C:\Program Files\dotnet\sdk\7.0.100-preview.3.22179.4
TpTrace Information: 0 : 27596, 1, 2022/12/31, 13:17:56.831, 4065188884751, vstest.console.dll, AssemblyResolver.AddSearchDirectories: Adding more searchDirectories C:\Program Files\dotnet\sdk\7.0.100-preview.3.22179.4\Extensions,C:\Program Files\dotnet\sdk\7.0.100-preview.3.22179.4
TpTrace Information: 0 : 27596, 1, 2022/12/31, 13:17:56.831, 4065188884938, vstest.console.dll, AssemblyResolver.AddSearchDirectories: Adding more searchDirectories C:\Program Files\dotnet\sdk\7.0.100-preview.3.22179.4\Extensions,C:\Program Files\dotnet\sdk\7.0.100-preview.3.22179.4
TpTrace Information: 0 : 27596, 1, 2022/12/31, 13:17:56.831, 4065188885147, vstest.console.dll, AssemblyResolver.AddSearchDirectories: Adding more searchDirectories C:\Program Files\dotnet\sdk\7.0.100-preview.3.22179.4\Extensions,C:\Program Files\dotnet\sdk\7.0.100-preview.3.22179.4
TpTrace Information: 0 : 27596, 1, 2022/12/31, 13:17:56.831, 4065188885377, vstest.console.dll, AssemblyResolver.AddSearchDirectories: Adding more searchDirectories C:\Program Files\dotnet\sdk\7.0.100-preview.3.22179.4\Extensions,C:\Program Files\dotnet\sdk\7.0.100-preview.3.22179.4
TpTrace Information: 0 : 27596, 1, 2022/12/31, 13:17:56.832, 4065188887651, vstest.console.dll, AssemblyResolver.OnResolve: DumpMinitool: Resolving assembly.
TpTrace Information: 0 : 27596, 1, 2022/12/31, 13:17:56.832, 4065188888063, vstest.console.dll, AssemblyResolver.OnResolve: DumpMinitool: Searching in: 'C:\Program Files\dotnet\sdk\7.0.100-preview.3.22179.4\Extensions'.
TpTrace Information: 0 : 27596, 1, 2022/12/31, 13:17:56.832, 4065188889068, vstest.console.dll, AssemblyResolver.OnResolve: DumpMinitool: Assembly path does not exist: 'C:\Program Files\dotnet\sdk\7.0.100-preview.3.22179.4\Extensions\DumpMinitool.dll', returning.
TpTrace Information: 0 : 27596, 1, 2022/12/31, 13:17:56.838, 4065188952663, vstest.console.dll, AssemblyResolver.OnResolve: DumpMinitool: Loading assembly 'C:\Program Files\dotnet\sdk\7.0.100-preview.3.22179.4\Extensions\DumpMinitool.exe'.
TpTrace Information: 0 : 27596, 1, 2022/12/31, 13:17:56.839, 4065188958097, vstest.console.dll, AssemblyResolver.OnResolve: Resolved assembly: DumpMinitool, from path: C:\Program Files\dotnet\sdk\7.0.100-preview.3.22179.4\Extensions\DumpMinitool.exe
TpTrace Verbose: 0 : 27596, 1, 2022/12/31, 13:17:56.842, 4065188992665, vstest.console.dll, MetadataReaderExtensionsHelper: Discovering extensions inside assembly 'DumpMinitool, Version=15.0.0.0, Culture=neutral, PublicKeyToken=b03f5f7f11d50a3a' file path 'C:\Program Files\dotnet\sdk\7.0.100-preview.3.22179.4\Extensions\DumpMinitool.exe'
TpTrace Information: 0 : 27596, 1, 2022/12/31, 13:17:56.844, 4065189014521, vstest.console.dll, AssemblyResolver.OnResolve: DumpMinitool.x86: Resolving assembly.
TpTrace Information: 0 : 27596, 1, 2022/12/31, 13:17:56.844, 4065189014927, vstest.console.dll, AssemblyResolver.OnResolve: DumpMinitool.x86: Searching in: 'C:\Program Files\dotnet\sdk\7.0.100-preview.3.22179.4\Extensions'.
TpTrace Information: 0 : 27596, 1, 2022/12/31, 13:17:56.844, 4065189015526, vstest.console.dll, AssemblyResolver.OnResolve: DumpMinitool.x86: Assembly path does not exist: 'C:\Program Files\dotnet\sdk\7.0.100-preview.3.22179.4\Extensions\DumpMinitool.x86.dll', returning.
TpTrace Information: 0 : 27596, 1, 2022/12/31, 13:17:56.845, 4065189019494, vstest.console.dll, AssemblyResolver.OnResolve: DumpMinitool.x86: Loading assembly 'C:\Program Files\dotnet\sdk\7.0.100-preview.3.22179.4\Extensions\DumpMinitool.x86.exe'.
TpTrace Information: 0 : 27596, 1, 2022/12/31, 13:17:56.845, 4065189023650, vstest.console.dll, AssemblyResolver.OnResolve: Resolved assembly: DumpMinitool.x86, from path: C:\Program Files\dotnet\sdk\7.0.100-preview.3.22179.4\Extensions\DumpMinitool.x86.exe
TpTrace Verbose: 0 : 27596, 1, 2022/12/31, 13:17:56.845, 4065189024297, vstest.console.dll, MetadataReaderExtensionsHelper: Discovering extensions inside assembly 'DumpMinitool.x86, Version=15.0.0.0, Culture=neutral, PublicKeyToken=b03f5f7f11d50a3a' file path 'C:\Program Files\dotnet\sdk\7.0.100-preview.3.22179.4\Extensions\DumpMinitool.x86.exe'
TpTrace Information: 0 : 27596, 1, 2022/12/31, 13:17:56.846, 4065189030819, vstest.console.dll, AssemblyResolver.OnResolve: Microsoft.Diagnostics.NETCore.Client: Resolving assembly.
TpTrace Information: 0 : 27596, 1, 2022/12/31, 13:17:56.846, 4065189031182, vstest.console.dll, AssemblyResolver.OnResolve: Microsoft.Diagnostics.NETCore.Client: Searching in: 'C:\Program Files\dotnet\sdk\7.0.100-preview.3.22179.4\Extensions'.
TpTrace Information: 0 : 27596, 1, 2022/12/31, 13:17:56.846, 4065189034719, vstest.console.dll, AssemblyResolver.OnResolve: Microsoft.Diagnostics.NETCore.Client: Loading assembly 'C:\Program Files\dotnet\sdk\7.0.100-preview.3.22179.4\Extensions\Microsoft.Diagnostics.NETCore.Client.dll'.
TpTrace Information: 0 : 27596, 1, 2022/12/31, 13:17:56.847, 4065189039041, vstest.console.dll, AssemblyResolver.OnResolve: Resolved assembly: Microsoft.Diagnostics.NETCore.Client, from path: C:\Program Files\dotnet\sdk\7.0.100-preview.3.22179.4\Extensions\Microsoft.Diagnostics.NETCore.Client.dll
TpTrace Verbose: 0 : 27596, 1, 2022/12/31, 13:17:56.847, 4065189039532, vstest.console.dll, MetadataReaderExtensionsHelper: Discovering extensions inside assembly 'Microsoft.Diagnostics.NETCore.Client, Version=0.2.5.801, Culture=neutral, PublicKeyToken=31bf3856ad364e35' file path 'C:\Program Files\dotnet\sdk\7.0.100-preview.3.22179.4\Extensions\Microsoft.Diagnostics.NETCore.Client.dll'
TpTrace Information: 0 : 27596, 1, 2022/12/31, 13:17:56.849, 4065189066551, vstest.console.dll, AssemblyResolver.OnResolve: Microsoft.Bcl.AsyncInterfaces: Resolving assembly.
TpTrace Information: 0 : 27596, 1, 2022/12/31, 13:17:56.849, 4065189067013, vstest.console.dll, AssemblyResolver.OnResolve: Microsoft.Bcl.AsyncInterfaces: Searching in: 'C:\Program Files\dotnet\sdk\7.0.100-preview.3.22179.4\Extensions'.
TpTrace Information: 0 : 27596, 1, 2022/12/31, 13:17:56.850, 4065189067641, vstest.console.dll, AssemblyResolver.OnResolve: Microsoft.Bcl.AsyncInterfaces: Assembly path does not exist: 'C:\Program Files\dotnet\sdk\7.0.100-preview.3.22179.4\Extensions\Microsoft.Bcl.AsyncInterfaces.dll', returning.
TpTrace Information: 0 : 27596, 1, 2022/12/31, 13:17:56.850, 4065189068111, vstest.console.dll, AssemblyResolver.OnResolve: Microsoft.Bcl.AsyncInterfaces: Assembly path does not exist: 'C:\Program Files\dotnet\sdk\7.0.100-preview.3.22179.4\Extensions\Microsoft.Bcl.AsyncInterfaces.exe', returning.
TpTrace Information: 0 : 27596, 1, 2022/12/31, 13:17:56.850, 4065189068322, vstest.console.dll, AssemblyResolver.OnResolve: Microsoft.Bcl.AsyncInterfaces: Searching in: 'C:\Program Files\dotnet\sdk\7.0.100-preview.3.22179.4'.
TpTrace Information: 0 : 27596, 1, 2022/12/31, 13:17:56.850, 4065189068776, vstest.console.dll, AssemblyResolver.OnResolve: Microsoft.Bcl.AsyncInterfaces: Assembly path does not exist: 'C:\Program Files\dotnet\sdk\7.0.100-preview.3.22179.4\Microsoft.Bcl.AsyncInterfaces.dll', returning.
TpTrace Information: 0 : 27596, 1, 2022/12/31, 13:17:56.850, 4065189069202, vstest.console.dll, AssemblyResolver.OnResolve: Microsoft.Bcl.AsyncInterfaces: Assembly path does not exist: 'C:\Program Files\dotnet\sdk\7.0.100-preview.3.22179.4\Microsoft.Bcl.AsyncInterfaces.exe', returning.
TpTrace Information: 0 : 27596, 1, 2022/12/31, 13:17:56.850, 4065189069402, vstest.console.dll, AssemblyResolver.OnResolve: Microsoft.Bcl.AsyncInterfaces: Failed to load assembly.
TpTrace Verbose: 0 : 27596, 1, 2022/12/31, 13:17:56.850, 4065189069637, vstest.console.dll, CurrentDomainAssemblyResolve: Resolving assembly 'Microsoft.Bcl.AsyncInterfaces'.
TpTrace Information: 0 : 27596, 1, 2022/12/31, 13:17:56.850, 4065189070028, vstest.console.dll, AssemblyResolver.OnResolve: Microsoft.Bcl.AsyncInterfaces: Resolving assembly.
TpTrace Information: 0 : 27596, 1, 2022/12/31, 13:17:56.850, 4065189070406, vstest.console.dll, AssemblyResolver.OnResolve: Microsoft.Bcl.AsyncInterfaces: Resolved from cache.
TpTrace Verbose: 0 : 27596, 1, 2022/12/31, 13:17:56.850, 4065189070656, vstest.console.dll, CurrentDomainAssemblyResolve: Resolving assembly 'Microsoft.Bcl.AsyncInterfaces'.
TpTrace Verbose: 0 : 27596, 1, 2022/12/31, 13:17:56.850, 4065189070903, vstest.console.dll, CurrentDomainAssemblyResolve: Failed to resolve assembly 'Microsoft.Bcl.AsyncInterfaces'.
TpTrace Verbose: 0 : 27596, 1, 2022/12/31, 13:17:56.850, 4065189076791, vstest.console.dll, CurrentDomainAssemblyResolve: Failed to resolve assembly 'Microsoft.Bcl.AsyncInterfaces'.
TpTrace Warning: 0 : 27596, 1, 2022/12/31, 13:17:56.859, 4065189160547, vstest.console.dll, TestPluginDiscoverer: Failed to get types from assembly 'Microsoft.Diagnostics.NETCore.Client, Version=0.2.5.801, Culture=neutral, PublicKeyToken=31bf3856ad364e35'. Error: System.Reflection.ReflectionTypeLoadException: Unable to load one or more of the requested types.
Could not load file or assembly 'Microsoft.Bcl.AsyncInterfaces, Version=1.0.0.0, Culture=neutral, PublicKeyToken=cc7b13ffcd2ddd51'. O sistema não pode encontrar o arquivo especificado.
   at System.Reflection.RuntimeModule.GetTypes(RuntimeModule module)
   at System.Reflection.Assembly.GetTypes()
   at Microsoft.VisualStudio.TestPlatform.Common.ExtensionFramework.TestPluginDiscoverer.GetTestExtensionsFromAssembly[TPluginInfo,TExtension](Assembly assembly, Dictionary`2 pluginInfos, String filePath)
System.IO.FileNotFoundException: Could not load file or assembly 'Microsoft.Bcl.AsyncInterfaces, Version=1.0.0.0, Culture=neutral, PublicKeyToken=cc7b13ffcd2ddd51'. O sistema não pode encontrar o arquivo especificado.
File name: 'Microsoft.Bcl.AsyncInterfaces, Version=1.0.0.0, Culture=neutral, PublicKeyToken=cc7b13ffcd2ddd51'
 ---> System.IO.FileNotFoundException: Could not load file or assembly 'Microsoft.Bcl.AsyncInterfaces, Culture=neutral, PublicKeyToken=null'. O sistema não pode encontrar o arquivo especificado.
File name: 'Microsoft.Bcl.AsyncInterfaces, Culture=neutral, PublicKeyToken=null'
   at System.Reflection.RuntimeAssembly.<InternalLoad>g____PInvoke__|48_0(ObjectHandleOnStack assemblyName, ObjectHandleOnStack requestingAssembly, StackCrawlMarkHandle stackMark, Int32 throwOnFileNotFound, ObjectHandleOnStack assemblyLoadContext, ObjectHandleOnStack retAssembly)
   at System.Reflection.RuntimeAssembly.InternalLoad(AssemblyName assemblyName, RuntimeAssembly requestingAssembly, StackCrawlMark& stackMark, Boolean throwOnFileNotFound, AssemblyLoadContext assemblyLoadContext)
   at System.Reflection.Assembly.Load(AssemblyName assemblyRef)
   at Microsoft.VisualStudio.TestPlatform.Common.ExtensionFramework.TestPluginCache.CurrentDomainAssemblyResolve(Object sender, AssemblyResolveEventArgs args)
   at System.Runtime.Loader.AssemblyLoadContext.GetFirstResolvedAssemblyFromResolvingEvent(AssemblyName assemblyName)
   at System.Runtime.Loader.AssemblyLoadContext.ResolveUsingEvent(AssemblyName assemblyName)
   at System.Runtime.Loader.AssemblyLoadContext.ResolveUsingResolvingEvent(IntPtr gchManagedAssemblyLoadContext, AssemblyName assemblyName)
TpTrace Warning: 0 : 27596, 1, 2022/12/31, 13:17:56.860, 4065189172653, vstest.console.dll, TestPluginDiscoverer: Failed to load extensions from file 'C:\Program Files\dotnet\sdk\7.0.100-preview.3.22179.4\Extensions\Microsoft.Diagnostics.NETCore.Client.dll'.  Skipping test extension scan for this file.  Error: System.ArgumentNullException: Value cannot be null. (Parameter 'type')
   at <PrivateImplementationDetails>.Throw(String paramName)
   at System.Reflection.IntrospectionExtensions.GetTypeInfo(Type type)
   at Microsoft.VisualStudio.TestPlatform.Common.ExtensionFramework.TestPluginDiscoverer.<>c__6`2.<GetTestExtensionsFromAssembly>b__6_1(Type type)
   at System.Linq.Enumerable.WhereArrayIterator`1.MoveNext()
   at System.Collections.Generic.List`1.InsertRange(Int32 index, IEnumerable`1 collection)
   at Microsoft.VisualStudio.TestPlatform.Common.ExtensionFramework.TestPluginDiscoverer.GetTestExtensionsFromAssembly[TPluginInfo,TExtension](Assembly assembly, Dictionary`2 pluginInfos, String filePath)
   at Microsoft.VisualStudio.TestPlatform.Common.ExtensionFramework.TestPluginDiscoverer.GetTestExtensionsFromFiles[TPluginInfo,TExtension](String[] files, Dictionary`2 pluginInfos)
TpTrace Information: 0 : 27596, 1, 2022/12/31, 13:17:56.860, 4065189173439, vstest.console.dll, AssemblyResolver.OnResolve: Microsoft.TestPlatform.Extensions.BlameDataCollector: Resolving assembly.
TpTrace Information: 0 : 27596, 1, 2022/12/31, 13:17:56.860, 4065189173726, vstest.console.dll, AssemblyResolver.OnResolve: Microsoft.TestPlatform.Extensions.BlameDataCollector: Searching in: 'C:\Program Files\dotnet\sdk\7.0.100-preview.3.22179.4\Extensions'.
TpTrace Information: 0 : 27596, 1, 2022/12/31, 13:17:56.861, 4065189177813, vstest.console.dll, AssemblyResolver.OnResolve: Microsoft.TestPlatform.Extensions.BlameDataCollector: Loading assembly 'C:\Program Files\dotnet\sdk\7.0.100-preview.3.22179.4\Extensions\Microsoft.TestPlatform.Extensions.BlameDataCollector.dll'.
TpTrace Information: 0 : 27596, 1, 2022/12/31, 13:17:56.861, 4065189182661, vstest.console.dll, AssemblyResolver.OnResolve: Resolved assembly: Microsoft.TestPlatform.Extensions.BlameDataCollector, from path: C:\Program Files\dotnet\sdk\7.0.100-preview.3.22179.4\Extensions\Microsoft.TestPlatform.Extensions.BlameDataCollector.dll
TpTrace Verbose: 0 : 27596, 1, 2022/12/31, 13:17:56.861, 4065189183191, vstest.console.dll, MetadataReaderExtensionsHelper: Discovering extensions inside assembly 'Microsoft.TestPlatform.Extensions.BlameDataCollector, Version=15.0.0.0, Culture=neutral, PublicKeyToken=b03f5f7f11d50a3a' file path 'C:\Program Files\dotnet\sdk\7.0.100-preview.3.22179.4\Extensions\Microsoft.TestPlatform.Extensions.BlameDataCollector.dll'
TpTrace Information: 0 : 27596, 1, 2022/12/31, 13:17:56.862, 4065189192755, vstest.console.dll, AssemblyResolver.OnResolve: Microsoft.TestPlatform.Extensions.EventLogCollector: Resolving assembly.
TpTrace Information: 0 : 27596, 1, 2022/12/31, 13:17:56.862, 4065189193153, vstest.console.dll, AssemblyResolver.OnResolve: Microsoft.TestPlatform.Extensions.EventLogCollector: Searching in: 'C:\Program Files\dotnet\sdk\7.0.100-preview.3.22179.4\Extensions'.
TpTrace Information: 0 : 27596, 1, 2022/12/31, 13:17:56.862, 4065189196335, vstest.console.dll, AssemblyResolver.OnResolve: Microsoft.TestPlatform.Extensions.EventLogCollector: Loading assembly 'C:\Program Files\dotnet\sdk\7.0.100-preview.3.22179.4\Extensions\Microsoft.TestPlatform.Extensions.EventLogCollector.dll'.
TpTrace Information: 0 : 27596, 1, 2022/12/31, 13:17:56.863, 4065189199811, vstest.console.dll, AssemblyResolver.OnResolve: Resolved assembly: Microsoft.TestPlatform.Extensions.EventLogCollector, from path: C:\Program Files\dotnet\sdk\7.0.100-preview.3.22179.4\Extensions\Microsoft.TestPlatform.Extensions.EventLogCollector.dll
TpTrace Verbose: 0 : 27596, 1, 2022/12/31, 13:17:56.863, 4065189200240, vstest.console.dll, MetadataReaderExtensionsHelper: Discovering extensions inside assembly 'Microsoft.TestPlatform.Extensions.EventLogCollector, Version=15.0.0.0, Culture=neutral, PublicKeyToken=b03f5f7f11d50a3a' file path 'C:\Program Files\dotnet\sdk\7.0.100-preview.3.22179.4\Extensions\Microsoft.TestPlatform.Extensions.EventLogCollector.dll'
TpTrace Information: 0 : 27596, 1, 2022/12/31, 13:17:56.864, 4065189209592, vstest.console.dll, AssemblyResolver.OnResolve: Microsoft.TestPlatform.TestHostRuntimeProvider: Resolving assembly.
TpTrace Information: 0 : 27596, 1, 2022/12/31, 13:17:56.864, 4065189209949, vstest.console.dll, AssemblyResolver.OnResolve: Microsoft.TestPlatform.TestHostRuntimeProvider: Searching in: 'C:\Program Files\dotnet\sdk\7.0.100-preview.3.22179.4\Extensions'.
TpTrace Information: 0 : 27596, 1, 2022/12/31, 13:17:56.864, 4065189212447, vstest.console.dll, AssemblyResolver.OnResolve: Microsoft.TestPlatform.TestHostRuntimeProvider: Loading assembly 'C:\Program Files\dotnet\sdk\7.0.100-preview.3.22179.4\Extensions\Microsoft.TestPlatform.TestHostRuntimeProvider.dll'.
TpTrace Information: 0 : 27596, 1, 2022/12/31, 13:17:56.864, 4065189215361, vstest.console.dll, AssemblyResolver.OnResolve: Resolved assembly: Microsoft.TestPlatform.TestHostRuntimeProvider, from path: C:\Program Files\dotnet\sdk\7.0.100-preview.3.22179.4\Extensions\Microsoft.TestPlatform.TestHostRuntimeProvider.dll
TpTrace Verbose: 0 : 27596, 1, 2022/12/31, 13:17:56.864, 4065189215823, vstest.console.dll, MetadataReaderExtensionsHelper: Discovering extensions inside assembly 'Microsoft.TestPlatform.TestHostRuntimeProvider, Version=15.0.0.0, Culture=neutral, PublicKeyToken=b03f5f7f11d50a3a' file path 'C:\Program Files\dotnet\sdk\7.0.100-preview.3.22179.4\Extensions\Microsoft.TestPlatform.TestHostRuntimeProvider.dll'
TpTrace Information: 0 : 27596, 1, 2022/12/31, 13:17:56.866, 4065189228872, vstest.console.dll, GetTestExtensionFromType: Register extension with identifier data 'HostProvider://DefaultTestHost' and type 'Microsoft.VisualStudio.TestPlatform.CrossPlatEngine.Hosting.DefaultTestHostManager, Microsoft.TestPlatform.TestHostRuntimeProvider, Version=15.0.0.0, Culture=neutral, PublicKeyToken=b03f5f7f11d50a3a' inside file 'C:\Program Files\dotnet\sdk\7.0.100-preview.3.22179.4\Extensions\Microsoft.TestPlatform.TestHostRuntimeProvider.dll'
TpTrace Information: 0 : 27596, 1, 2022/12/31, 13:17:56.866, 4065189229490, vstest.console.dll, GetTestExtensionFromType: Register extension with identifier data 'HostProvider://DotnetTestHost' and type 'Microsoft.VisualStudio.TestPlatform.CrossPlatEngine.Hosting.DotnetTestHostManager, Microsoft.TestPlatform.TestHostRuntimeProvider, Version=15.0.0.0, Culture=neutral, PublicKeyToken=b03f5f7f11d50a3a' inside file 'C:\Program Files\dotnet\sdk\7.0.100-preview.3.22179.4\Extensions\Microsoft.TestPlatform.TestHostRuntimeProvider.dll'
TpTrace Information: 0 : 27596, 1, 2022/12/31, 13:17:56.866, 4065189229980, vstest.console.dll, AssemblyResolver.OnResolve: Microsoft.VisualStudio.TestPlatform.Extensions.Html.TestLogger: Resolving assembly.
TpTrace Information: 0 : 27596, 1, 2022/12/31, 13:17:56.866, 4065189230217, vstest.console.dll, AssemblyResolver.OnResolve: Microsoft.VisualStudio.TestPlatform.Extensions.Html.TestLogger: Searching in: 'C:\Program Files\dotnet\sdk\7.0.100-preview.3.22179.4\Extensions'.
TpTrace Information: 0 : 27596, 1, 2022/12/31, 13:17:56.866, 4065189232872, vstest.console.dll, AssemblyResolver.OnResolve: Microsoft.VisualStudio.TestPlatform.Extensions.Html.TestLogger: Loading assembly 'C:\Program Files\dotnet\sdk\7.0.100-preview.3.22179.4\Extensions\Microsoft.VisualStudio.TestPlatform.Extensions.Html.TestLogger.dll'.
TpTrace Information: 0 : 27596, 1, 2022/12/31, 13:17:56.866, 4065189236032, vstest.console.dll, AssemblyResolver.OnResolve: Resolved assembly: Microsoft.VisualStudio.TestPlatform.Extensions.Html.TestLogger, from path: C:\Program Files\dotnet\sdk\7.0.100-preview.3.22179.4\Extensions\Microsoft.VisualStudio.TestPlatform.Extensions.Html.TestLogger.dll
TpTrace Verbose: 0 : 27596, 1, 2022/12/31, 13:17:56.866, 4065189236458, vstest.console.dll, MetadataReaderExtensionsHelper: Discovering extensions inside assembly 'Microsoft.VisualStudio.TestPlatform.Extensions.Html.TestLogger, Version=15.0.0.0, Culture=neutral, PublicKeyToken=b03f5f7f11d50a3a' file path 'C:\Program Files\dotnet\sdk\7.0.100-preview.3.22179.4\Extensions\Microsoft.VisualStudio.TestPlatform.Extensions.Html.TestLogger.dll'
TpTrace Information: 0 : 27596, 1, 2022/12/31, 13:17:56.867, 4065189243430, vstest.console.dll, AssemblyResolver.OnResolve: Microsoft.VisualStudio.TestPlatform.Extensions.Trx.TestLogger: Resolving assembly.
TpTrace Information: 0 : 27596, 1, 2022/12/31, 13:17:56.867, 4065189244025, vstest.console.dll, AssemblyResolver.OnResolve: Microsoft.VisualStudio.TestPlatform.Extensions.Trx.TestLogger: Searching in: 'C:\Program Files\dotnet\sdk\7.0.100-preview.3.22179.4\Extensions'.
TpTrace Information: 0 : 27596, 1, 2022/12/31, 13:17:56.868, 4065189248420, vstest.console.dll, AssemblyResolver.OnResolve: Microsoft.VisualStudio.TestPlatform.Extensions.Trx.TestLogger: Loading assembly 'C:\Program Files\dotnet\sdk\7.0.100-preview.3.22179.4\Extensions\Microsoft.VisualStudio.TestPlatform.Extensions.Trx.TestLogger.dll'.
TpTrace Information: 0 : 27596, 1, 2022/12/31, 13:17:56.868, 4065189252713, vstest.console.dll, AssemblyResolver.OnResolve: Resolved assembly: Microsoft.VisualStudio.TestPlatform.Extensions.Trx.TestLogger, from path: C:\Program Files\dotnet\sdk\7.0.100-preview.3.22179.4\Extensions\Microsoft.VisualStudio.TestPlatform.Extensions.Trx.TestLogger.dll
TpTrace Verbose: 0 : 27596, 1, 2022/12/31, 13:17:56.868, 4065189253344, vstest.console.dll, MetadataReaderExtensionsHelper: Discovering extensions inside assembly 'Microsoft.VisualStudio.TestPlatform.Extensions.Trx.TestLogger, Version=15.0.0.0, Culture=neutral, PublicKeyToken=b03f5f7f11d50a3a' file path 'C:\Program Files\dotnet\sdk\7.0.100-preview.3.22179.4\Extensions\Microsoft.VisualStudio.TestPlatform.Extensions.Trx.TestLogger.dll'
TpTrace Verbose: 0 : 27596, 1, 2022/12/31, 13:17:56.869, 4065189261634, vstest.console.dll, TestPluginCache: Discovered the extensions using extension path ''.
TpTrace Verbose: 0 : 27596, 1, 2022/12/31, 13:17:56.869, 4065189262166, vstest.console.dll, TestPluginCache: Discoverers are ''.
TpTrace Verbose: 0 : 27596, 1, 2022/12/31, 13:17:56.869, 4065189262385, vstest.console.dll, TestPluginCache: Executors are ''.
TpTrace Verbose: 0 : 27596, 1, 2022/12/31, 13:17:56.869, 4065189262549, vstest.console.dll, TestPluginCache: Executors2 are ''.
TpTrace Verbose: 0 : 27596, 1, 2022/12/31, 13:17:56.869, 4065189262701, vstest.console.dll, TestPluginCache: Setting providers are ''.
TpTrace Verbose: 0 : 27596, 1, 2022/12/31, 13:17:56.869, 4065189262851, vstest.console.dll, TestPluginCache: Loggers are ''.
TpTrace Verbose: 0 : 27596, 1, 2022/12/31, 13:17:56.869, 4065189263983, vstest.console.dll, TestPluginCache: TestHosts are 'HostProvider://DefaultTestHost,HostProvider://DotnetTestHost'.
TpTrace Verbose: 0 : 27596, 1, 2022/12/31, 13:17:56.869, 4065189264268, vstest.console.dll, TestPluginCache: DataCollectors are ''.
TpTrace Information: 0 : 27596, 1, 2022/12/31, 13:17:56.878, 4065189352257, vstest.console.dll, RunTestsArgumentProcessor:Execute: Test run is starting.
TpTrace Verbose: 0 : 27596, 1, 2022/12/31, 13:17:56.878, 4065189352986, vstest.console.dll, RunTestsArgumentProcessor:Execute: Queuing Test run.
TpTrace Information: 0 : 27596, 1, 2022/12/31, 13:17:56.878, 4065189354265, vstest.console.dll, TestRequestManager.RunTests: run tests started.
TpTrace Information: 0 : 27596, 1, 2022/12/31, 13:17:56.879, 4065189365996, vstest.console.dll, AssemblyMetadataProvider.GetFrameWork: Determined framework:'.NETCoreApp,Version=v6.0' for source: 'F:\Projetos ASP.NET\Curso Testes\TestesDeSoftware\03 - Testes de Integracao\NerdStore.WebApp.Tests\bin\Debug\net6.0\fine-code-coverage\build-output\NerdStore.WebApp.Tests.dll'
TpTrace Information: 0 : 27596, 1, 2022/12/31, 13:17:56.879, 4065189366935, vstest.console.dll, Determined framework for all sources: .NETCoreApp,Version=v6.0
TpTrace Verbose: 0 : 27596, 1, 2022/12/31, 13:17:56.880, 4065189368580, vstest.console.dll, TestRequestManager.UpdateRunSettingsIfRequired: Default architecture: X64 IsDefaultTargetArchitecture: True, Current process architecture: X64.
TpTrace Information: 0 : 27596, 1, 2022/12/31, 13:17:56.880, 4065189371579, vstest.console.dll, AssemblyMetadataProvider.GetArchitecture: Determined architecture:AnyCPU info for assembly: F:\Projetos ASP.NET\Curso Testes\TestesDeSoftware\03 - Testes de Integracao\NerdStore.WebApp.Tests\bin\Debug\net6.0\fine-code-coverage\build-output\NerdStore.WebApp.Tests.dll
TpTrace Information: 0 : 27596, 1, 2022/12/31, 13:17:56.880, 4065189371884, vstest.console.dll, Determined platform for source 'F:\Projetos ASP.NET\Curso Testes\TestesDeSoftware\03 - Testes de Integracao\NerdStore.WebApp.Tests\bin\Debug\net6.0\fine-code-coverage\build-output\NerdStore.WebApp.Tests.dll' is 'AnyCPU'
TpTrace Information: 0 : 27596, 1, 2022/12/31, 13:17:56.881, 4065189386225, vstest.console.dll, Determined platform for all sources: X64
TpTrace Information: 0 : 27596, 1, 2022/12/31, 13:17:56.881, 4065189386647, vstest.console.dll, Infered platform 'X64'.
TpTrace Information: 0 : 27596, 1, 2022/12/31, 13:17:56.881, 4065189386874, vstest.console.dll, Platform update to 'X64' required.
TpTrace Information: 0 : 27596, 1, 2022/12/31, 13:17:56.884, 4065189409064, vstest.console.dll, Compatible sources list: 
TpTrace Information: 0 : 27596, 1, 2022/12/31, 13:17:56.884, 4065189409858, vstest.console.dll, F:\Projetos ASP.NET\Curso Testes\TestesDeSoftware\03 - Testes de Integracao\NerdStore.WebApp.Tests\bin\Debug\net6.0\fine-code-coverage\build-output\NerdStore.WebApp.Tests.dll
TpTrace Information: 0 : 27596, 1, 2022/12/31, 13:17:56.886, 4065189428436, vstest.console.dll, InferRunSettingsHelper.IsTestSettingsEnabled: Unable to navigate to RunSettings/MSTest. Current node: RunSettings
TpTrace Information: 0 : 27596, 1, 2022/12/31, 13:17:56.886, 4065189433881, vstest.console.dll, AssemblyResolver.OnResolve: Microsoft.VisualStudio.TestPlatform.Fakes: Resolving assembly.
TpTrace Information: 0 : 27596, 1, 2022/12/31, 13:17:56.886, 4065189434266, vstest.console.dll, AssemblyResolver.OnResolve: Microsoft.VisualStudio.TestPlatform.Fakes: Searching in: 'C:\Program Files\dotnet\sdk\7.0.100-preview.3.22179.4\Extensions'.
TpTrace Information: 0 : 27596, 1, 2022/12/31, 13:17:56.886, 4065189435020, vstest.console.dll, AssemblyResolver.OnResolve: Microsoft.VisualStudio.TestPlatform.Fakes: Assembly path does not exist: 'C:\Program Files\dotnet\sdk\7.0.100-preview.3.22179.4\Extensions\Microsoft.VisualStudio.TestPlatform.Fakes.dll', returning.
TpTrace Information: 0 : 27596, 1, 2022/12/31, 13:17:56.886, 4065189435600, vstest.console.dll, AssemblyResolver.OnResolve: Microsoft.VisualStudio.TestPlatform.Fakes: Assembly path does not exist: 'C:\Program Files\dotnet\sdk\7.0.100-preview.3.22179.4\Extensions\Microsoft.VisualStudio.TestPlatform.Fakes.exe', returning.
TpTrace Information: 0 : 27596, 1, 2022/12/31, 13:17:56.886, 4065189436210, vstest.console.dll, AssemblyResolver.OnResolve: Microsoft.VisualStudio.TestPlatform.Fakes: Searching in: 'C:\Program Files\dotnet\sdk\7.0.100-preview.3.22179.4'.
TpTrace Information: 0 : 27596, 1, 2022/12/31, 13:17:56.886, 4065189436744, vstest.console.dll, AssemblyResolver.OnResolve: Microsoft.VisualStudio.TestPlatform.Fakes: Assembly path does not exist: 'C:\Program Files\dotnet\sdk\7.0.100-preview.3.22179.4\Microsoft.VisualStudio.TestPlatform.Fakes.dll', returning.
TpTrace Information: 0 : 27596, 1, 2022/12/31, 13:17:56.886, 4065189437189, vstest.console.dll, AssemblyResolver.OnResolve: Microsoft.VisualStudio.TestPlatform.Fakes: Assembly path does not exist: 'C:\Program Files\dotnet\sdk\7.0.100-preview.3.22179.4\Microsoft.VisualStudio.TestPlatform.Fakes.exe', returning.
TpTrace Information: 0 : 27596, 1, 2022/12/31, 13:17:56.886, 4065189437431, vstest.console.dll, AssemblyResolver.OnResolve: Microsoft.VisualStudio.TestPlatform.Fakes: Failed to load assembly.
TpTrace Information: 0 : 27596, 1, 2022/12/31, 13:17:56.887, 4065189440046, vstest.console.dll, Failed to load assembly Microsoft.VisualStudio.TestPlatform.Fakes, Version=17.0.0.0, Culture=neutral. Reason:System.IO.FileNotFoundException: Could not load file or assembly 'Microsoft.VisualStudio.TestPlatform.Fakes, Version=17.0.0.0, Culture=neutral, PublicKeyToken=null'. O sistema não pode encontrar o arquivo especificado.
File name: 'Microsoft.VisualStudio.TestPlatform.Fakes, Version=17.0.0.0, Culture=neutral, PublicKeyToken=null'
   at System.Reflection.RuntimeAssembly.<InternalLoad>g____PInvoke__|48_0(ObjectHandleOnStack assemblyName, ObjectHandleOnStack requestingAssembly, StackCrawlMarkHandle stackMark, Int32 throwOnFileNotFound, ObjectHandleOnStack assemblyLoadContext, ObjectHandleOnStack retAssembly)
   at System.Reflection.RuntimeAssembly.InternalLoad(AssemblyName assemblyName, RuntimeAssembly requestingAssembly, StackCrawlMark& stackMark, Boolean throwOnFileNotFound, AssemblyLoadContext assemblyLoadContext)
   at System.Reflection.Assembly.Load(AssemblyName assemblyRef)
   at Microsoft.VisualStudio.TestPlatform.Common.Utilities.FakesUtilities.LoadTestPlatformAssembly()
TpTrace Verbose: 0 : 27596, 1, 2022/12/31, 13:17:56.889, 4065189464543, vstest.console.dll, TestPluginCache.DiscoverTestExtensions: finding test extensions in assemblies ends with: TestLogger.dll TPluginInfo: Microsoft.VisualStudio.TestPlatform.Common.ExtensionFramework.Utilities.TestLoggerPluginInformation TExtension: Microsoft.VisualStudio.TestPlatform.ObjectModel.Client.ITestLogger
TpTrace Verbose: 0 : 27596, 1, 2022/12/31, 13:17:56.889, 4065189465091, vstest.console.dll, TestPluginCache.GetExtensionPaths: Filtered extension paths: 
TpTrace Verbose: 0 : 27596, 1, 2022/12/31, 13:17:56.889, 4065189465318, vstest.console.dll, TestPluginCache.GetExtensionPaths: Added default extension paths: C:\Program Files\dotnet\sdk\7.0.100-preview.3.22179.4\Extensions\DumpMinitool.exe
C:\Program Files\dotnet\sdk\7.0.100-preview.3.22179.4\Extensions\DumpMinitool.x86.exe
C:\Program Files\dotnet\sdk\7.0.100-preview.3.22179.4\Extensions\Microsoft.Diagnostics.NETCore.Client.dll
C:\Program Files\dotnet\sdk\7.0.100-preview.3.22179.4\Extensions\Microsoft.TestPlatform.Extensions.BlameDataCollector.dll
C:\Program Files\dotnet\sdk\7.0.100-preview.3.22179.4\Extensions\Microsoft.TestPlatform.Extensions.EventLogCollector.dll
C:\Program Files\dotnet\sdk\7.0.100-preview.3.22179.4\Extensions\Microsoft.TestPlatform.TestHostRuntimeProvider.dll
C:\Program Files\dotnet\sdk\7.0.100-preview.3.22179.4\Extensions\Microsoft.VisualStudio.TestPlatform.Extensions.Html.TestLogger.dll
C:\Program Files\dotnet\sdk\7.0.100-preview.3.22179.4\Extensions\Microsoft.VisualStudio.TestPlatform.Extensions.Trx.TestLogger.dll
TpTrace Verbose: 0 : 27596, 1, 2022/12/31, 13:17:56.889, 4065189465697, vstest.console.dll, TestPluginCache.GetExtensionPaths: Added unfilterableExtensionPaths: 
TpTrace Information: 0 : 27596, 1, 2022/12/31, 13:17:56.889, 4065189466612, vstest.console.dll, AssemblyResolver.AddSearchDirectories: Adding more searchDirectories C:\Program Files\dotnet\sdk\7.0.100-preview.3.22179.4\Extensions,C:\Program Files\dotnet\sdk\7.0.100-preview.3.22179.4
TpTrace Verbose: 0 : 27596, 1, 2022/12/31, 13:17:56.889, 4065189466919, vstest.console.dll, TestPluginCache.DiscoverTestExtensions: Discovering the extensions using extension path.
TpTrace Verbose: 0 : 27596, 1, 2022/12/31, 13:17:56.889, 4065189467137, vstest.console.dll, TestPluginCache.GetExtensionPaths: Filtered extension paths: 
TpTrace Verbose: 0 : 27596, 1, 2022/12/31, 13:17:56.889, 4065189467335, vstest.console.dll, TestPluginCache.GetExtensionPaths: Added default extension paths: C:\Program Files\dotnet\sdk\7.0.100-preview.3.22179.4\Extensions\DumpMinitool.exe
C:\Program Files\dotnet\sdk\7.0.100-preview.3.22179.4\Extensions\DumpMinitool.x86.exe
C:\Program Files\dotnet\sdk\7.0.100-preview.3.22179.4\Extensions\Microsoft.Diagnostics.NETCore.Client.dll
C:\Program Files\dotnet\sdk\7.0.100-preview.3.22179.4\Extensions\Microsoft.TestPlatform.Extensions.BlameDataCollector.dll
C:\Program Files\dotnet\sdk\7.0.100-preview.3.22179.4\Extensions\Microsoft.TestPlatform.Extensions.EventLogCollector.dll
C:\Program Files\dotnet\sdk\7.0.100-preview.3.22179.4\Extensions\Microsoft.TestPlatform.TestHostRuntimeProvider.dll
C:\Program Files\dotnet\sdk\7.0.100-preview.3.22179.4\Extensions\Microsoft.VisualStudio.TestPlatform.Extensions.Html.TestLogger.dll
C:\Program Files\dotnet\sdk\7.0.100-preview.3.22179.4\Extensions\Microsoft.VisualStudio.TestPlatform.Extensions.Trx.TestLogger.dll
TpTrace Verbose: 0 : 27596, 1, 2022/12/31, 13:17:56.889, 4065189467527, vstest.console.dll, TestPluginCache.GetExtensionPaths: Added unfilterableExtensionPaths: 
TpTrace Verbose: 0 : 27596, 1, 2022/12/31, 13:17:56.890, 4065189467731, vstest.console.dll, TestPluginCache.DiscoverTestExtensions: Discovering the extensions using allExtensionPaths: C:\Program Files\dotnet\sdk\7.0.100-preview.3.22179.4\Extensions\DumpMinitool.exe
C:\Program Files\dotnet\sdk\7.0.100-preview.3.22179.4\Extensions\DumpMinitool.x86.exe
C:\Program Files\dotnet\sdk\7.0.100-preview.3.22179.4\Extensions\Microsoft.Diagnostics.NETCore.Client.dll
C:\Program Files\dotnet\sdk\7.0.100-preview.3.22179.4\Extensions\Microsoft.TestPlatform.Extensions.BlameDataCollector.dll
C:\Program Files\dotnet\sdk\7.0.100-preview.3.22179.4\Extensions\Microsoft.TestPlatform.Extensions.EventLogCollector.dll
C:\Program Files\dotnet\sdk\7.0.100-preview.3.22179.4\Extensions\Microsoft.TestPlatform.TestHostRuntimeProvider.dll
C:\Program Files\dotnet\sdk\7.0.100-preview.3.22179.4\Extensions\Microsoft.VisualStudio.TestPlatform.Extensions.Html.TestLogger.dll
C:\Program Files\dotnet\sdk\7.0.100-preview.3.22179.4\Extensions\Microsoft.VisualStudio.TestPlatform.Extensions.Trx.TestLogger.dll
TpTrace Information: 0 : 27596, 1, 2022/12/31, 13:17:56.890, 4065189468026, vstest.console.dll, AssemblyResolver.AddSearchDirectories: Adding more searchDirectories C:\Program Files\dotnet\sdk\7.0.100-preview.3.22179.4\Extensions,C:\Program Files\dotnet\sdk\7.0.100-preview.3.22179.4
TpTrace Information: 0 : 27596, 1, 2022/12/31, 13:17:56.890, 4065189468270, vstest.console.dll, AssemblyResolver.AddSearchDirectories: Adding more searchDirectories C:\Program Files\dotnet\sdk\7.0.100-preview.3.22179.4\Extensions,C:\Program Files\dotnet\sdk\7.0.100-preview.3.22179.4
TpTrace Information: 0 : 27596, 1, 2022/12/31, 13:17:56.890, 4065189468460, vstest.console.dll, AssemblyResolver.AddSearchDirectories: Adding more searchDirectories C:\Program Files\dotnet\sdk\7.0.100-preview.3.22179.4\Extensions,C:\Program Files\dotnet\sdk\7.0.100-preview.3.22179.4
TpTrace Information: 0 : 27596, 1, 2022/12/31, 13:17:56.890, 4065189468667, vstest.console.dll, AssemblyResolver.AddSearchDirectories: Adding more searchDirectories C:\Program Files\dotnet\sdk\7.0.100-preview.3.22179.4\Extensions,C:\Program Files\dotnet\sdk\7.0.100-preview.3.22179.4
TpTrace Information: 0 : 27596, 1, 2022/12/31, 13:17:56.890, 4065189468874, vstest.console.dll, AssemblyResolver.AddSearchDirectories: Adding more searchDirectories C:\Program Files\dotnet\sdk\7.0.100-preview.3.22179.4\Extensions,C:\Program Files\dotnet\sdk\7.0.100-preview.3.22179.4
TpTrace Information: 0 : 27596, 1, 2022/12/31, 13:17:56.890, 4065189469078, vstest.console.dll, AssemblyResolver.AddSearchDirectories: Adding more searchDirectories C:\Program Files\dotnet\sdk\7.0.100-preview.3.22179.4\Extensions,C:\Program Files\dotnet\sdk\7.0.100-preview.3.22179.4
TpTrace Information: 0 : 27596, 1, 2022/12/31, 13:17:56.890, 4065189469284, vstest.console.dll, AssemblyResolver.AddSearchDirectories: Adding more searchDirectories C:\Program Files\dotnet\sdk\7.0.100-preview.3.22179.4\Extensions,C:\Program Files\dotnet\sdk\7.0.100-preview.3.22179.4
TpTrace Information: 0 : 27596, 1, 2022/12/31, 13:17:56.890, 4065189469571, vstest.console.dll, AssemblyResolver.AddSearchDirectories: Adding more searchDirectories C:\Program Files\dotnet\sdk\7.0.100-preview.3.22179.4\Extensions,C:\Program Files\dotnet\sdk\7.0.100-preview.3.22179.4
TpTrace Verbose: 0 : 27596, 1, 2022/12/31, 13:17:56.890, 4065189470336, vstest.console.dll, MetadataReaderExtensionsHelper: Discovering extensions inside assembly 'DumpMinitool, Version=15.0.0.0, Culture=neutral, PublicKeyToken=b03f5f7f11d50a3a' file path 'C:\Program Files\dotnet\sdk\7.0.100-preview.3.22179.4\Extensions\DumpMinitool.exe'
TpTrace Verbose: 0 : 27596, 1, 2022/12/31, 13:17:56.890, 4065189475083, vstest.console.dll, MetadataReaderExtensionsHelper: Discovering extensions inside assembly 'DumpMinitool.x86, Version=15.0.0.0, Culture=neutral, PublicKeyToken=b03f5f7f11d50a3a' file path 'C:\Program Files\dotnet\sdk\7.0.100-preview.3.22179.4\Extensions\DumpMinitool.x86.exe'
TpTrace Verbose: 0 : 27596, 1, 2022/12/31, 13:17:56.891, 4065189479020, vstest.console.dll, MetadataReaderExtensionsHelper: Discovering extensions inside assembly 'Microsoft.Diagnostics.NETCore.Client, Version=0.2.5.801, Culture=neutral, PublicKeyToken=31bf3856ad364e35' file path 'C:\Program Files\dotnet\sdk\7.0.100-preview.3.22179.4\Extensions\Microsoft.Diagnostics.NETCore.Client.dll'
TpTrace Information: 0 : 27596, 1, 2022/12/31, 13:17:56.891, 4065189483362, vstest.console.dll, AssemblyResolver.OnResolve: Microsoft.Bcl.AsyncInterfaces: Resolving assembly.
TpTrace Information: 0 : 27596, 1, 2022/12/31, 13:17:56.891, 4065189483706, vstest.console.dll, AssemblyResolver.OnResolve: Microsoft.Bcl.AsyncInterfaces: Resolved from cache.
TpTrace Verbose: 0 : 27596, 1, 2022/12/31, 13:17:56.891, 4065189483899, vstest.console.dll, CurrentDomainAssemblyResolve: Resolving assembly 'Microsoft.Bcl.AsyncInterfaces'.
TpTrace Information: 0 : 27596, 1, 2022/12/31, 13:17:56.891, 4065189484279, vstest.console.dll, AssemblyResolver.OnResolve: Microsoft.Bcl.AsyncInterfaces: Resolving assembly.
TpTrace Information: 0 : 27596, 1, 2022/12/31, 13:17:56.891, 4065189484492, vstest.console.dll, AssemblyResolver.OnResolve: Microsoft.Bcl.AsyncInterfaces: Resolved from cache.
TpTrace Verbose: 0 : 27596, 1, 2022/12/31, 13:17:56.891, 4065189484686, vstest.console.dll, CurrentDomainAssemblyResolve: Resolving assembly 'Microsoft.Bcl.AsyncInterfaces'.
TpTrace Verbose: 0 : 27596, 1, 2022/12/31, 13:17:56.891, 4065189484853, vstest.console.dll, CurrentDomainAssemblyResolve: Failed to resolve assembly 'Microsoft.Bcl.AsyncInterfaces'.
TpTrace Verbose: 0 : 27596, 1, 2022/12/31, 13:17:56.891, 4065189485797, vstest.console.dll, CurrentDomainAssemblyResolve: Failed to resolve assembly 'Microsoft.Bcl.AsyncInterfaces'.
TpTrace Warning: 0 : 27596, 1, 2022/12/31, 13:17:56.892, 4065189488109, vstest.console.dll, TestPluginDiscoverer: Failed to get types from assembly 'Microsoft.Diagnostics.NETCore.Client, Version=0.2.5.801, Culture=neutral, PublicKeyToken=31bf3856ad364e35'. Error: System.Reflection.ReflectionTypeLoadException: Unable to load one or more of the requested types.
Could not load file or assembly 'Microsoft.Bcl.AsyncInterfaces, Version=1.0.0.0, Culture=neutral, PublicKeyToken=cc7b13ffcd2ddd51'. O sistema não pode encontrar o arquivo especificado.
   at System.Reflection.RuntimeModule.GetTypes(RuntimeModule module)
   at System.Reflection.Assembly.GetTypes()
   at Microsoft.VisualStudio.TestPlatform.Common.ExtensionFramework.TestPluginDiscoverer.GetTestExtensionsFromAssembly[TPluginInfo,TExtension](Assembly assembly, Dictionary`2 pluginInfos, String filePath)
System.IO.FileNotFoundException: Could not load file or assembly 'Microsoft.Bcl.AsyncInterfaces, Version=1.0.0.0, Culture=neutral, PublicKeyToken=cc7b13ffcd2ddd51'. O sistema não pode encontrar o arquivo especificado.
File name: 'Microsoft.Bcl.AsyncInterfaces, Version=1.0.0.0, Culture=neutral, PublicKeyToken=cc7b13ffcd2ddd51'
 ---> System.IO.FileNotFoundException: Could not load file or assembly 'Microsoft.Bcl.AsyncInterfaces, Culture=neutral, PublicKeyToken=null'. O sistema não pode encontrar o arquivo especificado.
File name: 'Microsoft.Bcl.AsyncInterfaces, Culture=neutral, PublicKeyToken=null'
   at System.Reflection.RuntimeAssembly.<InternalLoad>g____PInvoke__|48_0(ObjectHandleOnStack assemblyName, ObjectHandleOnStack requestingAssembly, StackCrawlMarkHandle stackMark, Int32 throwOnFileNotFound, ObjectHandleOnStack assemblyLoadContext, ObjectHandleOnStack retAssembly)
   at System.Reflection.RuntimeAssembly.InternalLoad(AssemblyName assemblyName, RuntimeAssembly requestingAssembly, StackCrawlMark& stackMark, Boolean throwOnFileNotFound, AssemblyLoadContext assemblyLoadContext)
   at System.Reflection.Assembly.Load(AssemblyName assemblyRef)
   at Microsoft.VisualStudio.TestPlatform.Common.ExtensionFramework.TestPluginCache.CurrentDomainAssemblyResolve(Object sender, AssemblyResolveEventArgs args)
   at System.Runtime.Loader.AssemblyLoadContext.GetFirstResolvedAssemblyFromResolvingEvent(AssemblyName assemblyName)
   at System.Runtime.Loader.AssemblyLoadContext.ResolveUsingEvent(AssemblyName assemblyName)
   at System.Runtime.Loader.AssemblyLoadContext.ResolveUsingResolvingEvent(IntPtr gchManagedAssemblyLoadContext, AssemblyName assemblyName)
TpTrace Warning: 0 : 27596, 1, 2022/12/31, 13:17:56.892, 4065189489425, vstest.console.dll, TestPluginDiscoverer: Failed to load extensions from file 'C:\Program Files\dotnet\sdk\7.0.100-preview.3.22179.4\Extensions\Microsoft.Diagnostics.NETCore.Client.dll'.  Skipping test extension scan for this file.  Error: System.ArgumentNullException: Value cannot be null. (Parameter 'type')
   at <PrivateImplementationDetails>.Throw(String paramName)
   at System.Reflection.IntrospectionExtensions.GetTypeInfo(Type type)
   at Microsoft.VisualStudio.TestPlatform.Common.ExtensionFramework.TestPluginDiscoverer.<>c__6`2.<GetTestExtensionsFromAssembly>b__6_1(Type type)
   at System.Linq.Enumerable.WhereArrayIterator`1.MoveNext()
   at System.Collections.Generic.List`1.InsertRange(Int32 index, IEnumerable`1 collection)
   at Microsoft.VisualStudio.TestPlatform.Common.ExtensionFramework.TestPluginDiscoverer.GetTestExtensionsFromAssembly[TPluginInfo,TExtension](Assembly assembly, Dictionary`2 pluginInfos, String filePath)
   at Microsoft.VisualStudio.TestPlatform.Common.ExtensionFramework.TestPluginDiscoverer.GetTestExtensionsFromFiles[TPluginInfo,TExtension](String[] files, Dictionary`2 pluginInfos)
TpTrace Verbose: 0 : 27596, 1, 2022/12/31, 13:17:56.892, 4065189489871, vstest.console.dll, MetadataReaderExtensionsHelper: Discovering extensions inside assembly 'Microsoft.TestPlatform.Extensions.BlameDataCollector, Version=15.0.0.0, Culture=neutral, PublicKeyToken=b03f5f7f11d50a3a' file path 'C:\Program Files\dotnet\sdk\7.0.100-preview.3.22179.4\Extensions\Microsoft.TestPlatform.Extensions.BlameDataCollector.dll'
TpTrace Information: 0 : 27596, 1, 2022/12/31, 13:17:56.892, 4065189494339, vstest.console.dll, GetTestExtensionFromType: Register extension with identifier data 'logger://Microsoft/TestPlatform/Extensions/Blame/v1' and type 'Microsoft.TestPlatform.Extensions.BlameDataCollector.BlameLogger, Microsoft.TestPlatform.Extensions.BlameDataCollector, Version=15.0.0.0, Culture=neutral, PublicKeyToken=b03f5f7f11d50a3a' inside file 'C:\Program Files\dotnet\sdk\7.0.100-preview.3.22179.4\Extensions\Microsoft.TestPlatform.Extensions.BlameDataCollector.dll'
TpTrace Verbose: 0 : 27596, 1, 2022/12/31, 13:17:56.892, 4065189494808, vstest.console.dll, MetadataReaderExtensionsHelper: Discovering extensions inside assembly 'Microsoft.TestPlatform.Extensions.EventLogCollector, Version=15.0.0.0, Culture=neutral, PublicKeyToken=b03f5f7f11d50a3a' file path 'C:\Program Files\dotnet\sdk\7.0.100-preview.3.22179.4\Extensions\Microsoft.TestPlatform.Extensions.EventLogCollector.dll'
TpTrace Verbose: 0 : 27596, 1, 2022/12/31, 13:17:56.893, 4065189498516, vstest.console.dll, MetadataReaderExtensionsHelper: Discovering extensions inside assembly 'Microsoft.TestPlatform.TestHostRuntimeProvider, Version=15.0.0.0, Culture=neutral, PublicKeyToken=b03f5f7f11d50a3a' file path 'C:\Program Files\dotnet\sdk\7.0.100-preview.3.22179.4\Extensions\Microsoft.TestPlatform.TestHostRuntimeProvider.dll'
TpTrace Verbose: 0 : 27596, 1, 2022/12/31, 13:17:56.893, 4065189502754, vstest.console.dll, MetadataReaderExtensionsHelper: Discovering extensions inside assembly 'Microsoft.VisualStudio.TestPlatform.Extensions.Html.TestLogger, Version=15.0.0.0, Culture=neutral, PublicKeyToken=b03f5f7f11d50a3a' file path 'C:\Program Files\dotnet\sdk\7.0.100-preview.3.22179.4\Extensions\Microsoft.VisualStudio.TestPlatform.Extensions.Html.TestLogger.dll'
TpTrace Information: 0 : 27596, 1, 2022/12/31, 13:17:56.893, 4065189506152, vstest.console.dll, GetTestExtensionFromType: Register extension with identifier data 'logger://Microsoft/TestPlatform/HtmlLogger/v1' and type 'Microsoft.VisualStudio.TestPlatform.Extensions.HtmlLogger.HtmlLogger, Microsoft.VisualStudio.TestPlatform.Extensions.Html.TestLogger, Version=15.0.0.0, Culture=neutral, PublicKeyToken=b03f5f7f11d50a3a' inside file 'C:\Program Files\dotnet\sdk\7.0.100-preview.3.22179.4\Extensions\Microsoft.VisualStudio.TestPlatform.Extensions.Html.TestLogger.dll'
TpTrace Verbose: 0 : 27596, 1, 2022/12/31, 13:17:56.893, 4065189506654, vstest.console.dll, MetadataReaderExtensionsHelper: Discovering extensions inside assembly 'Microsoft.VisualStudio.TestPlatform.Extensions.Trx.TestLogger, Version=15.0.0.0, Culture=neutral, PublicKeyToken=b03f5f7f11d50a3a' file path 'C:\Program Files\dotnet\sdk\7.0.100-preview.3.22179.4\Extensions\Microsoft.VisualStudio.TestPlatform.Extensions.Trx.TestLogger.dll'
TpTrace Information: 0 : 27596, 1, 2022/12/31, 13:17:56.894, 4065189509547, vstest.console.dll, GetTestExtensionFromType: Register extension with identifier data 'logger://Microsoft/TestPlatform/TrxLogger/v1' and type 'Microsoft.VisualStudio.TestPlatform.Extensions.TrxLogger.TrxLogger, Microsoft.VisualStudio.TestPlatform.Extensions.Trx.TestLogger, Version=15.0.0.0, Culture=neutral, PublicKeyToken=b03f5f7f11d50a3a' inside file 'C:\Program Files\dotnet\sdk\7.0.100-preview.3.22179.4\Extensions\Microsoft.VisualStudio.TestPlatform.Extensions.Trx.TestLogger.dll'
TpTrace Verbose: 0 : 27596, 1, 2022/12/31, 13:17:56.894, 4065189510017, vstest.console.dll, TestPluginCache: Discovered the extensions using extension path ''.
TpTrace Verbose: 0 : 27596, 1, 2022/12/31, 13:17:56.894, 4065189510227, vstest.console.dll, TestPluginCache: Discoverers are ''.
TpTrace Verbose: 0 : 27596, 1, 2022/12/31, 13:17:56.894, 4065189510388, vstest.console.dll, TestPluginCache: Executors are ''.
TpTrace Verbose: 0 : 27596, 1, 2022/12/31, 13:17:56.894, 4065189510537, vstest.console.dll, TestPluginCache: Executors2 are ''.
TpTrace Verbose: 0 : 27596, 1, 2022/12/31, 13:17:56.894, 4065189510684, vstest.console.dll, TestPluginCache: Setting providers are ''.
TpTrace Verbose: 0 : 27596, 1, 2022/12/31, 13:17:56.894, 4065189511303, vstest.console.dll, TestPluginCache: Loggers are 'logger://Microsoft/TestPlatform/Extensions/Blame/v1,logger://Microsoft/TestPlatform/HtmlLogger/v1,logger://Microsoft/TestPlatform/TrxLogger/v1'.
TpTrace Verbose: 0 : 27596, 1, 2022/12/31, 13:17:56.894, 4065189511647, vstest.console.dll, TestPluginCache: TestHosts are 'HostProvider://DefaultTestHost,HostProvider://DotnetTestHost'.
TpTrace Verbose: 0 : 27596, 1, 2022/12/31, 13:17:56.894, 4065189511853, vstest.console.dll, TestPluginCache: DataCollectors are ''.
TpTrace Information: 0 : 27596, 1, 2022/12/31, 13:17:56.894, 4065189516409, vstest.console.dll, TestPluginManager.CreateTestExtension: Attempting to load test extension: Microsoft.TestPlatform.Extensions.BlameDataCollector.BlameLogger
TpTrace Information: 0 : 27596, 1, 2022/12/31, 13:17:56.899, 4065189566234, vstest.console.dll, TestPluginManager.CreateTestExtension: Attempting to load test extension: Microsoft.VisualStudio.TestPlatform.CrossPlatEngine.Hosting.DefaultTestHostManager
TpTrace Information: 0 : 27596, 1, 2022/12/31, 13:17:56.900, 4065189575417, vstest.console.dll, TestPluginManager.CreateTestExtension: Attempting to load test extension: Microsoft.VisualStudio.TestPlatform.CrossPlatEngine.Hosting.DotnetTestHostManager
TpTrace Verbose: 0 : 27596, 1, 2022/12/31, 13:17:56.901, 4065189580197, vstest.console.dll, TestEngine: Initializing Parallel Execution as MaxCpuCount is set to: 1
TpTrace Information: 0 : 27596, 1, 2022/12/31, 13:17:56.901, 4065189584382, vstest.console.dll, InferRunSettingsHelper.IsTestSettingsEnabled: Unable to navigate to RunSettings/MSTest. Current node: RunSettings
TpTrace Verbose: 0 : 27596, 1, 2022/12/31, 13:17:56.902, 4065189591808, vstest.console.dll, TestRequestSender is acting as server.
TpTrace Verbose: 0 : 27596, 1, 2022/12/31, 13:17:56.903, 4065189599536, vstest.console.dll, TestEngine.GetExecutionManager: Chosen execution manager 'Microsoft.VisualStudio.TestPlatform.CrossPlatEngine.Client.Parallel.ParallelProxyExecutionManager, Microsoft.TestPlatform.CrossPlatEngine, Version=15.0.0.0, Culture=neutral, PublicKeyToken=b03f5f7f11d50a3a' ParallelLevel '1' Shared host 'False'
TpTrace Verbose: 0 : 27596, 5, 2022/12/31, 13:17:56.905, 4065189620097, vstest.console.dll, DataCollectionRequestSender.InitializeCommunication : Initialize communication. 
TpTrace Information: 0 : 27596, 5, 2022/12/31, 13:17:56.907, 4065189642835, vstest.console.dll, Listening on Endpoint : 127.0.0.1:50615
TpTrace Verbose: 0 : 27596, 5, 2022/12/31, 13:17:56.912, 4065189695376, vstest.console.dll, DotnetDataCollectionLauncher: Full path of dotnet.exe is C:\Program Files\dotnet\dotnet.exe
TpTrace Verbose: 0 : 27596, 5, 2022/12/31, 13:17:56.912, 4065189696511, vstest.console.dll, DotnetDataCollectionLauncher: Adding  --runtimeconfig "C:\Program Files\dotnet\sdk\7.0.100-preview.3.22179.4\datacollector.runtimeconfig.json" in args
TpTrace Verbose: 0 : 27596, 5, 2022/12/31, 13:17:56.912, 4065189697064, vstest.console.dll, DotnetDataCollectionLauncher: Adding  --depsfile "C:\Program Files\dotnet\sdk\7.0.100-preview.3.22179.4\datacollector.deps.json" in args
TpTrace Information: 0 : 27596, 5, 2022/12/31, 13:17:56.917, 4065189737955, vstest.console.dll, ProxyDataCollectionManager.Initialize: Launched datacollector processId: 2616 port: 50615
TpTrace Information: 0 : 27596, 5, 2022/12/31, 13:17:56.917, 4065189739361, vstest.console.dll, ProxyDataCollectionManager.Initialize: waiting for connection with timeout: 90 seconds
TpTrace Verbose: 0 : 27596, 5, 2022/12/31, 13:17:56.917, 4065189739873, vstest.console.dll, DataCollectionRequestSender.WaitForRequestHandlerConnection : Waiting for connection with timeout: 90000
TpTrace Information: 0 : 27596, 7, 2022/12/31, 13:17:57.011, 4065190680347, vstest.console.dll, Using the buffer size of 16384 bytes
TpTrace Verbose: 0 : 27596, 5, 2022/12/31, 13:17:57.011, 4065190680754, vstest.console.dll, SocketCommunicationManager.WaitForClientConnection took: 94 ms, with 90000 ms timeout, and finished with True.
TpTrace Information: 0 : 27596, 7, 2022/12/31, 13:17:57.011, 4065190681628, vstest.console.dll, Accepted Client request and set the flag
TpTrace Verbose: 0 : 27596, 5, 2022/12/31, 13:17:57.011, 4065190681666, vstest.console.dll, ProxyDataCollectionManager.InvokeDataCollectionServiceAction: Starting.
TpTrace Information: 0 : 27596, 5, 2022/12/31, 13:17:57.011, 4065190683063, vstest.console.dll, ProxyDataCollectionManager.BeforeTestRunStart: Get environment variable and port for datacollector processId: 2616 port: 50615
TpTrace Verbose: 0 : 27596, 5, 2022/12/31, 13:17:57.011, 4065190683908, vstest.console.dll, DataCollectionRequestSender.SendBeforeTestRunStartAndGetResult: Send BeforeTestRunStart message with settingsXml <RunSettings><RunConfiguration><ResultsDirectory>F:\Projetos ASP.NET\Curso Testes\TestesDeSoftware\03 - Testes de Integracao\NerdStore.WebApp.Tests\bin\Debug\net6.0\fine-code-coverage\coverage-tool-output</ResultsDirectory><TargetPlatform>X64</TargetPlatform><TargetFrameworkVersion>.NETCoreApp,Version=v6.0</TargetFrameworkVersion><DesignMode>False</DesignMode><CollectSourceInformation>False</CollectSourceInformation><TestAdaptersPaths>C:\Program Files\dotnet\sdk\7.0.100-preview.3.22179.4\Extensions</TestAdaptersPaths></RunConfiguration><LoggerRunSettings><Loggers><Logger friendlyName="blame" enabled="True" /><Logger friendlyName="Console" uri="logger://microsoft/TestPlatform/ConsoleLogger/v1" assemblyQualifiedName="Microsoft.VisualStudio.TestPlatform.CommandLine.Internal.ConsoleLogger, vstest.console, Version=15.0.0.0, Culture=neutral, PublicKeyToken=b03f5f7f11d50a3a" codeBase="C:\Program Files\dotnet\sdk\7.0.100-preview.3.22179.4\vstest.console.dll" enabled="True" /></Loggers></LoggerRunSettings><DataCollectionRunSettings><DataCollectors><DataCollector friendlyName="blame" enabled="True"><Configuration><ResultsDirectory>F:\Projetos ASP.NET\Curso Testes\TestesDeSoftware\03 - Testes de Integracao\NerdStore.WebApp.Tests\bin\Debug\net6.0\fine-code-coverage\coverage-tool-output</ResultsDirectory></Configuration></DataCollector></DataCollectors></DataCollectionRunSettings></RunSettings> and sources System.Linq.Enumerable+Concat2Iterator`1[System.String]: 
TpTrace Verbose: 0 : 27596, 5, 2022/12/31, 13:17:57.066, 4065191237551, vstest.console.dll, DataCollectionRequestSender.SendBeforeTestRunStartAndGetResult: Received message: (DataCollection.SendMessage) -> {
  "FriendlyName": null,
  "Uri": null,
  "TestCaseId": "00000000-0000-0000-0000-000000000000",
  "Message": "Logging DataCollector Diagnostics in file: F:\\Projetos ASP.NET\\Curso Testes\\TestesDeSoftware\\03 - Testes de Integracao\\NerdStore.WebApp.Tests\\bin\\Debug\\net6.0\\fine-code-coverage\\coverage-tool-output\\diagnostics.datacollector.22-12-31_13-17-56_91259_5.log",
  "Level": 0
}
TpTrace Verbose: 0 : 27596, 5, 2022/12/31, 13:17:57.124, 4065191815729, vstest.console.dll, DataCollectionRequestSender.SendBeforeTestRunStartAndGetResult: Received message: (DataCollection.BeforeTestRunStartResult) -> {
  "EnvironmentVariables": {},
  "DataCollectionEventsPort": 50617
}
TpTrace Information: 0 : 27596, 5, 2022/12/31, 13:17:57.128, 4065191856581, vstest.console.dll, ProxyDataCollectionManager.BeforeTestRunStart: SendBeforeTestRunStartAndGetResult successful, env variable from datacollector:   and testhost port: 50617
TpTrace Information: 0 : 27596, 5, 2022/12/31, 13:17:57.128, 4065191857151, vstest.console.dll, ProxyDataCollectionManager.InvokeDataCollectionServiceAction: Completed.
TpTrace Verbose: 0 : 27596, 1, 2022/12/31, 13:17:57.129, 4065191858314, vstest.console.dll, TestRunRequest.ExecuteAsync: Creating test run request.
TpTrace Verbose: 0 : 27596, 1, 2022/12/31, 13:17:57.129, 4065191860171, vstest.console.dll, TestRunRequest.ExecuteAsync: Starting.
TpTrace Information: 0 : 27596, 1, 2022/12/31, 13:17:57.129, 4065191862475, vstest.console.dll, TestRunRequest.ExecuteAsync: Starting run with settings:TestRunCriteria:
   KeepAlive=False,FrequencyOfRunStatsChangeEvent=10,RunStatsChangeEventTimeout=00:00:01.5000000,TestCaseFilter=,TestExecutorLauncher=
   Settingsxml=<RunSettings>
  <RunConfiguration>
    <ResultsDirectory>F:\Projetos ASP.NET\Curso Testes\TestesDeSoftware\03 - Testes de Integracao\NerdStore.WebApp.Tests\bin\Debug\net6.0\fine-code-coverage\coverage-tool-output</ResultsDirectory>
    <TargetPlatform>X64</TargetPlatform>
    <TargetFrameworkVersion>.NETCoreApp,Version=v6.0</TargetFrameworkVersion>
    <DesignMode>False</DesignMode>
    <CollectSourceInformation>False</CollectSourceInformation>
  </RunConfiguration>
  <LoggerRunSettings>
    <Loggers>
      <Logger friendlyName="blame" enabled="True" />
      <Logger friendlyName="Console" uri="logger://microsoft/TestPlatform/ConsoleLogger/v1" assemblyQualifiedName="Microsoft.VisualStudio.TestPlatform.CommandLine.Internal.ConsoleLogger, vstest.console, Version=15.0.0.0, Culture=neutral, PublicKeyToken=b03f5f7f11d50a3a" codeBase="C:\Program Files\dotnet\sdk\7.0.100-preview.3.22179.4\vstest.console.dll" enabled="True" />
    </Loggers>
  </LoggerRunSettings>
  <DataCollectionRunSettings>
    <DataCollectors>
      <DataCollector friendlyName="blame" enabled="True">
        <Configuration>
          <ResultsDirectory>F:\Projetos ASP.NET\Curso Testes\TestesDeSoftware\03 - Testes de Integracao\NerdStore.WebApp.Tests\bin\Debug\net6.0\fine-code-coverage\coverage-tool-output</ResultsDirectory>
        </Configuration>
      </DataCollector>
    </DataCollectors>
  </DataCollectionRunSettings>
</RunSettings>

TpTrace Verbose: 0 : 27596, 1, 2022/12/31, 13:17:57.129, 4065191862869, vstest.console.dll, TestRunRequest.ExecuteAsync: Wait for the first run request is over.
TpTrace Verbose: 0 : 27596, 1, 2022/12/31, 13:17:57.129, 4065191864891, vstest.console.dll, MulticastDelegateUtilities.SafeInvoke: TestRun.TestRunStart: Invoking callbacks was skipped because there are no subscribers.
TpTrace Verbose: 0 : 27596, 1, 2022/12/31, 13:17:57.129, 4065191866189, vstest.console.dll, ParallelProxyExecutionManager: Start execution. Total sources: 1
TpTrace Verbose: 0 : 27596, 4, 2022/12/31, 13:17:57.129, 4065191866747, vstest.console.dll, MulticastDelegateUtilities.SafeInvoke: InternalTestLoggerEvents.SendTestRunStart: Invoking callback 1/1 for Microsoft.VisualStudio.TestPlatform.CommandLine.Internal.ConsoleLogger.TestRunStartHandler, took 0 ms.
TpTrace Information: 0 : 27596, 1, 2022/12/31, 13:17:57.130, 4065191870241, vstest.console.dll, ProxyParallelExecutionManager: Triggering test run for next source: F:\Projetos ASP.NET\Curso Testes\TestesDeSoftware\03 - Testes de Integracao\NerdStore.WebApp.Tests\bin\Debug\net6.0\fine-code-coverage\build-output\NerdStore.WebApp.Tests.dll
TpTrace Verbose: 0 : 27596, 1, 2022/12/31, 13:17:57.130, 4065191871411, vstest.console.dll, ProxyParallelExecutionManager: No sources available for execution.
TpTrace Verbose: 0 : 27596, 5, 2022/12/31, 13:17:57.130, 4065191871471, vstest.console.dll, ParallelProxyExecutionManager: Execution started. Started clients: 1
TpTrace Information: 0 : 27596, 1, 2022/12/31, 13:17:57.130, 4065191871736, vstest.console.dll, TestRunRequest.ExecuteAsync: Started.
TpTrace Verbose: 0 : 27596, 1, 2022/12/31, 13:17:57.130, 4065191872741, vstest.console.dll, TestRunRequest.WaitForCompletion: Waiting with timeout -1.
TpTrace Verbose: 0 : 27596, 5, 2022/12/31, 13:17:57.130, 4065191873927, vstest.console.dll, TestRunRequest:SendTestRunMessage: Starting.
TpTrace Verbose: 0 : 27596, 5, 2022/12/31, 13:17:57.130, 4065191874793, vstest.console.dll, MulticastDelegateUtilities.SafeInvoke: TestRun.LogMessages: Invoking callback 1/1 for Microsoft.VisualStudio.TestPlatform.CommandLine.TestRunResultAggregator.TestRunMessageHandler, took 0 ms.
TpTrace Information: 0 : 27596, 5, 2022/12/31, 13:17:57.130, 4065191875055, vstest.console.dll, TestRunRequest:SendTestRunMessage: Completed.
TpTrace Verbose: 0 : 27596, 4, 2022/12/31, 13:17:57.130, 4065191875176, vstest.console.dll, MulticastDelegateUtilities.SafeInvoke: InternalTestLoggerEvents.SendTestRunMessage: Invoking callback 1/1 for Microsoft.VisualStudio.TestPlatform.CommandLine.Internal.ConsoleLogger.TestMessageHandler, took 0 ms.
TpTrace Verbose: 0 : 27596, 5, 2022/12/31, 13:17:57.130, 4065191876471, vstest.console.dll, ProxyExecutionManager: Test host is always Lazy initialize.
TpTrace Verbose: 0 : 27596, 5, 2022/12/31, 13:17:57.131, 4065191878404, vstest.console.dll, TestRequestSender.InitializeCommunication: initialize communication. 
TpTrace Information: 0 : 27596, 5, 2022/12/31, 13:17:57.131, 4065191881739, vstest.console.dll, SocketServer.Start: Listening on endpoint : 127.0.0.1:50618
TpTrace Verbose: 0 : 27596, 5, 2022/12/31, 13:17:57.131, 4065191886008, vstest.console.dll, DotnetTestHostmanager.GetTestHostProcessStartInfo: Platform environment 'X64' target architecture 'X64' framework '.NETCoreApp,Version=v6.0' OS 'Windows'
TpTrace Verbose: 0 : 27596, 5, 2022/12/31, 13:17:57.131, 4065191887121, vstest.console.dll, DotnetTestHostmanager: Adding  --runtimeconfig "F:\Projetos ASP.NET\Curso Testes\TestesDeSoftware\03 - Testes de Integracao\NerdStore.WebApp.Tests\bin\Debug\net6.0\fine-code-coverage\build-output\NerdStore.WebApp.Tests.runtimeconfig.json" in args
TpTrace Verbose: 0 : 27596, 5, 2022/12/31, 13:17:57.131, 4065191887508, vstest.console.dll, DotnetTestHostmanager: Adding  --depsfile "F:\Projetos ASP.NET\Curso Testes\TestesDeSoftware\03 - Testes de Integracao\NerdStore.WebApp.Tests\bin\Debug\net6.0\fine-code-coverage\build-output\NerdStore.WebApp.Tests.deps.json" in args
TpTrace Verbose: 0 : 27596, 5, 2022/12/31, 13:17:57.132, 4065191892284, vstest.console.dll, DotnetTestHostmanager.IsWinOnArm: Current PROCESSOR_ARCHITECTURE from registry 'AMD64'
TpTrace Verbose: 0 : 27596, 5, 2022/12/31, 13:17:57.132, 4065191892945, vstest.console.dll, DotnetTestHostmanager.IsWinOnArm: Is Windows on ARM 'False'
TpTrace Verbose: 0 : 27596, 5, 2022/12/31, 13:17:57.132, 4065191893418, vstest.console.dll, DotnetTestHostManager: testhost.exe found at path: F:\Projetos ASP.NET\Curso Testes\TestesDeSoftware\03 - Testes de Integracao\NerdStore.WebApp.Tests\bin\Debug\net6.0\fine-code-coverage\build-output\testhost.exe
TpTrace Verbose: 0 : 27596, 5, 2022/12/31, 13:17:57.132, 4065191893744, vstest.console.dll, DotnetTestHostmanager: Full path of host exe is F:\Projetos ASP.NET\Curso Testes\TestesDeSoftware\03 - Testes de Integracao\NerdStore.WebApp.Tests\bin\Debug\net6.0\fine-code-coverage\build-output\testhost.exe
TpTrace Verbose: 0 : 27596, 5, 2022/12/31, 13:17:57.132, 4065191894611, vstest.console.dll, DotnetTestHostmanager.LaunchTestHostAsync: Found 'VSTEST_WINAPPHOST_DOTNET_ROOT' in env variables, value 'C:\Program Files\dotnet', forwarding to 'DOTNET_ROOT'
TpTrace Verbose: 0 : 27596, 7, 2022/12/31, 13:17:57.133, 4065191900555, vstest.console.dll, DotnetTestHostManager: Starting process 'F:\Projetos ASP.NET\Curso Testes\TestesDeSoftware\03 - Testes de Integracao\NerdStore.WebApp.Tests\bin\Debug\net6.0\fine-code-coverage\build-output\testhost.exe' with command line ' --runtimeconfig "F:\Projetos ASP.NET\Curso Testes\TestesDeSoftware\03 - Testes de Integracao\NerdStore.WebApp.Tests\bin\Debug\net6.0\fine-code-coverage\build-output\NerdStore.WebApp.Tests.runtimeconfig.json" --depsfile "F:\Projetos ASP.NET\Curso Testes\TestesDeSoftware\03 - Testes de Integracao\NerdStore.WebApp.Tests\bin\Debug\net6.0\fine-code-coverage\build-output\NerdStore.WebApp.Tests.deps.json" --port 50618 --endpoint 127.0.0.1:050618 --role client --parentprocessid 27596 --diag "F:\Projetos ASP.NET\Curso Testes\TestesDeSoftware\03 - Testes de Integracao\NerdStore.WebApp.Tests\bin\Debug\net6.0\fine-code-coverage\coverage-tool-output\diagnostics.host.22-12-31_13-17-57_13161_5.log" --tracelevel 4 --datacollectionport 50617 --telemetryoptedin false'
TpTrace Verbose: 0 : 27596, 7, 2022/12/31, 13:17:57.137, 4065191938842, vstest.console.dll, MulticastDelegateUtilities.SafeInvoke: HostProviderEvents.OnHostLaunched: Invoking callback 1/2 for Microsoft.VisualStudio.TestPlatform.CrossPlatEngine.Client.ProxyExecutionManagerWithDataCollection.TestHostLaunchedHandler, took 0 ms.
TpTrace Verbose: 0 : 27596, 7, 2022/12/31, 13:17:57.137, 4065191939617, vstest.console.dll, Test Runtime launched
TpTrace Verbose: 0 : 27596, 7, 2022/12/31, 13:17:57.137, 4065191940022, vstest.console.dll, MulticastDelegateUtilities.SafeInvoke: HostProviderEvents.OnHostLaunched: Invoking callback 2/2 for Microsoft.VisualStudio.TestPlatform.CrossPlatEngine.Client.ProxyOperationManager.TestHostManagerHostLaunched, took 0 ms.
TpTrace Verbose: 0 : 27596, 5, 2022/12/31, 13:17:57.137, 4065191944203, vstest.console.dll, TestRequestSender.WaitForRequestHandlerConnection: waiting for connection with timeout: 90000.
TpTrace Verbose: 0 : 27596, 7, 2022/12/31, 13:17:57.230, 4065192872117, vstest.console.dll, MulticastDelegateUtilities.SafeInvoke: SocketServer: ClientConnected: Invoking callback 1/1 for Microsoft.VisualStudio.TestPlatform.CommunicationUtilities.TestRequestSender.<InitializeCommunication>b__23_0, took 0 ms.
TpTrace Verbose: 0 : 27596, 5, 2022/12/31, 13:17:57.230, 4065192872374, vstest.console.dll, TestRequestSender.WaitForRequestHandlerConnection: waiting took 92 ms, with timeout 90000 ms, and result 0, which is success.
TpTrace Verbose: 0 : 27596, 7, 2022/12/31, 13:17:57.230, 4065192872731, vstest.console.dll, SocketServer.OnClientConnected: Client connected for endPoint: 127.0.0.1:50618, starting MessageLoopAsync:
TpTrace Verbose: 0 : 27596, 7, 2022/12/31, 13:17:57.230, 4065192874981, vstest.console.dll, TcpClientExtensions.MessageLoopAsync: Polling on remoteEndPoint: 127.0.0.1:50619 localEndPoint: 127.0.0.1:50618
TpTrace Verbose: 0 : 27596, 5, 2022/12/31, 13:17:57.231, 4065192878865, vstest.console.dll, TestRequestSender.CheckVersionWithTestHost: Sending check version message: {"MessageType":"ProtocolVersion","Payload":6}
TpTrace Verbose: 0 : 27596, 7, 2022/12/31, 13:17:57.327, 4065193845873, vstest.console.dll, TcpClientExtensions.MessageLoopAsync: NotifyDataAvailable remoteEndPoint: 127.0.0.1:50619 localEndPoint: 127.0.0.1:50618
TpTrace Verbose: 0 : 27596, 7, 2022/12/31, 13:17:57.328, 4065193847808, vstest.console.dll, TestRequestSender.CheckVersionWithTestHost: onMessageReceived received message: (ProtocolVersion) -> 5
TpTrace Verbose: 0 : 27596, 7, 2022/12/31, 13:17:57.328, 4065193850777, vstest.console.dll, MulticastDelegateUtilities.SafeInvoke: LengthPrefixCommunicationChannel: MessageReceived: Invoking callback 1/1 for Microsoft.VisualStudio.TestPlatform.CommunicationUtilities.TestRequestSender+<>c__DisplayClass25_0.<CheckVersionWithTestHost>b__0, took 0 ms.
TpTrace Verbose: 0 : 27596, 7, 2022/12/31, 13:17:57.328, 4065193851286, vstest.console.dll, TcpClientExtensions.MessageLoopAsync: Polling on remoteEndPoint: 127.0.0.1:50619 localEndPoint: 127.0.0.1:50618
TpTrace Verbose: 0 : 27596, 5, 2022/12/31, 13:17:57.328, 4065193851664, vstest.console.dll, TestPluginCache.GetExtensionPaths: Filtered extension paths: 
TpTrace Verbose: 0 : 27596, 5, 2022/12/31, 13:17:57.328, 4065193852077, vstest.console.dll, TestPluginCache.GetExtensionPaths: Added default extension paths: C:\Program Files\dotnet\sdk\7.0.100-preview.3.22179.4\Extensions\DumpMinitool.exe
C:\Program Files\dotnet\sdk\7.0.100-preview.3.22179.4\Extensions\DumpMinitool.x86.exe
C:\Program Files\dotnet\sdk\7.0.100-preview.3.22179.4\Extensions\Microsoft.Diagnostics.NETCore.Client.dll
C:\Program Files\dotnet\sdk\7.0.100-preview.3.22179.4\Extensions\Microsoft.TestPlatform.Extensions.BlameDataCollector.dll
C:\Program Files\dotnet\sdk\7.0.100-preview.3.22179.4\Extensions\Microsoft.TestPlatform.Extensions.EventLogCollector.dll
C:\Program Files\dotnet\sdk\7.0.100-preview.3.22179.4\Extensions\Microsoft.TestPlatform.TestHostRuntimeProvider.dll
C:\Program Files\dotnet\sdk\7.0.100-preview.3.22179.4\Extensions\Microsoft.VisualStudio.TestPlatform.Extensions.Html.TestLogger.dll
C:\Program Files\dotnet\sdk\7.0.100-preview.3.22179.4\Extensions\Microsoft.VisualStudio.TestPlatform.Extensions.Trx.TestLogger.dll
TpTrace Verbose: 0 : 27596, 5, 2022/12/31, 13:17:57.328, 4065193852324, vstest.console.dll, TestPluginCache.GetExtensionPaths: Added unfilterableExtensionPaths: 
TpTrace Verbose: 0 : 27596, 5, 2022/12/31, 13:17:57.330, 4065193874863, vstest.console.dll, TestRequestSender.InitializeExecution: Sending initialize execution with message: {"Version":5,"MessageType":"TestExecution.Initialize","Payload":["F:\\Projetos ASP.NET\\Curso Testes\\TestesDeSoftware\\03 - Testes de Integracao\\NerdStore.WebApp.Tests\\bin\\Debug\\net6.0\\fine-code-coverage\\build-output\\xunit.runner.visualstudio.dotnetcore.testadapter.dll"]}
TpTrace Warning: 0 : 27596, 5, 2022/12/31, 13:17:57.330, 4065193877492, vstest.console.dll, InferRunSettingsHelper.MakeRunsettingsCompatible: Removing the following settings: TargetPlatform from RunSettings file. To use those settings please move to latest version of Microsoft.NET.Test.Sdk
TpTrace Verbose: 0 : 27596, 7, 2022/12/31, 13:17:57.335, 4065193918869, vstest.console.dll, TcpClientExtensions.MessageLoopAsync: NotifyDataAvailable remoteEndPoint: 127.0.0.1:50619 localEndPoint: 127.0.0.1:50618
TpTrace Verbose: 0 : 27596, 7, 2022/12/31, 13:17:57.335, 4065193920471, vstest.console.dll, TestRequestSender.OnExecutionMessageReceived: Received message: {"Version":5,"MessageType":"TestSession.Message","Payload":{"MessageLevel":0,"Message":"Logging TestHost Diagnostics in file: F:\\Projetos ASP.NET\\Curso Testes\\TestesDeSoftware\\03 - Testes de Integracao\\NerdStore.WebApp.Tests\\bin\\Debug\\net6.0\\fine-code-coverage\\coverage-tool-output\\diagnostics.host.22-12-31_13-17-57_13161_5.log"}}
TpTrace Verbose: 0 : 27596, 7, 2022/12/31, 13:17:57.336, 4065193933835, vstest.console.dll, TestRunRequest:SendTestRunMessage: Starting.
TpTrace Verbose: 0 : 27596, 7, 2022/12/31, 13:17:57.336, 4065193934600, vstest.console.dll, MulticastDelegateUtilities.SafeInvoke: TestRun.LogMessages: Invoking callback 1/1 for Microsoft.VisualStudio.TestPlatform.CommandLine.TestRunResultAggregator.TestRunMessageHandler, took 0 ms.
TpTrace Verbose: 0 : 27596, 5, 2022/12/31, 13:17:57.336, 4065193934654, vstest.console.dll, TestRequestSender.StartTestRun: Sending test run with message: {"Version":5,"MessageType":"TestExecution.StartWithSources","Payload":{"AdapterSourceMap":{"_none_":["F:\\Projetos ASP.NET\\Curso Testes\\TestesDeSoftware\\03 - Testes de Integracao\\NerdStore.WebApp.Tests\\bin\\Debug\\net6.0\\fine-code-coverage\\build-output\\NerdStore.WebApp.Tests.dll"]},"RunSettings":"<RunSettings>\r\n  <RunConfiguration>\r\n    <ResultsDirectory>F:\\Projetos ASP.NET\\Curso Testes\\TestesDeSoftware\\03 - Testes de Integracao\\NerdStore.WebApp.Tests\\bin\\Debug\\net6.0\\fine-code-coverage\\coverage-tool-output</ResultsDirectory>\r\n    <TargetFrameworkVersion>.NETCoreApp,Version=v6.0</TargetFrameworkVersion>\r\n    <DesignMode>False</DesignMode>\r\n    <CollectSourceInformation>False</CollectSourceInformation>\r\n  </RunConfiguration>\r\n  <LoggerRunSettings>\r\n    <Loggers>\r\n      <Logger friendlyName=\"blame\" enabled=\"True\" />\r\n      <Logger friendlyName=\"Console\" uri=\"logger://microsoft/TestPlatform/ConsoleLogger/v1\" assemblyQualifiedName=\"Microsoft.VisualStudio.TestPlatform.CommandLine.Internal.ConsoleLogger, vstest.console, Version=15.0.0.0, Culture=neutral, PublicKeyToken=b03f5f7f11d50a3a\" codeBase=\"C:\\Program Files\\dotnet\\sdk\\7.0.100-preview.3.22179.4\\vstest.console.dll\" enabled=\"True\" />\r\n    </Loggers>\r\n  </LoggerRunSettings>\r\n  <DataCollectionRunSettings>\r\n    <DataCollectors>\r\n      <DataCollector friendlyName=\"blame\" enabled=\"True\">\r\n        <Configuration>\r\n          <ResultsDirectory>F:\\Projetos ASP.NET\\Curso Testes\\TestesDeSoftware\\03 - Testes de Integracao\\NerdStore.WebApp.Tests\\bin\\Debug\\net6.0\\fine-code-coverage\\coverage-tool-output</ResultsDirectory>\r\n        </Configuration>\r\n      </DataCollector>\r\n    </DataCollectors>\r\n  </DataCollectionRunSettings>\r\n</RunSettings>","TestExecutionContext":{"FrequencyOfRunStatsChangeEvent":10,"RunStatsChangeEventTimeout":"00:00:01.5000000","InIsolation":false,"KeepAlive":false,"AreTestCaseLevelEventsRequired":false,"IsDebug":false,"TestCaseFilter":null,"FilterOptions":null},"Package":null}}
TpTrace Information: 0 : 27596, 7, 2022/12/31, 13:17:57.336, 4065193934850, vstest.console.dll, TestRunRequest:SendTestRunMessage: Completed.
TpTrace Verbose: 0 : 27596, 4, 2022/12/31, 13:17:57.336, 4065193935016, vstest.console.dll, MulticastDelegateUtilities.SafeInvoke: InternalTestLoggerEvents.SendTestRunMessage: Invoking callback 1/1 for Microsoft.VisualStudio.TestPlatform.CommandLine.Internal.ConsoleLogger.TestMessageHandler, took 0 ms.
TpTrace Verbose: 0 : 27596, 7, 2022/12/31, 13:17:57.336, 4065193936149, vstest.console.dll, MulticastDelegateUtilities.SafeInvoke: LengthPrefixCommunicationChannel: MessageReceived: Invoking callback 1/1 for Microsoft.VisualStudio.TestPlatform.CommunicationUtilities.TestRequestSender+<>c__DisplayClass30_0.<StartTestRun>b__1, took 1 ms.
TpTrace Verbose: 0 : 27596, 7, 2022/12/31, 13:17:57.336, 4065193936481, vstest.console.dll, TcpClientExtensions.MessageLoopAsync: Polling on remoteEndPoint: 127.0.0.1:50619 localEndPoint: 127.0.0.1:50618
TpTrace Verbose: 0 : 27596, 7, 2022/12/31, 13:17:57.451, 4065195085969, vstest.console.dll, TcpClientExtensions.MessageLoopAsync: NotifyDataAvailable remoteEndPoint: 127.0.0.1:50619 localEndPoint: 127.0.0.1:50618
TpTrace Verbose: 0 : 27596, 7, 2022/12/31, 13:17:57.451, 4065195087066, vstest.console.dll, TestRequestSender.OnExecutionMessageReceived: Received message: {"Version":5,"MessageType":"TestSession.Message","Payload":{"MessageLevel":0,"Message":"[xUnit.net 00:00:00.00] xUnit.net VSTest Adapter v2.4.3+1b45f5407b (64-bit .NET 6.0.5)"}}
TpTrace Verbose: 0 : 27596, 7, 2022/12/31, 13:17:57.452, 4065195088566, vstest.console.dll, TestRunRequest:SendTestRunMessage: Starting.
TpTrace Verbose: 0 : 27596, 7, 2022/12/31, 13:17:57.452, 4065195089128, vstest.console.dll, MulticastDelegateUtilities.SafeInvoke: TestRun.LogMessages: Invoking callback 1/1 for Microsoft.VisualStudio.TestPlatform.CommandLine.TestRunResultAggregator.TestRunMessageHandler, took 0 ms.
TpTrace Information: 0 : 27596, 7, 2022/12/31, 13:17:57.452, 4065195089371, vstest.console.dll, TestRunRequest:SendTestRunMessage: Completed.
TpTrace Verbose: 0 : 27596, 4, 2022/12/31, 13:17:57.452, 4065195089475, vstest.console.dll, MulticastDelegateUtilities.SafeInvoke: InternalTestLoggerEvents.SendTestRunMessage: Invoking callback 1/1 for Microsoft.VisualStudio.TestPlatform.CommandLine.Internal.ConsoleLogger.TestMessageHandler, took 0 ms.
TpTrace Verbose: 0 : 27596, 7, 2022/12/31, 13:17:57.452, 4065195089559, vstest.console.dll, MulticastDelegateUtilities.SafeInvoke: LengthPrefixCommunicationChannel: MessageReceived: Invoking callback 1/1 for Microsoft.VisualStudio.TestPlatform.CommunicationUtilities.TestRequestSender+<>c__DisplayClass30_0.<StartTestRun>b__1, took 0 ms.
TpTrace Verbose: 0 : 27596, 7, 2022/12/31, 13:17:57.452, 4065195090357, vstest.console.dll, TcpClientExtensions.MessageLoopAsync: Polling on remoteEndPoint: 127.0.0.1:50619 localEndPoint: 127.0.0.1:50618
TpTrace Verbose: 0 : 27596, 7, 2022/12/31, 13:17:58.155, 4065202125223, vstest.console.dll, TcpClientExtensions.MessageLoopAsync: NotifyDataAvailable remoteEndPoint: 127.0.0.1:50619 localEndPoint: 127.0.0.1:50618
TpTrace Verbose: 0 : 27596, 7, 2022/12/31, 13:17:58.155, 4065202126395, vstest.console.dll, TestRequestSender.OnExecutionMessageReceived: Received message: {"Version":5,"MessageType":"TestSession.Message","Payload":{"MessageLevel":0,"Message":"[xUnit.net 00:00:00.70]   Discovering: NerdStore.WebApp.Tests"}}
TpTrace Verbose: 0 : 27596, 7, 2022/12/31, 13:17:58.156, 4065202128216, vstest.console.dll, TestRunRequest:SendTestRunMessage: Starting.
TpTrace Verbose: 0 : 27596, 7, 2022/12/31, 13:17:58.156, 4065202128745, vstest.console.dll, MulticastDelegateUtilities.SafeInvoke: TestRun.LogMessages: Invoking callback 1/1 for Microsoft.VisualStudio.TestPlatform.CommandLine.TestRunResultAggregator.TestRunMessageHandler, took 0 ms.
TpTrace Information: 0 : 27596, 7, 2022/12/31, 13:17:58.156, 4065202128982, vstest.console.dll, TestRunRequest:SendTestRunMessage: Completed.
TpTrace Verbose: 0 : 27596, 7, 2022/12/31, 13:17:58.156, 4065202129230, vstest.console.dll, MulticastDelegateUtilities.SafeInvoke: LengthPrefixCommunicationChannel: MessageReceived: Invoking callback 1/1 for Microsoft.VisualStudio.TestPlatform.CommunicationUtilities.TestRequestSender+<>c__DisplayClass30_0.<StartTestRun>b__1, took 0 ms.
TpTrace Verbose: 0 : 27596, 4, 2022/12/31, 13:17:58.156, 4065202129197, vstest.console.dll, MulticastDelegateUtilities.SafeInvoke: InternalTestLoggerEvents.SendTestRunMessage: Invoking callback 1/1 for Microsoft.VisualStudio.TestPlatform.CommandLine.Internal.ConsoleLogger.TestMessageHandler, took 0 ms.
TpTrace Verbose: 0 : 27596, 7, 2022/12/31, 13:17:58.156, 4065202129498, vstest.console.dll, TcpClientExtensions.MessageLoopAsync: Polling on remoteEndPoint: 127.0.0.1:50619 localEndPoint: 127.0.0.1:50618
TpTrace Verbose: 0 : 27596, 7, 2022/12/31, 13:17:58.189, 4065202459688, vstest.console.dll, TcpClientExtensions.MessageLoopAsync: NotifyDataAvailable remoteEndPoint: 127.0.0.1:50619 localEndPoint: 127.0.0.1:50618
TpTrace Verbose: 0 : 27596, 7, 2022/12/31, 13:17:58.189, 4065202460837, vstest.console.dll, TestRequestSender.OnExecutionMessageReceived: Received message: {"Version":5,"MessageType":"TestSession.Message","Payload":{"MessageLevel":0,"Message":"[xUnit.net 00:00:00.74]   Discovered:  NerdStore.WebApp.Tests"}}
TpTrace Verbose: 0 : 27596, 7, 2022/12/31, 13:17:58.189, 4065202463512, vstest.console.dll, TestRunRequest:SendTestRunMessage: Starting.
TpTrace Verbose: 0 : 27596, 7, 2022/12/31, 13:17:58.189, 4065202464229, vstest.console.dll, MulticastDelegateUtilities.SafeInvoke: TestRun.LogMessages: Invoking callback 1/1 for Microsoft.VisualStudio.TestPlatform.CommandLine.TestRunResultAggregator.TestRunMessageHandler, took 0 ms.
TpTrace Verbose: 0 : 27596, 4, 2022/12/31, 13:17:58.189, 4065202464386, vstest.console.dll, MulticastDelegateUtilities.SafeInvoke: InternalTestLoggerEvents.SendTestRunMessage: Invoking callback 1/1 for Microsoft.VisualStudio.TestPlatform.CommandLine.Internal.ConsoleLogger.TestMessageHandler, took 0 ms.
TpTrace Information: 0 : 27596, 7, 2022/12/31, 13:17:58.189, 4065202465080, vstest.console.dll, TestRunRequest:SendTestRunMessage: Completed.
TpTrace Verbose: 0 : 27596, 7, 2022/12/31, 13:17:58.189, 4065202465515, vstest.console.dll, MulticastDelegateUtilities.SafeInvoke: LengthPrefixCommunicationChannel: MessageReceived: Invoking callback 1/1 for Microsoft.VisualStudio.TestPlatform.CommunicationUtilities.TestRequestSender+<>c__DisplayClass30_0.<StartTestRun>b__1, took 0 ms.
TpTrace Verbose: 0 : 27596, 7, 2022/12/31, 13:17:58.189, 4065202465816, vstest.console.dll, TcpClientExtensions.MessageLoopAsync: Polling on remoteEndPoint: 127.0.0.1:50619 localEndPoint: 127.0.0.1:50618
TpTrace Verbose: 0 : 27596, 7, 2022/12/31, 13:17:58.191, 4065202477681, vstest.console.dll, TcpClientExtensions.MessageLoopAsync: NotifyDataAvailable remoteEndPoint: 127.0.0.1:50619 localEndPoint: 127.0.0.1:50618
TpTrace Verbose: 0 : 27596, 7, 2022/12/31, 13:17:58.191, 4065202478859, vstest.console.dll, TestRequestSender.OnExecutionMessageReceived: Received message: {"Version":5,"MessageType":"TestSession.Message","Payload":{"MessageLevel":0,"Message":"[xUnit.net 00:00:00.74]   Starting:    NerdStore.WebApp.Tests"}}
TpTrace Verbose: 0 : 27596, 7, 2022/12/31, 13:17:58.191, 4065202480450, vstest.console.dll, TestRunRequest:SendTestRunMessage: Starting.
TpTrace Verbose: 0 : 27596, 7, 2022/12/31, 13:17:58.191, 4065202480937, vstest.console.dll, MulticastDelegateUtilities.SafeInvoke: TestRun.LogMessages: Invoking callback 1/1 for Microsoft.VisualStudio.TestPlatform.CommandLine.TestRunResultAggregator.TestRunMessageHandler, took 0 ms.
TpTrace Verbose: 0 : 27596, 4, 2022/12/31, 13:17:58.191, 4065202481106, vstest.console.dll, MulticastDelegateUtilities.SafeInvoke: InternalTestLoggerEvents.SendTestRunMessage: Invoking callback 1/1 for Microsoft.VisualStudio.TestPlatform.CommandLine.Internal.ConsoleLogger.TestMessageHandler, took 0 ms.
TpTrace Information: 0 : 27596, 7, 2022/12/31, 13:17:58.191, 4065202481192, vstest.console.dll, TestRunRequest:SendTestRunMessage: Completed.
TpTrace Verbose: 0 : 27596, 7, 2022/12/31, 13:17:58.191, 4065202481894, vstest.console.dll, MulticastDelegateUtilities.SafeInvoke: LengthPrefixCommunicationChannel: MessageReceived: Invoking callback 1/1 for Microsoft.VisualStudio.TestPlatform.CommunicationUtilities.TestRequestSender+<>c__DisplayClass30_0.<StartTestRun>b__1, took 0 ms.
TpTrace Verbose: 0 : 27596, 7, 2022/12/31, 13:17:58.191, 4065202482174, vstest.console.dll, TcpClientExtensions.MessageLoopAsync: Polling on remoteEndPoint: 127.0.0.1:50619 localEndPoint: 127.0.0.1:50618
TpTrace Verbose: 0 : 27596, 7, 2022/12/31, 13:17:58.305, 4065203623861, vstest.console.dll, TcpClientExtensions.MessageLoopAsync: NotifyDataAvailable remoteEndPoint: 127.0.0.1:50619 localEndPoint: 127.0.0.1:50618
TpTrace Verbose: 0 : 27596, 7, 2022/12/31, 13:17:58.305, 4065203624953, vstest.console.dll, TestRequestSender.OnExecutionMessageReceived: Received message: {"Version":5,"MessageType":"TestSession.Message","Payload":{"MessageLevel":2,"Message":"[xUnit.net 00:00:00.85]     Realizar cadastro com sucesso [FAIL]"}}
TpTrace Verbose: 0 : 27596, 7, 2022/12/31, 13:17:58.305, 4065203626461, vstest.console.dll, TestRunRequest:SendTestRunMessage: Starting.
TpTrace Verbose: 0 : 27596, 7, 2022/12/31, 13:17:58.305, 4065203626949, vstest.console.dll, MulticastDelegateUtilities.SafeInvoke: TestRun.LogMessages: Invoking callback 1/1 for Microsoft.VisualStudio.TestPlatform.CommandLine.TestRunResultAggregator.TestRunMessageHandler, took 0 ms.
TpTrace Information: 0 : 27596, 7, 2022/12/31, 13:17:58.305, 4065203627243, vstest.console.dll, TestRunRequest:SendTestRunMessage: Completed.
TpTrace Verbose: 0 : 27596, 7, 2022/12/31, 13:17:58.305, 4065203627457, vstest.console.dll, MulticastDelegateUtilities.SafeInvoke: LengthPrefixCommunicationChannel: MessageReceived: Invoking callback 1/1 for Microsoft.VisualStudio.TestPlatform.CommunicationUtilities.TestRequestSender+<>c__DisplayClass30_0.<StartTestRun>b__1, took 0 ms.
TpTrace Verbose: 0 : 27596, 7, 2022/12/31, 13:17:58.306, 4065203627775, vstest.console.dll, TcpClientExtensions.MessageLoopAsync: Polling on remoteEndPoint: 127.0.0.1:50619 localEndPoint: 127.0.0.1:50618
TpTrace Verbose: 0 : 27596, 4, 2022/12/31, 13:17:58.306, 4065203627973, vstest.console.dll, MulticastDelegateUtilities.SafeInvoke: InternalTestLoggerEvents.SendTestRunMessage: Invoking callback 1/1 for Microsoft.VisualStudio.TestPlatform.CommandLine.Internal.ConsoleLogger.TestMessageHandler, took 0 ms.
TpTrace Verbose: 0 : 27596, 7, 2022/12/31, 13:17:58.306, 4065203630459, vstest.console.dll, TcpClientExtensions.MessageLoopAsync: NotifyDataAvailable remoteEndPoint: 127.0.0.1:50619 localEndPoint: 127.0.0.1:50618
TpTrace Verbose: 0 : 27596, 7, 2022/12/31, 13:17:58.306, 4065203631184, vstest.console.dll, TestRequestSender.OnExecutionMessageReceived: Received message: {"Version":5,"MessageType":"TestSession.Message","Payload":{"MessageLevel":0,"Message":"[xUnit.net 00:00:00.86]       System.AggregateException : One or more errors occurred. (Could not load file or assembly 'Microsoft.AspNetCore.Identity.EntityFrameworkCore, Version=2.2.0.0, Culture=neutral, PublicKeyToken=adb9793829ddae60'. O sistema não pode encontrar o arquivo especificado.) (The following constructor parameters did not have matching fixture data: IntegrationTestsFixture`1 testsFixture)"}}
TpTrace Verbose: 0 : 27596, 7, 2022/12/31, 13:17:58.306, 4065203632392, vstest.console.dll, TestRunRequest:SendTestRunMessage: Starting.
TpTrace Verbose: 0 : 27596, 7, 2022/12/31, 13:17:58.306, 4065203632813, vstest.console.dll, MulticastDelegateUtilities.SafeInvoke: TestRun.LogMessages: Invoking callback 1/1 for Microsoft.VisualStudio.TestPlatform.CommandLine.TestRunResultAggregator.TestRunMessageHandler, took 0 ms.
TpTrace Information: 0 : 27596, 7, 2022/12/31, 13:17:58.306, 4065203633030, vstest.console.dll, TestRunRequest:SendTestRunMessage: Completed.
TpTrace Verbose: 0 : 27596, 4, 2022/12/31, 13:17:58.306, 4065203633030, vstest.console.dll, MulticastDelegateUtilities.SafeInvoke: InternalTestLoggerEvents.SendTestRunMessage: Invoking callback 1/1 for Microsoft.VisualStudio.TestPlatform.CommandLine.Internal.ConsoleLogger.TestMessageHandler, took 0 ms.
TpTrace Verbose: 0 : 27596, 7, 2022/12/31, 13:17:58.306, 4065203633277, vstest.console.dll, MulticastDelegateUtilities.SafeInvoke: LengthPrefixCommunicationChannel: MessageReceived: Invoking callback 1/1 for Microsoft.VisualStudio.TestPlatform.CommunicationUtilities.TestRequestSender+<>c__DisplayClass30_0.<StartTestRun>b__1, took 0 ms.
TpTrace Verbose: 0 : 27596, 7, 2022/12/31, 13:17:58.306, 4065203634230, vstest.console.dll, TcpClientExtensions.MessageLoopAsync: Polling on remoteEndPoint: 127.0.0.1:50619 localEndPoint: 127.0.0.1:50618
TpTrace Verbose: 0 : 27596, 7, 2022/12/31, 13:17:58.306, 4065203634520, vstest.console.dll, TcpClientExtensions.MessageLoopAsync: NotifyDataAvailable remoteEndPoint: 127.0.0.1:50619 localEndPoint: 127.0.0.1:50618
TpTrace Verbose: 0 : 27596, 7, 2022/12/31, 13:17:58.306, 4065203634927, vstest.console.dll, TestRequestSender.OnExecutionMessageReceived: Received message: {"Version":5,"MessageType":"TestSession.Message","Payload":{"MessageLevel":0,"Message":"[xUnit.net 00:00:00.86]       ---- System.IO.FileNotFoundException : Could not load file or assembly 'Microsoft.AspNetCore.Identity.EntityFrameworkCore, Version=2.2.0.0, Culture=neutral, PublicKeyToken=adb9793829ddae60'. O sistema não pode encontrar o arquivo especificado."}}
TpTrace Verbose: 0 : 27596, 7, 2022/12/31, 13:17:58.306, 4065203636129, vstest.console.dll, TestRunRequest:SendTestRunMessage: Starting.
TpTrace Verbose: 0 : 27596, 7, 2022/12/31, 13:17:58.306, 4065203636640, vstest.console.dll, MulticastDelegateUtilities.SafeInvoke: TestRun.LogMessages: Invoking callback 1/1 for Microsoft.VisualStudio.TestPlatform.CommandLine.TestRunResultAggregator.TestRunMessageHandler, took 0 ms.
TpTrace Verbose: 0 : 27596, 4, 2022/12/31, 13:17:58.306, 4065203636753, vstest.console.dll, MulticastDelegateUtilities.SafeInvoke: InternalTestLoggerEvents.SendTestRunMessage: Invoking callback 1/1 for Microsoft.VisualStudio.TestPlatform.CommandLine.Internal.ConsoleLogger.TestMessageHandler, took 0 ms.
TpTrace Information: 0 : 27596, 7, 2022/12/31, 13:17:58.307, 4065203637667, vstest.console.dll, TestRunRequest:SendTestRunMessage: Completed.
TpTrace Verbose: 0 : 27596, 7, 2022/12/31, 13:17:58.307, 4065203638700, vstest.console.dll, MulticastDelegateUtilities.SafeInvoke: LengthPrefixCommunicationChannel: MessageReceived: Invoking callback 1/1 for Microsoft.VisualStudio.TestPlatform.CommunicationUtilities.TestRequestSender+<>c__DisplayClass30_0.<StartTestRun>b__1, took 0 ms.
TpTrace Verbose: 0 : 27596, 7, 2022/12/31, 13:17:58.307, 4065203638930, vstest.console.dll, TcpClientExtensions.MessageLoopAsync: Polling on remoteEndPoint: 127.0.0.1:50619 localEndPoint: 127.0.0.1:50618
TpTrace Verbose: 0 : 27596, 7, 2022/12/31, 13:17:58.307, 4065203639200, vstest.console.dll, TcpClientExtensions.MessageLoopAsync: NotifyDataAvailable remoteEndPoint: 127.0.0.1:50619 localEndPoint: 127.0.0.1:50618
TpTrace Verbose: 0 : 27596, 7, 2022/12/31, 13:17:58.307, 4065203639545, vstest.console.dll, TestRequestSender.OnExecutionMessageReceived: Received message: {"Version":5,"MessageType":"TestSession.Message","Payload":{"MessageLevel":0,"Message":"[xUnit.net 00:00:00.86]       ---- The following constructor parameters did not have matching fixture data: IntegrationTestsFixture`1 testsFixture"}}
TpTrace Verbose: 0 : 27596, 7, 2022/12/31, 13:17:58.307, 4065203640350, vstest.console.dll, TestRunRequest:SendTestRunMessage: Starting.
TpTrace Verbose: 0 : 27596, 7, 2022/12/31, 13:17:58.307, 4065203640814, vstest.console.dll, MulticastDelegateUtilities.SafeInvoke: TestRun.LogMessages: Invoking callback 1/1 for Microsoft.VisualStudio.TestPlatform.CommandLine.TestRunResultAggregator.TestRunMessageHandler, took 0 ms.
TpTrace Verbose: 0 : 27596, 4, 2022/12/31, 13:17:58.307, 4065203640832, vstest.console.dll, MulticastDelegateUtilities.SafeInvoke: InternalTestLoggerEvents.SendTestRunMessage: Invoking callback 1/1 for Microsoft.VisualStudio.TestPlatform.CommandLine.Internal.ConsoleLogger.TestMessageHandler, took 0 ms.
TpTrace Information: 0 : 27596, 7, 2022/12/31, 13:17:58.307, 4065203641057, vstest.console.dll, TestRunRequest:SendTestRunMessage: Completed.
TpTrace Verbose: 0 : 27596, 7, 2022/12/31, 13:17:58.307, 4065203641612, vstest.console.dll, MulticastDelegateUtilities.SafeInvoke: LengthPrefixCommunicationChannel: MessageReceived: Invoking callback 1/1 for Microsoft.VisualStudio.TestPlatform.CommunicationUtilities.TestRequestSender+<>c__DisplayClass30_0.<StartTestRun>b__1, took 0 ms.
TpTrace Verbose: 0 : 27596, 7, 2022/12/31, 13:17:58.307, 4065203641859, vstest.console.dll, TcpClientExtensions.MessageLoopAsync: Polling on remoteEndPoint: 127.0.0.1:50619 localEndPoint: 127.0.0.1:50618
TpTrace Verbose: 0 : 27596, 7, 2022/12/31, 13:17:58.307, 4065203642105, vstest.console.dll, TcpClientExtensions.MessageLoopAsync: NotifyDataAvailable remoteEndPoint: 127.0.0.1:50619 localEndPoint: 127.0.0.1:50618
TpTrace Verbose: 0 : 27596, 7, 2022/12/31, 13:17:58.307, 4065203642404, vstest.console.dll, TestRequestSender.OnExecutionMessageReceived: Received message: {"Version":5,"MessageType":"TestSession.Message","Payload":{"MessageLevel":0,"Message":"[xUnit.net 00:00:00.86]       Stack Trace:"}}
TpTrace Verbose: 0 : 27596, 7, 2022/12/31, 13:17:58.307, 4065203643320, vstest.console.dll, TestRunRequest:SendTestRunMessage: Starting.
TpTrace Verbose: 0 : 27596, 7, 2022/12/31, 13:17:58.307, 4065203643736, vstest.console.dll, MulticastDelegateUtilities.SafeInvoke: TestRun.LogMessages: Invoking callback 1/1 for Microsoft.VisualStudio.TestPlatform.CommandLine.TestRunResultAggregator.TestRunMessageHandler, took 0 ms.
TpTrace Verbose: 0 : 27596, 4, 2022/12/31, 13:17:58.307, 4065203643796, vstest.console.dll, MulticastDelegateUtilities.SafeInvoke: InternalTestLoggerEvents.SendTestRunMessage: Invoking callback 1/1 for Microsoft.VisualStudio.TestPlatform.CommandLine.Internal.ConsoleLogger.TestMessageHandler, took 0 ms.
TpTrace Information: 0 : 27596, 7, 2022/12/31, 13:17:58.307, 4065203643966, vstest.console.dll, TestRunRequest:SendTestRunMessage: Completed.
TpTrace Verbose: 0 : 27596, 7, 2022/12/31, 13:17:58.307, 4065203645031, vstest.console.dll, MulticastDelegateUtilities.SafeInvoke: LengthPrefixCommunicationChannel: MessageReceived: Invoking callback 1/1 for Microsoft.VisualStudio.TestPlatform.CommunicationUtilities.TestRequestSender+<>c__DisplayClass30_0.<StartTestRun>b__1, took 0 ms.
TpTrace Verbose: 0 : 27596, 7, 2022/12/31, 13:17:58.307, 4065203645269, vstest.console.dll, TcpClientExtensions.MessageLoopAsync: Polling on remoteEndPoint: 127.0.0.1:50619 localEndPoint: 127.0.0.1:50618
TpTrace Verbose: 0 : 27596, 7, 2022/12/31, 13:17:58.308, 4065203653575, vstest.console.dll, TcpClientExtensions.MessageLoopAsync: NotifyDataAvailable remoteEndPoint: 127.0.0.1:50619 localEndPoint: 127.0.0.1:50618
TpTrace Verbose: 0 : 27596, 7, 2022/12/31, 13:17:58.308, 4065203654103, vstest.console.dll, TestRequestSender.OnExecutionMessageReceived: Received message: {"Version":5,"MessageType":"TestSession.Message","Payload":{"MessageLevel":0,"Message":"[xUnit.net 00:00:00.86]         "}}
TpTrace Verbose: 0 : 27596, 7, 2022/12/31, 13:17:58.308, 4065203655033, vstest.console.dll, TestRunRequest:SendTestRunMessage: Starting.
TpTrace Verbose: 0 : 27596, 7, 2022/12/31, 13:17:58.308, 4065203655472, vstest.console.dll, MulticastDelegateUtilities.SafeInvoke: TestRun.LogMessages: Invoking callback 1/1 for Microsoft.VisualStudio.TestPlatform.CommandLine.TestRunResultAggregator.TestRunMessageHandler, took 0 ms.
TpTrace Verbose: 0 : 27596, 4, 2022/12/31, 13:17:58.308, 4065203655515, vstest.console.dll, MulticastDelegateUtilities.SafeInvoke: InternalTestLoggerEvents.SendTestRunMessage: Invoking callback 1/1 for Microsoft.VisualStudio.TestPlatform.CommandLine.Internal.ConsoleLogger.TestMessageHandler, took 0 ms.
TpTrace Information: 0 : 27596, 7, 2022/12/31, 13:17:58.308, 4065203655755, vstest.console.dll, TestRunRequest:SendTestRunMessage: Completed.
TpTrace Verbose: 0 : 27596, 7, 2022/12/31, 13:17:58.308, 4065203657095, vstest.console.dll, MulticastDelegateUtilities.SafeInvoke: LengthPrefixCommunicationChannel: MessageReceived: Invoking callback 1/1 for Microsoft.VisualStudio.TestPlatform.CommunicationUtilities.TestRequestSender+<>c__DisplayClass30_0.<StartTestRun>b__1, took 0 ms.
TpTrace Verbose: 0 : 27596, 7, 2022/12/31, 13:17:58.308, 4065203657500, vstest.console.dll, TcpClientExtensions.MessageLoopAsync: Polling on remoteEndPoint: 127.0.0.1:50619 localEndPoint: 127.0.0.1:50618
TpTrace Verbose: 0 : 27596, 7, 2022/12/31, 13:17:58.309, 4065203657834, vstest.console.dll, TcpClientExtensions.MessageLoopAsync: NotifyDataAvailable remoteEndPoint: 127.0.0.1:50619 localEndPoint: 127.0.0.1:50618
TpTrace Verbose: 0 : 27596, 7, 2022/12/31, 13:17:58.309, 4065203658416, vstest.console.dll, TestRequestSender.OnExecutionMessageReceived: Received message: {"Version":5,"MessageType":"TestSession.Message","Payload":{"MessageLevel":0,"Message":"[xUnit.net 00:00:00.86]         ----- Inner Stack Trace #1 (System.IO.FileNotFoundException) -----"}}
TpTrace Verbose: 0 : 27596, 7, 2022/12/31, 13:17:58.309, 4065203659235, vstest.console.dll, TestRunRequest:SendTestRunMessage: Starting.
TpTrace Verbose: 0 : 27596, 7, 2022/12/31, 13:17:58.309, 4065203660149, vstest.console.dll, MulticastDelegateUtilities.SafeInvoke: TestRun.LogMessages: Invoking callback 1/1 for Microsoft.VisualStudio.TestPlatform.CommandLine.TestRunResultAggregator.TestRunMessageHandler, took 0 ms.
TpTrace Verbose: 0 : 27596, 4, 2022/12/31, 13:17:58.309, 4065203660226, vstest.console.dll, MulticastDelegateUtilities.SafeInvoke: InternalTestLoggerEvents.SendTestRunMessage: Invoking callback 1/1 for Microsoft.VisualStudio.TestPlatform.CommandLine.Internal.ConsoleLogger.TestMessageHandler, took 0 ms.
TpTrace Information: 0 : 27596, 7, 2022/12/31, 13:17:58.309, 4065203660465, vstest.console.dll, TestRunRequest:SendTestRunMessage: Completed.
TpTrace Verbose: 0 : 27596, 7, 2022/12/31, 13:17:58.309, 4065203660942, vstest.console.dll, MulticastDelegateUtilities.SafeInvoke: LengthPrefixCommunicationChannel: MessageReceived: Invoking callback 1/1 for Microsoft.VisualStudio.TestPlatform.CommunicationUtilities.TestRequestSender+<>c__DisplayClass30_0.<StartTestRun>b__1, took 0 ms.
TpTrace Verbose: 0 : 27596, 7, 2022/12/31, 13:17:58.309, 4065203661146, vstest.console.dll, TcpClientExtensions.MessageLoopAsync: Polling on remoteEndPoint: 127.0.0.1:50619 localEndPoint: 127.0.0.1:50618
TpTrace Verbose: 0 : 27596, 7, 2022/12/31, 13:17:58.309, 4065203661404, vstest.console.dll, TcpClientExtensions.MessageLoopAsync: NotifyDataAvailable remoteEndPoint: 127.0.0.1:50619 localEndPoint: 127.0.0.1:50618
TpTrace Verbose: 0 : 27596, 7, 2022/12/31, 13:17:58.309, 4065203661732, vstest.console.dll, TestRequestSender.OnExecutionMessageReceived: Received message: {"Version":5,"MessageType":"TestSession.Message","Payload":{"MessageLevel":0,"Message":"[xUnit.net 00:00:00.86]            at NerdStore.WebApp.MVC.StartupWebTests.ConfigureServices(IServiceCollection services)"}}
TpTrace Verbose: 0 : 27596, 7, 2022/12/31, 13:17:58.309, 4065203662544, vstest.console.dll, TestRunRequest:SendTestRunMessage: Starting.
TpTrace Verbose: 0 : 27596, 7, 2022/12/31, 13:17:58.309, 4065203662922, vstest.console.dll, MulticastDelegateUtilities.SafeInvoke: TestRun.LogMessages: Invoking callback 1/1 for Microsoft.VisualStudio.TestPlatform.CommandLine.TestRunResultAggregator.TestRunMessageHandler, took 0 ms.
TpTrace Information: 0 : 27596, 7, 2022/12/31, 13:17:58.309, 4065203663148, vstest.console.dll, TestRunRequest:SendTestRunMessage: Completed.
TpTrace Verbose: 0 : 27596, 4, 2022/12/31, 13:17:58.309, 4065203662980, vstest.console.dll, MulticastDelegateUtilities.SafeInvoke: InternalTestLoggerEvents.SendTestRunMessage: Invoking callback 1/1 for Microsoft.VisualStudio.TestPlatform.CommandLine.Internal.ConsoleLogger.TestMessageHandler, took 0 ms.
TpTrace Verbose: 0 : 27596, 7, 2022/12/31, 13:17:58.309, 4065203663356, vstest.console.dll, MulticastDelegateUtilities.SafeInvoke: LengthPrefixCommunicationChannel: MessageReceived: Invoking callback 1/1 for Microsoft.VisualStudio.TestPlatform.CommunicationUtilities.TestRequestSender+<>c__DisplayClass30_0.<StartTestRun>b__1, took 0 ms.
TpTrace Verbose: 0 : 27596, 7, 2022/12/31, 13:17:58.309, 4065203664370, vstest.console.dll, TcpClientExtensions.MessageLoopAsync: Polling on remoteEndPoint: 127.0.0.1:50619 localEndPoint: 127.0.0.1:50618
TpTrace Verbose: 0 : 27596, 7, 2022/12/31, 13:17:58.309, 4065203664775, vstest.console.dll, TcpClientExtensions.MessageLoopAsync: NotifyDataAvailable remoteEndPoint: 127.0.0.1:50619 localEndPoint: 127.0.0.1:50618
TpTrace Verbose: 0 : 27596, 7, 2022/12/31, 13:17:58.309, 4065203665347, vstest.console.dll, TestRequestSender.OnExecutionMessageReceived: Received message: {"Version":5,"MessageType":"TestSession.Message","Payload":{"MessageLevel":0,"Message":"[xUnit.net 00:00:00.86]            at System.RuntimeMethodHandle.InvokeMethod(Object target, Span`1& arguments, Signature sig, Boolean constructor, Boolean wrapExceptions)"}}
TpTrace Verbose: 0 : 27596, 7, 2022/12/31, 13:17:58.309, 4065203666605, vstest.console.dll, TestRunRequest:SendTestRunMessage: Starting.
TpTrace Verbose: 0 : 27596, 7, 2022/12/31, 13:17:58.309, 4065203666998, vstest.console.dll, MulticastDelegateUtilities.SafeInvoke: TestRun.LogMessages: Invoking callback 1/1 for Microsoft.VisualStudio.TestPlatform.CommandLine.TestRunResultAggregator.TestRunMessageHandler, took 0 ms.
TpTrace Verbose: 0 : 27596, 4, 2022/12/31, 13:17:58.309, 4065203667191, vstest.console.dll, MulticastDelegateUtilities.SafeInvoke: InternalTestLoggerEvents.SendTestRunMessage: Invoking callback 1/1 for Microsoft.VisualStudio.TestPlatform.CommandLine.Internal.ConsoleLogger.TestMessageHandler, took 0 ms.
TpTrace Information: 0 : 27596, 7, 2022/12/31, 13:17:58.309, 4065203667209, vstest.console.dll, TestRunRequest:SendTestRunMessage: Completed.
TpTrace Verbose: 0 : 27596, 7, 2022/12/31, 13:17:58.310, 4065203668214, vstest.console.dll, MulticastDelegateUtilities.SafeInvoke: LengthPrefixCommunicationChannel: MessageReceived: Invoking callback 1/1 for Microsoft.VisualStudio.TestPlatform.CommunicationUtilities.TestRequestSender+<>c__DisplayClass30_0.<StartTestRun>b__1, took 0 ms.
TpTrace Verbose: 0 : 27596, 7, 2022/12/31, 13:17:58.310, 4065203668505, vstest.console.dll, TcpClientExtensions.MessageLoopAsync: Polling on remoteEndPoint: 127.0.0.1:50619 localEndPoint: 127.0.0.1:50618
TpTrace Verbose: 0 : 27596, 7, 2022/12/31, 13:17:58.310, 4065203668729, vstest.console.dll, TcpClientExtensions.MessageLoopAsync: NotifyDataAvailable remoteEndPoint: 127.0.0.1:50619 localEndPoint: 127.0.0.1:50618
TpTrace Verbose: 0 : 27596, 7, 2022/12/31, 13:17:58.310, 4065203669086, vstest.console.dll, TestRequestSender.OnExecutionMessageReceived: Received message: {"Version":5,"MessageType":"TestSession.Message","Payload":{"MessageLevel":0,"Message":"[xUnit.net 00:00:00.86]            at System.Reflection.RuntimeMethodInfo.Invoke(Object obj, BindingFlags invokeAttr, Binder binder, Object[] parameters, CultureInfo culture)"}}
TpTrace Verbose: 0 : 27596, 7, 2022/12/31, 13:17:58.310, 4065203669886, vstest.console.dll, TestRunRequest:SendTestRunMessage: Starting.
TpTrace Verbose: 0 : 27596, 7, 2022/12/31, 13:17:58.310, 4065203670312, vstest.console.dll, MulticastDelegateUtilities.SafeInvoke: TestRun.LogMessages: Invoking callback 1/1 for Microsoft.VisualStudio.TestPlatform.CommandLine.TestRunResultAggregator.TestRunMessageHandler, took 0 ms.
TpTrace Verbose: 0 : 27596, 4, 2022/12/31, 13:17:58.310, 4065203670455, vstest.console.dll, MulticastDelegateUtilities.SafeInvoke: InternalTestLoggerEvents.SendTestRunMessage: Invoking callback 1/1 for Microsoft.VisualStudio.TestPlatform.CommandLine.Internal.ConsoleLogger.TestMessageHandler, took 0 ms.
TpTrace Information: 0 : 27596, 7, 2022/12/31, 13:17:58.310, 4065203670717, vstest.console.dll, TestRunRequest:SendTestRunMessage: Completed.
TpTrace Verbose: 0 : 27596, 7, 2022/12/31, 13:17:58.310, 4065203671261, vstest.console.dll, MulticastDelegateUtilities.SafeInvoke: LengthPrefixCommunicationChannel: MessageReceived: Invoking callback 1/1 for Microsoft.VisualStudio.TestPlatform.CommunicationUtilities.TestRequestSender+<>c__DisplayClass30_0.<StartTestRun>b__1, took 0 ms.
TpTrace Verbose: 0 : 27596, 7, 2022/12/31, 13:17:58.310, 4065203671466, vstest.console.dll, TcpClientExtensions.MessageLoopAsync: Polling on remoteEndPoint: 127.0.0.1:50619 localEndPoint: 127.0.0.1:50618
TpTrace Verbose: 0 : 27596, 7, 2022/12/31, 13:17:58.310, 4065203671846, vstest.console.dll, TcpClientExtensions.MessageLoopAsync: NotifyDataAvailable remoteEndPoint: 127.0.0.1:50619 localEndPoint: 127.0.0.1:50618
TpTrace Verbose: 0 : 27596, 7, 2022/12/31, 13:17:58.310, 4065203672210, vstest.console.dll, TestRequestSender.OnExecutionMessageReceived: Received message: {"Version":5,"MessageType":"TestSession.Message","Payload":{"MessageLevel":0,"Message":"[xUnit.net 00:00:00.86]            at Microsoft.AspNetCore.Hosting.ConfigureServicesBuilder.InvokeCore(Object instance, IServiceCollection services)"}}
TpTrace Verbose: 0 : 27596, 7, 2022/12/31, 13:17:58.310, 4065203672977, vstest.console.dll, TestRunRequest:SendTestRunMessage: Starting.
TpTrace Verbose: 0 : 27596, 7, 2022/12/31, 13:17:58.310, 4065203673350, vstest.console.dll, MulticastDelegateUtilities.SafeInvoke: TestRun.LogMessages: Invoking callback 1/1 for Microsoft.VisualStudio.TestPlatform.CommandLine.TestRunResultAggregator.TestRunMessageHandler, took 0 ms.
TpTrace Information: 0 : 27596, 7, 2022/12/31, 13:17:58.310, 4065203673557, vstest.console.dll, TestRunRequest:SendTestRunMessage: Completed.
TpTrace Verbose: 0 : 27596, 4, 2022/12/31, 13:17:58.310, 4065203673739, vstest.console.dll, MulticastDelegateUtilities.SafeInvoke: InternalTestLoggerEvents.SendTestRunMessage: Invoking callback 1/1 for Microsoft.VisualStudio.TestPlatform.CommandLine.Internal.ConsoleLogger.TestMessageHandler, took 0 ms.
TpTrace Verbose: 0 : 27596, 7, 2022/12/31, 13:17:58.310, 4065203673779, vstest.console.dll, MulticastDelegateUtilities.SafeInvoke: LengthPrefixCommunicationChannel: MessageReceived: Invoking callback 1/1 for Microsoft.VisualStudio.TestPlatform.CommunicationUtilities.TestRequestSender+<>c__DisplayClass30_0.<StartTestRun>b__1, took 0 ms.
TpTrace Verbose: 0 : 27596, 7, 2022/12/31, 13:17:58.310, 4065203674774, vstest.console.dll, TcpClientExtensions.MessageLoopAsync: Polling on remoteEndPoint: 127.0.0.1:50619 localEndPoint: 127.0.0.1:50618
TpTrace Verbose: 0 : 27596, 7, 2022/12/31, 13:17:58.310, 4065203675048, vstest.console.dll, TcpClientExtensions.MessageLoopAsync: NotifyDataAvailable remoteEndPoint: 127.0.0.1:50619 localEndPoint: 127.0.0.1:50618
TpTrace Verbose: 0 : 27596, 7, 2022/12/31, 13:17:58.310, 4065203675417, vstest.console.dll, TestRequestSender.OnExecutionMessageReceived: Received message: {"Version":5,"MessageType":"TestSession.Message","Payload":{"MessageLevel":0,"Message":"[xUnit.net 00:00:00.86]            at Microsoft.AspNetCore.Hosting.ConfigureServicesBuilder.<>c__DisplayClass9_0.<Invoke>g__Startup|0(IServiceCollection serviceCollection)"}}
TpTrace Verbose: 0 : 27596, 7, 2022/12/31, 13:17:58.310, 4065203676411, vstest.console.dll, TestRunRequest:SendTestRunMessage: Starting.
TpTrace Verbose: 0 : 27596, 7, 2022/12/31, 13:17:58.310, 4065203676800, vstest.console.dll, MulticastDelegateUtilities.SafeInvoke: TestRun.LogMessages: Invoking callback 1/1 for Microsoft.VisualStudio.TestPlatform.CommandLine.TestRunResultAggregator.TestRunMessageHandler, took 0 ms.
TpTrace Verbose: 0 : 27596, 4, 2022/12/31, 13:17:58.310, 4065203676933, vstest.console.dll, MulticastDelegateUtilities.SafeInvoke: InternalTestLoggerEvents.SendTestRunMessage: Invoking callback 1/1 for Microsoft.VisualStudio.TestPlatform.CommandLine.Internal.ConsoleLogger.TestMessageHandler, took 0 ms.
TpTrace Information: 0 : 27596, 7, 2022/12/31, 13:17:58.310, 4065203677048, vstest.console.dll, TestRunRequest:SendTestRunMessage: Completed.
TpTrace Verbose: 0 : 27596, 7, 2022/12/31, 13:17:58.311, 4065203678134, vstest.console.dll, MulticastDelegateUtilities.SafeInvoke: LengthPrefixCommunicationChannel: MessageReceived: Invoking callback 1/1 for Microsoft.VisualStudio.TestPlatform.CommunicationUtilities.TestRequestSender+<>c__DisplayClass30_0.<StartTestRun>b__1, took 0 ms.
TpTrace Verbose: 0 : 27596, 7, 2022/12/31, 13:17:58.311, 4065203678360, vstest.console.dll, TcpClientExtensions.MessageLoopAsync: Polling on remoteEndPoint: 127.0.0.1:50619 localEndPoint: 127.0.0.1:50618
TpTrace Verbose: 0 : 27596, 7, 2022/12/31, 13:17:58.311, 4065203678604, vstest.console.dll, TcpClientExtensions.MessageLoopAsync: NotifyDataAvailable remoteEndPoint: 127.0.0.1:50619 localEndPoint: 127.0.0.1:50618
TpTrace Verbose: 0 : 27596, 7, 2022/12/31, 13:17:58.311, 4065203679006, vstest.console.dll, TestRequestSender.OnExecutionMessageReceived: Received message: {"Version":5,"MessageType":"TestSession.Message","Payload":{"MessageLevel":0,"Message":"[xUnit.net 00:00:00.86]            at Microsoft.AspNetCore.Hosting.ConfigureServicesBuilder.Invoke(Object instance, IServiceCollection services)"}}
TpTrace Verbose: 0 : 27596, 7, 2022/12/31, 13:17:58.311, 4065203679916, vstest.console.dll, TestRunRequest:SendTestRunMessage: Starting.
TpTrace Verbose: 0 : 27596, 7, 2022/12/31, 13:17:58.311, 4065203680343, vstest.console.dll, MulticastDelegateUtilities.SafeInvoke: TestRun.LogMessages: Invoking callback 1/1 for Microsoft.VisualStudio.TestPlatform.CommandLine.TestRunResultAggregator.TestRunMessageHandler, took 0 ms.
TpTrace Information: 0 : 27596, 7, 2022/12/31, 13:17:58.311, 4065203680559, vstest.console.dll, TestRunRequest:SendTestRunMessage: Completed.
TpTrace Verbose: 0 : 27596, 7, 2022/12/31, 13:17:58.311, 4065203680742, vstest.console.dll, MulticastDelegateUtilities.SafeInvoke: LengthPrefixCommunicationChannel: MessageReceived: Invoking callback 1/1 for Microsoft.VisualStudio.TestPlatform.CommunicationUtilities.TestRequestSender+<>c__DisplayClass30_0.<StartTestRun>b__1, took 0 ms.
TpTrace Verbose: 0 : 27596, 4, 2022/12/31, 13:17:58.311, 4065203680859, vstest.console.dll, MulticastDelegateUtilities.SafeInvoke: InternalTestLoggerEvents.SendTestRunMessage: Invoking callback 1/1 for Microsoft.VisualStudio.TestPlatform.CommandLine.Internal.ConsoleLogger.TestMessageHandler, took 0 ms.
TpTrace Verbose: 0 : 27596, 7, 2022/12/31, 13:17:58.311, 4065203681033, vstest.console.dll, TcpClientExtensions.MessageLoopAsync: Polling on remoteEndPoint: 127.0.0.1:50619 localEndPoint: 127.0.0.1:50618
TpTrace Verbose: 0 : 27596, 7, 2022/12/31, 13:17:58.311, 4065203681752, vstest.console.dll, TcpClientExtensions.MessageLoopAsync: NotifyDataAvailable remoteEndPoint: 127.0.0.1:50619 localEndPoint: 127.0.0.1:50618
TpTrace Verbose: 0 : 27596, 7, 2022/12/31, 13:17:58.311, 4065203682170, vstest.console.dll, TestRequestSender.OnExecutionMessageReceived: Received message: {"Version":5,"MessageType":"TestSession.Message","Payload":{"MessageLevel":0,"Message":"[xUnit.net 00:00:00.86]            at Microsoft.AspNetCore.Hosting.ConfigureServicesBuilder.<>c__DisplayClass8_0.<Build>b__0(IServiceCollection services)"}}
TpTrace Verbose: 0 : 27596, 7, 2022/12/31, 13:17:58.311, 4065203682976, vstest.console.dll, TestRunRequest:SendTestRunMessage: Starting.
TpTrace Verbose: 0 : 27596, 7, 2022/12/31, 13:17:58.311, 4065203683387, vstest.console.dll, MulticastDelegateUtilities.SafeInvoke: TestRun.LogMessages: Invoking callback 1/1 for Microsoft.VisualStudio.TestPlatform.CommandLine.TestRunResultAggregator.TestRunMessageHandler, took 0 ms.
TpTrace Verbose: 0 : 27596, 4, 2022/12/31, 13:17:58.311, 4065203683501, vstest.console.dll, MulticastDelegateUtilities.SafeInvoke: InternalTestLoggerEvents.SendTestRunMessage: Invoking callback 1/1 for Microsoft.VisualStudio.TestPlatform.CommandLine.Internal.ConsoleLogger.TestMessageHandler, took 0 ms.
TpTrace Information: 0 : 27596, 7, 2022/12/31, 13:17:58.311, 4065203683593, vstest.console.dll, TestRunRequest:SendTestRunMessage: Completed.
TpTrace Verbose: 0 : 27596, 7, 2022/12/31, 13:17:58.311, 4065203684587, vstest.console.dll, MulticastDelegateUtilities.SafeInvoke: LengthPrefixCommunicationChannel: MessageReceived: Invoking callback 1/1 for Microsoft.VisualStudio.TestPlatform.CommunicationUtilities.TestRequestSender+<>c__DisplayClass30_0.<StartTestRun>b__1, took 0 ms.
TpTrace Verbose: 0 : 27596, 7, 2022/12/31, 13:17:58.311, 4065203684813, vstest.console.dll, TcpClientExtensions.MessageLoopAsync: Polling on remoteEndPoint: 127.0.0.1:50619 localEndPoint: 127.0.0.1:50618
TpTrace Verbose: 0 : 27596, 7, 2022/12/31, 13:17:58.311, 4065203685107, vstest.console.dll, TcpClientExtensions.MessageLoopAsync: NotifyDataAvailable remoteEndPoint: 127.0.0.1:50619 localEndPoint: 127.0.0.1:50618
TpTrace Verbose: 0 : 27596, 7, 2022/12/31, 13:17:58.311, 4065203685478, vstest.console.dll, TestRequestSender.OnExecutionMessageReceived: Received message: {"Version":5,"MessageType":"TestSession.Message","Payload":{"MessageLevel":0,"Message":"[xUnit.net 00:00:00.86]            at Microsoft.AspNetCore.Hosting.GenericWebHostBuilder.UseStartup(Type startupType, HostBuilderContext context, IServiceCollection services, Object instance)"}}
TpTrace Verbose: 0 : 27596, 7, 2022/12/31, 13:17:58.311, 4065203686461, vstest.console.dll, TestRunRequest:SendTestRunMessage: Starting.
TpTrace Verbose: 0 : 27596, 7, 2022/12/31, 13:17:58.311, 4065203686854, vstest.console.dll, MulticastDelegateUtilities.SafeInvoke: TestRun.LogMessages: Invoking callback 1/1 for Microsoft.VisualStudio.TestPlatform.CommandLine.TestRunResultAggregator.TestRunMessageHandler, took 0 ms.
TpTrace Verbose: 0 : 27596, 4, 2022/12/31, 13:17:58.311, 4065203686975, vstest.console.dll, MulticastDelegateUtilities.SafeInvoke: InternalTestLoggerEvents.SendTestRunMessage: Invoking callback 1/1 for Microsoft.VisualStudio.TestPlatform.CommandLine.Internal.ConsoleLogger.TestMessageHandler, took 0 ms.
TpTrace Information: 0 : 27596, 7, 2022/12/31, 13:17:58.311, 4065203687063, vstest.console.dll, TestRunRequest:SendTestRunMessage: Completed.
TpTrace Verbose: 0 : 27596, 7, 2022/12/31, 13:17:58.312, 4065203688056, vstest.console.dll, MulticastDelegateUtilities.SafeInvoke: LengthPrefixCommunicationChannel: MessageReceived: Invoking callback 1/1 for Microsoft.VisualStudio.TestPlatform.CommunicationUtilities.TestRequestSender+<>c__DisplayClass30_0.<StartTestRun>b__1, took 0 ms.
TpTrace Verbose: 0 : 27596, 7, 2022/12/31, 13:17:58.312, 4065203688346, vstest.console.dll, TcpClientExtensions.MessageLoopAsync: Polling on remoteEndPoint: 127.0.0.1:50619 localEndPoint: 127.0.0.1:50618
TpTrace Verbose: 0 : 27596, 7, 2022/12/31, 13:17:58.312, 4065203688588, vstest.console.dll, TcpClientExtensions.MessageLoopAsync: NotifyDataAvailable remoteEndPoint: 127.0.0.1:50619 localEndPoint: 127.0.0.1:50618
TpTrace Verbose: 0 : 27596, 7, 2022/12/31, 13:17:58.312, 4065203688914, vstest.console.dll, TestRequestSender.OnExecutionMessageReceived: Received message: {"Version":5,"MessageType":"TestSession.Message","Payload":{"MessageLevel":0,"Message":"[xUnit.net 00:00:00.86]            at Microsoft.AspNetCore.Hosting.GenericWebHostBuilder.<>c__DisplayClass13_0.<UseStartup>b__0(HostBuilderContext context, IServiceCollection services)"}}
TpTrace Verbose: 0 : 27596, 7, 2022/12/31, 13:17:58.312, 4065203689807, vstest.console.dll, TestRunRequest:SendTestRunMessage: Starting.
TpTrace Verbose: 0 : 27596, 7, 2022/12/31, 13:17:58.312, 4065203690199, vstest.console.dll, MulticastDelegateUtilities.SafeInvoke: TestRun.LogMessages: Invoking callback 1/1 for Microsoft.VisualStudio.TestPlatform.CommandLine.TestRunResultAggregator.TestRunMessageHandler, took 0 ms.
TpTrace Verbose: 0 : 27596, 4, 2022/12/31, 13:17:58.312, 4065203690267, vstest.console.dll, MulticastDelegateUtilities.SafeInvoke: InternalTestLoggerEvents.SendTestRunMessage: Invoking callback 1/1 for Microsoft.VisualStudio.TestPlatform.CommandLine.Internal.ConsoleLogger.TestMessageHandler, took 0 ms.
TpTrace Information: 0 : 27596, 7, 2022/12/31, 13:17:58.312, 4065203690432, vstest.console.dll, TestRunRequest:SendTestRunMessage: Completed.
TpTrace Verbose: 0 : 27596, 7, 2022/12/31, 13:17:58.312, 4065203691460, vstest.console.dll, MulticastDelegateUtilities.SafeInvoke: LengthPrefixCommunicationChannel: MessageReceived: Invoking callback 1/1 for Microsoft.VisualStudio.TestPlatform.CommunicationUtilities.TestRequestSender+<>c__DisplayClass30_0.<StartTestRun>b__1, took 0 ms.
TpTrace Verbose: 0 : 27596, 7, 2022/12/31, 13:17:58.312, 4065203691702, vstest.console.dll, TcpClientExtensions.MessageLoopAsync: Polling on remoteEndPoint: 127.0.0.1:50619 localEndPoint: 127.0.0.1:50618
TpTrace Verbose: 0 : 27596, 7, 2022/12/31, 13:17:58.312, 4065203691945, vstest.console.dll, TcpClientExtensions.MessageLoopAsync: NotifyDataAvailable remoteEndPoint: 127.0.0.1:50619 localEndPoint: 127.0.0.1:50618
TpTrace Verbose: 0 : 27596, 7, 2022/12/31, 13:17:58.312, 4065203692283, vstest.console.dll, TestRequestSender.OnExecutionMessageReceived: Received message: {"Version":5,"MessageType":"TestSession.Message","Payload":{"MessageLevel":0,"Message":"[xUnit.net 00:00:00.86]            at Microsoft.Extensions.Hosting.HostBuilder.CreateServiceProvider()"}}
TpTrace Verbose: 0 : 27596, 7, 2022/12/31, 13:17:58.312, 4065203693068, vstest.console.dll, TestRunRequest:SendTestRunMessage: Starting.
TpTrace Verbose: 0 : 27596, 4, 2022/12/31, 13:17:58.312, 4065203693528, vstest.console.dll, MulticastDelegateUtilities.SafeInvoke: InternalTestLoggerEvents.SendTestRunMessage: Invoking callback 1/1 for Microsoft.VisualStudio.TestPlatform.CommandLine.Internal.ConsoleLogger.TestMessageHandler, took 0 ms.
TpTrace Verbose: 0 : 27596, 7, 2022/12/31, 13:17:58.312, 4065203693440, vstest.console.dll, MulticastDelegateUtilities.SafeInvoke: TestRun.LogMessages: Invoking callback 1/1 for Microsoft.VisualStudio.TestPlatform.CommandLine.TestRunResultAggregator.TestRunMessageHandler, took 0 ms.
TpTrace Information: 0 : 27596, 7, 2022/12/31, 13:17:58.312, 4065203694488, vstest.console.dll, TestRunRequest:SendTestRunMessage: Completed.
TpTrace Verbose: 0 : 27596, 7, 2022/12/31, 13:17:58.312, 4065203694790, vstest.console.dll, MulticastDelegateUtilities.SafeInvoke: LengthPrefixCommunicationChannel: MessageReceived: Invoking callback 1/1 for Microsoft.VisualStudio.TestPlatform.CommunicationUtilities.TestRequestSender+<>c__DisplayClass30_0.<StartTestRun>b__1, took 0 ms.
TpTrace Verbose: 0 : 27596, 7, 2022/12/31, 13:17:58.312, 4065203695004, vstest.console.dll, TcpClientExtensions.MessageLoopAsync: Polling on remoteEndPoint: 127.0.0.1:50619 localEndPoint: 127.0.0.1:50618
TpTrace Verbose: 0 : 27596, 7, 2022/12/31, 13:17:58.312, 4065203695219, vstest.console.dll, TcpClientExtensions.MessageLoopAsync: NotifyDataAvailable remoteEndPoint: 127.0.0.1:50619 localEndPoint: 127.0.0.1:50618
TpTrace Verbose: 0 : 27596, 7, 2022/12/31, 13:17:58.312, 4065203695534, vstest.console.dll, TestRequestSender.OnExecutionMessageReceived: Received message: {"Version":5,"MessageType":"TestSession.Message","Payload":{"MessageLevel":0,"Message":"[xUnit.net 00:00:00.86]            at Microsoft.Extensions.Hosting.HostBuilder.Build()"}}
TpTrace Verbose: 0 : 27596, 7, 2022/12/31, 13:17:58.312, 4065203696289, vstest.console.dll, TestRunRequest:SendTestRunMessage: Starting.
TpTrace Verbose: 0 : 27596, 7, 2022/12/31, 13:17:58.312, 4065203696655, vstest.console.dll, MulticastDelegateUtilities.SafeInvoke: TestRun.LogMessages: Invoking callback 1/1 for Microsoft.VisualStudio.TestPlatform.CommandLine.TestRunResultAggregator.TestRunMessageHandler, took 0 ms.
TpTrace Verbose: 0 : 27596, 4, 2022/12/31, 13:17:58.312, 4065203696713, vstest.console.dll, MulticastDelegateUtilities.SafeInvoke: InternalTestLoggerEvents.SendTestRunMessage: Invoking callback 1/1 for Microsoft.VisualStudio.TestPlatform.CommandLine.Internal.ConsoleLogger.TestMessageHandler, took 0 ms.
TpTrace Information: 0 : 27596, 7, 2022/12/31, 13:17:58.312, 4065203697081, vstest.console.dll, TestRunRequest:SendTestRunMessage: Completed.
TpTrace Verbose: 0 : 27596, 7, 2022/12/31, 13:17:58.312, 4065203697333, vstest.console.dll, MulticastDelegateUtilities.SafeInvoke: LengthPrefixCommunicationChannel: MessageReceived: Invoking callback 1/1 for Microsoft.VisualStudio.TestPlatform.CommunicationUtilities.TestRequestSender+<>c__DisplayClass30_0.<StartTestRun>b__1, took 0 ms.
TpTrace Verbose: 0 : 27596, 7, 2022/12/31, 13:17:58.313, 4065203697650, vstest.console.dll, TcpClientExtensions.MessageLoopAsync: Polling on remoteEndPoint: 127.0.0.1:50619 localEndPoint: 127.0.0.1:50618
TpTrace Verbose: 0 : 27596, 7, 2022/12/31, 13:17:58.313, 4065203697883, vstest.console.dll, TcpClientExtensions.MessageLoopAsync: NotifyDataAvailable remoteEndPoint: 127.0.0.1:50619 localEndPoint: 127.0.0.1:50618
TpTrace Verbose: 0 : 27596, 7, 2022/12/31, 13:17:58.313, 4065203698207, vstest.console.dll, TestRequestSender.OnExecutionMessageReceived: Received message: {"Version":5,"MessageType":"TestSession.Message","Payload":{"MessageLevel":0,"Message":"[xUnit.net 00:00:00.86]            at Microsoft.AspNetCore.Mvc.Testing.WebApplicationFactory`1.CreateHost(IHostBuilder builder)"}}
TpTrace Verbose: 0 : 27596, 7, 2022/12/31, 13:17:58.313, 4065203698930, vstest.console.dll, TestRunRequest:SendTestRunMessage: Starting.
TpTrace Verbose: 0 : 27596, 7, 2022/12/31, 13:17:58.313, 4065203699284, vstest.console.dll, MulticastDelegateUtilities.SafeInvoke: TestRun.LogMessages: Invoking callback 1/1 for Microsoft.VisualStudio.TestPlatform.CommandLine.TestRunResultAggregator.TestRunMessageHandler, took 0 ms.
TpTrace Verbose: 0 : 27596, 4, 2022/12/31, 13:17:58.313, 4065203699395, vstest.console.dll, MulticastDelegateUtilities.SafeInvoke: InternalTestLoggerEvents.SendTestRunMessage: Invoking callback 1/1 for Microsoft.VisualStudio.TestPlatform.CommandLine.Internal.ConsoleLogger.TestMessageHandler, took 0 ms.
TpTrace Information: 0 : 27596, 7, 2022/12/31, 13:17:58.313, 4065203700066, vstest.console.dll, TestRunRequest:SendTestRunMessage: Completed.
TpTrace Verbose: 0 : 27596, 7, 2022/12/31, 13:17:58.313, 4065203700490, vstest.console.dll, MulticastDelegateUtilities.SafeInvoke: LengthPrefixCommunicationChannel: MessageReceived: Invoking callback 1/1 for Microsoft.VisualStudio.TestPlatform.CommunicationUtilities.TestRequestSender+<>c__DisplayClass30_0.<StartTestRun>b__1, took 0 ms.
TpTrace Verbose: 0 : 27596, 7, 2022/12/31, 13:17:58.313, 4065203700708, vstest.console.dll, TcpClientExtensions.MessageLoopAsync: Polling on remoteEndPoint: 127.0.0.1:50619 localEndPoint: 127.0.0.1:50618
TpTrace Verbose: 0 : 27596, 7, 2022/12/31, 13:17:58.313, 4065203700958, vstest.console.dll, TcpClientExtensions.MessageLoopAsync: NotifyDataAvailable remoteEndPoint: 127.0.0.1:50619 localEndPoint: 127.0.0.1:50618
TpTrace Verbose: 0 : 27596, 7, 2022/12/31, 13:17:58.313, 4065203701282, vstest.console.dll, TestRequestSender.OnExecutionMessageReceived: Received message: {"Version":5,"MessageType":"TestSession.Message","Payload":{"MessageLevel":0,"Message":"[xUnit.net 00:00:00.86]            at Microsoft.AspNetCore.Mvc.Testing.WebApplicationFactory`1.ConfigureHostBuilder(IHostBuilder hostBuilder)"}}
TpTrace Verbose: 0 : 27596, 7, 2022/12/31, 13:17:58.313, 4065203702210, vstest.console.dll, TestRunRequest:SendTestRunMessage: Starting.
TpTrace Verbose: 0 : 27596, 7, 2022/12/31, 13:17:58.313, 4065203702593, vstest.console.dll, MulticastDelegateUtilities.SafeInvoke: TestRun.LogMessages: Invoking callback 1/1 for Microsoft.VisualStudio.TestPlatform.CommandLine.TestRunResultAggregator.TestRunMessageHandler, took 0 ms.
TpTrace Verbose: 0 : 27596, 4, 2022/12/31, 13:17:58.313, 4065203702645, vstest.console.dll, MulticastDelegateUtilities.SafeInvoke: InternalTestLoggerEvents.SendTestRunMessage: Invoking callback 1/1 for Microsoft.VisualStudio.TestPlatform.CommandLine.Internal.ConsoleLogger.TestMessageHandler, took 0 ms.
TpTrace Information: 0 : 27596, 7, 2022/12/31, 13:17:58.313, 4065203702821, vstest.console.dll, TestRunRequest:SendTestRunMessage: Completed.
TpTrace Verbose: 0 : 27596, 7, 2022/12/31, 13:17:58.313, 4065203703324, vstest.console.dll, MulticastDelegateUtilities.SafeInvoke: LengthPrefixCommunicationChannel: MessageReceived: Invoking callback 1/1 for Microsoft.VisualStudio.TestPlatform.CommunicationUtilities.TestRequestSender+<>c__DisplayClass30_0.<StartTestRun>b__1, took 0 ms.
TpTrace Verbose: 0 : 27596, 7, 2022/12/31, 13:17:58.313, 4065203703519, vstest.console.dll, TcpClientExtensions.MessageLoopAsync: Polling on remoteEndPoint: 127.0.0.1:50619 localEndPoint: 127.0.0.1:50618
TpTrace Verbose: 0 : 27596, 7, 2022/12/31, 13:17:58.313, 4065203703727, vstest.console.dll, TcpClientExtensions.MessageLoopAsync: NotifyDataAvailable remoteEndPoint: 127.0.0.1:50619 localEndPoint: 127.0.0.1:50618
TpTrace Verbose: 0 : 27596, 7, 2022/12/31, 13:17:58.313, 4065203704053, vstest.console.dll, TestRequestSender.OnExecutionMessageReceived: Received message: {"Version":5,"MessageType":"TestSession.Message","Payload":{"MessageLevel":0,"Message":"[xUnit.net 00:00:00.86]            at Microsoft.AspNetCore.Mvc.Testing.WebApplicationFactory`1.EnsureServer()"}}
TpTrace Verbose: 0 : 27596, 7, 2022/12/31, 13:17:58.313, 4065203704817, vstest.console.dll, TestRunRequest:SendTestRunMessage: Starting.
TpTrace Verbose: 0 : 27596, 7, 2022/12/31, 13:17:58.313, 4065203705261, vstest.console.dll, MulticastDelegateUtilities.SafeInvoke: TestRun.LogMessages: Invoking callback 1/1 for Microsoft.VisualStudio.TestPlatform.CommandLine.TestRunResultAggregator.TestRunMessageHandler, took 0 ms.
TpTrace Verbose: 0 : 27596, 4, 2022/12/31, 13:17:58.313, 4065203705427, vstest.console.dll, MulticastDelegateUtilities.SafeInvoke: InternalTestLoggerEvents.SendTestRunMessage: Invoking callback 1/1 for Microsoft.VisualStudio.TestPlatform.CommandLine.Internal.ConsoleLogger.TestMessageHandler, took 0 ms.
TpTrace Information: 0 : 27596, 7, 2022/12/31, 13:17:58.313, 4065203705491, vstest.console.dll, TestRunRequest:SendTestRunMessage: Completed.
TpTrace Verbose: 0 : 27596, 7, 2022/12/31, 13:17:58.313, 4065203705953, vstest.console.dll, MulticastDelegateUtilities.SafeInvoke: LengthPrefixCommunicationChannel: MessageReceived: Invoking callback 1/1 for Microsoft.VisualStudio.TestPlatform.CommunicationUtilities.TestRequestSender+<>c__DisplayClass30_0.<StartTestRun>b__1, took 0 ms.
TpTrace Verbose: 0 : 27596, 7, 2022/12/31, 13:17:58.313, 4065203706141, vstest.console.dll, TcpClientExtensions.MessageLoopAsync: Polling on remoteEndPoint: 127.0.0.1:50619 localEndPoint: 127.0.0.1:50618
TpTrace Verbose: 0 : 27596, 7, 2022/12/31, 13:17:58.313, 4065203706345, vstest.console.dll, TcpClientExtensions.MessageLoopAsync: NotifyDataAvailable remoteEndPoint: 127.0.0.1:50619 localEndPoint: 127.0.0.1:50618
TpTrace Verbose: 0 : 27596, 7, 2022/12/31, 13:17:58.313, 4065203706644, vstest.console.dll, TestRequestSender.OnExecutionMessageReceived: Received message: {"Version":5,"MessageType":"TestSession.Message","Payload":{"MessageLevel":0,"Message":"[xUnit.net 00:00:00.86]            at Microsoft.AspNetCore.Mvc.Testing.WebApplicationFactory`1.CreateDefaultClient(DelegatingHandler[] handlers)"}}
TpTrace Verbose: 0 : 27596, 7, 2022/12/31, 13:17:58.313, 4065203707367, vstest.console.dll, TestRunRequest:SendTestRunMessage: Starting.
TpTrace Verbose: 0 : 27596, 7, 2022/12/31, 13:17:58.314, 4065203707721, vstest.console.dll, MulticastDelegateUtilities.SafeInvoke: TestRun.LogMessages: Invoking callback 1/1 for Microsoft.VisualStudio.TestPlatform.CommandLine.TestRunResultAggregator.TestRunMessageHandler, took 0 ms.
TpTrace Verbose: 0 : 27596, 4, 2022/12/31, 13:17:58.314, 4065203707813, vstest.console.dll, MulticastDelegateUtilities.SafeInvoke: InternalTestLoggerEvents.SendTestRunMessage: Invoking callback 1/1 for Microsoft.VisualStudio.TestPlatform.CommandLine.Internal.ConsoleLogger.TestMessageHandler, took 0 ms.
TpTrace Information: 0 : 27596, 7, 2022/12/31, 13:17:58.314, 4065203708538, vstest.console.dll, TestRunRequest:SendTestRunMessage: Completed.
TpTrace Verbose: 0 : 27596, 7, 2022/12/31, 13:17:58.314, 4065203709057, vstest.console.dll, MulticastDelegateUtilities.SafeInvoke: LengthPrefixCommunicationChannel: MessageReceived: Invoking callback 1/1 for Microsoft.VisualStudio.TestPlatform.CommunicationUtilities.TestRequestSender+<>c__DisplayClass30_0.<StartTestRun>b__1, took 0 ms.
TpTrace Verbose: 0 : 27596, 7, 2022/12/31, 13:17:58.314, 4065203709292, vstest.console.dll, TcpClientExtensions.MessageLoopAsync: Polling on remoteEndPoint: 127.0.0.1:50619 localEndPoint: 127.0.0.1:50618
TpTrace Verbose: 0 : 27596, 7, 2022/12/31, 13:17:58.314, 4065203709513, vstest.console.dll, TcpClientExtensions.MessageLoopAsync: NotifyDataAvailable remoteEndPoint: 127.0.0.1:50619 localEndPoint: 127.0.0.1:50618
TpTrace Verbose: 0 : 27596, 7, 2022/12/31, 13:17:58.314, 4065203710288, vstest.console.dll, TestRequestSender.OnExecutionMessageReceived: Received message: {"Version":5,"MessageType":"TestSession.Message","Payload":{"MessageLevel":0,"Message":"[xUnit.net 00:00:00.86]            at Microsoft.AspNetCore.Mvc.Testing.WebApplicationFactory`1.CreateDefaultClient(Uri baseAddress, DelegatingHandler[] handlers)"}}
TpTrace Verbose: 0 : 27596, 7, 2022/12/31, 13:17:58.314, 4065203711150, vstest.console.dll, TestRunRequest:SendTestRunMessage: Starting.
TpTrace Verbose: 0 : 27596, 7, 2022/12/31, 13:17:58.314, 4065203711568, vstest.console.dll, MulticastDelegateUtilities.SafeInvoke: TestRun.LogMessages: Invoking callback 1/1 for Microsoft.VisualStudio.TestPlatform.CommandLine.TestRunResultAggregator.TestRunMessageHandler, took 0 ms.
TpTrace Verbose: 0 : 27596, 4, 2022/12/31, 13:17:58.314, 4065203711621, vstest.console.dll, MulticastDelegateUtilities.SafeInvoke: InternalTestLoggerEvents.SendTestRunMessage: Invoking callback 1/1 for Microsoft.VisualStudio.TestPlatform.CommandLine.Internal.ConsoleLogger.TestMessageHandler, took 0 ms.
TpTrace Information: 0 : 27596, 7, 2022/12/31, 13:17:58.314, 4065203712002, vstest.console.dll, TestRunRequest:SendTestRunMessage: Completed.
TpTrace Verbose: 0 : 27596, 7, 2022/12/31, 13:17:58.314, 4065203712257, vstest.console.dll, MulticastDelegateUtilities.SafeInvoke: LengthPrefixCommunicationChannel: MessageReceived: Invoking callback 1/1 for Microsoft.VisualStudio.TestPlatform.CommunicationUtilities.TestRequestSender+<>c__DisplayClass30_0.<StartTestRun>b__1, took 0 ms.
TpTrace Verbose: 0 : 27596, 7, 2022/12/31, 13:17:58.314, 4065203712439, vstest.console.dll, TcpClientExtensions.MessageLoopAsync: Polling on remoteEndPoint: 127.0.0.1:50619 localEndPoint: 127.0.0.1:50618
TpTrace Verbose: 0 : 27596, 7, 2022/12/31, 13:17:58.314, 4065203712646, vstest.console.dll, TcpClientExtensions.MessageLoopAsync: NotifyDataAvailable remoteEndPoint: 127.0.0.1:50619 localEndPoint: 127.0.0.1:50618
TpTrace Verbose: 0 : 27596, 7, 2022/12/31, 13:17:58.314, 4065203713089, vstest.console.dll, TestRequestSender.OnExecutionMessageReceived: Received message: {"Version":5,"MessageType":"TestSession.Message","Payload":{"MessageLevel":0,"Message":"[xUnit.net 00:00:00.86]            at Microsoft.AspNetCore.Mvc.Testing.WebApplicationFactory`1.CreateClient(WebApplicationFactoryClientOptions options)"}}
TpTrace Verbose: 0 : 27596, 7, 2022/12/31, 13:17:58.314, 4065203713816, vstest.console.dll, TestRunRequest:SendTestRunMessage: Starting.
TpTrace Verbose: 0 : 27596, 7, 2022/12/31, 13:17:58.314, 4065203714180, vstest.console.dll, MulticastDelegateUtilities.SafeInvoke: TestRun.LogMessages: Invoking callback 1/1 for Microsoft.VisualStudio.TestPlatform.CommandLine.TestRunResultAggregator.TestRunMessageHandler, took 0 ms.
TpTrace Verbose: 0 : 27596, 4, 2022/12/31, 13:17:58.314, 4065203714236, vstest.console.dll, MulticastDelegateUtilities.SafeInvoke: InternalTestLoggerEvents.SendTestRunMessage: Invoking callback 1/1 for Microsoft.VisualStudio.TestPlatform.CommandLine.Internal.ConsoleLogger.TestMessageHandler, took 0 ms.
TpTrace Information: 0 : 27596, 7, 2022/12/31, 13:17:58.314, 4065203714400, vstest.console.dll, TestRunRequest:SendTestRunMessage: Completed.
TpTrace Verbose: 0 : 27596, 7, 2022/12/31, 13:17:58.314, 4065203715383, vstest.console.dll, MulticastDelegateUtilities.SafeInvoke: LengthPrefixCommunicationChannel: MessageReceived: Invoking callback 1/1 for Microsoft.VisualStudio.TestPlatform.CommunicationUtilities.TestRequestSender+<>c__DisplayClass30_0.<StartTestRun>b__1, took 0 ms.
TpTrace Verbose: 0 : 27596, 7, 2022/12/31, 13:17:58.314, 4065203715614, vstest.console.dll, TcpClientExtensions.MessageLoopAsync: Polling on remoteEndPoint: 127.0.0.1:50619 localEndPoint: 127.0.0.1:50618
TpTrace Verbose: 0 : 27596, 7, 2022/12/31, 13:17:58.314, 4065203715879, vstest.console.dll, TcpClientExtensions.MessageLoopAsync: NotifyDataAvailable remoteEndPoint: 127.0.0.1:50619 localEndPoint: 127.0.0.1:50618
TpTrace Verbose: 0 : 27596, 7, 2022/12/31, 13:17:58.314, 4065203716243, vstest.console.dll, TestRequestSender.OnExecutionMessageReceived: Received message: {"Version":5,"MessageType":"TestSession.Message","Payload":{"MessageLevel":0,"Message":"[xUnit.net 00:00:00.86]         F:\\Projetos ASP.NET\\Curso Testes\\TestesDeSoftware\\03 - Testes de Integracao\\NerdStore.WebApp.Tests\\Config\\IntegrationTestsFixture.cs(40,0): at NerdStore.WebApp.Tests.Config.IntegrationTestsFixture`1..ctor()"}}
TpTrace Verbose: 0 : 27596, 7, 2022/12/31, 13:17:58.314, 4065203717244, vstest.console.dll, TestRunRequest:SendTestRunMessage: Starting.
TpTrace Verbose: 0 : 27596, 7, 2022/12/31, 13:17:58.314, 4065203717631, vstest.console.dll, MulticastDelegateUtilities.SafeInvoke: TestRun.LogMessages: Invoking callback 1/1 for Microsoft.VisualStudio.TestPlatform.CommandLine.TestRunResultAggregator.TestRunMessageHandler, took 0 ms.
TpTrace Verbose: 0 : 27596, 4, 2022/12/31, 13:17:58.315, 4065203717757, vstest.console.dll, MulticastDelegateUtilities.SafeInvoke: InternalTestLoggerEvents.SendTestRunMessage: Invoking callback 1/1 for Microsoft.VisualStudio.TestPlatform.CommandLine.Internal.ConsoleLogger.TestMessageHandler, took 0 ms.
TpTrace Information: 0 : 27596, 7, 2022/12/31, 13:17:58.315, 4065203717868, vstest.console.dll, TestRunRequest:SendTestRunMessage: Completed.
TpTrace Verbose: 0 : 27596, 7, 2022/12/31, 13:17:58.315, 4065203718298, vstest.console.dll, MulticastDelegateUtilities.SafeInvoke: LengthPrefixCommunicationChannel: MessageReceived: Invoking callback 1/1 for Microsoft.VisualStudio.TestPlatform.CommunicationUtilities.TestRequestSender+<>c__DisplayClass30_0.<StartTestRun>b__1, took 0 ms.
TpTrace Verbose: 0 : 27596, 7, 2022/12/31, 13:17:58.315, 4065203718484, vstest.console.dll, TcpClientExtensions.MessageLoopAsync: Polling on remoteEndPoint: 127.0.0.1:50619 localEndPoint: 127.0.0.1:50618
TpTrace Verbose: 0 : 27596, 7, 2022/12/31, 13:17:58.315, 4065203718705, vstest.console.dll, TcpClientExtensions.MessageLoopAsync: NotifyDataAvailable remoteEndPoint: 127.0.0.1:50619 localEndPoint: 127.0.0.1:50618
TpTrace Verbose: 0 : 27596, 7, 2022/12/31, 13:17:58.315, 4065203719006, vstest.console.dll, TestRequestSender.OnExecutionMessageReceived: Received message: {"Version":5,"MessageType":"TestSession.Message","Payload":{"MessageLevel":0,"Message":"[xUnit.net 00:00:00.86]         ----- Inner Stack Trace #2 (Xunit.Sdk.TestClassException) -----"}}
TpTrace Verbose: 0 : 27596, 7, 2022/12/31, 13:17:58.315, 4065203719906, vstest.console.dll, TestRunRequest:SendTestRunMessage: Starting.
TpTrace Verbose: 0 : 27596, 7, 2022/12/31, 13:17:58.315, 4065203720279, vstest.console.dll, MulticastDelegateUtilities.SafeInvoke: TestRun.LogMessages: Invoking callback 1/1 for Microsoft.VisualStudio.TestPlatform.CommandLine.TestRunResultAggregator.TestRunMessageHandler, took 0 ms.
TpTrace Information: 0 : 27596, 7, 2022/12/31, 13:17:58.315, 4065203720519, vstest.console.dll, TestRunRequest:SendTestRunMessage: Completed.
TpTrace Verbose: 0 : 27596, 7, 2022/12/31, 13:17:58.315, 4065203720699, vstest.console.dll, MulticastDelegateUtilities.SafeInvoke: LengthPrefixCommunicationChannel: MessageReceived: Invoking callback 1/1 for Microsoft.VisualStudio.TestPlatform.CommunicationUtilities.TestRequestSender+<>c__DisplayClass30_0.<StartTestRun>b__1, took 0 ms.
TpTrace Verbose: 0 : 27596, 4, 2022/12/31, 13:17:58.315, 4065203720695, vstest.console.dll, MulticastDelegateUtilities.SafeInvoke: InternalTestLoggerEvents.SendTestRunMessage: Invoking callback 1/1 for Microsoft.VisualStudio.TestPlatform.CommandLine.Internal.ConsoleLogger.TestMessageHandler, took 0 ms.
TpTrace Verbose: 0 : 27596, 7, 2022/12/31, 13:17:58.315, 4065203720877, vstest.console.dll, TcpClientExtensions.MessageLoopAsync: Polling on remoteEndPoint: 127.0.0.1:50619 localEndPoint: 127.0.0.1:50618
TpTrace Verbose: 0 : 27596, 7, 2022/12/31, 13:17:58.315, 4065203721463, vstest.console.dll, TcpClientExtensions.MessageLoopAsync: NotifyDataAvailable remoteEndPoint: 127.0.0.1:50619 localEndPoint: 127.0.0.1:50618
TpTrace Verbose: 0 : 27596, 7, 2022/12/31, 13:17:58.315, 4065203721807, vstest.console.dll, TestRequestSender.OnExecutionMessageReceived: Received message: {"Version":5,"MessageType":"TestSession.Message","Payload":{"MessageLevel":0,"Message":"[xUnit.net 00:00:00.86]         "}}
TpTrace Verbose: 0 : 27596, 7, 2022/12/31, 13:17:58.315, 4065203722744, vstest.console.dll, TestRunRequest:SendTestRunMessage: Starting.
TpTrace Verbose: 0 : 27596, 7, 2022/12/31, 13:17:58.315, 4065203723169, vstest.console.dll, MulticastDelegateUtilities.SafeInvoke: TestRun.LogMessages: Invoking callback 1/1 for Microsoft.VisualStudio.TestPlatform.CommandLine.TestRunResultAggregator.TestRunMessageHandler, took 0 ms.
TpTrace Information: 0 : 27596, 7, 2022/12/31, 13:17:58.315, 4065203723431, vstest.console.dll, TestRunRequest:SendTestRunMessage: Completed.
TpTrace Verbose: 0 : 27596, 4, 2022/12/31, 13:17:58.315, 4065203723591, vstest.console.dll, MulticastDelegateUtilities.SafeInvoke: InternalTestLoggerEvents.SendTestRunMessage: Invoking callback 1/1 for Microsoft.VisualStudio.TestPlatform.CommandLine.Internal.ConsoleLogger.TestMessageHandler, took 0 ms.
TpTrace Verbose: 0 : 27596, 7, 2022/12/31, 13:17:58.315, 4065203723653, vstest.console.dll, MulticastDelegateUtilities.SafeInvoke: LengthPrefixCommunicationChannel: MessageReceived: Invoking callback 1/1 for Microsoft.VisualStudio.TestPlatform.CommunicationUtilities.TestRequestSender+<>c__DisplayClass30_0.<StartTestRun>b__1, took 0 ms.
TpTrace Verbose: 0 : 27596, 7, 2022/12/31, 13:17:58.315, 4065203724173, vstest.console.dll, TcpClientExtensions.MessageLoopAsync: Polling on remoteEndPoint: 127.0.0.1:50619 localEndPoint: 127.0.0.1:50618
TpTrace Verbose: 0 : 27596, 7, 2022/12/31, 13:17:58.326, 4065203828400, vstest.console.dll, TcpClientExtensions.MessageLoopAsync: NotifyDataAvailable remoteEndPoint: 127.0.0.1:50619 localEndPoint: 127.0.0.1:50618
TpTrace Verbose: 0 : 27596, 7, 2022/12/31, 13:17:58.326, 4065203829409, vstest.console.dll, TestRequestSender.OnExecutionMessageReceived: Received message: {"Version":5,"MessageType":"TestSession.Message","Payload":{"MessageLevel":0,"Message":"[xUnit.net 00:00:00.88]   Finished:    NerdStore.WebApp.Tests"}}
TpTrace Verbose: 0 : 27596, 7, 2022/12/31, 13:17:58.326, 4065203830789, vstest.console.dll, TestRunRequest:SendTestRunMessage: Starting.
TpTrace Verbose: 0 : 27596, 7, 2022/12/31, 13:17:58.326, 4065203831278, vstest.console.dll, MulticastDelegateUtilities.SafeInvoke: TestRun.LogMessages: Invoking callback 1/1 for Microsoft.VisualStudio.TestPlatform.CommandLine.TestRunResultAggregator.TestRunMessageHandler, took 0 ms.
TpTrace Information: 0 : 27596, 7, 2022/12/31, 13:17:58.326, 4065203831501, vstest.console.dll, TestRunRequest:SendTestRunMessage: Completed.
TpTrace Verbose: 0 : 27596, 7, 2022/12/31, 13:17:58.326, 4065203831719, vstest.console.dll, MulticastDelegateUtilities.SafeInvoke: LengthPrefixCommunicationChannel: MessageReceived: Invoking callback 1/1 for Microsoft.VisualStudio.TestPlatform.CommunicationUtilities.TestRequestSender+<>c__DisplayClass30_0.<StartTestRun>b__1, took 0 ms.
TpTrace Verbose: 0 : 27596, 7, 2022/12/31, 13:17:58.326, 4065203831911, vstest.console.dll, TcpClientExtensions.MessageLoopAsync: Polling on remoteEndPoint: 127.0.0.1:50619 localEndPoint: 127.0.0.1:50618
TpTrace Verbose: 0 : 27596, 4, 2022/12/31, 13:17:58.326, 4065203831935, vstest.console.dll, MulticastDelegateUtilities.SafeInvoke: InternalTestLoggerEvents.SendTestRunMessage: Invoking callback 1/1 for Microsoft.VisualStudio.TestPlatform.CommandLine.Internal.ConsoleLogger.TestMessageHandler, took 0 ms.
TpTrace Verbose: 0 : 27596, 7, 2022/12/31, 13:17:58.355, 4065204118716, vstest.console.dll, TcpClientExtensions.MessageLoopAsync: NotifyDataAvailable remoteEndPoint: 127.0.0.1:50619 localEndPoint: 127.0.0.1:50618
TpTrace Verbose: 0 : 27596, 7, 2022/12/31, 13:17:58.355, 4065204120291, vstest.console.dll, TestRequestSender.OnExecutionMessageReceived: Received message: {"Version":5,"MessageType":"TestExecution.Completed","Payload":{"TestRunCompleteArgs":{"TestRunStatistics":{"ExecutedTests":1,"Stats":{"Failed":1}},"IsCanceled":false,"IsAborted":false,"Error":null,"AttachmentSets":[],"ElapsedTimeInRunningTests":"00:00:00.8872499","Metrics":{}},"LastRunTests":{"NewTestResults":[{"TestCase":{"Id":"b156a41f-efff-564a-cca3-692fe7cfc4ff","FullyQualifiedName":"NerdStore.WebApp.Tests.UsuarioTests.Trocar_Nome_Metodo","DisplayName":"Realizar cadastro com sucesso","ExecutorUri":"executor://xunit/VsTestRunner2/netcoreapp","Source":"F:\\Projetos ASP.NET\\Curso Testes\\TestesDeSoftware\\03 - Testes de Integracao\\NerdStore.WebApp.Tests\\bin\\Debug\\net6.0\\fine-code-coverage\\build-output\\NerdStore.WebApp.Tests.dll","CodeFilePath":null,"LineNumber":0,"Properties":[{"Key":{"Id":"TestObject.Traits","Label":"Traits","Category":"","Description":"","Attributes":5,"ValueType":"System.Collections.Generic.KeyValuePair`2[[System.String],[System.String]][]"},"Value":[{"Key":"Categoria","Value":"Integração Web - Usuário"}]}]},"Attachments":[],"Outcome":2,"ErrorMessage":"System.AggregateException : One or more errors occurred. (Could not load file or assembly 'Microsoft.AspNetCore.Identity.EntityFrameworkCore, Version=2.2.0.0, Culture=neutral, PublicKeyToken=adb9793829ddae60'. O sistema não pode encontrar o arquivo especificado.) (The following constructor parameters did not have matching fixture data: IntegrationTestsFixture`1 testsFixture)\r\n---- System.IO.FileNotFoundException : Could not load file or assembly 'Microsoft.AspNetCore.Identity.EntityFrameworkCore, Version=2.2.0.0, Culture=neutral, PublicKeyToken=adb9793829ddae60'. O sistema não pode encontrar o arquivo especificado.\r\n---- The following constructor parameters did not have matching fixture data: IntegrationTestsFixture`1 testsFixture","ErrorStackTrace":"\r\n----- Inner Stack Trace #1 (System.IO.FileNotFoundException) -----\r\n   at NerdStore.WebApp.MVC.StartupWebTests.ConfigureServices(IServiceCollection services)\r\n   at System.RuntimeMethodHandle.InvokeMethod(Object target, Span`1& arguments, Signature sig, Boolean constructor, Boolean wrapExceptions)\r\n   at System.Reflection.RuntimeMethodInfo.Invoke(Object obj, BindingFlags invokeAttr, Binder binder, Object[] parameters, CultureInfo culture)\r\n   at Microsoft.AspNetCore.Hosting.ConfigureServicesBuilder.InvokeCore(Object instance, IServiceCollection services)\r\n   at Microsoft.AspNetCore.Hosting.ConfigureServicesBuilder.<>c__DisplayClass9_0.<Invoke>g__Startup|0(IServiceCollection serviceCollection)\r\n   at Microsoft.AspNetCore.Hosting.ConfigureServicesBuilder.Invoke(Object instance, IServiceCollection services)\r\n   at Microsoft.AspNetCore.Hosting.ConfigureServicesBuilder.<>c__DisplayClass8_0.<Build>b__0(IServiceCollection services)\r\n   at Microsoft.AspNetCore.Hosting.GenericWebHostBuilder.UseStartup(Type startupType, HostBuilderContext context, IServiceCollection services, Object instance)\r\n   at Microsoft.AspNetCore.Hosting.GenericWebHostBuilder.<>c__DisplayClass13_0.<UseStartup>b__0(HostBuilderContext context, IServiceCollection services)\r\n   at Microsoft.Extensions.Hosting.HostBuilder.CreateServiceProvider()\r\n   at Microsoft.Extensions.Hosting.HostBuilder.Build()\r\n   at Microsoft.AspNetCore.Mvc.Testing.WebApplicationFactory`1.CreateHost(IHostBuilder builder)\r\n   at Microsoft.AspNetCore.Mvc.Testing.WebApplicationFactory`1.ConfigureHostBuilder(IHostBuilder hostBuilder)\r\n   at Microsoft.AspNetCore.Mvc.Testing.WebApplicationFactory`1.EnsureServer()\r\n   at Microsoft.AspNetCore.Mvc.Testing.WebApplicationFactory`1.CreateDefaultClient(DelegatingHandler[] handlers)\r\n   at Microsoft.AspNetCore.Mvc.Testing.WebApplicationFactory`1.CreateDefaultClient(Uri baseAddress, DelegatingHandler[] handlers)\r\n   at Microsoft.AspNetCore.Mvc.Testing.WebApplicationFactory`1.CreateClient(WebApplicationFactoryClientOptions options)\r\n   at NerdStore.WebApp.Tests.Config.IntegrationTestsFixture`1..ctor() in F:\\Projetos ASP.NET\\Curso Testes\\TestesDeSoftware\\03 - Testes de Integracao\\NerdStore.WebApp.Tests\\Config\\IntegrationTestsFixture.cs:line 40\r\n----- Inner Stack Trace #2 (Xunit.Sdk.TestClassException) -----\r\n","DisplayName":"Realizar cadastro com sucesso","Messages":[],"ComputerName":"DESKTOP-I8JNLH9","Duration":"00:00:00.0010000","StartTime":"2022-12-31T16:17:58.3118431+00:00","EndTime":"2022-12-31T16:17:58.3118632+00:00","Properties":[]}],"TestRunStatistics":{"ExecutedTests":1,"Stats":{"Failed":1}},"ActiveTests":[]},"RunAttachments":[],"ExecutorUris":["executor://xunit/VsTestRunner2/netcoreapp"]}}
TpTrace Verbose: 0 : 27596, 7, 2022/12/31, 13:17:58.356, 4065204130751, vstest.console.dll, TestRequestSender.EndSession: Sending end session.
TpTrace Verbose: 0 : 27596, 7, 2022/12/31, 13:17:58.356, 4065204131902, vstest.console.dll, ProxyOperationManager.Close: waiting for test host to exit for 100 ms
TpTrace Warning: 0 : 27596, 11, 2022/12/31, 13:17:58.372, 4065204291395, vstest.console.dll, TestHostManagerCallbacks.ErrorReceivedCallback Test host standard error line: 
TpTrace Verbose: 0 : 27596, 11, 2022/12/31, 13:17:58.384, 4065204416415, vstest.console.dll, TestHostProvider.ExitCallBack: Host exited starting callback.
TpTrace Information: 0 : 27596, 11, 2022/12/31, 13:17:58.385, 4065204417826, vstest.console.dll, TestHostManagerCallbacks.ExitCallBack: Testhost processId: 5996 exited with exitcode: 0 error: ''
TpTrace Verbose: 0 : 27596, 11, 2022/12/31, 13:17:58.385, 4065204418224, vstest.console.dll, DotnetTestHostManager.OnHostExited: invoking OnHostExited callback
TpTrace Verbose: 0 : 27596, 11, 2022/12/31, 13:17:58.385, 4065204418761, vstest.console.dll, CrossPlatEngine.TestHostManagerHostExited: calling on client process exit callback.
TpTrace Information: 0 : 27596, 11, 2022/12/31, 13:17:58.385, 4065204419136, vstest.console.dll, TestRequestSender.OnClientProcessExit: Test host process exited. Standard error: 
TpTrace Information: 0 : 27596, 11, 2022/12/31, 13:17:58.385, 4065204419413, vstest.console.dll, SocketServer.Stop: Stop server endPoint: 127.0.0.1:50618
TpTrace Information: 0 : 27596, 11, 2022/12/31, 13:17:58.385, 4065204419593, vstest.console.dll, SocketServer.Stop: Cancellation requested. Stopping message loop.
TpTrace Information: 0 : 27596, 7, 2022/12/31, 13:17:58.385, 4065204419694, vstest.console.dll, SocketServer.Stop: Stop server endPoint: 127.0.0.1:50618
TpTrace Information: 0 : 27596, 7, 2022/12/31, 13:17:58.385, 4065204420092, vstest.console.dll, SocketServer.Stop: Cancellation requested. Stopping message loop.
TpTrace Verbose: 0 : 27596, 11, 2022/12/31, 13:17:58.385, 4065204420329, vstest.console.dll, MulticastDelegateUtilities.SafeInvoke: HostProviderEvents.OnHostExited: Invoking callback 1/1 for Microsoft.VisualStudio.TestPlatform.CrossPlatEngine.Client.ProxyOperationManager.TestHostManagerHostExited, took 0 ms.
TpTrace Information: 0 : 27596, 7, 2022/12/31, 13:17:58.385, 4065204420618, vstest.console.dll, Closing the connection
TpTrace Verbose: 0 : 27596, 7, 2022/12/31, 13:17:58.385, 4065204423363, vstest.console.dll, ProxyDataCollectionManager.InvokeDataCollectionServiceAction: Starting.
TpTrace Information: 0 : 27596, 7, 2022/12/31, 13:17:58.385, 4065204423741, vstest.console.dll, ProxyDataCollectionManager.AfterTestRunEnd: Get attachment set and invoked data collectors processId: 2616 port: 50615
TpTrace Verbose: 0 : 27596, 7, 2022/12/31, 13:17:58.385, 4065204424060, vstest.console.dll, DataCollectionRequestSender.SendAfterTestRunStartAndGetResult: Send AfterTestRunEnd message with isCancelled: False
TpTrace Verbose: 0 : 27596, 7, 2022/12/31, 13:17:58.390, 4065204476863, vstest.console.dll, DataCollectionRequestSender.SendAfterTestRunStartAndGetResult: Received message: (DataCollection.AfterTestRunEndResult) -> {
  "AttachmentSets": [],
  "InvokedDataCollectors": [
    {
      "Uri": "datacollector://Microsoft/TestPlatform/Extensions/Blame/v1",
      "FriendlyName": "Blame",
      "AssemblyQualifiedName": "Microsoft.TestPlatform.Extensions.BlameDataCollector.BlameCollector, Microsoft.TestPlatform.Extensions.BlameDataCollector, Version=15.0.0.0, Culture=neutral, PublicKeyToken=b03f5f7f11d50a3a",
      "FilePath": "C:\\Program Files\\dotnet\\sdk\\7.0.100-preview.3.22179.4\\Extensions\\Microsoft.TestPlatform.Extensions.BlameDataCollector.dll",
      "HasAttachmentProcessor": false
    }
  ],
  "Metrics": {}
}
TpTrace Warning: 0 : 27596, 10, 2022/12/31, 13:17:58.395, 4065204521905, vstest.console.dll, DataCollectionLauncher.ErrorReceivedCallback datacollector standard error line: 
TpTrace Information: 0 : 27596, 11, 2022/12/31, 13:17:58.397, 4065204538226, vstest.console.dll, DataCollectionLauncher.ExitCallBack: Data collector exited with exitcode: 0 error: ''
TpTrace Information: 0 : 27596, 7, 2022/12/31, 13:17:58.399, 4065204559420, vstest.console.dll, ProxyDataCollectionManager.InvokeDataCollectionServiceAction: Completed.
TpTrace Verbose: 0 : 27596, 7, 2022/12/31, 13:17:58.458, 4065205150094, vstest.console.dll, TestRunRequest:SendTestRunStatsChange: Starting.
TpTrace Verbose: 0 : 27596, 7, 2022/12/31, 13:17:58.458, 4065205151642, vstest.console.dll, MulticastDelegateUtilities.SafeInvoke: TestRun.RunStatsChanged: Invoking callbacks was skipped because there are no subscribers.
TpTrace Information: 0 : 27596, 7, 2022/12/31, 13:17:58.458, 4065205151989, vstest.console.dll, TestRunRequest:SendTestRunStatsChange: Completed.
TpTrace Verbose: 0 : 27596, 7, 2022/12/31, 13:17:58.458, 4065205153213, vstest.console.dll, ParallelProxyExecutionManager: HandlePartialRunComplete: Total completed clients = 1, Run complete = True, Run canceled: False.
TpTrace Verbose: 0 : 27596, 4, 2022/12/31, 13:17:58.460, 4065205172564, vstest.console.dll, MulticastDelegateUtilities.SafeInvoke: InternalTestLoggerEvents.SendTestResult: Invoking callback 1/1 for Microsoft.VisualStudio.TestPlatform.CommandLine.Internal.ConsoleLogger.TestResultHandler, took 2 ms.
TpTrace Verbose: 0 : 27596, 4, 2022/12/31, 13:17:58.465, 4065205227130, vstest.console.dll, MulticastDelegateUtilities.SafeInvoke: InternalTestLoggerEvents.SendTestRunComplete: Invoking callback 1/2 for Microsoft.TestPlatform.Extensions.BlameDataCollector.BlameLogger.TestRunCompleteHandler, took 0 ms.
TpTrace Verbose: 0 : 27596, 4, 2022/12/31, 13:17:58.470, 4065205269762, vstest.console.dll, MulticastDelegateUtilities.SafeInvoke: InternalTestLoggerEvents.SendTestRunComplete: Invoking callback 2/2 for Microsoft.VisualStudio.TestPlatform.CommandLine.Internal.ConsoleLogger.TestRunCompleteHandler, took 4 ms.
TpTrace Verbose: 0 : 27596, 7, 2022/12/31, 13:17:58.470, 4065205272566, vstest.console.dll, TestRunRequest:TestRunComplete: Starting. IsAborted:False IsCanceled:False.
TpTrace Verbose: 0 : 27596, 7, 2022/12/31, 13:17:58.470, 4065205273624, vstest.console.dll, TestLoggerManager.HandleTestRunComplete: Ignoring as the object is disposed.
TpTrace Verbose: 0 : 27596, 7, 2022/12/31, 13:17:58.470, 4065205275056, vstest.console.dll, MulticastDelegateUtilities.SafeInvoke: TestRun.TestRunComplete: Invoking callback 1/2 for Microsoft.VisualStudio.TestPlatform.CommandLine.TestRunResultAggregator.TestRunCompletionHandler, took 0 ms.
TpTrace Verbose: 0 : 27596, 7, 2022/12/31, 13:17:58.470, 4065205276074, vstest.console.dll, MulticastDelegateUtilities.SafeInvoke: TestRun.TestRunComplete: Invoking callback 2/2 for Microsoft.VisualStudio.TestPlatform.CommandLine.Processors.RunTestsArgumentExecutor+TestRunRequestEventsRegistrar.TestRunRequest_OnRunCompletion, took 0 ms.
TpTrace Information: 0 : 27596, 7, 2022/12/31, 13:17:58.470, 4065205276723, vstest.console.dll, TestRunRequest:TestRunComplete: Completed.
TpTrace Verbose: 0 : 27596, 7, 2022/12/31, 13:17:58.470, 4065205277007, vstest.console.dll, TestRequestSender.SetOperationComplete: Setting operation complete.
TpTrace Information: 0 : 27596, 7, 2022/12/31, 13:17:58.470, 4065205277196, vstest.console.dll, SocketServer.Stop: Stop server endPoint: 127.0.0.1:50618
TpTrace Verbose: 0 : 27596, 1, 2022/12/31, 13:17:58.470, 4065205277265, vstest.console.dll, TestRunRequest.Dispose: Starting.
TpTrace Information: 0 : 27596, 1, 2022/12/31, 13:17:58.471, 4065205277765, vstest.console.dll, TestRunRequest.Dispose: Completed.
TpTrace Information: 0 : 27596, 1, 2022/12/31, 13:17:58.471, 4065205278058, vstest.console.dll, TestRequestManager.RunTests: run tests completed.
TpTrace Information: 0 : 27596, 7, 2022/12/31, 13:17:58.470, 4065205277354, vstest.console.dll, SocketServer.Stop: Cancellation requested. Stopping message loop.
TpTrace Information: 0 : 27596, 1, 2022/12/31, 13:17:58.471, 4065205278599, vstest.console.dll, RunTestsArgumentProcessor:Execute: Test run is completed.
TpTrace Verbose: 0 : 27596, 7, 2022/12/31, 13:17:58.471, 4065205278719, vstest.console.dll, MulticastDelegateUtilities.SafeInvoke: LengthPrefixCommunicationChannel: MessageReceived: Invoking callback 1/1 for Microsoft.VisualStudio.TestPlatform.CommunicationUtilities.TestRequestSender+<>c__DisplayClass30_0.<StartTestRun>b__1, took 115 ms.
TpTrace Information: 0 : 27596, 7, 2022/12/31, 13:17:58.471, 4065205279082, vstest.console.dll, SocketServer.PrivateStop: Stopping server endPoint: 127.0.0.1:50618 error: 
TpTrace Verbose: 0 : 27596, 1, 2022/12/31, 13:17:58.471, 4065205280174, vstest.console.dll, Executor.Execute: Exiting with exit code of 1
TpTrace Verbose: 0 : 27596, 7, 2022/12/31, 13:17:58.471, 4065205281845, vstest.console.dll, LengthPrefixCommunicationChannel.Dispose: Dispose reader and writer.
TpTrace Information: 0 : 27596, 7, 2022/12/31, 13:17:58.471, 4065205282379, vstest.console.dll, SocketServer.Stop: Raise disconnected event endPoint: 127.0.0.1:50618 error: 
TpTrace Verbose: 0 : 27596, 7, 2022/12/31, 13:17:58.471, 4065205282804, vstest.console.dll, TestRequestSender: OnTestRunAbort: Operation is already complete. Skip error message.
TpTrace Verbose: 0 : 27596, 7, 2022/12/31, 13:17:58.471, 4065205283093, vstest.console.dll, MulticastDelegateUtilities.SafeInvoke: SocketServer: ClientDisconnected: Invoking callback 1/1 for Microsoft.VisualStudio.TestPlatform.CommunicationUtilities.TestRequestSender.<InitializeCommunication>b__23_1, took 0 ms.
TpTrace Verbose: 0 : 27596, 7, 2022/12/31, 13:17:58.471, 4065205283296, vstest.console.dll, TcpClientExtensions.MessageLoopAsync: exiting MessageLoopAsync remoteEndPoint: 127.0.0.1:50619 localEndPoint: 127.0.0.1:50618
