TpTrace Verbose: 0 : 28548, 1, 2022/12/23, 18:28:27.952, 2006875288869, vstest.console.dll, Version: 17.2.0-preview-20220308-05
TpTrace Verbose: 0 : 28548, 1, 2022/12/23, 18:28:27.955, 2006875320531, vstest.console.dll, ArtifactProcessingPostProcessModeProcessorExecutor.Initialize: ArtifactProcessingMode.Collect
TpTrace Verbose: 0 : 28548, 1, 2022/12/23, 18:28:27.955, 2006875321475, vstest.console.dll, TestSessionCorrelationIdProcessorModeProcessorExecutor.Initialize: TestSessionCorrelationId '1224_d611d8b3-1113-4ec3-a839-0a5279fc664e'
TpTrace Information: 0 : 28548, 1, 2022/12/23, 18:28:27.958, 2006875349622, vstest.console.dll, FilePatternParser: The given file F:\Projetos ASP.NET\Curso Testes\TestesDeSoftware\NerdStore.Vendas.Domain.Tests\bin\Release\net6.0\fine-code-coverage\build-output\NerdStore.Vendas.Domain.Tests.dll is a full path.
TpTrace Verbose: 0 : 28548, 1, 2022/12/23, 18:28:27.962, 2006875391298, vstest.console.dll, TestPluginCache.DiscoverTestExtensions: finding test extensions in assemblies ends with: RuntimeProvider.dll TPluginInfo: Microsoft.VisualStudio.TestPlatform.Common.ExtensionFramework.Utilities.TestRuntimePluginInformation TExtension: Microsoft.VisualStudio.TestPlatform.ObjectModel.Host.ITestRuntimeProvider
TpTrace Verbose: 0 : 28548, 1, 2022/12/23, 18:28:27.962, 2006875392668, vstest.console.dll, TestPluginCache.GetExtensionPaths: Filtered extension paths: 
TpTrace Verbose: 0 : 28548, 1, 2022/12/23, 18:28:27.962, 2006875393251, vstest.console.dll, TestPluginCache.GetExtensionPaths: Added default extension paths: C:\Program Files\dotnet\sdk\7.0.100-preview.3.22179.4\Extensions\DumpMinitool.exe
C:\Program Files\dotnet\sdk\7.0.100-preview.3.22179.4\Extensions\DumpMinitool.x86.exe
C:\Program Files\dotnet\sdk\7.0.100-preview.3.22179.4\Extensions\Microsoft.Diagnostics.NETCore.Client.dll
C:\Program Files\dotnet\sdk\7.0.100-preview.3.22179.4\Extensions\Microsoft.TestPlatform.Extensions.BlameDataCollector.dll
C:\Program Files\dotnet\sdk\7.0.100-preview.3.22179.4\Extensions\Microsoft.TestPlatform.Extensions.EventLogCollector.dll
C:\Program Files\dotnet\sdk\7.0.100-preview.3.22179.4\Extensions\Microsoft.TestPlatform.TestHostRuntimeProvider.dll
C:\Program Files\dotnet\sdk\7.0.100-preview.3.22179.4\Extensions\Microsoft.VisualStudio.TestPlatform.Extensions.Html.TestLogger.dll
C:\Program Files\dotnet\sdk\7.0.100-preview.3.22179.4\Extensions\Microsoft.VisualStudio.TestPlatform.Extensions.Trx.TestLogger.dll
TpTrace Verbose: 0 : 28548, 1, 2022/12/23, 18:28:27.962, 2006875393559, vstest.console.dll, TestPluginCache.GetExtensionPaths: Added unfilterableExtensionPaths: 
TpTrace Information: 0 : 28548, 1, 2022/12/23, 18:28:27.963, 2006875398249, vstest.console.dll, AssemblyResolver.ctor: Creating AssemblyResolver with searchDirectories C:\Program Files\dotnet\sdk\7.0.100-preview.3.22179.4\Extensions,C:\Program Files\dotnet\sdk\7.0.100-preview.3.22179.4
TpTrace Verbose: 0 : 28548, 1, 2022/12/23, 18:28:27.964, 2006875406429, vstest.console.dll, TestPluginCache.DiscoverTestExtensions: Discovering the extensions using extension path.
TpTrace Verbose: 0 : 28548, 1, 2022/12/23, 18:28:27.964, 2006875407341, vstest.console.dll, TestPluginCache.GetExtensionPaths: Filtered extension paths: 
TpTrace Verbose: 0 : 28548, 1, 2022/12/23, 18:28:27.964, 2006875407622, vstest.console.dll, TestPluginCache.GetExtensionPaths: Added default extension paths: C:\Program Files\dotnet\sdk\7.0.100-preview.3.22179.4\Extensions\DumpMinitool.exe
C:\Program Files\dotnet\sdk\7.0.100-preview.3.22179.4\Extensions\DumpMinitool.x86.exe
C:\Program Files\dotnet\sdk\7.0.100-preview.3.22179.4\Extensions\Microsoft.Diagnostics.NETCore.Client.dll
C:\Program Files\dotnet\sdk\7.0.100-preview.3.22179.4\Extensions\Microsoft.TestPlatform.Extensions.BlameDataCollector.dll
C:\Program Files\dotnet\sdk\7.0.100-preview.3.22179.4\Extensions\Microsoft.TestPlatform.Extensions.EventLogCollector.dll
C:\Program Files\dotnet\sdk\7.0.100-preview.3.22179.4\Extensions\Microsoft.TestPlatform.TestHostRuntimeProvider.dll
C:\Program Files\dotnet\sdk\7.0.100-preview.3.22179.4\Extensions\Microsoft.VisualStudio.TestPlatform.Extensions.Html.TestLogger.dll
C:\Program Files\dotnet\sdk\7.0.100-preview.3.22179.4\Extensions\Microsoft.VisualStudio.TestPlatform.Extensions.Trx.TestLogger.dll
TpTrace Verbose: 0 : 28548, 1, 2022/12/23, 18:28:27.964, 2006875408227, vstest.console.dll, TestPluginCache.GetExtensionPaths: Added unfilterableExtensionPaths: 
TpTrace Verbose: 0 : 28548, 1, 2022/12/23, 18:28:27.964, 2006875408757, vstest.console.dll, TestPluginCache.DiscoverTestExtensions: Discovering the extensions using allExtensionPaths: C:\Program Files\dotnet\sdk\7.0.100-preview.3.22179.4\Extensions\DumpMinitool.exe
C:\Program Files\dotnet\sdk\7.0.100-preview.3.22179.4\Extensions\DumpMinitool.x86.exe
C:\Program Files\dotnet\sdk\7.0.100-preview.3.22179.4\Extensions\Microsoft.Diagnostics.NETCore.Client.dll
C:\Program Files\dotnet\sdk\7.0.100-preview.3.22179.4\Extensions\Microsoft.TestPlatform.Extensions.BlameDataCollector.dll
C:\Program Files\dotnet\sdk\7.0.100-preview.3.22179.4\Extensions\Microsoft.TestPlatform.Extensions.EventLogCollector.dll
C:\Program Files\dotnet\sdk\7.0.100-preview.3.22179.4\Extensions\Microsoft.TestPlatform.TestHostRuntimeProvider.dll
C:\Program Files\dotnet\sdk\7.0.100-preview.3.22179.4\Extensions\Microsoft.VisualStudio.TestPlatform.Extensions.Html.TestLogger.dll
C:\Program Files\dotnet\sdk\7.0.100-preview.3.22179.4\Extensions\Microsoft.VisualStudio.TestPlatform.Extensions.Trx.TestLogger.dll
TpTrace Information: 0 : 28548, 1, 2022/12/23, 18:28:27.964, 2006875409705, vstest.console.dll, AssemblyResolver.AddSearchDirectories: Adding more searchDirectories C:\Program Files\dotnet\sdk\7.0.100-preview.3.22179.4\Extensions,C:\Program Files\dotnet\sdk\7.0.100-preview.3.22179.4
TpTrace Information: 0 : 28548, 1, 2022/12/23, 18:28:27.964, 2006875410112, vstest.console.dll, AssemblyResolver.AddSearchDirectories: Adding more searchDirectories C:\Program Files\dotnet\sdk\7.0.100-preview.3.22179.4\Extensions,C:\Program Files\dotnet\sdk\7.0.100-preview.3.22179.4
TpTrace Information: 0 : 28548, 1, 2022/12/23, 18:28:27.964, 2006875410341, vstest.console.dll, AssemblyResolver.AddSearchDirectories: Adding more searchDirectories C:\Program Files\dotnet\sdk\7.0.100-preview.3.22179.4\Extensions,C:\Program Files\dotnet\sdk\7.0.100-preview.3.22179.4
TpTrace Information: 0 : 28548, 1, 2022/12/23, 18:28:27.964, 2006875410535, vstest.console.dll, AssemblyResolver.AddSearchDirectories: Adding more searchDirectories C:\Program Files\dotnet\sdk\7.0.100-preview.3.22179.4\Extensions,C:\Program Files\dotnet\sdk\7.0.100-preview.3.22179.4
TpTrace Information: 0 : 28548, 1, 2022/12/23, 18:28:27.964, 2006875410752, vstest.console.dll, AssemblyResolver.AddSearchDirectories: Adding more searchDirectories C:\Program Files\dotnet\sdk\7.0.100-preview.3.22179.4\Extensions,C:\Program Files\dotnet\sdk\7.0.100-preview.3.22179.4
TpTrace Information: 0 : 28548, 1, 2022/12/23, 18:28:27.964, 2006875410939, vstest.console.dll, AssemblyResolver.AddSearchDirectories: Adding more searchDirectories C:\Program Files\dotnet\sdk\7.0.100-preview.3.22179.4\Extensions,C:\Program Files\dotnet\sdk\7.0.100-preview.3.22179.4
TpTrace Information: 0 : 28548, 1, 2022/12/23, 18:28:27.964, 2006875411123, vstest.console.dll, AssemblyResolver.AddSearchDirectories: Adding more searchDirectories C:\Program Files\dotnet\sdk\7.0.100-preview.3.22179.4\Extensions,C:\Program Files\dotnet\sdk\7.0.100-preview.3.22179.4
TpTrace Information: 0 : 28548, 1, 2022/12/23, 18:28:27.964, 2006875411334, vstest.console.dll, AssemblyResolver.AddSearchDirectories: Adding more searchDirectories C:\Program Files\dotnet\sdk\7.0.100-preview.3.22179.4\Extensions,C:\Program Files\dotnet\sdk\7.0.100-preview.3.22179.4
TpTrace Information: 0 : 28548, 1, 2022/12/23, 18:28:27.964, 2006875413478, vstest.console.dll, AssemblyResolver.OnResolve: DumpMinitool: Resolving assembly.
TpTrace Information: 0 : 28548, 1, 2022/12/23, 18:28:27.965, 2006875413920, vstest.console.dll, AssemblyResolver.OnResolve: DumpMinitool: Searching in: 'C:\Program Files\dotnet\sdk\7.0.100-preview.3.22179.4\Extensions'.
TpTrace Information: 0 : 28548, 1, 2022/12/23, 18:28:27.965, 2006875414862, vstest.console.dll, AssemblyResolver.OnResolve: DumpMinitool: Assembly path does not exist: 'C:\Program Files\dotnet\sdk\7.0.100-preview.3.22179.4\Extensions\DumpMinitool.dll', returning.
TpTrace Information: 0 : 28548, 1, 2022/12/23, 18:28:27.971, 2006875479045, vstest.console.dll, AssemblyResolver.OnResolve: DumpMinitool: Loading assembly 'C:\Program Files\dotnet\sdk\7.0.100-preview.3.22179.4\Extensions\DumpMinitool.exe'.
TpTrace Information: 0 : 28548, 1, 2022/12/23, 18:28:27.972, 2006875484652, vstest.console.dll, AssemblyResolver.OnResolve: Resolved assembly: DumpMinitool, from path: C:\Program Files\dotnet\sdk\7.0.100-preview.3.22179.4\Extensions\DumpMinitool.exe
TpTrace Verbose: 0 : 28548, 1, 2022/12/23, 18:28:27.975, 2006875520447, vstest.console.dll, MetadataReaderExtensionsHelper: Discovering extensions inside assembly 'DumpMinitool, Version=15.0.0.0, Culture=neutral, PublicKeyToken=b03f5f7f11d50a3a' file path 'C:\Program Files\dotnet\sdk\7.0.100-preview.3.22179.4\Extensions\DumpMinitool.exe'
TpTrace Information: 0 : 28548, 1, 2022/12/23, 18:28:27.978, 2006875545214, vstest.console.dll, AssemblyResolver.OnResolve: DumpMinitool.x86: Resolving assembly.
TpTrace Information: 0 : 28548, 1, 2022/12/23, 18:28:27.978, 2006875545758, vstest.console.dll, AssemblyResolver.OnResolve: DumpMinitool.x86: Searching in: 'C:\Program Files\dotnet\sdk\7.0.100-preview.3.22179.4\Extensions'.
TpTrace Information: 0 : 28548, 1, 2022/12/23, 18:28:27.978, 2006875546505, vstest.console.dll, AssemblyResolver.OnResolve: DumpMinitool.x86: Assembly path does not exist: 'C:\Program Files\dotnet\sdk\7.0.100-preview.3.22179.4\Extensions\DumpMinitool.x86.dll', returning.
TpTrace Information: 0 : 28548, 1, 2022/12/23, 18:28:27.978, 2006875550613, vstest.console.dll, AssemblyResolver.OnResolve: DumpMinitool.x86: Loading assembly 'C:\Program Files\dotnet\sdk\7.0.100-preview.3.22179.4\Extensions\DumpMinitool.x86.exe'.
TpTrace Information: 0 : 28548, 1, 2022/12/23, 18:28:27.979, 2006875553938, vstest.console.dll, AssemblyResolver.OnResolve: Resolved assembly: DumpMinitool.x86, from path: C:\Program Files\dotnet\sdk\7.0.100-preview.3.22179.4\Extensions\DumpMinitool.x86.exe
TpTrace Verbose: 0 : 28548, 1, 2022/12/23, 18:28:27.979, 2006875554432, vstest.console.dll, MetadataReaderExtensionsHelper: Discovering extensions inside assembly 'DumpMinitool.x86, Version=15.0.0.0, Culture=neutral, PublicKeyToken=b03f5f7f11d50a3a' file path 'C:\Program Files\dotnet\sdk\7.0.100-preview.3.22179.4\Extensions\DumpMinitool.x86.exe'
TpTrace Information: 0 : 28548, 1, 2022/12/23, 18:28:27.979, 2006875558856, vstest.console.dll, AssemblyResolver.OnResolve: Microsoft.Diagnostics.NETCore.Client: Resolving assembly.
TpTrace Information: 0 : 28548, 1, 2022/12/23, 18:28:27.979, 2006875559206, vstest.console.dll, AssemblyResolver.OnResolve: Microsoft.Diagnostics.NETCore.Client: Searching in: 'C:\Program Files\dotnet\sdk\7.0.100-preview.3.22179.4\Extensions'.
TpTrace Information: 0 : 28548, 1, 2022/12/23, 18:28:27.979, 2006875562083, vstest.console.dll, AssemblyResolver.OnResolve: Microsoft.Diagnostics.NETCore.Client: Loading assembly 'C:\Program Files\dotnet\sdk\7.0.100-preview.3.22179.4\Extensions\Microsoft.Diagnostics.NETCore.Client.dll'.
TpTrace Information: 0 : 28548, 1, 2022/12/23, 18:28:27.980, 2006875565661, vstest.console.dll, AssemblyResolver.OnResolve: Resolved assembly: Microsoft.Diagnostics.NETCore.Client, from path: C:\Program Files\dotnet\sdk\7.0.100-preview.3.22179.4\Extensions\Microsoft.Diagnostics.NETCore.Client.dll
TpTrace Verbose: 0 : 28548, 1, 2022/12/23, 18:28:27.980, 2006875566110, vstest.console.dll, MetadataReaderExtensionsHelper: Discovering extensions inside assembly 'Microsoft.Diagnostics.NETCore.Client, Version=0.2.5.801, Culture=neutral, PublicKeyToken=31bf3856ad364e35' file path 'C:\Program Files\dotnet\sdk\7.0.100-preview.3.22179.4\Extensions\Microsoft.Diagnostics.NETCore.Client.dll'
TpTrace Information: 0 : 28548, 1, 2022/12/23, 18:28:27.982, 2006875591197, vstest.console.dll, AssemblyResolver.OnResolve: Microsoft.Bcl.AsyncInterfaces: Resolving assembly.
TpTrace Information: 0 : 28548, 1, 2022/12/23, 18:28:27.982, 2006875591689, vstest.console.dll, AssemblyResolver.OnResolve: Microsoft.Bcl.AsyncInterfaces: Searching in: 'C:\Program Files\dotnet\sdk\7.0.100-preview.3.22179.4\Extensions'.
TpTrace Information: 0 : 28548, 1, 2022/12/23, 18:28:27.982, 2006875592305, vstest.console.dll, AssemblyResolver.OnResolve: Microsoft.Bcl.AsyncInterfaces: Assembly path does not exist: 'C:\Program Files\dotnet\sdk\7.0.100-preview.3.22179.4\Extensions\Microsoft.Bcl.AsyncInterfaces.dll', returning.
TpTrace Information: 0 : 28548, 1, 2022/12/23, 18:28:27.982, 2006875592775, vstest.console.dll, AssemblyResolver.OnResolve: Microsoft.Bcl.AsyncInterfaces: Assembly path does not exist: 'C:\Program Files\dotnet\sdk\7.0.100-preview.3.22179.4\Extensions\Microsoft.Bcl.AsyncInterfaces.exe', returning.
TpTrace Information: 0 : 28548, 1, 2022/12/23, 18:28:27.982, 2006875592983, vstest.console.dll, AssemblyResolver.OnResolve: Microsoft.Bcl.AsyncInterfaces: Searching in: 'C:\Program Files\dotnet\sdk\7.0.100-preview.3.22179.4'.
TpTrace Information: 0 : 28548, 1, 2022/12/23, 18:28:27.982, 2006875593428, vstest.console.dll, AssemblyResolver.OnResolve: Microsoft.Bcl.AsyncInterfaces: Assembly path does not exist: 'C:\Program Files\dotnet\sdk\7.0.100-preview.3.22179.4\Microsoft.Bcl.AsyncInterfaces.dll', returning.
TpTrace Information: 0 : 28548, 1, 2022/12/23, 18:28:27.983, 2006875593851, vstest.console.dll, AssemblyResolver.OnResolve: Microsoft.Bcl.AsyncInterfaces: Assembly path does not exist: 'C:\Program Files\dotnet\sdk\7.0.100-preview.3.22179.4\Microsoft.Bcl.AsyncInterfaces.exe', returning.
TpTrace Information: 0 : 28548, 1, 2022/12/23, 18:28:27.983, 2006875594054, vstest.console.dll, AssemblyResolver.OnResolve: Microsoft.Bcl.AsyncInterfaces: Failed to load assembly.
TpTrace Verbose: 0 : 28548, 1, 2022/12/23, 18:28:27.983, 2006875594281, vstest.console.dll, CurrentDomainAssemblyResolve: Resolving assembly 'Microsoft.Bcl.AsyncInterfaces'.
TpTrace Information: 0 : 28548, 1, 2022/12/23, 18:28:27.983, 2006875594662, vstest.console.dll, AssemblyResolver.OnResolve: Microsoft.Bcl.AsyncInterfaces: Resolving assembly.
TpTrace Information: 0 : 28548, 1, 2022/12/23, 18:28:27.983, 2006875594955, vstest.console.dll, AssemblyResolver.OnResolve: Microsoft.Bcl.AsyncInterfaces: Resolved from cache.
TpTrace Verbose: 0 : 28548, 1, 2022/12/23, 18:28:27.983, 2006875595136, vstest.console.dll, CurrentDomainAssemblyResolve: Resolving assembly 'Microsoft.Bcl.AsyncInterfaces'.
TpTrace Verbose: 0 : 28548, 1, 2022/12/23, 18:28:27.983, 2006875595369, vstest.console.dll, CurrentDomainAssemblyResolve: Failed to resolve assembly 'Microsoft.Bcl.AsyncInterfaces'.
TpTrace Verbose: 0 : 28548, 1, 2022/12/23, 18:28:27.983, 2006875600646, vstest.console.dll, CurrentDomainAssemblyResolve: Failed to resolve assembly 'Microsoft.Bcl.AsyncInterfaces'.
TpTrace Warning: 0 : 28548, 1, 2022/12/23, 18:28:27.991, 2006875682331, vstest.console.dll, TestPluginDiscoverer: Failed to get types from assembly 'Microsoft.Diagnostics.NETCore.Client, Version=0.2.5.801, Culture=neutral, PublicKeyToken=31bf3856ad364e35'. Error: System.Reflection.ReflectionTypeLoadException: Unable to load one or more of the requested types.
Could not load file or assembly 'Microsoft.Bcl.AsyncInterfaces, Version=1.0.0.0, Culture=neutral, PublicKeyToken=cc7b13ffcd2ddd51'. O sistema não pode encontrar o arquivo especificado.
   at System.Reflection.RuntimeModule.GetTypes(RuntimeModule module)
   at System.Reflection.Assembly.GetTypes()
   at Microsoft.VisualStudio.TestPlatform.Common.ExtensionFramework.TestPluginDiscoverer.GetTestExtensionsFromAssembly[TPluginInfo,TExtension](Assembly assembly, Dictionary`2 pluginInfos, String filePath)
System.IO.FileNotFoundException: Could not load file or assembly 'Microsoft.Bcl.AsyncInterfaces, Version=1.0.0.0, Culture=neutral, PublicKeyToken=cc7b13ffcd2ddd51'. O sistema não pode encontrar o arquivo especificado.
File name: 'Microsoft.Bcl.AsyncInterfaces, Version=1.0.0.0, Culture=neutral, PublicKeyToken=cc7b13ffcd2ddd51'
 ---> System.IO.FileNotFoundException: Could not load file or assembly 'Microsoft.Bcl.AsyncInterfaces, Culture=neutral, PublicKeyToken=null'. O sistema não pode encontrar o arquivo especificado.
File name: 'Microsoft.Bcl.AsyncInterfaces, Culture=neutral, PublicKeyToken=null'
   at System.Reflection.RuntimeAssembly.<InternalLoad>g____PInvoke__|48_0(ObjectHandleOnStack assemblyName, ObjectHandleOnStack requestingAssembly, StackCrawlMarkHandle stackMark, Int32 throwOnFileNotFound, ObjectHandleOnStack assemblyLoadContext, ObjectHandleOnStack retAssembly)
   at System.Reflection.RuntimeAssembly.InternalLoad(AssemblyName assemblyName, RuntimeAssembly requestingAssembly, StackCrawlMark& stackMark, Boolean throwOnFileNotFound, AssemblyLoadContext assemblyLoadContext)
   at System.Reflection.Assembly.Load(AssemblyName assemblyRef)
   at Microsoft.VisualStudio.TestPlatform.Common.ExtensionFramework.TestPluginCache.CurrentDomainAssemblyResolve(Object sender, AssemblyResolveEventArgs args)
   at System.Runtime.Loader.AssemblyLoadContext.GetFirstResolvedAssemblyFromResolvingEvent(AssemblyName assemblyName)
   at System.Runtime.Loader.AssemblyLoadContext.ResolveUsingEvent(AssemblyName assemblyName)
   at System.Runtime.Loader.AssemblyLoadContext.ResolveUsingResolvingEvent(IntPtr gchManagedAssemblyLoadContext, AssemblyName assemblyName)
TpTrace Warning: 0 : 28548, 1, 2022/12/23, 18:28:27.993, 2006875693575, vstest.console.dll, TestPluginDiscoverer: Failed to load extensions from file 'C:\Program Files\dotnet\sdk\7.0.100-preview.3.22179.4\Extensions\Microsoft.Diagnostics.NETCore.Client.dll'.  Skipping test extension scan for this file.  Error: System.ArgumentNullException: Value cannot be null. (Parameter 'type')
   at <PrivateImplementationDetails>.Throw(String paramName)
   at System.Reflection.IntrospectionExtensions.GetTypeInfo(Type type)
   at Microsoft.VisualStudio.TestPlatform.Common.ExtensionFramework.TestPluginDiscoverer.<>c__6`2.<GetTestExtensionsFromAssembly>b__6_1(Type type)
   at System.Linq.Enumerable.WhereArrayIterator`1.MoveNext()
   at System.Collections.Generic.List`1.InsertRange(Int32 index, IEnumerable`1 collection)
   at Microsoft.VisualStudio.TestPlatform.Common.ExtensionFramework.TestPluginDiscoverer.GetTestExtensionsFromAssembly[TPluginInfo,TExtension](Assembly assembly, Dictionary`2 pluginInfos, String filePath)
   at Microsoft.VisualStudio.TestPlatform.Common.ExtensionFramework.TestPluginDiscoverer.GetTestExtensionsFromFiles[TPluginInfo,TExtension](String[] files, Dictionary`2 pluginInfos)
TpTrace Information: 0 : 28548, 1, 2022/12/23, 18:28:27.993, 2006875694345, vstest.console.dll, AssemblyResolver.OnResolve: Microsoft.TestPlatform.Extensions.BlameDataCollector: Resolving assembly.
TpTrace Information: 0 : 28548, 1, 2022/12/23, 18:28:27.993, 2006875694592, vstest.console.dll, AssemblyResolver.OnResolve: Microsoft.TestPlatform.Extensions.BlameDataCollector: Searching in: 'C:\Program Files\dotnet\sdk\7.0.100-preview.3.22179.4\Extensions'.
TpTrace Information: 0 : 28548, 1, 2022/12/23, 18:28:27.993, 2006875698054, vstest.console.dll, AssemblyResolver.OnResolve: Microsoft.TestPlatform.Extensions.BlameDataCollector: Loading assembly 'C:\Program Files\dotnet\sdk\7.0.100-preview.3.22179.4\Extensions\Microsoft.TestPlatform.Extensions.BlameDataCollector.dll'.
TpTrace Information: 0 : 28548, 1, 2022/12/23, 18:28:27.993, 2006875702463, vstest.console.dll, AssemblyResolver.OnResolve: Resolved assembly: Microsoft.TestPlatform.Extensions.BlameDataCollector, from path: C:\Program Files\dotnet\sdk\7.0.100-preview.3.22179.4\Extensions\Microsoft.TestPlatform.Extensions.BlameDataCollector.dll
TpTrace Verbose: 0 : 28548, 1, 2022/12/23, 18:28:27.993, 2006875703013, vstest.console.dll, MetadataReaderExtensionsHelper: Discovering extensions inside assembly 'Microsoft.TestPlatform.Extensions.BlameDataCollector, Version=15.0.0.0, Culture=neutral, PublicKeyToken=b03f5f7f11d50a3a' file path 'C:\Program Files\dotnet\sdk\7.0.100-preview.3.22179.4\Extensions\Microsoft.TestPlatform.Extensions.BlameDataCollector.dll'
TpTrace Information: 0 : 28548, 1, 2022/12/23, 18:28:27.994, 2006875712225, vstest.console.dll, AssemblyResolver.OnResolve: Microsoft.TestPlatform.Extensions.EventLogCollector: Resolving assembly.
TpTrace Information: 0 : 28548, 1, 2022/12/23, 18:28:27.994, 2006875712669, vstest.console.dll, AssemblyResolver.OnResolve: Microsoft.TestPlatform.Extensions.EventLogCollector: Searching in: 'C:\Program Files\dotnet\sdk\7.0.100-preview.3.22179.4\Extensions'.
TpTrace Information: 0 : 28548, 1, 2022/12/23, 18:28:27.995, 2006875715418, vstest.console.dll, AssemblyResolver.OnResolve: Microsoft.TestPlatform.Extensions.EventLogCollector: Loading assembly 'C:\Program Files\dotnet\sdk\7.0.100-preview.3.22179.4\Extensions\Microsoft.TestPlatform.Extensions.EventLogCollector.dll'.
TpTrace Information: 0 : 28548, 1, 2022/12/23, 18:28:27.995, 2006875718544, vstest.console.dll, AssemblyResolver.OnResolve: Resolved assembly: Microsoft.TestPlatform.Extensions.EventLogCollector, from path: C:\Program Files\dotnet\sdk\7.0.100-preview.3.22179.4\Extensions\Microsoft.TestPlatform.Extensions.EventLogCollector.dll
TpTrace Verbose: 0 : 28548, 1, 2022/12/23, 18:28:27.995, 2006875718975, vstest.console.dll, MetadataReaderExtensionsHelper: Discovering extensions inside assembly 'Microsoft.TestPlatform.Extensions.EventLogCollector, Version=15.0.0.0, Culture=neutral, PublicKeyToken=b03f5f7f11d50a3a' file path 'C:\Program Files\dotnet\sdk\7.0.100-preview.3.22179.4\Extensions\Microsoft.TestPlatform.Extensions.EventLogCollector.dll'
TpTrace Information: 0 : 28548, 1, 2022/12/23, 18:28:27.996, 2006875728974, vstest.console.dll, AssemblyResolver.OnResolve: Microsoft.TestPlatform.TestHostRuntimeProvider: Resolving assembly.
TpTrace Information: 0 : 28548, 1, 2022/12/23, 18:28:27.996, 2006875729362, vstest.console.dll, AssemblyResolver.OnResolve: Microsoft.TestPlatform.TestHostRuntimeProvider: Searching in: 'C:\Program Files\dotnet\sdk\7.0.100-preview.3.22179.4\Extensions'.
TpTrace Information: 0 : 28548, 1, 2022/12/23, 18:28:27.996, 2006875732035, vstest.console.dll, AssemblyResolver.OnResolve: Microsoft.TestPlatform.TestHostRuntimeProvider: Loading assembly 'C:\Program Files\dotnet\sdk\7.0.100-preview.3.22179.4\Extensions\Microsoft.TestPlatform.TestHostRuntimeProvider.dll'.
TpTrace Information: 0 : 28548, 1, 2022/12/23, 18:28:27.997, 2006875735254, vstest.console.dll, AssemblyResolver.OnResolve: Resolved assembly: Microsoft.TestPlatform.TestHostRuntimeProvider, from path: C:\Program Files\dotnet\sdk\7.0.100-preview.3.22179.4\Extensions\Microsoft.TestPlatform.TestHostRuntimeProvider.dll
TpTrace Verbose: 0 : 28548, 1, 2022/12/23, 18:28:27.997, 2006875735722, vstest.console.dll, MetadataReaderExtensionsHelper: Discovering extensions inside assembly 'Microsoft.TestPlatform.TestHostRuntimeProvider, Version=15.0.0.0, Culture=neutral, PublicKeyToken=b03f5f7f11d50a3a' file path 'C:\Program Files\dotnet\sdk\7.0.100-preview.3.22179.4\Extensions\Microsoft.TestPlatform.TestHostRuntimeProvider.dll'
TpTrace Information: 0 : 28548, 1, 2022/12/23, 18:28:27.998, 2006875748329, vstest.console.dll, GetTestExtensionFromType: Register extension with identifier data 'HostProvider://DefaultTestHost' and type 'Microsoft.VisualStudio.TestPlatform.CrossPlatEngine.Hosting.DefaultTestHostManager, Microsoft.TestPlatform.TestHostRuntimeProvider, Version=15.0.0.0, Culture=neutral, PublicKeyToken=b03f5f7f11d50a3a' inside file 'C:\Program Files\dotnet\sdk\7.0.100-preview.3.22179.4\Extensions\Microsoft.TestPlatform.TestHostRuntimeProvider.dll'
TpTrace Information: 0 : 28548, 1, 2022/12/23, 18:28:27.998, 2006875748943, vstest.console.dll, GetTestExtensionFromType: Register extension with identifier data 'HostProvider://DotnetTestHost' and type 'Microsoft.VisualStudio.TestPlatform.CrossPlatEngine.Hosting.DotnetTestHostManager, Microsoft.TestPlatform.TestHostRuntimeProvider, Version=15.0.0.0, Culture=neutral, PublicKeyToken=b03f5f7f11d50a3a' inside file 'C:\Program Files\dotnet\sdk\7.0.100-preview.3.22179.4\Extensions\Microsoft.TestPlatform.TestHostRuntimeProvider.dll'
TpTrace Information: 0 : 28548, 1, 2022/12/23, 18:28:27.998, 2006875749457, vstest.console.dll, AssemblyResolver.OnResolve: Microsoft.VisualStudio.TestPlatform.Extensions.Html.TestLogger: Resolving assembly.
TpTrace Information: 0 : 28548, 1, 2022/12/23, 18:28:27.998, 2006875749697, vstest.console.dll, AssemblyResolver.OnResolve: Microsoft.VisualStudio.TestPlatform.Extensions.Html.TestLogger: Searching in: 'C:\Program Files\dotnet\sdk\7.0.100-preview.3.22179.4\Extensions'.
TpTrace Information: 0 : 28548, 1, 2022/12/23, 18:28:27.998, 2006875752487, vstest.console.dll, AssemblyResolver.OnResolve: Microsoft.VisualStudio.TestPlatform.Extensions.Html.TestLogger: Loading assembly 'C:\Program Files\dotnet\sdk\7.0.100-preview.3.22179.4\Extensions\Microsoft.VisualStudio.TestPlatform.Extensions.Html.TestLogger.dll'.
TpTrace Information: 0 : 28548, 1, 2022/12/23, 18:28:27.999, 2006875755546, vstest.console.dll, AssemblyResolver.OnResolve: Resolved assembly: Microsoft.VisualStudio.TestPlatform.Extensions.Html.TestLogger, from path: C:\Program Files\dotnet\sdk\7.0.100-preview.3.22179.4\Extensions\Microsoft.VisualStudio.TestPlatform.Extensions.Html.TestLogger.dll
TpTrace Verbose: 0 : 28548, 1, 2022/12/23, 18:28:27.999, 2006875755978, vstest.console.dll, MetadataReaderExtensionsHelper: Discovering extensions inside assembly 'Microsoft.VisualStudio.TestPlatform.Extensions.Html.TestLogger, Version=15.0.0.0, Culture=neutral, PublicKeyToken=b03f5f7f11d50a3a' file path 'C:\Program Files\dotnet\sdk\7.0.100-preview.3.22179.4\Extensions\Microsoft.VisualStudio.TestPlatform.Extensions.Html.TestLogger.dll'
TpTrace Information: 0 : 28548, 1, 2022/12/23, 18:28:27.999, 2006875760196, vstest.console.dll, AssemblyResolver.OnResolve: Microsoft.VisualStudio.TestPlatform.Extensions.Trx.TestLogger: Resolving assembly.
TpTrace Information: 0 : 28548, 1, 2022/12/23, 18:28:27.999, 2006875760580, vstest.console.dll, AssemblyResolver.OnResolve: Microsoft.VisualStudio.TestPlatform.Extensions.Trx.TestLogger: Searching in: 'C:\Program Files\dotnet\sdk\7.0.100-preview.3.22179.4\Extensions'.
TpTrace Information: 0 : 28548, 1, 2022/12/23, 18:28:28.000, 2006875764076, vstest.console.dll, AssemblyResolver.OnResolve: Microsoft.VisualStudio.TestPlatform.Extensions.Trx.TestLogger: Loading assembly 'C:\Program Files\dotnet\sdk\7.0.100-preview.3.22179.4\Extensions\Microsoft.VisualStudio.TestPlatform.Extensions.Trx.TestLogger.dll'.
TpTrace Information: 0 : 28548, 1, 2022/12/23, 18:28:28.000, 2006875767575, vstest.console.dll, AssemblyResolver.OnResolve: Resolved assembly: Microsoft.VisualStudio.TestPlatform.Extensions.Trx.TestLogger, from path: C:\Program Files\dotnet\sdk\7.0.100-preview.3.22179.4\Extensions\Microsoft.VisualStudio.TestPlatform.Extensions.Trx.TestLogger.dll
TpTrace Verbose: 0 : 28548, 1, 2022/12/23, 18:28:28.000, 2006875768072, vstest.console.dll, MetadataReaderExtensionsHelper: Discovering extensions inside assembly 'Microsoft.VisualStudio.TestPlatform.Extensions.Trx.TestLogger, Version=15.0.0.0, Culture=neutral, PublicKeyToken=b03f5f7f11d50a3a' file path 'C:\Program Files\dotnet\sdk\7.0.100-preview.3.22179.4\Extensions\Microsoft.VisualStudio.TestPlatform.Extensions.Trx.TestLogger.dll'
TpTrace Verbose: 0 : 28548, 1, 2022/12/23, 18:28:28.001, 2006875775216, vstest.console.dll, TestPluginCache: Discovered the extensions using extension path ''.
TpTrace Verbose: 0 : 28548, 1, 2022/12/23, 18:28:28.001, 2006875775697, vstest.console.dll, TestPluginCache: Discoverers are ''.
TpTrace Verbose: 0 : 28548, 1, 2022/12/23, 18:28:28.001, 2006875775887, vstest.console.dll, TestPluginCache: Executors are ''.
TpTrace Verbose: 0 : 28548, 1, 2022/12/23, 18:28:28.001, 2006875776101, vstest.console.dll, TestPluginCache: Executors2 are ''.
TpTrace Verbose: 0 : 28548, 1, 2022/12/23, 18:28:28.001, 2006875776247, vstest.console.dll, TestPluginCache: Setting providers are ''.
TpTrace Verbose: 0 : 28548, 1, 2022/12/23, 18:28:28.001, 2006875776391, vstest.console.dll, TestPluginCache: Loggers are ''.
TpTrace Verbose: 0 : 28548, 1, 2022/12/23, 18:28:28.001, 2006875777589, vstest.console.dll, TestPluginCache: TestHosts are 'HostProvider://DefaultTestHost,HostProvider://DotnetTestHost'.
TpTrace Verbose: 0 : 28548, 1, 2022/12/23, 18:28:28.001, 2006875777918, vstest.console.dll, TestPluginCache: DataCollectors are ''.
TpTrace Information: 0 : 28548, 1, 2022/12/23, 18:28:28.009, 2006875857087, vstest.console.dll, RunTestsArgumentProcessor:Execute: Test run is starting.
TpTrace Verbose: 0 : 28548, 1, 2022/12/23, 18:28:28.009, 2006875857694, vstest.console.dll, RunTestsArgumentProcessor:Execute: Queuing Test run.
TpTrace Information: 0 : 28548, 1, 2022/12/23, 18:28:28.009, 2006875859027, vstest.console.dll, TestRequestManager.RunTests: run tests started.
TpTrace Information: 0 : 28548, 1, 2022/12/23, 18:28:28.010, 2006875871120, vstest.console.dll, AssemblyMetadataProvider.GetFrameWork: Determined framework:'.NETCoreApp,Version=v6.0' for source: 'F:\Projetos ASP.NET\Curso Testes\TestesDeSoftware\NerdStore.Vendas.Domain.Tests\bin\Release\net6.0\fine-code-coverage\build-output\NerdStore.Vendas.Domain.Tests.dll'
TpTrace Information: 0 : 28548, 1, 2022/12/23, 18:28:28.010, 2006875872129, vstest.console.dll, Determined framework for all sources: .NETCoreApp,Version=v6.0
TpTrace Verbose: 0 : 28548, 1, 2022/12/23, 18:28:28.011, 2006875873708, vstest.console.dll, TestRequestManager.UpdateRunSettingsIfRequired: Default architecture: X64 IsDefaultTargetArchitecture: True, Current process architecture: X64.
TpTrace Information: 0 : 28548, 1, 2022/12/23, 18:28:28.011, 2006875876499, vstest.console.dll, AssemblyMetadataProvider.GetArchitecture: Determined architecture:AnyCPU info for assembly: F:\Projetos ASP.NET\Curso Testes\TestesDeSoftware\NerdStore.Vendas.Domain.Tests\bin\Release\net6.0\fine-code-coverage\build-output\NerdStore.Vendas.Domain.Tests.dll
TpTrace Information: 0 : 28548, 1, 2022/12/23, 18:28:28.011, 2006875876800, vstest.console.dll, Determined platform for source 'F:\Projetos ASP.NET\Curso Testes\TestesDeSoftware\NerdStore.Vendas.Domain.Tests\bin\Release\net6.0\fine-code-coverage\build-output\NerdStore.Vendas.Domain.Tests.dll' is 'AnyCPU'
TpTrace Information: 0 : 28548, 1, 2022/12/23, 18:28:28.012, 2006875890726, vstest.console.dll, Determined platform for all sources: X64
TpTrace Information: 0 : 28548, 1, 2022/12/23, 18:28:28.012, 2006875891158, vstest.console.dll, Infered platform 'X64'.
TpTrace Information: 0 : 28548, 1, 2022/12/23, 18:28:28.012, 2006875891378, vstest.console.dll, Platform update to 'X64' required.
TpTrace Information: 0 : 28548, 1, 2022/12/23, 18:28:28.014, 2006875910687, vstest.console.dll, Compatible sources list: 
TpTrace Information: 0 : 28548, 1, 2022/12/23, 18:28:28.014, 2006875911163, vstest.console.dll, F:\Projetos ASP.NET\Curso Testes\TestesDeSoftware\NerdStore.Vendas.Domain.Tests\bin\Release\net6.0\fine-code-coverage\build-output\NerdStore.Vendas.Domain.Tests.dll
TpTrace Information: 0 : 28548, 1, 2022/12/23, 18:28:28.016, 2006875927614, vstest.console.dll, InferRunSettingsHelper.IsTestSettingsEnabled: Unable to navigate to RunSettings/MSTest. Current node: RunSettings
TpTrace Information: 0 : 28548, 1, 2022/12/23, 18:28:28.016, 2006875931978, vstest.console.dll, AssemblyResolver.OnResolve: Microsoft.VisualStudio.TestPlatform.Fakes: Resolving assembly.
TpTrace Information: 0 : 28548, 1, 2022/12/23, 18:28:28.016, 2006875932325, vstest.console.dll, AssemblyResolver.OnResolve: Microsoft.VisualStudio.TestPlatform.Fakes: Searching in: 'C:\Program Files\dotnet\sdk\7.0.100-preview.3.22179.4\Extensions'.
TpTrace Information: 0 : 28548, 1, 2022/12/23, 18:28:28.016, 2006875933101, vstest.console.dll, AssemblyResolver.OnResolve: Microsoft.VisualStudio.TestPlatform.Fakes: Assembly path does not exist: 'C:\Program Files\dotnet\sdk\7.0.100-preview.3.22179.4\Extensions\Microsoft.VisualStudio.TestPlatform.Fakes.dll', returning.
TpTrace Information: 0 : 28548, 1, 2022/12/23, 18:28:28.017, 2006875933582, vstest.console.dll, AssemblyResolver.OnResolve: Microsoft.VisualStudio.TestPlatform.Fakes: Assembly path does not exist: 'C:\Program Files\dotnet\sdk\7.0.100-preview.3.22179.4\Extensions\Microsoft.VisualStudio.TestPlatform.Fakes.exe', returning.
TpTrace Information: 0 : 28548, 1, 2022/12/23, 18:28:28.017, 2006875934194, vstest.console.dll, AssemblyResolver.OnResolve: Microsoft.VisualStudio.TestPlatform.Fakes: Searching in: 'C:\Program Files\dotnet\sdk\7.0.100-preview.3.22179.4'.
TpTrace Information: 0 : 28548, 1, 2022/12/23, 18:28:28.017, 2006875934715, vstest.console.dll, AssemblyResolver.OnResolve: Microsoft.VisualStudio.TestPlatform.Fakes: Assembly path does not exist: 'C:\Program Files\dotnet\sdk\7.0.100-preview.3.22179.4\Microsoft.VisualStudio.TestPlatform.Fakes.dll', returning.
TpTrace Information: 0 : 28548, 1, 2022/12/23, 18:28:28.017, 2006875935154, vstest.console.dll, AssemblyResolver.OnResolve: Microsoft.VisualStudio.TestPlatform.Fakes: Assembly path does not exist: 'C:\Program Files\dotnet\sdk\7.0.100-preview.3.22179.4\Microsoft.VisualStudio.TestPlatform.Fakes.exe', returning.
TpTrace Information: 0 : 28548, 1, 2022/12/23, 18:28:28.017, 2006875935352, vstest.console.dll, AssemblyResolver.OnResolve: Microsoft.VisualStudio.TestPlatform.Fakes: Failed to load assembly.
TpTrace Information: 0 : 28548, 1, 2022/12/23, 18:28:28.017, 2006875937430, vstest.console.dll, Failed to load assembly Microsoft.VisualStudio.TestPlatform.Fakes, Version=17.0.0.0, Culture=neutral. Reason:System.IO.FileNotFoundException: Could not load file or assembly 'Microsoft.VisualStudio.TestPlatform.Fakes, Version=17.0.0.0, Culture=neutral, PublicKeyToken=null'. O sistema não pode encontrar o arquivo especificado.
File name: 'Microsoft.VisualStudio.TestPlatform.Fakes, Version=17.0.0.0, Culture=neutral, PublicKeyToken=null'
   at System.Reflection.RuntimeAssembly.<InternalLoad>g____PInvoke__|48_0(ObjectHandleOnStack assemblyName, ObjectHandleOnStack requestingAssembly, StackCrawlMarkHandle stackMark, Int32 throwOnFileNotFound, ObjectHandleOnStack assemblyLoadContext, ObjectHandleOnStack retAssembly)
   at System.Reflection.RuntimeAssembly.InternalLoad(AssemblyName assemblyName, RuntimeAssembly requestingAssembly, StackCrawlMark& stackMark, Boolean throwOnFileNotFound, AssemblyLoadContext assemblyLoadContext)
   at System.Reflection.Assembly.Load(AssemblyName assemblyRef)
   at Microsoft.VisualStudio.TestPlatform.Common.Utilities.FakesUtilities.LoadTestPlatformAssembly()
TpTrace Verbose: 0 : 28548, 1, 2022/12/23, 18:28:28.019, 2006875961866, vstest.console.dll, TestPluginCache.DiscoverTestExtensions: finding test extensions in assemblies ends with: TestLogger.dll TPluginInfo: Microsoft.VisualStudio.TestPlatform.Common.ExtensionFramework.Utilities.TestLoggerPluginInformation TExtension: Microsoft.VisualStudio.TestPlatform.ObjectModel.Client.ITestLogger
TpTrace Verbose: 0 : 28548, 1, 2022/12/23, 18:28:28.019, 2006875962642, vstest.console.dll, TestPluginCache.GetExtensionPaths: Filtered extension paths: 
TpTrace Verbose: 0 : 28548, 1, 2022/12/23, 18:28:28.019, 2006875962877, vstest.console.dll, TestPluginCache.GetExtensionPaths: Added default extension paths: C:\Program Files\dotnet\sdk\7.0.100-preview.3.22179.4\Extensions\DumpMinitool.exe
C:\Program Files\dotnet\sdk\7.0.100-preview.3.22179.4\Extensions\DumpMinitool.x86.exe
C:\Program Files\dotnet\sdk\7.0.100-preview.3.22179.4\Extensions\Microsoft.Diagnostics.NETCore.Client.dll
C:\Program Files\dotnet\sdk\7.0.100-preview.3.22179.4\Extensions\Microsoft.TestPlatform.Extensions.BlameDataCollector.dll
C:\Program Files\dotnet\sdk\7.0.100-preview.3.22179.4\Extensions\Microsoft.TestPlatform.Extensions.EventLogCollector.dll
C:\Program Files\dotnet\sdk\7.0.100-preview.3.22179.4\Extensions\Microsoft.TestPlatform.TestHostRuntimeProvider.dll
C:\Program Files\dotnet\sdk\7.0.100-preview.3.22179.4\Extensions\Microsoft.VisualStudio.TestPlatform.Extensions.Html.TestLogger.dll
C:\Program Files\dotnet\sdk\7.0.100-preview.3.22179.4\Extensions\Microsoft.VisualStudio.TestPlatform.Extensions.Trx.TestLogger.dll
TpTrace Verbose: 0 : 28548, 1, 2022/12/23, 18:28:28.019, 2006875963130, vstest.console.dll, TestPluginCache.GetExtensionPaths: Added unfilterableExtensionPaths: 
TpTrace Information: 0 : 28548, 1, 2022/12/23, 18:28:28.020, 2006875964252, vstest.console.dll, AssemblyResolver.AddSearchDirectories: Adding more searchDirectories C:\Program Files\dotnet\sdk\7.0.100-preview.3.22179.4\Extensions,C:\Program Files\dotnet\sdk\7.0.100-preview.3.22179.4
TpTrace Verbose: 0 : 28548, 1, 2022/12/23, 18:28:28.020, 2006875964627, vstest.console.dll, TestPluginCache.DiscoverTestExtensions: Discovering the extensions using extension path.
TpTrace Verbose: 0 : 28548, 1, 2022/12/23, 18:28:28.020, 2006875964859, vstest.console.dll, TestPluginCache.GetExtensionPaths: Filtered extension paths: 
TpTrace Verbose: 0 : 28548, 1, 2022/12/23, 18:28:28.020, 2006875965038, vstest.console.dll, TestPluginCache.GetExtensionPaths: Added default extension paths: C:\Program Files\dotnet\sdk\7.0.100-preview.3.22179.4\Extensions\DumpMinitool.exe
C:\Program Files\dotnet\sdk\7.0.100-preview.3.22179.4\Extensions\DumpMinitool.x86.exe
C:\Program Files\dotnet\sdk\7.0.100-preview.3.22179.4\Extensions\Microsoft.Diagnostics.NETCore.Client.dll
C:\Program Files\dotnet\sdk\7.0.100-preview.3.22179.4\Extensions\Microsoft.TestPlatform.Extensions.BlameDataCollector.dll
C:\Program Files\dotnet\sdk\7.0.100-preview.3.22179.4\Extensions\Microsoft.TestPlatform.Extensions.EventLogCollector.dll
C:\Program Files\dotnet\sdk\7.0.100-preview.3.22179.4\Extensions\Microsoft.TestPlatform.TestHostRuntimeProvider.dll
C:\Program Files\dotnet\sdk\7.0.100-preview.3.22179.4\Extensions\Microsoft.VisualStudio.TestPlatform.Extensions.Html.TestLogger.dll
C:\Program Files\dotnet\sdk\7.0.100-preview.3.22179.4\Extensions\Microsoft.VisualStudio.TestPlatform.Extensions.Trx.TestLogger.dll
TpTrace Verbose: 0 : 28548, 1, 2022/12/23, 18:28:28.020, 2006875965261, vstest.console.dll, TestPluginCache.GetExtensionPaths: Added unfilterableExtensionPaths: 
TpTrace Verbose: 0 : 28548, 1, 2022/12/23, 18:28:28.020, 2006875965487, vstest.console.dll, TestPluginCache.DiscoverTestExtensions: Discovering the extensions using allExtensionPaths: C:\Program Files\dotnet\sdk\7.0.100-preview.3.22179.4\Extensions\DumpMinitool.exe
C:\Program Files\dotnet\sdk\7.0.100-preview.3.22179.4\Extensions\DumpMinitool.x86.exe
C:\Program Files\dotnet\sdk\7.0.100-preview.3.22179.4\Extensions\Microsoft.Diagnostics.NETCore.Client.dll
C:\Program Files\dotnet\sdk\7.0.100-preview.3.22179.4\Extensions\Microsoft.TestPlatform.Extensions.BlameDataCollector.dll
C:\Program Files\dotnet\sdk\7.0.100-preview.3.22179.4\Extensions\Microsoft.TestPlatform.Extensions.EventLogCollector.dll
C:\Program Files\dotnet\sdk\7.0.100-preview.3.22179.4\Extensions\Microsoft.TestPlatform.TestHostRuntimeProvider.dll
C:\Program Files\dotnet\sdk\7.0.100-preview.3.22179.4\Extensions\Microsoft.VisualStudio.TestPlatform.Extensions.Html.TestLogger.dll
C:\Program Files\dotnet\sdk\7.0.100-preview.3.22179.4\Extensions\Microsoft.VisualStudio.TestPlatform.Extensions.Trx.TestLogger.dll
TpTrace Information: 0 : 28548, 1, 2022/12/23, 18:28:28.020, 2006875965790, vstest.console.dll, AssemblyResolver.AddSearchDirectories: Adding more searchDirectories C:\Program Files\dotnet\sdk\7.0.100-preview.3.22179.4\Extensions,C:\Program Files\dotnet\sdk\7.0.100-preview.3.22179.4
TpTrace Information: 0 : 28548, 1, 2022/12/23, 18:28:28.020, 2006875966046, vstest.console.dll, AssemblyResolver.AddSearchDirectories: Adding more searchDirectories C:\Program Files\dotnet\sdk\7.0.100-preview.3.22179.4\Extensions,C:\Program Files\dotnet\sdk\7.0.100-preview.3.22179.4
TpTrace Information: 0 : 28548, 1, 2022/12/23, 18:28:28.020, 2006875966237, vstest.console.dll, AssemblyResolver.AddSearchDirectories: Adding more searchDirectories C:\Program Files\dotnet\sdk\7.0.100-preview.3.22179.4\Extensions,C:\Program Files\dotnet\sdk\7.0.100-preview.3.22179.4
TpTrace Information: 0 : 28548, 1, 2022/12/23, 18:28:28.020, 2006875966421, vstest.console.dll, AssemblyResolver.AddSearchDirectories: Adding more searchDirectories C:\Program Files\dotnet\sdk\7.0.100-preview.3.22179.4\Extensions,C:\Program Files\dotnet\sdk\7.0.100-preview.3.22179.4
TpTrace Information: 0 : 28548, 1, 2022/12/23, 18:28:28.020, 2006875966653, vstest.console.dll, AssemblyResolver.AddSearchDirectories: Adding more searchDirectories C:\Program Files\dotnet\sdk\7.0.100-preview.3.22179.4\Extensions,C:\Program Files\dotnet\sdk\7.0.100-preview.3.22179.4
TpTrace Information: 0 : 28548, 1, 2022/12/23, 18:28:28.020, 2006875966854, vstest.console.dll, AssemblyResolver.AddSearchDirectories: Adding more searchDirectories C:\Program Files\dotnet\sdk\7.0.100-preview.3.22179.4\Extensions,C:\Program Files\dotnet\sdk\7.0.100-preview.3.22179.4
TpTrace Information: 0 : 28548, 1, 2022/12/23, 18:28:28.020, 2006875967066, vstest.console.dll, AssemblyResolver.AddSearchDirectories: Adding more searchDirectories C:\Program Files\dotnet\sdk\7.0.100-preview.3.22179.4\Extensions,C:\Program Files\dotnet\sdk\7.0.100-preview.3.22179.4
TpTrace Information: 0 : 28548, 1, 2022/12/23, 18:28:28.020, 2006875967258, vstest.console.dll, AssemblyResolver.AddSearchDirectories: Adding more searchDirectories C:\Program Files\dotnet\sdk\7.0.100-preview.3.22179.4\Extensions,C:\Program Files\dotnet\sdk\7.0.100-preview.3.22179.4
TpTrace Verbose: 0 : 28548, 1, 2022/12/23, 18:28:28.020, 2006875968058, vstest.console.dll, MetadataReaderExtensionsHelper: Discovering extensions inside assembly 'DumpMinitool, Version=15.0.0.0, Culture=neutral, PublicKeyToken=b03f5f7f11d50a3a' file path 'C:\Program Files\dotnet\sdk\7.0.100-preview.3.22179.4\Extensions\DumpMinitool.exe'
TpTrace Verbose: 0 : 28548, 1, 2022/12/23, 18:28:28.020, 2006875971825, vstest.console.dll, MetadataReaderExtensionsHelper: Discovering extensions inside assembly 'DumpMinitool.x86, Version=15.0.0.0, Culture=neutral, PublicKeyToken=b03f5f7f11d50a3a' file path 'C:\Program Files\dotnet\sdk\7.0.100-preview.3.22179.4\Extensions\DumpMinitool.x86.exe'
TpTrace Verbose: 0 : 28548, 1, 2022/12/23, 18:28:28.021, 2006875974337, vstest.console.dll, MetadataReaderExtensionsHelper: Discovering extensions inside assembly 'Microsoft.Diagnostics.NETCore.Client, Version=0.2.5.801, Culture=neutral, PublicKeyToken=31bf3856ad364e35' file path 'C:\Program Files\dotnet\sdk\7.0.100-preview.3.22179.4\Extensions\Microsoft.Diagnostics.NETCore.Client.dll'
TpTrace Information: 0 : 28548, 1, 2022/12/23, 18:28:28.021, 2006875977509, vstest.console.dll, AssemblyResolver.OnResolve: Microsoft.Bcl.AsyncInterfaces: Resolving assembly.
TpTrace Information: 0 : 28548, 1, 2022/12/23, 18:28:28.021, 2006875977849, vstest.console.dll, AssemblyResolver.OnResolve: Microsoft.Bcl.AsyncInterfaces: Resolved from cache.
TpTrace Verbose: 0 : 28548, 1, 2022/12/23, 18:28:28.021, 2006875978039, vstest.console.dll, CurrentDomainAssemblyResolve: Resolving assembly 'Microsoft.Bcl.AsyncInterfaces'.
TpTrace Information: 0 : 28548, 1, 2022/12/23, 18:28:28.021, 2006875978370, vstest.console.dll, AssemblyResolver.OnResolve: Microsoft.Bcl.AsyncInterfaces: Resolving assembly.
TpTrace Information: 0 : 28548, 1, 2022/12/23, 18:28:28.021, 2006875978560, vstest.console.dll, AssemblyResolver.OnResolve: Microsoft.Bcl.AsyncInterfaces: Resolved from cache.
TpTrace Verbose: 0 : 28548, 1, 2022/12/23, 18:28:28.021, 2006875978716, vstest.console.dll, CurrentDomainAssemblyResolve: Resolving assembly 'Microsoft.Bcl.AsyncInterfaces'.
TpTrace Verbose: 0 : 28548, 1, 2022/12/23, 18:28:28.021, 2006875978870, vstest.console.dll, CurrentDomainAssemblyResolve: Failed to resolve assembly 'Microsoft.Bcl.AsyncInterfaces'.
TpTrace Verbose: 0 : 28548, 1, 2022/12/23, 18:28:28.021, 2006875979874, vstest.console.dll, CurrentDomainAssemblyResolve: Failed to resolve assembly 'Microsoft.Bcl.AsyncInterfaces'.
TpTrace Warning: 0 : 28548, 1, 2022/12/23, 18:28:28.021, 2006875982211, vstest.console.dll, TestPluginDiscoverer: Failed to get types from assembly 'Microsoft.Diagnostics.NETCore.Client, Version=0.2.5.801, Culture=neutral, PublicKeyToken=31bf3856ad364e35'. Error: System.Reflection.ReflectionTypeLoadException: Unable to load one or more of the requested types.
Could not load file or assembly 'Microsoft.Bcl.AsyncInterfaces, Version=1.0.0.0, Culture=neutral, PublicKeyToken=cc7b13ffcd2ddd51'. O sistema não pode encontrar o arquivo especificado.
   at System.Reflection.RuntimeModule.GetTypes(RuntimeModule module)
   at System.Reflection.Assembly.GetTypes()
   at Microsoft.VisualStudio.TestPlatform.Common.ExtensionFramework.TestPluginDiscoverer.GetTestExtensionsFromAssembly[TPluginInfo,TExtension](Assembly assembly, Dictionary`2 pluginInfos, String filePath)
System.IO.FileNotFoundException: Could not load file or assembly 'Microsoft.Bcl.AsyncInterfaces, Version=1.0.0.0, Culture=neutral, PublicKeyToken=cc7b13ffcd2ddd51'. O sistema não pode encontrar o arquivo especificado.
File name: 'Microsoft.Bcl.AsyncInterfaces, Version=1.0.0.0, Culture=neutral, PublicKeyToken=cc7b13ffcd2ddd51'
 ---> System.IO.FileNotFoundException: Could not load file or assembly 'Microsoft.Bcl.AsyncInterfaces, Culture=neutral, PublicKeyToken=null'. O sistema não pode encontrar o arquivo especificado.
File name: 'Microsoft.Bcl.AsyncInterfaces, Culture=neutral, PublicKeyToken=null'
   at System.Reflection.RuntimeAssembly.<InternalLoad>g____PInvoke__|48_0(ObjectHandleOnStack assemblyName, ObjectHandleOnStack requestingAssembly, StackCrawlMarkHandle stackMark, Int32 throwOnFileNotFound, ObjectHandleOnStack assemblyLoadContext, ObjectHandleOnStack retAssembly)
   at System.Reflection.RuntimeAssembly.InternalLoad(AssemblyName assemblyName, RuntimeAssembly requestingAssembly, StackCrawlMark& stackMark, Boolean throwOnFileNotFound, AssemblyLoadContext assemblyLoadContext)
   at System.Reflection.Assembly.Load(AssemblyName assemblyRef)
   at Microsoft.VisualStudio.TestPlatform.Common.ExtensionFramework.TestPluginCache.CurrentDomainAssemblyResolve(Object sender, AssemblyResolveEventArgs args)
   at System.Runtime.Loader.AssemblyLoadContext.GetFirstResolvedAssemblyFromResolvingEvent(AssemblyName assemblyName)
   at System.Runtime.Loader.AssemblyLoadContext.ResolveUsingEvent(AssemblyName assemblyName)
   at System.Runtime.Loader.AssemblyLoadContext.ResolveUsingResolvingEvent(IntPtr gchManagedAssemblyLoadContext, AssemblyName assemblyName)
TpTrace Warning: 0 : 28548, 1, 2022/12/23, 18:28:28.022, 2006875983579, vstest.console.dll, TestPluginDiscoverer: Failed to load extensions from file 'C:\Program Files\dotnet\sdk\7.0.100-preview.3.22179.4\Extensions\Microsoft.Diagnostics.NETCore.Client.dll'.  Skipping test extension scan for this file.  Error: System.ArgumentNullException: Value cannot be null. (Parameter 'type')
   at <PrivateImplementationDetails>.Throw(String paramName)
   at System.Reflection.IntrospectionExtensions.GetTypeInfo(Type type)
   at Microsoft.VisualStudio.TestPlatform.Common.ExtensionFramework.TestPluginDiscoverer.<>c__6`2.<GetTestExtensionsFromAssembly>b__6_1(Type type)
   at System.Linq.Enumerable.WhereArrayIterator`1.MoveNext()
   at System.Collections.Generic.List`1.InsertRange(Int32 index, IEnumerable`1 collection)
   at Microsoft.VisualStudio.TestPlatform.Common.ExtensionFramework.TestPluginDiscoverer.GetTestExtensionsFromAssembly[TPluginInfo,TExtension](Assembly assembly, Dictionary`2 pluginInfos, String filePath)
   at Microsoft.VisualStudio.TestPlatform.Common.ExtensionFramework.TestPluginDiscoverer.GetTestExtensionsFromFiles[TPluginInfo,TExtension](String[] files, Dictionary`2 pluginInfos)
TpTrace Verbose: 0 : 28548, 1, 2022/12/23, 18:28:28.022, 2006875984031, vstest.console.dll, MetadataReaderExtensionsHelper: Discovering extensions inside assembly 'Microsoft.TestPlatform.Extensions.BlameDataCollector, Version=15.0.0.0, Culture=neutral, PublicKeyToken=b03f5f7f11d50a3a' file path 'C:\Program Files\dotnet\sdk\7.0.100-preview.3.22179.4\Extensions\Microsoft.TestPlatform.Extensions.BlameDataCollector.dll'
TpTrace Information: 0 : 28548, 1, 2022/12/23, 18:28:28.022, 2006875987358, vstest.console.dll, GetTestExtensionFromType: Register extension with identifier data 'logger://Microsoft/TestPlatform/Extensions/Blame/v1' and type 'Microsoft.TestPlatform.Extensions.BlameDataCollector.BlameLogger, Microsoft.TestPlatform.Extensions.BlameDataCollector, Version=15.0.0.0, Culture=neutral, PublicKeyToken=b03f5f7f11d50a3a' inside file 'C:\Program Files\dotnet\sdk\7.0.100-preview.3.22179.4\Extensions\Microsoft.TestPlatform.Extensions.BlameDataCollector.dll'
TpTrace Verbose: 0 : 28548, 1, 2022/12/23, 18:28:28.022, 2006875987781, vstest.console.dll, MetadataReaderExtensionsHelper: Discovering extensions inside assembly 'Microsoft.TestPlatform.Extensions.EventLogCollector, Version=15.0.0.0, Culture=neutral, PublicKeyToken=b03f5f7f11d50a3a' file path 'C:\Program Files\dotnet\sdk\7.0.100-preview.3.22179.4\Extensions\Microsoft.TestPlatform.Extensions.EventLogCollector.dll'
TpTrace Verbose: 0 : 28548, 1, 2022/12/23, 18:28:28.022, 2006875990321, vstest.console.dll, MetadataReaderExtensionsHelper: Discovering extensions inside assembly 'Microsoft.TestPlatform.TestHostRuntimeProvider, Version=15.0.0.0, Culture=neutral, PublicKeyToken=b03f5f7f11d50a3a' file path 'C:\Program Files\dotnet\sdk\7.0.100-preview.3.22179.4\Extensions\Microsoft.TestPlatform.TestHostRuntimeProvider.dll'
TpTrace Verbose: 0 : 28548, 1, 2022/12/23, 18:28:28.022, 2006875992888, vstest.console.dll, MetadataReaderExtensionsHelper: Discovering extensions inside assembly 'Microsoft.VisualStudio.TestPlatform.Extensions.Html.TestLogger, Version=15.0.0.0, Culture=neutral, PublicKeyToken=b03f5f7f11d50a3a' file path 'C:\Program Files\dotnet\sdk\7.0.100-preview.3.22179.4\Extensions\Microsoft.VisualStudio.TestPlatform.Extensions.Html.TestLogger.dll'
TpTrace Information: 0 : 28548, 1, 2022/12/23, 18:28:28.023, 2006875995386, vstest.console.dll, GetTestExtensionFromType: Register extension with identifier data 'logger://Microsoft/TestPlatform/HtmlLogger/v1' and type 'Microsoft.VisualStudio.TestPlatform.Extensions.HtmlLogger.HtmlLogger, Microsoft.VisualStudio.TestPlatform.Extensions.Html.TestLogger, Version=15.0.0.0, Culture=neutral, PublicKeyToken=b03f5f7f11d50a3a' inside file 'C:\Program Files\dotnet\sdk\7.0.100-preview.3.22179.4\Extensions\Microsoft.VisualStudio.TestPlatform.Extensions.Html.TestLogger.dll'
TpTrace Verbose: 0 : 28548, 1, 2022/12/23, 18:28:28.023, 2006875995809, vstest.console.dll, MetadataReaderExtensionsHelper: Discovering extensions inside assembly 'Microsoft.VisualStudio.TestPlatform.Extensions.Trx.TestLogger, Version=15.0.0.0, Culture=neutral, PublicKeyToken=b03f5f7f11d50a3a' file path 'C:\Program Files\dotnet\sdk\7.0.100-preview.3.22179.4\Extensions\Microsoft.VisualStudio.TestPlatform.Extensions.Trx.TestLogger.dll'
TpTrace Information: 0 : 28548, 1, 2022/12/23, 18:28:28.023, 2006875998501, vstest.console.dll, GetTestExtensionFromType: Register extension with identifier data 'logger://Microsoft/TestPlatform/TrxLogger/v1' and type 'Microsoft.VisualStudio.TestPlatform.Extensions.TrxLogger.TrxLogger, Microsoft.VisualStudio.TestPlatform.Extensions.Trx.TestLogger, Version=15.0.0.0, Culture=neutral, PublicKeyToken=b03f5f7f11d50a3a' inside file 'C:\Program Files\dotnet\sdk\7.0.100-preview.3.22179.4\Extensions\Microsoft.VisualStudio.TestPlatform.Extensions.Trx.TestLogger.dll'
TpTrace Verbose: 0 : 28548, 1, 2022/12/23, 18:28:28.023, 2006875998965, vstest.console.dll, TestPluginCache: Discovered the extensions using extension path ''.
TpTrace Verbose: 0 : 28548, 1, 2022/12/23, 18:28:28.023, 2006875999173, vstest.console.dll, TestPluginCache: Discoverers are ''.
TpTrace Verbose: 0 : 28548, 1, 2022/12/23, 18:28:28.023, 2006875999333, vstest.console.dll, TestPluginCache: Executors are ''.
TpTrace Verbose: 0 : 28548, 1, 2022/12/23, 18:28:28.023, 2006875999480, vstest.console.dll, TestPluginCache: Executors2 are ''.
TpTrace Verbose: 0 : 28548, 1, 2022/12/23, 18:28:28.023, 2006875999665, vstest.console.dll, TestPluginCache: Setting providers are ''.
TpTrace Verbose: 0 : 28548, 1, 2022/12/23, 18:28:28.023, 2006876000112, vstest.console.dll, TestPluginCache: Loggers are 'logger://Microsoft/TestPlatform/Extensions/Blame/v1,logger://Microsoft/TestPlatform/HtmlLogger/v1,logger://Microsoft/TestPlatform/TrxLogger/v1'.
TpTrace Verbose: 0 : 28548, 1, 2022/12/23, 18:28:28.023, 2006876000453, vstest.console.dll, TestPluginCache: TestHosts are 'HostProvider://DefaultTestHost,HostProvider://DotnetTestHost'.
TpTrace Verbose: 0 : 28548, 1, 2022/12/23, 18:28:28.023, 2006876000650, vstest.console.dll, TestPluginCache: DataCollectors are ''.
TpTrace Information: 0 : 28548, 1, 2022/12/23, 18:28:28.024, 2006876004932, vstest.console.dll, TestPluginManager.CreateTestExtension: Attempting to load test extension: Microsoft.TestPlatform.Extensions.BlameDataCollector.BlameLogger
TpTrace Information: 0 : 28548, 1, 2022/12/23, 18:28:28.029, 2006876054812, vstest.console.dll, TestPluginManager.CreateTestExtension: Attempting to load test extension: Microsoft.VisualStudio.TestPlatform.CrossPlatEngine.Hosting.DefaultTestHostManager
TpTrace Information: 0 : 28548, 1, 2022/12/23, 18:28:28.030, 2006876064914, vstest.console.dll, TestPluginManager.CreateTestExtension: Attempting to load test extension: Microsoft.VisualStudio.TestPlatform.CrossPlatEngine.Hosting.DotnetTestHostManager
TpTrace Verbose: 0 : 28548, 1, 2022/12/23, 18:28:28.030, 2006876069336, vstest.console.dll, TestEngine: Initializing Parallel Execution as MaxCpuCount is set to: 1
TpTrace Information: 0 : 28548, 1, 2022/12/23, 18:28:28.030, 2006876073382, vstest.console.dll, InferRunSettingsHelper.IsTestSettingsEnabled: Unable to navigate to RunSettings/MSTest. Current node: RunSettings
TpTrace Verbose: 0 : 28548, 1, 2022/12/23, 18:28:28.031, 2006876080363, vstest.console.dll, TestRequestSender is acting as server.
TpTrace Verbose: 0 : 28548, 1, 2022/12/23, 18:28:28.032, 2006876087538, vstest.console.dll, TestEngine.GetExecutionManager: Chosen execution manager 'Microsoft.VisualStudio.TestPlatform.CrossPlatEngine.Client.Parallel.ParallelProxyExecutionManager, Microsoft.TestPlatform.CrossPlatEngine, Version=15.0.0.0, Culture=neutral, PublicKeyToken=b03f5f7f11d50a3a' ParallelLevel '1' Shared host 'False'
TpTrace Verbose: 0 : 28548, 5, 2022/12/23, 18:28:28.034, 2006876110227, vstest.console.dll, DataCollectionRequestSender.InitializeCommunication : Initialize communication. 
TpTrace Information: 0 : 28548, 5, 2022/12/23, 18:28:28.037, 2006876134901, vstest.console.dll, Listening on Endpoint : 127.0.0.1:63876
TpTrace Verbose: 0 : 28548, 5, 2022/12/23, 18:28:28.042, 2006876187817, vstest.console.dll, DotnetDataCollectionLauncher: Full path of dotnet.exe is C:\Program Files\dotnet\dotnet.exe
TpTrace Verbose: 0 : 28548, 5, 2022/12/23, 18:28:28.042, 2006876188988, vstest.console.dll, DotnetDataCollectionLauncher: Adding  --runtimeconfig "C:\Program Files\dotnet\sdk\7.0.100-preview.3.22179.4\datacollector.runtimeconfig.json" in args
TpTrace Verbose: 0 : 28548, 5, 2022/12/23, 18:28:28.042, 2006876189572, vstest.console.dll, DotnetDataCollectionLauncher: Adding  --depsfile "C:\Program Files\dotnet\sdk\7.0.100-preview.3.22179.4\datacollector.deps.json" in args
TpTrace Information: 0 : 28548, 5, 2022/12/23, 18:28:28.047, 2006876242328, vstest.console.dll, ProxyDataCollectionManager.Initialize: Launched datacollector processId: 8720 port: 63876
TpTrace Information: 0 : 28548, 5, 2022/12/23, 18:28:28.047, 2006876243379, vstest.console.dll, ProxyDataCollectionManager.Initialize: waiting for connection with timeout: 90 seconds
TpTrace Verbose: 0 : 28548, 5, 2022/12/23, 18:28:28.048, 2006876243747, vstest.console.dll, DataCollectionRequestSender.WaitForRequestHandlerConnection : Waiting for connection with timeout: 90000
TpTrace Information: 0 : 28548, 7, 2022/12/23, 18:28:28.149, 2006877254084, vstest.console.dll, Using the buffer size of 16384 bytes
TpTrace Verbose: 0 : 28548, 5, 2022/12/23, 18:28:28.149, 2006877254197, vstest.console.dll, SocketCommunicationManager.WaitForClientConnection took: 101 ms, with 90000 ms timeout, and finished with True.
TpTrace Information: 0 : 28548, 7, 2022/12/23, 18:28:28.149, 2006877254842, vstest.console.dll, Accepted Client request and set the flag
TpTrace Verbose: 0 : 28548, 5, 2022/12/23, 18:28:28.149, 2006877255685, vstest.console.dll, ProxyDataCollectionManager.InvokeDataCollectionServiceAction: Starting.
TpTrace Information: 0 : 28548, 5, 2022/12/23, 18:28:28.149, 2006877256369, vstest.console.dll, ProxyDataCollectionManager.BeforeTestRunStart: Get environment variable and port for datacollector processId: 8720 port: 63876
TpTrace Verbose: 0 : 28548, 5, 2022/12/23, 18:28:28.149, 2006877257201, vstest.console.dll, DataCollectionRequestSender.SendBeforeTestRunStartAndGetResult: Send BeforeTestRunStart message with settingsXml <RunSettings><RunConfiguration><ResultsDirectory>F:\Projetos ASP.NET\Curso Testes\TestesDeSoftware\NerdStore.Vendas.Domain.Tests\bin\Release\net6.0\fine-code-coverage\coverage-tool-output</ResultsDirectory><TargetPlatform>X64</TargetPlatform><TargetFrameworkVersion>.NETCoreApp,Version=v6.0</TargetFrameworkVersion><DesignMode>False</DesignMode><CollectSourceInformation>False</CollectSourceInformation><TestAdaptersPaths>C:\Program Files\dotnet\sdk\7.0.100-preview.3.22179.4\Extensions</TestAdaptersPaths></RunConfiguration><LoggerRunSettings><Loggers><Logger friendlyName="blame" enabled="True" /><Logger friendlyName="Console" uri="logger://microsoft/TestPlatform/ConsoleLogger/v1" assemblyQualifiedName="Microsoft.VisualStudio.TestPlatform.CommandLine.Internal.ConsoleLogger, vstest.console, Version=15.0.0.0, Culture=neutral, PublicKeyToken=b03f5f7f11d50a3a" codeBase="C:\Program Files\dotnet\sdk\7.0.100-preview.3.22179.4\vstest.console.dll" enabled="True" /></Loggers></LoggerRunSettings><DataCollectionRunSettings><DataCollectors><DataCollector friendlyName="blame" enabled="True"><Configuration><ResultsDirectory>F:\Projetos ASP.NET\Curso Testes\TestesDeSoftware\NerdStore.Vendas.Domain.Tests\bin\Release\net6.0\fine-code-coverage\coverage-tool-output</ResultsDirectory></Configuration></DataCollector></DataCollectors></DataCollectionRunSettings></RunSettings> and sources System.Linq.Enumerable+Concat2Iterator`1[System.String]: 
TpTrace Verbose: 0 : 28548, 5, 2022/12/23, 18:28:28.208, 2006877852747, vstest.console.dll, DataCollectionRequestSender.SendBeforeTestRunStartAndGetResult: Received message: (DataCollection.SendMessage) -> {
  "FriendlyName": null,
  "Uri": null,
  "TestCaseId": "00000000-0000-0000-0000-000000000000",
  "Message": "Logging DataCollector Diagnostics in file: F:\\Projetos ASP.NET\\Curso Testes\\TestesDeSoftware\\NerdStore.Vendas.Domain.Tests\\bin\\Release\\net6.0\\fine-code-coverage\\coverage-tool-output\\diagnostics.datacollector.22-12-23_18-28-28_04223_5.log",
  "Level": 0
}
TpTrace Verbose: 0 : 28548, 5, 2022/12/23, 18:28:28.266, 2006878427210, vstest.console.dll, DataCollectionRequestSender.SendBeforeTestRunStartAndGetResult: Received message: (DataCollection.BeforeTestRunStartResult) -> {
  "EnvironmentVariables": {},
  "DataCollectionEventsPort": 63878
}
TpTrace Information: 0 : 28548, 5, 2022/12/23, 18:28:28.270, 2006878470267, vstest.console.dll, ProxyDataCollectionManager.BeforeTestRunStart: SendBeforeTestRunStartAndGetResult successful, env variable from datacollector:   and testhost port: 63878
TpTrace Information: 0 : 28548, 5, 2022/12/23, 18:28:28.270, 2006878471002, vstest.console.dll, ProxyDataCollectionManager.InvokeDataCollectionServiceAction: Completed.
TpTrace Verbose: 0 : 28548, 1, 2022/12/23, 18:28:28.270, 2006878472088, vstest.console.dll, TestRunRequest.ExecuteAsync: Creating test run request.
TpTrace Verbose: 0 : 28548, 1, 2022/12/23, 18:28:28.271, 2006878473962, vstest.console.dll, TestRunRequest.ExecuteAsync: Starting.
TpTrace Information: 0 : 28548, 1, 2022/12/23, 18:28:28.271, 2006878476216, vstest.console.dll, TestRunRequest.ExecuteAsync: Starting run with settings:TestRunCriteria:
   KeepAlive=False,FrequencyOfRunStatsChangeEvent=10,RunStatsChangeEventTimeout=00:00:01.5000000,TestCaseFilter=,TestExecutorLauncher=
   Settingsxml=<RunSettings>
  <RunConfiguration>
    <ResultsDirectory>F:\Projetos ASP.NET\Curso Testes\TestesDeSoftware\NerdStore.Vendas.Domain.Tests\bin\Release\net6.0\fine-code-coverage\coverage-tool-output</ResultsDirectory>
    <TargetPlatform>X64</TargetPlatform>
    <TargetFrameworkVersion>.NETCoreApp,Version=v6.0</TargetFrameworkVersion>
    <DesignMode>False</DesignMode>
    <CollectSourceInformation>False</CollectSourceInformation>
  </RunConfiguration>
  <LoggerRunSettings>
    <Loggers>
      <Logger friendlyName="blame" enabled="True" />
      <Logger friendlyName="Console" uri="logger://microsoft/TestPlatform/ConsoleLogger/v1" assemblyQualifiedName="Microsoft.VisualStudio.TestPlatform.CommandLine.Internal.ConsoleLogger, vstest.console, Version=15.0.0.0, Culture=neutral, PublicKeyToken=b03f5f7f11d50a3a" codeBase="C:\Program Files\dotnet\sdk\7.0.100-preview.3.22179.4\vstest.console.dll" enabled="True" />
    </Loggers>
  </LoggerRunSettings>
  <DataCollectionRunSettings>
    <DataCollectors>
      <DataCollector friendlyName="blame" enabled="True">
        <Configuration>
          <ResultsDirectory>F:\Projetos ASP.NET\Curso Testes\TestesDeSoftware\NerdStore.Vendas.Domain.Tests\bin\Release\net6.0\fine-code-coverage\coverage-tool-output</ResultsDirectory>
        </Configuration>
      </DataCollector>
    </DataCollectors>
  </DataCollectionRunSettings>
</RunSettings>

TpTrace Verbose: 0 : 28548, 1, 2022/12/23, 18:28:28.271, 2006878476620, vstest.console.dll, TestRunRequest.ExecuteAsync: Wait for the first run request is over.
TpTrace Verbose: 0 : 28548, 1, 2022/12/23, 18:28:28.271, 2006878478772, vstest.console.dll, MulticastDelegateUtilities.SafeInvoke: TestRun.TestRunStart: Invoking callbacks was skipped because there are no subscribers.
TpTrace Verbose: 0 : 28548, 1, 2022/12/23, 18:28:28.271, 2006878480104, vstest.console.dll, ParallelProxyExecutionManager: Start execution. Total sources: 1
TpTrace Verbose: 0 : 28548, 4, 2022/12/23, 18:28:28.271, 2006878480398, vstest.console.dll, MulticastDelegateUtilities.SafeInvoke: InternalTestLoggerEvents.SendTestRunStart: Invoking callback 1/1 for Microsoft.VisualStudio.TestPlatform.CommandLine.Internal.ConsoleLogger.TestRunStartHandler, took 0 ms.
TpTrace Information: 0 : 28548, 1, 2022/12/23, 18:28:28.272, 2006878483935, vstest.console.dll, ProxyParallelExecutionManager: Triggering test run for next source: F:\Projetos ASP.NET\Curso Testes\TestesDeSoftware\NerdStore.Vendas.Domain.Tests\bin\Release\net6.0\fine-code-coverage\build-output\NerdStore.Vendas.Domain.Tests.dll
TpTrace Verbose: 0 : 28548, 1, 2022/12/23, 18:28:28.272, 2006878485139, vstest.console.dll, ProxyParallelExecutionManager: No sources available for execution.
TpTrace Verbose: 0 : 28548, 5, 2022/12/23, 18:28:28.272, 2006878485212, vstest.console.dll, ParallelProxyExecutionManager: Execution started. Started clients: 1
TpTrace Information: 0 : 28548, 1, 2022/12/23, 18:28:28.272, 2006878485460, vstest.console.dll, TestRunRequest.ExecuteAsync: Started.
TpTrace Verbose: 0 : 28548, 1, 2022/12/23, 18:28:28.272, 2006878486400, vstest.console.dll, TestRunRequest.WaitForCompletion: Waiting with timeout -1.
TpTrace Verbose: 0 : 28548, 5, 2022/12/23, 18:28:28.272, 2006878487653, vstest.console.dll, TestRunRequest:SendTestRunMessage: Starting.
TpTrace Verbose: 0 : 28548, 5, 2022/12/23, 18:28:28.272, 2006878488632, vstest.console.dll, MulticastDelegateUtilities.SafeInvoke: TestRun.LogMessages: Invoking callback 1/1 for Microsoft.VisualStudio.TestPlatform.CommandLine.TestRunResultAggregator.TestRunMessageHandler, took 0 ms.
TpTrace Information: 0 : 28548, 5, 2022/12/23, 18:28:28.272, 2006878488905, vstest.console.dll, TestRunRequest:SendTestRunMessage: Completed.
TpTrace Verbose: 0 : 28548, 4, 2022/12/23, 18:28:28.272, 2006878488963, vstest.console.dll, MulticastDelegateUtilities.SafeInvoke: InternalTestLoggerEvents.SendTestRunMessage: Invoking callback 1/1 for Microsoft.VisualStudio.TestPlatform.CommandLine.Internal.ConsoleLogger.TestMessageHandler, took 0 ms.
TpTrace Verbose: 0 : 28548, 5, 2022/12/23, 18:28:28.272, 2006878490254, vstest.console.dll, ProxyExecutionManager: Test host is always Lazy initialize.
TpTrace Verbose: 0 : 28548, 5, 2022/12/23, 18:28:28.272, 2006878491688, vstest.console.dll, TestRequestSender.InitializeCommunication: initialize communication. 
TpTrace Information: 0 : 28548, 5, 2022/12/23, 18:28:28.273, 2006878495422, vstest.console.dll, SocketServer.Start: Listening on endpoint : 127.0.0.1:63879
TpTrace Verbose: 0 : 28548, 5, 2022/12/23, 18:28:28.273, 2006878499806, vstest.console.dll, DotnetTestHostmanager.GetTestHostProcessStartInfo: Platform environment 'X64' target architecture 'X64' framework '.NETCoreApp,Version=v6.0' OS 'Windows'
TpTrace Verbose: 0 : 28548, 5, 2022/12/23, 18:28:28.273, 2006878500814, vstest.console.dll, DotnetTestHostmanager: Adding  --runtimeconfig "F:\Projetos ASP.NET\Curso Testes\TestesDeSoftware\NerdStore.Vendas.Domain.Tests\bin\Release\net6.0\fine-code-coverage\build-output\NerdStore.Vendas.Domain.Tests.runtimeconfig.json" in args
TpTrace Verbose: 0 : 28548, 5, 2022/12/23, 18:28:28.273, 2006878501225, vstest.console.dll, DotnetTestHostmanager: Adding  --depsfile "F:\Projetos ASP.NET\Curso Testes\TestesDeSoftware\NerdStore.Vendas.Domain.Tests\bin\Release\net6.0\fine-code-coverage\build-output\NerdStore.Vendas.Domain.Tests.deps.json" in args
TpTrace Verbose: 0 : 28548, 5, 2022/12/23, 18:28:28.274, 2006878505994, vstest.console.dll, DotnetTestHostmanager.IsWinOnArm: Current PROCESSOR_ARCHITECTURE from registry 'AMD64'
TpTrace Verbose: 0 : 28548, 5, 2022/12/23, 18:28:28.274, 2006878506661, vstest.console.dll, DotnetTestHostmanager.IsWinOnArm: Is Windows on ARM 'False'
TpTrace Verbose: 0 : 28548, 5, 2022/12/23, 18:28:28.274, 2006878507090, vstest.console.dll, DotnetTestHostManager: testhost.exe found at path: F:\Projetos ASP.NET\Curso Testes\TestesDeSoftware\NerdStore.Vendas.Domain.Tests\bin\Release\net6.0\fine-code-coverage\build-output\testhost.exe
TpTrace Verbose: 0 : 28548, 5, 2022/12/23, 18:28:28.274, 2006878507342, vstest.console.dll, DotnetTestHostmanager: Full path of host exe is F:\Projetos ASP.NET\Curso Testes\TestesDeSoftware\NerdStore.Vendas.Domain.Tests\bin\Release\net6.0\fine-code-coverage\build-output\testhost.exe
TpTrace Verbose: 0 : 28548, 5, 2022/12/23, 18:28:28.274, 2006878508266, vstest.console.dll, DotnetTestHostmanager.LaunchTestHostAsync: Found 'VSTEST_WINAPPHOST_DOTNET_ROOT' in env variables, value 'C:\Program Files\dotnet', forwarding to 'DOTNET_ROOT'
TpTrace Verbose: 0 : 28548, 7, 2022/12/23, 18:28:28.275, 2006878514331, vstest.console.dll, DotnetTestHostManager: Starting process 'F:\Projetos ASP.NET\Curso Testes\TestesDeSoftware\NerdStore.Vendas.Domain.Tests\bin\Release\net6.0\fine-code-coverage\build-output\testhost.exe' with command line ' --runtimeconfig "F:\Projetos ASP.NET\Curso Testes\TestesDeSoftware\NerdStore.Vendas.Domain.Tests\bin\Release\net6.0\fine-code-coverage\build-output\NerdStore.Vendas.Domain.Tests.runtimeconfig.json" --depsfile "F:\Projetos ASP.NET\Curso Testes\TestesDeSoftware\NerdStore.Vendas.Domain.Tests\bin\Release\net6.0\fine-code-coverage\build-output\NerdStore.Vendas.Domain.Tests.deps.json" --port 63879 --endpoint 127.0.0.1:063879 --role client --parentprocessid 28548 --diag "F:\Projetos ASP.NET\Curso Testes\TestesDeSoftware\NerdStore.Vendas.Domain.Tests\bin\Release\net6.0\fine-code-coverage\coverage-tool-output\diagnostics.host.22-12-23_18-28-28_27340_5.log" --tracelevel 4 --datacollectionport 63878 --telemetryoptedin false'
TpTrace Verbose: 0 : 28548, 7, 2022/12/23, 18:28:28.278, 2006878549018, vstest.console.dll, MulticastDelegateUtilities.SafeInvoke: HostProviderEvents.OnHostLaunched: Invoking callback 1/2 for Microsoft.VisualStudio.TestPlatform.CrossPlatEngine.Client.ProxyExecutionManagerWithDataCollection.TestHostLaunchedHandler, took 0 ms.
TpTrace Verbose: 0 : 28548, 7, 2022/12/23, 18:28:28.278, 2006878549817, vstest.console.dll, Test Runtime launched
TpTrace Verbose: 0 : 28548, 7, 2022/12/23, 18:28:28.278, 2006878550139, vstest.console.dll, MulticastDelegateUtilities.SafeInvoke: HostProviderEvents.OnHostLaunched: Invoking callback 2/2 for Microsoft.VisualStudio.TestPlatform.CrossPlatEngine.Client.ProxyOperationManager.TestHostManagerHostLaunched, took 0 ms.
TpTrace Verbose: 0 : 28548, 5, 2022/12/23, 18:28:28.279, 2006878554663, vstest.console.dll, TestRequestSender.WaitForRequestHandlerConnection: waiting for connection with timeout: 90000.
TpTrace Verbose: 0 : 28548, 7, 2022/12/23, 18:28:28.363, 2006879398549, vstest.console.dll, MulticastDelegateUtilities.SafeInvoke: SocketServer: ClientConnected: Invoking callback 1/1 for Microsoft.VisualStudio.TestPlatform.CommunicationUtilities.TestRequestSender.<InitializeCommunication>b__23_0, took 0 ms.
TpTrace Verbose: 0 : 28548, 7, 2022/12/23, 18:28:28.363, 2006879399255, vstest.console.dll, SocketServer.OnClientConnected: Client connected for endPoint: 127.0.0.1:63879, starting MessageLoopAsync:
TpTrace Verbose: 0 : 28548, 5, 2022/12/23, 18:28:28.363, 2006879398591, vstest.console.dll, TestRequestSender.WaitForRequestHandlerConnection: waiting took 84 ms, with timeout 90000 ms, and result 0, which is success.
TpTrace Verbose: 0 : 28548, 7, 2022/12/23, 18:28:28.363, 2006879400597, vstest.console.dll, TcpClientExtensions.MessageLoopAsync: Polling on remoteEndPoint: 127.0.0.1:63880 localEndPoint: 127.0.0.1:63879
TpTrace Verbose: 0 : 28548, 5, 2022/12/23, 18:28:28.364, 2006879405334, vstest.console.dll, TestRequestSender.CheckVersionWithTestHost: Sending check version message: {"MessageType":"ProtocolVersion","Payload":6}
TpTrace Verbose: 0 : 28548, 7, 2022/12/23, 18:28:28.462, 2006880386213, vstest.console.dll, TcpClientExtensions.MessageLoopAsync: NotifyDataAvailable remoteEndPoint: 127.0.0.1:63880 localEndPoint: 127.0.0.1:63879
TpTrace Verbose: 0 : 28548, 7, 2022/12/23, 18:28:28.462, 2006880387911, vstest.console.dll, TestRequestSender.CheckVersionWithTestHost: onMessageReceived received message: (ProtocolVersion) -> 5
TpTrace Verbose: 0 : 28548, 7, 2022/12/23, 18:28:28.462, 2006880390779, vstest.console.dll, MulticastDelegateUtilities.SafeInvoke: LengthPrefixCommunicationChannel: MessageReceived: Invoking callback 1/1 for Microsoft.VisualStudio.TestPlatform.CommunicationUtilities.TestRequestSender+<>c__DisplayClass25_0.<CheckVersionWithTestHost>b__0, took 0 ms.
TpTrace Verbose: 0 : 28548, 7, 2022/12/23, 18:28:28.462, 2006880391313, vstest.console.dll, TcpClientExtensions.MessageLoopAsync: Polling on remoteEndPoint: 127.0.0.1:63880 localEndPoint: 127.0.0.1:63879
TpTrace Verbose: 0 : 28548, 5, 2022/12/23, 18:28:28.462, 2006880391518, vstest.console.dll, TestPluginCache.GetExtensionPaths: Filtered extension paths: 
TpTrace Verbose: 0 : 28548, 5, 2022/12/23, 18:28:28.462, 2006880391907, vstest.console.dll, TestPluginCache.GetExtensionPaths: Added default extension paths: C:\Program Files\dotnet\sdk\7.0.100-preview.3.22179.4\Extensions\DumpMinitool.exe
C:\Program Files\dotnet\sdk\7.0.100-preview.3.22179.4\Extensions\DumpMinitool.x86.exe
C:\Program Files\dotnet\sdk\7.0.100-preview.3.22179.4\Extensions\Microsoft.Diagnostics.NETCore.Client.dll
C:\Program Files\dotnet\sdk\7.0.100-preview.3.22179.4\Extensions\Microsoft.TestPlatform.Extensions.BlameDataCollector.dll
C:\Program Files\dotnet\sdk\7.0.100-preview.3.22179.4\Extensions\Microsoft.TestPlatform.Extensions.EventLogCollector.dll
C:\Program Files\dotnet\sdk\7.0.100-preview.3.22179.4\Extensions\Microsoft.TestPlatform.TestHostRuntimeProvider.dll
C:\Program Files\dotnet\sdk\7.0.100-preview.3.22179.4\Extensions\Microsoft.VisualStudio.TestPlatform.Extensions.Html.TestLogger.dll
C:\Program Files\dotnet\sdk\7.0.100-preview.3.22179.4\Extensions\Microsoft.VisualStudio.TestPlatform.Extensions.Trx.TestLogger.dll
TpTrace Verbose: 0 : 28548, 5, 2022/12/23, 18:28:28.462, 2006880392184, vstest.console.dll, TestPluginCache.GetExtensionPaths: Added unfilterableExtensionPaths: 
TpTrace Verbose: 0 : 28548, 5, 2022/12/23, 18:28:28.465, 2006880413981, vstest.console.dll, TestRequestSender.InitializeExecution: Sending initialize execution with message: {"Version":5,"MessageType":"TestExecution.Initialize","Payload":["F:\\Projetos ASP.NET\\Curso Testes\\TestesDeSoftware\\NerdStore.Vendas.Domain.Tests\\bin\\Release\\net6.0\\fine-code-coverage\\build-output\\xunit.runner.visualstudio.dotnetcore.testadapter.dll"]}
TpTrace Warning: 0 : 28548, 5, 2022/12/23, 18:28:28.465, 2006880416756, vstest.console.dll, InferRunSettingsHelper.MakeRunsettingsCompatible: Removing the following settings: TargetPlatform from RunSettings file. To use those settings please move to latest version of Microsoft.NET.Test.Sdk
TpTrace Verbose: 0 : 28548, 7, 2022/12/23, 18:28:28.469, 2006880458829, vstest.console.dll, TcpClientExtensions.MessageLoopAsync: NotifyDataAvailable remoteEndPoint: 127.0.0.1:63880 localEndPoint: 127.0.0.1:63879
TpTrace Verbose: 0 : 28548, 7, 2022/12/23, 18:28:28.469, 2006880461103, vstest.console.dll, TestRequestSender.OnExecutionMessageReceived: Received message: {"Version":5,"MessageType":"TestSession.Message","Payload":{"MessageLevel":0,"Message":"Logging TestHost Diagnostics in file: F:\\Projetos ASP.NET\\Curso Testes\\TestesDeSoftware\\NerdStore.Vendas.Domain.Tests\\bin\\Release\\net6.0\\fine-code-coverage\\coverage-tool-output\\diagnostics.host.22-12-23_18-28-28_27340_5.log"}}
TpTrace Verbose: 0 : 28548, 7, 2022/12/23, 18:28:28.471, 2006880473891, vstest.console.dll, TestRunRequest:SendTestRunMessage: Starting.
TpTrace Verbose: 0 : 28548, 7, 2022/12/23, 18:28:28.471, 2006880474614, vstest.console.dll, MulticastDelegateUtilities.SafeInvoke: TestRun.LogMessages: Invoking callback 1/1 for Microsoft.VisualStudio.TestPlatform.CommandLine.TestRunResultAggregator.TestRunMessageHandler, took 0 ms.
TpTrace Information: 0 : 28548, 7, 2022/12/23, 18:28:28.471, 2006880474849, vstest.console.dll, TestRunRequest:SendTestRunMessage: Completed.
TpTrace Verbose: 0 : 28548, 4, 2022/12/23, 18:28:28.471, 2006880475050, vstest.console.dll, MulticastDelegateUtilities.SafeInvoke: InternalTestLoggerEvents.SendTestRunMessage: Invoking callback 1/1 for Microsoft.VisualStudio.TestPlatform.CommandLine.Internal.ConsoleLogger.TestMessageHandler, took 0 ms.
TpTrace Verbose: 0 : 28548, 7, 2022/12/23, 18:28:28.471, 2006880475195, vstest.console.dll, MulticastDelegateUtilities.SafeInvoke: LengthPrefixCommunicationChannel: MessageReceived: Invoking callback 1/1 for Microsoft.VisualStudio.TestPlatform.CommunicationUtilities.TestRequestSender+<>c__DisplayClass30_0.<StartTestRun>b__1, took 1 ms.
TpTrace Verbose: 0 : 28548, 7, 2022/12/23, 18:28:28.471, 2006880475686, vstest.console.dll, TcpClientExtensions.MessageLoopAsync: Polling on remoteEndPoint: 127.0.0.1:63880 localEndPoint: 127.0.0.1:63879
TpTrace Verbose: 0 : 28548, 5, 2022/12/23, 18:28:28.471, 2006880478351, vstest.console.dll, TestRequestSender.StartTestRun: Sending test run with message: {"Version":5,"MessageType":"TestExecution.StartWithSources","Payload":{"AdapterSourceMap":{"_none_":["F:\\Projetos ASP.NET\\Curso Testes\\TestesDeSoftware\\NerdStore.Vendas.Domain.Tests\\bin\\Release\\net6.0\\fine-code-coverage\\build-output\\NerdStore.Vendas.Domain.Tests.dll"]},"RunSettings":"<RunSettings>\r\n  <RunConfiguration>\r\n    <ResultsDirectory>F:\\Projetos ASP.NET\\Curso Testes\\TestesDeSoftware\\NerdStore.Vendas.Domain.Tests\\bin\\Release\\net6.0\\fine-code-coverage\\coverage-tool-output</ResultsDirectory>\r\n    <TargetFrameworkVersion>.NETCoreApp,Version=v6.0</TargetFrameworkVersion>\r\n    <DesignMode>False</DesignMode>\r\n    <CollectSourceInformation>False</CollectSourceInformation>\r\n  </RunConfiguration>\r\n  <LoggerRunSettings>\r\n    <Loggers>\r\n      <Logger friendlyName=\"blame\" enabled=\"True\" />\r\n      <Logger friendlyName=\"Console\" uri=\"logger://microsoft/TestPlatform/ConsoleLogger/v1\" assemblyQualifiedName=\"Microsoft.VisualStudio.TestPlatform.CommandLine.Internal.ConsoleLogger, vstest.console, Version=15.0.0.0, Culture=neutral, PublicKeyToken=b03f5f7f11d50a3a\" codeBase=\"C:\\Program Files\\dotnet\\sdk\\7.0.100-preview.3.22179.4\\vstest.console.dll\" enabled=\"True\" />\r\n    </Loggers>\r\n  </LoggerRunSettings>\r\n  <DataCollectionRunSettings>\r\n    <DataCollectors>\r\n      <DataCollector friendlyName=\"blame\" enabled=\"True\">\r\n        <Configuration>\r\n          <ResultsDirectory>F:\\Projetos ASP.NET\\Curso Testes\\TestesDeSoftware\\NerdStore.Vendas.Domain.Tests\\bin\\Release\\net6.0\\fine-code-coverage\\coverage-tool-output</ResultsDirectory>\r\n        </Configuration>\r\n      </DataCollector>\r\n    </DataCollectors>\r\n  </DataCollectionRunSettings>\r\n</RunSettings>","TestExecutionContext":{"FrequencyOfRunStatsChangeEvent":10,"RunStatsChangeEventTimeout":"00:00:01.5000000","InIsolation":false,"KeepAlive":false,"AreTestCaseLevelEventsRequired":false,"IsDebug":false,"TestCaseFilter":null,"FilterOptions":null},"Package":null}}
TpTrace Verbose: 0 : 28548, 7, 2022/12/23, 18:28:28.642, 2006882185352, vstest.console.dll, TcpClientExtensions.MessageLoopAsync: NotifyDataAvailable remoteEndPoint: 127.0.0.1:63880 localEndPoint: 127.0.0.1:63879
TpTrace Verbose: 0 : 28548, 7, 2022/12/23, 18:28:28.642, 2006882186521, vstest.console.dll, TestRequestSender.OnExecutionMessageReceived: Received message: {"Version":5,"MessageType":"TestSession.Message","Payload":{"MessageLevel":0,"Message":"[xUnit.net 00:00:00.00] xUnit.net VSTest Adapter v2.4.3+1b45f5407b (64-bit .NET 6.0.5)"}}
TpTrace Verbose: 0 : 28548, 7, 2022/12/23, 18:28:28.642, 2006882188374, vstest.console.dll, TestRunRequest:SendTestRunMessage: Starting.
TpTrace Verbose: 0 : 28548, 7, 2022/12/23, 18:28:28.642, 2006882188987, vstest.console.dll, MulticastDelegateUtilities.SafeInvoke: TestRun.LogMessages: Invoking callback 1/1 for Microsoft.VisualStudio.TestPlatform.CommandLine.TestRunResultAggregator.TestRunMessageHandler, took 0 ms.
TpTrace Verbose: 0 : 28548, 4, 2022/12/23, 18:28:28.642, 2006882189136, vstest.console.dll, MulticastDelegateUtilities.SafeInvoke: InternalTestLoggerEvents.SendTestRunMessage: Invoking callback 1/1 for Microsoft.VisualStudio.TestPlatform.CommandLine.Internal.ConsoleLogger.TestMessageHandler, took 0 ms.
TpTrace Information: 0 : 28548, 7, 2022/12/23, 18:28:28.642, 2006882189202, vstest.console.dll, TestRunRequest:SendTestRunMessage: Completed.
TpTrace Verbose: 0 : 28548, 7, 2022/12/23, 18:28:28.642, 2006882189889, vstest.console.dll, MulticastDelegateUtilities.SafeInvoke: LengthPrefixCommunicationChannel: MessageReceived: Invoking callback 1/1 for Microsoft.VisualStudio.TestPlatform.CommunicationUtilities.TestRequestSender+<>c__DisplayClass30_0.<StartTestRun>b__1, took 0 ms.
TpTrace Verbose: 0 : 28548, 7, 2022/12/23, 18:28:28.642, 2006882190095, vstest.console.dll, TcpClientExtensions.MessageLoopAsync: Polling on remoteEndPoint: 127.0.0.1:63880 localEndPoint: 127.0.0.1:63879
TpTrace Verbose: 0 : 28548, 7, 2022/12/23, 18:28:29.052, 2006886283658, vstest.console.dll, TcpClientExtensions.MessageLoopAsync: NotifyDataAvailable remoteEndPoint: 127.0.0.1:63880 localEndPoint: 127.0.0.1:63879
TpTrace Verbose: 0 : 28548, 7, 2022/12/23, 18:28:29.052, 2006886285420, vstest.console.dll, TestRequestSender.OnExecutionMessageReceived: Received message: {"Version":5,"MessageType":"TestSession.Message","Payload":{"MessageLevel":0,"Message":"[xUnit.net 00:00:00.41]   Discovering: NerdStore.Vendas.Domain.Tests"}}
TpTrace Verbose: 0 : 28548, 7, 2022/12/23, 18:28:29.052, 2006886287497, vstest.console.dll, TestRunRequest:SendTestRunMessage: Starting.
TpTrace Verbose: 0 : 28548, 7, 2022/12/23, 18:28:29.052, 2006886288150, vstest.console.dll, MulticastDelegateUtilities.SafeInvoke: TestRun.LogMessages: Invoking callback 1/1 for Microsoft.VisualStudio.TestPlatform.CommandLine.TestRunResultAggregator.TestRunMessageHandler, took 0 ms.
TpTrace Verbose: 0 : 28548, 4, 2022/12/23, 18:28:29.052, 2006886288239, vstest.console.dll, MulticastDelegateUtilities.SafeInvoke: InternalTestLoggerEvents.SendTestRunMessage: Invoking callback 1/1 for Microsoft.VisualStudio.TestPlatform.CommandLine.Internal.ConsoleLogger.TestMessageHandler, took 0 ms.
TpTrace Information: 0 : 28548, 7, 2022/12/23, 18:28:29.052, 2006886288409, vstest.console.dll, TestRunRequest:SendTestRunMessage: Completed.
TpTrace Verbose: 0 : 28548, 7, 2022/12/23, 18:28:29.052, 2006886289207, vstest.console.dll, MulticastDelegateUtilities.SafeInvoke: LengthPrefixCommunicationChannel: MessageReceived: Invoking callback 1/1 for Microsoft.VisualStudio.TestPlatform.CommunicationUtilities.TestRequestSender+<>c__DisplayClass30_0.<StartTestRun>b__1, took 0 ms.
TpTrace Verbose: 0 : 28548, 7, 2022/12/23, 18:28:29.052, 2006886289791, vstest.console.dll, TcpClientExtensions.MessageLoopAsync: Polling on remoteEndPoint: 127.0.0.1:63880 localEndPoint: 127.0.0.1:63879
TpTrace Verbose: 0 : 28548, 7, 2022/12/23, 18:28:29.094, 2006886709042, vstest.console.dll, TcpClientExtensions.MessageLoopAsync: NotifyDataAvailable remoteEndPoint: 127.0.0.1:63880 localEndPoint: 127.0.0.1:63879
TpTrace Verbose: 0 : 28548, 7, 2022/12/23, 18:28:29.094, 2006886710296, vstest.console.dll, TestRequestSender.OnExecutionMessageReceived: Received message: {"Version":5,"MessageType":"TestSession.Message","Payload":{"MessageLevel":0,"Message":"[xUnit.net 00:00:00.45]   Discovered:  NerdStore.Vendas.Domain.Tests"}}
TpTrace Verbose: 0 : 28548, 7, 2022/12/23, 18:28:29.094, 2006886712112, vstest.console.dll, TestRunRequest:SendTestRunMessage: Starting.
TpTrace Verbose: 0 : 28548, 7, 2022/12/23, 18:28:29.094, 2006886712655, vstest.console.dll, MulticastDelegateUtilities.SafeInvoke: TestRun.LogMessages: Invoking callback 1/1 for Microsoft.VisualStudio.TestPlatform.CommandLine.TestRunResultAggregator.TestRunMessageHandler, took 0 ms.
TpTrace Verbose: 0 : 28548, 4, 2022/12/23, 18:28:29.094, 2006886712853, vstest.console.dll, MulticastDelegateUtilities.SafeInvoke: InternalTestLoggerEvents.SendTestRunMessage: Invoking callback 1/1 for Microsoft.VisualStudio.TestPlatform.CommandLine.Internal.ConsoleLogger.TestMessageHandler, took 0 ms.
TpTrace Information: 0 : 28548, 7, 2022/12/23, 18:28:29.094, 2006886712933, vstest.console.dll, TestRunRequest:SendTestRunMessage: Completed.
TpTrace Verbose: 0 : 28548, 7, 2022/12/23, 18:28:29.094, 2006886713554, vstest.console.dll, MulticastDelegateUtilities.SafeInvoke: LengthPrefixCommunicationChannel: MessageReceived: Invoking callback 1/1 for Microsoft.VisualStudio.TestPlatform.CommunicationUtilities.TestRequestSender+<>c__DisplayClass30_0.<StartTestRun>b__1, took 0 ms.
TpTrace Verbose: 0 : 28548, 7, 2022/12/23, 18:28:29.095, 2006886713842, vstest.console.dll, TcpClientExtensions.MessageLoopAsync: Polling on remoteEndPoint: 127.0.0.1:63880 localEndPoint: 127.0.0.1:63879
TpTrace Verbose: 0 : 28548, 7, 2022/12/23, 18:28:29.096, 2006886726623, vstest.console.dll, TcpClientExtensions.MessageLoopAsync: NotifyDataAvailable remoteEndPoint: 127.0.0.1:63880 localEndPoint: 127.0.0.1:63879
TpTrace Verbose: 0 : 28548, 7, 2022/12/23, 18:28:29.096, 2006886727774, vstest.console.dll, TestRequestSender.OnExecutionMessageReceived: Received message: {"Version":5,"MessageType":"TestSession.Message","Payload":{"MessageLevel":0,"Message":"[xUnit.net 00:00:00.46]   Starting:    NerdStore.Vendas.Domain.Tests"}}
TpTrace Verbose: 0 : 28548, 7, 2022/12/23, 18:28:29.096, 2006886729447, vstest.console.dll, TestRunRequest:SendTestRunMessage: Starting.
TpTrace Verbose: 0 : 28548, 7, 2022/12/23, 18:28:29.096, 2006886729984, vstest.console.dll, MulticastDelegateUtilities.SafeInvoke: TestRun.LogMessages: Invoking callback 1/1 for Microsoft.VisualStudio.TestPlatform.CommandLine.TestRunResultAggregator.TestRunMessageHandler, took 0 ms.
TpTrace Verbose: 0 : 28548, 4, 2022/12/23, 18:28:29.096, 2006886730195, vstest.console.dll, MulticastDelegateUtilities.SafeInvoke: InternalTestLoggerEvents.SendTestRunMessage: Invoking callback 1/1 for Microsoft.VisualStudio.TestPlatform.CommandLine.Internal.ConsoleLogger.TestMessageHandler, took 0 ms.
TpTrace Information: 0 : 28548, 7, 2022/12/23, 18:28:29.096, 2006886730279, vstest.console.dll, TestRunRequest:SendTestRunMessage: Completed.
TpTrace Verbose: 0 : 28548, 7, 2022/12/23, 18:28:29.096, 2006886732209, vstest.console.dll, MulticastDelegateUtilities.SafeInvoke: LengthPrefixCommunicationChannel: MessageReceived: Invoking callback 1/1 for Microsoft.VisualStudio.TestPlatform.CommunicationUtilities.TestRequestSender+<>c__DisplayClass30_0.<StartTestRun>b__1, took 0 ms.
TpTrace Verbose: 0 : 28548, 7, 2022/12/23, 18:28:29.096, 2006886732448, vstest.console.dll, TcpClientExtensions.MessageLoopAsync: Polling on remoteEndPoint: 127.0.0.1:63880 localEndPoint: 127.0.0.1:63879
TpTrace Verbose: 0 : 28548, 7, 2022/12/23, 18:28:29.202, 2006887791826, vstest.console.dll, TcpClientExtensions.MessageLoopAsync: NotifyDataAvailable remoteEndPoint: 127.0.0.1:63880 localEndPoint: 127.0.0.1:63879
TpTrace Verbose: 0 : 28548, 7, 2022/12/23, 18:28:29.202, 2006887792976, vstest.console.dll, TestRequestSender.OnExecutionMessageReceived: Received message: {"Version":5,"MessageType":"TestSession.Message","Payload":{"MessageLevel":2,"Message":"[xUnit.net 00:00:00.56]     Atualizar Item Pedido Valido [FAIL]"}}
TpTrace Verbose: 0 : 28548, 7, 2022/12/23, 18:28:29.203, 2006887794518, vstest.console.dll, TestRunRequest:SendTestRunMessage: Starting.
TpTrace Verbose: 0 : 28548, 7, 2022/12/23, 18:28:29.203, 2006887795049, vstest.console.dll, MulticastDelegateUtilities.SafeInvoke: TestRun.LogMessages: Invoking callback 1/1 for Microsoft.VisualStudio.TestPlatform.CommandLine.TestRunResultAggregator.TestRunMessageHandler, took 0 ms.
TpTrace Information: 0 : 28548, 7, 2022/12/23, 18:28:29.203, 2006887795316, vstest.console.dll, TestRunRequest:SendTestRunMessage: Completed.
TpTrace Verbose: 0 : 28548, 7, 2022/12/23, 18:28:29.203, 2006887795531, vstest.console.dll, MulticastDelegateUtilities.SafeInvoke: LengthPrefixCommunicationChannel: MessageReceived: Invoking callback 1/1 for Microsoft.VisualStudio.TestPlatform.CommunicationUtilities.TestRequestSender+<>c__DisplayClass30_0.<StartTestRun>b__1, took 0 ms.
TpTrace Verbose: 0 : 28548, 7, 2022/12/23, 18:28:29.203, 2006887795904, vstest.console.dll, TcpClientExtensions.MessageLoopAsync: Polling on remoteEndPoint: 127.0.0.1:63880 localEndPoint: 127.0.0.1:63879
TpTrace Verbose: 0 : 28548, 4, 2022/12/23, 18:28:29.203, 2006887796220, vstest.console.dll, MulticastDelegateUtilities.SafeInvoke: InternalTestLoggerEvents.SendTestRunMessage: Invoking callback 1/1 for Microsoft.VisualStudio.TestPlatform.CommandLine.Internal.ConsoleLogger.TestMessageHandler, took 0 ms.
TpTrace Verbose: 0 : 28548, 7, 2022/12/23, 18:28:29.203, 2006887799511, vstest.console.dll, TcpClientExtensions.MessageLoopAsync: NotifyDataAvailable remoteEndPoint: 127.0.0.1:63880 localEndPoint: 127.0.0.1:63879
TpTrace Verbose: 0 : 28548, 7, 2022/12/23, 18:28:29.203, 2006887800463, vstest.console.dll, TestRequestSender.OnExecutionMessageReceived: Received message: {"Version":5,"MessageType":"TestSession.Message","Payload":{"MessageLevel":0,"Message":"[xUnit.net 00:00:00.56]       Assert.Equal() Failure"}}
TpTrace Verbose: 0 : 28548, 7, 2022/12/23, 18:28:29.203, 2006887801911, vstest.console.dll, TestRunRequest:SendTestRunMessage: Starting.
TpTrace Verbose: 0 : 28548, 7, 2022/12/23, 18:28:29.203, 2006887802432, vstest.console.dll, MulticastDelegateUtilities.SafeInvoke: TestRun.LogMessages: Invoking callback 1/1 for Microsoft.VisualStudio.TestPlatform.CommandLine.TestRunResultAggregator.TestRunMessageHandler, took 0 ms.
TpTrace Verbose: 0 : 28548, 4, 2022/12/23, 18:28:29.203, 2006887802625, vstest.console.dll, MulticastDelegateUtilities.SafeInvoke: InternalTestLoggerEvents.SendTestRunMessage: Invoking callback 1/1 for Microsoft.VisualStudio.TestPlatform.CommandLine.Internal.ConsoleLogger.TestMessageHandler, took 0 ms.
TpTrace Information: 0 : 28548, 7, 2022/12/23, 18:28:29.203, 2006887802690, vstest.console.dll, TestRunRequest:SendTestRunMessage: Completed.
TpTrace Verbose: 0 : 28548, 7, 2022/12/23, 18:28:29.203, 2006887803293, vstest.console.dll, MulticastDelegateUtilities.SafeInvoke: LengthPrefixCommunicationChannel: MessageReceived: Invoking callback 1/1 for Microsoft.VisualStudio.TestPlatform.CommunicationUtilities.TestRequestSender+<>c__DisplayClass30_0.<StartTestRun>b__1, took 0 ms.
TpTrace Verbose: 0 : 28548, 7, 2022/12/23, 18:28:29.203, 2006887803515, vstest.console.dll, TcpClientExtensions.MessageLoopAsync: Polling on remoteEndPoint: 127.0.0.1:63880 localEndPoint: 127.0.0.1:63879
TpTrace Verbose: 0 : 28548, 7, 2022/12/23, 18:28:29.204, 2006887803767, vstest.console.dll, TcpClientExtensions.MessageLoopAsync: NotifyDataAvailable remoteEndPoint: 127.0.0.1:63880 localEndPoint: 127.0.0.1:63879
TpTrace Verbose: 0 : 28548, 7, 2022/12/23, 18:28:29.204, 2006887804393, vstest.console.dll, TestRequestSender.OnExecutionMessageReceived: Received message: {"Version":5,"MessageType":"TestSession.Message","Payload":{"MessageLevel":0,"Message":"[xUnit.net 00:00:00.56]       Expected: 5"}}
TpTrace Verbose: 0 : 28548, 7, 2022/12/23, 18:28:29.204, 2006887805774, vstest.console.dll, TestRunRequest:SendTestRunMessage: Starting.
TpTrace Verbose: 0 : 28548, 7, 2022/12/23, 18:28:29.204, 2006887806217, vstest.console.dll, MulticastDelegateUtilities.SafeInvoke: TestRun.LogMessages: Invoking callback 1/1 for Microsoft.VisualStudio.TestPlatform.CommandLine.TestRunResultAggregator.TestRunMessageHandler, took 0 ms.
TpTrace Verbose: 0 : 28548, 4, 2022/12/23, 18:28:29.204, 2006887806342, vstest.console.dll, MulticastDelegateUtilities.SafeInvoke: InternalTestLoggerEvents.SendTestRunMessage: Invoking callback 1/1 for Microsoft.VisualStudio.TestPlatform.CommandLine.Internal.ConsoleLogger.TestMessageHandler, took 0 ms.
TpTrace Information: 0 : 28548, 7, 2022/12/23, 18:28:29.204, 2006887806434, vstest.console.dll, TestRunRequest:SendTestRunMessage: Completed.
TpTrace Verbose: 0 : 28548, 7, 2022/12/23, 18:28:29.204, 2006887806886, vstest.console.dll, MulticastDelegateUtilities.SafeInvoke: LengthPrefixCommunicationChannel: MessageReceived: Invoking callback 1/1 for Microsoft.VisualStudio.TestPlatform.CommunicationUtilities.TestRequestSender+<>c__DisplayClass30_0.<StartTestRun>b__1, took 0 ms.
TpTrace Verbose: 0 : 28548, 7, 2022/12/23, 18:28:29.204, 2006887807085, vstest.console.dll, TcpClientExtensions.MessageLoopAsync: Polling on remoteEndPoint: 127.0.0.1:63880 localEndPoint: 127.0.0.1:63879
TpTrace Verbose: 0 : 28548, 7, 2022/12/23, 18:28:29.204, 2006887807311, vstest.console.dll, TcpClientExtensions.MessageLoopAsync: NotifyDataAvailable remoteEndPoint: 127.0.0.1:63880 localEndPoint: 127.0.0.1:63879
TpTrace Verbose: 0 : 28548, 7, 2022/12/23, 18:28:29.204, 2006887807634, vstest.console.dll, TestRequestSender.OnExecutionMessageReceived: Received message: {"Version":5,"MessageType":"TestSession.Message","Payload":{"MessageLevel":0,"Message":"[xUnit.net 00:00:00.56]       Actual:   2"}}
TpTrace Verbose: 0 : 28548, 7, 2022/12/23, 18:28:29.204, 2006887808536, vstest.console.dll, TestRunRequest:SendTestRunMessage: Starting.
TpTrace Verbose: 0 : 28548, 7, 2022/12/23, 18:28:29.204, 2006887808927, vstest.console.dll, MulticastDelegateUtilities.SafeInvoke: TestRun.LogMessages: Invoking callback 1/1 for Microsoft.VisualStudio.TestPlatform.CommandLine.TestRunResultAggregator.TestRunMessageHandler, took 0 ms.
TpTrace Verbose: 0 : 28548, 4, 2022/12/23, 18:28:29.204, 2006887809060, vstest.console.dll, MulticastDelegateUtilities.SafeInvoke: InternalTestLoggerEvents.SendTestRunMessage: Invoking callback 1/1 for Microsoft.VisualStudio.TestPlatform.CommandLine.Internal.ConsoleLogger.TestMessageHandler, took 0 ms.
TpTrace Information: 0 : 28548, 7, 2022/12/23, 18:28:29.204, 2006887809137, vstest.console.dll, TestRunRequest:SendTestRunMessage: Completed.
TpTrace Verbose: 0 : 28548, 7, 2022/12/23, 18:28:29.204, 2006887809888, vstest.console.dll, MulticastDelegateUtilities.SafeInvoke: LengthPrefixCommunicationChannel: MessageReceived: Invoking callback 1/1 for Microsoft.VisualStudio.TestPlatform.CommunicationUtilities.TestRequestSender+<>c__DisplayClass30_0.<StartTestRun>b__1, took 0 ms.
TpTrace Verbose: 0 : 28548, 7, 2022/12/23, 18:28:29.204, 2006887810188, vstest.console.dll, TcpClientExtensions.MessageLoopAsync: Polling on remoteEndPoint: 127.0.0.1:63880 localEndPoint: 127.0.0.1:63879
TpTrace Verbose: 0 : 28548, 7, 2022/12/23, 18:28:29.204, 2006887810431, vstest.console.dll, TcpClientExtensions.MessageLoopAsync: NotifyDataAvailable remoteEndPoint: 127.0.0.1:63880 localEndPoint: 127.0.0.1:63879
TpTrace Verbose: 0 : 28548, 7, 2022/12/23, 18:28:29.204, 2006887810824, vstest.console.dll, TestRequestSender.OnExecutionMessageReceived: Received message: {"Version":5,"MessageType":"TestSession.Message","Payload":{"MessageLevel":0,"Message":"[xUnit.net 00:00:00.56]       Stack Trace:"}}
TpTrace Verbose: 0 : 28548, 7, 2022/12/23, 18:28:29.204, 2006887811899, vstest.console.dll, TestRunRequest:SendTestRunMessage: Starting.
TpTrace Verbose: 0 : 28548, 7, 2022/12/23, 18:28:29.204, 2006887812350, vstest.console.dll, MulticastDelegateUtilities.SafeInvoke: TestRun.LogMessages: Invoking callback 1/1 for Microsoft.VisualStudio.TestPlatform.CommandLine.TestRunResultAggregator.TestRunMessageHandler, took 0 ms.
TpTrace Verbose: 0 : 28548, 4, 2022/12/23, 18:28:29.204, 2006887812472, vstest.console.dll, MulticastDelegateUtilities.SafeInvoke: InternalTestLoggerEvents.SendTestRunMessage: Invoking callback 1/1 for Microsoft.VisualStudio.TestPlatform.CommandLine.Internal.ConsoleLogger.TestMessageHandler, took 0 ms.
TpTrace Information: 0 : 28548, 7, 2022/12/23, 18:28:29.204, 2006887812569, vstest.console.dll, TestRunRequest:SendTestRunMessage: Completed.
TpTrace Verbose: 0 : 28548, 7, 2022/12/23, 18:28:29.204, 2006887813275, vstest.console.dll, MulticastDelegateUtilities.SafeInvoke: LengthPrefixCommunicationChannel: MessageReceived: Invoking callback 1/1 for Microsoft.VisualStudio.TestPlatform.CommunicationUtilities.TestRequestSender+<>c__DisplayClass30_0.<StartTestRun>b__1, took 0 ms.
TpTrace Verbose: 0 : 28548, 7, 2022/12/23, 18:28:29.204, 2006887813545, vstest.console.dll, TcpClientExtensions.MessageLoopAsync: Polling on remoteEndPoint: 127.0.0.1:63880 localEndPoint: 127.0.0.1:63879
TpTrace Verbose: 0 : 28548, 7, 2022/12/23, 18:28:29.205, 2006887821935, vstest.console.dll, TcpClientExtensions.MessageLoopAsync: NotifyDataAvailable remoteEndPoint: 127.0.0.1:63880 localEndPoint: 127.0.0.1:63879
TpTrace Verbose: 0 : 28548, 7, 2022/12/23, 18:28:29.205, 2006887822837, vstest.console.dll, TestRequestSender.OnExecutionMessageReceived: Received message: {"Version":5,"MessageType":"TestSession.Message","Payload":{"MessageLevel":0,"Message":"[xUnit.net 00:00:00.57]         F:\\Projetos ASP.NET\\Curso Testes\\TestesDeSoftware\\NerdStore.Vendas.Domain.Tests\\PedidoTests.cs(114,0): at NerdStore.Vendas.Domain.Tests.PedidoTests.AtualizarItemPedido_ItemValido_DeveAtualizarQuantidade()"}}
TpTrace Verbose: 0 : 28548, 7, 2022/12/23, 18:28:29.206, 2006887824215, vstest.console.dll, TestRunRequest:SendTestRunMessage: Starting.
TpTrace Verbose: 0 : 28548, 7, 2022/12/23, 18:28:29.206, 2006887824719, vstest.console.dll, MulticastDelegateUtilities.SafeInvoke: TestRun.LogMessages: Invoking callback 1/1 for Microsoft.VisualStudio.TestPlatform.CommandLine.TestRunResultAggregator.TestRunMessageHandler, took 0 ms.
TpTrace Verbose: 0 : 28548, 4, 2022/12/23, 18:28:29.206, 2006887824865, vstest.console.dll, MulticastDelegateUtilities.SafeInvoke: InternalTestLoggerEvents.SendTestRunMessage: Invoking callback 1/1 for Microsoft.VisualStudio.TestPlatform.CommandLine.Internal.ConsoleLogger.TestMessageHandler, took 0 ms.
TpTrace Information: 0 : 28548, 7, 2022/12/23, 18:28:29.206, 2006887824941, vstest.console.dll, TestRunRequest:SendTestRunMessage: Completed.
TpTrace Verbose: 0 : 28548, 7, 2022/12/23, 18:28:29.206, 2006887825675, vstest.console.dll, MulticastDelegateUtilities.SafeInvoke: LengthPrefixCommunicationChannel: MessageReceived: Invoking callback 1/1 for Microsoft.VisualStudio.TestPlatform.CommunicationUtilities.TestRequestSender+<>c__DisplayClass30_0.<StartTestRun>b__1, took 0 ms.
TpTrace Verbose: 0 : 28548, 7, 2022/12/23, 18:28:29.206, 2006887825918, vstest.console.dll, TcpClientExtensions.MessageLoopAsync: Polling on remoteEndPoint: 127.0.0.1:63880 localEndPoint: 127.0.0.1:63879
TpTrace Verbose: 0 : 28548, 7, 2022/12/23, 18:28:29.211, 2006887882062, vstest.console.dll, TcpClientExtensions.MessageLoopAsync: NotifyDataAvailable remoteEndPoint: 127.0.0.1:63880 localEndPoint: 127.0.0.1:63879
TpTrace Verbose: 0 : 28548, 7, 2022/12/23, 18:28:29.211, 2006887883122, vstest.console.dll, TestRequestSender.OnExecutionMessageReceived: Received message: {"Version":5,"MessageType":"TestSession.Message","Payload":{"MessageLevel":0,"Message":"[xUnit.net 00:00:00.57]   Finished:    NerdStore.Vendas.Domain.Tests"}}
TpTrace Verbose: 0 : 28548, 7, 2022/12/23, 18:28:29.212, 2006887884505, vstest.console.dll, TestRunRequest:SendTestRunMessage: Starting.
TpTrace Verbose: 0 : 28548, 7, 2022/12/23, 18:28:29.212, 2006887885038, vstest.console.dll, MulticastDelegateUtilities.SafeInvoke: TestRun.LogMessages: Invoking callback 1/1 for Microsoft.VisualStudio.TestPlatform.CommandLine.TestRunResultAggregator.TestRunMessageHandler, took 0 ms.
TpTrace Information: 0 : 28548, 7, 2022/12/23, 18:28:29.212, 2006887885264, vstest.console.dll, TestRunRequest:SendTestRunMessage: Completed.
TpTrace Verbose: 0 : 28548, 7, 2022/12/23, 18:28:29.212, 2006887885447, vstest.console.dll, MulticastDelegateUtilities.SafeInvoke: LengthPrefixCommunicationChannel: MessageReceived: Invoking callback 1/1 for Microsoft.VisualStudio.TestPlatform.CommunicationUtilities.TestRequestSender+<>c__DisplayClass30_0.<StartTestRun>b__1, took 0 ms.
TpTrace Verbose: 0 : 28548, 7, 2022/12/23, 18:28:29.212, 2006887885627, vstest.console.dll, TcpClientExtensions.MessageLoopAsync: Polling on remoteEndPoint: 127.0.0.1:63880 localEndPoint: 127.0.0.1:63879
TpTrace Verbose: 0 : 28548, 4, 2022/12/23, 18:28:29.212, 2006887887459, vstest.console.dll, MulticastDelegateUtilities.SafeInvoke: InternalTestLoggerEvents.SendTestRunMessage: Invoking callback 1/1 for Microsoft.VisualStudio.TestPlatform.CommandLine.Internal.ConsoleLogger.TestMessageHandler, took 0 ms.
TpTrace Verbose: 0 : 28548, 7, 2022/12/23, 18:28:29.240, 2006888171876, vstest.console.dll, TcpClientExtensions.MessageLoopAsync: NotifyDataAvailable remoteEndPoint: 127.0.0.1:63880 localEndPoint: 127.0.0.1:63879
TpTrace Verbose: 0 : 28548, 7, 2022/12/23, 18:28:29.241, 2006888173831, vstest.console.dll, TestRequestSender.OnExecutionMessageReceived: Received message: {"Version":5,"MessageType":"TestExecution.Completed","Payload":{"TestRunCompleteArgs":{"TestRunStatistics":{"ExecutedTests":7,"Stats":{"Passed":6,"Failed":1}},"IsCanceled":false,"IsAborted":false,"Error":null,"AttachmentSets":[],"ElapsedTimeInRunningTests":"00:00:00.5856822","Metrics":{}},"LastRunTests":{"NewTestResults":[{"TestCase":{"Id":"3941d43b-7a1b-e829-b991-bdcb58746627","FullyQualifiedName":"NerdStore.Vendas.Domain.Tests.PedidoItensTests.Add_ItemAbaixoDoPermitido_DeveRetornarExcpetion","DisplayName":"Novo Item Pedido com unidades abaixo do Permitido","ExecutorUri":"executor://xunit/VsTestRunner2/netcoreapp","Source":"F:\\Projetos ASP.NET\\Curso Testes\\TestesDeSoftware\\NerdStore.Vendas.Domain.Tests\\bin\\Release\\net6.0\\fine-code-coverage\\build-output\\NerdStore.Vendas.Domain.Tests.dll","CodeFilePath":null,"LineNumber":0,"Properties":[{"Key":{"Id":"TestObject.Traits","Label":"Traits","Category":"","Description":"","Attributes":5,"ValueType":"System.Collections.Generic.KeyValuePair`2[[System.String],[System.String]][]"},"Value":[{"Key":"Categoria","Value":"Vendas- Pedido Item"}]}]},"Attachments":[],"Outcome":1,"ErrorMessage":null,"ErrorStackTrace":null,"DisplayName":"Novo Item Pedido com unidades abaixo do Permitido","Messages":[],"ComputerName":"DESKTOP-I8JNLH9","Duration":"00:00:00.0026039","StartTime":"2022-12-23T21:28:29.1792862+00:00","EndTime":"2022-12-23T21:28:29.1793052+00:00","Properties":[]},{"TestCase":{"Id":"e47d5ef6-d6a6-8868-dc64-5db7446c638f","FullyQualifiedName":"NerdStore.Vendas.Domain.Tests.PedidoTests.AtualizarItemPedido_ItemNaoExistenteNaLista_DeveRetornarExcpetion","DisplayName":"Atualizar Item Pedido Existente","ExecutorUri":"executor://xunit/VsTestRunner2/netcoreapp","Source":"F:\\Projetos ASP.NET\\Curso Testes\\TestesDeSoftware\\NerdStore.Vendas.Domain.Tests\\bin\\Release\\net6.0\\fine-code-coverage\\build-output\\NerdStore.Vendas.Domain.Tests.dll","CodeFilePath":null,"LineNumber":0,"Properties":[{"Key":{"Id":"TestObject.Traits","Label":"Traits","Category":"","Description":"","Attributes":5,"ValueType":"System.Collections.Generic.KeyValuePair`2[[System.String],[System.String]][]"},"Value":[{"Key":"Categoria","Value":"Vendas - Pedidos"}]}]},"Attachments":[],"Outcome":1,"ErrorMessage":null,"ErrorStackTrace":null,"DisplayName":"Atualizar Item Pedido Existente","Messages":[],"ComputerName":"DESKTOP-I8JNLH9","Duration":"00:00:00.0026133","StartTime":"2022-12-23T21:28:29.1930579+00:00","EndTime":"2022-12-23T21:28:29.193058+00:00","Properties":[]},{"TestCase":{"Id":"ac989936-7bfb-6325-7c5a-05941f97fb84","FullyQualifiedName":"NerdStore.Vendas.Domain.Tests.PedidoTests.Add_ItemAcimaDe15Unidades_DeveRetornarExcpetion","DisplayName":"Add  Item Pedido Acima do Permitido","ExecutorUri":"executor://xunit/VsTestRunner2/netcoreapp","Source":"F:\\Projetos ASP.NET\\Curso Testes\\TestesDeSoftware\\NerdStore.Vendas.Domain.Tests\\bin\\Release\\net6.0\\fine-code-coverage\\build-output\\NerdStore.Vendas.Domain.Tests.dll","CodeFilePath":null,"LineNumber":0,"Properties":[{"Key":{"Id":"TestObject.Traits","Label":"Traits","Category":"","Description":"","Attributes":5,"ValueType":"System.Collections.Generic.KeyValuePair`2[[System.String],[System.String]][]"},"Value":[{"Key":"Categoria","Value":"Vendas - Pedidos"}]}]},"Attachments":[],"Outcome":1,"ErrorMessage":null,"ErrorStackTrace":null,"DisplayName":"Add  Item Pedido Acima do Permitido","Messages":[],"ComputerName":"DESKTOP-I8JNLH9","Duration":"00:00:00.0004618","StartTime":"2022-12-23T21:28:29.1955586+00:00","EndTime":"2022-12-23T21:28:29.1955588+00:00","Properties":[]},{"TestCase":{"Id":"3a03fd76-8b10-e41d-7e66-15a4730465f6","FullyQualifiedName":"NerdStore.Vendas.Domain.Tests.PedidoTests.Add_ItemExistente_DeveIncrementarUnidadesSomarValores","DisplayName":"Add  Item Novo Pedido Existente","ExecutorUri":"executor://xunit/VsTestRunner2/netcoreapp","Source":"F:\\Projetos ASP.NET\\Curso Testes\\TestesDeSoftware\\NerdStore.Vendas.Domain.Tests\\bin\\Release\\net6.0\\fine-code-coverage\\build-output\\NerdStore.Vendas.Domain.Tests.dll","CodeFilePath":null,"LineNumber":0,"Properties":[{"Key":{"Id":"TestObject.Traits","Label":"Traits","Category":"","Description":"","Attributes":5,"ValueType":"System.Collections.Generic.KeyValuePair`2[[System.String],[System.String]][]"},"Value":[{"Key":"Categoria","Value":"Vendas - Pedidos"}]}]},"Attachments":[],"Outcome":1,"ErrorMessage":null,"ErrorStackTrace":null,"DisplayName":"Add  Item Novo Pedido Existente","Messages":[],"ComputerName":"DESKTOP-I8JNLH9","Duration":"00:00:00.0051739","StartTime":"2022-12-23T21:28:29.1970836+00:00","EndTime":"2022-12-23T21:28:29.1970838+00:00","Properties":[]},{"TestCase":{"Id":"9db9b7ac-2dad-debe-c661-dca630d41f1a","FullyQualifiedName":"NerdStore.Vendas.Domain.Tests.PedidoTests.AtualizarItemPedido_ItemValido_DeveAtualizarQuantidade","DisplayName":"Atualizar Item Pedido Valido","ExecutorUri":"executor://xunit/VsTestRunner2/netcoreapp","Source":"F:\\Projetos ASP.NET\\Curso Testes\\TestesDeSoftware\\NerdStore.Vendas.Domain.Tests\\bin\\Release\\net6.0\\fine-code-coverage\\build-output\\NerdStore.Vendas.Domain.Tests.dll","CodeFilePath":null,"LineNumber":0,"Properties":[{"Key":{"Id":"TestObject.Traits","Label":"Traits","Category":"","Description":"","Attributes":5,"ValueType":"System.Collections.Generic.KeyValuePair`2[[System.String],[System.String]][]"},"Value":[{"Key":"Categoria","Value":"Vendas - Pedidos"}]}]},"Attachments":[],"Outcome":2,"ErrorMessage":"Assert.Equal() Failure\r\nExpected: 5\r\nActual:   2","ErrorStackTrace":"   at NerdStore.Vendas.Domain.Tests.PedidoTests.AtualizarItemPedido_ItemValido_DeveAtualizarQuantidade() in F:\\Projetos ASP.NET\\Curso Testes\\TestesDeSoftware\\NerdStore.Vendas.Domain.Tests\\PedidoTests.cs:line 114","DisplayName":"Atualizar Item Pedido Valido","Messages":[],"ComputerName":"DESKTOP-I8JNLH9","Duration":"00:00:00.0019515","StartTime":"2022-12-23T21:28:29.2064218+00:00","EndTime":"2022-12-23T21:28:29.2064221+00:00","Properties":[]},{"TestCase":{"Id":"c3ba568c-9715-b715-72fe-850b0b4f1965","FullyQualifiedName":"NerdStore.Vendas.Domain.Tests.PedidoTests.AddItemPedido_ItemExixtenteSomaUnidadesAcimaDoPermitido_DeveRetornarExcpetion","DisplayName":"Add  Somar item existente acima do permitido","ExecutorUri":"executor://xunit/VsTestRunner2/netcoreapp","Source":"F:\\Projetos ASP.NET\\Curso Testes\\TestesDeSoftware\\NerdStore.Vendas.Domain.Tests\\bin\\Release\\net6.0\\fine-code-coverage\\build-output\\NerdStore.Vendas.Domain.Tests.dll","CodeFilePath":null,"LineNumber":0,"Properties":[{"Key":{"Id":"TestObject.Traits","Label":"Traits","Category":"","Description":"","Attributes":5,"ValueType":"System.Collections.Generic.KeyValuePair`2[[System.String],[System.String]][]"},"Value":[{"Key":"Categoria","Value":"Vendas - Pedidos"}]}]},"Attachments":[],"Outcome":1,"ErrorMessage":null,"ErrorStackTrace":null,"DisplayName":"Add  Somar item existente acima do permitido","Messages":[],"ComputerName":"DESKTOP-I8JNLH9","Duration":"00:00:00.0002487","StartTime":"2022-12-23T21:28:29.2085258+00:00","EndTime":"2022-12-23T21:28:29.208526+00:00","Properties":[]},{"TestCase":{"Id":"b98fa450-b898-6782-8c22-fb3e53724a67","FullyQualifiedName":"NerdStore.Vendas.Domain.Tests.PedidoTests.Add_Item_Pedido_Novo_Pedido_Vazio_Deve_Atualizar_Valor","DisplayName":"Add  Item Novo Pedido","ExecutorUri":"executor://xunit/VsTestRunner2/netcoreapp","Source":"F:\\Projetos ASP.NET\\Curso Testes\\TestesDeSoftware\\NerdStore.Vendas.Domain.Tests\\bin\\Release\\net6.0\\fine-code-coverage\\build-output\\NerdStore.Vendas.Domain.Tests.dll","CodeFilePath":null,"LineNumber":0,"Properties":[{"Key":{"Id":"TestObject.Traits","Label":"Traits","Category":"","Description":"","Attributes":5,"ValueType":"System.Collections.Generic.KeyValuePair`2[[System.String],[System.String]][]"},"Value":[{"Key":"Categoria","Value":"Vendas - Pedidos"}]}]},"Attachments":[],"Outcome":1,"ErrorMessage":null,"ErrorStackTrace":null,"DisplayName":"Add  Item Novo Pedido","Messages":[],"ComputerName":"DESKTOP-I8JNLH9","Duration":"00:00:00.0001055","StartTime":"2022-12-23T21:28:29.2101669+00:00","EndTime":"2022-12-23T21:28:29.2101671+00:00","Properties":[]}],"TestRunStatistics":{"ExecutedTests":7,"Stats":{"Passed":6,"Failed":1}},"ActiveTests":[]},"RunAttachments":[],"ExecutorUris":["executor://xunit/VsTestRunner2/netcoreapp"]}}
TpTrace Verbose: 0 : 28548, 7, 2022/12/23, 18:28:29.242, 2006888186764, vstest.console.dll, TestRequestSender.EndSession: Sending end session.
TpTrace Verbose: 0 : 28548, 7, 2022/12/23, 18:28:29.242, 2006888188193, vstest.console.dll, ProxyOperationManager.Close: waiting for test host to exit for 100 ms
TpTrace Warning: 0 : 28548, 12, 2022/12/23, 18:28:29.262, 2006888385842, vstest.console.dll, TestHostManagerCallbacks.ErrorReceivedCallback Test host standard error line: 
TpTrace Verbose: 0 : 28548, 12, 2022/12/23, 18:28:29.270, 2006888464267, vstest.console.dll, TestHostProvider.ExitCallBack: Host exited starting callback.
TpTrace Information: 0 : 28548, 12, 2022/12/23, 18:28:29.270, 2006888465558, vstest.console.dll, TestHostManagerCallbacks.ExitCallBack: Testhost processId: 6616 exited with exitcode: 0 error: ''
TpTrace Verbose: 0 : 28548, 12, 2022/12/23, 18:28:29.270, 2006888465955, vstest.console.dll, DotnetTestHostManager.OnHostExited: invoking OnHostExited callback
TpTrace Verbose: 0 : 28548, 12, 2022/12/23, 18:28:29.270, 2006888466341, vstest.console.dll, CrossPlatEngine.TestHostManagerHostExited: calling on client process exit callback.
TpTrace Information: 0 : 28548, 12, 2022/12/23, 18:28:29.270, 2006888466712, vstest.console.dll, TestRequestSender.OnClientProcessExit: Test host process exited. Standard error: 
TpTrace Information: 0 : 28548, 12, 2022/12/23, 18:28:29.270, 2006888466991, vstest.console.dll, SocketServer.Stop: Stop server endPoint: 127.0.0.1:63879
TpTrace Information: 0 : 28548, 7, 2022/12/23, 18:28:29.270, 2006888467027, vstest.console.dll, SocketServer.Stop: Stop server endPoint: 127.0.0.1:63879
TpTrace Information: 0 : 28548, 12, 2022/12/23, 18:28:29.270, 2006888467164, vstest.console.dll, SocketServer.Stop: Cancellation requested. Stopping message loop.
TpTrace Information: 0 : 28548, 7, 2022/12/23, 18:28:29.270, 2006888467550, vstest.console.dll, SocketServer.Stop: Cancellation requested. Stopping message loop.
TpTrace Information: 0 : 28548, 7, 2022/12/23, 18:28:29.270, 2006888468242, vstest.console.dll, Closing the connection
TpTrace Verbose: 0 : 28548, 12, 2022/12/23, 18:28:29.270, 2006888468734, vstest.console.dll, MulticastDelegateUtilities.SafeInvoke: HostProviderEvents.OnHostExited: Invoking callback 1/1 for Microsoft.VisualStudio.TestPlatform.CrossPlatEngine.Client.ProxyOperationManager.TestHostManagerHostExited, took 0 ms.
TpTrace Verbose: 0 : 28548, 7, 2022/12/23, 18:28:29.270, 2006888472776, vstest.console.dll, ProxyDataCollectionManager.InvokeDataCollectionServiceAction: Starting.
TpTrace Information: 0 : 28548, 7, 2022/12/23, 18:28:29.270, 2006888473279, vstest.console.dll, ProxyDataCollectionManager.AfterTestRunEnd: Get attachment set and invoked data collectors processId: 8720 port: 63876
TpTrace Verbose: 0 : 28548, 7, 2022/12/23, 18:28:29.271, 2006888473678, vstest.console.dll, DataCollectionRequestSender.SendAfterTestRunStartAndGetResult: Send AfterTestRunEnd message with isCancelled: False
TpTrace Verbose: 0 : 28548, 7, 2022/12/23, 18:28:29.277, 2006888535747, vstest.console.dll, DataCollectionRequestSender.SendAfterTestRunStartAndGetResult: Received message: (DataCollection.AfterTestRunEndResult) -> {
  "AttachmentSets": [],
  "InvokedDataCollectors": [
    {
      "Uri": "datacollector://Microsoft/TestPlatform/Extensions/Blame/v1",
      "FriendlyName": "Blame",
      "AssemblyQualifiedName": "Microsoft.TestPlatform.Extensions.BlameDataCollector.BlameCollector, Microsoft.TestPlatform.Extensions.BlameDataCollector, Version=15.0.0.0, Culture=neutral, PublicKeyToken=b03f5f7f11d50a3a",
      "FilePath": "C:\\Program Files\\dotnet\\sdk\\7.0.100-preview.3.22179.4\\Extensions\\Microsoft.TestPlatform.Extensions.BlameDataCollector.dll",
      "HasAttachmentProcessor": false
    }
  ],
  "Metrics": {}
}
TpTrace Warning: 0 : 28548, 10, 2022/12/23, 18:28:29.281, 2006888576108, vstest.console.dll, DataCollectionLauncher.ErrorReceivedCallback datacollector standard error line: 
TpTrace Information: 0 : 28548, 7, 2022/12/23, 18:28:29.284, 2006888610172, vstest.console.dll, ProxyDataCollectionManager.InvokeDataCollectionServiceAction: Completed.
TpTrace Information: 0 : 28548, 10, 2022/12/23, 18:28:29.286, 2006888630690, vstest.console.dll, DataCollectionLauncher.ExitCallBack: Data collector exited with exitcode: 0 error: ''
TpTrace Verbose: 0 : 28548, 7, 2022/12/23, 18:28:29.361, 2006889378443, vstest.console.dll, TestRunRequest:SendTestRunStatsChange: Starting.
TpTrace Verbose: 0 : 28548, 7, 2022/12/23, 18:28:29.361, 2006889380684, vstest.console.dll, MulticastDelegateUtilities.SafeInvoke: TestRun.RunStatsChanged: Invoking callbacks was skipped because there are no subscribers.
TpTrace Information: 0 : 28548, 7, 2022/12/23, 18:28:29.361, 2006889381021, vstest.console.dll, TestRunRequest:SendTestRunStatsChange: Completed.
TpTrace Verbose: 0 : 28548, 7, 2022/12/23, 18:28:29.361, 2006889382261, vstest.console.dll, ParallelProxyExecutionManager: HandlePartialRunComplete: Total completed clients = 1, Run complete = True, Run canceled: False.
TpTrace Verbose: 0 : 28548, 4, 2022/12/23, 18:28:29.363, 2006889400176, vstest.console.dll, MulticastDelegateUtilities.SafeInvoke: InternalTestLoggerEvents.SendTestResult: Invoking callback 1/1 for Microsoft.VisualStudio.TestPlatform.CommandLine.Internal.ConsoleLogger.TestResultHandler, took 1 ms.
TpTrace Verbose: 0 : 28548, 4, 2022/12/23, 18:28:29.363, 2006889401459, vstest.console.dll, MulticastDelegateUtilities.SafeInvoke: InternalTestLoggerEvents.SendTestResult: Invoking callback 1/1 for Microsoft.VisualStudio.TestPlatform.CommandLine.Internal.ConsoleLogger.TestResultHandler, took 0 ms.
TpTrace Verbose: 0 : 28548, 4, 2022/12/23, 18:28:29.363, 2006889401927, vstest.console.dll, MulticastDelegateUtilities.SafeInvoke: InternalTestLoggerEvents.SendTestResult: Invoking callback 1/1 for Microsoft.VisualStudio.TestPlatform.CommandLine.Internal.ConsoleLogger.TestResultHandler, took 0 ms.
TpTrace Verbose: 0 : 28548, 4, 2022/12/23, 18:28:29.363, 2006889402253, vstest.console.dll, MulticastDelegateUtilities.SafeInvoke: InternalTestLoggerEvents.SendTestResult: Invoking callback 1/1 for Microsoft.VisualStudio.TestPlatform.CommandLine.Internal.ConsoleLogger.TestResultHandler, took 0 ms.
TpTrace Verbose: 0 : 28548, 4, 2022/12/23, 18:28:29.364, 2006889405495, vstest.console.dll, MulticastDelegateUtilities.SafeInvoke: InternalTestLoggerEvents.SendTestResult: Invoking callback 1/1 for Microsoft.VisualStudio.TestPlatform.CommandLine.Internal.ConsoleLogger.TestResultHandler, took 0 ms.
TpTrace Verbose: 0 : 28548, 4, 2022/12/23, 18:28:29.364, 2006889406107, vstest.console.dll, MulticastDelegateUtilities.SafeInvoke: InternalTestLoggerEvents.SendTestResult: Invoking callback 1/1 for Microsoft.VisualStudio.TestPlatform.CommandLine.Internal.ConsoleLogger.TestResultHandler, took 0 ms.
TpTrace Verbose: 0 : 28548, 4, 2022/12/23, 18:28:29.364, 2006889406443, vstest.console.dll, MulticastDelegateUtilities.SafeInvoke: InternalTestLoggerEvents.SendTestResult: Invoking callback 1/1 for Microsoft.VisualStudio.TestPlatform.CommandLine.Internal.ConsoleLogger.TestResultHandler, took 0 ms.
TpTrace Verbose: 0 : 28548, 4, 2022/12/23, 18:28:29.370, 2006889472471, vstest.console.dll, MulticastDelegateUtilities.SafeInvoke: InternalTestLoggerEvents.SendTestRunComplete: Invoking callback 1/2 for Microsoft.TestPlatform.Extensions.BlameDataCollector.BlameLogger.TestRunCompleteHandler, took 0 ms.
TpTrace Verbose: 0 : 28548, 4, 2022/12/23, 18:28:29.375, 2006889516346, vstest.console.dll, MulticastDelegateUtilities.SafeInvoke: InternalTestLoggerEvents.SendTestRunComplete: Invoking callback 2/2 for Microsoft.VisualStudio.TestPlatform.CommandLine.Internal.ConsoleLogger.TestRunCompleteHandler, took 4 ms.
TpTrace Verbose: 0 : 28548, 7, 2022/12/23, 18:28:29.375, 2006889518377, vstest.console.dll, TestRunRequest:TestRunComplete: Starting. IsAborted:False IsCanceled:False.
TpTrace Verbose: 0 : 28548, 7, 2022/12/23, 18:28:29.375, 2006889519482, vstest.console.dll, TestLoggerManager.HandleTestRunComplete: Ignoring as the object is disposed.
TpTrace Verbose: 0 : 28548, 7, 2022/12/23, 18:28:29.375, 2006889520952, vstest.console.dll, MulticastDelegateUtilities.SafeInvoke: TestRun.TestRunComplete: Invoking callback 1/2 for Microsoft.VisualStudio.TestPlatform.CommandLine.TestRunResultAggregator.TestRunCompletionHandler, took 0 ms.
TpTrace Verbose: 0 : 28548, 7, 2022/12/23, 18:28:29.375, 2006889521997, vstest.console.dll, MulticastDelegateUtilities.SafeInvoke: TestRun.TestRunComplete: Invoking callback 2/2 for Microsoft.VisualStudio.TestPlatform.CommandLine.Processors.RunTestsArgumentExecutor+TestRunRequestEventsRegistrar.TestRunRequest_OnRunCompletion, took 0 ms.
TpTrace Information: 0 : 28548, 7, 2022/12/23, 18:28:29.375, 2006889522644, vstest.console.dll, TestRunRequest:TestRunComplete: Completed.
TpTrace Verbose: 0 : 28548, 1, 2022/12/23, 18:28:29.375, 2006889522809, vstest.console.dll, TestRunRequest.Dispose: Starting.
TpTrace Verbose: 0 : 28548, 7, 2022/12/23, 18:28:29.375, 2006889522923, vstest.console.dll, TestRequestSender.SetOperationComplete: Setting operation complete.
TpTrace Information: 0 : 28548, 1, 2022/12/23, 18:28:29.375, 2006889523302, vstest.console.dll, TestRunRequest.Dispose: Completed.
TpTrace Information: 0 : 28548, 1, 2022/12/23, 18:28:29.376, 2006889523681, vstest.console.dll, TestRequestManager.RunTests: run tests completed.
TpTrace Information: 0 : 28548, 7, 2022/12/23, 18:28:29.376, 2006889523703, vstest.console.dll, SocketServer.Stop: Stop server endPoint: 127.0.0.1:63879
TpTrace Information: 0 : 28548, 7, 2022/12/23, 18:28:29.376, 2006889524133, vstest.console.dll, SocketServer.Stop: Cancellation requested. Stopping message loop.
TpTrace Information: 0 : 28548, 1, 2022/12/23, 18:28:29.376, 2006889524212, vstest.console.dll, RunTestsArgumentProcessor:Execute: Test run is completed.
TpTrace Verbose: 0 : 28548, 7, 2022/12/23, 18:28:29.376, 2006889524369, vstest.console.dll, MulticastDelegateUtilities.SafeInvoke: LengthPrefixCommunicationChannel: MessageReceived: Invoking callback 1/1 for Microsoft.VisualStudio.TestPlatform.CommunicationUtilities.TestRequestSender+<>c__DisplayClass30_0.<StartTestRun>b__1, took 135 ms.
TpTrace Information: 0 : 28548, 7, 2022/12/23, 18:28:29.376, 2006889524844, vstest.console.dll, SocketServer.PrivateStop: Stopping server endPoint: 127.0.0.1:63879 error: 
TpTrace Verbose: 0 : 28548, 1, 2022/12/23, 18:28:29.376, 2006889525599, vstest.console.dll, Executor.Execute: Exiting with exit code of 1
TpTrace Verbose: 0 : 28548, 7, 2022/12/23, 18:28:29.376, 2006889527528, vstest.console.dll, LengthPrefixCommunicationChannel.Dispose: Dispose reader and writer.
TpTrace Information: 0 : 28548, 7, 2022/12/23, 18:28:29.376, 2006889528021, vstest.console.dll, SocketServer.Stop: Raise disconnected event endPoint: 127.0.0.1:63879 error: 
TpTrace Verbose: 0 : 28548, 7, 2022/12/23, 18:28:29.376, 2006889528438, vstest.console.dll, TestRequestSender: OnTestRunAbort: Operation is already complete. Skip error message.
